[2024-12-06T03:35:09.372+0000] {local_task_job_runner.py:123} INFO - ::group::Pre task execution logs
[2024-12-06T03:35:09.394+0000] {taskinstance.py:2613} INFO - Dependencies all met for dep_context=non-requeueable deps ti=<TaskInstance: firestore_to_s3_to_rds.stage_user_profile manual__2024-12-06T03:34:51.558062+00:00 [queued]>
[2024-12-06T03:35:09.405+0000] {taskinstance.py:2613} INFO - Dependencies all met for dep_context=requeueable deps ti=<TaskInstance: firestore_to_s3_to_rds.stage_user_profile manual__2024-12-06T03:34:51.558062+00:00 [queued]>
[2024-12-06T03:35:09.406+0000] {taskinstance.py:2866} INFO - Starting attempt 1 of 1
[2024-12-06T03:35:09.419+0000] {taskinstance.py:2889} INFO - Executing <Task(SQLExecuteQueryOperator): stage_user_profile> on 2024-12-06 03:34:51.558062+00:00
[2024-12-06T03:35:09.425+0000] {warnings.py:112} WARNING - /home/***/.local/lib/python3.12/site-packages/***/task/task_runner/standard_task_runner.py:70: DeprecationWarning: This process (pid=5123) is multi-threaded, use of fork() may lead to deadlocks in the child.
  pid = os.fork()

[2024-12-06T03:35:09.427+0000] {standard_task_runner.py:72} INFO - Started process 5125 to run task
[2024-12-06T03:35:09.427+0000] {standard_task_runner.py:104} INFO - Running: ['***', 'tasks', 'run', 'firestore_to_s3_to_rds', 'stage_user_profile', 'manual__2024-12-06T03:34:51.558062+00:00', '--job-id', '257', '--raw', '--subdir', 'DAGS_FOLDER/firebase_to_s3_to_rds.py', '--cfg-path', '/tmp/tmp8d402md3']
[2024-12-06T03:35:09.428+0000] {standard_task_runner.py:105} INFO - Job 257: Subtask stage_user_profile
[2024-12-06T03:35:09.472+0000] {task_command.py:467} INFO - Running <TaskInstance: firestore_to_s3_to_rds.stage_user_profile manual__2024-12-06T03:34:51.558062+00:00 [running]> on host 4b3a7f9b2751
[2024-12-06T03:35:09.745+0000] {taskinstance.py:3132} INFO - Exporting env vars: AIRFLOW_CTX_DAG_OWNER='***' AIRFLOW_CTX_DAG_ID='firestore_to_s3_to_rds' AIRFLOW_CTX_TASK_ID='stage_user_profile' AIRFLOW_CTX_EXECUTION_DATE='2024-12-06T03:34:51.558062+00:00' AIRFLOW_CTX_TRY_NUMBER='1' AIRFLOW_CTX_DAG_RUN_ID='manual__2024-12-06T03:34:51.558062+00:00'
[2024-12-06T03:35:09.746+0000] {logging_mixin.py:190} INFO - Task instance is in running state
[2024-12-06T03:35:09.747+0000] {logging_mixin.py:190} INFO -  Previous state of the Task instance: queued
[2024-12-06T03:35:09.747+0000] {logging_mixin.py:190} INFO - Current task name:stage_user_profile state:running start_date:2024-12-06 03:35:09.395632+00:00
[2024-12-06T03:35:09.747+0000] {logging_mixin.py:190} INFO - Dag name:firestore_to_s3_to_rds and current dag run status:running
[2024-12-06T03:35:09.748+0000] {taskinstance.py:731} INFO - ::endgroup::
[2024-12-06T03:35:09.748+0000] {sql.py:278} INFO - Executing: INSERT INTO stage.user_profile (companyName, createdTs, companyIndustry, modifiedTs, uid, firstName, lastName) VALUES ("HowAgile", "2024-11-27T03:32:35.673Z", "Software", "SXlsF8PaDXRrqhbYR0FHYwABoJz2", "Andrew", "Pierson", "2024-11-27T03:32:13.699Z"); INSERT INTO stage.user_profile (companyName, createdTs, companyIndustry, modifiedTs, uid, firstName, lastName) VALUES ("test", "2024-11-27T03:32:52.345Z", "test", "123", "test", "test", "2024-11-27T03:33:04.180Z");
[2024-12-06T03:35:09.757+0000] {base.py:84} INFO - Retrieving connection 'mysql_conn'
[2024-12-06T03:35:09.764+0000] {base.py:84} INFO - Retrieving connection 'mysql_conn'
[2024-12-06T03:35:10.102+0000] {sql.py:544} INFO - Running statement: INSERT INTO stage.user_profile (companyName, createdTs, companyIndustry, modifiedTs, uid, firstName, lastName) VALUES ("HowAgile", "2024-11-27T03:32:35.673Z", "Software", "SXlsF8PaDXRrqhbYR0FHYwABoJz2", "Andrew", "Pierson", "2024-11-27T03:32:13.699Z"); INSERT INTO stage.user_profile (companyName, createdTs, companyIndustry, modifiedTs, uid, firstName, lastName) VALUES ("test", "2024-11-27T03:32:52.345Z", "test", "123", "test", "test", "2024-11-27T03:33:04.180Z");, parameters: None
[2024-12-06T03:35:10.145+0000] {sql.py:553} INFO - Rows affected: 1
[2024-12-06T03:35:10.201+0000] {taskinstance.py:340} INFO - ::group::Post task execution logs
[2024-12-06T03:35:10.203+0000] {taskinstance.py:352} INFO - Marking task as SUCCESS. dag_id=firestore_to_s3_to_rds, task_id=stage_user_profile, run_id=manual__2024-12-06T03:34:51.558062+00:00, execution_date=20241206T033451, start_date=20241206T033509, end_date=20241206T033510
[2024-12-06T03:35:10.216+0000] {logging_mixin.py:190} INFO - Task instance in success state
[2024-12-06T03:35:10.216+0000] {logging_mixin.py:190} INFO -  Previous state of the Task instance: running
[2024-12-06T03:35:10.216+0000] {logging_mixin.py:190} INFO - Dag name:firestore_to_s3_to_rds queued_at:2024-12-06 03:34:51.571958+00:00
[2024-12-06T03:35:10.217+0000] {logging_mixin.py:190} INFO - Task hostname:4b3a7f9b2751 operator:SQLExecuteQueryOperator
[2024-12-06T03:35:10.243+0000] {local_task_job_runner.py:266} INFO - Task exited with return code 0
[2024-12-06T03:35:10.261+0000] {taskinstance.py:3895} INFO - 0 downstream tasks scheduled from follow-on schedule check
[2024-12-06T03:35:10.264+0000] {local_task_job_runner.py:245} INFO - ::endgroup::
