[2024-12-06T02:57:20.115+0000] {local_task_job_runner.py:123} INFO - ::group::Pre task execution logs
[2024-12-06T02:57:20.140+0000] {taskinstance.py:2613} INFO - Dependencies all met for dep_context=non-requeueable deps ti=<TaskInstance: firestore_to_s3_to_rds.truncate_mysql manual__2024-12-06T02:56:58.829691+00:00 [queued]>
[2024-12-06T02:57:20.149+0000] {taskinstance.py:2613} INFO - Dependencies all met for dep_context=requeueable deps ti=<TaskInstance: firestore_to_s3_to_rds.truncate_mysql manual__2024-12-06T02:56:58.829691+00:00 [queued]>
[2024-12-06T02:57:20.152+0000] {taskinstance.py:2866} INFO - Starting attempt 1 of 1
[2024-12-06T02:57:20.185+0000] {taskinstance.py:2889} INFO - Executing <Task(SQLExecuteQueryOperator): truncate_mysql> on 2024-12-06 02:56:58.829691+00:00
[2024-12-06T02:57:20.191+0000] {warnings.py:112} WARNING - /home/***/.local/lib/python3.12/site-packages/***/task/task_runner/standard_task_runner.py:70: DeprecationWarning: This process (pid=4532) is multi-threaded, use of fork() may lead to deadlocks in the child.
  pid = os.fork()

[2024-12-06T02:57:20.192+0000] {standard_task_runner.py:72} INFO - Started process 4535 to run task
[2024-12-06T02:57:20.193+0000] {standard_task_runner.py:104} INFO - Running: ['***', 'tasks', 'run', 'firestore_to_s3_to_rds', 'truncate_mysql', 'manual__2024-12-06T02:56:58.829691+00:00', '--job-id', '233', '--raw', '--subdir', 'DAGS_FOLDER/firebase_to_s3_to_rds.py', '--cfg-path', '/tmp/tmpz45v3stq']
[2024-12-06T02:57:20.194+0000] {standard_task_runner.py:105} INFO - Job 233: Subtask truncate_mysql
[2024-12-06T02:57:20.319+0000] {task_command.py:467} INFO - Running <TaskInstance: firestore_to_s3_to_rds.truncate_mysql manual__2024-12-06T02:56:58.829691+00:00 [running]> on host 4b3a7f9b2751
[2024-12-06T02:57:20.883+0000] {taskinstance.py:3132} INFO - Exporting env vars: AIRFLOW_CTX_DAG_OWNER='***' AIRFLOW_CTX_DAG_ID='firestore_to_s3_to_rds' AIRFLOW_CTX_TASK_ID='truncate_mysql' AIRFLOW_CTX_EXECUTION_DATE='2024-12-06T02:56:58.829691+00:00' AIRFLOW_CTX_TRY_NUMBER='1' AIRFLOW_CTX_DAG_RUN_ID='manual__2024-12-06T02:56:58.829691+00:00'
[2024-12-06T02:57:20.884+0000] {logging_mixin.py:190} INFO - Task instance is in running state
[2024-12-06T02:57:20.885+0000] {logging_mixin.py:190} INFO -  Previous state of the Task instance: queued
[2024-12-06T02:57:20.885+0000] {logging_mixin.py:190} INFO - Current task name:truncate_mysql state:running start_date:2024-12-06 02:57:20.141342+00:00
[2024-12-06T02:57:20.886+0000] {logging_mixin.py:190} INFO - Dag name:firestore_to_s3_to_rds and current dag run status:running
[2024-12-06T02:57:20.887+0000] {taskinstance.py:731} INFO - ::endgroup::
[2024-12-06T02:57:20.887+0000] {sql.py:278} INFO - Executing: TRUNCATE TABLE stage.user_profile;
[2024-12-06T02:57:20.896+0000] {base.py:84} INFO - Retrieving connection 'mysql_conn'
[2024-12-06T02:57:21.068+0000] {base.py:84} INFO - Retrieving connection 'mysql_conn'
[2024-12-06T02:57:24.379+0000] {sql.py:544} INFO - Running statement: TRUNCATE TABLE stage.user_profile;, parameters: None
[2024-12-06T02:57:24.565+0000] {sql.py:553} INFO - Rows affected: 0
[2024-12-06T02:57:24.625+0000] {taskinstance.py:340} INFO - ::group::Post task execution logs
[2024-12-06T02:57:24.626+0000] {taskinstance.py:352} INFO - Marking task as SUCCESS. dag_id=firestore_to_s3_to_rds, task_id=truncate_mysql, run_id=manual__2024-12-06T02:56:58.829691+00:00, execution_date=20241206T025658, start_date=20241206T025720, end_date=20241206T025724
[2024-12-06T02:57:24.641+0000] {logging_mixin.py:190} INFO - Task instance in success state
[2024-12-06T02:57:24.642+0000] {logging_mixin.py:190} INFO -  Previous state of the Task instance: running
[2024-12-06T02:57:24.642+0000] {logging_mixin.py:190} INFO - Dag name:firestore_to_s3_to_rds queued_at:2024-12-06 02:56:58.883311+00:00
[2024-12-06T02:57:24.643+0000] {logging_mixin.py:190} INFO - Task hostname:4b3a7f9b2751 operator:SQLExecuteQueryOperator
[2024-12-06T02:57:24.667+0000] {local_task_job_runner.py:266} INFO - Task exited with return code 0
[2024-12-06T02:57:24.708+0000] {taskinstance.py:3895} INFO - 1 downstream tasks scheduled from follow-on schedule check
[2024-12-06T02:57:24.712+0000] {local_task_job_runner.py:245} INFO - ::endgroup::
