[2024-11-27T02:49:19.268+0000] {local_task_job_runner.py:123} INFO - ::group::Pre task execution logs
[2024-11-27T02:49:19.285+0000] {taskinstance.py:2613} INFO - Dependencies all met for dep_context=non-requeueable deps ti=<TaskInstance: google_sheet_to_s3_to_rds.read_s3_file_into_string manual__2024-11-27T02:49:07.977151+00:00 [queued]>
[2024-11-27T02:49:19.293+0000] {taskinstance.py:2613} INFO - Dependencies all met for dep_context=requeueable deps ti=<TaskInstance: google_sheet_to_s3_to_rds.read_s3_file_into_string manual__2024-11-27T02:49:07.977151+00:00 [queued]>
[2024-11-27T02:49:19.294+0000] {taskinstance.py:2866} INFO - Starting attempt 1 of 1
[2024-11-27T02:49:19.309+0000] {taskinstance.py:2889} INFO - Executing <Task(PythonOperator): read_s3_file_into_string> on 2024-11-27 02:49:07.977151+00:00
[2024-11-27T02:49:19.317+0000] {warnings.py:112} WARNING - /home/***/.local/lib/python3.12/site-packages/***/task/task_runner/standard_task_runner.py:70: DeprecationWarning: This process (pid=6298) is multi-threaded, use of fork() may lead to deadlocks in the child.
  pid = os.fork()

[2024-11-27T02:49:19.318+0000] {standard_task_runner.py:72} INFO - Started process 6300 to run task
[2024-11-27T02:49:19.319+0000] {standard_task_runner.py:104} INFO - Running: ['***', 'tasks', 'run', 'google_sheet_to_s3_to_rds', 'read_s3_file_into_string', 'manual__2024-11-27T02:49:07.977151+00:00', '--job-id', '186', '--raw', '--subdir', 'DAGS_FOLDER/google_sheet_to_s3_to_rds.py', '--cfg-path', '/tmp/tmpmx_9qvy7']
[2024-11-27T02:49:19.320+0000] {standard_task_runner.py:105} INFO - Job 186: Subtask read_s3_file_into_string
[2024-11-27T02:49:19.367+0000] {task_command.py:467} INFO - Running <TaskInstance: google_sheet_to_s3_to_rds.read_s3_file_into_string manual__2024-11-27T02:49:07.977151+00:00 [running]> on host 4b3a7f9b2751
[2024-11-27T02:49:19.662+0000] {taskinstance.py:3132} INFO - Exporting env vars: AIRFLOW_CTX_DAG_OWNER='***' AIRFLOW_CTX_DAG_ID='google_sheet_to_s3_to_rds' AIRFLOW_CTX_TASK_ID='read_s3_file_into_string' AIRFLOW_CTX_EXECUTION_DATE='2024-11-27T02:49:07.977151+00:00' AIRFLOW_CTX_TRY_NUMBER='1' AIRFLOW_CTX_DAG_RUN_ID='manual__2024-11-27T02:49:07.977151+00:00'
[2024-11-27T02:49:19.664+0000] {logging_mixin.py:190} INFO - Task instance is in running state
[2024-11-27T02:49:19.665+0000] {logging_mixin.py:190} INFO -  Previous state of the Task instance: queued
[2024-11-27T02:49:19.665+0000] {logging_mixin.py:190} INFO - Current task name:read_s3_file_into_string state:running start_date:2024-11-27 02:49:19.285903+00:00
[2024-11-27T02:49:19.666+0000] {logging_mixin.py:190} INFO - Dag name:google_sheet_to_s3_to_rds and current dag run status:running
[2024-11-27T02:49:19.667+0000] {taskinstance.py:731} INFO - ::endgroup::
[2024-11-27T02:49:19.680+0000] {base.py:84} INFO - Retrieving connection 's3_conn'
[2024-11-27T02:49:20.118+0000] {python.py:240} INFO - Done. Returned value was: None
[2024-11-27T02:49:20.129+0000] {taskinstance.py:340} INFO - ::group::Post task execution logs
[2024-11-27T02:49:20.129+0000] {taskinstance.py:352} INFO - Marking task as SUCCESS. dag_id=google_sheet_to_s3_to_rds, task_id=read_s3_file_into_string, run_id=manual__2024-11-27T02:49:07.977151+00:00, execution_date=20241127T024907, start_date=20241127T024919, end_date=20241127T024920
[2024-11-27T02:49:20.139+0000] {logging_mixin.py:190} INFO - Task instance in success state
[2024-11-27T02:49:20.139+0000] {logging_mixin.py:190} INFO -  Previous state of the Task instance: running
[2024-11-27T02:49:20.140+0000] {logging_mixin.py:190} INFO - Dag name:google_sheet_to_s3_to_rds queued_at:2024-11-27 02:49:07.988921+00:00
[2024-11-27T02:49:20.140+0000] {logging_mixin.py:190} INFO - Task hostname:4b3a7f9b2751 operator:PythonOperator
[2024-11-27T02:49:20.177+0000] {local_task_job_runner.py:266} INFO - Task exited with return code 0
[2024-11-27T02:49:20.199+0000] {taskinstance.py:3895} INFO - 1 downstream tasks scheduled from follow-on schedule check
[2024-11-27T02:49:20.201+0000] {local_task_job_runner.py:245} INFO - ::endgroup::
