[2024-11-26T20:28:06.172+0000] {local_task_job_runner.py:123} INFO - ::group::Pre task execution logs
[2024-11-26T20:28:06.192+0000] {taskinstance.py:2613} INFO - Dependencies all met for dep_context=non-requeueable deps ti=<TaskInstance: google_sheet_to_s3_to_rds.upload_to_s3 manual__2024-11-26T20:28:00.947809+00:00 [queued]>
[2024-11-26T20:28:06.199+0000] {taskinstance.py:2613} INFO - Dependencies all met for dep_context=requeueable deps ti=<TaskInstance: google_sheet_to_s3_to_rds.upload_to_s3 manual__2024-11-26T20:28:00.947809+00:00 [queued]>
[2024-11-26T20:28:06.200+0000] {taskinstance.py:2866} INFO - Starting attempt 1 of 1
[2024-11-26T20:28:06.219+0000] {taskinstance.py:2889} INFO - Executing <Task(S3CreateObjectOperator): upload_to_s3> on 2024-11-26 20:28:00.947809+00:00
[2024-11-26T20:28:06.226+0000] {warnings.py:112} WARNING - /home/***/.local/lib/python3.12/site-packages/***/task/task_runner/standard_task_runner.py:70: DeprecationWarning: This process (pid=3483) is multi-threaded, use of fork() may lead to deadlocks in the child.
  pid = os.fork()

[2024-11-26T20:28:06.227+0000] {standard_task_runner.py:72} INFO - Started process 3485 to run task
[2024-11-26T20:28:06.228+0000] {standard_task_runner.py:104} INFO - Running: ['***', 'tasks', 'run', 'google_sheet_to_s3_to_rds', 'upload_to_s3', 'manual__2024-11-26T20:28:00.947809+00:00', '--job-id', '111', '--raw', '--subdir', 'DAGS_FOLDER/google_sheet_to_s3_to_rds.py', '--cfg-path', '/tmp/tmp0cx09ur4']
[2024-11-26T20:28:06.229+0000] {standard_task_runner.py:105} INFO - Job 111: Subtask upload_to_s3
[2024-11-26T20:28:06.276+0000] {task_command.py:467} INFO - Running <TaskInstance: google_sheet_to_s3_to_rds.upload_to_s3 manual__2024-11-26T20:28:00.947809+00:00 [running]> on host 4b3a7f9b2751
[2024-11-26T20:28:06.582+0000] {taskinstance.py:3132} INFO - Exporting env vars: AIRFLOW_CTX_DAG_OWNER='***' AIRFLOW_CTX_DAG_ID='google_sheet_to_s3_to_rds' AIRFLOW_CTX_TASK_ID='upload_to_s3' AIRFLOW_CTX_EXECUTION_DATE='2024-11-26T20:28:00.947809+00:00' AIRFLOW_CTX_TRY_NUMBER='1' AIRFLOW_CTX_DAG_RUN_ID='manual__2024-11-26T20:28:00.947809+00:00'
[2024-11-26T20:28:06.583+0000] {logging_mixin.py:190} INFO - Task instance is in running state
[2024-11-26T20:28:06.583+0000] {logging_mixin.py:190} INFO -  Previous state of the Task instance: queued
[2024-11-26T20:28:06.584+0000] {logging_mixin.py:190} INFO - Current task name:upload_to_s3 state:running start_date:2024-11-26 20:28:06.193026+00:00
[2024-11-26T20:28:06.584+0000] {logging_mixin.py:190} INFO - Dag name:google_sheet_to_s3_to_rds and current dag run status:running
[2024-11-26T20:28:06.584+0000] {taskinstance.py:731} INFO - ::endgroup::
[2024-11-26T20:28:06.593+0000] {base.py:84} INFO - Retrieving connection 's3_conn'
[2024-11-26T20:28:06.594+0000] {connection_wrapper.py:325} INFO - AWS Connection (conn_id='s3_conn', conn_type='aws') credentials retrieved from login and password.
[2024-11-26T20:28:07.780+0000] {taskinstance.py:340} INFO - ::group::Post task execution logs
[2024-11-26T20:28:07.781+0000] {taskinstance.py:352} INFO - Marking task as SUCCESS. dag_id=google_sheet_to_s3_to_rds, task_id=upload_to_s3, run_id=manual__2024-11-26T20:28:00.947809+00:00, execution_date=20241126T202800, start_date=20241126T202806, end_date=20241126T202807
[2024-11-26T20:28:07.810+0000] {logging_mixin.py:190} INFO - Task instance in success state
[2024-11-26T20:28:07.812+0000] {logging_mixin.py:190} INFO -  Previous state of the Task instance: running
[2024-11-26T20:28:07.813+0000] {logging_mixin.py:190} INFO - Dag name:google_sheet_to_s3_to_rds queued_at:2024-11-26 20:28:00.970338+00:00
[2024-11-26T20:28:07.814+0000] {logging_mixin.py:190} INFO - Task hostname:4b3a7f9b2751 operator:S3CreateObjectOperator
[2024-11-26T20:28:07.845+0000] {local_task_job_runner.py:266} INFO - Task exited with return code 0
[2024-11-26T20:28:07.876+0000] {taskinstance.py:3895} INFO - 1 downstream tasks scheduled from follow-on schedule check
[2024-11-26T20:28:07.880+0000] {local_task_job_runner.py:245} INFO - ::endgroup::
