[2024-12-06T03:46:24.168+0000] {local_task_job_runner.py:123} INFO - ::group::Pre task execution logs
[2024-12-06T03:46:24.184+0000] {taskinstance.py:2613} INFO - Dependencies all met for dep_context=non-requeueable deps ti=<TaskInstance: firestore_to_s3_to_rds.read_s3_file_into_string manual__2024-12-06T03:46:08.957403+00:00 [queued]>
[2024-12-06T03:46:24.193+0000] {taskinstance.py:2613} INFO - Dependencies all met for dep_context=requeueable deps ti=<TaskInstance: firestore_to_s3_to_rds.read_s3_file_into_string manual__2024-12-06T03:46:08.957403+00:00 [queued]>
[2024-12-06T03:46:24.194+0000] {taskinstance.py:2866} INFO - Starting attempt 1 of 1
[2024-12-06T03:46:24.208+0000] {taskinstance.py:2889} INFO - Executing <Task(PythonOperator): read_s3_file_into_string> on 2024-12-06 03:46:08.957403+00:00
[2024-12-06T03:46:24.214+0000] {warnings.py:112} WARNING - /home/***/.local/lib/python3.12/site-packages/***/task/task_runner/standard_task_runner.py:70: DeprecationWarning: This process (pid=5352) is multi-threaded, use of fork() may lead to deadlocks in the child.
  pid = os.fork()

[2024-12-06T03:46:24.216+0000] {standard_task_runner.py:72} INFO - Started process 5354 to run task
[2024-12-06T03:46:24.216+0000] {standard_task_runner.py:104} INFO - Running: ['***', 'tasks', 'run', 'firestore_to_s3_to_rds', 'read_s3_file_into_string', 'manual__2024-12-06T03:46:08.957403+00:00', '--job-id', '277', '--raw', '--subdir', 'DAGS_FOLDER/firebase_to_s3_to_rds.py', '--cfg-path', '/tmp/tmp23m53flu']
[2024-12-06T03:46:24.218+0000] {standard_task_runner.py:105} INFO - Job 277: Subtask read_s3_file_into_string
[2024-12-06T03:46:24.262+0000] {task_command.py:467} INFO - Running <TaskInstance: firestore_to_s3_to_rds.read_s3_file_into_string manual__2024-12-06T03:46:08.957403+00:00 [running]> on host 4b3a7f9b2751
[2024-12-06T03:46:24.534+0000] {taskinstance.py:3132} INFO - Exporting env vars: AIRFLOW_CTX_DAG_OWNER='***' AIRFLOW_CTX_DAG_ID='firestore_to_s3_to_rds' AIRFLOW_CTX_TASK_ID='read_s3_file_into_string' AIRFLOW_CTX_EXECUTION_DATE='2024-12-06T03:46:08.957403+00:00' AIRFLOW_CTX_TRY_NUMBER='1' AIRFLOW_CTX_DAG_RUN_ID='manual__2024-12-06T03:46:08.957403+00:00'
[2024-12-06T03:46:24.536+0000] {logging_mixin.py:190} INFO - Task instance is in running state
[2024-12-06T03:46:24.536+0000] {logging_mixin.py:190} INFO -  Previous state of the Task instance: queued
[2024-12-06T03:46:24.537+0000] {logging_mixin.py:190} INFO - Current task name:read_s3_file_into_string state:running start_date:2024-12-06 03:46:24.184816+00:00
[2024-12-06T03:46:24.538+0000] {logging_mixin.py:190} INFO - Dag name:firestore_to_s3_to_rds and current dag run status:running
[2024-12-06T03:46:24.539+0000] {taskinstance.py:731} INFO - ::endgroup::
[2024-12-06T03:46:24.547+0000] {base.py:84} INFO - Retrieving connection 's3_conn'
[2024-12-06T03:46:24.950+0000] {logging_mixin.py:190} INFO - uid,modifiedTs,companyName,companyIndustry,lastName,createdTs,firstName
SXlsF8PaDXRrqhbYR0FHYwABoJz2,2024-11-27T03:32:13.699Z,HowAgile,Software,Pierson,2024-11-27T03:32:35.673Z,Andrew
123,2024-11-27T03:33:04.180Z,test,test,test,2024-11-27T03:32:52.345Z,test
[2024-12-06T03:46:24.950+0000] {logging_mixin.py:190} INFO - 
            INSERT INTO stage.user_profile (
                companyName, companyIndustry, createdTs, uid, firstName, lastName, modifiedTs
            ) VALUES (
                "SXlsF8PaDXRrqhbYR0FHYwABoJz2", "HowAgile", "Andrew", "Pierson", "Software", "2024-11-27T03:32:13.699Z", "2024-11-27T03:32:35.673Z"
            );
         
            INSERT INTO stage.user_profile (
                companyName, companyIndustry, createdTs, uid, firstName, lastName, modifiedTs
            ) VALUES (
                "123", "test", "test", "test", "test", "2024-11-27T03:33:04.180Z", "2024-11-27T03:32:52.345Z"
            );
        
[2024-12-06T03:46:24.953+0000] {python.py:240} INFO - Done. Returned value was: None
[2024-12-06T03:46:24.962+0000] {taskinstance.py:340} INFO - ::group::Post task execution logs
[2024-12-06T03:46:24.963+0000] {taskinstance.py:352} INFO - Marking task as SUCCESS. dag_id=firestore_to_s3_to_rds, task_id=read_s3_file_into_string, run_id=manual__2024-12-06T03:46:08.957403+00:00, execution_date=20241206T034608, start_date=20241206T034624, end_date=20241206T034624
[2024-12-06T03:46:24.973+0000] {logging_mixin.py:190} INFO - Task instance in success state
[2024-12-06T03:46:24.973+0000] {logging_mixin.py:190} INFO -  Previous state of the Task instance: running
[2024-12-06T03:46:24.974+0000] {logging_mixin.py:190} INFO - Dag name:firestore_to_s3_to_rds queued_at:2024-12-06 03:46:08.966956+00:00
[2024-12-06T03:46:24.974+0000] {logging_mixin.py:190} INFO - Task hostname:4b3a7f9b2751 operator:PythonOperator
[2024-12-06T03:46:24.993+0000] {local_task_job_runner.py:266} INFO - Task exited with return code 0
[2024-12-06T03:46:25.178+0000] {taskinstance.py:3895} INFO - 1 downstream tasks scheduled from follow-on schedule check
[2024-12-06T03:46:25.180+0000] {local_task_job_runner.py:245} INFO - ::endgroup::
