[2024-12-06T03:56:42.119+0000] {local_task_job_runner.py:123} INFO - ::group::Pre task execution logs
[2024-12-06T03:56:42.136+0000] {taskinstance.py:2613} INFO - Dependencies all met for dep_context=non-requeueable deps ti=<TaskInstance: firestore_to_s3_to_rds.read_s3_file_into_string manual__2024-12-06T03:56:24.957927+00:00 [queued]>
[2024-12-06T03:56:42.144+0000] {taskinstance.py:2613} INFO - Dependencies all met for dep_context=requeueable deps ti=<TaskInstance: firestore_to_s3_to_rds.read_s3_file_into_string manual__2024-12-06T03:56:24.957927+00:00 [queued]>
[2024-12-06T03:56:42.145+0000] {taskinstance.py:2866} INFO - Starting attempt 1 of 1
[2024-12-06T03:56:42.160+0000] {taskinstance.py:2889} INFO - Executing <Task(PythonOperator): read_s3_file_into_string> on 2024-12-06 03:56:24.957927+00:00
[2024-12-06T03:56:42.166+0000] {warnings.py:112} WARNING - /home/***/.local/lib/python3.12/site-packages/***/task/task_runner/standard_task_runner.py:70: DeprecationWarning: This process (pid=5576) is multi-threaded, use of fork() may lead to deadlocks in the child.
  pid = os.fork()

[2024-12-06T03:56:42.168+0000] {standard_task_runner.py:72} INFO - Started process 5578 to run task
[2024-12-06T03:56:42.169+0000] {standard_task_runner.py:104} INFO - Running: ['***', 'tasks', 'run', 'firestore_to_s3_to_rds', 'read_s3_file_into_string', 'manual__2024-12-06T03:56:24.957927+00:00', '--job-id', '298', '--raw', '--subdir', 'DAGS_FOLDER/firebase_to_s3_to_rds.py', '--cfg-path', '/tmp/tmph9j_wbbo']
[2024-12-06T03:56:42.170+0000] {standard_task_runner.py:105} INFO - Job 298: Subtask read_s3_file_into_string
[2024-12-06T03:56:42.213+0000] {task_command.py:467} INFO - Running <TaskInstance: firestore_to_s3_to_rds.read_s3_file_into_string manual__2024-12-06T03:56:24.957927+00:00 [running]> on host 4b3a7f9b2751
[2024-12-06T03:56:42.481+0000] {taskinstance.py:3132} INFO - Exporting env vars: AIRFLOW_CTX_DAG_OWNER='***' AIRFLOW_CTX_DAG_ID='firestore_to_s3_to_rds' AIRFLOW_CTX_TASK_ID='read_s3_file_into_string' AIRFLOW_CTX_EXECUTION_DATE='2024-12-06T03:56:24.957927+00:00' AIRFLOW_CTX_TRY_NUMBER='1' AIRFLOW_CTX_DAG_RUN_ID='manual__2024-12-06T03:56:24.957927+00:00'
[2024-12-06T03:56:42.483+0000] {logging_mixin.py:190} INFO - Task instance is in running state
[2024-12-06T03:56:42.484+0000] {logging_mixin.py:190} INFO -  Previous state of the Task instance: queued
[2024-12-06T03:56:42.484+0000] {logging_mixin.py:190} INFO - Current task name:read_s3_file_into_string state:running start_date:2024-12-06 03:56:42.136944+00:00
[2024-12-06T03:56:42.485+0000] {logging_mixin.py:190} INFO - Dag name:firestore_to_s3_to_rds and current dag run status:running
[2024-12-06T03:56:42.485+0000] {taskinstance.py:731} INFO - ::endgroup::
[2024-12-06T03:56:42.493+0000] {base.py:84} INFO - Retrieving connection 's3_conn'
[2024-12-06T03:56:42.921+0000] {logging_mixin.py:190} INFO - uid,firstName,companyName,companyIndustry,createdTs,modifiedTs,lastName
SXlsF8PaDXRrqhbYR0FHYwABoJz2,Andrew,HowAgile,Software,2024-11-27T03:32:35.673Z,2024-11-27T03:32:13.699Z,Pierson
123,test,test,test,2024-11-27T03:32:52.345Z,2024-11-27T03:33:04.180Z,test
[2024-12-06T03:56:42.922+0000] {logging_mixin.py:190} INFO - 
            INSERT INTO stage.user_profile (
                companyName, companyIndustry, createdTs, uid, firstName, lastName, modifiedTs
            ) VALUES (
                "HowAgile", "Software", "2024-11-27T03:32:35.673Z", "SXlsF8PaDXRrqhbYR0FHYwABoJz2", "Andrew", "Pierson", "2024-11-27T03:32:13.699Z"
            );
         
            INSERT INTO stage.user_profile (
                companyName, companyIndustry, createdTs, uid, firstName, lastName, modifiedTs
            ) VALUES (
                "test", "test", "2024-11-27T03:32:52.345Z", "123", "test", "test", "2024-11-27T03:33:04.180Z"
            );
        
[2024-12-06T03:56:42.924+0000] {python.py:240} INFO - Done. Returned value was: None
[2024-12-06T03:56:42.932+0000] {taskinstance.py:340} INFO - ::group::Post task execution logs
[2024-12-06T03:56:42.933+0000] {taskinstance.py:352} INFO - Marking task as SUCCESS. dag_id=firestore_to_s3_to_rds, task_id=read_s3_file_into_string, run_id=manual__2024-12-06T03:56:24.957927+00:00, execution_date=20241206T035624, start_date=20241206T035642, end_date=20241206T035642
[2024-12-06T03:56:42.944+0000] {logging_mixin.py:190} INFO - Task instance in success state
[2024-12-06T03:56:42.944+0000] {logging_mixin.py:190} INFO -  Previous state of the Task instance: running
[2024-12-06T03:56:42.945+0000] {logging_mixin.py:190} INFO - Dag name:firestore_to_s3_to_rds queued_at:2024-12-06 03:56:24.967919+00:00
[2024-12-06T03:56:42.945+0000] {logging_mixin.py:190} INFO - Task hostname:4b3a7f9b2751 operator:PythonOperator
[2024-12-06T03:56:42.986+0000] {local_task_job_runner.py:266} INFO - Task exited with return code 0
[2024-12-06T03:56:43.159+0000] {taskinstance.py:3895} INFO - 1 downstream tasks scheduled from follow-on schedule check
[2024-12-06T03:56:43.163+0000] {local_task_job_runner.py:245} INFO - ::endgroup::
