[2024-12-06T02:57:08.607+0000] {local_task_job_runner.py:123} INFO - ::group::Pre task execution logs
[2024-12-06T02:57:08.627+0000] {taskinstance.py:2613} INFO - Dependencies all met for dep_context=non-requeueable deps ti=<TaskInstance: firestore_to_s3_to_rds.upload_to_s3 scheduled__2024-12-05T00:00:00+00:00 [queued]>
[2024-12-06T02:57:08.638+0000] {taskinstance.py:2613} INFO - Dependencies all met for dep_context=requeueable deps ti=<TaskInstance: firestore_to_s3_to_rds.upload_to_s3 scheduled__2024-12-05T00:00:00+00:00 [queued]>
[2024-12-06T02:57:08.639+0000] {taskinstance.py:2866} INFO - Starting attempt 1 of 1
[2024-12-06T02:57:08.654+0000] {taskinstance.py:2889} INFO - Executing <Task(S3CreateObjectOperator): upload_to_s3> on 2024-12-05 00:00:00+00:00
[2024-12-06T02:57:08.660+0000] {warnings.py:112} WARNING - /home/***/.local/lib/python3.12/site-packages/***/task/task_runner/standard_task_runner.py:70: DeprecationWarning: This process (pid=4513) is multi-threaded, use of fork() may lead to deadlocks in the child.
  pid = os.fork()

[2024-12-06T02:57:08.662+0000] {standard_task_runner.py:72} INFO - Started process 4523 to run task
[2024-12-06T02:57:08.663+0000] {standard_task_runner.py:104} INFO - Running: ['***', 'tasks', 'run', 'firestore_to_s3_to_rds', 'upload_to_s3', 'scheduled__2024-12-05T00:00:00+00:00', '--job-id', '230', '--raw', '--subdir', 'DAGS_FOLDER/firebase_to_s3_to_rds.py', '--cfg-path', '/tmp/tmpv3z2j36z']
[2024-12-06T02:57:08.664+0000] {standard_task_runner.py:105} INFO - Job 230: Subtask upload_to_s3
[2024-12-06T02:57:08.714+0000] {task_command.py:467} INFO - Running <TaskInstance: firestore_to_s3_to_rds.upload_to_s3 scheduled__2024-12-05T00:00:00+00:00 [running]> on host 4b3a7f9b2751
[2024-12-06T02:57:09.033+0000] {taskinstance.py:3132} INFO - Exporting env vars: AIRFLOW_CTX_DAG_OWNER='***' AIRFLOW_CTX_DAG_ID='firestore_to_s3_to_rds' AIRFLOW_CTX_TASK_ID='upload_to_s3' AIRFLOW_CTX_EXECUTION_DATE='2024-12-05T00:00:00+00:00' AIRFLOW_CTX_TRY_NUMBER='1' AIRFLOW_CTX_DAG_RUN_ID='scheduled__2024-12-05T00:00:00+00:00'
[2024-12-06T02:57:09.034+0000] {logging_mixin.py:190} INFO - Task instance is in running state
[2024-12-06T02:57:09.034+0000] {logging_mixin.py:190} INFO -  Previous state of the Task instance: queued
[2024-12-06T02:57:09.035+0000] {logging_mixin.py:190} INFO - Current task name:upload_to_s3 state:running start_date:2024-12-06 02:57:08.628122+00:00
[2024-12-06T02:57:09.035+0000] {logging_mixin.py:190} INFO - Dag name:firestore_to_s3_to_rds and current dag run status:running
[2024-12-06T02:57:09.036+0000] {taskinstance.py:731} INFO - ::endgroup::
[2024-12-06T02:57:09.044+0000] {base.py:84} INFO - Retrieving connection 's3_conn'
[2024-12-06T02:57:09.045+0000] {connection_wrapper.py:325} INFO - AWS Connection (conn_id='s3_conn', conn_type='aws') credentials retrieved from login and password.
[2024-12-06T02:57:10.574+0000] {taskinstance.py:340} INFO - ::group::Post task execution logs
[2024-12-06T02:57:10.577+0000] {taskinstance.py:352} INFO - Marking task as SUCCESS. dag_id=firestore_to_s3_to_rds, task_id=upload_to_s3, run_id=scheduled__2024-12-05T00:00:00+00:00, execution_date=20241205T000000, start_date=20241206T025708, end_date=20241206T025710
[2024-12-06T02:57:16.336+0000] {logging_mixin.py:190} INFO - Task instance in success state
[2024-12-06T02:57:16.341+0000] {logging_mixin.py:190} INFO -  Previous state of the Task instance: running
[2024-12-06T02:57:16.342+0000] {logging_mixin.py:190} INFO - Dag name:firestore_to_s3_to_rds queued_at:2024-12-06 02:56:59.916022+00:00
[2024-12-06T02:57:16.343+0000] {logging_mixin.py:190} INFO - Task hostname:4b3a7f9b2751 operator:S3CreateObjectOperator
[2024-12-06T02:57:16.402+0000] {local_task_job_runner.py:266} INFO - Task exited with return code 0
[2024-12-06T02:57:16.429+0000] {taskinstance.py:3895} INFO - 1 downstream tasks scheduled from follow-on schedule check
[2024-12-06T02:57:16.450+0000] {local_task_job_runner.py:245} INFO - ::endgroup::
