[2024-12-06T03:55:06.182+0000] {local_task_job_runner.py:123} INFO - ::group::Pre task execution logs
[2024-12-06T03:55:06.204+0000] {taskinstance.py:2613} INFO - Dependencies all met for dep_context=non-requeueable deps ti=<TaskInstance: firestore_to_s3_to_rds.truncate_mysql manual__2024-12-06T03:54:53.220599+00:00 [queued]>
[2024-12-06T03:55:06.212+0000] {taskinstance.py:2613} INFO - Dependencies all met for dep_context=requeueable deps ti=<TaskInstance: firestore_to_s3_to_rds.truncate_mysql manual__2024-12-06T03:54:53.220599+00:00 [queued]>
[2024-12-06T03:55:06.213+0000] {taskinstance.py:2866} INFO - Starting attempt 1 of 1
[2024-12-06T03:55:06.227+0000] {taskinstance.py:2889} INFO - Executing <Task(SQLExecuteQueryOperator): truncate_mysql> on 2024-12-06 03:54:53.220599+00:00
[2024-12-06T03:55:06.233+0000] {warnings.py:112} WARNING - /home/***/.local/lib/python3.12/site-packages/***/task/task_runner/standard_task_runner.py:70: DeprecationWarning: This process (pid=5521) is multi-threaded, use of fork() may lead to deadlocks in the child.
  pid = os.fork()

[2024-12-06T03:55:06.235+0000] {standard_task_runner.py:72} INFO - Started process 5523 to run task
[2024-12-06T03:55:06.235+0000] {standard_task_runner.py:104} INFO - Running: ['***', 'tasks', 'run', 'firestore_to_s3_to_rds', 'truncate_mysql', 'manual__2024-12-06T03:54:53.220599+00:00', '--job-id', '290', '--raw', '--subdir', 'DAGS_FOLDER/firebase_to_s3_to_rds.py', '--cfg-path', '/tmp/tmpv5empjnp']
[2024-12-06T03:55:06.236+0000] {standard_task_runner.py:105} INFO - Job 290: Subtask truncate_mysql
[2024-12-06T03:55:06.278+0000] {task_command.py:467} INFO - Running <TaskInstance: firestore_to_s3_to_rds.truncate_mysql manual__2024-12-06T03:54:53.220599+00:00 [running]> on host 4b3a7f9b2751
[2024-12-06T03:55:06.569+0000] {taskinstance.py:3132} INFO - Exporting env vars: AIRFLOW_CTX_DAG_OWNER='***' AIRFLOW_CTX_DAG_ID='firestore_to_s3_to_rds' AIRFLOW_CTX_TASK_ID='truncate_mysql' AIRFLOW_CTX_EXECUTION_DATE='2024-12-06T03:54:53.220599+00:00' AIRFLOW_CTX_TRY_NUMBER='1' AIRFLOW_CTX_DAG_RUN_ID='manual__2024-12-06T03:54:53.220599+00:00'
[2024-12-06T03:55:06.570+0000] {logging_mixin.py:190} INFO - Task instance is in running state
[2024-12-06T03:55:06.571+0000] {logging_mixin.py:190} INFO -  Previous state of the Task instance: queued
[2024-12-06T03:55:06.571+0000] {logging_mixin.py:190} INFO - Current task name:truncate_mysql state:running start_date:2024-12-06 03:55:06.204638+00:00
[2024-12-06T03:55:06.571+0000] {logging_mixin.py:190} INFO - Dag name:firestore_to_s3_to_rds and current dag run status:running
[2024-12-06T03:55:06.572+0000] {taskinstance.py:731} INFO - ::endgroup::
[2024-12-06T03:55:06.572+0000] {sql.py:278} INFO - Executing: TRUNCATE TABLE stage.user_profile;
[2024-12-06T03:55:06.581+0000] {base.py:84} INFO - Retrieving connection 'mysql_conn'
[2024-12-06T03:55:06.589+0000] {base.py:84} INFO - Retrieving connection 'mysql_conn'
[2024-12-06T03:55:06.902+0000] {sql.py:544} INFO - Running statement: TRUNCATE TABLE stage.user_profile;, parameters: None
[2024-12-06T03:55:06.990+0000] {sql.py:553} INFO - Rows affected: 0
[2024-12-06T03:55:07.044+0000] {taskinstance.py:340} INFO - ::group::Post task execution logs
[2024-12-06T03:55:07.045+0000] {taskinstance.py:352} INFO - Marking task as SUCCESS. dag_id=firestore_to_s3_to_rds, task_id=truncate_mysql, run_id=manual__2024-12-06T03:54:53.220599+00:00, execution_date=20241206T035453, start_date=20241206T035506, end_date=20241206T035507
[2024-12-06T03:55:07.055+0000] {logging_mixin.py:190} INFO - Task instance in success state
[2024-12-06T03:55:07.056+0000] {logging_mixin.py:190} INFO -  Previous state of the Task instance: running
[2024-12-06T03:55:07.056+0000] {logging_mixin.py:190} INFO - Dag name:firestore_to_s3_to_rds queued_at:2024-12-06 03:54:53.229289+00:00
[2024-12-06T03:55:07.057+0000] {logging_mixin.py:190} INFO - Task hostname:4b3a7f9b2751 operator:SQLExecuteQueryOperator
[2024-12-06T03:55:07.092+0000] {local_task_job_runner.py:266} INFO - Task exited with return code 0
[2024-12-06T03:55:07.303+0000] {taskinstance.py:3895} INFO - 1 downstream tasks scheduled from follow-on schedule check
[2024-12-06T03:55:07.306+0000] {local_task_job_runner.py:245} INFO - ::endgroup::
