[2024-12-06T03:37:51.739+0000] {local_task_job_runner.py:123} INFO - ::group::Pre task execution logs
[2024-12-06T03:37:51.755+0000] {taskinstance.py:2613} INFO - Dependencies all met for dep_context=non-requeueable deps ti=<TaskInstance: firestore_to_s3_to_rds.exec_fact_load manual__2024-12-06T03:37:29.718862+00:00 [queued]>
[2024-12-06T03:37:51.765+0000] {taskinstance.py:2613} INFO - Dependencies all met for dep_context=requeueable deps ti=<TaskInstance: firestore_to_s3_to_rds.exec_fact_load manual__2024-12-06T03:37:29.718862+00:00 [queued]>
[2024-12-06T03:37:51.766+0000] {taskinstance.py:2866} INFO - Starting attempt 1 of 1
[2024-12-06T03:37:51.784+0000] {taskinstance.py:2889} INFO - Executing <Task(SQLExecuteQueryOperator): exec_fact_load> on 2024-12-06 03:37:29.718862+00:00
[2024-12-06T03:37:51.790+0000] {warnings.py:112} WARNING - /home/***/.local/lib/python3.12/site-packages/***/task/task_runner/standard_task_runner.py:70: DeprecationWarning: This process (pid=5181) is multi-threaded, use of fork() may lead to deadlocks in the child.
  pid = os.fork()

[2024-12-06T03:37:51.792+0000] {standard_task_runner.py:72} INFO - Started process 5183 to run task
[2024-12-06T03:37:51.792+0000] {standard_task_runner.py:104} INFO - Running: ['***', 'tasks', 'run', 'firestore_to_s3_to_rds', 'exec_fact_load', 'manual__2024-12-06T03:37:29.718862+00:00', '--job-id', '264', '--raw', '--subdir', 'DAGS_FOLDER/firebase_to_s3_to_rds.py', '--cfg-path', '/tmp/tmpzmgc82kh']
[2024-12-06T03:37:51.794+0000] {standard_task_runner.py:105} INFO - Job 264: Subtask exec_fact_load
[2024-12-06T03:37:51.837+0000] {task_command.py:467} INFO - Running <TaskInstance: firestore_to_s3_to_rds.exec_fact_load manual__2024-12-06T03:37:29.718862+00:00 [running]> on host 4b3a7f9b2751
[2024-12-06T03:37:52.104+0000] {taskinstance.py:3132} INFO - Exporting env vars: AIRFLOW_CTX_DAG_OWNER='***' AIRFLOW_CTX_DAG_ID='firestore_to_s3_to_rds' AIRFLOW_CTX_TASK_ID='exec_fact_load' AIRFLOW_CTX_EXECUTION_DATE='2024-12-06T03:37:29.718862+00:00' AIRFLOW_CTX_TRY_NUMBER='1' AIRFLOW_CTX_DAG_RUN_ID='manual__2024-12-06T03:37:29.718862+00:00'
[2024-12-06T03:37:52.105+0000] {logging_mixin.py:190} INFO - Task instance is in running state
[2024-12-06T03:37:52.105+0000] {logging_mixin.py:190} INFO -  Previous state of the Task instance: queued
[2024-12-06T03:37:52.106+0000] {logging_mixin.py:190} INFO - Current task name:exec_fact_load state:running start_date:2024-12-06 03:37:51.756313+00:00
[2024-12-06T03:37:52.106+0000] {logging_mixin.py:190} INFO - Dag name:firestore_to_s3_to_rds and current dag run status:running
[2024-12-06T03:37:52.107+0000] {taskinstance.py:731} INFO - ::endgroup::
[2024-12-06T03:37:52.108+0000] {sql.py:278} INFO - Executing: CALL dbo.update_user_fact;
[2024-12-06T03:37:52.116+0000] {base.py:84} INFO - Retrieving connection 'mysql_conn'
[2024-12-06T03:37:52.124+0000] {base.py:84} INFO - Retrieving connection 'mysql_conn'
[2024-12-06T03:37:52.423+0000] {sql.py:544} INFO - Running statement: CALL dbo.update_user_fact;, parameters: None
[2024-12-06T03:37:52.486+0000] {sql.py:553} INFO - Rows affected: 0
[2024-12-06T03:37:52.547+0000] {taskinstance.py:340} INFO - ::group::Post task execution logs
[2024-12-06T03:37:52.548+0000] {taskinstance.py:352} INFO - Marking task as SUCCESS. dag_id=firestore_to_s3_to_rds, task_id=exec_fact_load, run_id=manual__2024-12-06T03:37:29.718862+00:00, execution_date=20241206T033729, start_date=20241206T033751, end_date=20241206T033752
[2024-12-06T03:37:52.563+0000] {logging_mixin.py:190} INFO - Task instance in success state
[2024-12-06T03:37:52.564+0000] {logging_mixin.py:190} INFO -  Previous state of the Task instance: running
[2024-12-06T03:37:52.564+0000] {logging_mixin.py:190} INFO - Dag name:firestore_to_s3_to_rds queued_at:2024-12-06 03:37:29.732070+00:00
[2024-12-06T03:37:52.565+0000] {logging_mixin.py:190} INFO - Task hostname:4b3a7f9b2751 operator:SQLExecuteQueryOperator
[2024-12-06T03:37:52.582+0000] {local_task_job_runner.py:266} INFO - Task exited with return code 0
[2024-12-06T03:37:52.616+0000] {taskinstance.py:3895} INFO - 1 downstream tasks scheduled from follow-on schedule check
[2024-12-06T03:37:52.618+0000] {local_task_job_runner.py:245} INFO - ::endgroup::
