[2024-12-06T03:56:38.405+0000] {local_task_job_runner.py:123} INFO - ::group::Pre task execution logs
[2024-12-06T03:56:38.422+0000] {taskinstance.py:2613} INFO - Dependencies all met for dep_context=non-requeueable deps ti=<TaskInstance: firestore_to_s3_to_rds.truncate_mysql manual__2024-12-06T03:56:24.957927+00:00 [queued]>
[2024-12-06T03:56:38.430+0000] {taskinstance.py:2613} INFO - Dependencies all met for dep_context=requeueable deps ti=<TaskInstance: firestore_to_s3_to_rds.truncate_mysql manual__2024-12-06T03:56:24.957927+00:00 [queued]>
[2024-12-06T03:56:38.431+0000] {taskinstance.py:2866} INFO - Starting attempt 1 of 1
[2024-12-06T03:56:38.444+0000] {taskinstance.py:2889} INFO - Executing <Task(SQLExecuteQueryOperator): truncate_mysql> on 2024-12-06 03:56:24.957927+00:00
[2024-12-06T03:56:38.450+0000] {warnings.py:112} WARNING - /home/***/.local/lib/python3.12/site-packages/***/task/task_runner/standard_task_runner.py:70: DeprecationWarning: This process (pid=5572) is multi-threaded, use of fork() may lead to deadlocks in the child.
  pid = os.fork()

[2024-12-06T03:56:38.452+0000] {standard_task_runner.py:72} INFO - Started process 5574 to run task
[2024-12-06T03:56:38.453+0000] {standard_task_runner.py:104} INFO - Running: ['***', 'tasks', 'run', 'firestore_to_s3_to_rds', 'truncate_mysql', 'manual__2024-12-06T03:56:24.957927+00:00', '--job-id', '297', '--raw', '--subdir', 'DAGS_FOLDER/firebase_to_s3_to_rds.py', '--cfg-path', '/tmp/tmp5yalyhgl']
[2024-12-06T03:56:38.454+0000] {standard_task_runner.py:105} INFO - Job 297: Subtask truncate_mysql
[2024-12-06T03:56:38.503+0000] {task_command.py:467} INFO - Running <TaskInstance: firestore_to_s3_to_rds.truncate_mysql manual__2024-12-06T03:56:24.957927+00:00 [running]> on host 4b3a7f9b2751
[2024-12-06T03:56:38.791+0000] {taskinstance.py:3132} INFO - Exporting env vars: AIRFLOW_CTX_DAG_OWNER='***' AIRFLOW_CTX_DAG_ID='firestore_to_s3_to_rds' AIRFLOW_CTX_TASK_ID='truncate_mysql' AIRFLOW_CTX_EXECUTION_DATE='2024-12-06T03:56:24.957927+00:00' AIRFLOW_CTX_TRY_NUMBER='1' AIRFLOW_CTX_DAG_RUN_ID='manual__2024-12-06T03:56:24.957927+00:00'
[2024-12-06T03:56:38.792+0000] {logging_mixin.py:190} INFO - Task instance is in running state
[2024-12-06T03:56:38.792+0000] {logging_mixin.py:190} INFO -  Previous state of the Task instance: queued
[2024-12-06T03:56:38.793+0000] {logging_mixin.py:190} INFO - Current task name:truncate_mysql state:running start_date:2024-12-06 03:56:38.422819+00:00
[2024-12-06T03:56:38.793+0000] {logging_mixin.py:190} INFO - Dag name:firestore_to_s3_to_rds and current dag run status:running
[2024-12-06T03:56:38.794+0000] {taskinstance.py:731} INFO - ::endgroup::
[2024-12-06T03:56:38.794+0000] {sql.py:278} INFO - Executing: TRUNCATE TABLE stage.user_profile;
[2024-12-06T03:56:38.803+0000] {base.py:84} INFO - Retrieving connection 'mysql_conn'
[2024-12-06T03:56:38.811+0000] {base.py:84} INFO - Retrieving connection 'mysql_conn'
[2024-12-06T03:56:39.128+0000] {sql.py:544} INFO - Running statement: TRUNCATE TABLE stage.user_profile;, parameters: None
[2024-12-06T03:56:39.224+0000] {sql.py:553} INFO - Rows affected: 0
[2024-12-06T03:56:39.292+0000] {taskinstance.py:340} INFO - ::group::Post task execution logs
[2024-12-06T03:56:39.294+0000] {taskinstance.py:352} INFO - Marking task as SUCCESS. dag_id=firestore_to_s3_to_rds, task_id=truncate_mysql, run_id=manual__2024-12-06T03:56:24.957927+00:00, execution_date=20241206T035624, start_date=20241206T035638, end_date=20241206T035639
[2024-12-06T03:56:39.317+0000] {logging_mixin.py:190} INFO - Task instance in success state
[2024-12-06T03:56:39.320+0000] {logging_mixin.py:190} INFO -  Previous state of the Task instance: running
[2024-12-06T03:56:39.321+0000] {logging_mixin.py:190} INFO - Dag name:firestore_to_s3_to_rds queued_at:2024-12-06 03:56:24.967919+00:00
[2024-12-06T03:56:39.323+0000] {logging_mixin.py:190} INFO - Task hostname:4b3a7f9b2751 operator:SQLExecuteQueryOperator
[2024-12-06T03:56:39.350+0000] {local_task_job_runner.py:266} INFO - Task exited with return code 0
[2024-12-06T03:56:39.540+0000] {taskinstance.py:3895} INFO - 1 downstream tasks scheduled from follow-on schedule check
[2024-12-06T03:56:39.543+0000] {local_task_job_runner.py:245} INFO - ::endgroup::
