[2024-12-06T03:42:45.993+0000] {local_task_job_runner.py:123} INFO - ::group::Pre task execution logs
[2024-12-06T03:42:46.010+0000] {taskinstance.py:2613} INFO - Dependencies all met for dep_context=non-requeueable deps ti=<TaskInstance: firestore_to_s3_to_rds.transform_and_upload_to_s3 manual__2024-12-06T03:42:40.753944+00:00 [queued]>
[2024-12-06T03:42:46.018+0000] {taskinstance.py:2613} INFO - Dependencies all met for dep_context=requeueable deps ti=<TaskInstance: firestore_to_s3_to_rds.transform_and_upload_to_s3 manual__2024-12-06T03:42:40.753944+00:00 [queued]>
[2024-12-06T03:42:46.019+0000] {taskinstance.py:2866} INFO - Starting attempt 1 of 1
[2024-12-06T03:42:46.032+0000] {taskinstance.py:2889} INFO - Executing <Task(PythonOperator): transform_and_upload_to_s3> on 2024-12-06 03:42:40.753944+00:00
[2024-12-06T03:42:46.038+0000] {warnings.py:112} WARNING - /home/***/.local/lib/python3.12/site-packages/***/task/task_runner/standard_task_runner.py:70: DeprecationWarning: This process (pid=5258) is multi-threaded, use of fork() may lead to deadlocks in the child.
  pid = os.fork()

[2024-12-06T03:42:46.040+0000] {standard_task_runner.py:72} INFO - Started process 5260 to run task
[2024-12-06T03:42:46.040+0000] {standard_task_runner.py:104} INFO - Running: ['***', 'tasks', 'run', 'firestore_to_s3_to_rds', 'transform_and_upload_to_s3', 'manual__2024-12-06T03:42:40.753944+00:00', '--job-id', '267', '--raw', '--subdir', 'DAGS_FOLDER/firebase_to_s3_to_rds.py', '--cfg-path', '/tmp/tmpku74um4_']
[2024-12-06T03:42:46.042+0000] {standard_task_runner.py:105} INFO - Job 267: Subtask transform_and_upload_to_s3
[2024-12-06T03:42:46.087+0000] {task_command.py:467} INFO - Running <TaskInstance: firestore_to_s3_to_rds.transform_and_upload_to_s3 manual__2024-12-06T03:42:40.753944+00:00 [running]> on host 4b3a7f9b2751
[2024-12-06T03:42:46.380+0000] {taskinstance.py:3132} INFO - Exporting env vars: AIRFLOW_CTX_DAG_OWNER='***' AIRFLOW_CTX_DAG_ID='firestore_to_s3_to_rds' AIRFLOW_CTX_TASK_ID='transform_and_upload_to_s3' AIRFLOW_CTX_EXECUTION_DATE='2024-12-06T03:42:40.753944+00:00' AIRFLOW_CTX_TRY_NUMBER='1' AIRFLOW_CTX_DAG_RUN_ID='manual__2024-12-06T03:42:40.753944+00:00'
[2024-12-06T03:42:46.381+0000] {logging_mixin.py:190} INFO - Task instance is in running state
[2024-12-06T03:42:46.382+0000] {logging_mixin.py:190} INFO -  Previous state of the Task instance: queued
[2024-12-06T03:42:46.382+0000] {logging_mixin.py:190} INFO - Current task name:transform_and_upload_to_s3 state:running start_date:2024-12-06 03:42:46.011109+00:00
[2024-12-06T03:42:46.383+0000] {logging_mixin.py:190} INFO - Dag name:firestore_to_s3_to_rds and current dag run status:running
[2024-12-06T03:42:46.383+0000] {taskinstance.py:731} INFO - ::endgroup::
[2024-12-06T03:42:46.404+0000] {python.py:240} INFO - Done. Returned value was: None
[2024-12-06T03:42:46.413+0000] {taskinstance.py:340} INFO - ::group::Post task execution logs
[2024-12-06T03:42:46.414+0000] {taskinstance.py:352} INFO - Marking task as SUCCESS. dag_id=firestore_to_s3_to_rds, task_id=transform_and_upload_to_s3, run_id=manual__2024-12-06T03:42:40.753944+00:00, execution_date=20241206T034240, start_date=20241206T034246, end_date=20241206T034246
[2024-12-06T03:42:46.424+0000] {logging_mixin.py:190} INFO - Task instance in success state
[2024-12-06T03:42:46.425+0000] {logging_mixin.py:190} INFO -  Previous state of the Task instance: running
[2024-12-06T03:42:46.425+0000] {logging_mixin.py:190} INFO - Dag name:firestore_to_s3_to_rds queued_at:2024-12-06 03:42:40.768081+00:00
[2024-12-06T03:42:46.426+0000] {logging_mixin.py:190} INFO - Task hostname:4b3a7f9b2751 operator:PythonOperator
[2024-12-06T03:42:46.456+0000] {local_task_job_runner.py:266} INFO - Task exited with return code 0
[2024-12-06T03:42:46.639+0000] {taskinstance.py:3895} INFO - 1 downstream tasks scheduled from follow-on schedule check
[2024-12-06T03:42:46.642+0000] {local_task_job_runner.py:245} INFO - ::endgroup::
