[2024-11-25T17:41:31.344+0000] {local_task_job_runner.py:123} INFO - ::group::Pre task execution logs
[2024-11-25T17:41:31.360+0000] {taskinstance.py:2613} INFO - Dependencies all met for dep_context=non-requeueable deps ti=<TaskInstance: google_firebase_s3.google_sheet_data_to_s3 manual__2024-11-25T17:41:29.185924+00:00 [queued]>
[2024-11-25T17:41:31.368+0000] {taskinstance.py:2613} INFO - Dependencies all met for dep_context=requeueable deps ti=<TaskInstance: google_firebase_s3.google_sheet_data_to_s3 manual__2024-11-25T17:41:29.185924+00:00 [queued]>
[2024-11-25T17:41:31.369+0000] {taskinstance.py:2866} INFO - Starting attempt 1 of 2
[2024-11-25T17:41:31.381+0000] {taskinstance.py:2889} INFO - Executing <Task(GoogleApiToS3Operator): google_sheet_data_to_s3> on 2024-11-25 17:41:29.185924+00:00
[2024-11-25T17:41:31.387+0000] {warnings.py:112} WARNING - /home/***/.local/lib/python3.12/site-packages/***/task/task_runner/standard_task_runner.py:70: DeprecationWarning: This process (pid=1788) is multi-threaded, use of fork() may lead to deadlocks in the child.
  pid = os.fork()

[2024-11-25T17:41:31.389+0000] {standard_task_runner.py:72} INFO - Started process 1790 to run task
[2024-11-25T17:41:31.390+0000] {standard_task_runner.py:104} INFO - Running: ['***', 'tasks', 'run', 'google_firebase_s3', 'google_sheet_data_to_s3', 'manual__2024-11-25T17:41:29.185924+00:00', '--job-id', '21', '--raw', '--subdir', 'DAGS_FOLDER/google_firebase_s3.py', '--cfg-path', '/tmp/tmpcv8978ua']
[2024-11-25T17:41:31.391+0000] {standard_task_runner.py:105} INFO - Job 21: Subtask google_sheet_data_to_s3
[2024-11-25T17:41:31.436+0000] {task_command.py:467} INFO - Running <TaskInstance: google_firebase_s3.google_sheet_data_to_s3 manual__2024-11-25T17:41:29.185924+00:00 [running]> on host 4b3a7f9b2751
[2024-11-25T17:41:31.519+0000] {taskinstance.py:3132} INFO - Exporting env vars: AIRFLOW_CTX_DAG_OWNER='***' AIRFLOW_CTX_DAG_ID='google_firebase_s3' AIRFLOW_CTX_TASK_ID='google_sheet_data_to_s3' AIRFLOW_CTX_EXECUTION_DATE='2024-11-25T17:41:29.185924+00:00' AIRFLOW_CTX_TRY_NUMBER='1' AIRFLOW_CTX_DAG_RUN_ID='manual__2024-11-25T17:41:29.185924+00:00'
[2024-11-25T17:41:31.521+0000] {logging_mixin.py:190} INFO - Task instance is in running state
[2024-11-25T17:41:31.521+0000] {logging_mixin.py:190} INFO -  Previous state of the Task instance: queued
[2024-11-25T17:41:31.522+0000] {logging_mixin.py:190} INFO - Current task name:google_sheet_data_to_s3 state:running start_date:2024-11-25 17:41:31.360764+00:00
[2024-11-25T17:41:31.523+0000] {logging_mixin.py:190} INFO - Dag name:google_firebase_s3 and current dag run status:running
[2024-11-25T17:41:31.523+0000] {taskinstance.py:731} INFO - ::endgroup::
[2024-11-25T17:41:31.524+0000] {google_api_to_s3.py:142} INFO - Transferring data from sheets to s3
[2024-11-25T17:41:31.533+0000] {connection.py:277} WARNING - Connection schemes (type: google_cloud_platform) shall not contain '_' according to RFC3986.
[2024-11-25T17:41:31.536+0000] {base.py:84} INFO - Retrieving connection 'google_cloud_default'
[2024-11-25T17:41:31.537+0000] {discovery_api.py:74} INFO - Authenticating Google API Client
[2024-11-25T17:41:31.538+0000] {taskinstance.py:3311} ERROR - Task failed with exception
Traceback (most recent call last):
  File "/home/airflow/.local/lib/python3.12/site-packages/airflow/models/taskinstance.py", line 767, in _execute_task
    result = _execute_callable(context=context, **execute_callable_kwargs)
             ^^^^^^^^^^^^^^^^^^^^^^^^^^^^^^^^^^^^^^^^^^^^^^^^^^^^^^^^^^^^^
  File "/home/airflow/.local/lib/python3.12/site-packages/airflow/models/taskinstance.py", line 733, in _execute_callable
    return ExecutionCallableRunner(
           ^^^^^^^^^^^^^^^^^^^^^^^^
  File "/home/airflow/.local/lib/python3.12/site-packages/airflow/utils/operator_helpers.py", line 252, in run
    return self.func(*args, **kwargs)
           ^^^^^^^^^^^^^^^^^^^^^^^^^^
  File "/home/airflow/.local/lib/python3.12/site-packages/airflow/models/baseoperator.py", line 417, in wrapper
    return func(self, *args, **kwargs)
           ^^^^^^^^^^^^^^^^^^^^^^^^^^^
  File "/home/airflow/.local/lib/python3.12/site-packages/airflow/providers/amazon/aws/transfers/google_api_to_s3.py", line 147, in execute
    data = self._retrieve_data_from_google_api()
           ^^^^^^^^^^^^^^^^^^^^^^^^^^^^^^^^^^^^^
  File "/home/airflow/.local/lib/python3.12/site-packages/airflow/providers/amazon/aws/transfers/google_api_to_s3.py", line 161, in _retrieve_data_from_google_api
    return google_discovery_api_hook.query(
           ^^^^^^^^^^^^^^^^^^^^^^^^^^^^^^^^
  File "/home/airflow/.local/lib/python3.12/site-packages/airflow/providers/google/common/hooks/discovery_api.py", line 100, in query
    google_api_conn_client = self.get_conn()
                             ^^^^^^^^^^^^^^^
  File "/home/airflow/.local/lib/python3.12/site-packages/airflow/providers/google/common/hooks/discovery_api.py", line 77, in get_conn
    http_authorized = self._authorize()
                      ^^^^^^^^^^^^^^^^^
  File "/home/airflow/.local/lib/python3.12/site-packages/airflow/providers/google/common/hooks/base_google.py", line 405, in _authorize
    credentials = self.get_credentials()
                  ^^^^^^^^^^^^^^^^^^^^^^
  File "/home/airflow/.local/lib/python3.12/site-packages/airflow/providers/google/common/hooks/base_google.py", line 363, in get_credentials
    credentials, _ = self.get_credentials_and_project_id()
                     ^^^^^^^^^^^^^^^^^^^^^^^^^^^^^^^^^^^^^
  File "/home/airflow/.local/lib/python3.12/site-packages/airflow/providers/google/common/hooks/base_google.py", line 335, in get_credentials_and_project_id
    credentials, project_id = get_credentials_and_project_id(
                              ^^^^^^^^^^^^^^^^^^^^^^^^^^^^^^^
  File "/home/airflow/.local/lib/python3.12/site-packages/airflow/providers/google/cloud/utils/credentials_provider.py", line 411, in get_credentials_and_project_id
    return _CredentialProvider(*args, **kwargs).get_credentials_and_project()
           ^^^^^^^^^^^^^^^^^^^^^^^^^^^^^^^^^^^^^^^^^^^^^^^^^^^^^^^^^^^^^^^^^^
  File "/home/airflow/.local/lib/python3.12/site-packages/airflow/providers/google/cloud/utils/credentials_provider.py", line 257, in get_credentials_and_project
    credentials, project_id = self._get_credentials_using_key_path()
                              ^^^^^^^^^^^^^^^^^^^^^^^^^^^^^^^^^^^^^^
  File "/home/airflow/.local/lib/python3.12/site-packages/airflow/providers/google/cloud/utils/credentials_provider.py", line 315, in _get_credentials_using_key_path
    credentials = google.oauth2.service_account.Credentials.from_service_account_file(
                  ^^^^^^^^^^^^^^^^^^^^^^^^^^^^^^^^^^^^^^^^^^^^^^^^^^^^^^^^^^^^^^^^^^^^
  File "/home/airflow/.local/lib/python3.12/site-packages/google/oauth2/service_account.py", line 260, in from_service_account_file
    info, signer = _service_account_info.from_filename(
                   ^^^^^^^^^^^^^^^^^^^^^^^^^^^^^^^^^^^^
  File "/home/airflow/.local/lib/python3.12/site-packages/google/auth/_service_account_info.py", line 78, in from_filename
    with io.open(filename, "r", encoding="utf-8") as json_file:
         ^^^^^^^^^^^^^^^^^^^^^^^^^^^^^^^^^^^^^^^^
FileNotFoundError: [Errno 2] No such file or directory: '/config/client_secret_605655543727-57pmi8mf5p6uh97hhi4809q5gu7o1a7o.apps.googleusercontent.com.json'
[2024-11-25T17:41:31.551+0000] {logging_mixin.py:190} INFO - Task instance in failure state
[2024-11-25T17:41:31.552+0000] {logging_mixin.py:190} INFO - Task start:2024-11-25 17:41:31.360764+00:00 end:2024-11-25 17:41:31.551161+00:00 duration:0.190397
[2024-11-25T17:41:31.553+0000] {logging_mixin.py:190} INFO - Task:<Task(GoogleApiToS3Operator): google_sheet_data_to_s3> dag:<DAG: google_firebase_s3> dagrun:<DagRun google_firebase_s3 @ 2024-11-25 17:41:29.185924+00:00: manual__2024-11-25T17:41:29.185924+00:00, state:running, queued_at: 2024-11-25 17:41:29.194831+00:00. externally triggered: True>
[2024-11-25T17:41:31.553+0000] {logging_mixin.py:190} INFO - Failure caused by [Errno 2] No such file or directory: '/config/client_secret_605655543727-57pmi8mf5p6uh97hhi4809q5gu7o1a7o.apps.googleusercontent.com.json'
[2024-11-25T17:41:31.554+0000] {taskinstance.py:1225} INFO - Marking task as UP_FOR_RETRY. dag_id=google_firebase_s3, task_id=google_sheet_data_to_s3, run_id=manual__2024-11-25T17:41:29.185924+00:00, execution_date=20241125T174129, start_date=20241125T174131, end_date=20241125T174131
[2024-11-25T17:41:31.570+0000] {taskinstance.py:340} INFO - ::group::Post task execution logs
[2024-11-25T17:41:31.571+0000] {standard_task_runner.py:124} ERROR - Failed to execute job 21 for task google_sheet_data_to_s3 ([Errno 2] No such file or directory: '/config/client_secret_605655543727-57pmi8mf5p6uh97hhi4809q5gu7o1a7o.apps.googleusercontent.com.json'; 1790)
Traceback (most recent call last):
  File "/home/airflow/.local/lib/python3.12/site-packages/airflow/task/task_runner/standard_task_runner.py", line 117, in _start_by_fork
    ret = args.func(args, dag=self.dag)
          ^^^^^^^^^^^^^^^^^^^^^^^^^^^^^
  File "/home/airflow/.local/lib/python3.12/site-packages/airflow/cli/cli_config.py", line 49, in command
    return func(*args, **kwargs)
           ^^^^^^^^^^^^^^^^^^^^^
  File "/home/airflow/.local/lib/python3.12/site-packages/airflow/utils/cli.py", line 116, in wrapper
    return f(*args, **kwargs)
           ^^^^^^^^^^^^^^^^^^
  File "/home/airflow/.local/lib/python3.12/site-packages/airflow/cli/commands/task_command.py", line 483, in task_run
    task_return_code = _run_task_by_selected_method(args, _dag, ti)
                       ^^^^^^^^^^^^^^^^^^^^^^^^^^^^^^^^^^^^^^^^^^^^
  File "/home/airflow/.local/lib/python3.12/site-packages/airflow/cli/commands/task_command.py", line 256, in _run_task_by_selected_method
    return _run_raw_task(args, ti)
           ^^^^^^^^^^^^^^^^^^^^^^^
  File "/home/airflow/.local/lib/python3.12/site-packages/airflow/cli/commands/task_command.py", line 341, in _run_raw_task
    return ti._run_raw_task(
           ^^^^^^^^^^^^^^^^^
  File "/home/airflow/.local/lib/python3.12/site-packages/airflow/utils/session.py", line 97, in wrapper
    return func(*args, session=session, **kwargs)
           ^^^^^^^^^^^^^^^^^^^^^^^^^^^^^^^^^^^^^^
  File "/home/airflow/.local/lib/python3.12/site-packages/airflow/models/taskinstance.py", line 3005, in _run_raw_task
    return _run_raw_task(
           ^^^^^^^^^^^^^^
  File "/home/airflow/.local/lib/python3.12/site-packages/airflow/models/taskinstance.py", line 273, in _run_raw_task
    TaskInstance._execute_task_with_callbacks(
  File "/home/airflow/.local/lib/python3.12/site-packages/airflow/models/taskinstance.py", line 3159, in _execute_task_with_callbacks
    result = self._execute_task(context, task_orig)
             ^^^^^^^^^^^^^^^^^^^^^^^^^^^^^^^^^^^^^^
  File "/home/airflow/.local/lib/python3.12/site-packages/airflow/models/taskinstance.py", line 3183, in _execute_task
    return _execute_task(self, context, task_orig)
           ^^^^^^^^^^^^^^^^^^^^^^^^^^^^^^^^^^^^^^^
  File "/home/airflow/.local/lib/python3.12/site-packages/airflow/models/taskinstance.py", line 767, in _execute_task
    result = _execute_callable(context=context, **execute_callable_kwargs)
             ^^^^^^^^^^^^^^^^^^^^^^^^^^^^^^^^^^^^^^^^^^^^^^^^^^^^^^^^^^^^^
  File "/home/airflow/.local/lib/python3.12/site-packages/airflow/models/taskinstance.py", line 733, in _execute_callable
    return ExecutionCallableRunner(
           ^^^^^^^^^^^^^^^^^^^^^^^^
  File "/home/airflow/.local/lib/python3.12/site-packages/airflow/utils/operator_helpers.py", line 252, in run
    return self.func(*args, **kwargs)
           ^^^^^^^^^^^^^^^^^^^^^^^^^^
  File "/home/airflow/.local/lib/python3.12/site-packages/airflow/models/baseoperator.py", line 417, in wrapper
    return func(self, *args, **kwargs)
           ^^^^^^^^^^^^^^^^^^^^^^^^^^^
  File "/home/airflow/.local/lib/python3.12/site-packages/airflow/providers/amazon/aws/transfers/google_api_to_s3.py", line 147, in execute
    data = self._retrieve_data_from_google_api()
           ^^^^^^^^^^^^^^^^^^^^^^^^^^^^^^^^^^^^^
  File "/home/airflow/.local/lib/python3.12/site-packages/airflow/providers/amazon/aws/transfers/google_api_to_s3.py", line 161, in _retrieve_data_from_google_api
    return google_discovery_api_hook.query(
           ^^^^^^^^^^^^^^^^^^^^^^^^^^^^^^^^
  File "/home/airflow/.local/lib/python3.12/site-packages/airflow/providers/google/common/hooks/discovery_api.py", line 100, in query
    google_api_conn_client = self.get_conn()
                             ^^^^^^^^^^^^^^^
  File "/home/airflow/.local/lib/python3.12/site-packages/airflow/providers/google/common/hooks/discovery_api.py", line 77, in get_conn
    http_authorized = self._authorize()
                      ^^^^^^^^^^^^^^^^^
  File "/home/airflow/.local/lib/python3.12/site-packages/airflow/providers/google/common/hooks/base_google.py", line 405, in _authorize
    credentials = self.get_credentials()
                  ^^^^^^^^^^^^^^^^^^^^^^
  File "/home/airflow/.local/lib/python3.12/site-packages/airflow/providers/google/common/hooks/base_google.py", line 363, in get_credentials
    credentials, _ = self.get_credentials_and_project_id()
                     ^^^^^^^^^^^^^^^^^^^^^^^^^^^^^^^^^^^^^
  File "/home/airflow/.local/lib/python3.12/site-packages/airflow/providers/google/common/hooks/base_google.py", line 335, in get_credentials_and_project_id
    credentials, project_id = get_credentials_and_project_id(
                              ^^^^^^^^^^^^^^^^^^^^^^^^^^^^^^^
  File "/home/airflow/.local/lib/python3.12/site-packages/airflow/providers/google/cloud/utils/credentials_provider.py", line 411, in get_credentials_and_project_id
    return _CredentialProvider(*args, **kwargs).get_credentials_and_project()
           ^^^^^^^^^^^^^^^^^^^^^^^^^^^^^^^^^^^^^^^^^^^^^^^^^^^^^^^^^^^^^^^^^^
  File "/home/airflow/.local/lib/python3.12/site-packages/airflow/providers/google/cloud/utils/credentials_provider.py", line 257, in get_credentials_and_project
    credentials, project_id = self._get_credentials_using_key_path()
                              ^^^^^^^^^^^^^^^^^^^^^^^^^^^^^^^^^^^^^^
  File "/home/airflow/.local/lib/python3.12/site-packages/airflow/providers/google/cloud/utils/credentials_provider.py", line 315, in _get_credentials_using_key_path
    credentials = google.oauth2.service_account.Credentials.from_service_account_file(
                  ^^^^^^^^^^^^^^^^^^^^^^^^^^^^^^^^^^^^^^^^^^^^^^^^^^^^^^^^^^^^^^^^^^^^
  File "/home/airflow/.local/lib/python3.12/site-packages/google/oauth2/service_account.py", line 260, in from_service_account_file
    info, signer = _service_account_info.from_filename(
                   ^^^^^^^^^^^^^^^^^^^^^^^^^^^^^^^^^^^^
  File "/home/airflow/.local/lib/python3.12/site-packages/google/auth/_service_account_info.py", line 78, in from_filename
    with io.open(filename, "r", encoding="utf-8") as json_file:
         ^^^^^^^^^^^^^^^^^^^^^^^^^^^^^^^^^^^^^^^^
FileNotFoundError: [Errno 2] No such file or directory: '/config/client_secret_605655543727-57pmi8mf5p6uh97hhi4809q5gu7o1a7o.apps.googleusercontent.com.json'
[2024-11-25T17:41:31.604+0000] {local_task_job_runner.py:266} INFO - Task exited with return code 1
[2024-11-25T17:41:31.626+0000] {taskinstance.py:3895} INFO - 0 downstream tasks scheduled from follow-on schedule check
[2024-11-25T17:41:31.630+0000] {local_task_job_runner.py:245} INFO - ::endgroup::
