[2024-11-27T02:33:57.632+0000] {local_task_job_runner.py:123} INFO - ::group::Pre task execution logs
[2024-11-27T02:33:57.649+0000] {taskinstance.py:2613} INFO - Dependencies all met for dep_context=non-requeueable deps ti=<TaskInstance: google_sheet_to_s3_to_rds.truncate_mysql manual__2024-11-27T02:33:48.809401+00:00 [queued]>
[2024-11-27T02:33:57.656+0000] {taskinstance.py:2613} INFO - Dependencies all met for dep_context=requeueable deps ti=<TaskInstance: google_sheet_to_s3_to_rds.truncate_mysql manual__2024-11-27T02:33:48.809401+00:00 [queued]>
[2024-11-27T02:33:57.657+0000] {taskinstance.py:2866} INFO - Starting attempt 1 of 1
[2024-11-27T02:33:57.670+0000] {taskinstance.py:2889} INFO - Executing <Task(SQLExecuteQueryOperator): truncate_mysql> on 2024-11-27 02:33:48.809401+00:00
[2024-11-27T02:33:57.676+0000] {warnings.py:112} WARNING - /home/***/.local/lib/python3.12/site-packages/***/task/task_runner/standard_task_runner.py:70: DeprecationWarning: This process (pid=6074) is multi-threaded, use of fork() may lead to deadlocks in the child.
  pid = os.fork()

[2024-11-27T02:33:57.677+0000] {standard_task_runner.py:72} INFO - Started process 6076 to run task
[2024-11-27T02:33:57.678+0000] {standard_task_runner.py:104} INFO - Running: ['***', 'tasks', 'run', 'google_sheet_to_s3_to_rds', 'truncate_mysql', 'manual__2024-11-27T02:33:48.809401+00:00', '--job-id', '180', '--raw', '--subdir', 'DAGS_FOLDER/google_sheet_to_s3_to_rds.py', '--cfg-path', '/tmp/tmpgs6depr1']
[2024-11-27T02:33:57.679+0000] {standard_task_runner.py:105} INFO - Job 180: Subtask truncate_mysql
[2024-11-27T02:33:57.724+0000] {task_command.py:467} INFO - Running <TaskInstance: google_sheet_to_s3_to_rds.truncate_mysql manual__2024-11-27T02:33:48.809401+00:00 [running]> on host 4b3a7f9b2751
[2024-11-27T02:33:57.991+0000] {taskinstance.py:3132} INFO - Exporting env vars: AIRFLOW_CTX_DAG_OWNER='***' AIRFLOW_CTX_DAG_ID='google_sheet_to_s3_to_rds' AIRFLOW_CTX_TASK_ID='truncate_mysql' AIRFLOW_CTX_EXECUTION_DATE='2024-11-27T02:33:48.809401+00:00' AIRFLOW_CTX_TRY_NUMBER='1' AIRFLOW_CTX_DAG_RUN_ID='manual__2024-11-27T02:33:48.809401+00:00'
[2024-11-27T02:33:57.992+0000] {logging_mixin.py:190} INFO - Task instance is in running state
[2024-11-27T02:33:57.992+0000] {logging_mixin.py:190} INFO -  Previous state of the Task instance: queued
[2024-11-27T02:33:57.993+0000] {logging_mixin.py:190} INFO - Current task name:truncate_mysql state:running start_date:2024-11-27 02:33:57.649969+00:00
[2024-11-27T02:33:57.994+0000] {logging_mixin.py:190} INFO - Dag name:google_sheet_to_s3_to_rds and current dag run status:running
[2024-11-27T02:33:57.994+0000] {taskinstance.py:731} INFO - ::endgroup::
[2024-11-27T02:33:57.995+0000] {sql.py:278} INFO - Executing: TRUNCATE TABLE stage.dmm_lookup;
[2024-11-27T02:33:58.003+0000] {base.py:84} INFO - Retrieving connection 'mysql_conn'
[2024-11-27T02:33:58.011+0000] {base.py:84} INFO - Retrieving connection 'mysql_conn'
[2024-11-27T02:33:58.336+0000] {sql.py:544} INFO - Running statement: TRUNCATE TABLE stage.dmm_lookup;, parameters: None
[2024-11-27T02:33:58.448+0000] {sql.py:553} INFO - Rows affected: 0
[2024-11-27T02:33:58.511+0000] {taskinstance.py:340} INFO - ::group::Post task execution logs
[2024-11-27T02:33:58.512+0000] {taskinstance.py:352} INFO - Marking task as SUCCESS. dag_id=google_sheet_to_s3_to_rds, task_id=truncate_mysql, run_id=manual__2024-11-27T02:33:48.809401+00:00, execution_date=20241127T023348, start_date=20241127T023357, end_date=20241127T023358
[2024-11-27T02:33:58.533+0000] {logging_mixin.py:190} INFO - Task instance in success state
[2024-11-27T02:33:58.534+0000] {logging_mixin.py:190} INFO -  Previous state of the Task instance: running
[2024-11-27T02:33:58.535+0000] {logging_mixin.py:190} INFO - Dag name:google_sheet_to_s3_to_rds queued_at:2024-11-27 02:33:48.817633+00:00
[2024-11-27T02:33:58.535+0000] {logging_mixin.py:190} INFO - Task hostname:4b3a7f9b2751 operator:SQLExecuteQueryOperator
[2024-11-27T02:33:58.576+0000] {local_task_job_runner.py:266} INFO - Task exited with return code 0
[2024-11-27T02:33:58.602+0000] {taskinstance.py:3895} INFO - 1 downstream tasks scheduled from follow-on schedule check
[2024-11-27T02:33:58.607+0000] {local_task_job_runner.py:245} INFO - ::endgroup::
