[2024-12-06T01:11:43.769+0000] {local_task_job_runner.py:123} INFO - ::group::Pre task execution logs
[2024-12-06T01:11:43.784+0000] {taskinstance.py:2613} INFO - Dependencies all met for dep_context=non-requeueable deps ti=<TaskInstance: firestore_to_s3.fetch_firestore_data manual__2024-12-06T01:11:41.953343+00:00 [queued]>
[2024-12-06T01:11:43.792+0000] {taskinstance.py:2613} INFO - Dependencies all met for dep_context=requeueable deps ti=<TaskInstance: firestore_to_s3.fetch_firestore_data manual__2024-12-06T01:11:41.953343+00:00 [queued]>
[2024-12-06T01:11:43.793+0000] {taskinstance.py:2866} INFO - Starting attempt 1 of 1
[2024-12-06T01:11:43.805+0000] {taskinstance.py:2889} INFO - Executing <Task(PythonOperator): fetch_firestore_data> on 2024-12-06 01:11:41.953343+00:00
[2024-12-06T01:11:43.811+0000] {warnings.py:112} WARNING - /home/***/.local/lib/python3.12/site-packages/***/task/task_runner/standard_task_runner.py:70: DeprecationWarning: This process (pid=3134) is multi-threaded, use of fork() may lead to deadlocks in the child.
  pid = os.fork()

[2024-12-06T01:11:43.813+0000] {standard_task_runner.py:72} INFO - Started process 3136 to run task
[2024-12-06T01:11:43.814+0000] {standard_task_runner.py:104} INFO - Running: ['***', 'tasks', 'run', 'firestore_to_s3', 'fetch_firestore_data', 'manual__2024-12-06T01:11:41.953343+00:00', '--job-id', '223', '--raw', '--subdir', 'DAGS_FOLDER/firebase_to_s3_to_rds.py', '--cfg-path', '/tmp/tmpxqwulcew']
[2024-12-06T01:11:43.815+0000] {standard_task_runner.py:105} INFO - Job 223: Subtask fetch_firestore_data
[2024-12-06T01:11:43.858+0000] {task_command.py:467} INFO - Running <TaskInstance: firestore_to_s3.fetch_firestore_data manual__2024-12-06T01:11:41.953343+00:00 [running]> on host 4b3a7f9b2751
[2024-12-06T01:11:44.128+0000] {taskinstance.py:3132} INFO - Exporting env vars: AIRFLOW_CTX_DAG_OWNER='***' AIRFLOW_CTX_DAG_ID='firestore_to_s3' AIRFLOW_CTX_TASK_ID='fetch_firestore_data' AIRFLOW_CTX_EXECUTION_DATE='2024-12-06T01:11:41.953343+00:00' AIRFLOW_CTX_TRY_NUMBER='1' AIRFLOW_CTX_DAG_RUN_ID='manual__2024-12-06T01:11:41.953343+00:00'
[2024-12-06T01:11:44.128+0000] {logging_mixin.py:190} INFO - Task instance is in running state
[2024-12-06T01:11:44.129+0000] {logging_mixin.py:190} INFO -  Previous state of the Task instance: queued
[2024-12-06T01:11:44.129+0000] {logging_mixin.py:190} INFO - Current task name:fetch_firestore_data state:running start_date:2024-12-06 01:11:43.785362+00:00
[2024-12-06T01:11:44.130+0000] {logging_mixin.py:190} INFO - Dag name:firestore_to_s3 and current dag run status:running
[2024-12-06T01:11:44.130+0000] {taskinstance.py:731} INFO - ::endgroup::
[2024-12-06T01:11:44.559+0000] {python.py:240} INFO - Done. Returned value was: None
[2024-12-06T01:11:44.569+0000] {taskinstance.py:340} INFO - ::group::Post task execution logs
[2024-12-06T01:11:44.570+0000] {taskinstance.py:352} INFO - Marking task as SUCCESS. dag_id=firestore_to_s3, task_id=fetch_firestore_data, run_id=manual__2024-12-06T01:11:41.953343+00:00, execution_date=20241206T011141, start_date=20241206T011143, end_date=20241206T011144
[2024-12-06T01:11:44.581+0000] {logging_mixin.py:190} INFO - Task instance in success state
[2024-12-06T01:11:44.582+0000] {logging_mixin.py:190} INFO -  Previous state of the Task instance: running
[2024-12-06T01:11:44.582+0000] {logging_mixin.py:190} INFO - Dag name:firestore_to_s3 queued_at:2024-12-06 01:11:41.965398+00:00
[2024-12-06T01:11:44.583+0000] {logging_mixin.py:190} INFO - Task hostname:4b3a7f9b2751 operator:PythonOperator
[2024-12-06T01:11:44.631+0000] {local_task_job_runner.py:266} INFO - Task exited with return code 0
[2024-12-06T01:11:44.657+0000] {taskinstance.py:3895} INFO - 1 downstream tasks scheduled from follow-on schedule check
[2024-12-06T01:11:44.660+0000] {local_task_job_runner.py:245} INFO - ::endgroup::
