[2024-11-26T21:19:38.282+0000] {local_task_job_runner.py:123} INFO - ::group::Pre task execution logs
[2024-11-26T21:19:38.300+0000] {taskinstance.py:2613} INFO - Dependencies all met for dep_context=non-requeueable deps ti=<TaskInstance: google_sheet_to_s3_to_rds.download_s3_file manual__2024-11-26T21:19:26.693053+00:00 [queued]>
[2024-11-26T21:19:38.308+0000] {taskinstance.py:2613} INFO - Dependencies all met for dep_context=requeueable deps ti=<TaskInstance: google_sheet_to_s3_to_rds.download_s3_file manual__2024-11-26T21:19:26.693053+00:00 [queued]>
[2024-11-26T21:19:38.309+0000] {taskinstance.py:2866} INFO - Starting attempt 1 of 1
[2024-11-26T21:19:38.329+0000] {taskinstance.py:2889} INFO - Executing <Task(PythonOperator): download_s3_file> on 2024-11-26 21:19:26.693053+00:00
[2024-11-26T21:19:38.337+0000] {warnings.py:112} WARNING - /home/***/.local/lib/python3.12/site-packages/***/task/task_runner/standard_task_runner.py:70: DeprecationWarning: This process (pid=4299) is multi-threaded, use of fork() may lead to deadlocks in the child.
  pid = os.fork()

[2024-11-26T21:19:38.342+0000] {standard_task_runner.py:72} INFO - Started process 4301 to run task
[2024-11-26T21:19:38.342+0000] {standard_task_runner.py:104} INFO - Running: ['***', 'tasks', 'run', 'google_sheet_to_s3_to_rds', 'download_s3_file', 'manual__2024-11-26T21:19:26.693053+00:00', '--job-id', '145', '--raw', '--subdir', 'DAGS_FOLDER/google_sheet_to_s3_to_rds.py', '--cfg-path', '/tmp/tmp12a9xva1']
[2024-11-26T21:19:38.345+0000] {standard_task_runner.py:105} INFO - Job 145: Subtask download_s3_file
[2024-11-26T21:19:38.417+0000] {task_command.py:467} INFO - Running <TaskInstance: google_sheet_to_s3_to_rds.download_s3_file manual__2024-11-26T21:19:26.693053+00:00 [running]> on host 4b3a7f9b2751
[2024-11-26T21:19:38.676+0000] {taskinstance.py:3132} INFO - Exporting env vars: AIRFLOW_CTX_DAG_OWNER='***' AIRFLOW_CTX_DAG_ID='google_sheet_to_s3_to_rds' AIRFLOW_CTX_TASK_ID='download_s3_file' AIRFLOW_CTX_EXECUTION_DATE='2024-11-26T21:19:26.693053+00:00' AIRFLOW_CTX_TRY_NUMBER='1' AIRFLOW_CTX_DAG_RUN_ID='manual__2024-11-26T21:19:26.693053+00:00'
[2024-11-26T21:19:38.677+0000] {logging_mixin.py:190} INFO - Task instance is in running state
[2024-11-26T21:19:38.678+0000] {logging_mixin.py:190} INFO -  Previous state of the Task instance: queued
[2024-11-26T21:19:38.678+0000] {logging_mixin.py:190} INFO - Current task name:download_s3_file state:running start_date:2024-11-26 21:19:38.300911+00:00
[2024-11-26T21:19:38.678+0000] {logging_mixin.py:190} INFO - Dag name:google_sheet_to_s3_to_rds and current dag run status:running
[2024-11-26T21:19:38.679+0000] {taskinstance.py:731} INFO - ::endgroup::
[2024-11-26T21:19:38.744+0000] {taskinstance.py:3311} ERROR - Task failed with exception
Traceback (most recent call last):
  File "/home/airflow/.local/lib/python3.12/site-packages/airflow/models/taskinstance.py", line 767, in _execute_task
    result = _execute_callable(context=context, **execute_callable_kwargs)
             ^^^^^^^^^^^^^^^^^^^^^^^^^^^^^^^^^^^^^^^^^^^^^^^^^^^^^^^^^^^^^
  File "/home/airflow/.local/lib/python3.12/site-packages/airflow/models/taskinstance.py", line 733, in _execute_callable
    return ExecutionCallableRunner(
           ^^^^^^^^^^^^^^^^^^^^^^^^
  File "/home/airflow/.local/lib/python3.12/site-packages/airflow/utils/operator_helpers.py", line 252, in run
    return self.func(*args, **kwargs)
           ^^^^^^^^^^^^^^^^^^^^^^^^^^
  File "/home/airflow/.local/lib/python3.12/site-packages/airflow/models/baseoperator.py", line 417, in wrapper
    return func(self, *args, **kwargs)
           ^^^^^^^^^^^^^^^^^^^^^^^^^^^
  File "/home/airflow/.local/lib/python3.12/site-packages/airflow/operators/python.py", line 238, in execute
    return_value = self.execute_callable()
                   ^^^^^^^^^^^^^^^^^^^^^^^
  File "/home/airflow/.local/lib/python3.12/site-packages/airflow/operators/python.py", line 256, in execute_callable
    return runner.run(*self.op_args, **self.op_kwargs)
           ^^^^^^^^^^^^^^^^^^^^^^^^^^^^^^^^^^^^^^^^^^^
  File "/home/airflow/.local/lib/python3.12/site-packages/airflow/utils/operator_helpers.py", line 252, in run
    return self.func(*args, **kwargs)
           ^^^^^^^^^^^^^^^^^^^^^^^^^^
  File "/opt/airflow/dags/google_sheet_to_s3_to_rds.py", line 102, in download_s3_file
    s3_client = boto3.client('s3_conn')
               ^^^^^^^^^^^^^^^^^^^^^^^
  File "/home/airflow/.local/lib/python3.12/site-packages/boto3/__init__.py", line 92, in client
    return _get_default_session().client(*args, **kwargs)
           ^^^^^^^^^^^^^^^^^^^^^^^^^^^^^^^^^^^^^^^^^^^^^^
  File "/home/airflow/.local/lib/python3.12/site-packages/boto3/session.py", line 297, in client
    return self._session.create_client(
           ^^^^^^^^^^^^^^^^^^^^^^^^^^^^
  File "/home/airflow/.local/lib/python3.12/site-packages/botocore/session.py", line 997, in create_client
    client = client_creator.create_client(
             ^^^^^^^^^^^^^^^^^^^^^^^^^^^^^
  File "/home/airflow/.local/lib/python3.12/site-packages/botocore/client.py", line 132, in create_client
    service_model = self._load_service_model(service_name, api_version)
                    ^^^^^^^^^^^^^^^^^^^^^^^^^^^^^^^^^^^^^^^^^^^^^^^^^^^
  File "/home/airflow/.local/lib/python3.12/site-packages/botocore/client.py", line 239, in _load_service_model
    json_model = self._loader.load_service_model(
                 ^^^^^^^^^^^^^^^^^^^^^^^^^^^^^^^^
  File "/home/airflow/.local/lib/python3.12/site-packages/botocore/loaders.py", line 143, in _wrapper
    data = func(self, *args, **kwargs)
           ^^^^^^^^^^^^^^^^^^^^^^^^^^^
  File "/home/airflow/.local/lib/python3.12/site-packages/botocore/loaders.py", line 409, in load_service_model
    raise UnknownServiceError(
botocore.exceptions.UnknownServiceError: Unknown service: 's3_conn'. Valid service names are: accessanalyzer, account, acm, acm-pca, amp, amplify, amplifybackend, amplifyuibuilder, apigateway, apigatewaymanagementapi, apigatewayv2, appconfig, appconfigdata, appfabric, appflow, appintegrations, application-autoscaling, application-insights, application-signals, applicationcostprofiler, appmesh, apprunner, appstream, appsync, apptest, arc-zonal-shift, artifact, athena, auditmanager, autoscaling, autoscaling-plans, b2bi, backup, backup-gateway, batch, bcm-data-exports, bedrock, bedrock-agent, bedrock-agent-runtime, bedrock-runtime, billingconductor, braket, budgets, ce, chatbot, chime, chime-sdk-identity, chime-sdk-media-pipelines, chime-sdk-meetings, chime-sdk-messaging, chime-sdk-voice, cleanrooms, cleanroomsml, cloud9, cloudcontrol, clouddirectory, cloudformation, cloudfront, cloudfront-keyvaluestore, cloudhsm, cloudhsmv2, cloudsearch, cloudsearchdomain, cloudtrail, cloudtrail-data, cloudwatch, codeartifact, codebuild, codecatalyst, codecommit, codeconnections, codedeploy, codeguru-reviewer, codeguru-security, codeguruprofiler, codepipeline, codestar-connections, codestar-notifications, cognito-identity, cognito-idp, cognito-sync, comprehend, comprehendmedical, compute-optimizer, config, connect, connect-contact-lens, connectcampaigns, connectcases, connectparticipant, controlcatalog, controltower, cost-optimization-hub, cur, customer-profiles, databrew, dataexchange, datapipeline, datasync, datazone, dax, deadline, detective, devicefarm, devops-guru, directconnect, discovery, dlm, dms, docdb, docdb-elastic, drs, ds, ds-data, dynamodb, dynamodbstreams, ebs, ec2, ec2-instance-connect, ecr, ecr-public, ecs, efs, eks, eks-auth, elastic-inference, elasticache, elasticbeanstalk, elastictranscoder, elb, elbv2, emr, emr-containers, emr-serverless, entityresolution, es, events, evidently, finspace, finspace-data, firehose, fis, fms, forecast, forecastquery, frauddetector, freetier, fsx, gamelift, glacier, globalaccelerator, glue, grafana, greengrass, greengrassv2, groundstation, guardduty, health, healthlake, iam, identitystore, imagebuilder, importexport, inspector, inspector-scan, inspector2, internetmonitor, iot, iot-data, iot-jobs-data, iot1click-devices, iot1click-projects, iotanalytics, iotdeviceadvisor, iotevents, iotevents-data, iotfleethub, iotfleetwise, iotsecuretunneling, iotsitewise, iotthingsgraph, iottwinmaker, iotwireless, ivs, ivs-realtime, ivschat, kafka, kafkaconnect, kendra, kendra-ranking, keyspaces, kinesis, kinesis-video-archived-media, kinesis-video-media, kinesis-video-signaling, kinesis-video-webrtc-storage, kinesisanalytics, kinesisanalyticsv2, kinesisvideo, kms, lakeformation, lambda, launch-wizard, lex-models, lex-runtime, lexv2-models, lexv2-runtime, license-manager, license-manager-linux-subscriptions, license-manager-user-subscriptions, lightsail, location, logs, lookoutequipment, lookoutmetrics, lookoutvision, m2, machinelearning, macie2, mailmanager, managedblockchain, managedblockchain-query, marketplace-agreement, marketplace-catalog, marketplace-deployment, marketplace-entitlement, marketplace-reporting, marketplacecommerceanalytics, mediaconnect, mediaconvert, medialive, mediapackage, mediapackage-vod, mediapackagev2, mediastore, mediastore-data, mediatailor, medical-imaging, memorydb, meteringmarketplace, mgh, mgn, migration-hub-refactor-spaces, migrationhub-config, migrationhuborchestrator, migrationhubstrategy, mq, mturk, mwaa, neptune, neptune-graph, neptunedata, network-firewall, networkmanager, networkmonitor, nimble, oam, omics, opensearch, opensearchserverless, opsworks, opsworkscm, organizations, osis, outposts, panorama, payment-cryptography, payment-cryptography-data, pca-connector-ad, pca-connector-scep, pcs, personalize, personalize-events, personalize-runtime, pi, pinpoint, pinpoint-email, pinpoint-sms-voice, pinpoint-sms-voice-v2, pipes, polly, pricing, privatenetworks, proton, qapps, qbusiness, qconnect, qldb, qldb-session, quicksight, ram, rbin, rds, rds-data, redshift, redshift-data, redshift-serverless, rekognition, repostspace, resiliencehub, resource-explorer-2, resource-groups, resourcegroupstaggingapi, robomaker, rolesanywhere, route53, route53-recovery-cluster, route53-recovery-control-config, route53-recovery-readiness, route53domains, route53profiles, route53resolver, rum, s3, s3control, s3outposts, sagemaker, sagemaker-a2i-runtime, sagemaker-edge, sagemaker-featurestore-runtime, sagemaker-geospatial, sagemaker-metrics, sagemaker-runtime, savingsplans, scheduler, schemas, sdb, secretsmanager, securityhub, securitylake, serverlessrepo, service-quotas, servicecatalog, servicecatalog-appregistry, servicediscovery, ses, sesv2, shield, signer, simspaceweaver, sms, sms-voice, snow-device-management, snowball, sns, sqs, ssm, ssm-contacts, ssm-incidents, ssm-quicksetup, ssm-sap, sso, sso-admin, sso-oidc, stepfunctions, storagegateway, sts, supplychain, support, support-app, swf, synthetics, taxsettings, textract, timestream-influxdb, timestream-query, timestream-write, tnb, transcribe, transfer, translate, trustedadvisor, verifiedpermissions, voice-id, vpc-lattice, waf, waf-regional, wafv2, wellarchitected, wisdom, workdocs, workmail, workmailmessageflow, workspaces, workspaces-thin-client, workspaces-web, xray
[2024-11-26T21:19:38.762+0000] {logging_mixin.py:190} INFO - Task instance in failure state
[2024-11-26T21:19:38.762+0000] {logging_mixin.py:190} INFO - Task start:2024-11-26 21:19:38.300911+00:00 end:2024-11-26 21:19:38.761691+00:00 duration:0.46078
[2024-11-26T21:19:38.763+0000] {logging_mixin.py:190} INFO - Task:<Task(PythonOperator): download_s3_file> dag:<DAG: google_sheet_to_s3_to_rds> dagrun:<DagRun google_sheet_to_s3_to_rds @ 2024-11-26 21:19:26.693053+00:00: manual__2024-11-26T21:19:26.693053+00:00, state:running, queued_at: 2024-11-26 21:19:26.700768+00:00. externally triggered: True>
[2024-11-26T21:19:38.763+0000] {logging_mixin.py:190} INFO - Failure caused by Unknown service: 's3_conn'. Valid service names are: accessanalyzer, account, acm, acm-pca, amp, amplify, amplifybackend, amplifyuibuilder, apigateway, apigatewaymanagementapi, apigatewayv2, appconfig, appconfigdata, appfabric, appflow, appintegrations, application-autoscaling, application-insights, application-signals, applicationcostprofiler, appmesh, apprunner, appstream, appsync, apptest, arc-zonal-shift, artifact, athena, auditmanager, autoscaling, autoscaling-plans, b2bi, backup, backup-gateway, batch, bcm-data-exports, bedrock, bedrock-agent, bedrock-agent-runtime, bedrock-runtime, billingconductor, braket, budgets, ce, chatbot, chime, chime-sdk-identity, chime-sdk-media-pipelines, chime-sdk-meetings, chime-sdk-messaging, chime-sdk-voice, cleanrooms, cleanroomsml, cloud9, cloudcontrol, clouddirectory, cloudformation, cloudfront, cloudfront-keyvaluestore, cloudhsm, cloudhsmv2, cloudsearch, cloudsearchdomain, cloudtrail, cloudtrail-data, cloudwatch, codeartifact, codebuild, codecatalyst, codecommit, codeconnections, codedeploy, codeguru-reviewer, codeguru-security, codeguruprofiler, codepipeline, codestar-connections, codestar-notifications, cognito-identity, cognito-idp, cognito-sync, comprehend, comprehendmedical, compute-optimizer, config, connect, connect-contact-lens, connectcampaigns, connectcases, connectparticipant, controlcatalog, controltower, cost-optimization-hub, cur, customer-profiles, databrew, dataexchange, datapipeline, datasync, datazone, dax, deadline, detective, devicefarm, devops-guru, directconnect, discovery, dlm, dms, docdb, docdb-elastic, drs, ds, ds-data, dynamodb, dynamodbstreams, ebs, ec2, ec2-instance-connect, ecr, ecr-public, ecs, efs, eks, eks-auth, elastic-inference, elasticache, elasticbeanstalk, elastictranscoder, elb, elbv2, emr, emr-containers, emr-serverless, entityresolution, es, events, evidently, finspace, finspace-data, firehose, fis, fms, forecast, forecastquery, frauddetector, freetier, fsx, gamelift, glacier, globalaccelerator, glue, grafana, greengrass, greengrassv2, groundstation, guardduty, health, healthlake, iam, identitystore, imagebuilder, importexport, inspector, inspector-scan, inspector2, internetmonitor, iot, iot-data, iot-jobs-data, iot1click-devices, iot1click-projects, iotanalytics, iotdeviceadvisor, iotevents, iotevents-data, iotfleethub, iotfleetwise, iotsecuretunneling, iotsitewise, iotthingsgraph, iottwinmaker, iotwireless, ivs, ivs-realtime, ivschat, kafka, kafkaconnect, kendra, kendra-ranking, keyspaces, kinesis, kinesis-video-archived-media, kinesis-video-media, kinesis-video-signaling, kinesis-video-webrtc-storage, kinesisanalytics, kinesisanalyticsv2, kinesisvideo, kms, lakeformation, lambda, launch-wizard, lex-models, lex-runtime, lexv2-models, lexv2-runtime, license-manager, license-manager-linux-subscriptions, license-manager-user-subscriptions, lightsail, location, logs, lookoutequipment, lookoutmetrics, lookoutvision, m2, machinelearning, macie2, mailmanager, managedblockchain, managedblockchain-query, marketplace-agreement, marketplace-catalog, marketplace-deployment, marketplace-entitlement, marketplace-reporting, marketplacecommerceanalytics, mediaconnect, mediaconvert, medialive, mediapackage, mediapackage-vod, mediapackagev2, mediastore, mediastore-data, mediatailor, medical-imaging, memorydb, meteringmarketplace, mgh, mgn, migration-hub-refactor-spaces, migrationhub-config, migrationhuborchestrator, migrationhubstrategy, mq, mturk, mwaa, neptune, neptune-graph, neptunedata, network-firewall, networkmanager, networkmonitor, nimble, oam, omics, opensearch, opensearchserverless, opsworks, opsworkscm, organizations, osis, outposts, panorama, payment-cryptography, payment-cryptography-data, pca-connector-ad, pca-connector-scep, pcs, personalize, personalize-events, personalize-runtime, pi, pinpoint, pinpoint-email, pinpoint-sms-voice, pinpoint-sms-voice-v2, pipes, polly, pricing, privatenetworks, proton, qapps, qbusiness, qconnect, qldb, qldb-session, quicksight, ram, rbin, rds, rds-data, redshift, redshift-data, redshift-serverless, rekognition, repostspace, resiliencehub, resource-explorer-2, resource-groups, resourcegroupstaggingapi, robomaker, rolesanywhere, route53, route53-recovery-cluster, route53-recovery-control-config, route53-recovery-readiness, route53domains, route53profiles, route53resolver, rum, s3, s3control, s3outposts, sagemaker, sagemaker-a2i-runtime, sagemaker-edge, sagemaker-featurestore-runtime, sagemaker-geospatial, sagemaker-metrics, sagemaker-runtime, savingsplans, scheduler, schemas, sdb, secretsmanager, securityhub, securitylake, serverlessrepo, service-quotas, servicecatalog, servicecatalog-appregistry, servicediscovery, ses, sesv2, shield, signer, simspaceweaver, sms, sms-voice, snow-device-management, snowball, sns, sqs, ssm, ssm-contacts, ssm-incidents, ssm-quicksetup, ssm-sap, sso, sso-admin, sso-oidc, stepfunctions, storagegateway, sts, supplychain, support, support-app, swf, synthetics, taxsettings, textract, timestream-influxdb, timestream-query, timestream-write, tnb, transcribe, transfer, translate, trustedadvisor, verifiedpermissions, voice-id, vpc-lattice, waf, waf-regional, wafv2, wellarchitected, wisdom, workdocs, workmail, workmailmessageflow, workspaces, workspaces-thin-client, workspaces-web, xray
[2024-11-26T21:19:38.763+0000] {taskinstance.py:1225} INFO - Marking task as FAILED. dag_id=google_sheet_to_s3_to_rds, task_id=download_s3_file, run_id=manual__2024-11-26T21:19:26.693053+00:00, execution_date=20241126T211926, start_date=20241126T211938, end_date=20241126T211938
[2024-11-26T21:19:38.773+0000] {taskinstance.py:340} INFO - ::group::Post task execution logs
[2024-11-26T21:19:38.774+0000] {standard_task_runner.py:124} ERROR - Failed to execute job 145 for task download_s3_file (Unknown service: 's3_conn'. Valid service names are: accessanalyzer, account, acm, acm-pca, amp, amplify, amplifybackend, amplifyuibuilder, apigateway, apigatewaymanagementapi, apigatewayv2, appconfig, appconfigdata, appfabric, appflow, appintegrations, application-autoscaling, application-insights, application-signals, applicationcostprofiler, appmesh, apprunner, appstream, appsync, apptest, arc-zonal-shift, artifact, athena, auditmanager, autoscaling, autoscaling-plans, b2bi, backup, backup-gateway, batch, bcm-data-exports, bedrock, bedrock-agent, bedrock-agent-runtime, bedrock-runtime, billingconductor, braket, budgets, ce, chatbot, chime, chime-sdk-identity, chime-sdk-media-pipelines, chime-sdk-meetings, chime-sdk-messaging, chime-sdk-voice, cleanrooms, cleanroomsml, cloud9, cloudcontrol, clouddirectory, cloudformation, cloudfront, cloudfront-keyvaluestore, cloudhsm, cloudhsmv2, cloudsearch, cloudsearchdomain, cloudtrail, cloudtrail-data, cloudwatch, codeartifact, codebuild, codecatalyst, codecommit, codeconnections, codedeploy, codeguru-reviewer, codeguru-security, codeguruprofiler, codepipeline, codestar-connections, codestar-notifications, cognito-identity, cognito-idp, cognito-sync, comprehend, comprehendmedical, compute-optimizer, config, connect, connect-contact-lens, connectcampaigns, connectcases, connectparticipant, controlcatalog, controltower, cost-optimization-hub, cur, customer-profiles, databrew, dataexchange, datapipeline, datasync, datazone, dax, deadline, detective, devicefarm, devops-guru, directconnect, discovery, dlm, dms, docdb, docdb-elastic, drs, ds, ds-data, dynamodb, dynamodbstreams, ebs, ec2, ec2-instance-connect, ecr, ecr-public, ecs, efs, eks, eks-auth, elastic-inference, elasticache, elasticbeanstalk, elastictranscoder, elb, elbv2, emr, emr-containers, emr-serverless, entityresolution, es, events, evidently, finspace, finspace-data, firehose, fis, fms, forecast, forecastquery, frauddetector, freetier, fsx, gamelift, glacier, globalaccelerator, glue, grafana, greengrass, greengrassv2, groundstation, guardduty, health, healthlake, iam, identitystore, imagebuilder, importexport, inspector, inspector-scan, inspector2, internetmonitor, iot, iot-data, iot-jobs-data, iot1click-devices, iot1click-projects, iotanalytics, iotdeviceadvisor, iotevents, iotevents-data, iotfleethub, iotfleetwise, iotsecuretunneling, iotsitewise, iotthingsgraph, iottwinmaker, iotwireless, ivs, ivs-realtime, ivschat, kafka, kafkaconnect, kendra, kendra-ranking, keyspaces, kinesis, kinesis-video-archived-media, kinesis-video-media, kinesis-video-signaling, kinesis-video-webrtc-storage, kinesisanalytics, kinesisanalyticsv2, kinesisvideo, kms, lakeformation, lambda, launch-wizard, lex-models, lex-runtime, lexv2-models, lexv2-runtime, license-manager, license-manager-linux-subscriptions, license-manager-user-subscriptions, lightsail, location, logs, lookoutequipment, lookoutmetrics, lookoutvision, m2, machinelearning, macie2, mailmanager, managedblockchain, managedblockchain-query, marketplace-agreement, marketplace-catalog, marketplace-deployment, marketplace-entitlement, marketplace-reporting, marketplacecommerceanalytics, mediaconnect, mediaconvert, medialive, mediapackage, mediapackage-vod, mediapackagev2, mediastore, mediastore-data, mediatailor, medical-imaging, memorydb, meteringmarketplace, mgh, mgn, migration-hub-refactor-spaces, migrationhub-config, migrationhuborchestrator, migrationhubstrategy, mq, mturk, mwaa, neptune, neptune-graph, neptunedata, network-firewall, networkmanager, networkmonitor, nimble, oam, omics, opensearch, opensearchserverless, opsworks, opsworkscm, organizations, osis, outposts, panorama, payment-cryptography, payment-cryptography-data, pca-connector-ad, pca-connector-scep, pcs, personalize, personalize-events, personalize-runtime, pi, pinpoint, pinpoint-email, pinpoint-sms-voice, pinpoint-sms-voice-v2, pipes, polly, pricing, privatenetworks, proton, qapps, qbusiness, qconnect, qldb, qldb-session, quicksight, ram, rbin, rds, rds-data, redshift, redshift-data, redshift-serverless, rekognition, repostspace, resiliencehub, resource-explorer-2, resource-groups, resourcegroupstaggingapi, robomaker, rolesanywhere, route53, route53-recovery-cluster, route53-recovery-control-config, route53-recovery-readiness, route53domains, route53profiles, route53resolver, rum, s3, s3control, s3outposts, sagemaker, sagemaker-a2i-runtime, sagemaker-edge, sagemaker-featurestore-runtime, sagemaker-geospatial, sagemaker-metrics, sagemaker-runtime, savingsplans, scheduler, schemas, sdb, secretsmanager, securityhub, securitylake, serverlessrepo, service-quotas, servicecatalog, servicecatalog-appregistry, servicediscovery, ses, sesv2, shield, signer, simspaceweaver, sms, sms-voice, snow-device-management, snowball, sns, sqs, ssm, ssm-contacts, ssm-incidents, ssm-quicksetup, ssm-sap, sso, sso-admin, sso-oidc, stepfunctions, storagegateway, sts, supplychain, support, support-app, swf, synthetics, taxsettings, textract, timestream-influxdb, timestream-query, timestream-write, tnb, transcribe, transfer, translate, trustedadvisor, verifiedpermissions, voice-id, vpc-lattice, waf, waf-regional, wafv2, wellarchitected, wisdom, workdocs, workmail, workmailmessageflow, workspaces, workspaces-thin-client, workspaces-web, xray; 4301)
Traceback (most recent call last):
  File "/home/airflow/.local/lib/python3.12/site-packages/airflow/task/task_runner/standard_task_runner.py", line 117, in _start_by_fork
    ret = args.func(args, dag=self.dag)
          ^^^^^^^^^^^^^^^^^^^^^^^^^^^^^
  File "/home/airflow/.local/lib/python3.12/site-packages/airflow/cli/cli_config.py", line 49, in command
    return func(*args, **kwargs)
           ^^^^^^^^^^^^^^^^^^^^^
  File "/home/airflow/.local/lib/python3.12/site-packages/airflow/utils/cli.py", line 116, in wrapper
    return f(*args, **kwargs)
           ^^^^^^^^^^^^^^^^^^
  File "/home/airflow/.local/lib/python3.12/site-packages/airflow/cli/commands/task_command.py", line 483, in task_run
    task_return_code = _run_task_by_selected_method(args, _dag, ti)
                       ^^^^^^^^^^^^^^^^^^^^^^^^^^^^^^^^^^^^^^^^^^^^
  File "/home/airflow/.local/lib/python3.12/site-packages/airflow/cli/commands/task_command.py", line 256, in _run_task_by_selected_method
    return _run_raw_task(args, ti)
           ^^^^^^^^^^^^^^^^^^^^^^^
  File "/home/airflow/.local/lib/python3.12/site-packages/airflow/cli/commands/task_command.py", line 341, in _run_raw_task
    return ti._run_raw_task(
           ^^^^^^^^^^^^^^^^^
  File "/home/airflow/.local/lib/python3.12/site-packages/airflow/utils/session.py", line 97, in wrapper
    return func(*args, session=session, **kwargs)
           ^^^^^^^^^^^^^^^^^^^^^^^^^^^^^^^^^^^^^^
  File "/home/airflow/.local/lib/python3.12/site-packages/airflow/models/taskinstance.py", line 3005, in _run_raw_task
    return _run_raw_task(
           ^^^^^^^^^^^^^^
  File "/home/airflow/.local/lib/python3.12/site-packages/airflow/models/taskinstance.py", line 273, in _run_raw_task
    TaskInstance._execute_task_with_callbacks(
  File "/home/airflow/.local/lib/python3.12/site-packages/airflow/models/taskinstance.py", line 3159, in _execute_task_with_callbacks
    result = self._execute_task(context, task_orig)
             ^^^^^^^^^^^^^^^^^^^^^^^^^^^^^^^^^^^^^^
  File "/home/airflow/.local/lib/python3.12/site-packages/airflow/models/taskinstance.py", line 3183, in _execute_task
    return _execute_task(self, context, task_orig)
           ^^^^^^^^^^^^^^^^^^^^^^^^^^^^^^^^^^^^^^^
  File "/home/airflow/.local/lib/python3.12/site-packages/airflow/models/taskinstance.py", line 767, in _execute_task
    result = _execute_callable(context=context, **execute_callable_kwargs)
             ^^^^^^^^^^^^^^^^^^^^^^^^^^^^^^^^^^^^^^^^^^^^^^^^^^^^^^^^^^^^^
  File "/home/airflow/.local/lib/python3.12/site-packages/airflow/models/taskinstance.py", line 733, in _execute_callable
    return ExecutionCallableRunner(
           ^^^^^^^^^^^^^^^^^^^^^^^^
  File "/home/airflow/.local/lib/python3.12/site-packages/airflow/utils/operator_helpers.py", line 252, in run
    return self.func(*args, **kwargs)
           ^^^^^^^^^^^^^^^^^^^^^^^^^^
  File "/home/airflow/.local/lib/python3.12/site-packages/airflow/models/baseoperator.py", line 417, in wrapper
    return func(self, *args, **kwargs)
           ^^^^^^^^^^^^^^^^^^^^^^^^^^^
  File "/home/airflow/.local/lib/python3.12/site-packages/airflow/operators/python.py", line 238, in execute
    return_value = self.execute_callable()
                   ^^^^^^^^^^^^^^^^^^^^^^^
  File "/home/airflow/.local/lib/python3.12/site-packages/airflow/operators/python.py", line 256, in execute_callable
    return runner.run(*self.op_args, **self.op_kwargs)
           ^^^^^^^^^^^^^^^^^^^^^^^^^^^^^^^^^^^^^^^^^^^
  File "/home/airflow/.local/lib/python3.12/site-packages/airflow/utils/operator_helpers.py", line 252, in run
    return self.func(*args, **kwargs)
           ^^^^^^^^^^^^^^^^^^^^^^^^^^
  File "/opt/airflow/dags/google_sheet_to_s3_to_rds.py", line 102, in download_s3_file
    s3_client = boto3.client('s3_conn')
               ^^^^^^^^^^^^^^^^^^^^^^^
  File "/home/airflow/.local/lib/python3.12/site-packages/boto3/__init__.py", line 92, in client
    return _get_default_session().client(*args, **kwargs)
           ^^^^^^^^^^^^^^^^^^^^^^^^^^^^^^^^^^^^^^^^^^^^^^
  File "/home/airflow/.local/lib/python3.12/site-packages/boto3/session.py", line 297, in client
    return self._session.create_client(
           ^^^^^^^^^^^^^^^^^^^^^^^^^^^^
  File "/home/airflow/.local/lib/python3.12/site-packages/botocore/session.py", line 997, in create_client
    client = client_creator.create_client(
             ^^^^^^^^^^^^^^^^^^^^^^^^^^^^^
  File "/home/airflow/.local/lib/python3.12/site-packages/botocore/client.py", line 132, in create_client
    service_model = self._load_service_model(service_name, api_version)
                    ^^^^^^^^^^^^^^^^^^^^^^^^^^^^^^^^^^^^^^^^^^^^^^^^^^^
  File "/home/airflow/.local/lib/python3.12/site-packages/botocore/client.py", line 239, in _load_service_model
    json_model = self._loader.load_service_model(
                 ^^^^^^^^^^^^^^^^^^^^^^^^^^^^^^^^
  File "/home/airflow/.local/lib/python3.12/site-packages/botocore/loaders.py", line 143, in _wrapper
    data = func(self, *args, **kwargs)
           ^^^^^^^^^^^^^^^^^^^^^^^^^^^
  File "/home/airflow/.local/lib/python3.12/site-packages/botocore/loaders.py", line 409, in load_service_model
    raise UnknownServiceError(
botocore.exceptions.UnknownServiceError: Unknown service: 's3_conn'. Valid service names are: accessanalyzer, account, acm, acm-pca, amp, amplify, amplifybackend, amplifyuibuilder, apigateway, apigatewaymanagementapi, apigatewayv2, appconfig, appconfigdata, appfabric, appflow, appintegrations, application-autoscaling, application-insights, application-signals, applicationcostprofiler, appmesh, apprunner, appstream, appsync, apptest, arc-zonal-shift, artifact, athena, auditmanager, autoscaling, autoscaling-plans, b2bi, backup, backup-gateway, batch, bcm-data-exports, bedrock, bedrock-agent, bedrock-agent-runtime, bedrock-runtime, billingconductor, braket, budgets, ce, chatbot, chime, chime-sdk-identity, chime-sdk-media-pipelines, chime-sdk-meetings, chime-sdk-messaging, chime-sdk-voice, cleanrooms, cleanroomsml, cloud9, cloudcontrol, clouddirectory, cloudformation, cloudfront, cloudfront-keyvaluestore, cloudhsm, cloudhsmv2, cloudsearch, cloudsearchdomain, cloudtrail, cloudtrail-data, cloudwatch, codeartifact, codebuild, codecatalyst, codecommit, codeconnections, codedeploy, codeguru-reviewer, codeguru-security, codeguruprofiler, codepipeline, codestar-connections, codestar-notifications, cognito-identity, cognito-idp, cognito-sync, comprehend, comprehendmedical, compute-optimizer, config, connect, connect-contact-lens, connectcampaigns, connectcases, connectparticipant, controlcatalog, controltower, cost-optimization-hub, cur, customer-profiles, databrew, dataexchange, datapipeline, datasync, datazone, dax, deadline, detective, devicefarm, devops-guru, directconnect, discovery, dlm, dms, docdb, docdb-elastic, drs, ds, ds-data, dynamodb, dynamodbstreams, ebs, ec2, ec2-instance-connect, ecr, ecr-public, ecs, efs, eks, eks-auth, elastic-inference, elasticache, elasticbeanstalk, elastictranscoder, elb, elbv2, emr, emr-containers, emr-serverless, entityresolution, es, events, evidently, finspace, finspace-data, firehose, fis, fms, forecast, forecastquery, frauddetector, freetier, fsx, gamelift, glacier, globalaccelerator, glue, grafana, greengrass, greengrassv2, groundstation, guardduty, health, healthlake, iam, identitystore, imagebuilder, importexport, inspector, inspector-scan, inspector2, internetmonitor, iot, iot-data, iot-jobs-data, iot1click-devices, iot1click-projects, iotanalytics, iotdeviceadvisor, iotevents, iotevents-data, iotfleethub, iotfleetwise, iotsecuretunneling, iotsitewise, iotthingsgraph, iottwinmaker, iotwireless, ivs, ivs-realtime, ivschat, kafka, kafkaconnect, kendra, kendra-ranking, keyspaces, kinesis, kinesis-video-archived-media, kinesis-video-media, kinesis-video-signaling, kinesis-video-webrtc-storage, kinesisanalytics, kinesisanalyticsv2, kinesisvideo, kms, lakeformation, lambda, launch-wizard, lex-models, lex-runtime, lexv2-models, lexv2-runtime, license-manager, license-manager-linux-subscriptions, license-manager-user-subscriptions, lightsail, location, logs, lookoutequipment, lookoutmetrics, lookoutvision, m2, machinelearning, macie2, mailmanager, managedblockchain, managedblockchain-query, marketplace-agreement, marketplace-catalog, marketplace-deployment, marketplace-entitlement, marketplace-reporting, marketplacecommerceanalytics, mediaconnect, mediaconvert, medialive, mediapackage, mediapackage-vod, mediapackagev2, mediastore, mediastore-data, mediatailor, medical-imaging, memorydb, meteringmarketplace, mgh, mgn, migration-hub-refactor-spaces, migrationhub-config, migrationhuborchestrator, migrationhubstrategy, mq, mturk, mwaa, neptune, neptune-graph, neptunedata, network-firewall, networkmanager, networkmonitor, nimble, oam, omics, opensearch, opensearchserverless, opsworks, opsworkscm, organizations, osis, outposts, panorama, payment-cryptography, payment-cryptography-data, pca-connector-ad, pca-connector-scep, pcs, personalize, personalize-events, personalize-runtime, pi, pinpoint, pinpoint-email, pinpoint-sms-voice, pinpoint-sms-voice-v2, pipes, polly, pricing, privatenetworks, proton, qapps, qbusiness, qconnect, qldb, qldb-session, quicksight, ram, rbin, rds, rds-data, redshift, redshift-data, redshift-serverless, rekognition, repostspace, resiliencehub, resource-explorer-2, resource-groups, resourcegroupstaggingapi, robomaker, rolesanywhere, route53, route53-recovery-cluster, route53-recovery-control-config, route53-recovery-readiness, route53domains, route53profiles, route53resolver, rum, s3, s3control, s3outposts, sagemaker, sagemaker-a2i-runtime, sagemaker-edge, sagemaker-featurestore-runtime, sagemaker-geospatial, sagemaker-metrics, sagemaker-runtime, savingsplans, scheduler, schemas, sdb, secretsmanager, securityhub, securitylake, serverlessrepo, service-quotas, servicecatalog, servicecatalog-appregistry, servicediscovery, ses, sesv2, shield, signer, simspaceweaver, sms, sms-voice, snow-device-management, snowball, sns, sqs, ssm, ssm-contacts, ssm-incidents, ssm-quicksetup, ssm-sap, sso, sso-admin, sso-oidc, stepfunctions, storagegateway, sts, supplychain, support, support-app, swf, synthetics, taxsettings, textract, timestream-influxdb, timestream-query, timestream-write, tnb, transcribe, transfer, translate, trustedadvisor, verifiedpermissions, voice-id, vpc-lattice, waf, waf-regional, wafv2, wellarchitected, wisdom, workdocs, workmail, workmailmessageflow, workspaces, workspaces-thin-client, workspaces-web, xray
[2024-11-26T21:19:38.803+0000] {local_task_job_runner.py:266} INFO - Task exited with return code 1
[2024-11-26T21:19:38.824+0000] {taskinstance.py:3895} INFO - 0 downstream tasks scheduled from follow-on schedule check
[2024-11-26T21:19:38.829+0000] {local_task_job_runner.py:245} INFO - ::endgroup::
