[2024-12-01T02:10:58.989+0000] {processor.py:186} INFO - Started process (PID=50540) to work on /home/airflow/.local/lib/python3.12/site-packages/airflow/example_dags/example_task_group.py
[2024-12-01T02:10:58.991+0000] {processor.py:914} INFO - Processing file /home/airflow/.local/lib/python3.12/site-packages/airflow/example_dags/example_task_group.py for tasks to queue
[2024-12-01T02:10:58.994+0000] {logging_mixin.py:190} INFO - [2024-12-01T02:10:58.994+0000] {dagbag.py:588} INFO - Filling up the DagBag from /home/airflow/.local/lib/python3.12/site-packages/airflow/example_dags/example_task_group.py
[2024-12-01T02:10:59.014+0000] {processor.py:925} INFO - DAG(s) 'example_task_group' retrieved from /home/airflow/.local/lib/python3.12/site-packages/airflow/example_dags/example_task_group.py
[2024-12-01T02:10:59.059+0000] {logging_mixin.py:190} INFO - [2024-12-01T02:10:59.058+0000] {dag.py:3239} INFO - Sync 1 DAGs
[2024-12-01T02:10:59.084+0000] {logging_mixin.py:190} INFO - [2024-12-01T02:10:59.083+0000] {dag.py:4180} INFO - Setting next_dagrun for example_task_group to None, run_after=None
[2024-12-01T02:10:59.123+0000] {processor.py:208} INFO - Processing /home/airflow/.local/lib/python3.12/site-packages/airflow/example_dags/example_task_group.py took 0.143 seconds
[2024-12-01T02:11:29.279+0000] {processor.py:186} INFO - Started process (PID=50607) to work on /home/airflow/.local/lib/python3.12/site-packages/airflow/example_dags/example_task_group.py
[2024-12-01T02:11:29.280+0000] {processor.py:914} INFO - Processing file /home/airflow/.local/lib/python3.12/site-packages/airflow/example_dags/example_task_group.py for tasks to queue
[2024-12-01T02:11:29.282+0000] {logging_mixin.py:190} INFO - [2024-12-01T02:11:29.282+0000] {dagbag.py:588} INFO - Filling up the DagBag from /home/airflow/.local/lib/python3.12/site-packages/airflow/example_dags/example_task_group.py
[2024-12-01T02:11:29.291+0000] {processor.py:925} INFO - DAG(s) 'example_task_group' retrieved from /home/airflow/.local/lib/python3.12/site-packages/airflow/example_dags/example_task_group.py
[2024-12-01T02:11:29.310+0000] {logging_mixin.py:190} INFO - [2024-12-01T02:11:29.310+0000] {dag.py:3239} INFO - Sync 1 DAGs
[2024-12-01T02:11:29.323+0000] {logging_mixin.py:190} INFO - [2024-12-01T02:11:29.323+0000] {dag.py:4180} INFO - Setting next_dagrun for example_task_group to None, run_after=None
[2024-12-01T02:11:29.340+0000] {processor.py:208} INFO - Processing /home/airflow/.local/lib/python3.12/site-packages/airflow/example_dags/example_task_group.py took 0.067 seconds
[2024-12-01T02:11:59.862+0000] {processor.py:186} INFO - Started process (PID=50673) to work on /home/airflow/.local/lib/python3.12/site-packages/airflow/example_dags/example_task_group.py
[2024-12-01T02:11:59.863+0000] {processor.py:914} INFO - Processing file /home/airflow/.local/lib/python3.12/site-packages/airflow/example_dags/example_task_group.py for tasks to queue
[2024-12-01T02:11:59.865+0000] {logging_mixin.py:190} INFO - [2024-12-01T02:11:59.865+0000] {dagbag.py:588} INFO - Filling up the DagBag from /home/airflow/.local/lib/python3.12/site-packages/airflow/example_dags/example_task_group.py
[2024-12-01T02:11:59.874+0000] {processor.py:925} INFO - DAG(s) 'example_task_group' retrieved from /home/airflow/.local/lib/python3.12/site-packages/airflow/example_dags/example_task_group.py
[2024-12-01T02:11:59.900+0000] {logging_mixin.py:190} INFO - [2024-12-01T02:11:59.900+0000] {dag.py:3239} INFO - Sync 1 DAGs
[2024-12-01T02:11:59.914+0000] {logging_mixin.py:190} INFO - [2024-12-01T02:11:59.913+0000] {dag.py:4180} INFO - Setting next_dagrun for example_task_group to None, run_after=None
[2024-12-01T02:11:59.936+0000] {processor.py:208} INFO - Processing /home/airflow/.local/lib/python3.12/site-packages/airflow/example_dags/example_task_group.py took 0.080 seconds
[2024-12-01T02:12:31.352+0000] {processor.py:186} INFO - Started process (PID=50739) to work on /home/airflow/.local/lib/python3.12/site-packages/airflow/example_dags/example_task_group.py
[2024-12-01T02:12:31.353+0000] {processor.py:914} INFO - Processing file /home/airflow/.local/lib/python3.12/site-packages/airflow/example_dags/example_task_group.py for tasks to queue
[2024-12-01T02:12:31.355+0000] {logging_mixin.py:190} INFO - [2024-12-01T02:12:31.354+0000] {dagbag.py:588} INFO - Filling up the DagBag from /home/airflow/.local/lib/python3.12/site-packages/airflow/example_dags/example_task_group.py
[2024-12-01T02:12:31.363+0000] {processor.py:925} INFO - DAG(s) 'example_task_group' retrieved from /home/airflow/.local/lib/python3.12/site-packages/airflow/example_dags/example_task_group.py
[2024-12-01T02:12:31.383+0000] {logging_mixin.py:190} INFO - [2024-12-01T02:12:31.383+0000] {dag.py:3239} INFO - Sync 1 DAGs
[2024-12-01T02:12:31.397+0000] {logging_mixin.py:190} INFO - [2024-12-01T02:12:31.397+0000] {dag.py:4180} INFO - Setting next_dagrun for example_task_group to None, run_after=None
[2024-12-01T02:12:31.413+0000] {processor.py:208} INFO - Processing /home/airflow/.local/lib/python3.12/site-packages/airflow/example_dags/example_task_group.py took 0.067 seconds
[2024-12-01T02:13:02.264+0000] {processor.py:186} INFO - Started process (PID=50805) to work on /home/airflow/.local/lib/python3.12/site-packages/airflow/example_dags/example_task_group.py
[2024-12-01T02:13:02.265+0000] {processor.py:914} INFO - Processing file /home/airflow/.local/lib/python3.12/site-packages/airflow/example_dags/example_task_group.py for tasks to queue
[2024-12-01T02:13:02.267+0000] {logging_mixin.py:190} INFO - [2024-12-01T02:13:02.267+0000] {dagbag.py:588} INFO - Filling up the DagBag from /home/airflow/.local/lib/python3.12/site-packages/airflow/example_dags/example_task_group.py
[2024-12-01T02:13:02.275+0000] {processor.py:925} INFO - DAG(s) 'example_task_group' retrieved from /home/airflow/.local/lib/python3.12/site-packages/airflow/example_dags/example_task_group.py
[2024-12-01T02:13:02.295+0000] {logging_mixin.py:190} INFO - [2024-12-01T02:13:02.295+0000] {dag.py:3239} INFO - Sync 1 DAGs
[2024-12-01T02:13:02.309+0000] {logging_mixin.py:190} INFO - [2024-12-01T02:13:02.308+0000] {dag.py:4180} INFO - Setting next_dagrun for example_task_group to None, run_after=None
[2024-12-01T02:13:02.325+0000] {processor.py:208} INFO - Processing /home/airflow/.local/lib/python3.12/site-packages/airflow/example_dags/example_task_group.py took 0.066 seconds
[2024-12-01T02:13:32.953+0000] {processor.py:186} INFO - Started process (PID=50871) to work on /home/airflow/.local/lib/python3.12/site-packages/airflow/example_dags/example_task_group.py
[2024-12-01T02:13:32.954+0000] {processor.py:914} INFO - Processing file /home/airflow/.local/lib/python3.12/site-packages/airflow/example_dags/example_task_group.py for tasks to queue
[2024-12-01T02:13:32.956+0000] {logging_mixin.py:190} INFO - [2024-12-01T02:13:32.956+0000] {dagbag.py:588} INFO - Filling up the DagBag from /home/airflow/.local/lib/python3.12/site-packages/airflow/example_dags/example_task_group.py
[2024-12-01T02:13:32.964+0000] {processor.py:925} INFO - DAG(s) 'example_task_group' retrieved from /home/airflow/.local/lib/python3.12/site-packages/airflow/example_dags/example_task_group.py
[2024-12-01T02:13:32.983+0000] {logging_mixin.py:190} INFO - [2024-12-01T02:13:32.983+0000] {dag.py:3239} INFO - Sync 1 DAGs
[2024-12-01T02:13:32.996+0000] {logging_mixin.py:190} INFO - [2024-12-01T02:13:32.995+0000] {dag.py:4180} INFO - Setting next_dagrun for example_task_group to None, run_after=None
[2024-12-01T02:13:33.010+0000] {processor.py:208} INFO - Processing /home/airflow/.local/lib/python3.12/site-packages/airflow/example_dags/example_task_group.py took 0.062 seconds
[2024-12-01T02:14:03.666+0000] {processor.py:186} INFO - Started process (PID=50937) to work on /home/airflow/.local/lib/python3.12/site-packages/airflow/example_dags/example_task_group.py
[2024-12-01T02:14:03.667+0000] {processor.py:914} INFO - Processing file /home/airflow/.local/lib/python3.12/site-packages/airflow/example_dags/example_task_group.py for tasks to queue
[2024-12-01T02:14:03.669+0000] {logging_mixin.py:190} INFO - [2024-12-01T02:14:03.669+0000] {dagbag.py:588} INFO - Filling up the DagBag from /home/airflow/.local/lib/python3.12/site-packages/airflow/example_dags/example_task_group.py
[2024-12-01T02:14:03.678+0000] {processor.py:925} INFO - DAG(s) 'example_task_group' retrieved from /home/airflow/.local/lib/python3.12/site-packages/airflow/example_dags/example_task_group.py
[2024-12-01T02:14:03.703+0000] {logging_mixin.py:190} INFO - [2024-12-01T02:14:03.702+0000] {dag.py:3239} INFO - Sync 1 DAGs
[2024-12-01T02:14:03.716+0000] {logging_mixin.py:190} INFO - [2024-12-01T02:14:03.716+0000] {dag.py:4180} INFO - Setting next_dagrun for example_task_group to None, run_after=None
[2024-12-01T02:14:03.733+0000] {processor.py:208} INFO - Processing /home/airflow/.local/lib/python3.12/site-packages/airflow/example_dags/example_task_group.py took 0.073 seconds
[2024-12-01T02:14:35.120+0000] {processor.py:186} INFO - Started process (PID=51003) to work on /home/airflow/.local/lib/python3.12/site-packages/airflow/example_dags/example_task_group.py
[2024-12-01T02:14:35.121+0000] {processor.py:914} INFO - Processing file /home/airflow/.local/lib/python3.12/site-packages/airflow/example_dags/example_task_group.py for tasks to queue
[2024-12-01T02:14:35.123+0000] {logging_mixin.py:190} INFO - [2024-12-01T02:14:35.123+0000] {dagbag.py:588} INFO - Filling up the DagBag from /home/airflow/.local/lib/python3.12/site-packages/airflow/example_dags/example_task_group.py
[2024-12-01T02:14:35.132+0000] {processor.py:925} INFO - DAG(s) 'example_task_group' retrieved from /home/airflow/.local/lib/python3.12/site-packages/airflow/example_dags/example_task_group.py
[2024-12-01T02:14:35.152+0000] {logging_mixin.py:190} INFO - [2024-12-01T02:14:35.152+0000] {dag.py:3239} INFO - Sync 1 DAGs
[2024-12-01T02:14:35.165+0000] {logging_mixin.py:190} INFO - [2024-12-01T02:14:35.165+0000] {dag.py:4180} INFO - Setting next_dagrun for example_task_group to None, run_after=None
[2024-12-01T02:14:35.181+0000] {processor.py:208} INFO - Processing /home/airflow/.local/lib/python3.12/site-packages/airflow/example_dags/example_task_group.py took 0.067 seconds
[2024-12-01T02:15:05.661+0000] {processor.py:186} INFO - Started process (PID=51069) to work on /home/airflow/.local/lib/python3.12/site-packages/airflow/example_dags/example_task_group.py
[2024-12-01T02:15:05.662+0000] {processor.py:914} INFO - Processing file /home/airflow/.local/lib/python3.12/site-packages/airflow/example_dags/example_task_group.py for tasks to queue
[2024-12-01T02:15:05.664+0000] {logging_mixin.py:190} INFO - [2024-12-01T02:15:05.664+0000] {dagbag.py:588} INFO - Filling up the DagBag from /home/airflow/.local/lib/python3.12/site-packages/airflow/example_dags/example_task_group.py
[2024-12-01T02:15:05.672+0000] {processor.py:925} INFO - DAG(s) 'example_task_group' retrieved from /home/airflow/.local/lib/python3.12/site-packages/airflow/example_dags/example_task_group.py
[2024-12-01T02:15:05.692+0000] {logging_mixin.py:190} INFO - [2024-12-01T02:15:05.692+0000] {dag.py:3239} INFO - Sync 1 DAGs
[2024-12-01T02:15:05.705+0000] {logging_mixin.py:190} INFO - [2024-12-01T02:15:05.705+0000] {dag.py:4180} INFO - Setting next_dagrun for example_task_group to None, run_after=None
[2024-12-01T02:15:05.728+0000] {processor.py:208} INFO - Processing /home/airflow/.local/lib/python3.12/site-packages/airflow/example_dags/example_task_group.py took 0.072 seconds
[2024-12-01T02:15:36.775+0000] {processor.py:186} INFO - Started process (PID=51135) to work on /home/airflow/.local/lib/python3.12/site-packages/airflow/example_dags/example_task_group.py
[2024-12-01T02:15:36.776+0000] {processor.py:914} INFO - Processing file /home/airflow/.local/lib/python3.12/site-packages/airflow/example_dags/example_task_group.py for tasks to queue
[2024-12-01T02:15:36.778+0000] {logging_mixin.py:190} INFO - [2024-12-01T02:15:36.778+0000] {dagbag.py:588} INFO - Filling up the DagBag from /home/airflow/.local/lib/python3.12/site-packages/airflow/example_dags/example_task_group.py
[2024-12-01T02:15:36.786+0000] {processor.py:925} INFO - DAG(s) 'example_task_group' retrieved from /home/airflow/.local/lib/python3.12/site-packages/airflow/example_dags/example_task_group.py
[2024-12-01T02:15:36.807+0000] {logging_mixin.py:190} INFO - [2024-12-01T02:15:36.807+0000] {dag.py:3239} INFO - Sync 1 DAGs
[2024-12-01T02:15:36.820+0000] {logging_mixin.py:190} INFO - [2024-12-01T02:15:36.820+0000] {dag.py:4180} INFO - Setting next_dagrun for example_task_group to None, run_after=None
[2024-12-01T02:15:36.838+0000] {processor.py:208} INFO - Processing /home/airflow/.local/lib/python3.12/site-packages/airflow/example_dags/example_task_group.py took 0.068 seconds
[2024-12-01T02:16:07.872+0000] {processor.py:186} INFO - Started process (PID=51201) to work on /home/airflow/.local/lib/python3.12/site-packages/airflow/example_dags/example_task_group.py
[2024-12-01T02:16:07.873+0000] {processor.py:914} INFO - Processing file /home/airflow/.local/lib/python3.12/site-packages/airflow/example_dags/example_task_group.py for tasks to queue
[2024-12-01T02:16:07.875+0000] {logging_mixin.py:190} INFO - [2024-12-01T02:16:07.875+0000] {dagbag.py:588} INFO - Filling up the DagBag from /home/airflow/.local/lib/python3.12/site-packages/airflow/example_dags/example_task_group.py
[2024-12-01T02:16:07.884+0000] {processor.py:925} INFO - DAG(s) 'example_task_group' retrieved from /home/airflow/.local/lib/python3.12/site-packages/airflow/example_dags/example_task_group.py
[2024-12-01T02:16:07.906+0000] {logging_mixin.py:190} INFO - [2024-12-01T02:16:07.905+0000] {dag.py:3239} INFO - Sync 1 DAGs
[2024-12-01T02:16:07.919+0000] {logging_mixin.py:190} INFO - [2024-12-01T02:16:07.919+0000] {dag.py:4180} INFO - Setting next_dagrun for example_task_group to None, run_after=None
[2024-12-01T02:16:07.934+0000] {processor.py:208} INFO - Processing /home/airflow/.local/lib/python3.12/site-packages/airflow/example_dags/example_task_group.py took 0.068 seconds
[2024-12-01T02:16:38.454+0000] {processor.py:186} INFO - Started process (PID=51267) to work on /home/airflow/.local/lib/python3.12/site-packages/airflow/example_dags/example_task_group.py
[2024-12-01T02:16:38.455+0000] {processor.py:914} INFO - Processing file /home/airflow/.local/lib/python3.12/site-packages/airflow/example_dags/example_task_group.py for tasks to queue
[2024-12-01T02:16:38.457+0000] {logging_mixin.py:190} INFO - [2024-12-01T02:16:38.457+0000] {dagbag.py:588} INFO - Filling up the DagBag from /home/airflow/.local/lib/python3.12/site-packages/airflow/example_dags/example_task_group.py
[2024-12-01T02:16:38.465+0000] {processor.py:925} INFO - DAG(s) 'example_task_group' retrieved from /home/airflow/.local/lib/python3.12/site-packages/airflow/example_dags/example_task_group.py
[2024-12-01T02:16:38.485+0000] {logging_mixin.py:190} INFO - [2024-12-01T02:16:38.485+0000] {dag.py:3239} INFO - Sync 1 DAGs
[2024-12-01T02:16:38.499+0000] {logging_mixin.py:190} INFO - [2024-12-01T02:16:38.498+0000] {dag.py:4180} INFO - Setting next_dagrun for example_task_group to None, run_after=None
[2024-12-01T02:16:38.515+0000] {processor.py:208} INFO - Processing /home/airflow/.local/lib/python3.12/site-packages/airflow/example_dags/example_task_group.py took 0.066 seconds
[2024-12-01T02:17:09.504+0000] {processor.py:186} INFO - Started process (PID=51333) to work on /home/airflow/.local/lib/python3.12/site-packages/airflow/example_dags/example_task_group.py
[2024-12-01T02:17:09.505+0000] {processor.py:914} INFO - Processing file /home/airflow/.local/lib/python3.12/site-packages/airflow/example_dags/example_task_group.py for tasks to queue
[2024-12-01T02:17:09.507+0000] {logging_mixin.py:190} INFO - [2024-12-01T02:17:09.507+0000] {dagbag.py:588} INFO - Filling up the DagBag from /home/airflow/.local/lib/python3.12/site-packages/airflow/example_dags/example_task_group.py
[2024-12-01T02:17:09.517+0000] {processor.py:925} INFO - DAG(s) 'example_task_group' retrieved from /home/airflow/.local/lib/python3.12/site-packages/airflow/example_dags/example_task_group.py
[2024-12-01T02:17:09.538+0000] {logging_mixin.py:190} INFO - [2024-12-01T02:17:09.538+0000] {dag.py:3239} INFO - Sync 1 DAGs
[2024-12-01T02:17:09.552+0000] {logging_mixin.py:190} INFO - [2024-12-01T02:17:09.551+0000] {dag.py:4180} INFO - Setting next_dagrun for example_task_group to None, run_after=None
[2024-12-01T02:17:09.570+0000] {processor.py:208} INFO - Processing /home/airflow/.local/lib/python3.12/site-packages/airflow/example_dags/example_task_group.py took 0.072 seconds
[2024-12-01T02:17:40.573+0000] {processor.py:186} INFO - Started process (PID=51399) to work on /home/airflow/.local/lib/python3.12/site-packages/airflow/example_dags/example_task_group.py
[2024-12-01T02:17:40.574+0000] {processor.py:914} INFO - Processing file /home/airflow/.local/lib/python3.12/site-packages/airflow/example_dags/example_task_group.py for tasks to queue
[2024-12-01T02:17:40.577+0000] {logging_mixin.py:190} INFO - [2024-12-01T02:17:40.576+0000] {dagbag.py:588} INFO - Filling up the DagBag from /home/airflow/.local/lib/python3.12/site-packages/airflow/example_dags/example_task_group.py
[2024-12-01T02:17:40.585+0000] {processor.py:925} INFO - DAG(s) 'example_task_group' retrieved from /home/airflow/.local/lib/python3.12/site-packages/airflow/example_dags/example_task_group.py
[2024-12-01T02:17:40.605+0000] {logging_mixin.py:190} INFO - [2024-12-01T02:17:40.604+0000] {dag.py:3239} INFO - Sync 1 DAGs
[2024-12-01T02:17:40.619+0000] {logging_mixin.py:190} INFO - [2024-12-01T02:17:40.619+0000] {dag.py:4180} INFO - Setting next_dagrun for example_task_group to None, run_after=None
[2024-12-01T02:17:40.635+0000] {processor.py:208} INFO - Processing /home/airflow/.local/lib/python3.12/site-packages/airflow/example_dags/example_task_group.py took 0.067 seconds
[2024-12-01T02:18:11.722+0000] {processor.py:186} INFO - Started process (PID=51465) to work on /home/airflow/.local/lib/python3.12/site-packages/airflow/example_dags/example_task_group.py
[2024-12-01T02:18:11.723+0000] {processor.py:914} INFO - Processing file /home/airflow/.local/lib/python3.12/site-packages/airflow/example_dags/example_task_group.py for tasks to queue
[2024-12-01T02:18:11.725+0000] {logging_mixin.py:190} INFO - [2024-12-01T02:18:11.725+0000] {dagbag.py:588} INFO - Filling up the DagBag from /home/airflow/.local/lib/python3.12/site-packages/airflow/example_dags/example_task_group.py
[2024-12-01T02:18:11.733+0000] {processor.py:925} INFO - DAG(s) 'example_task_group' retrieved from /home/airflow/.local/lib/python3.12/site-packages/airflow/example_dags/example_task_group.py
[2024-12-01T02:18:11.753+0000] {logging_mixin.py:190} INFO - [2024-12-01T02:18:11.753+0000] {dag.py:3239} INFO - Sync 1 DAGs
[2024-12-01T02:18:11.766+0000] {logging_mixin.py:190} INFO - [2024-12-01T02:18:11.766+0000] {dag.py:4180} INFO - Setting next_dagrun for example_task_group to None, run_after=None
[2024-12-01T02:18:11.783+0000] {processor.py:208} INFO - Processing /home/airflow/.local/lib/python3.12/site-packages/airflow/example_dags/example_task_group.py took 0.066 seconds
[2024-12-01T02:18:42.348+0000] {processor.py:186} INFO - Started process (PID=51531) to work on /home/airflow/.local/lib/python3.12/site-packages/airflow/example_dags/example_task_group.py
[2024-12-01T02:18:42.349+0000] {processor.py:914} INFO - Processing file /home/airflow/.local/lib/python3.12/site-packages/airflow/example_dags/example_task_group.py for tasks to queue
[2024-12-01T02:18:42.352+0000] {logging_mixin.py:190} INFO - [2024-12-01T02:18:42.351+0000] {dagbag.py:588} INFO - Filling up the DagBag from /home/airflow/.local/lib/python3.12/site-packages/airflow/example_dags/example_task_group.py
[2024-12-01T02:18:42.360+0000] {processor.py:925} INFO - DAG(s) 'example_task_group' retrieved from /home/airflow/.local/lib/python3.12/site-packages/airflow/example_dags/example_task_group.py
[2024-12-01T02:18:42.378+0000] {logging_mixin.py:190} INFO - [2024-12-01T02:18:42.378+0000] {dag.py:3239} INFO - Sync 1 DAGs
[2024-12-01T02:18:42.392+0000] {logging_mixin.py:190} INFO - [2024-12-01T02:18:42.392+0000] {dag.py:4180} INFO - Setting next_dagrun for example_task_group to None, run_after=None
[2024-12-01T02:18:42.410+0000] {processor.py:208} INFO - Processing /home/airflow/.local/lib/python3.12/site-packages/airflow/example_dags/example_task_group.py took 0.069 seconds
[2024-12-01T02:19:13.352+0000] {processor.py:186} INFO - Started process (PID=51598) to work on /home/airflow/.local/lib/python3.12/site-packages/airflow/example_dags/example_task_group.py
[2024-12-01T02:19:13.353+0000] {processor.py:914} INFO - Processing file /home/airflow/.local/lib/python3.12/site-packages/airflow/example_dags/example_task_group.py for tasks to queue
[2024-12-01T02:19:13.355+0000] {logging_mixin.py:190} INFO - [2024-12-01T02:19:13.355+0000] {dagbag.py:588} INFO - Filling up the DagBag from /home/airflow/.local/lib/python3.12/site-packages/airflow/example_dags/example_task_group.py
[2024-12-01T02:19:13.363+0000] {processor.py:925} INFO - DAG(s) 'example_task_group' retrieved from /home/airflow/.local/lib/python3.12/site-packages/airflow/example_dags/example_task_group.py
[2024-12-01T02:19:13.383+0000] {logging_mixin.py:190} INFO - [2024-12-01T02:19:13.383+0000] {dag.py:3239} INFO - Sync 1 DAGs
[2024-12-01T02:19:13.395+0000] {logging_mixin.py:190} INFO - [2024-12-01T02:19:13.395+0000] {dag.py:4180} INFO - Setting next_dagrun for example_task_group to None, run_after=None
[2024-12-01T02:19:13.411+0000] {processor.py:208} INFO - Processing /home/airflow/.local/lib/python3.12/site-packages/airflow/example_dags/example_task_group.py took 0.064 seconds
[2024-12-01T02:19:44.451+0000] {processor.py:186} INFO - Started process (PID=51664) to work on /home/airflow/.local/lib/python3.12/site-packages/airflow/example_dags/example_task_group.py
[2024-12-01T02:19:44.452+0000] {processor.py:914} INFO - Processing file /home/airflow/.local/lib/python3.12/site-packages/airflow/example_dags/example_task_group.py for tasks to queue
[2024-12-01T02:19:44.454+0000] {logging_mixin.py:190} INFO - [2024-12-01T02:19:44.454+0000] {dagbag.py:588} INFO - Filling up the DagBag from /home/airflow/.local/lib/python3.12/site-packages/airflow/example_dags/example_task_group.py
[2024-12-01T02:19:44.463+0000] {processor.py:925} INFO - DAG(s) 'example_task_group' retrieved from /home/airflow/.local/lib/python3.12/site-packages/airflow/example_dags/example_task_group.py
[2024-12-01T02:19:44.482+0000] {logging_mixin.py:190} INFO - [2024-12-01T02:19:44.482+0000] {dag.py:3239} INFO - Sync 1 DAGs
[2024-12-01T02:19:44.495+0000] {logging_mixin.py:190} INFO - [2024-12-01T02:19:44.495+0000] {dag.py:4180} INFO - Setting next_dagrun for example_task_group to None, run_after=None
[2024-12-01T02:19:44.513+0000] {processor.py:208} INFO - Processing /home/airflow/.local/lib/python3.12/site-packages/airflow/example_dags/example_task_group.py took 0.067 seconds
[2024-12-01T02:20:15.500+0000] {processor.py:186} INFO - Started process (PID=51730) to work on /home/airflow/.local/lib/python3.12/site-packages/airflow/example_dags/example_task_group.py
[2024-12-01T02:20:15.501+0000] {processor.py:914} INFO - Processing file /home/airflow/.local/lib/python3.12/site-packages/airflow/example_dags/example_task_group.py for tasks to queue
[2024-12-01T02:20:15.503+0000] {logging_mixin.py:190} INFO - [2024-12-01T02:20:15.502+0000] {dagbag.py:588} INFO - Filling up the DagBag from /home/airflow/.local/lib/python3.12/site-packages/airflow/example_dags/example_task_group.py
[2024-12-01T02:20:15.511+0000] {processor.py:925} INFO - DAG(s) 'example_task_group' retrieved from /home/airflow/.local/lib/python3.12/site-packages/airflow/example_dags/example_task_group.py
[2024-12-01T02:20:15.530+0000] {logging_mixin.py:190} INFO - [2024-12-01T02:20:15.530+0000] {dag.py:3239} INFO - Sync 1 DAGs
[2024-12-01T02:20:15.544+0000] {logging_mixin.py:190} INFO - [2024-12-01T02:20:15.544+0000] {dag.py:4180} INFO - Setting next_dagrun for example_task_group to None, run_after=None
[2024-12-01T02:20:15.560+0000] {processor.py:208} INFO - Processing /home/airflow/.local/lib/python3.12/site-packages/airflow/example_dags/example_task_group.py took 0.066 seconds
[2024-12-01T02:20:46.702+0000] {processor.py:186} INFO - Started process (PID=51796) to work on /home/airflow/.local/lib/python3.12/site-packages/airflow/example_dags/example_task_group.py
[2024-12-01T02:20:46.703+0000] {processor.py:914} INFO - Processing file /home/airflow/.local/lib/python3.12/site-packages/airflow/example_dags/example_task_group.py for tasks to queue
[2024-12-01T02:20:46.705+0000] {logging_mixin.py:190} INFO - [2024-12-01T02:20:46.705+0000] {dagbag.py:588} INFO - Filling up the DagBag from /home/airflow/.local/lib/python3.12/site-packages/airflow/example_dags/example_task_group.py
[2024-12-01T02:20:46.714+0000] {processor.py:925} INFO - DAG(s) 'example_task_group' retrieved from /home/airflow/.local/lib/python3.12/site-packages/airflow/example_dags/example_task_group.py
[2024-12-01T02:20:46.737+0000] {logging_mixin.py:190} INFO - [2024-12-01T02:20:46.737+0000] {dag.py:3239} INFO - Sync 1 DAGs
[2024-12-01T02:20:46.751+0000] {logging_mixin.py:190} INFO - [2024-12-01T02:20:46.751+0000] {dag.py:4180} INFO - Setting next_dagrun for example_task_group to None, run_after=None
[2024-12-01T02:20:46.915+0000] {processor.py:208} INFO - Processing /home/airflow/.local/lib/python3.12/site-packages/airflow/example_dags/example_task_group.py took 0.218 seconds
[2024-12-01T02:21:17.080+0000] {processor.py:186} INFO - Started process (PID=51862) to work on /home/airflow/.local/lib/python3.12/site-packages/airflow/example_dags/example_task_group.py
[2024-12-01T02:21:17.081+0000] {processor.py:914} INFO - Processing file /home/airflow/.local/lib/python3.12/site-packages/airflow/example_dags/example_task_group.py for tasks to queue
[2024-12-01T02:21:17.083+0000] {logging_mixin.py:190} INFO - [2024-12-01T02:21:17.083+0000] {dagbag.py:588} INFO - Filling up the DagBag from /home/airflow/.local/lib/python3.12/site-packages/airflow/example_dags/example_task_group.py
[2024-12-01T02:21:17.091+0000] {processor.py:925} INFO - DAG(s) 'example_task_group' retrieved from /home/airflow/.local/lib/python3.12/site-packages/airflow/example_dags/example_task_group.py
[2024-12-01T02:21:17.111+0000] {logging_mixin.py:190} INFO - [2024-12-01T02:21:17.111+0000] {dag.py:3239} INFO - Sync 1 DAGs
[2024-12-01T02:21:17.124+0000] {logging_mixin.py:190} INFO - [2024-12-01T02:21:17.124+0000] {dag.py:4180} INFO - Setting next_dagrun for example_task_group to None, run_after=None
[2024-12-01T02:21:17.142+0000] {processor.py:208} INFO - Processing /home/airflow/.local/lib/python3.12/site-packages/airflow/example_dags/example_task_group.py took 0.067 seconds
[2024-12-01T02:21:48.226+0000] {processor.py:186} INFO - Started process (PID=51928) to work on /home/airflow/.local/lib/python3.12/site-packages/airflow/example_dags/example_task_group.py
[2024-12-01T02:21:48.227+0000] {processor.py:914} INFO - Processing file /home/airflow/.local/lib/python3.12/site-packages/airflow/example_dags/example_task_group.py for tasks to queue
[2024-12-01T02:21:48.230+0000] {logging_mixin.py:190} INFO - [2024-12-01T02:21:48.229+0000] {dagbag.py:588} INFO - Filling up the DagBag from /home/airflow/.local/lib/python3.12/site-packages/airflow/example_dags/example_task_group.py
[2024-12-01T02:21:48.238+0000] {processor.py:925} INFO - DAG(s) 'example_task_group' retrieved from /home/airflow/.local/lib/python3.12/site-packages/airflow/example_dags/example_task_group.py
[2024-12-01T02:21:48.258+0000] {logging_mixin.py:190} INFO - [2024-12-01T02:21:48.257+0000] {dag.py:3239} INFO - Sync 1 DAGs
[2024-12-01T02:21:48.271+0000] {logging_mixin.py:190} INFO - [2024-12-01T02:21:48.271+0000] {dag.py:4180} INFO - Setting next_dagrun for example_task_group to None, run_after=None
[2024-12-01T02:21:48.289+0000] {processor.py:208} INFO - Processing /home/airflow/.local/lib/python3.12/site-packages/airflow/example_dags/example_task_group.py took 0.068 seconds
[2024-12-01T02:22:19.273+0000] {processor.py:186} INFO - Started process (PID=51994) to work on /home/airflow/.local/lib/python3.12/site-packages/airflow/example_dags/example_task_group.py
[2024-12-01T02:22:19.275+0000] {processor.py:914} INFO - Processing file /home/airflow/.local/lib/python3.12/site-packages/airflow/example_dags/example_task_group.py for tasks to queue
[2024-12-01T02:22:19.283+0000] {logging_mixin.py:190} INFO - [2024-12-01T02:22:19.283+0000] {dagbag.py:588} INFO - Filling up the DagBag from /home/airflow/.local/lib/python3.12/site-packages/airflow/example_dags/example_task_group.py
[2024-12-01T02:22:19.305+0000] {processor.py:925} INFO - DAG(s) 'example_task_group' retrieved from /home/airflow/.local/lib/python3.12/site-packages/airflow/example_dags/example_task_group.py
[2024-12-01T02:22:19.368+0000] {logging_mixin.py:190} INFO - [2024-12-01T02:22:19.360+0000] {dag.py:3239} INFO - Sync 1 DAGs
[2024-12-01T02:22:19.406+0000] {logging_mixin.py:190} INFO - [2024-12-01T02:22:19.406+0000] {dag.py:4180} INFO - Setting next_dagrun for example_task_group to None, run_after=None
[2024-12-01T02:22:19.450+0000] {processor.py:208} INFO - Processing /home/airflow/.local/lib/python3.12/site-packages/airflow/example_dags/example_task_group.py took 0.186 seconds
[2024-12-01T02:22:49.983+0000] {processor.py:186} INFO - Started process (PID=52060) to work on /home/airflow/.local/lib/python3.12/site-packages/airflow/example_dags/example_task_group.py
[2024-12-01T02:22:49.984+0000] {processor.py:914} INFO - Processing file /home/airflow/.local/lib/python3.12/site-packages/airflow/example_dags/example_task_group.py for tasks to queue
[2024-12-01T02:22:49.986+0000] {logging_mixin.py:190} INFO - [2024-12-01T02:22:49.986+0000] {dagbag.py:588} INFO - Filling up the DagBag from /home/airflow/.local/lib/python3.12/site-packages/airflow/example_dags/example_task_group.py
[2024-12-01T02:22:49.994+0000] {processor.py:925} INFO - DAG(s) 'example_task_group' retrieved from /home/airflow/.local/lib/python3.12/site-packages/airflow/example_dags/example_task_group.py
[2024-12-01T02:22:50.016+0000] {logging_mixin.py:190} INFO - [2024-12-01T02:22:50.016+0000] {dag.py:3239} INFO - Sync 1 DAGs
[2024-12-01T02:22:50.028+0000] {logging_mixin.py:190} INFO - [2024-12-01T02:22:50.028+0000] {dag.py:4180} INFO - Setting next_dagrun for example_task_group to None, run_after=None
[2024-12-01T02:22:50.045+0000] {processor.py:208} INFO - Processing /home/airflow/.local/lib/python3.12/site-packages/airflow/example_dags/example_task_group.py took 0.069 seconds
[2024-12-01T02:23:21.426+0000] {processor.py:186} INFO - Started process (PID=52126) to work on /home/airflow/.local/lib/python3.12/site-packages/airflow/example_dags/example_task_group.py
[2024-12-01T02:23:21.427+0000] {processor.py:914} INFO - Processing file /home/airflow/.local/lib/python3.12/site-packages/airflow/example_dags/example_task_group.py for tasks to queue
[2024-12-01T02:23:21.429+0000] {logging_mixin.py:190} INFO - [2024-12-01T02:23:21.429+0000] {dagbag.py:588} INFO - Filling up the DagBag from /home/airflow/.local/lib/python3.12/site-packages/airflow/example_dags/example_task_group.py
[2024-12-01T02:23:21.437+0000] {processor.py:925} INFO - DAG(s) 'example_task_group' retrieved from /home/airflow/.local/lib/python3.12/site-packages/airflow/example_dags/example_task_group.py
[2024-12-01T02:23:21.665+0000] {logging_mixin.py:190} INFO - [2024-12-01T02:23:21.665+0000] {dag.py:3239} INFO - Sync 1 DAGs
[2024-12-01T02:23:21.698+0000] {logging_mixin.py:190} INFO - [2024-12-01T02:23:21.698+0000] {dag.py:4180} INFO - Setting next_dagrun for example_task_group to None, run_after=None
[2024-12-01T02:23:21.716+0000] {processor.py:208} INFO - Processing /home/airflow/.local/lib/python3.12/site-packages/airflow/example_dags/example_task_group.py took 0.296 seconds
[2024-12-01T02:23:52.299+0000] {processor.py:186} INFO - Started process (PID=52192) to work on /home/airflow/.local/lib/python3.12/site-packages/airflow/example_dags/example_task_group.py
[2024-12-01T02:23:52.301+0000] {processor.py:914} INFO - Processing file /home/airflow/.local/lib/python3.12/site-packages/airflow/example_dags/example_task_group.py for tasks to queue
[2024-12-01T02:23:52.303+0000] {logging_mixin.py:190} INFO - [2024-12-01T02:23:52.303+0000] {dagbag.py:588} INFO - Filling up the DagBag from /home/airflow/.local/lib/python3.12/site-packages/airflow/example_dags/example_task_group.py
[2024-12-01T02:23:52.311+0000] {processor.py:925} INFO - DAG(s) 'example_task_group' retrieved from /home/airflow/.local/lib/python3.12/site-packages/airflow/example_dags/example_task_group.py
[2024-12-01T02:23:52.331+0000] {logging_mixin.py:190} INFO - [2024-12-01T02:23:52.331+0000] {dag.py:3239} INFO - Sync 1 DAGs
[2024-12-01T02:23:52.345+0000] {logging_mixin.py:190} INFO - [2024-12-01T02:23:52.344+0000] {dag.py:4180} INFO - Setting next_dagrun for example_task_group to None, run_after=None
[2024-12-01T02:23:52.362+0000] {processor.py:208} INFO - Processing /home/airflow/.local/lib/python3.12/site-packages/airflow/example_dags/example_task_group.py took 0.068 seconds
[2024-12-01T02:24:22.616+0000] {processor.py:186} INFO - Started process (PID=52258) to work on /home/airflow/.local/lib/python3.12/site-packages/airflow/example_dags/example_task_group.py
[2024-12-01T02:24:22.617+0000] {processor.py:914} INFO - Processing file /home/airflow/.local/lib/python3.12/site-packages/airflow/example_dags/example_task_group.py for tasks to queue
[2024-12-01T02:24:22.619+0000] {logging_mixin.py:190} INFO - [2024-12-01T02:24:22.619+0000] {dagbag.py:588} INFO - Filling up the DagBag from /home/airflow/.local/lib/python3.12/site-packages/airflow/example_dags/example_task_group.py
[2024-12-01T02:24:22.627+0000] {processor.py:925} INFO - DAG(s) 'example_task_group' retrieved from /home/airflow/.local/lib/python3.12/site-packages/airflow/example_dags/example_task_group.py
[2024-12-01T02:24:22.649+0000] {logging_mixin.py:190} INFO - [2024-12-01T02:24:22.648+0000] {dag.py:3239} INFO - Sync 1 DAGs
[2024-12-01T02:24:22.663+0000] {logging_mixin.py:190} INFO - [2024-12-01T02:24:22.662+0000] {dag.py:4180} INFO - Setting next_dagrun for example_task_group to None, run_after=None
[2024-12-01T02:24:22.677+0000] {processor.py:208} INFO - Processing /home/airflow/.local/lib/python3.12/site-packages/airflow/example_dags/example_task_group.py took 0.067 seconds
[2024-12-01T02:24:53.017+0000] {processor.py:186} INFO - Started process (PID=52324) to work on /home/airflow/.local/lib/python3.12/site-packages/airflow/example_dags/example_task_group.py
[2024-12-01T02:24:53.018+0000] {processor.py:914} INFO - Processing file /home/airflow/.local/lib/python3.12/site-packages/airflow/example_dags/example_task_group.py for tasks to queue
[2024-12-01T02:24:53.020+0000] {logging_mixin.py:190} INFO - [2024-12-01T02:24:53.020+0000] {dagbag.py:588} INFO - Filling up the DagBag from /home/airflow/.local/lib/python3.12/site-packages/airflow/example_dags/example_task_group.py
[2024-12-01T02:24:53.028+0000] {processor.py:925} INFO - DAG(s) 'example_task_group' retrieved from /home/airflow/.local/lib/python3.12/site-packages/airflow/example_dags/example_task_group.py
[2024-12-01T02:24:53.047+0000] {logging_mixin.py:190} INFO - [2024-12-01T02:24:53.047+0000] {dag.py:3239} INFO - Sync 1 DAGs
[2024-12-01T02:24:53.065+0000] {logging_mixin.py:190} INFO - [2024-12-01T02:24:53.065+0000] {dag.py:4180} INFO - Setting next_dagrun for example_task_group to None, run_after=None
[2024-12-01T02:24:53.084+0000] {processor.py:208} INFO - Processing /home/airflow/.local/lib/python3.12/site-packages/airflow/example_dags/example_task_group.py took 0.072 seconds
[2024-12-01T02:25:23.584+0000] {processor.py:186} INFO - Started process (PID=52390) to work on /home/airflow/.local/lib/python3.12/site-packages/airflow/example_dags/example_task_group.py
[2024-12-01T02:25:23.585+0000] {processor.py:914} INFO - Processing file /home/airflow/.local/lib/python3.12/site-packages/airflow/example_dags/example_task_group.py for tasks to queue
[2024-12-01T02:25:23.587+0000] {logging_mixin.py:190} INFO - [2024-12-01T02:25:23.587+0000] {dagbag.py:588} INFO - Filling up the DagBag from /home/airflow/.local/lib/python3.12/site-packages/airflow/example_dags/example_task_group.py
[2024-12-01T02:25:23.595+0000] {processor.py:925} INFO - DAG(s) 'example_task_group' retrieved from /home/airflow/.local/lib/python3.12/site-packages/airflow/example_dags/example_task_group.py
[2024-12-01T02:25:23.617+0000] {logging_mixin.py:190} INFO - [2024-12-01T02:25:23.617+0000] {dag.py:3239} INFO - Sync 1 DAGs
[2024-12-01T02:25:23.631+0000] {logging_mixin.py:190} INFO - [2024-12-01T02:25:23.631+0000] {dag.py:4180} INFO - Setting next_dagrun for example_task_group to None, run_after=None
[2024-12-01T02:25:23.650+0000] {processor.py:208} INFO - Processing /home/airflow/.local/lib/python3.12/site-packages/airflow/example_dags/example_task_group.py took 0.072 seconds
[2024-12-01T02:25:54.351+0000] {processor.py:186} INFO - Started process (PID=52456) to work on /home/airflow/.local/lib/python3.12/site-packages/airflow/example_dags/example_task_group.py
[2024-12-01T02:25:54.353+0000] {processor.py:914} INFO - Processing file /home/airflow/.local/lib/python3.12/site-packages/airflow/example_dags/example_task_group.py for tasks to queue
[2024-12-01T02:25:54.355+0000] {logging_mixin.py:190} INFO - [2024-12-01T02:25:54.355+0000] {dagbag.py:588} INFO - Filling up the DagBag from /home/airflow/.local/lib/python3.12/site-packages/airflow/example_dags/example_task_group.py
[2024-12-01T02:25:54.366+0000] {processor.py:925} INFO - DAG(s) 'example_task_group' retrieved from /home/airflow/.local/lib/python3.12/site-packages/airflow/example_dags/example_task_group.py
[2024-12-01T02:25:54.384+0000] {logging_mixin.py:190} INFO - [2024-12-01T02:25:54.384+0000] {dag.py:3239} INFO - Sync 1 DAGs
[2024-12-01T02:25:54.396+0000] {logging_mixin.py:190} INFO - [2024-12-01T02:25:54.396+0000] {dag.py:4180} INFO - Setting next_dagrun for example_task_group to None, run_after=None
[2024-12-01T02:25:54.412+0000] {processor.py:208} INFO - Processing /home/airflow/.local/lib/python3.12/site-packages/airflow/example_dags/example_task_group.py took 0.069 seconds
[2024-12-01T02:26:24.839+0000] {processor.py:186} INFO - Started process (PID=52522) to work on /home/airflow/.local/lib/python3.12/site-packages/airflow/example_dags/example_task_group.py
[2024-12-01T02:26:24.840+0000] {processor.py:914} INFO - Processing file /home/airflow/.local/lib/python3.12/site-packages/airflow/example_dags/example_task_group.py for tasks to queue
[2024-12-01T02:26:24.843+0000] {logging_mixin.py:190} INFO - [2024-12-01T02:26:24.842+0000] {dagbag.py:588} INFO - Filling up the DagBag from /home/airflow/.local/lib/python3.12/site-packages/airflow/example_dags/example_task_group.py
[2024-12-01T02:26:24.851+0000] {processor.py:925} INFO - DAG(s) 'example_task_group' retrieved from /home/airflow/.local/lib/python3.12/site-packages/airflow/example_dags/example_task_group.py
[2024-12-01T02:26:24.872+0000] {logging_mixin.py:190} INFO - [2024-12-01T02:26:24.872+0000] {dag.py:3239} INFO - Sync 1 DAGs
[2024-12-01T02:26:24.886+0000] {logging_mixin.py:190} INFO - [2024-12-01T02:26:24.886+0000] {dag.py:4180} INFO - Setting next_dagrun for example_task_group to None, run_after=None
[2024-12-01T02:26:24.904+0000] {processor.py:208} INFO - Processing /home/airflow/.local/lib/python3.12/site-packages/airflow/example_dags/example_task_group.py took 0.069 seconds
[2024-12-01T02:26:55.331+0000] {processor.py:186} INFO - Started process (PID=52588) to work on /home/airflow/.local/lib/python3.12/site-packages/airflow/example_dags/example_task_group.py
[2024-12-01T02:26:55.332+0000] {processor.py:914} INFO - Processing file /home/airflow/.local/lib/python3.12/site-packages/airflow/example_dags/example_task_group.py for tasks to queue
[2024-12-01T02:26:55.334+0000] {logging_mixin.py:190} INFO - [2024-12-01T02:26:55.334+0000] {dagbag.py:588} INFO - Filling up the DagBag from /home/airflow/.local/lib/python3.12/site-packages/airflow/example_dags/example_task_group.py
[2024-12-01T02:26:55.343+0000] {processor.py:925} INFO - DAG(s) 'example_task_group' retrieved from /home/airflow/.local/lib/python3.12/site-packages/airflow/example_dags/example_task_group.py
[2024-12-01T02:26:55.362+0000] {logging_mixin.py:190} INFO - [2024-12-01T02:26:55.362+0000] {dag.py:3239} INFO - Sync 1 DAGs
[2024-12-01T02:26:55.377+0000] {logging_mixin.py:190} INFO - [2024-12-01T02:26:55.376+0000] {dag.py:4180} INFO - Setting next_dagrun for example_task_group to None, run_after=None
[2024-12-01T02:26:55.393+0000] {processor.py:208} INFO - Processing /home/airflow/.local/lib/python3.12/site-packages/airflow/example_dags/example_task_group.py took 0.068 seconds
[2024-12-01T02:27:25.860+0000] {processor.py:186} INFO - Started process (PID=52654) to work on /home/airflow/.local/lib/python3.12/site-packages/airflow/example_dags/example_task_group.py
[2024-12-01T02:27:25.861+0000] {processor.py:914} INFO - Processing file /home/airflow/.local/lib/python3.12/site-packages/airflow/example_dags/example_task_group.py for tasks to queue
[2024-12-01T02:27:25.863+0000] {logging_mixin.py:190} INFO - [2024-12-01T02:27:25.863+0000] {dagbag.py:588} INFO - Filling up the DagBag from /home/airflow/.local/lib/python3.12/site-packages/airflow/example_dags/example_task_group.py
[2024-12-01T02:27:25.872+0000] {processor.py:925} INFO - DAG(s) 'example_task_group' retrieved from /home/airflow/.local/lib/python3.12/site-packages/airflow/example_dags/example_task_group.py
[2024-12-01T02:27:25.892+0000] {logging_mixin.py:190} INFO - [2024-12-01T02:27:25.892+0000] {dag.py:3239} INFO - Sync 1 DAGs
[2024-12-01T02:27:25.906+0000] {logging_mixin.py:190} INFO - [2024-12-01T02:27:25.906+0000] {dag.py:4180} INFO - Setting next_dagrun for example_task_group to None, run_after=None
[2024-12-01T02:27:25.923+0000] {processor.py:208} INFO - Processing /home/airflow/.local/lib/python3.12/site-packages/airflow/example_dags/example_task_group.py took 0.068 seconds
[2024-12-01T02:27:56.386+0000] {processor.py:186} INFO - Started process (PID=52720) to work on /home/airflow/.local/lib/python3.12/site-packages/airflow/example_dags/example_task_group.py
[2024-12-01T02:27:56.386+0000] {processor.py:914} INFO - Processing file /home/airflow/.local/lib/python3.12/site-packages/airflow/example_dags/example_task_group.py for tasks to queue
[2024-12-01T02:27:56.389+0000] {logging_mixin.py:190} INFO - [2024-12-01T02:27:56.388+0000] {dagbag.py:588} INFO - Filling up the DagBag from /home/airflow/.local/lib/python3.12/site-packages/airflow/example_dags/example_task_group.py
[2024-12-01T02:27:56.396+0000] {processor.py:925} INFO - DAG(s) 'example_task_group' retrieved from /home/airflow/.local/lib/python3.12/site-packages/airflow/example_dags/example_task_group.py
[2024-12-01T02:27:56.415+0000] {logging_mixin.py:190} INFO - [2024-12-01T02:27:56.415+0000] {dag.py:3239} INFO - Sync 1 DAGs
[2024-12-01T02:27:56.429+0000] {logging_mixin.py:190} INFO - [2024-12-01T02:27:56.429+0000] {dag.py:4180} INFO - Setting next_dagrun for example_task_group to None, run_after=None
[2024-12-01T02:27:56.445+0000] {processor.py:208} INFO - Processing /home/airflow/.local/lib/python3.12/site-packages/airflow/example_dags/example_task_group.py took 0.064 seconds
[2024-12-01T02:28:26.879+0000] {processor.py:186} INFO - Started process (PID=52786) to work on /home/airflow/.local/lib/python3.12/site-packages/airflow/example_dags/example_task_group.py
[2024-12-01T02:28:26.880+0000] {processor.py:914} INFO - Processing file /home/airflow/.local/lib/python3.12/site-packages/airflow/example_dags/example_task_group.py for tasks to queue
[2024-12-01T02:28:26.882+0000] {logging_mixin.py:190} INFO - [2024-12-01T02:28:26.882+0000] {dagbag.py:588} INFO - Filling up the DagBag from /home/airflow/.local/lib/python3.12/site-packages/airflow/example_dags/example_task_group.py
[2024-12-01T02:28:26.891+0000] {processor.py:925} INFO - DAG(s) 'example_task_group' retrieved from /home/airflow/.local/lib/python3.12/site-packages/airflow/example_dags/example_task_group.py
[2024-12-01T02:28:26.910+0000] {logging_mixin.py:190} INFO - [2024-12-01T02:28:26.910+0000] {dag.py:3239} INFO - Sync 1 DAGs
[2024-12-01T02:28:26.923+0000] {logging_mixin.py:190} INFO - [2024-12-01T02:28:26.923+0000] {dag.py:4180} INFO - Setting next_dagrun for example_task_group to None, run_after=None
[2024-12-01T02:28:26.940+0000] {processor.py:208} INFO - Processing /home/airflow/.local/lib/python3.12/site-packages/airflow/example_dags/example_task_group.py took 0.066 seconds
[2024-12-01T02:28:57.435+0000] {processor.py:186} INFO - Started process (PID=52852) to work on /home/airflow/.local/lib/python3.12/site-packages/airflow/example_dags/example_task_group.py
[2024-12-01T02:28:57.436+0000] {processor.py:914} INFO - Processing file /home/airflow/.local/lib/python3.12/site-packages/airflow/example_dags/example_task_group.py for tasks to queue
[2024-12-01T02:28:57.438+0000] {logging_mixin.py:190} INFO - [2024-12-01T02:28:57.438+0000] {dagbag.py:588} INFO - Filling up the DagBag from /home/airflow/.local/lib/python3.12/site-packages/airflow/example_dags/example_task_group.py
[2024-12-01T02:28:57.447+0000] {processor.py:925} INFO - DAG(s) 'example_task_group' retrieved from /home/airflow/.local/lib/python3.12/site-packages/airflow/example_dags/example_task_group.py
[2024-12-01T02:28:57.468+0000] {logging_mixin.py:190} INFO - [2024-12-01T02:28:57.468+0000] {dag.py:3239} INFO - Sync 1 DAGs
[2024-12-01T02:28:57.482+0000] {logging_mixin.py:190} INFO - [2024-12-01T02:28:57.482+0000] {dag.py:4180} INFO - Setting next_dagrun for example_task_group to None, run_after=None
[2024-12-01T02:28:57.498+0000] {processor.py:208} INFO - Processing /home/airflow/.local/lib/python3.12/site-packages/airflow/example_dags/example_task_group.py took 0.069 seconds
[2024-12-01T02:29:27.991+0000] {processor.py:186} INFO - Started process (PID=52918) to work on /home/airflow/.local/lib/python3.12/site-packages/airflow/example_dags/example_task_group.py
[2024-12-01T02:29:27.992+0000] {processor.py:914} INFO - Processing file /home/airflow/.local/lib/python3.12/site-packages/airflow/example_dags/example_task_group.py for tasks to queue
[2024-12-01T02:29:27.994+0000] {logging_mixin.py:190} INFO - [2024-12-01T02:29:27.994+0000] {dagbag.py:588} INFO - Filling up the DagBag from /home/airflow/.local/lib/python3.12/site-packages/airflow/example_dags/example_task_group.py
[2024-12-01T02:29:28.002+0000] {processor.py:925} INFO - DAG(s) 'example_task_group' retrieved from /home/airflow/.local/lib/python3.12/site-packages/airflow/example_dags/example_task_group.py
[2024-12-01T02:29:28.023+0000] {logging_mixin.py:190} INFO - [2024-12-01T02:29:28.023+0000] {dag.py:3239} INFO - Sync 1 DAGs
[2024-12-01T02:29:28.037+0000] {logging_mixin.py:190} INFO - [2024-12-01T02:29:28.037+0000] {dag.py:4180} INFO - Setting next_dagrun for example_task_group to None, run_after=None
[2024-12-01T02:29:28.056+0000] {processor.py:208} INFO - Processing /home/airflow/.local/lib/python3.12/site-packages/airflow/example_dags/example_task_group.py took 0.070 seconds
[2024-12-01T02:29:58.451+0000] {processor.py:186} INFO - Started process (PID=52984) to work on /home/airflow/.local/lib/python3.12/site-packages/airflow/example_dags/example_task_group.py
[2024-12-01T02:29:58.452+0000] {processor.py:914} INFO - Processing file /home/airflow/.local/lib/python3.12/site-packages/airflow/example_dags/example_task_group.py for tasks to queue
[2024-12-01T02:29:58.455+0000] {logging_mixin.py:190} INFO - [2024-12-01T02:29:58.454+0000] {dagbag.py:588} INFO - Filling up the DagBag from /home/airflow/.local/lib/python3.12/site-packages/airflow/example_dags/example_task_group.py
[2024-12-01T02:29:58.464+0000] {processor.py:925} INFO - DAG(s) 'example_task_group' retrieved from /home/airflow/.local/lib/python3.12/site-packages/airflow/example_dags/example_task_group.py
[2024-12-01T02:29:58.483+0000] {logging_mixin.py:190} INFO - [2024-12-01T02:29:58.482+0000] {dag.py:3239} INFO - Sync 1 DAGs
[2024-12-01T02:29:58.498+0000] {logging_mixin.py:190} INFO - [2024-12-01T02:29:58.498+0000] {dag.py:4180} INFO - Setting next_dagrun for example_task_group to None, run_after=None
[2024-12-01T02:29:58.514+0000] {processor.py:208} INFO - Processing /home/airflow/.local/lib/python3.12/site-packages/airflow/example_dags/example_task_group.py took 0.069 seconds
[2024-12-01T02:30:28.948+0000] {processor.py:186} INFO - Started process (PID=53050) to work on /home/airflow/.local/lib/python3.12/site-packages/airflow/example_dags/example_task_group.py
[2024-12-01T02:30:28.949+0000] {processor.py:914} INFO - Processing file /home/airflow/.local/lib/python3.12/site-packages/airflow/example_dags/example_task_group.py for tasks to queue
[2024-12-01T02:30:28.951+0000] {logging_mixin.py:190} INFO - [2024-12-01T02:30:28.951+0000] {dagbag.py:588} INFO - Filling up the DagBag from /home/airflow/.local/lib/python3.12/site-packages/airflow/example_dags/example_task_group.py
[2024-12-01T02:30:28.959+0000] {processor.py:925} INFO - DAG(s) 'example_task_group' retrieved from /home/airflow/.local/lib/python3.12/site-packages/airflow/example_dags/example_task_group.py
[2024-12-01T02:30:28.979+0000] {logging_mixin.py:190} INFO - [2024-12-01T02:30:28.979+0000] {dag.py:3239} INFO - Sync 1 DAGs
[2024-12-01T02:30:28.993+0000] {logging_mixin.py:190} INFO - [2024-12-01T02:30:28.993+0000] {dag.py:4180} INFO - Setting next_dagrun for example_task_group to None, run_after=None
[2024-12-01T02:30:29.011+0000] {processor.py:208} INFO - Processing /home/airflow/.local/lib/python3.12/site-packages/airflow/example_dags/example_task_group.py took 0.068 seconds
[2024-12-01T02:30:59.674+0000] {processor.py:186} INFO - Started process (PID=53116) to work on /home/airflow/.local/lib/python3.12/site-packages/airflow/example_dags/example_task_group.py
[2024-12-01T02:30:59.675+0000] {processor.py:914} INFO - Processing file /home/airflow/.local/lib/python3.12/site-packages/airflow/example_dags/example_task_group.py for tasks to queue
[2024-12-01T02:30:59.678+0000] {logging_mixin.py:190} INFO - [2024-12-01T02:30:59.678+0000] {dagbag.py:588} INFO - Filling up the DagBag from /home/airflow/.local/lib/python3.12/site-packages/airflow/example_dags/example_task_group.py
[2024-12-01T02:30:59.686+0000] {processor.py:925} INFO - DAG(s) 'example_task_group' retrieved from /home/airflow/.local/lib/python3.12/site-packages/airflow/example_dags/example_task_group.py
[2024-12-01T02:30:59.714+0000] {logging_mixin.py:190} INFO - [2024-12-01T02:30:59.714+0000] {dag.py:3239} INFO - Sync 1 DAGs
[2024-12-01T02:30:59.735+0000] {logging_mixin.py:190} INFO - [2024-12-01T02:30:59.735+0000] {dag.py:4180} INFO - Setting next_dagrun for example_task_group to None, run_after=None
[2024-12-01T02:30:59.756+0000] {processor.py:208} INFO - Processing /home/airflow/.local/lib/python3.12/site-packages/airflow/example_dags/example_task_group.py took 0.088 seconds
[2024-12-01T02:31:30.918+0000] {processor.py:186} INFO - Started process (PID=53188) to work on /home/airflow/.local/lib/python3.12/site-packages/airflow/example_dags/example_task_group.py
[2024-12-01T02:31:30.919+0000] {processor.py:914} INFO - Processing file /home/airflow/.local/lib/python3.12/site-packages/airflow/example_dags/example_task_group.py for tasks to queue
[2024-12-01T02:31:30.921+0000] {logging_mixin.py:190} INFO - [2024-12-01T02:31:30.921+0000] {dagbag.py:588} INFO - Filling up the DagBag from /home/airflow/.local/lib/python3.12/site-packages/airflow/example_dags/example_task_group.py
[2024-12-01T02:31:30.929+0000] {processor.py:925} INFO - DAG(s) 'example_task_group' retrieved from /home/airflow/.local/lib/python3.12/site-packages/airflow/example_dags/example_task_group.py
[2024-12-01T02:31:30.948+0000] {logging_mixin.py:190} INFO - [2024-12-01T02:31:30.948+0000] {dag.py:3239} INFO - Sync 1 DAGs
[2024-12-01T02:31:30.961+0000] {logging_mixin.py:190} INFO - [2024-12-01T02:31:30.961+0000] {dag.py:4180} INFO - Setting next_dagrun for example_task_group to None, run_after=None
[2024-12-01T02:31:30.979+0000] {processor.py:208} INFO - Processing /home/airflow/.local/lib/python3.12/site-packages/airflow/example_dags/example_task_group.py took 0.067 seconds
[2024-12-01T02:32:01.532+0000] {processor.py:186} INFO - Started process (PID=53254) to work on /home/airflow/.local/lib/python3.12/site-packages/airflow/example_dags/example_task_group.py
[2024-12-01T02:32:01.532+0000] {processor.py:914} INFO - Processing file /home/airflow/.local/lib/python3.12/site-packages/airflow/example_dags/example_task_group.py for tasks to queue
[2024-12-01T02:32:01.535+0000] {logging_mixin.py:190} INFO - [2024-12-01T02:32:01.534+0000] {dagbag.py:588} INFO - Filling up the DagBag from /home/airflow/.local/lib/python3.12/site-packages/airflow/example_dags/example_task_group.py
[2024-12-01T02:32:01.543+0000] {processor.py:925} INFO - DAG(s) 'example_task_group' retrieved from /home/airflow/.local/lib/python3.12/site-packages/airflow/example_dags/example_task_group.py
[2024-12-01T02:32:01.562+0000] {logging_mixin.py:190} INFO - [2024-12-01T02:32:01.562+0000] {dag.py:3239} INFO - Sync 1 DAGs
[2024-12-01T02:32:01.575+0000] {logging_mixin.py:190} INFO - [2024-12-01T02:32:01.575+0000] {dag.py:4180} INFO - Setting next_dagrun for example_task_group to None, run_after=None
[2024-12-01T02:32:01.592+0000] {processor.py:208} INFO - Processing /home/airflow/.local/lib/python3.12/site-packages/airflow/example_dags/example_task_group.py took 0.065 seconds
[2024-12-01T02:32:32.793+0000] {processor.py:186} INFO - Started process (PID=53320) to work on /home/airflow/.local/lib/python3.12/site-packages/airflow/example_dags/example_task_group.py
[2024-12-01T02:32:32.795+0000] {processor.py:914} INFO - Processing file /home/airflow/.local/lib/python3.12/site-packages/airflow/example_dags/example_task_group.py for tasks to queue
[2024-12-01T02:32:32.797+0000] {logging_mixin.py:190} INFO - [2024-12-01T02:32:32.797+0000] {dagbag.py:588} INFO - Filling up the DagBag from /home/airflow/.local/lib/python3.12/site-packages/airflow/example_dags/example_task_group.py
[2024-12-01T02:32:32.805+0000] {processor.py:925} INFO - DAG(s) 'example_task_group' retrieved from /home/airflow/.local/lib/python3.12/site-packages/airflow/example_dags/example_task_group.py
[2024-12-01T02:32:32.825+0000] {logging_mixin.py:190} INFO - [2024-12-01T02:32:32.825+0000] {dag.py:3239} INFO - Sync 1 DAGs
[2024-12-01T02:32:32.838+0000] {logging_mixin.py:190} INFO - [2024-12-01T02:32:32.838+0000] {dag.py:4180} INFO - Setting next_dagrun for example_task_group to None, run_after=None
[2024-12-01T02:32:32.855+0000] {processor.py:208} INFO - Processing /home/airflow/.local/lib/python3.12/site-packages/airflow/example_dags/example_task_group.py took 0.070 seconds
[2024-12-01T02:33:03.535+0000] {processor.py:186} INFO - Started process (PID=53386) to work on /home/airflow/.local/lib/python3.12/site-packages/airflow/example_dags/example_task_group.py
[2024-12-01T02:33:03.537+0000] {processor.py:914} INFO - Processing file /home/airflow/.local/lib/python3.12/site-packages/airflow/example_dags/example_task_group.py for tasks to queue
[2024-12-01T02:33:03.543+0000] {logging_mixin.py:190} INFO - [2024-12-01T02:33:03.542+0000] {dagbag.py:588} INFO - Filling up the DagBag from /home/airflow/.local/lib/python3.12/site-packages/airflow/example_dags/example_task_group.py
[2024-12-01T02:33:03.573+0000] {processor.py:925} INFO - DAG(s) 'example_task_group' retrieved from /home/airflow/.local/lib/python3.12/site-packages/airflow/example_dags/example_task_group.py
[2024-12-01T02:33:03.615+0000] {logging_mixin.py:190} INFO - [2024-12-01T02:33:03.615+0000] {dag.py:3239} INFO - Sync 1 DAGs
[2024-12-01T02:33:03.647+0000] {logging_mixin.py:190} INFO - [2024-12-01T02:33:03.647+0000] {dag.py:4180} INFO - Setting next_dagrun for example_task_group to None, run_after=None
[2024-12-01T02:33:03.666+0000] {processor.py:208} INFO - Processing /home/airflow/.local/lib/python3.12/site-packages/airflow/example_dags/example_task_group.py took 0.149 seconds
[2024-12-01T02:33:34.292+0000] {processor.py:186} INFO - Started process (PID=53452) to work on /home/airflow/.local/lib/python3.12/site-packages/airflow/example_dags/example_task_group.py
[2024-12-01T02:33:34.293+0000] {processor.py:914} INFO - Processing file /home/airflow/.local/lib/python3.12/site-packages/airflow/example_dags/example_task_group.py for tasks to queue
[2024-12-01T02:33:34.295+0000] {logging_mixin.py:190} INFO - [2024-12-01T02:33:34.295+0000] {dagbag.py:588} INFO - Filling up the DagBag from /home/airflow/.local/lib/python3.12/site-packages/airflow/example_dags/example_task_group.py
[2024-12-01T02:33:34.304+0000] {processor.py:925} INFO - DAG(s) 'example_task_group' retrieved from /home/airflow/.local/lib/python3.12/site-packages/airflow/example_dags/example_task_group.py
[2024-12-01T02:33:34.324+0000] {logging_mixin.py:190} INFO - [2024-12-01T02:33:34.324+0000] {dag.py:3239} INFO - Sync 1 DAGs
[2024-12-01T02:33:34.337+0000] {logging_mixin.py:190} INFO - [2024-12-01T02:33:34.337+0000] {dag.py:4180} INFO - Setting next_dagrun for example_task_group to None, run_after=None
[2024-12-01T02:33:34.355+0000] {processor.py:208} INFO - Processing /home/airflow/.local/lib/python3.12/site-packages/airflow/example_dags/example_task_group.py took 0.068 seconds
[2024-12-01T02:34:04.929+0000] {processor.py:186} INFO - Started process (PID=53518) to work on /home/airflow/.local/lib/python3.12/site-packages/airflow/example_dags/example_task_group.py
[2024-12-01T02:34:04.930+0000] {processor.py:914} INFO - Processing file /home/airflow/.local/lib/python3.12/site-packages/airflow/example_dags/example_task_group.py for tasks to queue
[2024-12-01T02:34:04.933+0000] {logging_mixin.py:190} INFO - [2024-12-01T02:34:04.932+0000] {dagbag.py:588} INFO - Filling up the DagBag from /home/airflow/.local/lib/python3.12/site-packages/airflow/example_dags/example_task_group.py
[2024-12-01T02:34:04.942+0000] {processor.py:925} INFO - DAG(s) 'example_task_group' retrieved from /home/airflow/.local/lib/python3.12/site-packages/airflow/example_dags/example_task_group.py
[2024-12-01T02:34:04.961+0000] {logging_mixin.py:190} INFO - [2024-12-01T02:34:04.961+0000] {dag.py:3239} INFO - Sync 1 DAGs
[2024-12-01T02:34:04.974+0000] {logging_mixin.py:190} INFO - [2024-12-01T02:34:04.974+0000] {dag.py:4180} INFO - Setting next_dagrun for example_task_group to None, run_after=None
[2024-12-01T02:34:04.991+0000] {processor.py:208} INFO - Processing /home/airflow/.local/lib/python3.12/site-packages/airflow/example_dags/example_task_group.py took 0.070 seconds
[2024-12-01T02:34:35.652+0000] {processor.py:186} INFO - Started process (PID=53584) to work on /home/airflow/.local/lib/python3.12/site-packages/airflow/example_dags/example_task_group.py
[2024-12-01T02:34:35.653+0000] {processor.py:914} INFO - Processing file /home/airflow/.local/lib/python3.12/site-packages/airflow/example_dags/example_task_group.py for tasks to queue
[2024-12-01T02:34:35.656+0000] {logging_mixin.py:190} INFO - [2024-12-01T02:34:35.655+0000] {dagbag.py:588} INFO - Filling up the DagBag from /home/airflow/.local/lib/python3.12/site-packages/airflow/example_dags/example_task_group.py
[2024-12-01T02:34:35.664+0000] {processor.py:925} INFO - DAG(s) 'example_task_group' retrieved from /home/airflow/.local/lib/python3.12/site-packages/airflow/example_dags/example_task_group.py
[2024-12-01T02:34:35.685+0000] {logging_mixin.py:190} INFO - [2024-12-01T02:34:35.685+0000] {dag.py:3239} INFO - Sync 1 DAGs
[2024-12-01T02:34:35.698+0000] {logging_mixin.py:190} INFO - [2024-12-01T02:34:35.698+0000] {dag.py:4180} INFO - Setting next_dagrun for example_task_group to None, run_after=None
[2024-12-01T02:34:35.714+0000] {processor.py:208} INFO - Processing /home/airflow/.local/lib/python3.12/site-packages/airflow/example_dags/example_task_group.py took 0.068 seconds
