[2024-12-01T02:11:02.009+0000] {processor.py:186} INFO - Started process (PID=50560) to work on /home/airflow/.local/lib/python3.12/site-packages/airflow/example_dags/example_branch_operator.py
[2024-12-01T02:11:02.010+0000] {processor.py:914} INFO - Processing file /home/airflow/.local/lib/python3.12/site-packages/airflow/example_dags/example_branch_operator.py for tasks to queue
[2024-12-01T02:11:02.013+0000] {logging_mixin.py:190} INFO - [2024-12-01T02:11:02.012+0000] {dagbag.py:588} INFO - Filling up the DagBag from /home/airflow/.local/lib/python3.12/site-packages/airflow/example_dags/example_branch_operator.py
[2024-12-01T02:11:02.035+0000] {processor.py:925} INFO - DAG(s) 'example_branch_operator' retrieved from /home/airflow/.local/lib/python3.12/site-packages/airflow/example_dags/example_branch_operator.py
[2024-12-01T02:11:02.069+0000] {logging_mixin.py:190} INFO - [2024-12-01T02:11:02.068+0000] {dag.py:3239} INFO - Sync 1 DAGs
[2024-12-01T02:11:02.098+0000] {logging_mixin.py:190} INFO - [2024-12-01T02:11:02.097+0000] {dag.py:4180} INFO - Setting next_dagrun for example_branch_operator to 2024-11-30 00:00:00+00:00, run_after=2024-12-01 00:00:00+00:00
[2024-12-01T02:11:02.118+0000] {processor.py:208} INFO - Processing /home/airflow/.local/lib/python3.12/site-packages/airflow/example_dags/example_branch_operator.py took 0.115 seconds
[2024-12-01T02:11:32.846+0000] {processor.py:186} INFO - Started process (PID=50627) to work on /home/airflow/.local/lib/python3.12/site-packages/airflow/example_dags/example_branch_operator.py
[2024-12-01T02:11:32.847+0000] {processor.py:914} INFO - Processing file /home/airflow/.local/lib/python3.12/site-packages/airflow/example_dags/example_branch_operator.py for tasks to queue
[2024-12-01T02:11:32.849+0000] {logging_mixin.py:190} INFO - [2024-12-01T02:11:32.849+0000] {dagbag.py:588} INFO - Filling up the DagBag from /home/airflow/.local/lib/python3.12/site-packages/airflow/example_dags/example_branch_operator.py
[2024-12-01T02:11:32.869+0000] {processor.py:925} INFO - DAG(s) 'example_branch_operator' retrieved from /home/airflow/.local/lib/python3.12/site-packages/airflow/example_dags/example_branch_operator.py
[2024-12-01T02:11:32.898+0000] {logging_mixin.py:190} INFO - [2024-12-01T02:11:32.898+0000] {dag.py:3239} INFO - Sync 1 DAGs
[2024-12-01T02:11:32.920+0000] {logging_mixin.py:190} INFO - [2024-12-01T02:11:32.920+0000] {dag.py:4180} INFO - Setting next_dagrun for example_branch_operator to 2024-11-30 00:00:00+00:00, run_after=2024-12-01 00:00:00+00:00
[2024-12-01T02:11:32.935+0000] {processor.py:208} INFO - Processing /home/airflow/.local/lib/python3.12/site-packages/airflow/example_dags/example_branch_operator.py took 0.096 seconds
[2024-12-01T02:12:03.447+0000] {processor.py:186} INFO - Started process (PID=50693) to work on /home/airflow/.local/lib/python3.12/site-packages/airflow/example_dags/example_branch_operator.py
[2024-12-01T02:12:03.448+0000] {processor.py:914} INFO - Processing file /home/airflow/.local/lib/python3.12/site-packages/airflow/example_dags/example_branch_operator.py for tasks to queue
[2024-12-01T02:12:03.451+0000] {logging_mixin.py:190} INFO - [2024-12-01T02:12:03.451+0000] {dagbag.py:588} INFO - Filling up the DagBag from /home/airflow/.local/lib/python3.12/site-packages/airflow/example_dags/example_branch_operator.py
[2024-12-01T02:12:03.469+0000] {processor.py:925} INFO - DAG(s) 'example_branch_operator' retrieved from /home/airflow/.local/lib/python3.12/site-packages/airflow/example_dags/example_branch_operator.py
[2024-12-01T02:12:03.499+0000] {logging_mixin.py:190} INFO - [2024-12-01T02:12:03.498+0000] {dag.py:3239} INFO - Sync 1 DAGs
[2024-12-01T02:12:03.524+0000] {logging_mixin.py:190} INFO - [2024-12-01T02:12:03.523+0000] {dag.py:4180} INFO - Setting next_dagrun for example_branch_operator to 2024-11-30 00:00:00+00:00, run_after=2024-12-01 00:00:00+00:00
[2024-12-01T02:12:03.544+0000] {processor.py:208} INFO - Processing /home/airflow/.local/lib/python3.12/site-packages/airflow/example_dags/example_branch_operator.py took 0.103 seconds
[2024-12-01T02:12:34.113+0000] {processor.py:186} INFO - Started process (PID=50759) to work on /home/airflow/.local/lib/python3.12/site-packages/airflow/example_dags/example_branch_operator.py
[2024-12-01T02:12:34.114+0000] {processor.py:914} INFO - Processing file /home/airflow/.local/lib/python3.12/site-packages/airflow/example_dags/example_branch_operator.py for tasks to queue
[2024-12-01T02:12:34.116+0000] {logging_mixin.py:190} INFO - [2024-12-01T02:12:34.116+0000] {dagbag.py:588} INFO - Filling up the DagBag from /home/airflow/.local/lib/python3.12/site-packages/airflow/example_dags/example_branch_operator.py
[2024-12-01T02:12:34.134+0000] {processor.py:925} INFO - DAG(s) 'example_branch_operator' retrieved from /home/airflow/.local/lib/python3.12/site-packages/airflow/example_dags/example_branch_operator.py
[2024-12-01T02:12:34.161+0000] {logging_mixin.py:190} INFO - [2024-12-01T02:12:34.161+0000] {dag.py:3239} INFO - Sync 1 DAGs
[2024-12-01T02:12:34.183+0000] {logging_mixin.py:190} INFO - [2024-12-01T02:12:34.183+0000] {dag.py:4180} INFO - Setting next_dagrun for example_branch_operator to 2024-11-30 00:00:00+00:00, run_after=2024-12-01 00:00:00+00:00
[2024-12-01T02:12:34.200+0000] {processor.py:208} INFO - Processing /home/airflow/.local/lib/python3.12/site-packages/airflow/example_dags/example_branch_operator.py took 0.092 seconds
[2024-12-01T02:13:05.039+0000] {processor.py:186} INFO - Started process (PID=50825) to work on /home/airflow/.local/lib/python3.12/site-packages/airflow/example_dags/example_branch_operator.py
[2024-12-01T02:13:05.040+0000] {processor.py:914} INFO - Processing file /home/airflow/.local/lib/python3.12/site-packages/airflow/example_dags/example_branch_operator.py for tasks to queue
[2024-12-01T02:13:05.042+0000] {logging_mixin.py:190} INFO - [2024-12-01T02:13:05.042+0000] {dagbag.py:588} INFO - Filling up the DagBag from /home/airflow/.local/lib/python3.12/site-packages/airflow/example_dags/example_branch_operator.py
[2024-12-01T02:13:05.060+0000] {processor.py:925} INFO - DAG(s) 'example_branch_operator' retrieved from /home/airflow/.local/lib/python3.12/site-packages/airflow/example_dags/example_branch_operator.py
[2024-12-01T02:13:05.087+0000] {logging_mixin.py:190} INFO - [2024-12-01T02:13:05.087+0000] {dag.py:3239} INFO - Sync 1 DAGs
[2024-12-01T02:13:05.109+0000] {logging_mixin.py:190} INFO - [2024-12-01T02:13:05.109+0000] {dag.py:4180} INFO - Setting next_dagrun for example_branch_operator to 2024-11-30 00:00:00+00:00, run_after=2024-12-01 00:00:00+00:00
[2024-12-01T02:13:05.127+0000] {processor.py:208} INFO - Processing /home/airflow/.local/lib/python3.12/site-packages/airflow/example_dags/example_branch_operator.py took 0.093 seconds
[2024-12-01T02:13:35.677+0000] {processor.py:186} INFO - Started process (PID=50891) to work on /home/airflow/.local/lib/python3.12/site-packages/airflow/example_dags/example_branch_operator.py
[2024-12-01T02:13:35.678+0000] {processor.py:914} INFO - Processing file /home/airflow/.local/lib/python3.12/site-packages/airflow/example_dags/example_branch_operator.py for tasks to queue
[2024-12-01T02:13:35.681+0000] {logging_mixin.py:190} INFO - [2024-12-01T02:13:35.680+0000] {dagbag.py:588} INFO - Filling up the DagBag from /home/airflow/.local/lib/python3.12/site-packages/airflow/example_dags/example_branch_operator.py
[2024-12-01T02:13:35.698+0000] {processor.py:925} INFO - DAG(s) 'example_branch_operator' retrieved from /home/airflow/.local/lib/python3.12/site-packages/airflow/example_dags/example_branch_operator.py
[2024-12-01T02:13:35.725+0000] {logging_mixin.py:190} INFO - [2024-12-01T02:13:35.725+0000] {dag.py:3239} INFO - Sync 1 DAGs
[2024-12-01T02:13:35.746+0000] {logging_mixin.py:190} INFO - [2024-12-01T02:13:35.746+0000] {dag.py:4180} INFO - Setting next_dagrun for example_branch_operator to 2024-11-30 00:00:00+00:00, run_after=2024-12-01 00:00:00+00:00
[2024-12-01T02:13:35.764+0000] {processor.py:208} INFO - Processing /home/airflow/.local/lib/python3.12/site-packages/airflow/example_dags/example_branch_operator.py took 0.092 seconds
[2024-12-01T02:14:06.900+0000] {processor.py:186} INFO - Started process (PID=50957) to work on /home/airflow/.local/lib/python3.12/site-packages/airflow/example_dags/example_branch_operator.py
[2024-12-01T02:14:06.901+0000] {processor.py:914} INFO - Processing file /home/airflow/.local/lib/python3.12/site-packages/airflow/example_dags/example_branch_operator.py for tasks to queue
[2024-12-01T02:14:06.903+0000] {logging_mixin.py:190} INFO - [2024-12-01T02:14:06.903+0000] {dagbag.py:588} INFO - Filling up the DagBag from /home/airflow/.local/lib/python3.12/site-packages/airflow/example_dags/example_branch_operator.py
[2024-12-01T02:14:06.919+0000] {processor.py:925} INFO - DAG(s) 'example_branch_operator' retrieved from /home/airflow/.local/lib/python3.12/site-packages/airflow/example_dags/example_branch_operator.py
[2024-12-01T02:14:06.950+0000] {logging_mixin.py:190} INFO - [2024-12-01T02:14:06.950+0000] {dag.py:3239} INFO - Sync 1 DAGs
[2024-12-01T02:14:06.972+0000] {logging_mixin.py:190} INFO - [2024-12-01T02:14:06.972+0000] {dag.py:4180} INFO - Setting next_dagrun for example_branch_operator to 2024-11-30 00:00:00+00:00, run_after=2024-12-01 00:00:00+00:00
[2024-12-01T02:14:06.991+0000] {processor.py:208} INFO - Processing /home/airflow/.local/lib/python3.12/site-packages/airflow/example_dags/example_branch_operator.py took 0.096 seconds
[2024-12-01T02:14:37.783+0000] {processor.py:186} INFO - Started process (PID=51023) to work on /home/airflow/.local/lib/python3.12/site-packages/airflow/example_dags/example_branch_operator.py
[2024-12-01T02:14:37.784+0000] {processor.py:914} INFO - Processing file /home/airflow/.local/lib/python3.12/site-packages/airflow/example_dags/example_branch_operator.py for tasks to queue
[2024-12-01T02:14:37.786+0000] {logging_mixin.py:190} INFO - [2024-12-01T02:14:37.786+0000] {dagbag.py:588} INFO - Filling up the DagBag from /home/airflow/.local/lib/python3.12/site-packages/airflow/example_dags/example_branch_operator.py
[2024-12-01T02:14:37.805+0000] {processor.py:925} INFO - DAG(s) 'example_branch_operator' retrieved from /home/airflow/.local/lib/python3.12/site-packages/airflow/example_dags/example_branch_operator.py
[2024-12-01T02:14:37.832+0000] {logging_mixin.py:190} INFO - [2024-12-01T02:14:37.832+0000] {dag.py:3239} INFO - Sync 1 DAGs
[2024-12-01T02:14:37.854+0000] {logging_mixin.py:190} INFO - [2024-12-01T02:14:37.854+0000] {dag.py:4180} INFO - Setting next_dagrun for example_branch_operator to 2024-11-30 00:00:00+00:00, run_after=2024-12-01 00:00:00+00:00
[2024-12-01T02:14:37.870+0000] {processor.py:208} INFO - Processing /home/airflow/.local/lib/python3.12/site-packages/airflow/example_dags/example_branch_operator.py took 0.092 seconds
[2024-12-01T02:15:08.741+0000] {processor.py:186} INFO - Started process (PID=51089) to work on /home/airflow/.local/lib/python3.12/site-packages/airflow/example_dags/example_branch_operator.py
[2024-12-01T02:15:08.742+0000] {processor.py:914} INFO - Processing file /home/airflow/.local/lib/python3.12/site-packages/airflow/example_dags/example_branch_operator.py for tasks to queue
[2024-12-01T02:15:08.745+0000] {logging_mixin.py:190} INFO - [2024-12-01T02:15:08.744+0000] {dagbag.py:588} INFO - Filling up the DagBag from /home/airflow/.local/lib/python3.12/site-packages/airflow/example_dags/example_branch_operator.py
[2024-12-01T02:15:08.761+0000] {processor.py:925} INFO - DAG(s) 'example_branch_operator' retrieved from /home/airflow/.local/lib/python3.12/site-packages/airflow/example_dags/example_branch_operator.py
[2024-12-01T02:15:08.788+0000] {logging_mixin.py:190} INFO - [2024-12-01T02:15:08.788+0000] {dag.py:3239} INFO - Sync 1 DAGs
[2024-12-01T02:15:08.810+0000] {logging_mixin.py:190} INFO - [2024-12-01T02:15:08.810+0000] {dag.py:4180} INFO - Setting next_dagrun for example_branch_operator to 2024-11-30 00:00:00+00:00, run_after=2024-12-01 00:00:00+00:00
[2024-12-01T02:15:08.827+0000] {processor.py:208} INFO - Processing /home/airflow/.local/lib/python3.12/site-packages/airflow/example_dags/example_branch_operator.py took 0.092 seconds
[2024-12-01T02:15:39.570+0000] {processor.py:186} INFO - Started process (PID=51155) to work on /home/airflow/.local/lib/python3.12/site-packages/airflow/example_dags/example_branch_operator.py
[2024-12-01T02:15:39.571+0000] {processor.py:914} INFO - Processing file /home/airflow/.local/lib/python3.12/site-packages/airflow/example_dags/example_branch_operator.py for tasks to queue
[2024-12-01T02:15:39.573+0000] {logging_mixin.py:190} INFO - [2024-12-01T02:15:39.573+0000] {dagbag.py:588} INFO - Filling up the DagBag from /home/airflow/.local/lib/python3.12/site-packages/airflow/example_dags/example_branch_operator.py
[2024-12-01T02:15:39.591+0000] {processor.py:925} INFO - DAG(s) 'example_branch_operator' retrieved from /home/airflow/.local/lib/python3.12/site-packages/airflow/example_dags/example_branch_operator.py
[2024-12-01T02:15:39.618+0000] {logging_mixin.py:190} INFO - [2024-12-01T02:15:39.617+0000] {dag.py:3239} INFO - Sync 1 DAGs
[2024-12-01T02:15:39.639+0000] {logging_mixin.py:190} INFO - [2024-12-01T02:15:39.639+0000] {dag.py:4180} INFO - Setting next_dagrun for example_branch_operator to 2024-11-30 00:00:00+00:00, run_after=2024-12-01 00:00:00+00:00
[2024-12-01T02:15:39.657+0000] {processor.py:208} INFO - Processing /home/airflow/.local/lib/python3.12/site-packages/airflow/example_dags/example_branch_operator.py took 0.093 seconds
[2024-12-01T02:16:10.347+0000] {processor.py:186} INFO - Started process (PID=51221) to work on /home/airflow/.local/lib/python3.12/site-packages/airflow/example_dags/example_branch_operator.py
[2024-12-01T02:16:10.349+0000] {processor.py:914} INFO - Processing file /home/airflow/.local/lib/python3.12/site-packages/airflow/example_dags/example_branch_operator.py for tasks to queue
[2024-12-01T02:16:10.352+0000] {logging_mixin.py:190} INFO - [2024-12-01T02:16:10.351+0000] {dagbag.py:588} INFO - Filling up the DagBag from /home/airflow/.local/lib/python3.12/site-packages/airflow/example_dags/example_branch_operator.py
[2024-12-01T02:16:10.370+0000] {processor.py:925} INFO - DAG(s) 'example_branch_operator' retrieved from /home/airflow/.local/lib/python3.12/site-packages/airflow/example_dags/example_branch_operator.py
[2024-12-01T02:16:10.396+0000] {logging_mixin.py:190} INFO - [2024-12-01T02:16:10.395+0000] {dag.py:3239} INFO - Sync 1 DAGs
[2024-12-01T02:16:10.417+0000] {logging_mixin.py:190} INFO - [2024-12-01T02:16:10.417+0000] {dag.py:4180} INFO - Setting next_dagrun for example_branch_operator to 2024-11-30 00:00:00+00:00, run_after=2024-12-01 00:00:00+00:00
[2024-12-01T02:16:10.435+0000] {processor.py:208} INFO - Processing /home/airflow/.local/lib/python3.12/site-packages/airflow/example_dags/example_branch_operator.py took 0.093 seconds
[2024-12-01T02:16:41.392+0000] {processor.py:186} INFO - Started process (PID=51287) to work on /home/airflow/.local/lib/python3.12/site-packages/airflow/example_dags/example_branch_operator.py
[2024-12-01T02:16:41.393+0000] {processor.py:914} INFO - Processing file /home/airflow/.local/lib/python3.12/site-packages/airflow/example_dags/example_branch_operator.py for tasks to queue
[2024-12-01T02:16:41.395+0000] {logging_mixin.py:190} INFO - [2024-12-01T02:16:41.394+0000] {dagbag.py:588} INFO - Filling up the DagBag from /home/airflow/.local/lib/python3.12/site-packages/airflow/example_dags/example_branch_operator.py
[2024-12-01T02:16:41.411+0000] {processor.py:925} INFO - DAG(s) 'example_branch_operator' retrieved from /home/airflow/.local/lib/python3.12/site-packages/airflow/example_dags/example_branch_operator.py
[2024-12-01T02:16:41.438+0000] {logging_mixin.py:190} INFO - [2024-12-01T02:16:41.438+0000] {dag.py:3239} INFO - Sync 1 DAGs
[2024-12-01T02:16:41.460+0000] {logging_mixin.py:190} INFO - [2024-12-01T02:16:41.460+0000] {dag.py:4180} INFO - Setting next_dagrun for example_branch_operator to 2024-11-30 00:00:00+00:00, run_after=2024-12-01 00:00:00+00:00
[2024-12-01T02:16:41.477+0000] {processor.py:208} INFO - Processing /home/airflow/.local/lib/python3.12/site-packages/airflow/example_dags/example_branch_operator.py took 0.090 seconds
[2024-12-01T02:17:12.312+0000] {processor.py:186} INFO - Started process (PID=51353) to work on /home/airflow/.local/lib/python3.12/site-packages/airflow/example_dags/example_branch_operator.py
[2024-12-01T02:17:12.313+0000] {processor.py:914} INFO - Processing file /home/airflow/.local/lib/python3.12/site-packages/airflow/example_dags/example_branch_operator.py for tasks to queue
[2024-12-01T02:17:12.315+0000] {logging_mixin.py:190} INFO - [2024-12-01T02:17:12.315+0000] {dagbag.py:588} INFO - Filling up the DagBag from /home/airflow/.local/lib/python3.12/site-packages/airflow/example_dags/example_branch_operator.py
[2024-12-01T02:17:12.332+0000] {processor.py:925} INFO - DAG(s) 'example_branch_operator' retrieved from /home/airflow/.local/lib/python3.12/site-packages/airflow/example_dags/example_branch_operator.py
[2024-12-01T02:17:12.360+0000] {logging_mixin.py:190} INFO - [2024-12-01T02:17:12.360+0000] {dag.py:3239} INFO - Sync 1 DAGs
[2024-12-01T02:17:12.382+0000] {logging_mixin.py:190} INFO - [2024-12-01T02:17:12.382+0000] {dag.py:4180} INFO - Setting next_dagrun for example_branch_operator to 2024-11-30 00:00:00+00:00, run_after=2024-12-01 00:00:00+00:00
[2024-12-01T02:17:12.399+0000] {processor.py:208} INFO - Processing /home/airflow/.local/lib/python3.12/site-packages/airflow/example_dags/example_branch_operator.py took 0.092 seconds
[2024-12-01T02:17:43.487+0000] {processor.py:186} INFO - Started process (PID=51419) to work on /home/airflow/.local/lib/python3.12/site-packages/airflow/example_dags/example_branch_operator.py
[2024-12-01T02:17:43.488+0000] {processor.py:914} INFO - Processing file /home/airflow/.local/lib/python3.12/site-packages/airflow/example_dags/example_branch_operator.py for tasks to queue
[2024-12-01T02:17:43.490+0000] {logging_mixin.py:190} INFO - [2024-12-01T02:17:43.490+0000] {dagbag.py:588} INFO - Filling up the DagBag from /home/airflow/.local/lib/python3.12/site-packages/airflow/example_dags/example_branch_operator.py
[2024-12-01T02:17:43.507+0000] {processor.py:925} INFO - DAG(s) 'example_branch_operator' retrieved from /home/airflow/.local/lib/python3.12/site-packages/airflow/example_dags/example_branch_operator.py
[2024-12-01T02:17:43.533+0000] {logging_mixin.py:190} INFO - [2024-12-01T02:17:43.533+0000] {dag.py:3239} INFO - Sync 1 DAGs
[2024-12-01T02:17:43.554+0000] {logging_mixin.py:190} INFO - [2024-12-01T02:17:43.554+0000] {dag.py:4180} INFO - Setting next_dagrun for example_branch_operator to 2024-11-30 00:00:00+00:00, run_after=2024-12-01 00:00:00+00:00
[2024-12-01T02:17:43.572+0000] {processor.py:208} INFO - Processing /home/airflow/.local/lib/python3.12/site-packages/airflow/example_dags/example_branch_operator.py took 0.092 seconds
[2024-12-01T02:18:14.412+0000] {processor.py:186} INFO - Started process (PID=51485) to work on /home/airflow/.local/lib/python3.12/site-packages/airflow/example_dags/example_branch_operator.py
[2024-12-01T02:18:14.412+0000] {processor.py:914} INFO - Processing file /home/airflow/.local/lib/python3.12/site-packages/airflow/example_dags/example_branch_operator.py for tasks to queue
[2024-12-01T02:18:14.414+0000] {logging_mixin.py:190} INFO - [2024-12-01T02:18:14.414+0000] {dagbag.py:588} INFO - Filling up the DagBag from /home/airflow/.local/lib/python3.12/site-packages/airflow/example_dags/example_branch_operator.py
[2024-12-01T02:18:14.431+0000] {processor.py:925} INFO - DAG(s) 'example_branch_operator' retrieved from /home/airflow/.local/lib/python3.12/site-packages/airflow/example_dags/example_branch_operator.py
[2024-12-01T02:18:14.462+0000] {logging_mixin.py:190} INFO - [2024-12-01T02:18:14.461+0000] {dag.py:3239} INFO - Sync 1 DAGs
[2024-12-01T02:18:14.488+0000] {logging_mixin.py:190} INFO - [2024-12-01T02:18:14.488+0000] {dag.py:4180} INFO - Setting next_dagrun for example_branch_operator to 2024-11-30 00:00:00+00:00, run_after=2024-12-01 00:00:00+00:00
[2024-12-01T02:18:14.505+0000] {processor.py:208} INFO - Processing /home/airflow/.local/lib/python3.12/site-packages/airflow/example_dags/example_branch_operator.py took 0.099 seconds
[2024-12-01T02:18:45.181+0000] {processor.py:186} INFO - Started process (PID=51551) to work on /home/airflow/.local/lib/python3.12/site-packages/airflow/example_dags/example_branch_operator.py
[2024-12-01T02:18:45.182+0000] {processor.py:914} INFO - Processing file /home/airflow/.local/lib/python3.12/site-packages/airflow/example_dags/example_branch_operator.py for tasks to queue
[2024-12-01T02:18:45.184+0000] {logging_mixin.py:190} INFO - [2024-12-01T02:18:45.184+0000] {dagbag.py:588} INFO - Filling up the DagBag from /home/airflow/.local/lib/python3.12/site-packages/airflow/example_dags/example_branch_operator.py
[2024-12-01T02:18:45.201+0000] {processor.py:925} INFO - DAG(s) 'example_branch_operator' retrieved from /home/airflow/.local/lib/python3.12/site-packages/airflow/example_dags/example_branch_operator.py
[2024-12-01T02:18:45.229+0000] {logging_mixin.py:190} INFO - [2024-12-01T02:18:45.228+0000] {dag.py:3239} INFO - Sync 1 DAGs
[2024-12-01T02:18:45.255+0000] {logging_mixin.py:190} INFO - [2024-12-01T02:18:45.255+0000] {dag.py:4180} INFO - Setting next_dagrun for example_branch_operator to 2024-11-30 00:00:00+00:00, run_after=2024-12-01 00:00:00+00:00
[2024-12-01T02:18:45.272+0000] {processor.py:208} INFO - Processing /home/airflow/.local/lib/python3.12/site-packages/airflow/example_dags/example_branch_operator.py took 0.097 seconds
[2024-12-01T02:19:16.152+0000] {processor.py:186} INFO - Started process (PID=51618) to work on /home/airflow/.local/lib/python3.12/site-packages/airflow/example_dags/example_branch_operator.py
[2024-12-01T02:19:16.153+0000] {processor.py:914} INFO - Processing file /home/airflow/.local/lib/python3.12/site-packages/airflow/example_dags/example_branch_operator.py for tasks to queue
[2024-12-01T02:19:16.155+0000] {logging_mixin.py:190} INFO - [2024-12-01T02:19:16.155+0000] {dagbag.py:588} INFO - Filling up the DagBag from /home/airflow/.local/lib/python3.12/site-packages/airflow/example_dags/example_branch_operator.py
[2024-12-01T02:19:16.171+0000] {processor.py:925} INFO - DAG(s) 'example_branch_operator' retrieved from /home/airflow/.local/lib/python3.12/site-packages/airflow/example_dags/example_branch_operator.py
[2024-12-01T02:19:16.199+0000] {logging_mixin.py:190} INFO - [2024-12-01T02:19:16.198+0000] {dag.py:3239} INFO - Sync 1 DAGs
[2024-12-01T02:19:16.221+0000] {logging_mixin.py:190} INFO - [2024-12-01T02:19:16.221+0000] {dag.py:4180} INFO - Setting next_dagrun for example_branch_operator to 2024-11-30 00:00:00+00:00, run_after=2024-12-01 00:00:00+00:00
[2024-12-01T02:19:16.389+0000] {processor.py:208} INFO - Processing /home/airflow/.local/lib/python3.12/site-packages/airflow/example_dags/example_branch_operator.py took 0.243 seconds
[2024-12-01T02:19:47.320+0000] {processor.py:186} INFO - Started process (PID=51684) to work on /home/airflow/.local/lib/python3.12/site-packages/airflow/example_dags/example_branch_operator.py
[2024-12-01T02:19:47.320+0000] {processor.py:914} INFO - Processing file /home/airflow/.local/lib/python3.12/site-packages/airflow/example_dags/example_branch_operator.py for tasks to queue
[2024-12-01T02:19:47.323+0000] {logging_mixin.py:190} INFO - [2024-12-01T02:19:47.322+0000] {dagbag.py:588} INFO - Filling up the DagBag from /home/airflow/.local/lib/python3.12/site-packages/airflow/example_dags/example_branch_operator.py
[2024-12-01T02:19:47.339+0000] {processor.py:925} INFO - DAG(s) 'example_branch_operator' retrieved from /home/airflow/.local/lib/python3.12/site-packages/airflow/example_dags/example_branch_operator.py
[2024-12-01T02:19:47.368+0000] {logging_mixin.py:190} INFO - [2024-12-01T02:19:47.368+0000] {dag.py:3239} INFO - Sync 1 DAGs
[2024-12-01T02:19:47.390+0000] {logging_mixin.py:190} INFO - [2024-12-01T02:19:47.390+0000] {dag.py:4180} INFO - Setting next_dagrun for example_branch_operator to 2024-11-30 00:00:00+00:00, run_after=2024-12-01 00:00:00+00:00
[2024-12-01T02:19:47.406+0000] {processor.py:208} INFO - Processing /home/airflow/.local/lib/python3.12/site-packages/airflow/example_dags/example_branch_operator.py took 0.092 seconds
[2024-12-01T02:20:18.471+0000] {processor.py:186} INFO - Started process (PID=51750) to work on /home/airflow/.local/lib/python3.12/site-packages/airflow/example_dags/example_branch_operator.py
[2024-12-01T02:20:18.472+0000] {processor.py:914} INFO - Processing file /home/airflow/.local/lib/python3.12/site-packages/airflow/example_dags/example_branch_operator.py for tasks to queue
[2024-12-01T02:20:18.475+0000] {logging_mixin.py:190} INFO - [2024-12-01T02:20:18.474+0000] {dagbag.py:588} INFO - Filling up the DagBag from /home/airflow/.local/lib/python3.12/site-packages/airflow/example_dags/example_branch_operator.py
[2024-12-01T02:20:18.492+0000] {processor.py:925} INFO - DAG(s) 'example_branch_operator' retrieved from /home/airflow/.local/lib/python3.12/site-packages/airflow/example_dags/example_branch_operator.py
[2024-12-01T02:20:18.520+0000] {logging_mixin.py:190} INFO - [2024-12-01T02:20:18.519+0000] {dag.py:3239} INFO - Sync 1 DAGs
[2024-12-01T02:20:18.541+0000] {logging_mixin.py:190} INFO - [2024-12-01T02:20:18.541+0000] {dag.py:4180} INFO - Setting next_dagrun for example_branch_operator to 2024-11-30 00:00:00+00:00, run_after=2024-12-01 00:00:00+00:00
[2024-12-01T02:20:18.559+0000] {processor.py:208} INFO - Processing /home/airflow/.local/lib/python3.12/site-packages/airflow/example_dags/example_branch_operator.py took 0.093 seconds
[2024-12-01T02:20:49.745+0000] {processor.py:186} INFO - Started process (PID=51816) to work on /home/airflow/.local/lib/python3.12/site-packages/airflow/example_dags/example_branch_operator.py
[2024-12-01T02:20:49.745+0000] {processor.py:914} INFO - Processing file /home/airflow/.local/lib/python3.12/site-packages/airflow/example_dags/example_branch_operator.py for tasks to queue
[2024-12-01T02:20:49.748+0000] {logging_mixin.py:190} INFO - [2024-12-01T02:20:49.747+0000] {dagbag.py:588} INFO - Filling up the DagBag from /home/airflow/.local/lib/python3.12/site-packages/airflow/example_dags/example_branch_operator.py
[2024-12-01T02:20:49.764+0000] {processor.py:925} INFO - DAG(s) 'example_branch_operator' retrieved from /home/airflow/.local/lib/python3.12/site-packages/airflow/example_dags/example_branch_operator.py
[2024-12-01T02:20:49.792+0000] {logging_mixin.py:190} INFO - [2024-12-01T02:20:49.792+0000] {dag.py:3239} INFO - Sync 1 DAGs
[2024-12-01T02:20:49.814+0000] {logging_mixin.py:190} INFO - [2024-12-01T02:20:49.813+0000] {dag.py:4180} INFO - Setting next_dagrun for example_branch_operator to 2024-11-30 00:00:00+00:00, run_after=2024-12-01 00:00:00+00:00
[2024-12-01T02:20:49.831+0000] {processor.py:208} INFO - Processing /home/airflow/.local/lib/python3.12/site-packages/airflow/example_dags/example_branch_operator.py took 0.092 seconds
[2024-12-01T02:21:21.991+0000] {processor.py:186} INFO - Started process (PID=51882) to work on /home/airflow/.local/lib/python3.12/site-packages/airflow/example_dags/example_branch_operator.py
[2024-12-01T02:21:21.992+0000] {processor.py:914} INFO - Processing file /home/airflow/.local/lib/python3.12/site-packages/airflow/example_dags/example_branch_operator.py for tasks to queue
[2024-12-01T02:21:21.994+0000] {logging_mixin.py:190} INFO - [2024-12-01T02:21:21.994+0000] {dagbag.py:588} INFO - Filling up the DagBag from /home/airflow/.local/lib/python3.12/site-packages/airflow/example_dags/example_branch_operator.py
[2024-12-01T02:21:22.010+0000] {processor.py:925} INFO - DAG(s) 'example_branch_operator' retrieved from /home/airflow/.local/lib/python3.12/site-packages/airflow/example_dags/example_branch_operator.py
[2024-12-01T02:21:22.039+0000] {logging_mixin.py:190} INFO - [2024-12-01T02:21:22.038+0000] {dag.py:3239} INFO - Sync 1 DAGs
[2024-12-01T02:21:22.072+0000] {logging_mixin.py:190} INFO - [2024-12-01T02:21:22.071+0000] {dag.py:4180} INFO - Setting next_dagrun for example_branch_operator to 2024-11-30 00:00:00+00:00, run_after=2024-12-01 00:00:00+00:00
[2024-12-01T02:21:22.096+0000] {processor.py:208} INFO - Processing /home/airflow/.local/lib/python3.12/site-packages/airflow/example_dags/example_branch_operator.py took 0.111 seconds
[2024-12-01T02:21:52.793+0000] {processor.py:186} INFO - Started process (PID=51947) to work on /home/airflow/.local/lib/python3.12/site-packages/airflow/example_dags/example_branch_operator.py
[2024-12-01T02:21:52.794+0000] {processor.py:914} INFO - Processing file /home/airflow/.local/lib/python3.12/site-packages/airflow/example_dags/example_branch_operator.py for tasks to queue
[2024-12-01T02:21:52.796+0000] {logging_mixin.py:190} INFO - [2024-12-01T02:21:52.796+0000] {dagbag.py:588} INFO - Filling up the DagBag from /home/airflow/.local/lib/python3.12/site-packages/airflow/example_dags/example_branch_operator.py
[2024-12-01T02:21:52.814+0000] {processor.py:925} INFO - DAG(s) 'example_branch_operator' retrieved from /home/airflow/.local/lib/python3.12/site-packages/airflow/example_dags/example_branch_operator.py
[2024-12-01T02:21:52.842+0000] {logging_mixin.py:190} INFO - [2024-12-01T02:21:52.842+0000] {dag.py:3239} INFO - Sync 1 DAGs
[2024-12-01T02:21:53.010+0000] {logging_mixin.py:190} INFO - [2024-12-01T02:21:53.010+0000] {dag.py:4180} INFO - Setting next_dagrun for example_branch_operator to 2024-11-30 00:00:00+00:00, run_after=2024-12-01 00:00:00+00:00
[2024-12-01T02:21:53.026+0000] {processor.py:208} INFO - Processing /home/airflow/.local/lib/python3.12/site-packages/airflow/example_dags/example_branch_operator.py took 0.239 seconds
[2024-12-01T02:22:23.210+0000] {processor.py:186} INFO - Started process (PID=52013) to work on /home/airflow/.local/lib/python3.12/site-packages/airflow/example_dags/example_branch_operator.py
[2024-12-01T02:22:23.211+0000] {processor.py:914} INFO - Processing file /home/airflow/.local/lib/python3.12/site-packages/airflow/example_dags/example_branch_operator.py for tasks to queue
[2024-12-01T02:22:23.214+0000] {logging_mixin.py:190} INFO - [2024-12-01T02:22:23.213+0000] {dagbag.py:588} INFO - Filling up the DagBag from /home/airflow/.local/lib/python3.12/site-packages/airflow/example_dags/example_branch_operator.py
[2024-12-01T02:22:23.233+0000] {processor.py:925} INFO - DAG(s) 'example_branch_operator' retrieved from /home/airflow/.local/lib/python3.12/site-packages/airflow/example_dags/example_branch_operator.py
[2024-12-01T02:22:23.260+0000] {logging_mixin.py:190} INFO - [2024-12-01T02:22:23.260+0000] {dag.py:3239} INFO - Sync 1 DAGs
[2024-12-01T02:22:23.429+0000] {logging_mixin.py:190} INFO - [2024-12-01T02:22:23.429+0000] {dag.py:4180} INFO - Setting next_dagrun for example_branch_operator to 2024-11-30 00:00:00+00:00, run_after=2024-12-01 00:00:00+00:00
[2024-12-01T02:22:23.445+0000] {processor.py:208} INFO - Processing /home/airflow/.local/lib/python3.12/site-packages/airflow/example_dags/example_branch_operator.py took 0.242 seconds
[2024-12-01T02:22:53.598+0000] {processor.py:186} INFO - Started process (PID=52079) to work on /home/airflow/.local/lib/python3.12/site-packages/airflow/example_dags/example_branch_operator.py
[2024-12-01T02:22:53.599+0000] {processor.py:914} INFO - Processing file /home/airflow/.local/lib/python3.12/site-packages/airflow/example_dags/example_branch_operator.py for tasks to queue
[2024-12-01T02:22:53.601+0000] {logging_mixin.py:190} INFO - [2024-12-01T02:22:53.601+0000] {dagbag.py:588} INFO - Filling up the DagBag from /home/airflow/.local/lib/python3.12/site-packages/airflow/example_dags/example_branch_operator.py
[2024-12-01T02:22:53.618+0000] {processor.py:925} INFO - DAG(s) 'example_branch_operator' retrieved from /home/airflow/.local/lib/python3.12/site-packages/airflow/example_dags/example_branch_operator.py
[2024-12-01T02:22:53.645+0000] {logging_mixin.py:190} INFO - [2024-12-01T02:22:53.645+0000] {dag.py:3239} INFO - Sync 1 DAGs
[2024-12-01T02:22:53.689+0000] {logging_mixin.py:190} INFO - [2024-12-01T02:22:53.688+0000] {dag.py:4180} INFO - Setting next_dagrun for example_branch_operator to 2024-11-30 00:00:00+00:00, run_after=2024-12-01 00:00:00+00:00
[2024-12-01T02:22:53.906+0000] {processor.py:208} INFO - Processing /home/airflow/.local/lib/python3.12/site-packages/airflow/example_dags/example_branch_operator.py took 0.314 seconds
[2024-12-01T02:23:25.199+0000] {processor.py:186} INFO - Started process (PID=52145) to work on /home/airflow/.local/lib/python3.12/site-packages/airflow/example_dags/example_branch_operator.py
[2024-12-01T02:23:25.200+0000] {processor.py:914} INFO - Processing file /home/airflow/.local/lib/python3.12/site-packages/airflow/example_dags/example_branch_operator.py for tasks to queue
[2024-12-01T02:23:25.202+0000] {logging_mixin.py:190} INFO - [2024-12-01T02:23:25.202+0000] {dagbag.py:588} INFO - Filling up the DagBag from /home/airflow/.local/lib/python3.12/site-packages/airflow/example_dags/example_branch_operator.py
[2024-12-01T02:23:25.218+0000] {processor.py:925} INFO - DAG(s) 'example_branch_operator' retrieved from /home/airflow/.local/lib/python3.12/site-packages/airflow/example_dags/example_branch_operator.py
[2024-12-01T02:23:25.247+0000] {logging_mixin.py:190} INFO - [2024-12-01T02:23:25.247+0000] {dag.py:3239} INFO - Sync 1 DAGs
[2024-12-01T02:23:25.268+0000] {logging_mixin.py:190} INFO - [2024-12-01T02:23:25.268+0000] {dag.py:4180} INFO - Setting next_dagrun for example_branch_operator to 2024-11-30 00:00:00+00:00, run_after=2024-12-01 00:00:00+00:00
[2024-12-01T02:23:25.287+0000] {processor.py:208} INFO - Processing /home/airflow/.local/lib/python3.12/site-packages/airflow/example_dags/example_branch_operator.py took 0.093 seconds
[2024-12-01T02:23:55.604+0000] {processor.py:186} INFO - Started process (PID=52211) to work on /home/airflow/.local/lib/python3.12/site-packages/airflow/example_dags/example_branch_operator.py
[2024-12-01T02:23:55.605+0000] {processor.py:914} INFO - Processing file /home/airflow/.local/lib/python3.12/site-packages/airflow/example_dags/example_branch_operator.py for tasks to queue
[2024-12-01T02:23:55.607+0000] {logging_mixin.py:190} INFO - [2024-12-01T02:23:55.607+0000] {dagbag.py:588} INFO - Filling up the DagBag from /home/airflow/.local/lib/python3.12/site-packages/airflow/example_dags/example_branch_operator.py
[2024-12-01T02:23:55.624+0000] {processor.py:925} INFO - DAG(s) 'example_branch_operator' retrieved from /home/airflow/.local/lib/python3.12/site-packages/airflow/example_dags/example_branch_operator.py
[2024-12-01T02:23:55.650+0000] {logging_mixin.py:190} INFO - [2024-12-01T02:23:55.650+0000] {dag.py:3239} INFO - Sync 1 DAGs
[2024-12-01T02:23:55.674+0000] {logging_mixin.py:190} INFO - [2024-12-01T02:23:55.673+0000] {dag.py:4180} INFO - Setting next_dagrun for example_branch_operator to 2024-11-30 00:00:00+00:00, run_after=2024-12-01 00:00:00+00:00
[2024-12-01T02:23:55.688+0000] {processor.py:208} INFO - Processing /home/airflow/.local/lib/python3.12/site-packages/airflow/example_dags/example_branch_operator.py took 0.089 seconds
[2024-12-01T02:24:27.004+0000] {processor.py:186} INFO - Started process (PID=52277) to work on /home/airflow/.local/lib/python3.12/site-packages/airflow/example_dags/example_branch_operator.py
[2024-12-01T02:24:27.005+0000] {processor.py:914} INFO - Processing file /home/airflow/.local/lib/python3.12/site-packages/airflow/example_dags/example_branch_operator.py for tasks to queue
[2024-12-01T02:24:27.007+0000] {logging_mixin.py:190} INFO - [2024-12-01T02:24:27.007+0000] {dagbag.py:588} INFO - Filling up the DagBag from /home/airflow/.local/lib/python3.12/site-packages/airflow/example_dags/example_branch_operator.py
[2024-12-01T02:24:27.024+0000] {processor.py:925} INFO - DAG(s) 'example_branch_operator' retrieved from /home/airflow/.local/lib/python3.12/site-packages/airflow/example_dags/example_branch_operator.py
[2024-12-01T02:24:27.050+0000] {logging_mixin.py:190} INFO - [2024-12-01T02:24:27.050+0000] {dag.py:3239} INFO - Sync 1 DAGs
[2024-12-01T02:24:27.072+0000] {logging_mixin.py:190} INFO - [2024-12-01T02:24:27.072+0000] {dag.py:4180} INFO - Setting next_dagrun for example_branch_operator to 2024-11-30 00:00:00+00:00, run_after=2024-12-01 00:00:00+00:00
[2024-12-01T02:24:27.089+0000] {processor.py:208} INFO - Processing /home/airflow/.local/lib/python3.12/site-packages/airflow/example_dags/example_branch_operator.py took 0.090 seconds
[2024-12-01T02:24:58.493+0000] {processor.py:186} INFO - Started process (PID=52343) to work on /home/airflow/.local/lib/python3.12/site-packages/airflow/example_dags/example_branch_operator.py
[2024-12-01T02:24:58.494+0000] {processor.py:914} INFO - Processing file /home/airflow/.local/lib/python3.12/site-packages/airflow/example_dags/example_branch_operator.py for tasks to queue
[2024-12-01T02:24:58.496+0000] {logging_mixin.py:190} INFO - [2024-12-01T02:24:58.496+0000] {dagbag.py:588} INFO - Filling up the DagBag from /home/airflow/.local/lib/python3.12/site-packages/airflow/example_dags/example_branch_operator.py
[2024-12-01T02:24:58.513+0000] {processor.py:925} INFO - DAG(s) 'example_branch_operator' retrieved from /home/airflow/.local/lib/python3.12/site-packages/airflow/example_dags/example_branch_operator.py
[2024-12-01T02:24:58.539+0000] {logging_mixin.py:190} INFO - [2024-12-01T02:24:58.538+0000] {dag.py:3239} INFO - Sync 1 DAGs
[2024-12-01T02:24:58.562+0000] {logging_mixin.py:190} INFO - [2024-12-01T02:24:58.562+0000] {dag.py:4180} INFO - Setting next_dagrun for example_branch_operator to 2024-11-30 00:00:00+00:00, run_after=2024-12-01 00:00:00+00:00
[2024-12-01T02:24:58.578+0000] {processor.py:208} INFO - Processing /home/airflow/.local/lib/python3.12/site-packages/airflow/example_dags/example_branch_operator.py took 0.091 seconds
[2024-12-01T02:25:28.983+0000] {processor.py:186} INFO - Started process (PID=52409) to work on /home/airflow/.local/lib/python3.12/site-packages/airflow/example_dags/example_branch_operator.py
[2024-12-01T02:25:28.984+0000] {processor.py:914} INFO - Processing file /home/airflow/.local/lib/python3.12/site-packages/airflow/example_dags/example_branch_operator.py for tasks to queue
[2024-12-01T02:25:28.987+0000] {logging_mixin.py:190} INFO - [2024-12-01T02:25:28.986+0000] {dagbag.py:588} INFO - Filling up the DagBag from /home/airflow/.local/lib/python3.12/site-packages/airflow/example_dags/example_branch_operator.py
[2024-12-01T02:25:29.003+0000] {processor.py:925} INFO - DAG(s) 'example_branch_operator' retrieved from /home/airflow/.local/lib/python3.12/site-packages/airflow/example_dags/example_branch_operator.py
[2024-12-01T02:25:29.032+0000] {logging_mixin.py:190} INFO - [2024-12-01T02:25:29.032+0000] {dag.py:3239} INFO - Sync 1 DAGs
[2024-12-01T02:25:29.057+0000] {logging_mixin.py:190} INFO - [2024-12-01T02:25:29.056+0000] {dag.py:4180} INFO - Setting next_dagrun for example_branch_operator to 2024-11-30 00:00:00+00:00, run_after=2024-12-01 00:00:00+00:00
[2024-12-01T02:25:29.073+0000] {processor.py:208} INFO - Processing /home/airflow/.local/lib/python3.12/site-packages/airflow/example_dags/example_branch_operator.py took 0.095 seconds
[2024-12-01T02:25:59.694+0000] {processor.py:186} INFO - Started process (PID=52475) to work on /home/airflow/.local/lib/python3.12/site-packages/airflow/example_dags/example_branch_operator.py
[2024-12-01T02:25:59.695+0000] {processor.py:914} INFO - Processing file /home/airflow/.local/lib/python3.12/site-packages/airflow/example_dags/example_branch_operator.py for tasks to queue
[2024-12-01T02:25:59.697+0000] {logging_mixin.py:190} INFO - [2024-12-01T02:25:59.697+0000] {dagbag.py:588} INFO - Filling up the DagBag from /home/airflow/.local/lib/python3.12/site-packages/airflow/example_dags/example_branch_operator.py
[2024-12-01T02:25:59.713+0000] {processor.py:925} INFO - DAG(s) 'example_branch_operator' retrieved from /home/airflow/.local/lib/python3.12/site-packages/airflow/example_dags/example_branch_operator.py
[2024-12-01T02:25:59.750+0000] {logging_mixin.py:190} INFO - [2024-12-01T02:25:59.749+0000] {dag.py:3239} INFO - Sync 1 DAGs
[2024-12-01T02:25:59.782+0000] {logging_mixin.py:190} INFO - [2024-12-01T02:25:59.782+0000] {dag.py:4180} INFO - Setting next_dagrun for example_branch_operator to 2024-11-30 00:00:00+00:00, run_after=2024-12-01 00:00:00+00:00
[2024-12-01T02:25:59.797+0000] {processor.py:208} INFO - Processing /home/airflow/.local/lib/python3.12/site-packages/airflow/example_dags/example_branch_operator.py took 0.108 seconds
[2024-12-01T02:26:30.370+0000] {processor.py:186} INFO - Started process (PID=52547) to work on /home/airflow/.local/lib/python3.12/site-packages/airflow/example_dags/example_branch_operator.py
[2024-12-01T02:26:30.373+0000] {processor.py:914} INFO - Processing file /home/airflow/.local/lib/python3.12/site-packages/airflow/example_dags/example_branch_operator.py for tasks to queue
[2024-12-01T02:26:30.380+0000] {logging_mixin.py:190} INFO - [2024-12-01T02:26:30.379+0000] {dagbag.py:588} INFO - Filling up the DagBag from /home/airflow/.local/lib/python3.12/site-packages/airflow/example_dags/example_branch_operator.py
[2024-12-01T02:26:30.423+0000] {processor.py:925} INFO - DAG(s) 'example_branch_operator' retrieved from /home/airflow/.local/lib/python3.12/site-packages/airflow/example_dags/example_branch_operator.py
[2024-12-01T02:26:30.466+0000] {logging_mixin.py:190} INFO - [2024-12-01T02:26:30.465+0000] {dag.py:3239} INFO - Sync 1 DAGs
[2024-12-01T02:26:30.499+0000] {logging_mixin.py:190} INFO - [2024-12-01T02:26:30.499+0000] {dag.py:4180} INFO - Setting next_dagrun for example_branch_operator to 2024-11-30 00:00:00+00:00, run_after=2024-12-01 00:00:00+00:00
[2024-12-01T02:26:30.519+0000] {processor.py:208} INFO - Processing /home/airflow/.local/lib/python3.12/site-packages/airflow/example_dags/example_branch_operator.py took 0.156 seconds
[2024-12-01T02:27:00.915+0000] {processor.py:186} INFO - Started process (PID=52613) to work on /home/airflow/.local/lib/python3.12/site-packages/airflow/example_dags/example_branch_operator.py
[2024-12-01T02:27:00.916+0000] {processor.py:914} INFO - Processing file /home/airflow/.local/lib/python3.12/site-packages/airflow/example_dags/example_branch_operator.py for tasks to queue
[2024-12-01T02:27:00.918+0000] {logging_mixin.py:190} INFO - [2024-12-01T02:27:00.918+0000] {dagbag.py:588} INFO - Filling up the DagBag from /home/airflow/.local/lib/python3.12/site-packages/airflow/example_dags/example_branch_operator.py
[2024-12-01T02:27:00.937+0000] {processor.py:925} INFO - DAG(s) 'example_branch_operator' retrieved from /home/airflow/.local/lib/python3.12/site-packages/airflow/example_dags/example_branch_operator.py
[2024-12-01T02:27:00.963+0000] {logging_mixin.py:190} INFO - [2024-12-01T02:27:00.963+0000] {dag.py:3239} INFO - Sync 1 DAGs
[2024-12-01T02:27:00.987+0000] {logging_mixin.py:190} INFO - [2024-12-01T02:27:00.986+0000] {dag.py:4180} INFO - Setting next_dagrun for example_branch_operator to 2024-11-30 00:00:00+00:00, run_after=2024-12-01 00:00:00+00:00
[2024-12-01T02:27:01.003+0000] {processor.py:208} INFO - Processing /home/airflow/.local/lib/python3.12/site-packages/airflow/example_dags/example_branch_operator.py took 0.096 seconds
[2024-12-01T02:27:31.386+0000] {processor.py:186} INFO - Started process (PID=52679) to work on /home/airflow/.local/lib/python3.12/site-packages/airflow/example_dags/example_branch_operator.py
[2024-12-01T02:27:31.387+0000] {processor.py:914} INFO - Processing file /home/airflow/.local/lib/python3.12/site-packages/airflow/example_dags/example_branch_operator.py for tasks to queue
[2024-12-01T02:27:31.389+0000] {logging_mixin.py:190} INFO - [2024-12-01T02:27:31.388+0000] {dagbag.py:588} INFO - Filling up the DagBag from /home/airflow/.local/lib/python3.12/site-packages/airflow/example_dags/example_branch_operator.py
[2024-12-01T02:27:31.405+0000] {processor.py:925} INFO - DAG(s) 'example_branch_operator' retrieved from /home/airflow/.local/lib/python3.12/site-packages/airflow/example_dags/example_branch_operator.py
[2024-12-01T02:27:31.432+0000] {logging_mixin.py:190} INFO - [2024-12-01T02:27:31.431+0000] {dag.py:3239} INFO - Sync 1 DAGs
[2024-12-01T02:27:31.455+0000] {logging_mixin.py:190} INFO - [2024-12-01T02:27:31.455+0000] {dag.py:4180} INFO - Setting next_dagrun for example_branch_operator to 2024-11-30 00:00:00+00:00, run_after=2024-12-01 00:00:00+00:00
[2024-12-01T02:27:31.472+0000] {processor.py:208} INFO - Processing /home/airflow/.local/lib/python3.12/site-packages/airflow/example_dags/example_branch_operator.py took 0.092 seconds
[2024-12-01T02:28:02.825+0000] {processor.py:186} INFO - Started process (PID=52745) to work on /home/airflow/.local/lib/python3.12/site-packages/airflow/example_dags/example_branch_operator.py
[2024-12-01T02:28:02.826+0000] {processor.py:914} INFO - Processing file /home/airflow/.local/lib/python3.12/site-packages/airflow/example_dags/example_branch_operator.py for tasks to queue
[2024-12-01T02:28:02.828+0000] {logging_mixin.py:190} INFO - [2024-12-01T02:28:02.827+0000] {dagbag.py:588} INFO - Filling up the DagBag from /home/airflow/.local/lib/python3.12/site-packages/airflow/example_dags/example_branch_operator.py
[2024-12-01T02:28:02.844+0000] {processor.py:925} INFO - DAG(s) 'example_branch_operator' retrieved from /home/airflow/.local/lib/python3.12/site-packages/airflow/example_dags/example_branch_operator.py
[2024-12-01T02:28:02.872+0000] {logging_mixin.py:190} INFO - [2024-12-01T02:28:02.872+0000] {dag.py:3239} INFO - Sync 1 DAGs
[2024-12-01T02:28:02.895+0000] {logging_mixin.py:190} INFO - [2024-12-01T02:28:02.895+0000] {dag.py:4180} INFO - Setting next_dagrun for example_branch_operator to 2024-11-30 00:00:00+00:00, run_after=2024-12-01 00:00:00+00:00
[2024-12-01T02:28:02.914+0000] {processor.py:208} INFO - Processing /home/airflow/.local/lib/python3.12/site-packages/airflow/example_dags/example_branch_operator.py took 0.094 seconds
[2024-12-01T02:28:33.336+0000] {processor.py:186} INFO - Started process (PID=52811) to work on /home/airflow/.local/lib/python3.12/site-packages/airflow/example_dags/example_branch_operator.py
[2024-12-01T02:28:33.337+0000] {processor.py:914} INFO - Processing file /home/airflow/.local/lib/python3.12/site-packages/airflow/example_dags/example_branch_operator.py for tasks to queue
[2024-12-01T02:28:33.339+0000] {logging_mixin.py:190} INFO - [2024-12-01T02:28:33.339+0000] {dagbag.py:588} INFO - Filling up the DagBag from /home/airflow/.local/lib/python3.12/site-packages/airflow/example_dags/example_branch_operator.py
[2024-12-01T02:28:33.361+0000] {processor.py:925} INFO - DAG(s) 'example_branch_operator' retrieved from /home/airflow/.local/lib/python3.12/site-packages/airflow/example_dags/example_branch_operator.py
[2024-12-01T02:28:33.394+0000] {logging_mixin.py:190} INFO - [2024-12-01T02:28:33.394+0000] {dag.py:3239} INFO - Sync 1 DAGs
[2024-12-01T02:28:33.424+0000] {logging_mixin.py:190} INFO - [2024-12-01T02:28:33.424+0000] {dag.py:4180} INFO - Setting next_dagrun for example_branch_operator to 2024-11-30 00:00:00+00:00, run_after=2024-12-01 00:00:00+00:00
[2024-12-01T02:28:33.452+0000] {processor.py:208} INFO - Processing /home/airflow/.local/lib/python3.12/site-packages/airflow/example_dags/example_branch_operator.py took 0.122 seconds
[2024-12-01T02:29:03.898+0000] {processor.py:186} INFO - Started process (PID=52877) to work on /home/airflow/.local/lib/python3.12/site-packages/airflow/example_dags/example_branch_operator.py
[2024-12-01T02:29:03.899+0000] {processor.py:914} INFO - Processing file /home/airflow/.local/lib/python3.12/site-packages/airflow/example_dags/example_branch_operator.py for tasks to queue
[2024-12-01T02:29:03.901+0000] {logging_mixin.py:190} INFO - [2024-12-01T02:29:03.901+0000] {dagbag.py:588} INFO - Filling up the DagBag from /home/airflow/.local/lib/python3.12/site-packages/airflow/example_dags/example_branch_operator.py
[2024-12-01T02:29:03.918+0000] {processor.py:925} INFO - DAG(s) 'example_branch_operator' retrieved from /home/airflow/.local/lib/python3.12/site-packages/airflow/example_dags/example_branch_operator.py
[2024-12-01T02:29:03.946+0000] {logging_mixin.py:190} INFO - [2024-12-01T02:29:03.945+0000] {dag.py:3239} INFO - Sync 1 DAGs
[2024-12-01T02:29:03.968+0000] {logging_mixin.py:190} INFO - [2024-12-01T02:29:03.968+0000] {dag.py:4180} INFO - Setting next_dagrun for example_branch_operator to 2024-11-30 00:00:00+00:00, run_after=2024-12-01 00:00:00+00:00
[2024-12-01T02:29:03.984+0000] {processor.py:208} INFO - Processing /home/airflow/.local/lib/python3.12/site-packages/airflow/example_dags/example_branch_operator.py took 0.092 seconds
[2024-12-01T02:29:34.469+0000] {processor.py:186} INFO - Started process (PID=52943) to work on /home/airflow/.local/lib/python3.12/site-packages/airflow/example_dags/example_branch_operator.py
[2024-12-01T02:29:34.470+0000] {processor.py:914} INFO - Processing file /home/airflow/.local/lib/python3.12/site-packages/airflow/example_dags/example_branch_operator.py for tasks to queue
[2024-12-01T02:29:34.472+0000] {logging_mixin.py:190} INFO - [2024-12-01T02:29:34.472+0000] {dagbag.py:588} INFO - Filling up the DagBag from /home/airflow/.local/lib/python3.12/site-packages/airflow/example_dags/example_branch_operator.py
[2024-12-01T02:29:34.489+0000] {processor.py:925} INFO - DAG(s) 'example_branch_operator' retrieved from /home/airflow/.local/lib/python3.12/site-packages/airflow/example_dags/example_branch_operator.py
[2024-12-01T02:29:34.516+0000] {logging_mixin.py:190} INFO - [2024-12-01T02:29:34.516+0000] {dag.py:3239} INFO - Sync 1 DAGs
[2024-12-01T02:29:34.539+0000] {logging_mixin.py:190} INFO - [2024-12-01T02:29:34.539+0000] {dag.py:4180} INFO - Setting next_dagrun for example_branch_operator to 2024-11-30 00:00:00+00:00, run_after=2024-12-01 00:00:00+00:00
[2024-12-01T02:29:34.555+0000] {processor.py:208} INFO - Processing /home/airflow/.local/lib/python3.12/site-packages/airflow/example_dags/example_branch_operator.py took 0.091 seconds
[2024-12-01T02:30:05.829+0000] {processor.py:186} INFO - Started process (PID=53009) to work on /home/airflow/.local/lib/python3.12/site-packages/airflow/example_dags/example_branch_operator.py
[2024-12-01T02:30:05.830+0000] {processor.py:914} INFO - Processing file /home/airflow/.local/lib/python3.12/site-packages/airflow/example_dags/example_branch_operator.py for tasks to queue
[2024-12-01T02:30:05.832+0000] {logging_mixin.py:190} INFO - [2024-12-01T02:30:05.832+0000] {dagbag.py:588} INFO - Filling up the DagBag from /home/airflow/.local/lib/python3.12/site-packages/airflow/example_dags/example_branch_operator.py
[2024-12-01T02:30:05.848+0000] {processor.py:925} INFO - DAG(s) 'example_branch_operator' retrieved from /home/airflow/.local/lib/python3.12/site-packages/airflow/example_dags/example_branch_operator.py
[2024-12-01T02:30:05.876+0000] {logging_mixin.py:190} INFO - [2024-12-01T02:30:05.876+0000] {dag.py:3239} INFO - Sync 1 DAGs
[2024-12-01T02:30:05.899+0000] {logging_mixin.py:190} INFO - [2024-12-01T02:30:05.898+0000] {dag.py:4180} INFO - Setting next_dagrun for example_branch_operator to 2024-11-30 00:00:00+00:00, run_after=2024-12-01 00:00:00+00:00
[2024-12-01T02:30:05.915+0000] {processor.py:208} INFO - Processing /home/airflow/.local/lib/python3.12/site-packages/airflow/example_dags/example_branch_operator.py took 0.092 seconds
[2024-12-01T02:30:36.504+0000] {processor.py:186} INFO - Started process (PID=53075) to work on /home/airflow/.local/lib/python3.12/site-packages/airflow/example_dags/example_branch_operator.py
[2024-12-01T02:30:36.505+0000] {processor.py:914} INFO - Processing file /home/airflow/.local/lib/python3.12/site-packages/airflow/example_dags/example_branch_operator.py for tasks to queue
[2024-12-01T02:30:36.507+0000] {logging_mixin.py:190} INFO - [2024-12-01T02:30:36.507+0000] {dagbag.py:588} INFO - Filling up the DagBag from /home/airflow/.local/lib/python3.12/site-packages/airflow/example_dags/example_branch_operator.py
[2024-12-01T02:30:36.524+0000] {processor.py:925} INFO - DAG(s) 'example_branch_operator' retrieved from /home/airflow/.local/lib/python3.12/site-packages/airflow/example_dags/example_branch_operator.py
[2024-12-01T02:30:36.551+0000] {logging_mixin.py:190} INFO - [2024-12-01T02:30:36.551+0000] {dag.py:3239} INFO - Sync 1 DAGs
[2024-12-01T02:30:36.572+0000] {logging_mixin.py:190} INFO - [2024-12-01T02:30:36.572+0000] {dag.py:4180} INFO - Setting next_dagrun for example_branch_operator to 2024-11-30 00:00:00+00:00, run_after=2024-12-01 00:00:00+00:00
[2024-12-01T02:30:36.589+0000] {processor.py:208} INFO - Processing /home/airflow/.local/lib/python3.12/site-packages/airflow/example_dags/example_branch_operator.py took 0.090 seconds
[2024-12-01T02:31:07.088+0000] {processor.py:186} INFO - Started process (PID=53141) to work on /home/airflow/.local/lib/python3.12/site-packages/airflow/example_dags/example_branch_operator.py
[2024-12-01T02:31:07.088+0000] {processor.py:914} INFO - Processing file /home/airflow/.local/lib/python3.12/site-packages/airflow/example_dags/example_branch_operator.py for tasks to queue
[2024-12-01T02:31:07.090+0000] {logging_mixin.py:190} INFO - [2024-12-01T02:31:07.090+0000] {dagbag.py:588} INFO - Filling up the DagBag from /home/airflow/.local/lib/python3.12/site-packages/airflow/example_dags/example_branch_operator.py
[2024-12-01T02:31:07.106+0000] {processor.py:925} INFO - DAG(s) 'example_branch_operator' retrieved from /home/airflow/.local/lib/python3.12/site-packages/airflow/example_dags/example_branch_operator.py
[2024-12-01T02:31:07.132+0000] {logging_mixin.py:190} INFO - [2024-12-01T02:31:07.132+0000] {dag.py:3239} INFO - Sync 1 DAGs
[2024-12-01T02:31:07.153+0000] {logging_mixin.py:190} INFO - [2024-12-01T02:31:07.153+0000] {dag.py:4180} INFO - Setting next_dagrun for example_branch_operator to 2024-11-30 00:00:00+00:00, run_after=2024-12-01 00:00:00+00:00
[2024-12-01T02:31:07.168+0000] {processor.py:208} INFO - Processing /home/airflow/.local/lib/python3.12/site-packages/airflow/example_dags/example_branch_operator.py took 0.086 seconds
[2024-12-01T02:31:38.370+0000] {processor.py:186} INFO - Started process (PID=53207) to work on /home/airflow/.local/lib/python3.12/site-packages/airflow/example_dags/example_branch_operator.py
[2024-12-01T02:31:38.371+0000] {processor.py:914} INFO - Processing file /home/airflow/.local/lib/python3.12/site-packages/airflow/example_dags/example_branch_operator.py for tasks to queue
[2024-12-01T02:31:38.374+0000] {logging_mixin.py:190} INFO - [2024-12-01T02:31:38.374+0000] {dagbag.py:588} INFO - Filling up the DagBag from /home/airflow/.local/lib/python3.12/site-packages/airflow/example_dags/example_branch_operator.py
[2024-12-01T02:31:38.397+0000] {processor.py:925} INFO - DAG(s) 'example_branch_operator' retrieved from /home/airflow/.local/lib/python3.12/site-packages/airflow/example_dags/example_branch_operator.py
[2024-12-01T02:31:38.432+0000] {logging_mixin.py:190} INFO - [2024-12-01T02:31:38.432+0000] {dag.py:3239} INFO - Sync 1 DAGs
[2024-12-01T02:31:38.454+0000] {logging_mixin.py:190} INFO - [2024-12-01T02:31:38.454+0000] {dag.py:4180} INFO - Setting next_dagrun for example_branch_operator to 2024-11-30 00:00:00+00:00, run_after=2024-12-01 00:00:00+00:00
[2024-12-01T02:31:38.470+0000] {processor.py:208} INFO - Processing /home/airflow/.local/lib/python3.12/site-packages/airflow/example_dags/example_branch_operator.py took 0.107 seconds
[2024-12-01T02:32:08.881+0000] {processor.py:186} INFO - Started process (PID=53273) to work on /home/airflow/.local/lib/python3.12/site-packages/airflow/example_dags/example_branch_operator.py
[2024-12-01T02:32:08.882+0000] {processor.py:914} INFO - Processing file /home/airflow/.local/lib/python3.12/site-packages/airflow/example_dags/example_branch_operator.py for tasks to queue
[2024-12-01T02:32:08.884+0000] {logging_mixin.py:190} INFO - [2024-12-01T02:32:08.883+0000] {dagbag.py:588} INFO - Filling up the DagBag from /home/airflow/.local/lib/python3.12/site-packages/airflow/example_dags/example_branch_operator.py
[2024-12-01T02:32:08.900+0000] {processor.py:925} INFO - DAG(s) 'example_branch_operator' retrieved from /home/airflow/.local/lib/python3.12/site-packages/airflow/example_dags/example_branch_operator.py
[2024-12-01T02:32:08.928+0000] {logging_mixin.py:190} INFO - [2024-12-01T02:32:08.928+0000] {dag.py:3239} INFO - Sync 1 DAGs
[2024-12-01T02:32:08.949+0000] {logging_mixin.py:190} INFO - [2024-12-01T02:32:08.949+0000] {dag.py:4180} INFO - Setting next_dagrun for example_branch_operator to 2024-11-30 00:00:00+00:00, run_after=2024-12-01 00:00:00+00:00
[2024-12-01T02:32:08.965+0000] {processor.py:208} INFO - Processing /home/airflow/.local/lib/python3.12/site-packages/airflow/example_dags/example_branch_operator.py took 0.089 seconds
[2024-12-01T02:32:40.608+0000] {processor.py:186} INFO - Started process (PID=53340) to work on /home/airflow/.local/lib/python3.12/site-packages/airflow/example_dags/example_branch_operator.py
[2024-12-01T02:32:40.609+0000] {processor.py:914} INFO - Processing file /home/airflow/.local/lib/python3.12/site-packages/airflow/example_dags/example_branch_operator.py for tasks to queue
[2024-12-01T02:32:40.611+0000] {logging_mixin.py:190} INFO - [2024-12-01T02:32:40.611+0000] {dagbag.py:588} INFO - Filling up the DagBag from /home/airflow/.local/lib/python3.12/site-packages/airflow/example_dags/example_branch_operator.py
[2024-12-01T02:32:40.628+0000] {processor.py:925} INFO - DAG(s) 'example_branch_operator' retrieved from /home/airflow/.local/lib/python3.12/site-packages/airflow/example_dags/example_branch_operator.py
[2024-12-01T02:32:40.658+0000] {logging_mixin.py:190} INFO - [2024-12-01T02:32:40.658+0000] {dag.py:3239} INFO - Sync 1 DAGs
[2024-12-01T02:32:40.685+0000] {logging_mixin.py:190} INFO - [2024-12-01T02:32:40.684+0000] {dag.py:4180} INFO - Setting next_dagrun for example_branch_operator to 2024-11-30 00:00:00+00:00, run_after=2024-12-01 00:00:00+00:00
[2024-12-01T02:32:40.711+0000] {processor.py:208} INFO - Processing /home/airflow/.local/lib/python3.12/site-packages/airflow/example_dags/example_branch_operator.py took 0.111 seconds
[2024-12-01T02:33:11.180+0000] {processor.py:186} INFO - Started process (PID=53406) to work on /home/airflow/.local/lib/python3.12/site-packages/airflow/example_dags/example_branch_operator.py
[2024-12-01T02:33:11.181+0000] {processor.py:914} INFO - Processing file /home/airflow/.local/lib/python3.12/site-packages/airflow/example_dags/example_branch_operator.py for tasks to queue
[2024-12-01T02:33:11.184+0000] {logging_mixin.py:190} INFO - [2024-12-01T02:33:11.183+0000] {dagbag.py:588} INFO - Filling up the DagBag from /home/airflow/.local/lib/python3.12/site-packages/airflow/example_dags/example_branch_operator.py
[2024-12-01T02:33:11.207+0000] {processor.py:925} INFO - DAG(s) 'example_branch_operator' retrieved from /home/airflow/.local/lib/python3.12/site-packages/airflow/example_dags/example_branch_operator.py
[2024-12-01T02:33:11.242+0000] {logging_mixin.py:190} INFO - [2024-12-01T02:33:11.242+0000] {dag.py:3239} INFO - Sync 1 DAGs
[2024-12-01T02:33:11.271+0000] {logging_mixin.py:190} INFO - [2024-12-01T02:33:11.271+0000] {dag.py:4180} INFO - Setting next_dagrun for example_branch_operator to 2024-11-30 00:00:00+00:00, run_after=2024-12-01 00:00:00+00:00
[2024-12-01T02:33:11.288+0000] {processor.py:208} INFO - Processing /home/airflow/.local/lib/python3.12/site-packages/airflow/example_dags/example_branch_operator.py took 0.116 seconds
[2024-12-01T02:33:41.941+0000] {processor.py:186} INFO - Started process (PID=53472) to work on /home/airflow/.local/lib/python3.12/site-packages/airflow/example_dags/example_branch_operator.py
[2024-12-01T02:33:41.942+0000] {processor.py:914} INFO - Processing file /home/airflow/.local/lib/python3.12/site-packages/airflow/example_dags/example_branch_operator.py for tasks to queue
[2024-12-01T02:33:41.944+0000] {logging_mixin.py:190} INFO - [2024-12-01T02:33:41.944+0000] {dagbag.py:588} INFO - Filling up the DagBag from /home/airflow/.local/lib/python3.12/site-packages/airflow/example_dags/example_branch_operator.py
[2024-12-01T02:33:41.966+0000] {processor.py:925} INFO - DAG(s) 'example_branch_operator' retrieved from /home/airflow/.local/lib/python3.12/site-packages/airflow/example_dags/example_branch_operator.py
[2024-12-01T02:33:41.994+0000] {logging_mixin.py:190} INFO - [2024-12-01T02:33:41.994+0000] {dag.py:3239} INFO - Sync 1 DAGs
[2024-12-01T02:33:42.016+0000] {logging_mixin.py:190} INFO - [2024-12-01T02:33:42.016+0000] {dag.py:4180} INFO - Setting next_dagrun for example_branch_operator to 2024-11-30 00:00:00+00:00, run_after=2024-12-01 00:00:00+00:00
[2024-12-01T02:33:42.033+0000] {processor.py:208} INFO - Processing /home/airflow/.local/lib/python3.12/site-packages/airflow/example_dags/example_branch_operator.py took 0.098 seconds
[2024-12-01T02:34:12.656+0000] {processor.py:186} INFO - Started process (PID=53538) to work on /home/airflow/.local/lib/python3.12/site-packages/airflow/example_dags/example_branch_operator.py
[2024-12-01T02:34:12.657+0000] {processor.py:914} INFO - Processing file /home/airflow/.local/lib/python3.12/site-packages/airflow/example_dags/example_branch_operator.py for tasks to queue
[2024-12-01T02:34:12.659+0000] {logging_mixin.py:190} INFO - [2024-12-01T02:34:12.659+0000] {dagbag.py:588} INFO - Filling up the DagBag from /home/airflow/.local/lib/python3.12/site-packages/airflow/example_dags/example_branch_operator.py
[2024-12-01T02:34:12.676+0000] {processor.py:925} INFO - DAG(s) 'example_branch_operator' retrieved from /home/airflow/.local/lib/python3.12/site-packages/airflow/example_dags/example_branch_operator.py
[2024-12-01T02:34:12.709+0000] {logging_mixin.py:190} INFO - [2024-12-01T02:34:12.709+0000] {dag.py:3239} INFO - Sync 1 DAGs
[2024-12-01T02:34:12.734+0000] {logging_mixin.py:190} INFO - [2024-12-01T02:34:12.733+0000] {dag.py:4180} INFO - Setting next_dagrun for example_branch_operator to 2024-11-30 00:00:00+00:00, run_after=2024-12-01 00:00:00+00:00
[2024-12-01T02:34:12.752+0000] {processor.py:208} INFO - Processing /home/airflow/.local/lib/python3.12/site-packages/airflow/example_dags/example_branch_operator.py took 0.102 seconds
