[2024-12-01T02:11:02.917+0000] {processor.py:186} INFO - Started process (PID=50574) to work on /home/airflow/.local/lib/python3.12/site-packages/airflow/example_dags/example_external_task_marker_dag.py
[2024-12-01T02:11:02.918+0000] {processor.py:914} INFO - Processing file /home/airflow/.local/lib/python3.12/site-packages/airflow/example_dags/example_external_task_marker_dag.py for tasks to queue
[2024-12-01T02:11:02.921+0000] {logging_mixin.py:190} INFO - [2024-12-01T02:11:02.920+0000] {dagbag.py:588} INFO - Filling up the DagBag from /home/airflow/.local/lib/python3.12/site-packages/airflow/example_dags/example_external_task_marker_dag.py
[2024-12-01T02:11:02.929+0000] {processor.py:925} INFO - DAG(s) 'example_external_task_marker_parent', 'example_external_task_marker_child' retrieved from /home/airflow/.local/lib/python3.12/site-packages/airflow/example_dags/example_external_task_marker_dag.py
[2024-12-01T02:11:02.963+0000] {logging_mixin.py:190} INFO - [2024-12-01T02:11:02.963+0000] {dag.py:3239} INFO - Sync 2 DAGs
[2024-12-01T02:11:02.988+0000] {logging_mixin.py:190} INFO - [2024-12-01T02:11:02.988+0000] {dag.py:4180} INFO - Setting next_dagrun for example_external_task_marker_child to None, run_after=None
[2024-12-01T02:11:02.994+0000] {logging_mixin.py:190} INFO - [2024-12-01T02:11:02.994+0000] {dag.py:4180} INFO - Setting next_dagrun for example_external_task_marker_parent to None, run_after=None
[2024-12-01T02:11:03.011+0000] {processor.py:208} INFO - Processing /home/airflow/.local/lib/python3.12/site-packages/airflow/example_dags/example_external_task_marker_dag.py took 0.102 seconds
[2024-12-01T02:11:33.766+0000] {processor.py:186} INFO - Started process (PID=50641) to work on /home/airflow/.local/lib/python3.12/site-packages/airflow/example_dags/example_external_task_marker_dag.py
[2024-12-01T02:11:33.767+0000] {processor.py:914} INFO - Processing file /home/airflow/.local/lib/python3.12/site-packages/airflow/example_dags/example_external_task_marker_dag.py for tasks to queue
[2024-12-01T02:11:33.771+0000] {logging_mixin.py:190} INFO - [2024-12-01T02:11:33.771+0000] {dagbag.py:588} INFO - Filling up the DagBag from /home/airflow/.local/lib/python3.12/site-packages/airflow/example_dags/example_external_task_marker_dag.py
[2024-12-01T02:11:33.781+0000] {processor.py:925} INFO - DAG(s) 'example_external_task_marker_child', 'example_external_task_marker_parent' retrieved from /home/airflow/.local/lib/python3.12/site-packages/airflow/example_dags/example_external_task_marker_dag.py
[2024-12-01T02:11:33.807+0000] {logging_mixin.py:190} INFO - [2024-12-01T02:11:33.807+0000] {dag.py:3239} INFO - Sync 2 DAGs
[2024-12-01T02:11:33.826+0000] {logging_mixin.py:190} INFO - [2024-12-01T02:11:33.825+0000] {dag.py:4180} INFO - Setting next_dagrun for example_external_task_marker_child to None, run_after=None
[2024-12-01T02:11:33.831+0000] {logging_mixin.py:190} INFO - [2024-12-01T02:11:33.831+0000] {dag.py:4180} INFO - Setting next_dagrun for example_external_task_marker_parent to None, run_after=None
[2024-12-01T02:11:33.849+0000] {processor.py:208} INFO - Processing /home/airflow/.local/lib/python3.12/site-packages/airflow/example_dags/example_external_task_marker_dag.py took 0.092 seconds
[2024-12-01T02:12:04.253+0000] {processor.py:186} INFO - Started process (PID=50707) to work on /home/airflow/.local/lib/python3.12/site-packages/airflow/example_dags/example_external_task_marker_dag.py
[2024-12-01T02:12:04.254+0000] {processor.py:914} INFO - Processing file /home/airflow/.local/lib/python3.12/site-packages/airflow/example_dags/example_external_task_marker_dag.py for tasks to queue
[2024-12-01T02:12:04.256+0000] {logging_mixin.py:190} INFO - [2024-12-01T02:12:04.256+0000] {dagbag.py:588} INFO - Filling up the DagBag from /home/airflow/.local/lib/python3.12/site-packages/airflow/example_dags/example_external_task_marker_dag.py
[2024-12-01T02:12:04.267+0000] {processor.py:925} INFO - DAG(s) 'example_external_task_marker_child', 'example_external_task_marker_parent' retrieved from /home/airflow/.local/lib/python3.12/site-packages/airflow/example_dags/example_external_task_marker_dag.py
[2024-12-01T02:12:04.293+0000] {logging_mixin.py:190} INFO - [2024-12-01T02:12:04.293+0000] {dag.py:3239} INFO - Sync 2 DAGs
[2024-12-01T02:12:04.316+0000] {logging_mixin.py:190} INFO - [2024-12-01T02:12:04.316+0000] {dag.py:4180} INFO - Setting next_dagrun for example_external_task_marker_child to None, run_after=None
[2024-12-01T02:12:04.321+0000] {logging_mixin.py:190} INFO - [2024-12-01T02:12:04.321+0000] {dag.py:4180} INFO - Setting next_dagrun for example_external_task_marker_parent to None, run_after=None
[2024-12-01T02:12:04.340+0000] {processor.py:208} INFO - Processing /home/airflow/.local/lib/python3.12/site-packages/airflow/example_dags/example_external_task_marker_dag.py took 0.097 seconds
[2024-12-01T02:12:34.878+0000] {processor.py:186} INFO - Started process (PID=50773) to work on /home/airflow/.local/lib/python3.12/site-packages/airflow/example_dags/example_external_task_marker_dag.py
[2024-12-01T02:12:34.878+0000] {processor.py:914} INFO - Processing file /home/airflow/.local/lib/python3.12/site-packages/airflow/example_dags/example_external_task_marker_dag.py for tasks to queue
[2024-12-01T02:12:34.881+0000] {logging_mixin.py:190} INFO - [2024-12-01T02:12:34.880+0000] {dagbag.py:588} INFO - Filling up the DagBag from /home/airflow/.local/lib/python3.12/site-packages/airflow/example_dags/example_external_task_marker_dag.py
[2024-12-01T02:12:34.888+0000] {processor.py:925} INFO - DAG(s) 'example_external_task_marker_child', 'example_external_task_marker_parent' retrieved from /home/airflow/.local/lib/python3.12/site-packages/airflow/example_dags/example_external_task_marker_dag.py
[2024-12-01T02:12:34.910+0000] {logging_mixin.py:190} INFO - [2024-12-01T02:12:34.910+0000] {dag.py:3239} INFO - Sync 2 DAGs
[2024-12-01T02:12:34.924+0000] {logging_mixin.py:190} INFO - [2024-12-01T02:12:34.923+0000] {dag.py:4180} INFO - Setting next_dagrun for example_external_task_marker_child to None, run_after=None
[2024-12-01T02:12:34.927+0000] {logging_mixin.py:190} INFO - [2024-12-01T02:12:34.927+0000] {dag.py:4180} INFO - Setting next_dagrun for example_external_task_marker_parent to None, run_after=None
[2024-12-01T02:12:34.942+0000] {processor.py:208} INFO - Processing /home/airflow/.local/lib/python3.12/site-packages/airflow/example_dags/example_external_task_marker_dag.py took 0.070 seconds
[2024-12-01T02:13:05.781+0000] {processor.py:186} INFO - Started process (PID=50839) to work on /home/airflow/.local/lib/python3.12/site-packages/airflow/example_dags/example_external_task_marker_dag.py
[2024-12-01T02:13:05.781+0000] {processor.py:914} INFO - Processing file /home/airflow/.local/lib/python3.12/site-packages/airflow/example_dags/example_external_task_marker_dag.py for tasks to queue
[2024-12-01T02:13:05.784+0000] {logging_mixin.py:190} INFO - [2024-12-01T02:13:05.783+0000] {dagbag.py:588} INFO - Filling up the DagBag from /home/airflow/.local/lib/python3.12/site-packages/airflow/example_dags/example_external_task_marker_dag.py
[2024-12-01T02:13:05.791+0000] {processor.py:925} INFO - DAG(s) 'example_external_task_marker_child', 'example_external_task_marker_parent' retrieved from /home/airflow/.local/lib/python3.12/site-packages/airflow/example_dags/example_external_task_marker_dag.py
[2024-12-01T02:13:05.812+0000] {logging_mixin.py:190} INFO - [2024-12-01T02:13:05.812+0000] {dag.py:3239} INFO - Sync 2 DAGs
[2024-12-01T02:13:05.825+0000] {logging_mixin.py:190} INFO - [2024-12-01T02:13:05.825+0000] {dag.py:4180} INFO - Setting next_dagrun for example_external_task_marker_child to None, run_after=None
[2024-12-01T02:13:05.829+0000] {logging_mixin.py:190} INFO - [2024-12-01T02:13:05.829+0000] {dag.py:4180} INFO - Setting next_dagrun for example_external_task_marker_parent to None, run_after=None
[2024-12-01T02:13:05.844+0000] {processor.py:208} INFO - Processing /home/airflow/.local/lib/python3.12/site-packages/airflow/example_dags/example_external_task_marker_dag.py took 0.069 seconds
[2024-12-01T02:13:36.450+0000] {processor.py:186} INFO - Started process (PID=50905) to work on /home/airflow/.local/lib/python3.12/site-packages/airflow/example_dags/example_external_task_marker_dag.py
[2024-12-01T02:13:36.451+0000] {processor.py:914} INFO - Processing file /home/airflow/.local/lib/python3.12/site-packages/airflow/example_dags/example_external_task_marker_dag.py for tasks to queue
[2024-12-01T02:13:36.453+0000] {logging_mixin.py:190} INFO - [2024-12-01T02:13:36.453+0000] {dagbag.py:588} INFO - Filling up the DagBag from /home/airflow/.local/lib/python3.12/site-packages/airflow/example_dags/example_external_task_marker_dag.py
[2024-12-01T02:13:36.461+0000] {processor.py:925} INFO - DAG(s) 'example_external_task_marker_child', 'example_external_task_marker_parent' retrieved from /home/airflow/.local/lib/python3.12/site-packages/airflow/example_dags/example_external_task_marker_dag.py
[2024-12-01T02:13:36.483+0000] {logging_mixin.py:190} INFO - [2024-12-01T02:13:36.483+0000] {dag.py:3239} INFO - Sync 2 DAGs
[2024-12-01T02:13:36.498+0000] {logging_mixin.py:190} INFO - [2024-12-01T02:13:36.498+0000] {dag.py:4180} INFO - Setting next_dagrun for example_external_task_marker_child to None, run_after=None
[2024-12-01T02:13:36.502+0000] {logging_mixin.py:190} INFO - [2024-12-01T02:13:36.501+0000] {dag.py:4180} INFO - Setting next_dagrun for example_external_task_marker_parent to None, run_after=None
[2024-12-01T02:13:36.516+0000] {processor.py:208} INFO - Processing /home/airflow/.local/lib/python3.12/site-packages/airflow/example_dags/example_external_task_marker_dag.py took 0.072 seconds
[2024-12-01T02:14:07.830+0000] {processor.py:186} INFO - Started process (PID=50971) to work on /home/airflow/.local/lib/python3.12/site-packages/airflow/example_dags/example_external_task_marker_dag.py
[2024-12-01T02:14:07.831+0000] {processor.py:914} INFO - Processing file /home/airflow/.local/lib/python3.12/site-packages/airflow/example_dags/example_external_task_marker_dag.py for tasks to queue
[2024-12-01T02:14:07.834+0000] {logging_mixin.py:190} INFO - [2024-12-01T02:14:07.833+0000] {dagbag.py:588} INFO - Filling up the DagBag from /home/airflow/.local/lib/python3.12/site-packages/airflow/example_dags/example_external_task_marker_dag.py
[2024-12-01T02:14:07.841+0000] {processor.py:925} INFO - DAG(s) 'example_external_task_marker_parent', 'example_external_task_marker_child' retrieved from /home/airflow/.local/lib/python3.12/site-packages/airflow/example_dags/example_external_task_marker_dag.py
[2024-12-01T02:14:07.861+0000] {logging_mixin.py:190} INFO - [2024-12-01T02:14:07.861+0000] {dag.py:3239} INFO - Sync 2 DAGs
[2024-12-01T02:14:07.875+0000] {logging_mixin.py:190} INFO - [2024-12-01T02:14:07.875+0000] {dag.py:4180} INFO - Setting next_dagrun for example_external_task_marker_child to None, run_after=None
[2024-12-01T02:14:07.879+0000] {logging_mixin.py:190} INFO - [2024-12-01T02:14:07.879+0000] {dag.py:4180} INFO - Setting next_dagrun for example_external_task_marker_parent to None, run_after=None
[2024-12-01T02:14:07.900+0000] {processor.py:208} INFO - Processing /home/airflow/.local/lib/python3.12/site-packages/airflow/example_dags/example_external_task_marker_dag.py took 0.075 seconds
[2024-12-01T02:14:38.566+0000] {processor.py:186} INFO - Started process (PID=51037) to work on /home/airflow/.local/lib/python3.12/site-packages/airflow/example_dags/example_external_task_marker_dag.py
[2024-12-01T02:14:38.567+0000] {processor.py:914} INFO - Processing file /home/airflow/.local/lib/python3.12/site-packages/airflow/example_dags/example_external_task_marker_dag.py for tasks to queue
[2024-12-01T02:14:38.569+0000] {logging_mixin.py:190} INFO - [2024-12-01T02:14:38.569+0000] {dagbag.py:588} INFO - Filling up the DagBag from /home/airflow/.local/lib/python3.12/site-packages/airflow/example_dags/example_external_task_marker_dag.py
[2024-12-01T02:14:38.576+0000] {processor.py:925} INFO - DAG(s) 'example_external_task_marker_parent', 'example_external_task_marker_child' retrieved from /home/airflow/.local/lib/python3.12/site-packages/airflow/example_dags/example_external_task_marker_dag.py
[2024-12-01T02:14:38.597+0000] {logging_mixin.py:190} INFO - [2024-12-01T02:14:38.596+0000] {dag.py:3239} INFO - Sync 2 DAGs
[2024-12-01T02:14:38.610+0000] {logging_mixin.py:190} INFO - [2024-12-01T02:14:38.610+0000] {dag.py:4180} INFO - Setting next_dagrun for example_external_task_marker_child to None, run_after=None
[2024-12-01T02:14:38.614+0000] {logging_mixin.py:190} INFO - [2024-12-01T02:14:38.613+0000] {dag.py:4180} INFO - Setting next_dagrun for example_external_task_marker_parent to None, run_after=None
[2024-12-01T02:14:38.629+0000] {processor.py:208} INFO - Processing /home/airflow/.local/lib/python3.12/site-packages/airflow/example_dags/example_external_task_marker_dag.py took 0.069 seconds
[2024-12-01T02:15:09.525+0000] {processor.py:186} INFO - Started process (PID=51103) to work on /home/airflow/.local/lib/python3.12/site-packages/airflow/example_dags/example_external_task_marker_dag.py
[2024-12-01T02:15:09.526+0000] {processor.py:914} INFO - Processing file /home/airflow/.local/lib/python3.12/site-packages/airflow/example_dags/example_external_task_marker_dag.py for tasks to queue
[2024-12-01T02:15:09.528+0000] {logging_mixin.py:190} INFO - [2024-12-01T02:15:09.528+0000] {dagbag.py:588} INFO - Filling up the DagBag from /home/airflow/.local/lib/python3.12/site-packages/airflow/example_dags/example_external_task_marker_dag.py
[2024-12-01T02:15:09.535+0000] {processor.py:925} INFO - DAG(s) 'example_external_task_marker_child', 'example_external_task_marker_parent' retrieved from /home/airflow/.local/lib/python3.12/site-packages/airflow/example_dags/example_external_task_marker_dag.py
[2024-12-01T02:15:09.556+0000] {logging_mixin.py:190} INFO - [2024-12-01T02:15:09.556+0000] {dag.py:3239} INFO - Sync 2 DAGs
[2024-12-01T02:15:09.569+0000] {logging_mixin.py:190} INFO - [2024-12-01T02:15:09.569+0000] {dag.py:4180} INFO - Setting next_dagrun for example_external_task_marker_child to None, run_after=None
[2024-12-01T02:15:09.573+0000] {logging_mixin.py:190} INFO - [2024-12-01T02:15:09.573+0000] {dag.py:4180} INFO - Setting next_dagrun for example_external_task_marker_parent to None, run_after=None
[2024-12-01T02:15:09.587+0000] {processor.py:208} INFO - Processing /home/airflow/.local/lib/python3.12/site-packages/airflow/example_dags/example_external_task_marker_dag.py took 0.067 seconds
[2024-12-01T02:15:40.320+0000] {processor.py:186} INFO - Started process (PID=51169) to work on /home/airflow/.local/lib/python3.12/site-packages/airflow/example_dags/example_external_task_marker_dag.py
[2024-12-01T02:15:40.321+0000] {processor.py:914} INFO - Processing file /home/airflow/.local/lib/python3.12/site-packages/airflow/example_dags/example_external_task_marker_dag.py for tasks to queue
[2024-12-01T02:15:40.323+0000] {logging_mixin.py:190} INFO - [2024-12-01T02:15:40.323+0000] {dagbag.py:588} INFO - Filling up the DagBag from /home/airflow/.local/lib/python3.12/site-packages/airflow/example_dags/example_external_task_marker_dag.py
[2024-12-01T02:15:40.330+0000] {processor.py:925} INFO - DAG(s) 'example_external_task_marker_child', 'example_external_task_marker_parent' retrieved from /home/airflow/.local/lib/python3.12/site-packages/airflow/example_dags/example_external_task_marker_dag.py
[2024-12-01T02:15:40.350+0000] {logging_mixin.py:190} INFO - [2024-12-01T02:15:40.350+0000] {dag.py:3239} INFO - Sync 2 DAGs
[2024-12-01T02:15:40.364+0000] {logging_mixin.py:190} INFO - [2024-12-01T02:15:40.363+0000] {dag.py:4180} INFO - Setting next_dagrun for example_external_task_marker_child to None, run_after=None
[2024-12-01T02:15:40.367+0000] {logging_mixin.py:190} INFO - [2024-12-01T02:15:40.367+0000] {dag.py:4180} INFO - Setting next_dagrun for example_external_task_marker_parent to None, run_after=None
[2024-12-01T02:15:40.382+0000] {processor.py:208} INFO - Processing /home/airflow/.local/lib/python3.12/site-packages/airflow/example_dags/example_external_task_marker_dag.py took 0.068 seconds
[2024-12-01T02:16:11.183+0000] {processor.py:186} INFO - Started process (PID=51235) to work on /home/airflow/.local/lib/python3.12/site-packages/airflow/example_dags/example_external_task_marker_dag.py
[2024-12-01T02:16:11.184+0000] {processor.py:914} INFO - Processing file /home/airflow/.local/lib/python3.12/site-packages/airflow/example_dags/example_external_task_marker_dag.py for tasks to queue
[2024-12-01T02:16:11.186+0000] {logging_mixin.py:190} INFO - [2024-12-01T02:16:11.186+0000] {dagbag.py:588} INFO - Filling up the DagBag from /home/airflow/.local/lib/python3.12/site-packages/airflow/example_dags/example_external_task_marker_dag.py
[2024-12-01T02:16:11.194+0000] {processor.py:925} INFO - DAG(s) 'example_external_task_marker_child', 'example_external_task_marker_parent' retrieved from /home/airflow/.local/lib/python3.12/site-packages/airflow/example_dags/example_external_task_marker_dag.py
[2024-12-01T02:16:11.214+0000] {logging_mixin.py:190} INFO - [2024-12-01T02:16:11.213+0000] {dag.py:3239} INFO - Sync 2 DAGs
[2024-12-01T02:16:11.231+0000] {logging_mixin.py:190} INFO - [2024-12-01T02:16:11.231+0000] {dag.py:4180} INFO - Setting next_dagrun for example_external_task_marker_child to None, run_after=None
[2024-12-01T02:16:11.235+0000] {logging_mixin.py:190} INFO - [2024-12-01T02:16:11.234+0000] {dag.py:4180} INFO - Setting next_dagrun for example_external_task_marker_parent to None, run_after=None
[2024-12-01T02:16:11.249+0000] {processor.py:208} INFO - Processing /home/airflow/.local/lib/python3.12/site-packages/airflow/example_dags/example_external_task_marker_dag.py took 0.071 seconds
[2024-12-01T02:16:42.122+0000] {processor.py:186} INFO - Started process (PID=51301) to work on /home/airflow/.local/lib/python3.12/site-packages/airflow/example_dags/example_external_task_marker_dag.py
[2024-12-01T02:16:42.123+0000] {processor.py:914} INFO - Processing file /home/airflow/.local/lib/python3.12/site-packages/airflow/example_dags/example_external_task_marker_dag.py for tasks to queue
[2024-12-01T02:16:42.126+0000] {logging_mixin.py:190} INFO - [2024-12-01T02:16:42.125+0000] {dagbag.py:588} INFO - Filling up the DagBag from /home/airflow/.local/lib/python3.12/site-packages/airflow/example_dags/example_external_task_marker_dag.py
[2024-12-01T02:16:42.133+0000] {processor.py:925} INFO - DAG(s) 'example_external_task_marker_child', 'example_external_task_marker_parent' retrieved from /home/airflow/.local/lib/python3.12/site-packages/airflow/example_dags/example_external_task_marker_dag.py
[2024-12-01T02:16:42.154+0000] {logging_mixin.py:190} INFO - [2024-12-01T02:16:42.154+0000] {dag.py:3239} INFO - Sync 2 DAGs
[2024-12-01T02:16:42.167+0000] {logging_mixin.py:190} INFO - [2024-12-01T02:16:42.167+0000] {dag.py:4180} INFO - Setting next_dagrun for example_external_task_marker_child to None, run_after=None
[2024-12-01T02:16:42.171+0000] {logging_mixin.py:190} INFO - [2024-12-01T02:16:42.171+0000] {dag.py:4180} INFO - Setting next_dagrun for example_external_task_marker_parent to None, run_after=None
[2024-12-01T02:16:42.186+0000] {processor.py:208} INFO - Processing /home/airflow/.local/lib/python3.12/site-packages/airflow/example_dags/example_external_task_marker_dag.py took 0.073 seconds
[2024-12-01T02:17:13.157+0000] {processor.py:186} INFO - Started process (PID=51367) to work on /home/airflow/.local/lib/python3.12/site-packages/airflow/example_dags/example_external_task_marker_dag.py
[2024-12-01T02:17:13.158+0000] {processor.py:914} INFO - Processing file /home/airflow/.local/lib/python3.12/site-packages/airflow/example_dags/example_external_task_marker_dag.py for tasks to queue
[2024-12-01T02:17:13.160+0000] {logging_mixin.py:190} INFO - [2024-12-01T02:17:13.160+0000] {dagbag.py:588} INFO - Filling up the DagBag from /home/airflow/.local/lib/python3.12/site-packages/airflow/example_dags/example_external_task_marker_dag.py
[2024-12-01T02:17:13.167+0000] {processor.py:925} INFO - DAG(s) 'example_external_task_marker_parent', 'example_external_task_marker_child' retrieved from /home/airflow/.local/lib/python3.12/site-packages/airflow/example_dags/example_external_task_marker_dag.py
[2024-12-01T02:17:13.187+0000] {logging_mixin.py:190} INFO - [2024-12-01T02:17:13.187+0000] {dag.py:3239} INFO - Sync 2 DAGs
[2024-12-01T02:17:13.201+0000] {logging_mixin.py:190} INFO - [2024-12-01T02:17:13.201+0000] {dag.py:4180} INFO - Setting next_dagrun for example_external_task_marker_child to None, run_after=None
[2024-12-01T02:17:13.205+0000] {logging_mixin.py:190} INFO - [2024-12-01T02:17:13.205+0000] {dag.py:4180} INFO - Setting next_dagrun for example_external_task_marker_parent to None, run_after=None
[2024-12-01T02:17:13.220+0000] {processor.py:208} INFO - Processing /home/airflow/.local/lib/python3.12/site-packages/airflow/example_dags/example_external_task_marker_dag.py took 0.068 seconds
[2024-12-01T02:17:44.299+0000] {processor.py:186} INFO - Started process (PID=51433) to work on /home/airflow/.local/lib/python3.12/site-packages/airflow/example_dags/example_external_task_marker_dag.py
[2024-12-01T02:17:44.300+0000] {processor.py:914} INFO - Processing file /home/airflow/.local/lib/python3.12/site-packages/airflow/example_dags/example_external_task_marker_dag.py for tasks to queue
[2024-12-01T02:17:44.302+0000] {logging_mixin.py:190} INFO - [2024-12-01T02:17:44.302+0000] {dagbag.py:588} INFO - Filling up the DagBag from /home/airflow/.local/lib/python3.12/site-packages/airflow/example_dags/example_external_task_marker_dag.py
[2024-12-01T02:17:44.310+0000] {processor.py:925} INFO - DAG(s) 'example_external_task_marker_parent', 'example_external_task_marker_child' retrieved from /home/airflow/.local/lib/python3.12/site-packages/airflow/example_dags/example_external_task_marker_dag.py
[2024-12-01T02:17:44.331+0000] {logging_mixin.py:190} INFO - [2024-12-01T02:17:44.331+0000] {dag.py:3239} INFO - Sync 2 DAGs
[2024-12-01T02:17:44.346+0000] {logging_mixin.py:190} INFO - [2024-12-01T02:17:44.346+0000] {dag.py:4180} INFO - Setting next_dagrun for example_external_task_marker_child to None, run_after=None
[2024-12-01T02:17:44.350+0000] {logging_mixin.py:190} INFO - [2024-12-01T02:17:44.350+0000] {dag.py:4180} INFO - Setting next_dagrun for example_external_task_marker_parent to None, run_after=None
[2024-12-01T02:17:44.364+0000] {processor.py:208} INFO - Processing /home/airflow/.local/lib/python3.12/site-packages/airflow/example_dags/example_external_task_marker_dag.py took 0.070 seconds
[2024-12-01T02:18:15.230+0000] {processor.py:186} INFO - Started process (PID=51499) to work on /home/airflow/.local/lib/python3.12/site-packages/airflow/example_dags/example_external_task_marker_dag.py
[2024-12-01T02:18:15.231+0000] {processor.py:914} INFO - Processing file /home/airflow/.local/lib/python3.12/site-packages/airflow/example_dags/example_external_task_marker_dag.py for tasks to queue
[2024-12-01T02:18:15.233+0000] {logging_mixin.py:190} INFO - [2024-12-01T02:18:15.233+0000] {dagbag.py:588} INFO - Filling up the DagBag from /home/airflow/.local/lib/python3.12/site-packages/airflow/example_dags/example_external_task_marker_dag.py
[2024-12-01T02:18:15.242+0000] {processor.py:925} INFO - DAG(s) 'example_external_task_marker_child', 'example_external_task_marker_parent' retrieved from /home/airflow/.local/lib/python3.12/site-packages/airflow/example_dags/example_external_task_marker_dag.py
[2024-12-01T02:18:15.262+0000] {logging_mixin.py:190} INFO - [2024-12-01T02:18:15.262+0000] {dag.py:3239} INFO - Sync 2 DAGs
[2024-12-01T02:18:15.277+0000] {logging_mixin.py:190} INFO - [2024-12-01T02:18:15.276+0000] {dag.py:4180} INFO - Setting next_dagrun for example_external_task_marker_child to None, run_after=None
[2024-12-01T02:18:15.280+0000] {logging_mixin.py:190} INFO - [2024-12-01T02:18:15.280+0000] {dag.py:4180} INFO - Setting next_dagrun for example_external_task_marker_parent to None, run_after=None
[2024-12-01T02:18:15.295+0000] {processor.py:208} INFO - Processing /home/airflow/.local/lib/python3.12/site-packages/airflow/example_dags/example_external_task_marker_dag.py took 0.071 seconds
[2024-12-01T02:18:46.015+0000] {processor.py:186} INFO - Started process (PID=51565) to work on /home/airflow/.local/lib/python3.12/site-packages/airflow/example_dags/example_external_task_marker_dag.py
[2024-12-01T02:18:46.016+0000] {processor.py:914} INFO - Processing file /home/airflow/.local/lib/python3.12/site-packages/airflow/example_dags/example_external_task_marker_dag.py for tasks to queue
[2024-12-01T02:18:46.018+0000] {logging_mixin.py:190} INFO - [2024-12-01T02:18:46.018+0000] {dagbag.py:588} INFO - Filling up the DagBag from /home/airflow/.local/lib/python3.12/site-packages/airflow/example_dags/example_external_task_marker_dag.py
[2024-12-01T02:18:46.025+0000] {processor.py:925} INFO - DAG(s) 'example_external_task_marker_parent', 'example_external_task_marker_child' retrieved from /home/airflow/.local/lib/python3.12/site-packages/airflow/example_dags/example_external_task_marker_dag.py
[2024-12-01T02:18:46.047+0000] {logging_mixin.py:190} INFO - [2024-12-01T02:18:46.046+0000] {dag.py:3239} INFO - Sync 2 DAGs
[2024-12-01T02:18:46.061+0000] {logging_mixin.py:190} INFO - [2024-12-01T02:18:46.060+0000] {dag.py:4180} INFO - Setting next_dagrun for example_external_task_marker_child to None, run_after=None
[2024-12-01T02:18:46.064+0000] {logging_mixin.py:190} INFO - [2024-12-01T02:18:46.064+0000] {dag.py:4180} INFO - Setting next_dagrun for example_external_task_marker_parent to None, run_after=None
[2024-12-01T02:18:46.080+0000] {processor.py:208} INFO - Processing /home/airflow/.local/lib/python3.12/site-packages/airflow/example_dags/example_external_task_marker_dag.py took 0.070 seconds
[2024-12-01T02:19:17.235+0000] {processor.py:186} INFO - Started process (PID=51632) to work on /home/airflow/.local/lib/python3.12/site-packages/airflow/example_dags/example_external_task_marker_dag.py
[2024-12-01T02:19:17.236+0000] {processor.py:914} INFO - Processing file /home/airflow/.local/lib/python3.12/site-packages/airflow/example_dags/example_external_task_marker_dag.py for tasks to queue
[2024-12-01T02:19:17.239+0000] {logging_mixin.py:190} INFO - [2024-12-01T02:19:17.238+0000] {dagbag.py:588} INFO - Filling up the DagBag from /home/airflow/.local/lib/python3.12/site-packages/airflow/example_dags/example_external_task_marker_dag.py
[2024-12-01T02:19:17.248+0000] {processor.py:925} INFO - DAG(s) 'example_external_task_marker_parent', 'example_external_task_marker_child' retrieved from /home/airflow/.local/lib/python3.12/site-packages/airflow/example_dags/example_external_task_marker_dag.py
[2024-12-01T02:19:17.268+0000] {logging_mixin.py:190} INFO - [2024-12-01T02:19:17.268+0000] {dag.py:3239} INFO - Sync 2 DAGs
[2024-12-01T02:19:17.284+0000] {logging_mixin.py:190} INFO - [2024-12-01T02:19:17.284+0000] {dag.py:4180} INFO - Setting next_dagrun for example_external_task_marker_child to None, run_after=None
[2024-12-01T02:19:17.288+0000] {logging_mixin.py:190} INFO - [2024-12-01T02:19:17.287+0000] {dag.py:4180} INFO - Setting next_dagrun for example_external_task_marker_parent to None, run_after=None
[2024-12-01T02:19:17.302+0000] {processor.py:208} INFO - Processing /home/airflow/.local/lib/python3.12/site-packages/airflow/example_dags/example_external_task_marker_dag.py took 0.072 seconds
[2024-12-01T02:19:48.042+0000] {processor.py:186} INFO - Started process (PID=51698) to work on /home/airflow/.local/lib/python3.12/site-packages/airflow/example_dags/example_external_task_marker_dag.py
[2024-12-01T02:19:48.042+0000] {processor.py:914} INFO - Processing file /home/airflow/.local/lib/python3.12/site-packages/airflow/example_dags/example_external_task_marker_dag.py for tasks to queue
[2024-12-01T02:19:48.045+0000] {logging_mixin.py:190} INFO - [2024-12-01T02:19:48.045+0000] {dagbag.py:588} INFO - Filling up the DagBag from /home/airflow/.local/lib/python3.12/site-packages/airflow/example_dags/example_external_task_marker_dag.py
[2024-12-01T02:19:48.052+0000] {processor.py:925} INFO - DAG(s) 'example_external_task_marker_child', 'example_external_task_marker_parent' retrieved from /home/airflow/.local/lib/python3.12/site-packages/airflow/example_dags/example_external_task_marker_dag.py
[2024-12-01T02:19:48.074+0000] {logging_mixin.py:190} INFO - [2024-12-01T02:19:48.074+0000] {dag.py:3239} INFO - Sync 2 DAGs
[2024-12-01T02:19:48.089+0000] {logging_mixin.py:190} INFO - [2024-12-01T02:19:48.089+0000] {dag.py:4180} INFO - Setting next_dagrun for example_external_task_marker_child to None, run_after=None
[2024-12-01T02:19:48.092+0000] {logging_mixin.py:190} INFO - [2024-12-01T02:19:48.092+0000] {dag.py:4180} INFO - Setting next_dagrun for example_external_task_marker_parent to None, run_after=None
[2024-12-01T02:19:48.110+0000] {processor.py:208} INFO - Processing /home/airflow/.local/lib/python3.12/site-packages/airflow/example_dags/example_external_task_marker_dag.py took 0.077 seconds
[2024-12-01T02:20:19.200+0000] {processor.py:186} INFO - Started process (PID=51764) to work on /home/airflow/.local/lib/python3.12/site-packages/airflow/example_dags/example_external_task_marker_dag.py
[2024-12-01T02:20:19.201+0000] {processor.py:914} INFO - Processing file /home/airflow/.local/lib/python3.12/site-packages/airflow/example_dags/example_external_task_marker_dag.py for tasks to queue
[2024-12-01T02:20:19.204+0000] {logging_mixin.py:190} INFO - [2024-12-01T02:20:19.204+0000] {dagbag.py:588} INFO - Filling up the DagBag from /home/airflow/.local/lib/python3.12/site-packages/airflow/example_dags/example_external_task_marker_dag.py
[2024-12-01T02:20:19.214+0000] {processor.py:925} INFO - DAG(s) 'example_external_task_marker_parent', 'example_external_task_marker_child' retrieved from /home/airflow/.local/lib/python3.12/site-packages/airflow/example_dags/example_external_task_marker_dag.py
[2024-12-01T02:20:19.242+0000] {logging_mixin.py:190} INFO - [2024-12-01T02:20:19.242+0000] {dag.py:3239} INFO - Sync 2 DAGs
[2024-12-01T02:20:19.263+0000] {logging_mixin.py:190} INFO - [2024-12-01T02:20:19.262+0000] {dag.py:4180} INFO - Setting next_dagrun for example_external_task_marker_child to None, run_after=None
[2024-12-01T02:20:19.267+0000] {logging_mixin.py:190} INFO - [2024-12-01T02:20:19.267+0000] {dag.py:4180} INFO - Setting next_dagrun for example_external_task_marker_parent to None, run_after=None
[2024-12-01T02:20:19.289+0000] {processor.py:208} INFO - Processing /home/airflow/.local/lib/python3.12/site-packages/airflow/example_dags/example_external_task_marker_dag.py took 0.097 seconds
[2024-12-01T02:20:50.794+0000] {processor.py:186} INFO - Started process (PID=51830) to work on /home/airflow/.local/lib/python3.12/site-packages/airflow/example_dags/example_external_task_marker_dag.py
[2024-12-01T02:20:50.795+0000] {processor.py:914} INFO - Processing file /home/airflow/.local/lib/python3.12/site-packages/airflow/example_dags/example_external_task_marker_dag.py for tasks to queue
[2024-12-01T02:20:50.797+0000] {logging_mixin.py:190} INFO - [2024-12-01T02:20:50.797+0000] {dagbag.py:588} INFO - Filling up the DagBag from /home/airflow/.local/lib/python3.12/site-packages/airflow/example_dags/example_external_task_marker_dag.py
[2024-12-01T02:20:50.805+0000] {processor.py:925} INFO - DAG(s) 'example_external_task_marker_parent', 'example_external_task_marker_child' retrieved from /home/airflow/.local/lib/python3.12/site-packages/airflow/example_dags/example_external_task_marker_dag.py
[2024-12-01T02:20:50.825+0000] {logging_mixin.py:190} INFO - [2024-12-01T02:20:50.825+0000] {dag.py:3239} INFO - Sync 2 DAGs
[2024-12-01T02:20:50.838+0000] {logging_mixin.py:190} INFO - [2024-12-01T02:20:50.838+0000] {dag.py:4180} INFO - Setting next_dagrun for example_external_task_marker_child to None, run_after=None
[2024-12-01T02:20:50.842+0000] {logging_mixin.py:190} INFO - [2024-12-01T02:20:50.842+0000] {dag.py:4180} INFO - Setting next_dagrun for example_external_task_marker_parent to None, run_after=None
[2024-12-01T02:20:50.860+0000] {processor.py:208} INFO - Processing /home/airflow/.local/lib/python3.12/site-packages/airflow/example_dags/example_external_task_marker_dag.py took 0.071 seconds
[2024-12-01T02:21:22.946+0000] {processor.py:186} INFO - Started process (PID=51896) to work on /home/airflow/.local/lib/python3.12/site-packages/airflow/example_dags/example_external_task_marker_dag.py
[2024-12-01T02:21:22.947+0000] {processor.py:914} INFO - Processing file /home/airflow/.local/lib/python3.12/site-packages/airflow/example_dags/example_external_task_marker_dag.py for tasks to queue
[2024-12-01T02:21:22.949+0000] {logging_mixin.py:190} INFO - [2024-12-01T02:21:22.949+0000] {dagbag.py:588} INFO - Filling up the DagBag from /home/airflow/.local/lib/python3.12/site-packages/airflow/example_dags/example_external_task_marker_dag.py
[2024-12-01T02:21:22.956+0000] {processor.py:925} INFO - DAG(s) 'example_external_task_marker_child', 'example_external_task_marker_parent' retrieved from /home/airflow/.local/lib/python3.12/site-packages/airflow/example_dags/example_external_task_marker_dag.py
[2024-12-01T02:21:22.979+0000] {logging_mixin.py:190} INFO - [2024-12-01T02:21:22.978+0000] {dag.py:3239} INFO - Sync 2 DAGs
[2024-12-01T02:21:22.995+0000] {logging_mixin.py:190} INFO - [2024-12-01T02:21:22.995+0000] {dag.py:4180} INFO - Setting next_dagrun for example_external_task_marker_child to None, run_after=None
[2024-12-01T02:21:23.004+0000] {logging_mixin.py:190} INFO - [2024-12-01T02:21:23.004+0000] {dag.py:4180} INFO - Setting next_dagrun for example_external_task_marker_parent to None, run_after=None
[2024-12-01T02:21:23.023+0000] {processor.py:208} INFO - Processing /home/airflow/.local/lib/python3.12/site-packages/airflow/example_dags/example_external_task_marker_dag.py took 0.083 seconds
[2024-12-01T02:21:54.938+0000] {processor.py:186} INFO - Started process (PID=51962) to work on /home/airflow/.local/lib/python3.12/site-packages/airflow/example_dags/example_external_task_marker_dag.py
[2024-12-01T02:21:54.939+0000] {processor.py:914} INFO - Processing file /home/airflow/.local/lib/python3.12/site-packages/airflow/example_dags/example_external_task_marker_dag.py for tasks to queue
[2024-12-01T02:21:54.941+0000] {logging_mixin.py:190} INFO - [2024-12-01T02:21:54.941+0000] {dagbag.py:588} INFO - Filling up the DagBag from /home/airflow/.local/lib/python3.12/site-packages/airflow/example_dags/example_external_task_marker_dag.py
[2024-12-01T02:21:54.950+0000] {processor.py:925} INFO - DAG(s) 'example_external_task_marker_parent', 'example_external_task_marker_child' retrieved from /home/airflow/.local/lib/python3.12/site-packages/airflow/example_dags/example_external_task_marker_dag.py
[2024-12-01T02:21:54.970+0000] {logging_mixin.py:190} INFO - [2024-12-01T02:21:54.970+0000] {dag.py:3239} INFO - Sync 2 DAGs
[2024-12-01T02:21:55.132+0000] {logging_mixin.py:190} INFO - [2024-12-01T02:21:55.132+0000] {dag.py:4180} INFO - Setting next_dagrun for example_external_task_marker_child to None, run_after=None
[2024-12-01T02:21:55.135+0000] {logging_mixin.py:190} INFO - [2024-12-01T02:21:55.135+0000] {dag.py:4180} INFO - Setting next_dagrun for example_external_task_marker_parent to None, run_after=None
[2024-12-01T02:21:55.150+0000] {processor.py:208} INFO - Processing /home/airflow/.local/lib/python3.12/site-packages/airflow/example_dags/example_external_task_marker_dag.py took 0.218 seconds
[2024-12-01T02:22:25.335+0000] {processor.py:186} INFO - Started process (PID=52028) to work on /home/airflow/.local/lib/python3.12/site-packages/airflow/example_dags/example_external_task_marker_dag.py
[2024-12-01T02:22:25.336+0000] {processor.py:914} INFO - Processing file /home/airflow/.local/lib/python3.12/site-packages/airflow/example_dags/example_external_task_marker_dag.py for tasks to queue
[2024-12-01T02:22:25.338+0000] {logging_mixin.py:190} INFO - [2024-12-01T02:22:25.337+0000] {dagbag.py:588} INFO - Filling up the DagBag from /home/airflow/.local/lib/python3.12/site-packages/airflow/example_dags/example_external_task_marker_dag.py
[2024-12-01T02:22:25.345+0000] {processor.py:925} INFO - DAG(s) 'example_external_task_marker_parent', 'example_external_task_marker_child' retrieved from /home/airflow/.local/lib/python3.12/site-packages/airflow/example_dags/example_external_task_marker_dag.py
[2024-12-01T02:22:25.366+0000] {logging_mixin.py:190} INFO - [2024-12-01T02:22:25.366+0000] {dag.py:3239} INFO - Sync 2 DAGs
[2024-12-01T02:22:25.381+0000] {logging_mixin.py:190} INFO - [2024-12-01T02:22:25.381+0000] {dag.py:4180} INFO - Setting next_dagrun for example_external_task_marker_child to None, run_after=None
[2024-12-01T02:22:25.385+0000] {logging_mixin.py:190} INFO - [2024-12-01T02:22:25.385+0000] {dag.py:4180} INFO - Setting next_dagrun for example_external_task_marker_parent to None, run_after=None
[2024-12-01T02:22:25.543+0000] {processor.py:208} INFO - Processing /home/airflow/.local/lib/python3.12/site-packages/airflow/example_dags/example_external_task_marker_dag.py took 0.214 seconds
[2024-12-01T02:22:56.114+0000] {processor.py:186} INFO - Started process (PID=52094) to work on /home/airflow/.local/lib/python3.12/site-packages/airflow/example_dags/example_external_task_marker_dag.py
[2024-12-01T02:22:56.115+0000] {processor.py:914} INFO - Processing file /home/airflow/.local/lib/python3.12/site-packages/airflow/example_dags/example_external_task_marker_dag.py for tasks to queue
[2024-12-01T02:22:56.117+0000] {logging_mixin.py:190} INFO - [2024-12-01T02:22:56.117+0000] {dagbag.py:588} INFO - Filling up the DagBag from /home/airflow/.local/lib/python3.12/site-packages/airflow/example_dags/example_external_task_marker_dag.py
[2024-12-01T02:22:56.125+0000] {processor.py:925} INFO - DAG(s) 'example_external_task_marker_parent', 'example_external_task_marker_child' retrieved from /home/airflow/.local/lib/python3.12/site-packages/airflow/example_dags/example_external_task_marker_dag.py
[2024-12-01T02:22:56.146+0000] {logging_mixin.py:190} INFO - [2024-12-01T02:22:56.145+0000] {dag.py:3239} INFO - Sync 2 DAGs
[2024-12-01T02:22:56.159+0000] {logging_mixin.py:190} INFO - [2024-12-01T02:22:56.159+0000] {dag.py:4180} INFO - Setting next_dagrun for example_external_task_marker_child to None, run_after=None
[2024-12-01T02:22:56.163+0000] {logging_mixin.py:190} INFO - [2024-12-01T02:22:56.163+0000] {dag.py:4180} INFO - Setting next_dagrun for example_external_task_marker_parent to None, run_after=None
[2024-12-01T02:22:56.177+0000] {processor.py:208} INFO - Processing /home/airflow/.local/lib/python3.12/site-packages/airflow/example_dags/example_external_task_marker_dag.py took 0.068 seconds
[2024-12-01T02:23:26.349+0000] {processor.py:186} INFO - Started process (PID=52160) to work on /home/airflow/.local/lib/python3.12/site-packages/airflow/example_dags/example_external_task_marker_dag.py
[2024-12-01T02:23:26.350+0000] {processor.py:914} INFO - Processing file /home/airflow/.local/lib/python3.12/site-packages/airflow/example_dags/example_external_task_marker_dag.py for tasks to queue
[2024-12-01T02:23:26.352+0000] {logging_mixin.py:190} INFO - [2024-12-01T02:23:26.352+0000] {dagbag.py:588} INFO - Filling up the DagBag from /home/airflow/.local/lib/python3.12/site-packages/airflow/example_dags/example_external_task_marker_dag.py
[2024-12-01T02:23:26.360+0000] {processor.py:925} INFO - DAG(s) 'example_external_task_marker_child', 'example_external_task_marker_parent' retrieved from /home/airflow/.local/lib/python3.12/site-packages/airflow/example_dags/example_external_task_marker_dag.py
[2024-12-01T02:23:26.380+0000] {logging_mixin.py:190} INFO - [2024-12-01T02:23:26.380+0000] {dag.py:3239} INFO - Sync 2 DAGs
[2024-12-01T02:23:26.393+0000] {logging_mixin.py:190} INFO - [2024-12-01T02:23:26.393+0000] {dag.py:4180} INFO - Setting next_dagrun for example_external_task_marker_child to None, run_after=None
[2024-12-01T02:23:26.397+0000] {logging_mixin.py:190} INFO - [2024-12-01T02:23:26.397+0000] {dag.py:4180} INFO - Setting next_dagrun for example_external_task_marker_parent to None, run_after=None
[2024-12-01T02:23:26.413+0000] {processor.py:208} INFO - Processing /home/airflow/.local/lib/python3.12/site-packages/airflow/example_dags/example_external_task_marker_dag.py took 0.069 seconds
[2024-12-01T02:23:56.647+0000] {processor.py:186} INFO - Started process (PID=52226) to work on /home/airflow/.local/lib/python3.12/site-packages/airflow/example_dags/example_external_task_marker_dag.py
[2024-12-01T02:23:56.648+0000] {processor.py:914} INFO - Processing file /home/airflow/.local/lib/python3.12/site-packages/airflow/example_dags/example_external_task_marker_dag.py for tasks to queue
[2024-12-01T02:23:56.650+0000] {logging_mixin.py:190} INFO - [2024-12-01T02:23:56.650+0000] {dagbag.py:588} INFO - Filling up the DagBag from /home/airflow/.local/lib/python3.12/site-packages/airflow/example_dags/example_external_task_marker_dag.py
[2024-12-01T02:23:56.657+0000] {processor.py:925} INFO - DAG(s) 'example_external_task_marker_parent', 'example_external_task_marker_child' retrieved from /home/airflow/.local/lib/python3.12/site-packages/airflow/example_dags/example_external_task_marker_dag.py
[2024-12-01T02:23:56.677+0000] {logging_mixin.py:190} INFO - [2024-12-01T02:23:56.677+0000] {dag.py:3239} INFO - Sync 2 DAGs
[2024-12-01T02:23:56.691+0000] {logging_mixin.py:190} INFO - [2024-12-01T02:23:56.691+0000] {dag.py:4180} INFO - Setting next_dagrun for example_external_task_marker_child to None, run_after=None
[2024-12-01T02:23:56.695+0000] {logging_mixin.py:190} INFO - [2024-12-01T02:23:56.694+0000] {dag.py:4180} INFO - Setting next_dagrun for example_external_task_marker_parent to None, run_after=None
[2024-12-01T02:23:56.710+0000] {processor.py:208} INFO - Processing /home/airflow/.local/lib/python3.12/site-packages/airflow/example_dags/example_external_task_marker_dag.py took 0.067 seconds
[2024-12-01T02:24:28.012+0000] {processor.py:186} INFO - Started process (PID=52292) to work on /home/airflow/.local/lib/python3.12/site-packages/airflow/example_dags/example_external_task_marker_dag.py
[2024-12-01T02:24:28.013+0000] {processor.py:914} INFO - Processing file /home/airflow/.local/lib/python3.12/site-packages/airflow/example_dags/example_external_task_marker_dag.py for tasks to queue
[2024-12-01T02:24:28.015+0000] {logging_mixin.py:190} INFO - [2024-12-01T02:24:28.015+0000] {dagbag.py:588} INFO - Filling up the DagBag from /home/airflow/.local/lib/python3.12/site-packages/airflow/example_dags/example_external_task_marker_dag.py
[2024-12-01T02:24:28.022+0000] {processor.py:925} INFO - DAG(s) 'example_external_task_marker_parent', 'example_external_task_marker_child' retrieved from /home/airflow/.local/lib/python3.12/site-packages/airflow/example_dags/example_external_task_marker_dag.py
[2024-12-01T02:24:28.042+0000] {logging_mixin.py:190} INFO - [2024-12-01T02:24:28.042+0000] {dag.py:3239} INFO - Sync 2 DAGs
[2024-12-01T02:24:28.056+0000] {logging_mixin.py:190} INFO - [2024-12-01T02:24:28.055+0000] {dag.py:4180} INFO - Setting next_dagrun for example_external_task_marker_child to None, run_after=None
[2024-12-01T02:24:28.059+0000] {logging_mixin.py:190} INFO - [2024-12-01T02:24:28.059+0000] {dag.py:4180} INFO - Setting next_dagrun for example_external_task_marker_parent to None, run_after=None
[2024-12-01T02:24:28.074+0000] {processor.py:208} INFO - Processing /home/airflow/.local/lib/python3.12/site-packages/airflow/example_dags/example_external_task_marker_dag.py took 0.067 seconds
[2024-12-01T02:24:59.463+0000] {processor.py:186} INFO - Started process (PID=52358) to work on /home/airflow/.local/lib/python3.12/site-packages/airflow/example_dags/example_external_task_marker_dag.py
[2024-12-01T02:24:59.464+0000] {processor.py:914} INFO - Processing file /home/airflow/.local/lib/python3.12/site-packages/airflow/example_dags/example_external_task_marker_dag.py for tasks to queue
[2024-12-01T02:24:59.466+0000] {logging_mixin.py:190} INFO - [2024-12-01T02:24:59.466+0000] {dagbag.py:588} INFO - Filling up the DagBag from /home/airflow/.local/lib/python3.12/site-packages/airflow/example_dags/example_external_task_marker_dag.py
[2024-12-01T02:24:59.476+0000] {processor.py:925} INFO - DAG(s) 'example_external_task_marker_parent', 'example_external_task_marker_child' retrieved from /home/airflow/.local/lib/python3.12/site-packages/airflow/example_dags/example_external_task_marker_dag.py
[2024-12-01T02:24:59.502+0000] {logging_mixin.py:190} INFO - [2024-12-01T02:24:59.502+0000] {dag.py:3239} INFO - Sync 2 DAGs
[2024-12-01T02:24:59.520+0000] {logging_mixin.py:190} INFO - [2024-12-01T02:24:59.520+0000] {dag.py:4180} INFO - Setting next_dagrun for example_external_task_marker_child to None, run_after=None
[2024-12-01T02:24:59.525+0000] {logging_mixin.py:190} INFO - [2024-12-01T02:24:59.525+0000] {dag.py:4180} INFO - Setting next_dagrun for example_external_task_marker_parent to None, run_after=None
[2024-12-01T02:24:59.542+0000] {processor.py:208} INFO - Processing /home/airflow/.local/lib/python3.12/site-packages/airflow/example_dags/example_external_task_marker_dag.py took 0.087 seconds
[2024-12-01T02:25:30.042+0000] {processor.py:186} INFO - Started process (PID=52430) to work on /home/airflow/.local/lib/python3.12/site-packages/airflow/example_dags/example_external_task_marker_dag.py
[2024-12-01T02:25:30.043+0000] {processor.py:914} INFO - Processing file /home/airflow/.local/lib/python3.12/site-packages/airflow/example_dags/example_external_task_marker_dag.py for tasks to queue
[2024-12-01T02:25:30.046+0000] {logging_mixin.py:190} INFO - [2024-12-01T02:25:30.046+0000] {dagbag.py:588} INFO - Filling up the DagBag from /home/airflow/.local/lib/python3.12/site-packages/airflow/example_dags/example_external_task_marker_dag.py
[2024-12-01T02:25:30.054+0000] {processor.py:925} INFO - DAG(s) 'example_external_task_marker_child', 'example_external_task_marker_parent' retrieved from /home/airflow/.local/lib/python3.12/site-packages/airflow/example_dags/example_external_task_marker_dag.py
[2024-12-01T02:25:30.074+0000] {logging_mixin.py:190} INFO - [2024-12-01T02:25:30.074+0000] {dag.py:3239} INFO - Sync 2 DAGs
[2024-12-01T02:25:30.098+0000] {logging_mixin.py:190} INFO - [2024-12-01T02:25:30.098+0000] {dag.py:4180} INFO - Setting next_dagrun for example_external_task_marker_child to None, run_after=None
[2024-12-01T02:25:30.102+0000] {logging_mixin.py:190} INFO - [2024-12-01T02:25:30.102+0000] {dag.py:4180} INFO - Setting next_dagrun for example_external_task_marker_parent to None, run_after=None
[2024-12-01T02:25:30.124+0000] {processor.py:208} INFO - Processing /home/airflow/.local/lib/python3.12/site-packages/airflow/example_dags/example_external_task_marker_dag.py took 0.089 seconds
[2024-12-01T02:26:00.830+0000] {processor.py:186} INFO - Started process (PID=52496) to work on /home/airflow/.local/lib/python3.12/site-packages/airflow/example_dags/example_external_task_marker_dag.py
[2024-12-01T02:26:00.830+0000] {processor.py:914} INFO - Processing file /home/airflow/.local/lib/python3.12/site-packages/airflow/example_dags/example_external_task_marker_dag.py for tasks to queue
[2024-12-01T02:26:00.833+0000] {logging_mixin.py:190} INFO - [2024-12-01T02:26:00.832+0000] {dagbag.py:588} INFO - Filling up the DagBag from /home/airflow/.local/lib/python3.12/site-packages/airflow/example_dags/example_external_task_marker_dag.py
[2024-12-01T02:26:00.842+0000] {processor.py:925} INFO - DAG(s) 'example_external_task_marker_parent', 'example_external_task_marker_child' retrieved from /home/airflow/.local/lib/python3.12/site-packages/airflow/example_dags/example_external_task_marker_dag.py
[2024-12-01T02:26:00.863+0000] {logging_mixin.py:190} INFO - [2024-12-01T02:26:00.863+0000] {dag.py:3239} INFO - Sync 2 DAGs
[2024-12-01T02:26:00.877+0000] {logging_mixin.py:190} INFO - [2024-12-01T02:26:00.877+0000] {dag.py:4180} INFO - Setting next_dagrun for example_external_task_marker_child to None, run_after=None
[2024-12-01T02:26:00.881+0000] {logging_mixin.py:190} INFO - [2024-12-01T02:26:00.881+0000] {dag.py:4180} INFO - Setting next_dagrun for example_external_task_marker_parent to None, run_after=None
[2024-12-01T02:26:00.897+0000] {processor.py:208} INFO - Processing /home/airflow/.local/lib/python3.12/site-packages/airflow/example_dags/example_external_task_marker_dag.py took 0.073 seconds
[2024-12-01T02:26:31.413+0000] {processor.py:186} INFO - Started process (PID=52562) to work on /home/airflow/.local/lib/python3.12/site-packages/airflow/example_dags/example_external_task_marker_dag.py
[2024-12-01T02:26:31.414+0000] {processor.py:914} INFO - Processing file /home/airflow/.local/lib/python3.12/site-packages/airflow/example_dags/example_external_task_marker_dag.py for tasks to queue
[2024-12-01T02:26:31.416+0000] {logging_mixin.py:190} INFO - [2024-12-01T02:26:31.416+0000] {dagbag.py:588} INFO - Filling up the DagBag from /home/airflow/.local/lib/python3.12/site-packages/airflow/example_dags/example_external_task_marker_dag.py
[2024-12-01T02:26:31.423+0000] {processor.py:925} INFO - DAG(s) 'example_external_task_marker_parent', 'example_external_task_marker_child' retrieved from /home/airflow/.local/lib/python3.12/site-packages/airflow/example_dags/example_external_task_marker_dag.py
[2024-12-01T02:26:31.448+0000] {logging_mixin.py:190} INFO - [2024-12-01T02:26:31.448+0000] {dag.py:3239} INFO - Sync 2 DAGs
[2024-12-01T02:26:31.462+0000] {logging_mixin.py:190} INFO - [2024-12-01T02:26:31.462+0000] {dag.py:4180} INFO - Setting next_dagrun for example_external_task_marker_child to None, run_after=None
[2024-12-01T02:26:31.465+0000] {logging_mixin.py:190} INFO - [2024-12-01T02:26:31.465+0000] {dag.py:4180} INFO - Setting next_dagrun for example_external_task_marker_parent to None, run_after=None
[2024-12-01T02:26:31.480+0000] {processor.py:208} INFO - Processing /home/airflow/.local/lib/python3.12/site-packages/airflow/example_dags/example_external_task_marker_dag.py took 0.072 seconds
[2024-12-01T02:27:01.903+0000] {processor.py:186} INFO - Started process (PID=52628) to work on /home/airflow/.local/lib/python3.12/site-packages/airflow/example_dags/example_external_task_marker_dag.py
[2024-12-01T02:27:01.904+0000] {processor.py:914} INFO - Processing file /home/airflow/.local/lib/python3.12/site-packages/airflow/example_dags/example_external_task_marker_dag.py for tasks to queue
[2024-12-01T02:27:01.906+0000] {logging_mixin.py:190} INFO - [2024-12-01T02:27:01.906+0000] {dagbag.py:588} INFO - Filling up the DagBag from /home/airflow/.local/lib/python3.12/site-packages/airflow/example_dags/example_external_task_marker_dag.py
[2024-12-01T02:27:01.913+0000] {processor.py:925} INFO - DAG(s) 'example_external_task_marker_child', 'example_external_task_marker_parent' retrieved from /home/airflow/.local/lib/python3.12/site-packages/airflow/example_dags/example_external_task_marker_dag.py
[2024-12-01T02:27:01.933+0000] {logging_mixin.py:190} INFO - [2024-12-01T02:27:01.932+0000] {dag.py:3239} INFO - Sync 2 DAGs
[2024-12-01T02:27:01.950+0000] {logging_mixin.py:190} INFO - [2024-12-01T02:27:01.950+0000] {dag.py:4180} INFO - Setting next_dagrun for example_external_task_marker_child to None, run_after=None
[2024-12-01T02:27:01.954+0000] {logging_mixin.py:190} INFO - [2024-12-01T02:27:01.954+0000] {dag.py:4180} INFO - Setting next_dagrun for example_external_task_marker_parent to None, run_after=None
[2024-12-01T02:27:01.969+0000] {processor.py:208} INFO - Processing /home/airflow/.local/lib/python3.12/site-packages/airflow/example_dags/example_external_task_marker_dag.py took 0.071 seconds
[2024-12-01T02:27:32.333+0000] {processor.py:186} INFO - Started process (PID=52694) to work on /home/airflow/.local/lib/python3.12/site-packages/airflow/example_dags/example_external_task_marker_dag.py
[2024-12-01T02:27:32.334+0000] {processor.py:914} INFO - Processing file /home/airflow/.local/lib/python3.12/site-packages/airflow/example_dags/example_external_task_marker_dag.py for tasks to queue
[2024-12-01T02:27:32.336+0000] {logging_mixin.py:190} INFO - [2024-12-01T02:27:32.336+0000] {dagbag.py:588} INFO - Filling up the DagBag from /home/airflow/.local/lib/python3.12/site-packages/airflow/example_dags/example_external_task_marker_dag.py
[2024-12-01T02:27:32.344+0000] {processor.py:925} INFO - DAG(s) 'example_external_task_marker_child', 'example_external_task_marker_parent' retrieved from /home/airflow/.local/lib/python3.12/site-packages/airflow/example_dags/example_external_task_marker_dag.py
[2024-12-01T02:27:32.366+0000] {logging_mixin.py:190} INFO - [2024-12-01T02:27:32.365+0000] {dag.py:3239} INFO - Sync 2 DAGs
[2024-12-01T02:27:32.380+0000] {logging_mixin.py:190} INFO - [2024-12-01T02:27:32.379+0000] {dag.py:4180} INFO - Setting next_dagrun for example_external_task_marker_child to None, run_after=None
[2024-12-01T02:27:32.383+0000] {logging_mixin.py:190} INFO - [2024-12-01T02:27:32.383+0000] {dag.py:4180} INFO - Setting next_dagrun for example_external_task_marker_parent to None, run_after=None
[2024-12-01T02:27:32.399+0000] {processor.py:208} INFO - Processing /home/airflow/.local/lib/python3.12/site-packages/airflow/example_dags/example_external_task_marker_dag.py took 0.072 seconds
[2024-12-01T02:28:03.771+0000] {processor.py:186} INFO - Started process (PID=52760) to work on /home/airflow/.local/lib/python3.12/site-packages/airflow/example_dags/example_external_task_marker_dag.py
[2024-12-01T02:28:03.772+0000] {processor.py:914} INFO - Processing file /home/airflow/.local/lib/python3.12/site-packages/airflow/example_dags/example_external_task_marker_dag.py for tasks to queue
[2024-12-01T02:28:03.774+0000] {logging_mixin.py:190} INFO - [2024-12-01T02:28:03.774+0000] {dagbag.py:588} INFO - Filling up the DagBag from /home/airflow/.local/lib/python3.12/site-packages/airflow/example_dags/example_external_task_marker_dag.py
[2024-12-01T02:28:03.781+0000] {processor.py:925} INFO - DAG(s) 'example_external_task_marker_child', 'example_external_task_marker_parent' retrieved from /home/airflow/.local/lib/python3.12/site-packages/airflow/example_dags/example_external_task_marker_dag.py
[2024-12-01T02:28:03.800+0000] {logging_mixin.py:190} INFO - [2024-12-01T02:28:03.800+0000] {dag.py:3239} INFO - Sync 2 DAGs
[2024-12-01T02:28:03.814+0000] {logging_mixin.py:190} INFO - [2024-12-01T02:28:03.813+0000] {dag.py:4180} INFO - Setting next_dagrun for example_external_task_marker_child to None, run_after=None
[2024-12-01T02:28:03.817+0000] {logging_mixin.py:190} INFO - [2024-12-01T02:28:03.817+0000] {dag.py:4180} INFO - Setting next_dagrun for example_external_task_marker_parent to None, run_after=None
[2024-12-01T02:28:03.831+0000] {processor.py:208} INFO - Processing /home/airflow/.local/lib/python3.12/site-packages/airflow/example_dags/example_external_task_marker_dag.py took 0.065 seconds
[2024-12-01T02:28:34.371+0000] {processor.py:186} INFO - Started process (PID=52826) to work on /home/airflow/.local/lib/python3.12/site-packages/airflow/example_dags/example_external_task_marker_dag.py
[2024-12-01T02:28:34.372+0000] {processor.py:914} INFO - Processing file /home/airflow/.local/lib/python3.12/site-packages/airflow/example_dags/example_external_task_marker_dag.py for tasks to queue
[2024-12-01T02:28:34.374+0000] {logging_mixin.py:190} INFO - [2024-12-01T02:28:34.373+0000] {dagbag.py:588} INFO - Filling up the DagBag from /home/airflow/.local/lib/python3.12/site-packages/airflow/example_dags/example_external_task_marker_dag.py
[2024-12-01T02:28:34.381+0000] {processor.py:925} INFO - DAG(s) 'example_external_task_marker_child', 'example_external_task_marker_parent' retrieved from /home/airflow/.local/lib/python3.12/site-packages/airflow/example_dags/example_external_task_marker_dag.py
[2024-12-01T02:28:34.402+0000] {logging_mixin.py:190} INFO - [2024-12-01T02:28:34.402+0000] {dag.py:3239} INFO - Sync 2 DAGs
[2024-12-01T02:28:34.417+0000] {logging_mixin.py:190} INFO - [2024-12-01T02:28:34.416+0000] {dag.py:4180} INFO - Setting next_dagrun for example_external_task_marker_child to None, run_after=None
[2024-12-01T02:28:34.420+0000] {logging_mixin.py:190} INFO - [2024-12-01T02:28:34.420+0000] {dag.py:4180} INFO - Setting next_dagrun for example_external_task_marker_parent to None, run_after=None
[2024-12-01T02:28:34.435+0000] {processor.py:208} INFO - Processing /home/airflow/.local/lib/python3.12/site-packages/airflow/example_dags/example_external_task_marker_dag.py took 0.070 seconds
[2024-12-01T02:29:04.943+0000] {processor.py:186} INFO - Started process (PID=52892) to work on /home/airflow/.local/lib/python3.12/site-packages/airflow/example_dags/example_external_task_marker_dag.py
[2024-12-01T02:29:04.944+0000] {processor.py:914} INFO - Processing file /home/airflow/.local/lib/python3.12/site-packages/airflow/example_dags/example_external_task_marker_dag.py for tasks to queue
[2024-12-01T02:29:04.946+0000] {logging_mixin.py:190} INFO - [2024-12-01T02:29:04.946+0000] {dagbag.py:588} INFO - Filling up the DagBag from /home/airflow/.local/lib/python3.12/site-packages/airflow/example_dags/example_external_task_marker_dag.py
[2024-12-01T02:29:04.954+0000] {processor.py:925} INFO - DAG(s) 'example_external_task_marker_parent', 'example_external_task_marker_child' retrieved from /home/airflow/.local/lib/python3.12/site-packages/airflow/example_dags/example_external_task_marker_dag.py
[2024-12-01T02:29:04.974+0000] {logging_mixin.py:190} INFO - [2024-12-01T02:29:04.974+0000] {dag.py:3239} INFO - Sync 2 DAGs
[2024-12-01T02:29:04.988+0000] {logging_mixin.py:190} INFO - [2024-12-01T02:29:04.988+0000] {dag.py:4180} INFO - Setting next_dagrun for example_external_task_marker_child to None, run_after=None
[2024-12-01T02:29:04.992+0000] {logging_mixin.py:190} INFO - [2024-12-01T02:29:04.991+0000] {dag.py:4180} INFO - Setting next_dagrun for example_external_task_marker_parent to None, run_after=None
[2024-12-01T02:29:05.007+0000] {processor.py:208} INFO - Processing /home/airflow/.local/lib/python3.12/site-packages/airflow/example_dags/example_external_task_marker_dag.py took 0.069 seconds
[2024-12-01T02:29:35.474+0000] {processor.py:186} INFO - Started process (PID=52958) to work on /home/airflow/.local/lib/python3.12/site-packages/airflow/example_dags/example_external_task_marker_dag.py
[2024-12-01T02:29:35.475+0000] {processor.py:914} INFO - Processing file /home/airflow/.local/lib/python3.12/site-packages/airflow/example_dags/example_external_task_marker_dag.py for tasks to queue
[2024-12-01T02:29:35.477+0000] {logging_mixin.py:190} INFO - [2024-12-01T02:29:35.477+0000] {dagbag.py:588} INFO - Filling up the DagBag from /home/airflow/.local/lib/python3.12/site-packages/airflow/example_dags/example_external_task_marker_dag.py
[2024-12-01T02:29:35.485+0000] {processor.py:925} INFO - DAG(s) 'example_external_task_marker_child', 'example_external_task_marker_parent' retrieved from /home/airflow/.local/lib/python3.12/site-packages/airflow/example_dags/example_external_task_marker_dag.py
[2024-12-01T02:29:35.506+0000] {logging_mixin.py:190} INFO - [2024-12-01T02:29:35.505+0000] {dag.py:3239} INFO - Sync 2 DAGs
[2024-12-01T02:29:35.519+0000] {logging_mixin.py:190} INFO - [2024-12-01T02:29:35.519+0000] {dag.py:4180} INFO - Setting next_dagrun for example_external_task_marker_child to None, run_after=None
[2024-12-01T02:29:35.523+0000] {logging_mixin.py:190} INFO - [2024-12-01T02:29:35.522+0000] {dag.py:4180} INFO - Setting next_dagrun for example_external_task_marker_parent to None, run_after=None
[2024-12-01T02:29:35.537+0000] {processor.py:208} INFO - Processing /home/airflow/.local/lib/python3.12/site-packages/airflow/example_dags/example_external_task_marker_dag.py took 0.069 seconds
[2024-12-01T02:30:06.765+0000] {processor.py:186} INFO - Started process (PID=53024) to work on /home/airflow/.local/lib/python3.12/site-packages/airflow/example_dags/example_external_task_marker_dag.py
[2024-12-01T02:30:06.766+0000] {processor.py:914} INFO - Processing file /home/airflow/.local/lib/python3.12/site-packages/airflow/example_dags/example_external_task_marker_dag.py for tasks to queue
[2024-12-01T02:30:06.768+0000] {logging_mixin.py:190} INFO - [2024-12-01T02:30:06.768+0000] {dagbag.py:588} INFO - Filling up the DagBag from /home/airflow/.local/lib/python3.12/site-packages/airflow/example_dags/example_external_task_marker_dag.py
[2024-12-01T02:30:06.775+0000] {processor.py:925} INFO - DAG(s) 'example_external_task_marker_parent', 'example_external_task_marker_child' retrieved from /home/airflow/.local/lib/python3.12/site-packages/airflow/example_dags/example_external_task_marker_dag.py
[2024-12-01T02:30:06.797+0000] {logging_mixin.py:190} INFO - [2024-12-01T02:30:06.797+0000] {dag.py:3239} INFO - Sync 2 DAGs
[2024-12-01T02:30:06.810+0000] {logging_mixin.py:190} INFO - [2024-12-01T02:30:06.810+0000] {dag.py:4180} INFO - Setting next_dagrun for example_external_task_marker_child to None, run_after=None
[2024-12-01T02:30:06.814+0000] {logging_mixin.py:190} INFO - [2024-12-01T02:30:06.813+0000] {dag.py:4180} INFO - Setting next_dagrun for example_external_task_marker_parent to None, run_after=None
[2024-12-01T02:30:06.828+0000] {processor.py:208} INFO - Processing /home/airflow/.local/lib/python3.12/site-packages/airflow/example_dags/example_external_task_marker_dag.py took 0.068 seconds
[2024-12-01T02:30:37.655+0000] {processor.py:186} INFO - Started process (PID=53090) to work on /home/airflow/.local/lib/python3.12/site-packages/airflow/example_dags/example_external_task_marker_dag.py
[2024-12-01T02:30:37.656+0000] {processor.py:914} INFO - Processing file /home/airflow/.local/lib/python3.12/site-packages/airflow/example_dags/example_external_task_marker_dag.py for tasks to queue
[2024-12-01T02:30:37.658+0000] {logging_mixin.py:190} INFO - [2024-12-01T02:30:37.658+0000] {dagbag.py:588} INFO - Filling up the DagBag from /home/airflow/.local/lib/python3.12/site-packages/airflow/example_dags/example_external_task_marker_dag.py
[2024-12-01T02:30:37.665+0000] {processor.py:925} INFO - DAG(s) 'example_external_task_marker_parent', 'example_external_task_marker_child' retrieved from /home/airflow/.local/lib/python3.12/site-packages/airflow/example_dags/example_external_task_marker_dag.py
[2024-12-01T02:30:37.686+0000] {logging_mixin.py:190} INFO - [2024-12-01T02:30:37.686+0000] {dag.py:3239} INFO - Sync 2 DAGs
[2024-12-01T02:30:37.700+0000] {logging_mixin.py:190} INFO - [2024-12-01T02:30:37.699+0000] {dag.py:4180} INFO - Setting next_dagrun for example_external_task_marker_child to None, run_after=None
[2024-12-01T02:30:37.703+0000] {logging_mixin.py:190} INFO - [2024-12-01T02:30:37.703+0000] {dag.py:4180} INFO - Setting next_dagrun for example_external_task_marker_parent to None, run_after=None
[2024-12-01T02:30:37.719+0000] {processor.py:208} INFO - Processing /home/airflow/.local/lib/python3.12/site-packages/airflow/example_dags/example_external_task_marker_dag.py took 0.070 seconds
[2024-12-01T02:31:08.022+0000] {processor.py:186} INFO - Started process (PID=53156) to work on /home/airflow/.local/lib/python3.12/site-packages/airflow/example_dags/example_external_task_marker_dag.py
[2024-12-01T02:31:08.023+0000] {processor.py:914} INFO - Processing file /home/airflow/.local/lib/python3.12/site-packages/airflow/example_dags/example_external_task_marker_dag.py for tasks to queue
[2024-12-01T02:31:08.025+0000] {logging_mixin.py:190} INFO - [2024-12-01T02:31:08.025+0000] {dagbag.py:588} INFO - Filling up the DagBag from /home/airflow/.local/lib/python3.12/site-packages/airflow/example_dags/example_external_task_marker_dag.py
[2024-12-01T02:31:08.032+0000] {processor.py:925} INFO - DAG(s) 'example_external_task_marker_parent', 'example_external_task_marker_child' retrieved from /home/airflow/.local/lib/python3.12/site-packages/airflow/example_dags/example_external_task_marker_dag.py
[2024-12-01T02:31:08.053+0000] {logging_mixin.py:190} INFO - [2024-12-01T02:31:08.052+0000] {dag.py:3239} INFO - Sync 2 DAGs
[2024-12-01T02:31:08.066+0000] {logging_mixin.py:190} INFO - [2024-12-01T02:31:08.066+0000] {dag.py:4180} INFO - Setting next_dagrun for example_external_task_marker_child to None, run_after=None
[2024-12-01T02:31:08.069+0000] {logging_mixin.py:190} INFO - [2024-12-01T02:31:08.069+0000] {dag.py:4180} INFO - Setting next_dagrun for example_external_task_marker_parent to None, run_after=None
[2024-12-01T02:31:08.084+0000] {processor.py:208} INFO - Processing /home/airflow/.local/lib/python3.12/site-packages/airflow/example_dags/example_external_task_marker_dag.py took 0.067 seconds
[2024-12-01T02:31:39.445+0000] {processor.py:186} INFO - Started process (PID=53222) to work on /home/airflow/.local/lib/python3.12/site-packages/airflow/example_dags/example_external_task_marker_dag.py
[2024-12-01T02:31:39.446+0000] {processor.py:914} INFO - Processing file /home/airflow/.local/lib/python3.12/site-packages/airflow/example_dags/example_external_task_marker_dag.py for tasks to queue
[2024-12-01T02:31:39.448+0000] {logging_mixin.py:190} INFO - [2024-12-01T02:31:39.448+0000] {dagbag.py:588} INFO - Filling up the DagBag from /home/airflow/.local/lib/python3.12/site-packages/airflow/example_dags/example_external_task_marker_dag.py
[2024-12-01T02:31:39.455+0000] {processor.py:925} INFO - DAG(s) 'example_external_task_marker_parent', 'example_external_task_marker_child' retrieved from /home/airflow/.local/lib/python3.12/site-packages/airflow/example_dags/example_external_task_marker_dag.py
[2024-12-01T02:31:39.477+0000] {logging_mixin.py:190} INFO - [2024-12-01T02:31:39.476+0000] {dag.py:3239} INFO - Sync 2 DAGs
[2024-12-01T02:31:39.490+0000] {logging_mixin.py:190} INFO - [2024-12-01T02:31:39.490+0000] {dag.py:4180} INFO - Setting next_dagrun for example_external_task_marker_child to None, run_after=None
[2024-12-01T02:31:39.494+0000] {logging_mixin.py:190} INFO - [2024-12-01T02:31:39.494+0000] {dag.py:4180} INFO - Setting next_dagrun for example_external_task_marker_parent to None, run_after=None
[2024-12-01T02:31:39.508+0000] {processor.py:208} INFO - Processing /home/airflow/.local/lib/python3.12/site-packages/airflow/example_dags/example_external_task_marker_dag.py took 0.069 seconds
[2024-12-01T02:32:09.909+0000] {processor.py:186} INFO - Started process (PID=53288) to work on /home/airflow/.local/lib/python3.12/site-packages/airflow/example_dags/example_external_task_marker_dag.py
[2024-12-01T02:32:09.910+0000] {processor.py:914} INFO - Processing file /home/airflow/.local/lib/python3.12/site-packages/airflow/example_dags/example_external_task_marker_dag.py for tasks to queue
[2024-12-01T02:32:09.912+0000] {logging_mixin.py:190} INFO - [2024-12-01T02:32:09.912+0000] {dagbag.py:588} INFO - Filling up the DagBag from /home/airflow/.local/lib/python3.12/site-packages/airflow/example_dags/example_external_task_marker_dag.py
[2024-12-01T02:32:09.921+0000] {processor.py:925} INFO - DAG(s) 'example_external_task_marker_child', 'example_external_task_marker_parent' retrieved from /home/airflow/.local/lib/python3.12/site-packages/airflow/example_dags/example_external_task_marker_dag.py
[2024-12-01T02:32:09.939+0000] {logging_mixin.py:190} INFO - [2024-12-01T02:32:09.939+0000] {dag.py:3239} INFO - Sync 2 DAGs
[2024-12-01T02:32:09.953+0000] {logging_mixin.py:190} INFO - [2024-12-01T02:32:09.953+0000] {dag.py:4180} INFO - Setting next_dagrun for example_external_task_marker_child to None, run_after=None
[2024-12-01T02:32:09.957+0000] {logging_mixin.py:190} INFO - [2024-12-01T02:32:09.957+0000] {dag.py:4180} INFO - Setting next_dagrun for example_external_task_marker_parent to None, run_after=None
[2024-12-01T02:32:09.972+0000] {processor.py:208} INFO - Processing /home/airflow/.local/lib/python3.12/site-packages/airflow/example_dags/example_external_task_marker_dag.py took 0.068 seconds
[2024-12-01T02:32:41.559+0000] {processor.py:186} INFO - Started process (PID=53354) to work on /home/airflow/.local/lib/python3.12/site-packages/airflow/example_dags/example_external_task_marker_dag.py
[2024-12-01T02:32:41.560+0000] {processor.py:914} INFO - Processing file /home/airflow/.local/lib/python3.12/site-packages/airflow/example_dags/example_external_task_marker_dag.py for tasks to queue
[2024-12-01T02:32:41.564+0000] {logging_mixin.py:190} INFO - [2024-12-01T02:32:41.563+0000] {dagbag.py:588} INFO - Filling up the DagBag from /home/airflow/.local/lib/python3.12/site-packages/airflow/example_dags/example_external_task_marker_dag.py
[2024-12-01T02:32:41.581+0000] {processor.py:925} INFO - DAG(s) 'example_external_task_marker_parent', 'example_external_task_marker_child' retrieved from /home/airflow/.local/lib/python3.12/site-packages/airflow/example_dags/example_external_task_marker_dag.py
[2024-12-01T02:32:41.622+0000] {logging_mixin.py:190} INFO - [2024-12-01T02:32:41.622+0000] {dag.py:3239} INFO - Sync 2 DAGs
[2024-12-01T02:32:41.651+0000] {logging_mixin.py:190} INFO - [2024-12-01T02:32:41.651+0000] {dag.py:4180} INFO - Setting next_dagrun for example_external_task_marker_child to None, run_after=None
[2024-12-01T02:32:41.664+0000] {logging_mixin.py:190} INFO - [2024-12-01T02:32:41.663+0000] {dag.py:4180} INFO - Setting next_dagrun for example_external_task_marker_parent to None, run_after=None
[2024-12-01T02:32:41.706+0000] {processor.py:208} INFO - Processing /home/airflow/.local/lib/python3.12/site-packages/airflow/example_dags/example_external_task_marker_dag.py took 0.156 seconds
[2024-12-01T02:33:12.260+0000] {processor.py:186} INFO - Started process (PID=53420) to work on /home/airflow/.local/lib/python3.12/site-packages/airflow/example_dags/example_external_task_marker_dag.py
[2024-12-01T02:33:12.261+0000] {processor.py:914} INFO - Processing file /home/airflow/.local/lib/python3.12/site-packages/airflow/example_dags/example_external_task_marker_dag.py for tasks to queue
[2024-12-01T02:33:12.263+0000] {logging_mixin.py:190} INFO - [2024-12-01T02:33:12.263+0000] {dagbag.py:588} INFO - Filling up the DagBag from /home/airflow/.local/lib/python3.12/site-packages/airflow/example_dags/example_external_task_marker_dag.py
[2024-12-01T02:33:12.272+0000] {processor.py:925} INFO - DAG(s) 'example_external_task_marker_child', 'example_external_task_marker_parent' retrieved from /home/airflow/.local/lib/python3.12/site-packages/airflow/example_dags/example_external_task_marker_dag.py
[2024-12-01T02:33:12.290+0000] {logging_mixin.py:190} INFO - [2024-12-01T02:33:12.290+0000] {dag.py:3239} INFO - Sync 2 DAGs
[2024-12-01T02:33:12.304+0000] {logging_mixin.py:190} INFO - [2024-12-01T02:33:12.304+0000] {dag.py:4180} INFO - Setting next_dagrun for example_external_task_marker_child to None, run_after=None
[2024-12-01T02:33:12.308+0000] {logging_mixin.py:190} INFO - [2024-12-01T02:33:12.308+0000] {dag.py:4180} INFO - Setting next_dagrun for example_external_task_marker_parent to None, run_after=None
[2024-12-01T02:33:12.327+0000] {processor.py:208} INFO - Processing /home/airflow/.local/lib/python3.12/site-packages/airflow/example_dags/example_external_task_marker_dag.py took 0.072 seconds
[2024-12-01T02:33:43.085+0000] {processor.py:186} INFO - Started process (PID=53487) to work on /home/airflow/.local/lib/python3.12/site-packages/airflow/example_dags/example_external_task_marker_dag.py
[2024-12-01T02:33:43.087+0000] {processor.py:914} INFO - Processing file /home/airflow/.local/lib/python3.12/site-packages/airflow/example_dags/example_external_task_marker_dag.py for tasks to queue
[2024-12-01T02:33:43.090+0000] {logging_mixin.py:190} INFO - [2024-12-01T02:33:43.089+0000] {dagbag.py:588} INFO - Filling up the DagBag from /home/airflow/.local/lib/python3.12/site-packages/airflow/example_dags/example_external_task_marker_dag.py
[2024-12-01T02:33:43.098+0000] {processor.py:925} INFO - DAG(s) 'example_external_task_marker_child', 'example_external_task_marker_parent' retrieved from /home/airflow/.local/lib/python3.12/site-packages/airflow/example_dags/example_external_task_marker_dag.py
[2024-12-01T02:33:43.127+0000] {logging_mixin.py:190} INFO - [2024-12-01T02:33:43.126+0000] {dag.py:3239} INFO - Sync 2 DAGs
[2024-12-01T02:33:43.146+0000] {logging_mixin.py:190} INFO - [2024-12-01T02:33:43.146+0000] {dag.py:4180} INFO - Setting next_dagrun for example_external_task_marker_child to None, run_after=None
[2024-12-01T02:33:43.151+0000] {logging_mixin.py:190} INFO - [2024-12-01T02:33:43.151+0000] {dag.py:4180} INFO - Setting next_dagrun for example_external_task_marker_parent to None, run_after=None
[2024-12-01T02:33:43.170+0000] {processor.py:208} INFO - Processing /home/airflow/.local/lib/python3.12/site-packages/airflow/example_dags/example_external_task_marker_dag.py took 0.093 seconds
[2024-12-01T02:34:13.646+0000] {processor.py:186} INFO - Started process (PID=53552) to work on /home/airflow/.local/lib/python3.12/site-packages/airflow/example_dags/example_external_task_marker_dag.py
[2024-12-01T02:34:13.647+0000] {processor.py:914} INFO - Processing file /home/airflow/.local/lib/python3.12/site-packages/airflow/example_dags/example_external_task_marker_dag.py for tasks to queue
[2024-12-01T02:34:13.650+0000] {logging_mixin.py:190} INFO - [2024-12-01T02:34:13.650+0000] {dagbag.py:588} INFO - Filling up the DagBag from /home/airflow/.local/lib/python3.12/site-packages/airflow/example_dags/example_external_task_marker_dag.py
[2024-12-01T02:34:13.659+0000] {processor.py:925} INFO - DAG(s) 'example_external_task_marker_parent', 'example_external_task_marker_child' retrieved from /home/airflow/.local/lib/python3.12/site-packages/airflow/example_dags/example_external_task_marker_dag.py
[2024-12-01T02:34:13.681+0000] {logging_mixin.py:190} INFO - [2024-12-01T02:34:13.681+0000] {dag.py:3239} INFO - Sync 2 DAGs
[2024-12-01T02:34:13.697+0000] {logging_mixin.py:190} INFO - [2024-12-01T02:34:13.696+0000] {dag.py:4180} INFO - Setting next_dagrun for example_external_task_marker_child to None, run_after=None
[2024-12-01T02:34:13.702+0000] {logging_mixin.py:190} INFO - [2024-12-01T02:34:13.702+0000] {dag.py:4180} INFO - Setting next_dagrun for example_external_task_marker_parent to None, run_after=None
[2024-12-01T02:34:13.726+0000] {processor.py:208} INFO - Processing /home/airflow/.local/lib/python3.12/site-packages/airflow/example_dags/example_external_task_marker_dag.py took 0.088 seconds
