[2024-12-01T02:11:01.567+0000] {processor.py:186} INFO - Started process (PID=50553) to work on /home/airflow/.local/lib/python3.12/site-packages/airflow/example_dags/example_setup_teardown.py
[2024-12-01T02:11:01.568+0000] {processor.py:914} INFO - Processing file /home/airflow/.local/lib/python3.12/site-packages/airflow/example_dags/example_setup_teardown.py for tasks to queue
[2024-12-01T02:11:01.571+0000] {logging_mixin.py:190} INFO - [2024-12-01T02:11:01.571+0000] {dagbag.py:588} INFO - Filling up the DagBag from /home/airflow/.local/lib/python3.12/site-packages/airflow/example_dags/example_setup_teardown.py
[2024-12-01T02:11:01.582+0000] {processor.py:925} INFO - DAG(s) 'example_setup_teardown' retrieved from /home/airflow/.local/lib/python3.12/site-packages/airflow/example_dags/example_setup_teardown.py
[2024-12-01T02:11:01.611+0000] {logging_mixin.py:190} INFO - [2024-12-01T02:11:01.611+0000] {dag.py:3239} INFO - Sync 1 DAGs
[2024-12-01T02:11:01.629+0000] {logging_mixin.py:190} INFO - [2024-12-01T02:11:01.629+0000] {dag.py:4180} INFO - Setting next_dagrun for example_setup_teardown to None, run_after=None
[2024-12-01T02:11:01.660+0000] {processor.py:208} INFO - Processing /home/airflow/.local/lib/python3.12/site-packages/airflow/example_dags/example_setup_teardown.py took 0.101 seconds
[2024-12-01T02:11:32.233+0000] {processor.py:186} INFO - Started process (PID=50620) to work on /home/airflow/.local/lib/python3.12/site-packages/airflow/example_dags/example_setup_teardown.py
[2024-12-01T02:11:32.234+0000] {processor.py:914} INFO - Processing file /home/airflow/.local/lib/python3.12/site-packages/airflow/example_dags/example_setup_teardown.py for tasks to queue
[2024-12-01T02:11:32.236+0000] {logging_mixin.py:190} INFO - [2024-12-01T02:11:32.236+0000] {dagbag.py:588} INFO - Filling up the DagBag from /home/airflow/.local/lib/python3.12/site-packages/airflow/example_dags/example_setup_teardown.py
[2024-12-01T02:11:32.245+0000] {processor.py:925} INFO - DAG(s) 'example_setup_teardown' retrieved from /home/airflow/.local/lib/python3.12/site-packages/airflow/example_dags/example_setup_teardown.py
[2024-12-01T02:11:32.265+0000] {logging_mixin.py:190} INFO - [2024-12-01T02:11:32.265+0000] {dag.py:3239} INFO - Sync 1 DAGs
[2024-12-01T02:11:32.281+0000] {logging_mixin.py:190} INFO - [2024-12-01T02:11:32.280+0000] {dag.py:4180} INFO - Setting next_dagrun for example_setup_teardown to None, run_after=None
[2024-12-01T02:11:32.298+0000] {processor.py:208} INFO - Processing /home/airflow/.local/lib/python3.12/site-packages/airflow/example_dags/example_setup_teardown.py took 0.070 seconds
[2024-12-01T02:12:02.864+0000] {processor.py:186} INFO - Started process (PID=50686) to work on /home/airflow/.local/lib/python3.12/site-packages/airflow/example_dags/example_setup_teardown.py
[2024-12-01T02:12:02.865+0000] {processor.py:914} INFO - Processing file /home/airflow/.local/lib/python3.12/site-packages/airflow/example_dags/example_setup_teardown.py for tasks to queue
[2024-12-01T02:12:02.867+0000] {logging_mixin.py:190} INFO - [2024-12-01T02:12:02.867+0000] {dagbag.py:588} INFO - Filling up the DagBag from /home/airflow/.local/lib/python3.12/site-packages/airflow/example_dags/example_setup_teardown.py
[2024-12-01T02:12:02.876+0000] {processor.py:925} INFO - DAG(s) 'example_setup_teardown' retrieved from /home/airflow/.local/lib/python3.12/site-packages/airflow/example_dags/example_setup_teardown.py
[2024-12-01T02:12:02.895+0000] {logging_mixin.py:190} INFO - [2024-12-01T02:12:02.894+0000] {dag.py:3239} INFO - Sync 1 DAGs
[2024-12-01T02:12:02.909+0000] {logging_mixin.py:190} INFO - [2024-12-01T02:12:02.909+0000] {dag.py:4180} INFO - Setting next_dagrun for example_setup_teardown to None, run_after=None
[2024-12-01T02:12:02.930+0000] {processor.py:208} INFO - Processing /home/airflow/.local/lib/python3.12/site-packages/airflow/example_dags/example_setup_teardown.py took 0.073 seconds
[2024-12-01T02:12:33.736+0000] {processor.py:186} INFO - Started process (PID=50752) to work on /home/airflow/.local/lib/python3.12/site-packages/airflow/example_dags/example_setup_teardown.py
[2024-12-01T02:12:33.737+0000] {processor.py:914} INFO - Processing file /home/airflow/.local/lib/python3.12/site-packages/airflow/example_dags/example_setup_teardown.py for tasks to queue
[2024-12-01T02:12:33.740+0000] {logging_mixin.py:190} INFO - [2024-12-01T02:12:33.739+0000] {dagbag.py:588} INFO - Filling up the DagBag from /home/airflow/.local/lib/python3.12/site-packages/airflow/example_dags/example_setup_teardown.py
[2024-12-01T02:12:33.748+0000] {processor.py:925} INFO - DAG(s) 'example_setup_teardown' retrieved from /home/airflow/.local/lib/python3.12/site-packages/airflow/example_dags/example_setup_teardown.py
[2024-12-01T02:12:33.766+0000] {logging_mixin.py:190} INFO - [2024-12-01T02:12:33.766+0000] {dag.py:3239} INFO - Sync 1 DAGs
[2024-12-01T02:12:33.779+0000] {logging_mixin.py:190} INFO - [2024-12-01T02:12:33.779+0000] {dag.py:4180} INFO - Setting next_dagrun for example_setup_teardown to None, run_after=None
[2024-12-01T02:12:33.795+0000] {processor.py:208} INFO - Processing /home/airflow/.local/lib/python3.12/site-packages/airflow/example_dags/example_setup_teardown.py took 0.063 seconds
[2024-12-01T02:13:04.716+0000] {processor.py:186} INFO - Started process (PID=50818) to work on /home/airflow/.local/lib/python3.12/site-packages/airflow/example_dags/example_setup_teardown.py
[2024-12-01T02:13:04.717+0000] {processor.py:914} INFO - Processing file /home/airflow/.local/lib/python3.12/site-packages/airflow/example_dags/example_setup_teardown.py for tasks to queue
[2024-12-01T02:13:04.719+0000] {logging_mixin.py:190} INFO - [2024-12-01T02:13:04.719+0000] {dagbag.py:588} INFO - Filling up the DagBag from /home/airflow/.local/lib/python3.12/site-packages/airflow/example_dags/example_setup_teardown.py
[2024-12-01T02:13:04.728+0000] {processor.py:925} INFO - DAG(s) 'example_setup_teardown' retrieved from /home/airflow/.local/lib/python3.12/site-packages/airflow/example_dags/example_setup_teardown.py
[2024-12-01T02:13:04.752+0000] {logging_mixin.py:190} INFO - [2024-12-01T02:13:04.752+0000] {dag.py:3239} INFO - Sync 1 DAGs
[2024-12-01T02:13:04.764+0000] {logging_mixin.py:190} INFO - [2024-12-01T02:13:04.764+0000] {dag.py:4180} INFO - Setting next_dagrun for example_setup_teardown to None, run_after=None
[2024-12-01T02:13:04.780+0000] {processor.py:208} INFO - Processing /home/airflow/.local/lib/python3.12/site-packages/airflow/example_dags/example_setup_teardown.py took 0.070 seconds
[2024-12-01T02:13:35.151+0000] {processor.py:186} INFO - Started process (PID=50884) to work on /home/airflow/.local/lib/python3.12/site-packages/airflow/example_dags/example_setup_teardown.py
[2024-12-01T02:13:35.152+0000] {processor.py:914} INFO - Processing file /home/airflow/.local/lib/python3.12/site-packages/airflow/example_dags/example_setup_teardown.py for tasks to queue
[2024-12-01T02:13:35.154+0000] {logging_mixin.py:190} INFO - [2024-12-01T02:13:35.154+0000] {dagbag.py:588} INFO - Filling up the DagBag from /home/airflow/.local/lib/python3.12/site-packages/airflow/example_dags/example_setup_teardown.py
[2024-12-01T02:13:35.163+0000] {processor.py:925} INFO - DAG(s) 'example_setup_teardown' retrieved from /home/airflow/.local/lib/python3.12/site-packages/airflow/example_dags/example_setup_teardown.py
[2024-12-01T02:13:35.183+0000] {logging_mixin.py:190} INFO - [2024-12-01T02:13:35.183+0000] {dag.py:3239} INFO - Sync 1 DAGs
[2024-12-01T02:13:35.198+0000] {logging_mixin.py:190} INFO - [2024-12-01T02:13:35.197+0000] {dag.py:4180} INFO - Setting next_dagrun for example_setup_teardown to None, run_after=None
[2024-12-01T02:13:35.216+0000] {processor.py:208} INFO - Processing /home/airflow/.local/lib/python3.12/site-packages/airflow/example_dags/example_setup_teardown.py took 0.070 seconds
[2024-12-01T02:14:05.884+0000] {processor.py:186} INFO - Started process (PID=50949) to work on /home/airflow/.local/lib/python3.12/site-packages/airflow/example_dags/example_setup_teardown.py
[2024-12-01T02:14:05.885+0000] {processor.py:914} INFO - Processing file /home/airflow/.local/lib/python3.12/site-packages/airflow/example_dags/example_setup_teardown.py for tasks to queue
[2024-12-01T02:14:05.887+0000] {logging_mixin.py:190} INFO - [2024-12-01T02:14:05.887+0000] {dagbag.py:588} INFO - Filling up the DagBag from /home/airflow/.local/lib/python3.12/site-packages/airflow/example_dags/example_setup_teardown.py
[2024-12-01T02:14:05.895+0000] {processor.py:925} INFO - DAG(s) 'example_setup_teardown' retrieved from /home/airflow/.local/lib/python3.12/site-packages/airflow/example_dags/example_setup_teardown.py
[2024-12-01T02:14:05.913+0000] {logging_mixin.py:190} INFO - [2024-12-01T02:14:05.913+0000] {dag.py:3239} INFO - Sync 1 DAGs
[2024-12-01T02:14:05.926+0000] {logging_mixin.py:190} INFO - [2024-12-01T02:14:05.926+0000] {dag.py:4180} INFO - Setting next_dagrun for example_setup_teardown to None, run_after=None
[2024-12-01T02:14:05.943+0000] {processor.py:208} INFO - Processing /home/airflow/.local/lib/python3.12/site-packages/airflow/example_dags/example_setup_teardown.py took 0.064 seconds
[2024-12-01T02:14:37.205+0000] {processor.py:186} INFO - Started process (PID=51015) to work on /home/airflow/.local/lib/python3.12/site-packages/airflow/example_dags/example_setup_teardown.py
[2024-12-01T02:14:37.207+0000] {processor.py:914} INFO - Processing file /home/airflow/.local/lib/python3.12/site-packages/airflow/example_dags/example_setup_teardown.py for tasks to queue
[2024-12-01T02:14:37.209+0000] {logging_mixin.py:190} INFO - [2024-12-01T02:14:37.209+0000] {dagbag.py:588} INFO - Filling up the DagBag from /home/airflow/.local/lib/python3.12/site-packages/airflow/example_dags/example_setup_teardown.py
[2024-12-01T02:14:37.217+0000] {processor.py:925} INFO - DAG(s) 'example_setup_teardown' retrieved from /home/airflow/.local/lib/python3.12/site-packages/airflow/example_dags/example_setup_teardown.py
[2024-12-01T02:14:37.235+0000] {logging_mixin.py:190} INFO - [2024-12-01T02:14:37.235+0000] {dag.py:3239} INFO - Sync 1 DAGs
[2024-12-01T02:14:37.248+0000] {logging_mixin.py:190} INFO - [2024-12-01T02:14:37.248+0000] {dag.py:4180} INFO - Setting next_dagrun for example_setup_teardown to None, run_after=None
[2024-12-01T02:14:37.266+0000] {processor.py:208} INFO - Processing /home/airflow/.local/lib/python3.12/site-packages/airflow/example_dags/example_setup_teardown.py took 0.066 seconds
[2024-12-01T02:15:08.052+0000] {processor.py:186} INFO - Started process (PID=51081) to work on /home/airflow/.local/lib/python3.12/site-packages/airflow/example_dags/example_setup_teardown.py
[2024-12-01T02:15:08.053+0000] {processor.py:914} INFO - Processing file /home/airflow/.local/lib/python3.12/site-packages/airflow/example_dags/example_setup_teardown.py for tasks to queue
[2024-12-01T02:15:08.056+0000] {logging_mixin.py:190} INFO - [2024-12-01T02:15:08.055+0000] {dagbag.py:588} INFO - Filling up the DagBag from /home/airflow/.local/lib/python3.12/site-packages/airflow/example_dags/example_setup_teardown.py
[2024-12-01T02:15:08.064+0000] {processor.py:925} INFO - DAG(s) 'example_setup_teardown' retrieved from /home/airflow/.local/lib/python3.12/site-packages/airflow/example_dags/example_setup_teardown.py
[2024-12-01T02:15:08.082+0000] {logging_mixin.py:190} INFO - [2024-12-01T02:15:08.082+0000] {dag.py:3239} INFO - Sync 1 DAGs
[2024-12-01T02:15:08.095+0000] {logging_mixin.py:190} INFO - [2024-12-01T02:15:08.094+0000] {dag.py:4180} INFO - Setting next_dagrun for example_setup_teardown to None, run_after=None
[2024-12-01T02:15:08.112+0000] {processor.py:208} INFO - Processing /home/airflow/.local/lib/python3.12/site-packages/airflow/example_dags/example_setup_teardown.py took 0.065 seconds
[2024-12-01T02:15:38.898+0000] {processor.py:186} INFO - Started process (PID=51147) to work on /home/airflow/.local/lib/python3.12/site-packages/airflow/example_dags/example_setup_teardown.py
[2024-12-01T02:15:38.899+0000] {processor.py:914} INFO - Processing file /home/airflow/.local/lib/python3.12/site-packages/airflow/example_dags/example_setup_teardown.py for tasks to queue
[2024-12-01T02:15:38.901+0000] {logging_mixin.py:190} INFO - [2024-12-01T02:15:38.901+0000] {dagbag.py:588} INFO - Filling up the DagBag from /home/airflow/.local/lib/python3.12/site-packages/airflow/example_dags/example_setup_teardown.py
[2024-12-01T02:15:38.913+0000] {processor.py:925} INFO - DAG(s) 'example_setup_teardown' retrieved from /home/airflow/.local/lib/python3.12/site-packages/airflow/example_dags/example_setup_teardown.py
[2024-12-01T02:15:38.938+0000] {logging_mixin.py:190} INFO - [2024-12-01T02:15:38.938+0000] {dag.py:3239} INFO - Sync 1 DAGs
[2024-12-01T02:15:38.957+0000] {logging_mixin.py:190} INFO - [2024-12-01T02:15:38.956+0000] {dag.py:4180} INFO - Setting next_dagrun for example_setup_teardown to None, run_after=None
[2024-12-01T02:15:38.976+0000] {processor.py:208} INFO - Processing /home/airflow/.local/lib/python3.12/site-packages/airflow/example_dags/example_setup_teardown.py took 0.084 seconds
[2024-12-01T02:16:09.596+0000] {processor.py:186} INFO - Started process (PID=51213) to work on /home/airflow/.local/lib/python3.12/site-packages/airflow/example_dags/example_setup_teardown.py
[2024-12-01T02:16:09.597+0000] {processor.py:914} INFO - Processing file /home/airflow/.local/lib/python3.12/site-packages/airflow/example_dags/example_setup_teardown.py for tasks to queue
[2024-12-01T02:16:09.599+0000] {logging_mixin.py:190} INFO - [2024-12-01T02:16:09.599+0000] {dagbag.py:588} INFO - Filling up the DagBag from /home/airflow/.local/lib/python3.12/site-packages/airflow/example_dags/example_setup_teardown.py
[2024-12-01T02:16:09.608+0000] {processor.py:925} INFO - DAG(s) 'example_setup_teardown' retrieved from /home/airflow/.local/lib/python3.12/site-packages/airflow/example_dags/example_setup_teardown.py
[2024-12-01T02:16:09.627+0000] {logging_mixin.py:190} INFO - [2024-12-01T02:16:09.627+0000] {dag.py:3239} INFO - Sync 1 DAGs
[2024-12-01T02:16:09.642+0000] {logging_mixin.py:190} INFO - [2024-12-01T02:16:09.642+0000] {dag.py:4180} INFO - Setting next_dagrun for example_setup_teardown to None, run_after=None
[2024-12-01T02:16:09.661+0000] {processor.py:208} INFO - Processing /home/airflow/.local/lib/python3.12/site-packages/airflow/example_dags/example_setup_teardown.py took 0.072 seconds
[2024-12-01T02:16:40.704+0000] {processor.py:186} INFO - Started process (PID=51279) to work on /home/airflow/.local/lib/python3.12/site-packages/airflow/example_dags/example_setup_teardown.py
[2024-12-01T02:16:40.705+0000] {processor.py:914} INFO - Processing file /home/airflow/.local/lib/python3.12/site-packages/airflow/example_dags/example_setup_teardown.py for tasks to queue
[2024-12-01T02:16:40.707+0000] {logging_mixin.py:190} INFO - [2024-12-01T02:16:40.707+0000] {dagbag.py:588} INFO - Filling up the DagBag from /home/airflow/.local/lib/python3.12/site-packages/airflow/example_dags/example_setup_teardown.py
[2024-12-01T02:16:40.715+0000] {processor.py:925} INFO - DAG(s) 'example_setup_teardown' retrieved from /home/airflow/.local/lib/python3.12/site-packages/airflow/example_dags/example_setup_teardown.py
[2024-12-01T02:16:40.734+0000] {logging_mixin.py:190} INFO - [2024-12-01T02:16:40.734+0000] {dag.py:3239} INFO - Sync 1 DAGs
[2024-12-01T02:16:40.754+0000] {logging_mixin.py:190} INFO - [2024-12-01T02:16:40.754+0000] {dag.py:4180} INFO - Setting next_dagrun for example_setup_teardown to None, run_after=None
[2024-12-01T02:16:40.775+0000] {processor.py:208} INFO - Processing /home/airflow/.local/lib/python3.12/site-packages/airflow/example_dags/example_setup_teardown.py took 0.078 seconds
[2024-12-01T02:17:11.702+0000] {processor.py:186} INFO - Started process (PID=51345) to work on /home/airflow/.local/lib/python3.12/site-packages/airflow/example_dags/example_setup_teardown.py
[2024-12-01T02:17:11.703+0000] {processor.py:914} INFO - Processing file /home/airflow/.local/lib/python3.12/site-packages/airflow/example_dags/example_setup_teardown.py for tasks to queue
[2024-12-01T02:17:11.705+0000] {logging_mixin.py:190} INFO - [2024-12-01T02:17:11.705+0000] {dagbag.py:588} INFO - Filling up the DagBag from /home/airflow/.local/lib/python3.12/site-packages/airflow/example_dags/example_setup_teardown.py
[2024-12-01T02:17:11.714+0000] {processor.py:925} INFO - DAG(s) 'example_setup_teardown' retrieved from /home/airflow/.local/lib/python3.12/site-packages/airflow/example_dags/example_setup_teardown.py
[2024-12-01T02:17:11.732+0000] {logging_mixin.py:190} INFO - [2024-12-01T02:17:11.732+0000] {dag.py:3239} INFO - Sync 1 DAGs
[2024-12-01T02:17:11.745+0000] {logging_mixin.py:190} INFO - [2024-12-01T02:17:11.745+0000] {dag.py:4180} INFO - Setting next_dagrun for example_setup_teardown to None, run_after=None
[2024-12-01T02:17:11.762+0000] {processor.py:208} INFO - Processing /home/airflow/.local/lib/python3.12/site-packages/airflow/example_dags/example_setup_teardown.py took 0.068 seconds
[2024-12-01T02:17:42.766+0000] {processor.py:186} INFO - Started process (PID=51411) to work on /home/airflow/.local/lib/python3.12/site-packages/airflow/example_dags/example_setup_teardown.py
[2024-12-01T02:17:42.767+0000] {processor.py:914} INFO - Processing file /home/airflow/.local/lib/python3.12/site-packages/airflow/example_dags/example_setup_teardown.py for tasks to queue
[2024-12-01T02:17:42.769+0000] {logging_mixin.py:190} INFO - [2024-12-01T02:17:42.769+0000] {dagbag.py:588} INFO - Filling up the DagBag from /home/airflow/.local/lib/python3.12/site-packages/airflow/example_dags/example_setup_teardown.py
[2024-12-01T02:17:42.780+0000] {processor.py:925} INFO - DAG(s) 'example_setup_teardown' retrieved from /home/airflow/.local/lib/python3.12/site-packages/airflow/example_dags/example_setup_teardown.py
[2024-12-01T02:17:42.803+0000] {logging_mixin.py:190} INFO - [2024-12-01T02:17:42.802+0000] {dag.py:3239} INFO - Sync 1 DAGs
[2024-12-01T02:17:42.830+0000] {logging_mixin.py:190} INFO - [2024-12-01T02:17:42.829+0000] {dag.py:4180} INFO - Setting next_dagrun for example_setup_teardown to None, run_after=None
[2024-12-01T02:17:42.854+0000] {processor.py:208} INFO - Processing /home/airflow/.local/lib/python3.12/site-packages/airflow/example_dags/example_setup_teardown.py took 0.097 seconds
[2024-12-01T02:18:13.804+0000] {processor.py:186} INFO - Started process (PID=51477) to work on /home/airflow/.local/lib/python3.12/site-packages/airflow/example_dags/example_setup_teardown.py
[2024-12-01T02:18:13.805+0000] {processor.py:914} INFO - Processing file /home/airflow/.local/lib/python3.12/site-packages/airflow/example_dags/example_setup_teardown.py for tasks to queue
[2024-12-01T02:18:13.807+0000] {logging_mixin.py:190} INFO - [2024-12-01T02:18:13.807+0000] {dagbag.py:588} INFO - Filling up the DagBag from /home/airflow/.local/lib/python3.12/site-packages/airflow/example_dags/example_setup_teardown.py
[2024-12-01T02:18:13.815+0000] {processor.py:925} INFO - DAG(s) 'example_setup_teardown' retrieved from /home/airflow/.local/lib/python3.12/site-packages/airflow/example_dags/example_setup_teardown.py
[2024-12-01T02:18:13.833+0000] {logging_mixin.py:190} INFO - [2024-12-01T02:18:13.833+0000] {dag.py:3239} INFO - Sync 1 DAGs
[2024-12-01T02:18:13.846+0000] {logging_mixin.py:190} INFO - [2024-12-01T02:18:13.846+0000] {dag.py:4180} INFO - Setting next_dagrun for example_setup_teardown to None, run_after=None
[2024-12-01T02:18:13.863+0000] {processor.py:208} INFO - Processing /home/airflow/.local/lib/python3.12/site-packages/airflow/example_dags/example_setup_teardown.py took 0.066 seconds
[2024-12-01T02:18:44.477+0000] {processor.py:186} INFO - Started process (PID=51543) to work on /home/airflow/.local/lib/python3.12/site-packages/airflow/example_dags/example_setup_teardown.py
[2024-12-01T02:18:44.478+0000] {processor.py:914} INFO - Processing file /home/airflow/.local/lib/python3.12/site-packages/airflow/example_dags/example_setup_teardown.py for tasks to queue
[2024-12-01T02:18:44.480+0000] {logging_mixin.py:190} INFO - [2024-12-01T02:18:44.479+0000] {dagbag.py:588} INFO - Filling up the DagBag from /home/airflow/.local/lib/python3.12/site-packages/airflow/example_dags/example_setup_teardown.py
[2024-12-01T02:18:44.488+0000] {processor.py:925} INFO - DAG(s) 'example_setup_teardown' retrieved from /home/airflow/.local/lib/python3.12/site-packages/airflow/example_dags/example_setup_teardown.py
[2024-12-01T02:18:44.507+0000] {logging_mixin.py:190} INFO - [2024-12-01T02:18:44.507+0000] {dag.py:3239} INFO - Sync 1 DAGs
[2024-12-01T02:18:44.521+0000] {logging_mixin.py:190} INFO - [2024-12-01T02:18:44.521+0000] {dag.py:4180} INFO - Setting next_dagrun for example_setup_teardown to None, run_after=None
[2024-12-01T02:18:44.539+0000] {processor.py:208} INFO - Processing /home/airflow/.local/lib/python3.12/site-packages/airflow/example_dags/example_setup_teardown.py took 0.068 seconds
[2024-12-01T02:19:15.561+0000] {processor.py:186} INFO - Started process (PID=51610) to work on /home/airflow/.local/lib/python3.12/site-packages/airflow/example_dags/example_setup_teardown.py
[2024-12-01T02:19:15.562+0000] {processor.py:914} INFO - Processing file /home/airflow/.local/lib/python3.12/site-packages/airflow/example_dags/example_setup_teardown.py for tasks to queue
[2024-12-01T02:19:15.565+0000] {logging_mixin.py:190} INFO - [2024-12-01T02:19:15.564+0000] {dagbag.py:588} INFO - Filling up the DagBag from /home/airflow/.local/lib/python3.12/site-packages/airflow/example_dags/example_setup_teardown.py
[2024-12-01T02:19:15.573+0000] {processor.py:925} INFO - DAG(s) 'example_setup_teardown' retrieved from /home/airflow/.local/lib/python3.12/site-packages/airflow/example_dags/example_setup_teardown.py
[2024-12-01T02:19:15.590+0000] {logging_mixin.py:190} INFO - [2024-12-01T02:19:15.590+0000] {dag.py:3239} INFO - Sync 1 DAGs
[2024-12-01T02:19:15.603+0000] {logging_mixin.py:190} INFO - [2024-12-01T02:19:15.603+0000] {dag.py:4180} INFO - Setting next_dagrun for example_setup_teardown to None, run_after=None
[2024-12-01T02:19:15.620+0000] {processor.py:208} INFO - Processing /home/airflow/.local/lib/python3.12/site-packages/airflow/example_dags/example_setup_teardown.py took 0.065 seconds
[2024-12-01T02:19:46.643+0000] {processor.py:186} INFO - Started process (PID=51676) to work on /home/airflow/.local/lib/python3.12/site-packages/airflow/example_dags/example_setup_teardown.py
[2024-12-01T02:19:46.644+0000] {processor.py:914} INFO - Processing file /home/airflow/.local/lib/python3.12/site-packages/airflow/example_dags/example_setup_teardown.py for tasks to queue
[2024-12-01T02:19:46.646+0000] {logging_mixin.py:190} INFO - [2024-12-01T02:19:46.646+0000] {dagbag.py:588} INFO - Filling up the DagBag from /home/airflow/.local/lib/python3.12/site-packages/airflow/example_dags/example_setup_teardown.py
[2024-12-01T02:19:46.654+0000] {processor.py:925} INFO - DAG(s) 'example_setup_teardown' retrieved from /home/airflow/.local/lib/python3.12/site-packages/airflow/example_dags/example_setup_teardown.py
[2024-12-01T02:19:46.671+0000] {logging_mixin.py:190} INFO - [2024-12-01T02:19:46.671+0000] {dag.py:3239} INFO - Sync 1 DAGs
[2024-12-01T02:19:46.686+0000] {logging_mixin.py:190} INFO - [2024-12-01T02:19:46.686+0000] {dag.py:4180} INFO - Setting next_dagrun for example_setup_teardown to None, run_after=None
[2024-12-01T02:19:46.703+0000] {processor.py:208} INFO - Processing /home/airflow/.local/lib/python3.12/site-packages/airflow/example_dags/example_setup_teardown.py took 0.065 seconds
[2024-12-01T02:20:17.752+0000] {processor.py:186} INFO - Started process (PID=51742) to work on /home/airflow/.local/lib/python3.12/site-packages/airflow/example_dags/example_setup_teardown.py
[2024-12-01T02:20:17.753+0000] {processor.py:914} INFO - Processing file /home/airflow/.local/lib/python3.12/site-packages/airflow/example_dags/example_setup_teardown.py for tasks to queue
[2024-12-01T02:20:17.755+0000] {logging_mixin.py:190} INFO - [2024-12-01T02:20:17.755+0000] {dagbag.py:588} INFO - Filling up the DagBag from /home/airflow/.local/lib/python3.12/site-packages/airflow/example_dags/example_setup_teardown.py
[2024-12-01T02:20:17.763+0000] {processor.py:925} INFO - DAG(s) 'example_setup_teardown' retrieved from /home/airflow/.local/lib/python3.12/site-packages/airflow/example_dags/example_setup_teardown.py
[2024-12-01T02:20:17.781+0000] {logging_mixin.py:190} INFO - [2024-12-01T02:20:17.781+0000] {dag.py:3239} INFO - Sync 1 DAGs
[2024-12-01T02:20:17.795+0000] {logging_mixin.py:190} INFO - [2024-12-01T02:20:17.795+0000] {dag.py:4180} INFO - Setting next_dagrun for example_setup_teardown to None, run_after=None
[2024-12-01T02:20:17.813+0000] {processor.py:208} INFO - Processing /home/airflow/.local/lib/python3.12/site-packages/airflow/example_dags/example_setup_teardown.py took 0.066 seconds
[2024-12-01T02:20:49.122+0000] {processor.py:186} INFO - Started process (PID=51808) to work on /home/airflow/.local/lib/python3.12/site-packages/airflow/example_dags/example_setup_teardown.py
[2024-12-01T02:20:49.123+0000] {processor.py:914} INFO - Processing file /home/airflow/.local/lib/python3.12/site-packages/airflow/example_dags/example_setup_teardown.py for tasks to queue
[2024-12-01T02:20:49.125+0000] {logging_mixin.py:190} INFO - [2024-12-01T02:20:49.125+0000] {dagbag.py:588} INFO - Filling up the DagBag from /home/airflow/.local/lib/python3.12/site-packages/airflow/example_dags/example_setup_teardown.py
[2024-12-01T02:20:49.133+0000] {processor.py:925} INFO - DAG(s) 'example_setup_teardown' retrieved from /home/airflow/.local/lib/python3.12/site-packages/airflow/example_dags/example_setup_teardown.py
[2024-12-01T02:20:49.153+0000] {logging_mixin.py:190} INFO - [2024-12-01T02:20:49.153+0000] {dag.py:3239} INFO - Sync 1 DAGs
[2024-12-01T02:20:49.167+0000] {logging_mixin.py:190} INFO - [2024-12-01T02:20:49.167+0000] {dag.py:4180} INFO - Setting next_dagrun for example_setup_teardown to None, run_after=None
[2024-12-01T02:20:49.184+0000] {processor.py:208} INFO - Processing /home/airflow/.local/lib/python3.12/site-packages/airflow/example_dags/example_setup_teardown.py took 0.068 seconds
[2024-12-01T02:21:20.929+0000] {processor.py:186} INFO - Started process (PID=51874) to work on /home/airflow/.local/lib/python3.12/site-packages/airflow/example_dags/example_setup_teardown.py
[2024-12-01T02:21:20.930+0000] {processor.py:914} INFO - Processing file /home/airflow/.local/lib/python3.12/site-packages/airflow/example_dags/example_setup_teardown.py for tasks to queue
[2024-12-01T02:21:20.932+0000] {logging_mixin.py:190} INFO - [2024-12-01T02:21:20.932+0000] {dagbag.py:588} INFO - Filling up the DagBag from /home/airflow/.local/lib/python3.12/site-packages/airflow/example_dags/example_setup_teardown.py
[2024-12-01T02:21:20.940+0000] {processor.py:925} INFO - DAG(s) 'example_setup_teardown' retrieved from /home/airflow/.local/lib/python3.12/site-packages/airflow/example_dags/example_setup_teardown.py
[2024-12-01T02:21:20.959+0000] {logging_mixin.py:190} INFO - [2024-12-01T02:21:20.959+0000] {dag.py:3239} INFO - Sync 1 DAGs
[2024-12-01T02:21:21.126+0000] {logging_mixin.py:190} INFO - [2024-12-01T02:21:21.126+0000] {dag.py:4180} INFO - Setting next_dagrun for example_setup_teardown to None, run_after=None
[2024-12-01T02:21:21.142+0000] {processor.py:208} INFO - Processing /home/airflow/.local/lib/python3.12/site-packages/airflow/example_dags/example_setup_teardown.py took 0.219 seconds
[2024-12-01T02:21:51.836+0000] {processor.py:186} INFO - Started process (PID=51940) to work on /home/airflow/.local/lib/python3.12/site-packages/airflow/example_dags/example_setup_teardown.py
[2024-12-01T02:21:51.837+0000] {processor.py:914} INFO - Processing file /home/airflow/.local/lib/python3.12/site-packages/airflow/example_dags/example_setup_teardown.py for tasks to queue
[2024-12-01T02:21:51.839+0000] {logging_mixin.py:190} INFO - [2024-12-01T02:21:51.839+0000] {dagbag.py:588} INFO - Filling up the DagBag from /home/airflow/.local/lib/python3.12/site-packages/airflow/example_dags/example_setup_teardown.py
[2024-12-01T02:21:51.847+0000] {processor.py:925} INFO - DAG(s) 'example_setup_teardown' retrieved from /home/airflow/.local/lib/python3.12/site-packages/airflow/example_dags/example_setup_teardown.py
[2024-12-01T02:21:51.865+0000] {logging_mixin.py:190} INFO - [2024-12-01T02:21:51.865+0000] {dag.py:3239} INFO - Sync 1 DAGs
[2024-12-01T02:21:51.879+0000] {logging_mixin.py:190} INFO - [2024-12-01T02:21:51.879+0000] {dag.py:4180} INFO - Setting next_dagrun for example_setup_teardown to None, run_after=None
[2024-12-01T02:21:52.046+0000] {processor.py:208} INFO - Processing /home/airflow/.local/lib/python3.12/site-packages/airflow/example_dags/example_setup_teardown.py took 0.215 seconds
[2024-12-01T02:22:22.677+0000] {processor.py:186} INFO - Started process (PID=52006) to work on /home/airflow/.local/lib/python3.12/site-packages/airflow/example_dags/example_setup_teardown.py
[2024-12-01T02:22:22.678+0000] {processor.py:914} INFO - Processing file /home/airflow/.local/lib/python3.12/site-packages/airflow/example_dags/example_setup_teardown.py for tasks to queue
[2024-12-01T02:22:22.680+0000] {logging_mixin.py:190} INFO - [2024-12-01T02:22:22.680+0000] {dagbag.py:588} INFO - Filling up the DagBag from /home/airflow/.local/lib/python3.12/site-packages/airflow/example_dags/example_setup_teardown.py
[2024-12-01T02:22:22.688+0000] {processor.py:925} INFO - DAG(s) 'example_setup_teardown' retrieved from /home/airflow/.local/lib/python3.12/site-packages/airflow/example_dags/example_setup_teardown.py
[2024-12-01T02:22:22.707+0000] {logging_mixin.py:190} INFO - [2024-12-01T02:22:22.707+0000] {dag.py:3239} INFO - Sync 1 DAGs
[2024-12-01T02:22:22.721+0000] {logging_mixin.py:190} INFO - [2024-12-01T02:22:22.721+0000] {dag.py:4180} INFO - Setting next_dagrun for example_setup_teardown to None, run_after=None
[2024-12-01T02:22:22.737+0000] {processor.py:208} INFO - Processing /home/airflow/.local/lib/python3.12/site-packages/airflow/example_dags/example_setup_teardown.py took 0.065 seconds
[2024-12-01T02:22:53.176+0000] {processor.py:186} INFO - Started process (PID=52072) to work on /home/airflow/.local/lib/python3.12/site-packages/airflow/example_dags/example_setup_teardown.py
[2024-12-01T02:22:53.177+0000] {processor.py:914} INFO - Processing file /home/airflow/.local/lib/python3.12/site-packages/airflow/example_dags/example_setup_teardown.py for tasks to queue
[2024-12-01T02:22:53.180+0000] {logging_mixin.py:190} INFO - [2024-12-01T02:22:53.179+0000] {dagbag.py:588} INFO - Filling up the DagBag from /home/airflow/.local/lib/python3.12/site-packages/airflow/example_dags/example_setup_teardown.py
[2024-12-01T02:22:53.188+0000] {processor.py:925} INFO - DAG(s) 'example_setup_teardown' retrieved from /home/airflow/.local/lib/python3.12/site-packages/airflow/example_dags/example_setup_teardown.py
[2024-12-01T02:22:53.205+0000] {logging_mixin.py:190} INFO - [2024-12-01T02:22:53.205+0000] {dag.py:3239} INFO - Sync 1 DAGs
[2024-12-01T02:22:53.220+0000] {logging_mixin.py:190} INFO - [2024-12-01T02:22:53.219+0000] {dag.py:4180} INFO - Setting next_dagrun for example_setup_teardown to None, run_after=None
[2024-12-01T02:22:53.248+0000] {processor.py:208} INFO - Processing /home/airflow/.local/lib/python3.12/site-packages/airflow/example_dags/example_setup_teardown.py took 0.079 seconds
[2024-12-01T02:23:24.293+0000] {processor.py:186} INFO - Started process (PID=52138) to work on /home/airflow/.local/lib/python3.12/site-packages/airflow/example_dags/example_setup_teardown.py
[2024-12-01T02:23:24.294+0000] {processor.py:914} INFO - Processing file /home/airflow/.local/lib/python3.12/site-packages/airflow/example_dags/example_setup_teardown.py for tasks to queue
[2024-12-01T02:23:24.296+0000] {logging_mixin.py:190} INFO - [2024-12-01T02:23:24.296+0000] {dagbag.py:588} INFO - Filling up the DagBag from /home/airflow/.local/lib/python3.12/site-packages/airflow/example_dags/example_setup_teardown.py
[2024-12-01T02:23:24.445+0000] {processor.py:925} INFO - DAG(s) 'example_setup_teardown' retrieved from /home/airflow/.local/lib/python3.12/site-packages/airflow/example_dags/example_setup_teardown.py
[2024-12-01T02:23:24.460+0000] {logging_mixin.py:190} INFO - [2024-12-01T02:23:24.460+0000] {dag.py:3239} INFO - Sync 1 DAGs
[2024-12-01T02:23:24.471+0000] {logging_mixin.py:190} INFO - [2024-12-01T02:23:24.471+0000] {dag.py:4180} INFO - Setting next_dagrun for example_setup_teardown to None, run_after=None
[2024-12-01T02:23:24.486+0000] {processor.py:208} INFO - Processing /home/airflow/.local/lib/python3.12/site-packages/airflow/example_dags/example_setup_teardown.py took 0.198 seconds
[2024-12-01T02:23:55.287+0000] {processor.py:186} INFO - Started process (PID=52204) to work on /home/airflow/.local/lib/python3.12/site-packages/airflow/example_dags/example_setup_teardown.py
[2024-12-01T02:23:55.288+0000] {processor.py:914} INFO - Processing file /home/airflow/.local/lib/python3.12/site-packages/airflow/example_dags/example_setup_teardown.py for tasks to queue
[2024-12-01T02:23:55.291+0000] {logging_mixin.py:190} INFO - [2024-12-01T02:23:55.290+0000] {dagbag.py:588} INFO - Filling up the DagBag from /home/airflow/.local/lib/python3.12/site-packages/airflow/example_dags/example_setup_teardown.py
[2024-12-01T02:23:55.299+0000] {processor.py:925} INFO - DAG(s) 'example_setup_teardown' retrieved from /home/airflow/.local/lib/python3.12/site-packages/airflow/example_dags/example_setup_teardown.py
[2024-12-01T02:23:55.317+0000] {logging_mixin.py:190} INFO - [2024-12-01T02:23:55.317+0000] {dag.py:3239} INFO - Sync 1 DAGs
[2024-12-01T02:23:55.330+0000] {logging_mixin.py:190} INFO - [2024-12-01T02:23:55.330+0000] {dag.py:4180} INFO - Setting next_dagrun for example_setup_teardown to None, run_after=None
[2024-12-01T02:23:55.347+0000] {processor.py:208} INFO - Processing /home/airflow/.local/lib/python3.12/site-packages/airflow/example_dags/example_setup_teardown.py took 0.064 seconds
[2024-12-01T02:24:26.686+0000] {processor.py:186} INFO - Started process (PID=52270) to work on /home/airflow/.local/lib/python3.12/site-packages/airflow/example_dags/example_setup_teardown.py
[2024-12-01T02:24:26.687+0000] {processor.py:914} INFO - Processing file /home/airflow/.local/lib/python3.12/site-packages/airflow/example_dags/example_setup_teardown.py for tasks to queue
[2024-12-01T02:24:26.689+0000] {logging_mixin.py:190} INFO - [2024-12-01T02:24:26.689+0000] {dagbag.py:588} INFO - Filling up the DagBag from /home/airflow/.local/lib/python3.12/site-packages/airflow/example_dags/example_setup_teardown.py
[2024-12-01T02:24:26.697+0000] {processor.py:925} INFO - DAG(s) 'example_setup_teardown' retrieved from /home/airflow/.local/lib/python3.12/site-packages/airflow/example_dags/example_setup_teardown.py
[2024-12-01T02:24:26.716+0000] {logging_mixin.py:190} INFO - [2024-12-01T02:24:26.716+0000] {dag.py:3239} INFO - Sync 1 DAGs
[2024-12-01T02:24:26.729+0000] {logging_mixin.py:190} INFO - [2024-12-01T02:24:26.729+0000] {dag.py:4180} INFO - Setting next_dagrun for example_setup_teardown to None, run_after=None
[2024-12-01T02:24:26.746+0000] {processor.py:208} INFO - Processing /home/airflow/.local/lib/python3.12/site-packages/airflow/example_dags/example_setup_teardown.py took 0.065 seconds
[2024-12-01T02:24:58.104+0000] {processor.py:186} INFO - Started process (PID=52336) to work on /home/airflow/.local/lib/python3.12/site-packages/airflow/example_dags/example_setup_teardown.py
[2024-12-01T02:24:58.105+0000] {processor.py:914} INFO - Processing file /home/airflow/.local/lib/python3.12/site-packages/airflow/example_dags/example_setup_teardown.py for tasks to queue
[2024-12-01T02:24:58.107+0000] {logging_mixin.py:190} INFO - [2024-12-01T02:24:58.107+0000] {dagbag.py:588} INFO - Filling up the DagBag from /home/airflow/.local/lib/python3.12/site-packages/airflow/example_dags/example_setup_teardown.py
[2024-12-01T02:24:58.115+0000] {processor.py:925} INFO - DAG(s) 'example_setup_teardown' retrieved from /home/airflow/.local/lib/python3.12/site-packages/airflow/example_dags/example_setup_teardown.py
[2024-12-01T02:24:58.134+0000] {logging_mixin.py:190} INFO - [2024-12-01T02:24:58.134+0000] {dag.py:3239} INFO - Sync 1 DAGs
[2024-12-01T02:24:58.148+0000] {logging_mixin.py:190} INFO - [2024-12-01T02:24:58.147+0000] {dag.py:4180} INFO - Setting next_dagrun for example_setup_teardown to None, run_after=None
[2024-12-01T02:24:58.165+0000] {processor.py:208} INFO - Processing /home/airflow/.local/lib/python3.12/site-packages/airflow/example_dags/example_setup_teardown.py took 0.067 seconds
[2024-12-01T02:25:28.678+0000] {processor.py:186} INFO - Started process (PID=52402) to work on /home/airflow/.local/lib/python3.12/site-packages/airflow/example_dags/example_setup_teardown.py
[2024-12-01T02:25:28.679+0000] {processor.py:914} INFO - Processing file /home/airflow/.local/lib/python3.12/site-packages/airflow/example_dags/example_setup_teardown.py for tasks to queue
[2024-12-01T02:25:28.681+0000] {logging_mixin.py:190} INFO - [2024-12-01T02:25:28.681+0000] {dagbag.py:588} INFO - Filling up the DagBag from /home/airflow/.local/lib/python3.12/site-packages/airflow/example_dags/example_setup_teardown.py
[2024-12-01T02:25:28.689+0000] {processor.py:925} INFO - DAG(s) 'example_setup_teardown' retrieved from /home/airflow/.local/lib/python3.12/site-packages/airflow/example_dags/example_setup_teardown.py
[2024-12-01T02:25:28.706+0000] {logging_mixin.py:190} INFO - [2024-12-01T02:25:28.706+0000] {dag.py:3239} INFO - Sync 1 DAGs
[2024-12-01T02:25:28.719+0000] {logging_mixin.py:190} INFO - [2024-12-01T02:25:28.719+0000] {dag.py:4180} INFO - Setting next_dagrun for example_setup_teardown to None, run_after=None
[2024-12-01T02:25:28.735+0000] {processor.py:208} INFO - Processing /home/airflow/.local/lib/python3.12/site-packages/airflow/example_dags/example_setup_teardown.py took 0.063 seconds
[2024-12-01T02:25:59.329+0000] {processor.py:186} INFO - Started process (PID=52468) to work on /home/airflow/.local/lib/python3.12/site-packages/airflow/example_dags/example_setup_teardown.py
[2024-12-01T02:25:59.330+0000] {processor.py:914} INFO - Processing file /home/airflow/.local/lib/python3.12/site-packages/airflow/example_dags/example_setup_teardown.py for tasks to queue
[2024-12-01T02:25:59.332+0000] {logging_mixin.py:190} INFO - [2024-12-01T02:25:59.332+0000] {dagbag.py:588} INFO - Filling up the DagBag from /home/airflow/.local/lib/python3.12/site-packages/airflow/example_dags/example_setup_teardown.py
[2024-12-01T02:25:59.340+0000] {processor.py:925} INFO - DAG(s) 'example_setup_teardown' retrieved from /home/airflow/.local/lib/python3.12/site-packages/airflow/example_dags/example_setup_teardown.py
[2024-12-01T02:25:59.358+0000] {logging_mixin.py:190} INFO - [2024-12-01T02:25:59.358+0000] {dag.py:3239} INFO - Sync 1 DAGs
[2024-12-01T02:25:59.371+0000] {logging_mixin.py:190} INFO - [2024-12-01T02:25:59.371+0000] {dag.py:4180} INFO - Setting next_dagrun for example_setup_teardown to None, run_after=None
[2024-12-01T02:25:59.389+0000] {processor.py:208} INFO - Processing /home/airflow/.local/lib/python3.12/site-packages/airflow/example_dags/example_setup_teardown.py took 0.066 seconds
[2024-12-01T02:26:29.924+0000] {processor.py:186} INFO - Started process (PID=52540) to work on /home/airflow/.local/lib/python3.12/site-packages/airflow/example_dags/example_setup_teardown.py
[2024-12-01T02:26:29.924+0000] {processor.py:914} INFO - Processing file /home/airflow/.local/lib/python3.12/site-packages/airflow/example_dags/example_setup_teardown.py for tasks to queue
[2024-12-01T02:26:29.927+0000] {logging_mixin.py:190} INFO - [2024-12-01T02:26:29.927+0000] {dagbag.py:588} INFO - Filling up the DagBag from /home/airflow/.local/lib/python3.12/site-packages/airflow/example_dags/example_setup_teardown.py
[2024-12-01T02:26:29.937+0000] {processor.py:925} INFO - DAG(s) 'example_setup_teardown' retrieved from /home/airflow/.local/lib/python3.12/site-packages/airflow/example_dags/example_setup_teardown.py
[2024-12-01T02:26:29.955+0000] {logging_mixin.py:190} INFO - [2024-12-01T02:26:29.955+0000] {dag.py:3239} INFO - Sync 1 DAGs
[2024-12-01T02:26:29.968+0000] {logging_mixin.py:190} INFO - [2024-12-01T02:26:29.967+0000] {dag.py:4180} INFO - Setting next_dagrun for example_setup_teardown to None, run_after=None
[2024-12-01T02:26:29.985+0000] {processor.py:208} INFO - Processing /home/airflow/.local/lib/python3.12/site-packages/airflow/example_dags/example_setup_teardown.py took 0.068 seconds
[2024-12-01T02:27:00.461+0000] {processor.py:186} INFO - Started process (PID=52606) to work on /home/airflow/.local/lib/python3.12/site-packages/airflow/example_dags/example_setup_teardown.py
[2024-12-01T02:27:00.462+0000] {processor.py:914} INFO - Processing file /home/airflow/.local/lib/python3.12/site-packages/airflow/example_dags/example_setup_teardown.py for tasks to queue
[2024-12-01T02:27:00.464+0000] {logging_mixin.py:190} INFO - [2024-12-01T02:27:00.464+0000] {dagbag.py:588} INFO - Filling up the DagBag from /home/airflow/.local/lib/python3.12/site-packages/airflow/example_dags/example_setup_teardown.py
[2024-12-01T02:27:00.473+0000] {processor.py:925} INFO - DAG(s) 'example_setup_teardown' retrieved from /home/airflow/.local/lib/python3.12/site-packages/airflow/example_dags/example_setup_teardown.py
[2024-12-01T02:27:00.490+0000] {logging_mixin.py:190} INFO - [2024-12-01T02:27:00.490+0000] {dag.py:3239} INFO - Sync 1 DAGs
[2024-12-01T02:27:00.502+0000] {logging_mixin.py:190} INFO - [2024-12-01T02:27:00.502+0000] {dag.py:4180} INFO - Setting next_dagrun for example_setup_teardown to None, run_after=None
[2024-12-01T02:27:00.518+0000] {processor.py:208} INFO - Processing /home/airflow/.local/lib/python3.12/site-packages/airflow/example_dags/example_setup_teardown.py took 0.063 seconds
[2024-12-01T02:27:31.070+0000] {processor.py:186} INFO - Started process (PID=52672) to work on /home/airflow/.local/lib/python3.12/site-packages/airflow/example_dags/example_setup_teardown.py
[2024-12-01T02:27:31.071+0000] {processor.py:914} INFO - Processing file /home/airflow/.local/lib/python3.12/site-packages/airflow/example_dags/example_setup_teardown.py for tasks to queue
[2024-12-01T02:27:31.073+0000] {logging_mixin.py:190} INFO - [2024-12-01T02:27:31.072+0000] {dagbag.py:588} INFO - Filling up the DagBag from /home/airflow/.local/lib/python3.12/site-packages/airflow/example_dags/example_setup_teardown.py
[2024-12-01T02:27:31.081+0000] {processor.py:925} INFO - DAG(s) 'example_setup_teardown' retrieved from /home/airflow/.local/lib/python3.12/site-packages/airflow/example_dags/example_setup_teardown.py
[2024-12-01T02:27:31.099+0000] {logging_mixin.py:190} INFO - [2024-12-01T02:27:31.099+0000] {dag.py:3239} INFO - Sync 1 DAGs
[2024-12-01T02:27:31.116+0000] {logging_mixin.py:190} INFO - [2024-12-01T02:27:31.116+0000] {dag.py:4180} INFO - Setting next_dagrun for example_setup_teardown to None, run_after=None
[2024-12-01T02:27:31.131+0000] {processor.py:208} INFO - Processing /home/airflow/.local/lib/python3.12/site-packages/airflow/example_dags/example_setup_teardown.py took 0.067 seconds
[2024-12-01T02:28:02.416+0000] {processor.py:186} INFO - Started process (PID=52738) to work on /home/airflow/.local/lib/python3.12/site-packages/airflow/example_dags/example_setup_teardown.py
[2024-12-01T02:28:02.418+0000] {processor.py:914} INFO - Processing file /home/airflow/.local/lib/python3.12/site-packages/airflow/example_dags/example_setup_teardown.py for tasks to queue
[2024-12-01T02:28:02.421+0000] {logging_mixin.py:190} INFO - [2024-12-01T02:28:02.421+0000] {dagbag.py:588} INFO - Filling up the DagBag from /home/airflow/.local/lib/python3.12/site-packages/airflow/example_dags/example_setup_teardown.py
[2024-12-01T02:28:02.444+0000] {processor.py:925} INFO - DAG(s) 'example_setup_teardown' retrieved from /home/airflow/.local/lib/python3.12/site-packages/airflow/example_dags/example_setup_teardown.py
[2024-12-01T02:28:02.487+0000] {logging_mixin.py:190} INFO - [2024-12-01T02:28:02.487+0000] {dag.py:3239} INFO - Sync 1 DAGs
[2024-12-01T02:28:02.522+0000] {logging_mixin.py:190} INFO - [2024-12-01T02:28:02.522+0000] {dag.py:4180} INFO - Setting next_dagrun for example_setup_teardown to None, run_after=None
[2024-12-01T02:28:02.560+0000] {processor.py:208} INFO - Processing /home/airflow/.local/lib/python3.12/site-packages/airflow/example_dags/example_setup_teardown.py took 0.156 seconds
[2024-12-01T02:28:33.007+0000] {processor.py:186} INFO - Started process (PID=52804) to work on /home/airflow/.local/lib/python3.12/site-packages/airflow/example_dags/example_setup_teardown.py
[2024-12-01T02:28:33.008+0000] {processor.py:914} INFO - Processing file /home/airflow/.local/lib/python3.12/site-packages/airflow/example_dags/example_setup_teardown.py for tasks to queue
[2024-12-01T02:28:33.011+0000] {logging_mixin.py:190} INFO - [2024-12-01T02:28:33.011+0000] {dagbag.py:588} INFO - Filling up the DagBag from /home/airflow/.local/lib/python3.12/site-packages/airflow/example_dags/example_setup_teardown.py
[2024-12-01T02:28:33.019+0000] {processor.py:925} INFO - DAG(s) 'example_setup_teardown' retrieved from /home/airflow/.local/lib/python3.12/site-packages/airflow/example_dags/example_setup_teardown.py
[2024-12-01T02:28:33.037+0000] {logging_mixin.py:190} INFO - [2024-12-01T02:28:33.037+0000] {dag.py:3239} INFO - Sync 1 DAGs
[2024-12-01T02:28:33.052+0000] {logging_mixin.py:190} INFO - [2024-12-01T02:28:33.051+0000] {dag.py:4180} INFO - Setting next_dagrun for example_setup_teardown to None, run_after=None
[2024-12-01T02:28:33.069+0000] {processor.py:208} INFO - Processing /home/airflow/.local/lib/python3.12/site-packages/airflow/example_dags/example_setup_teardown.py took 0.068 seconds
[2024-12-01T02:29:03.502+0000] {processor.py:186} INFO - Started process (PID=52870) to work on /home/airflow/.local/lib/python3.12/site-packages/airflow/example_dags/example_setup_teardown.py
[2024-12-01T02:29:03.503+0000] {processor.py:914} INFO - Processing file /home/airflow/.local/lib/python3.12/site-packages/airflow/example_dags/example_setup_teardown.py for tasks to queue
[2024-12-01T02:29:03.505+0000] {logging_mixin.py:190} INFO - [2024-12-01T02:29:03.505+0000] {dagbag.py:588} INFO - Filling up the DagBag from /home/airflow/.local/lib/python3.12/site-packages/airflow/example_dags/example_setup_teardown.py
[2024-12-01T02:29:03.512+0000] {processor.py:925} INFO - DAG(s) 'example_setup_teardown' retrieved from /home/airflow/.local/lib/python3.12/site-packages/airflow/example_dags/example_setup_teardown.py
[2024-12-01T02:29:03.530+0000] {logging_mixin.py:190} INFO - [2024-12-01T02:29:03.529+0000] {dag.py:3239} INFO - Sync 1 DAGs
[2024-12-01T02:29:03.542+0000] {logging_mixin.py:190} INFO - [2024-12-01T02:29:03.542+0000] {dag.py:4180} INFO - Setting next_dagrun for example_setup_teardown to None, run_after=None
[2024-12-01T02:29:03.558+0000] {processor.py:208} INFO - Processing /home/airflow/.local/lib/python3.12/site-packages/airflow/example_dags/example_setup_teardown.py took 0.061 seconds
[2024-12-01T02:29:34.158+0000] {processor.py:186} INFO - Started process (PID=52936) to work on /home/airflow/.local/lib/python3.12/site-packages/airflow/example_dags/example_setup_teardown.py
[2024-12-01T02:29:34.159+0000] {processor.py:914} INFO - Processing file /home/airflow/.local/lib/python3.12/site-packages/airflow/example_dags/example_setup_teardown.py for tasks to queue
[2024-12-01T02:29:34.161+0000] {logging_mixin.py:190} INFO - [2024-12-01T02:29:34.161+0000] {dagbag.py:588} INFO - Filling up the DagBag from /home/airflow/.local/lib/python3.12/site-packages/airflow/example_dags/example_setup_teardown.py
[2024-12-01T02:29:34.169+0000] {processor.py:925} INFO - DAG(s) 'example_setup_teardown' retrieved from /home/airflow/.local/lib/python3.12/site-packages/airflow/example_dags/example_setup_teardown.py
[2024-12-01T02:29:34.186+0000] {logging_mixin.py:190} INFO - [2024-12-01T02:29:34.186+0000] {dag.py:3239} INFO - Sync 1 DAGs
[2024-12-01T02:29:34.199+0000] {logging_mixin.py:190} INFO - [2024-12-01T02:29:34.199+0000] {dag.py:4180} INFO - Setting next_dagrun for example_setup_teardown to None, run_after=None
[2024-12-01T02:29:34.217+0000] {processor.py:208} INFO - Processing /home/airflow/.local/lib/python3.12/site-packages/airflow/example_dags/example_setup_teardown.py took 0.065 seconds
[2024-12-01T02:30:05.514+0000] {processor.py:186} INFO - Started process (PID=53002) to work on /home/airflow/.local/lib/python3.12/site-packages/airflow/example_dags/example_setup_teardown.py
[2024-12-01T02:30:05.515+0000] {processor.py:914} INFO - Processing file /home/airflow/.local/lib/python3.12/site-packages/airflow/example_dags/example_setup_teardown.py for tasks to queue
[2024-12-01T02:30:05.517+0000] {logging_mixin.py:190} INFO - [2024-12-01T02:30:05.517+0000] {dagbag.py:588} INFO - Filling up the DagBag from /home/airflow/.local/lib/python3.12/site-packages/airflow/example_dags/example_setup_teardown.py
[2024-12-01T02:30:05.526+0000] {processor.py:925} INFO - DAG(s) 'example_setup_teardown' retrieved from /home/airflow/.local/lib/python3.12/site-packages/airflow/example_dags/example_setup_teardown.py
[2024-12-01T02:30:05.545+0000] {logging_mixin.py:190} INFO - [2024-12-01T02:30:05.545+0000] {dag.py:3239} INFO - Sync 1 DAGs
[2024-12-01T02:30:05.558+0000] {logging_mixin.py:190} INFO - [2024-12-01T02:30:05.557+0000] {dag.py:4180} INFO - Setting next_dagrun for example_setup_teardown to None, run_after=None
[2024-12-01T02:30:05.574+0000] {processor.py:208} INFO - Processing /home/airflow/.local/lib/python3.12/site-packages/airflow/example_dags/example_setup_teardown.py took 0.065 seconds
[2024-12-01T02:30:35.987+0000] {processor.py:186} INFO - Started process (PID=53068) to work on /home/airflow/.local/lib/python3.12/site-packages/airflow/example_dags/example_setup_teardown.py
[2024-12-01T02:30:35.988+0000] {processor.py:914} INFO - Processing file /home/airflow/.local/lib/python3.12/site-packages/airflow/example_dags/example_setup_teardown.py for tasks to queue
[2024-12-01T02:30:35.991+0000] {logging_mixin.py:190} INFO - [2024-12-01T02:30:35.990+0000] {dagbag.py:588} INFO - Filling up the DagBag from /home/airflow/.local/lib/python3.12/site-packages/airflow/example_dags/example_setup_teardown.py
[2024-12-01T02:30:35.999+0000] {processor.py:925} INFO - DAG(s) 'example_setup_teardown' retrieved from /home/airflow/.local/lib/python3.12/site-packages/airflow/example_dags/example_setup_teardown.py
[2024-12-01T02:30:36.018+0000] {logging_mixin.py:190} INFO - [2024-12-01T02:30:36.018+0000] {dag.py:3239} INFO - Sync 1 DAGs
[2024-12-01T02:30:36.031+0000] {logging_mixin.py:190} INFO - [2024-12-01T02:30:36.031+0000] {dag.py:4180} INFO - Setting next_dagrun for example_setup_teardown to None, run_after=None
[2024-12-01T02:30:36.049+0000] {processor.py:208} INFO - Processing /home/airflow/.local/lib/python3.12/site-packages/airflow/example_dags/example_setup_teardown.py took 0.067 seconds
[2024-12-01T02:31:06.704+0000] {processor.py:186} INFO - Started process (PID=53134) to work on /home/airflow/.local/lib/python3.12/site-packages/airflow/example_dags/example_setup_teardown.py
[2024-12-01T02:31:06.705+0000] {processor.py:914} INFO - Processing file /home/airflow/.local/lib/python3.12/site-packages/airflow/example_dags/example_setup_teardown.py for tasks to queue
[2024-12-01T02:31:06.707+0000] {logging_mixin.py:190} INFO - [2024-12-01T02:31:06.707+0000] {dagbag.py:588} INFO - Filling up the DagBag from /home/airflow/.local/lib/python3.12/site-packages/airflow/example_dags/example_setup_teardown.py
[2024-12-01T02:31:06.718+0000] {processor.py:925} INFO - DAG(s) 'example_setup_teardown' retrieved from /home/airflow/.local/lib/python3.12/site-packages/airflow/example_dags/example_setup_teardown.py
[2024-12-01T02:31:06.736+0000] {logging_mixin.py:190} INFO - [2024-12-01T02:31:06.736+0000] {dag.py:3239} INFO - Sync 1 DAGs
[2024-12-01T02:31:06.749+0000] {logging_mixin.py:190} INFO - [2024-12-01T02:31:06.749+0000] {dag.py:4180} INFO - Setting next_dagrun for example_setup_teardown to None, run_after=None
[2024-12-01T02:31:06.766+0000] {processor.py:208} INFO - Processing /home/airflow/.local/lib/python3.12/site-packages/airflow/example_dags/example_setup_teardown.py took 0.067 seconds
[2024-12-01T02:31:38.018+0000] {processor.py:186} INFO - Started process (PID=53200) to work on /home/airflow/.local/lib/python3.12/site-packages/airflow/example_dags/example_setup_teardown.py
[2024-12-01T02:31:38.019+0000] {processor.py:914} INFO - Processing file /home/airflow/.local/lib/python3.12/site-packages/airflow/example_dags/example_setup_teardown.py for tasks to queue
[2024-12-01T02:31:38.021+0000] {logging_mixin.py:190} INFO - [2024-12-01T02:31:38.021+0000] {dagbag.py:588} INFO - Filling up the DagBag from /home/airflow/.local/lib/python3.12/site-packages/airflow/example_dags/example_setup_teardown.py
[2024-12-01T02:31:38.031+0000] {processor.py:925} INFO - DAG(s) 'example_setup_teardown' retrieved from /home/airflow/.local/lib/python3.12/site-packages/airflow/example_dags/example_setup_teardown.py
[2024-12-01T02:31:38.050+0000] {logging_mixin.py:190} INFO - [2024-12-01T02:31:38.050+0000] {dag.py:3239} INFO - Sync 1 DAGs
[2024-12-01T02:31:38.064+0000] {logging_mixin.py:190} INFO - [2024-12-01T02:31:38.064+0000] {dag.py:4180} INFO - Setting next_dagrun for example_setup_teardown to None, run_after=None
[2024-12-01T02:31:38.081+0000] {processor.py:208} INFO - Processing /home/airflow/.local/lib/python3.12/site-packages/airflow/example_dags/example_setup_teardown.py took 0.069 seconds
[2024-12-01T02:32:08.572+0000] {processor.py:186} INFO - Started process (PID=53266) to work on /home/airflow/.local/lib/python3.12/site-packages/airflow/example_dags/example_setup_teardown.py
[2024-12-01T02:32:08.573+0000] {processor.py:914} INFO - Processing file /home/airflow/.local/lib/python3.12/site-packages/airflow/example_dags/example_setup_teardown.py for tasks to queue
[2024-12-01T02:32:08.575+0000] {logging_mixin.py:190} INFO - [2024-12-01T02:32:08.575+0000] {dagbag.py:588} INFO - Filling up the DagBag from /home/airflow/.local/lib/python3.12/site-packages/airflow/example_dags/example_setup_teardown.py
[2024-12-01T02:32:08.583+0000] {processor.py:925} INFO - DAG(s) 'example_setup_teardown' retrieved from /home/airflow/.local/lib/python3.12/site-packages/airflow/example_dags/example_setup_teardown.py
[2024-12-01T02:32:08.602+0000] {logging_mixin.py:190} INFO - [2024-12-01T02:32:08.602+0000] {dag.py:3239} INFO - Sync 1 DAGs
[2024-12-01T02:32:08.615+0000] {logging_mixin.py:190} INFO - [2024-12-01T02:32:08.615+0000] {dag.py:4180} INFO - Setting next_dagrun for example_setup_teardown to None, run_after=None
[2024-12-01T02:32:08.632+0000] {processor.py:208} INFO - Processing /home/airflow/.local/lib/python3.12/site-packages/airflow/example_dags/example_setup_teardown.py took 0.065 seconds
[2024-12-01T02:32:39.176+0000] {processor.py:186} INFO - Started process (PID=53332) to work on /home/airflow/.local/lib/python3.12/site-packages/airflow/example_dags/example_setup_teardown.py
[2024-12-01T02:32:39.177+0000] {processor.py:914} INFO - Processing file /home/airflow/.local/lib/python3.12/site-packages/airflow/example_dags/example_setup_teardown.py for tasks to queue
[2024-12-01T02:32:39.181+0000] {logging_mixin.py:190} INFO - [2024-12-01T02:32:39.181+0000] {dagbag.py:588} INFO - Filling up the DagBag from /home/airflow/.local/lib/python3.12/site-packages/airflow/example_dags/example_setup_teardown.py
[2024-12-01T02:32:39.196+0000] {processor.py:925} INFO - DAG(s) 'example_setup_teardown' retrieved from /home/airflow/.local/lib/python3.12/site-packages/airflow/example_dags/example_setup_teardown.py
[2024-12-01T02:32:39.219+0000] {logging_mixin.py:190} INFO - [2024-12-01T02:32:39.218+0000] {dag.py:3239} INFO - Sync 1 DAGs
[2024-12-01T02:32:39.237+0000] {logging_mixin.py:190} INFO - [2024-12-01T02:32:39.236+0000] {dag.py:4180} INFO - Setting next_dagrun for example_setup_teardown to None, run_after=None
[2024-12-01T02:32:39.255+0000] {processor.py:208} INFO - Processing /home/airflow/.local/lib/python3.12/site-packages/airflow/example_dags/example_setup_teardown.py took 0.085 seconds
[2024-12-01T02:33:09.625+0000] {processor.py:186} INFO - Started process (PID=53398) to work on /home/airflow/.local/lib/python3.12/site-packages/airflow/example_dags/example_setup_teardown.py
[2024-12-01T02:33:09.626+0000] {processor.py:914} INFO - Processing file /home/airflow/.local/lib/python3.12/site-packages/airflow/example_dags/example_setup_teardown.py for tasks to queue
[2024-12-01T02:33:09.629+0000] {logging_mixin.py:190} INFO - [2024-12-01T02:33:09.628+0000] {dagbag.py:588} INFO - Filling up the DagBag from /home/airflow/.local/lib/python3.12/site-packages/airflow/example_dags/example_setup_teardown.py
[2024-12-01T02:33:09.637+0000] {processor.py:925} INFO - DAG(s) 'example_setup_teardown' retrieved from /home/airflow/.local/lib/python3.12/site-packages/airflow/example_dags/example_setup_teardown.py
[2024-12-01T02:33:09.656+0000] {logging_mixin.py:190} INFO - [2024-12-01T02:33:09.656+0000] {dag.py:3239} INFO - Sync 1 DAGs
[2024-12-01T02:33:09.669+0000] {logging_mixin.py:190} INFO - [2024-12-01T02:33:09.669+0000] {dag.py:4180} INFO - Setting next_dagrun for example_setup_teardown to None, run_after=None
[2024-12-01T02:33:09.687+0000] {processor.py:208} INFO - Processing /home/airflow/.local/lib/python3.12/site-packages/airflow/example_dags/example_setup_teardown.py took 0.067 seconds
[2024-12-01T02:33:40.483+0000] {processor.py:186} INFO - Started process (PID=53464) to work on /home/airflow/.local/lib/python3.12/site-packages/airflow/example_dags/example_setup_teardown.py
[2024-12-01T02:33:40.483+0000] {processor.py:914} INFO - Processing file /home/airflow/.local/lib/python3.12/site-packages/airflow/example_dags/example_setup_teardown.py for tasks to queue
[2024-12-01T02:33:40.486+0000] {logging_mixin.py:190} INFO - [2024-12-01T02:33:40.486+0000] {dagbag.py:588} INFO - Filling up the DagBag from /home/airflow/.local/lib/python3.12/site-packages/airflow/example_dags/example_setup_teardown.py
[2024-12-01T02:33:40.494+0000] {processor.py:925} INFO - DAG(s) 'example_setup_teardown' retrieved from /home/airflow/.local/lib/python3.12/site-packages/airflow/example_dags/example_setup_teardown.py
[2024-12-01T02:33:40.511+0000] {logging_mixin.py:190} INFO - [2024-12-01T02:33:40.510+0000] {dag.py:3239} INFO - Sync 1 DAGs
[2024-12-01T02:33:40.523+0000] {logging_mixin.py:190} INFO - [2024-12-01T02:33:40.523+0000] {dag.py:4180} INFO - Setting next_dagrun for example_setup_teardown to None, run_after=None
[2024-12-01T02:33:40.540+0000] {processor.py:208} INFO - Processing /home/airflow/.local/lib/python3.12/site-packages/airflow/example_dags/example_setup_teardown.py took 0.062 seconds
[2024-12-01T02:34:11.004+0000] {processor.py:186} INFO - Started process (PID=53530) to work on /home/airflow/.local/lib/python3.12/site-packages/airflow/example_dags/example_setup_teardown.py
[2024-12-01T02:34:11.006+0000] {processor.py:914} INFO - Processing file /home/airflow/.local/lib/python3.12/site-packages/airflow/example_dags/example_setup_teardown.py for tasks to queue
[2024-12-01T02:34:11.008+0000] {logging_mixin.py:190} INFO - [2024-12-01T02:34:11.008+0000] {dagbag.py:588} INFO - Filling up the DagBag from /home/airflow/.local/lib/python3.12/site-packages/airflow/example_dags/example_setup_teardown.py
[2024-12-01T02:34:11.018+0000] {processor.py:925} INFO - DAG(s) 'example_setup_teardown' retrieved from /home/airflow/.local/lib/python3.12/site-packages/airflow/example_dags/example_setup_teardown.py
[2024-12-01T02:34:11.042+0000] {logging_mixin.py:190} INFO - [2024-12-01T02:34:11.042+0000] {dag.py:3239} INFO - Sync 1 DAGs
[2024-12-01T02:34:11.055+0000] {logging_mixin.py:190} INFO - [2024-12-01T02:34:11.055+0000] {dag.py:4180} INFO - Setting next_dagrun for example_setup_teardown to None, run_after=None
[2024-12-01T02:34:11.071+0000] {processor.py:208} INFO - Processing /home/airflow/.local/lib/python3.12/site-packages/airflow/example_dags/example_setup_teardown.py took 0.074 seconds
[2024-12-01T02:34:41.766+0000] {processor.py:186} INFO - Started process (PID=53596) to work on /home/airflow/.local/lib/python3.12/site-packages/airflow/example_dags/example_setup_teardown.py
[2024-12-01T02:34:41.767+0000] {processor.py:914} INFO - Processing file /home/airflow/.local/lib/python3.12/site-packages/airflow/example_dags/example_setup_teardown.py for tasks to queue
[2024-12-01T02:34:41.770+0000] {logging_mixin.py:190} INFO - [2024-12-01T02:34:41.769+0000] {dagbag.py:588} INFO - Filling up the DagBag from /home/airflow/.local/lib/python3.12/site-packages/airflow/example_dags/example_setup_teardown.py
[2024-12-01T02:34:41.780+0000] {processor.py:925} INFO - DAG(s) 'example_setup_teardown' retrieved from /home/airflow/.local/lib/python3.12/site-packages/airflow/example_dags/example_setup_teardown.py
[2024-12-01T02:34:41.801+0000] {logging_mixin.py:190} INFO - [2024-12-01T02:34:41.801+0000] {dag.py:3239} INFO - Sync 1 DAGs
[2024-12-01T02:34:41.816+0000] {logging_mixin.py:190} INFO - [2024-12-01T02:34:41.816+0000] {dag.py:4180} INFO - Setting next_dagrun for example_setup_teardown to None, run_after=None
[2024-12-01T02:34:41.835+0000] {processor.py:208} INFO - Processing /home/airflow/.local/lib/python3.12/site-packages/airflow/example_dags/example_setup_teardown.py took 0.077 seconds
[2024-12-01T02:35:12.889+0000] {processor.py:186} INFO - Started process (PID=53662) to work on /home/airflow/.local/lib/python3.12/site-packages/airflow/example_dags/example_setup_teardown.py
[2024-12-01T02:35:12.890+0000] {processor.py:914} INFO - Processing file /home/airflow/.local/lib/python3.12/site-packages/airflow/example_dags/example_setup_teardown.py for tasks to queue
[2024-12-01T02:35:12.892+0000] {logging_mixin.py:190} INFO - [2024-12-01T02:35:12.892+0000] {dagbag.py:588} INFO - Filling up the DagBag from /home/airflow/.local/lib/python3.12/site-packages/airflow/example_dags/example_setup_teardown.py
[2024-12-01T02:35:12.901+0000] {processor.py:925} INFO - DAG(s) 'example_setup_teardown' retrieved from /home/airflow/.local/lib/python3.12/site-packages/airflow/example_dags/example_setup_teardown.py
[2024-12-01T02:35:12.918+0000] {logging_mixin.py:190} INFO - [2024-12-01T02:35:12.918+0000] {dag.py:3239} INFO - Sync 1 DAGs
[2024-12-01T02:35:12.931+0000] {logging_mixin.py:190} INFO - [2024-12-01T02:35:12.931+0000] {dag.py:4180} INFO - Setting next_dagrun for example_setup_teardown to None, run_after=None
[2024-12-01T02:35:12.946+0000] {processor.py:208} INFO - Processing /home/airflow/.local/lib/python3.12/site-packages/airflow/example_dags/example_setup_teardown.py took 0.062 seconds
