[2024-12-01T02:11:00.310+0000] {processor.py:186} INFO - Started process (PID=50544) to work on /home/airflow/.local/lib/python3.12/site-packages/airflow/example_dags/example_dataset_alias.py
[2024-12-01T02:11:00.312+0000] {processor.py:914} INFO - Processing file /home/airflow/.local/lib/python3.12/site-packages/airflow/example_dags/example_dataset_alias.py for tasks to queue
[2024-12-01T02:11:00.315+0000] {logging_mixin.py:190} INFO - [2024-12-01T02:11:00.314+0000] {dagbag.py:588} INFO - Filling up the DagBag from /home/airflow/.local/lib/python3.12/site-packages/airflow/example_dags/example_dataset_alias.py
[2024-12-01T02:11:01.249+0000] {processor.py:925} INFO - DAG(s) 'dataset_alias_example_alias_producer', 'dataset_alias_example_alias_consumer', 'dataset_s3_bucket_producer', 'dataset_s3_bucket_consumer' retrieved from /home/airflow/.local/lib/python3.12/site-packages/airflow/example_dags/example_dataset_alias.py
[2024-12-01T02:11:01.278+0000] {logging_mixin.py:190} INFO - [2024-12-01T02:11:01.277+0000] {dag.py:3239} INFO - Sync 4 DAGs
[2024-12-01T02:11:01.308+0000] {logging_mixin.py:190} INFO - [2024-12-01T02:11:01.308+0000] {dag.py:4180} INFO - Setting next_dagrun for dataset_alias_example_alias_consumer to None, run_after=None
[2024-12-01T02:11:01.311+0000] {logging_mixin.py:190} INFO - [2024-12-01T02:11:01.311+0000] {dag.py:4180} INFO - Setting next_dagrun for dataset_alias_example_alias_producer to None, run_after=None
[2024-12-01T02:11:01.312+0000] {logging_mixin.py:190} INFO - [2024-12-01T02:11:01.312+0000] {dag.py:4180} INFO - Setting next_dagrun for dataset_s3_bucket_consumer to None, run_after=None
[2024-12-01T02:11:01.314+0000] {logging_mixin.py:190} INFO - [2024-12-01T02:11:01.314+0000] {dag.py:4180} INFO - Setting next_dagrun for dataset_s3_bucket_producer to None, run_after=None
[2024-12-01T02:11:01.339+0000] {processor.py:208} INFO - Processing /home/airflow/.local/lib/python3.12/site-packages/airflow/example_dags/example_dataset_alias.py took 1.037 seconds
[2024-12-01T02:11:31.410+0000] {processor.py:186} INFO - Started process (PID=50615) to work on /home/airflow/.local/lib/python3.12/site-packages/airflow/example_dags/example_dataset_alias.py
[2024-12-01T02:11:31.411+0000] {processor.py:914} INFO - Processing file /home/airflow/.local/lib/python3.12/site-packages/airflow/example_dags/example_dataset_alias.py for tasks to queue
[2024-12-01T02:11:31.414+0000] {logging_mixin.py:190} INFO - [2024-12-01T02:11:31.413+0000] {dagbag.py:588} INFO - Filling up the DagBag from /home/airflow/.local/lib/python3.12/site-packages/airflow/example_dags/example_dataset_alias.py
[2024-12-01T02:11:31.891+0000] {processor.py:925} INFO - DAG(s) 'dataset_alias_example_alias_producer', 'dataset_alias_example_alias_consumer', 'dataset_s3_bucket_consumer', 'dataset_s3_bucket_producer' retrieved from /home/airflow/.local/lib/python3.12/site-packages/airflow/example_dags/example_dataset_alias.py
[2024-12-01T02:11:31.919+0000] {logging_mixin.py:190} INFO - [2024-12-01T02:11:31.919+0000] {dag.py:3239} INFO - Sync 4 DAGs
[2024-12-01T02:11:31.941+0000] {logging_mixin.py:190} INFO - [2024-12-01T02:11:31.940+0000] {dag.py:4180} INFO - Setting next_dagrun for dataset_alias_example_alias_consumer to None, run_after=None
[2024-12-01T02:11:31.943+0000] {logging_mixin.py:190} INFO - [2024-12-01T02:11:31.943+0000] {dag.py:4180} INFO - Setting next_dagrun for dataset_alias_example_alias_producer to None, run_after=None
[2024-12-01T02:11:31.945+0000] {logging_mixin.py:190} INFO - [2024-12-01T02:11:31.945+0000] {dag.py:4180} INFO - Setting next_dagrun for dataset_s3_bucket_consumer to None, run_after=None
[2024-12-01T02:11:31.946+0000] {logging_mixin.py:190} INFO - [2024-12-01T02:11:31.946+0000] {dag.py:4180} INFO - Setting next_dagrun for dataset_s3_bucket_producer to None, run_after=None
[2024-12-01T02:11:31.965+0000] {processor.py:208} INFO - Processing /home/airflow/.local/lib/python3.12/site-packages/airflow/example_dags/example_dataset_alias.py took 0.561 seconds
[2024-12-01T02:12:02.005+0000] {processor.py:186} INFO - Started process (PID=50681) to work on /home/airflow/.local/lib/python3.12/site-packages/airflow/example_dags/example_dataset_alias.py
[2024-12-01T02:12:02.005+0000] {processor.py:914} INFO - Processing file /home/airflow/.local/lib/python3.12/site-packages/airflow/example_dags/example_dataset_alias.py for tasks to queue
[2024-12-01T02:12:02.007+0000] {logging_mixin.py:190} INFO - [2024-12-01T02:12:02.007+0000] {dagbag.py:588} INFO - Filling up the DagBag from /home/airflow/.local/lib/python3.12/site-packages/airflow/example_dags/example_dataset_alias.py
[2024-12-01T02:12:02.513+0000] {processor.py:925} INFO - DAG(s) 'dataset_s3_bucket_consumer', 'dataset_alias_example_alias_consumer', 'dataset_alias_example_alias_producer', 'dataset_s3_bucket_producer' retrieved from /home/airflow/.local/lib/python3.12/site-packages/airflow/example_dags/example_dataset_alias.py
[2024-12-01T02:12:02.537+0000] {logging_mixin.py:190} INFO - [2024-12-01T02:12:02.536+0000] {dag.py:3239} INFO - Sync 4 DAGs
[2024-12-01T02:12:02.568+0000] {logging_mixin.py:190} INFO - [2024-12-01T02:12:02.568+0000] {dag.py:4180} INFO - Setting next_dagrun for dataset_alias_example_alias_consumer to None, run_after=None
[2024-12-01T02:12:02.578+0000] {logging_mixin.py:190} INFO - [2024-12-01T02:12:02.577+0000] {dag.py:4180} INFO - Setting next_dagrun for dataset_alias_example_alias_producer to None, run_after=None
[2024-12-01T02:12:02.579+0000] {logging_mixin.py:190} INFO - [2024-12-01T02:12:02.579+0000] {dag.py:4180} INFO - Setting next_dagrun for dataset_s3_bucket_consumer to None, run_after=None
[2024-12-01T02:12:02.581+0000] {logging_mixin.py:190} INFO - [2024-12-01T02:12:02.580+0000] {dag.py:4180} INFO - Setting next_dagrun for dataset_s3_bucket_producer to None, run_after=None
[2024-12-01T02:12:02.606+0000] {processor.py:208} INFO - Processing /home/airflow/.local/lib/python3.12/site-packages/airflow/example_dags/example_dataset_alias.py took 0.607 seconds
[2024-12-01T02:12:33.316+0000] {processor.py:186} INFO - Started process (PID=50747) to work on /home/airflow/.local/lib/python3.12/site-packages/airflow/example_dags/example_dataset_alias.py
[2024-12-01T02:12:33.317+0000] {processor.py:914} INFO - Processing file /home/airflow/.local/lib/python3.12/site-packages/airflow/example_dags/example_dataset_alias.py for tasks to queue
[2024-12-01T02:12:33.320+0000] {logging_mixin.py:190} INFO - [2024-12-01T02:12:33.319+0000] {dagbag.py:588} INFO - Filling up the DagBag from /home/airflow/.local/lib/python3.12/site-packages/airflow/example_dags/example_dataset_alias.py
[2024-12-01T02:12:33.756+0000] {processor.py:925} INFO - DAG(s) 'dataset_s3_bucket_consumer', 'dataset_alias_example_alias_producer', 'dataset_alias_example_alias_consumer', 'dataset_s3_bucket_producer' retrieved from /home/airflow/.local/lib/python3.12/site-packages/airflow/example_dags/example_dataset_alias.py
[2024-12-01T02:12:33.777+0000] {logging_mixin.py:190} INFO - [2024-12-01T02:12:33.776+0000] {dag.py:3239} INFO - Sync 4 DAGs
[2024-12-01T02:12:33.799+0000] {logging_mixin.py:190} INFO - [2024-12-01T02:12:33.799+0000] {dag.py:4180} INFO - Setting next_dagrun for dataset_alias_example_alias_consumer to None, run_after=None
[2024-12-01T02:12:33.802+0000] {logging_mixin.py:190} INFO - [2024-12-01T02:12:33.802+0000] {dag.py:4180} INFO - Setting next_dagrun for dataset_alias_example_alias_producer to None, run_after=None
[2024-12-01T02:12:33.804+0000] {logging_mixin.py:190} INFO - [2024-12-01T02:12:33.804+0000] {dag.py:4180} INFO - Setting next_dagrun for dataset_s3_bucket_consumer to None, run_after=None
[2024-12-01T02:12:33.805+0000] {logging_mixin.py:190} INFO - [2024-12-01T02:12:33.805+0000] {dag.py:4180} INFO - Setting next_dagrun for dataset_s3_bucket_producer to None, run_after=None
[2024-12-01T02:12:33.826+0000] {processor.py:208} INFO - Processing /home/airflow/.local/lib/python3.12/site-packages/airflow/example_dags/example_dataset_alias.py took 0.515 seconds
[2024-12-01T02:13:04.176+0000] {processor.py:186} INFO - Started process (PID=50812) to work on /home/airflow/.local/lib/python3.12/site-packages/airflow/example_dags/example_dataset_alias.py
[2024-12-01T02:13:04.177+0000] {processor.py:914} INFO - Processing file /home/airflow/.local/lib/python3.12/site-packages/airflow/example_dags/example_dataset_alias.py for tasks to queue
[2024-12-01T02:13:04.179+0000] {logging_mixin.py:190} INFO - [2024-12-01T02:13:04.179+0000] {dagbag.py:588} INFO - Filling up the DagBag from /home/airflow/.local/lib/python3.12/site-packages/airflow/example_dags/example_dataset_alias.py
[2024-12-01T02:13:04.619+0000] {processor.py:925} INFO - DAG(s) 'dataset_alias_example_alias_producer', 'dataset_alias_example_alias_consumer', 'dataset_s3_bucket_producer', 'dataset_s3_bucket_consumer' retrieved from /home/airflow/.local/lib/python3.12/site-packages/airflow/example_dags/example_dataset_alias.py
[2024-12-01T02:13:04.640+0000] {logging_mixin.py:190} INFO - [2024-12-01T02:13:04.639+0000] {dag.py:3239} INFO - Sync 4 DAGs
[2024-12-01T02:13:04.677+0000] {logging_mixin.py:190} INFO - [2024-12-01T02:13:04.677+0000] {dag.py:4180} INFO - Setting next_dagrun for dataset_alias_example_alias_consumer to None, run_after=None
[2024-12-01T02:13:04.683+0000] {logging_mixin.py:190} INFO - [2024-12-01T02:13:04.682+0000] {dag.py:4180} INFO - Setting next_dagrun for dataset_alias_example_alias_producer to None, run_after=None
[2024-12-01T02:13:04.685+0000] {logging_mixin.py:190} INFO - [2024-12-01T02:13:04.685+0000] {dag.py:4180} INFO - Setting next_dagrun for dataset_s3_bucket_consumer to None, run_after=None
[2024-12-01T02:13:04.688+0000] {logging_mixin.py:190} INFO - [2024-12-01T02:13:04.688+0000] {dag.py:4180} INFO - Setting next_dagrun for dataset_s3_bucket_producer to None, run_after=None
[2024-12-01T02:13:04.716+0000] {processor.py:208} INFO - Processing /home/airflow/.local/lib/python3.12/site-packages/airflow/example_dags/example_dataset_alias.py took 0.545 seconds
[2024-12-01T02:13:34.999+0000] {processor.py:186} INFO - Started process (PID=50882) to work on /home/airflow/.local/lib/python3.12/site-packages/airflow/example_dags/example_dataset_alias.py
[2024-12-01T02:13:35.000+0000] {processor.py:914} INFO - Processing file /home/airflow/.local/lib/python3.12/site-packages/airflow/example_dags/example_dataset_alias.py for tasks to queue
[2024-12-01T02:13:35.002+0000] {logging_mixin.py:190} INFO - [2024-12-01T02:13:35.002+0000] {dagbag.py:588} INFO - Filling up the DagBag from /home/airflow/.local/lib/python3.12/site-packages/airflow/example_dags/example_dataset_alias.py
[2024-12-01T02:13:35.457+0000] {processor.py:925} INFO - DAG(s) 'dataset_s3_bucket_consumer', 'dataset_alias_example_alias_producer', 'dataset_alias_example_alias_consumer', 'dataset_s3_bucket_producer' retrieved from /home/airflow/.local/lib/python3.12/site-packages/airflow/example_dags/example_dataset_alias.py
[2024-12-01T02:13:35.478+0000] {logging_mixin.py:190} INFO - [2024-12-01T02:13:35.477+0000] {dag.py:3239} INFO - Sync 4 DAGs
[2024-12-01T02:13:35.498+0000] {logging_mixin.py:190} INFO - [2024-12-01T02:13:35.498+0000] {dag.py:4180} INFO - Setting next_dagrun for dataset_alias_example_alias_consumer to None, run_after=None
[2024-12-01T02:13:35.502+0000] {logging_mixin.py:190} INFO - [2024-12-01T02:13:35.502+0000] {dag.py:4180} INFO - Setting next_dagrun for dataset_alias_example_alias_producer to None, run_after=None
[2024-12-01T02:13:35.504+0000] {logging_mixin.py:190} INFO - [2024-12-01T02:13:35.504+0000] {dag.py:4180} INFO - Setting next_dagrun for dataset_s3_bucket_consumer to None, run_after=None
[2024-12-01T02:13:35.506+0000] {logging_mixin.py:190} INFO - [2024-12-01T02:13:35.505+0000] {dag.py:4180} INFO - Setting next_dagrun for dataset_s3_bucket_producer to None, run_after=None
[2024-12-01T02:13:35.527+0000] {processor.py:208} INFO - Processing /home/airflow/.local/lib/python3.12/site-packages/airflow/example_dags/example_dataset_alias.py took 0.534 seconds
[2024-12-01T02:14:06.087+0000] {processor.py:186} INFO - Started process (PID=50952) to work on /home/airflow/.local/lib/python3.12/site-packages/airflow/example_dags/example_dataset_alias.py
[2024-12-01T02:14:06.088+0000] {processor.py:914} INFO - Processing file /home/airflow/.local/lib/python3.12/site-packages/airflow/example_dags/example_dataset_alias.py for tasks to queue
[2024-12-01T02:14:06.090+0000] {logging_mixin.py:190} INFO - [2024-12-01T02:14:06.090+0000] {dagbag.py:588} INFO - Filling up the DagBag from /home/airflow/.local/lib/python3.12/site-packages/airflow/example_dags/example_dataset_alias.py
[2024-12-01T02:14:06.594+0000] {processor.py:925} INFO - DAG(s) 'dataset_alias_example_alias_consumer', 'dataset_s3_bucket_consumer', 'dataset_alias_example_alias_producer', 'dataset_s3_bucket_producer' retrieved from /home/airflow/.local/lib/python3.12/site-packages/airflow/example_dags/example_dataset_alias.py
[2024-12-01T02:14:06.612+0000] {logging_mixin.py:190} INFO - [2024-12-01T02:14:06.611+0000] {dag.py:3239} INFO - Sync 4 DAGs
[2024-12-01T02:14:06.631+0000] {logging_mixin.py:190} INFO - [2024-12-01T02:14:06.631+0000] {dag.py:4180} INFO - Setting next_dagrun for dataset_alias_example_alias_consumer to None, run_after=None
[2024-12-01T02:14:06.634+0000] {logging_mixin.py:190} INFO - [2024-12-01T02:14:06.634+0000] {dag.py:4180} INFO - Setting next_dagrun for dataset_alias_example_alias_producer to None, run_after=None
[2024-12-01T02:14:06.635+0000] {logging_mixin.py:190} INFO - [2024-12-01T02:14:06.635+0000] {dag.py:4180} INFO - Setting next_dagrun for dataset_s3_bucket_consumer to None, run_after=None
[2024-12-01T02:14:06.636+0000] {logging_mixin.py:190} INFO - [2024-12-01T02:14:06.636+0000] {dag.py:4180} INFO - Setting next_dagrun for dataset_s3_bucket_producer to None, run_after=None
[2024-12-01T02:14:06.655+0000] {processor.py:208} INFO - Processing /home/airflow/.local/lib/python3.12/site-packages/airflow/example_dags/example_dataset_alias.py took 0.573 seconds
[2024-12-01T02:14:37.328+0000] {processor.py:186} INFO - Started process (PID=51018) to work on /home/airflow/.local/lib/python3.12/site-packages/airflow/example_dags/example_dataset_alias.py
[2024-12-01T02:14:37.329+0000] {processor.py:914} INFO - Processing file /home/airflow/.local/lib/python3.12/site-packages/airflow/example_dags/example_dataset_alias.py for tasks to queue
[2024-12-01T02:14:37.331+0000] {logging_mixin.py:190} INFO - [2024-12-01T02:14:37.331+0000] {dagbag.py:588} INFO - Filling up the DagBag from /home/airflow/.local/lib/python3.12/site-packages/airflow/example_dags/example_dataset_alias.py
[2024-12-01T02:14:37.768+0000] {processor.py:925} INFO - DAG(s) 'dataset_s3_bucket_producer', 'dataset_s3_bucket_consumer', 'dataset_alias_example_alias_producer', 'dataset_alias_example_alias_consumer' retrieved from /home/airflow/.local/lib/python3.12/site-packages/airflow/example_dags/example_dataset_alias.py
[2024-12-01T02:14:37.787+0000] {logging_mixin.py:190} INFO - [2024-12-01T02:14:37.787+0000] {dag.py:3239} INFO - Sync 4 DAGs
[2024-12-01T02:14:37.811+0000] {logging_mixin.py:190} INFO - [2024-12-01T02:14:37.811+0000] {dag.py:4180} INFO - Setting next_dagrun for dataset_alias_example_alias_consumer to None, run_after=None
[2024-12-01T02:14:37.814+0000] {logging_mixin.py:190} INFO - [2024-12-01T02:14:37.814+0000] {dag.py:4180} INFO - Setting next_dagrun for dataset_alias_example_alias_producer to None, run_after=None
[2024-12-01T02:14:37.816+0000] {logging_mixin.py:190} INFO - [2024-12-01T02:14:37.815+0000] {dag.py:4180} INFO - Setting next_dagrun for dataset_s3_bucket_consumer to None, run_after=None
[2024-12-01T02:14:37.817+0000] {logging_mixin.py:190} INFO - [2024-12-01T02:14:37.817+0000] {dag.py:4180} INFO - Setting next_dagrun for dataset_s3_bucket_producer to None, run_after=None
[2024-12-01T02:14:37.837+0000] {processor.py:208} INFO - Processing /home/airflow/.local/lib/python3.12/site-packages/airflow/example_dags/example_dataset_alias.py took 0.514 seconds
[2024-12-01T02:15:08.144+0000] {processor.py:186} INFO - Started process (PID=51083) to work on /home/airflow/.local/lib/python3.12/site-packages/airflow/example_dags/example_dataset_alias.py
[2024-12-01T02:15:08.145+0000] {processor.py:914} INFO - Processing file /home/airflow/.local/lib/python3.12/site-packages/airflow/example_dags/example_dataset_alias.py for tasks to queue
[2024-12-01T02:15:08.147+0000] {logging_mixin.py:190} INFO - [2024-12-01T02:15:08.147+0000] {dagbag.py:588} INFO - Filling up the DagBag from /home/airflow/.local/lib/python3.12/site-packages/airflow/example_dags/example_dataset_alias.py
[2024-12-01T02:15:08.660+0000] {processor.py:925} INFO - DAG(s) 'dataset_s3_bucket_producer', 'dataset_alias_example_alias_producer', 'dataset_s3_bucket_consumer', 'dataset_alias_example_alias_consumer' retrieved from /home/airflow/.local/lib/python3.12/site-packages/airflow/example_dags/example_dataset_alias.py
[2024-12-01T02:15:08.680+0000] {logging_mixin.py:190} INFO - [2024-12-01T02:15:08.679+0000] {dag.py:3239} INFO - Sync 4 DAGs
[2024-12-01T02:15:08.702+0000] {logging_mixin.py:190} INFO - [2024-12-01T02:15:08.702+0000] {dag.py:4180} INFO - Setting next_dagrun for dataset_alias_example_alias_consumer to None, run_after=None
[2024-12-01T02:15:08.706+0000] {logging_mixin.py:190} INFO - [2024-12-01T02:15:08.705+0000] {dag.py:4180} INFO - Setting next_dagrun for dataset_alias_example_alias_producer to None, run_after=None
[2024-12-01T02:15:08.707+0000] {logging_mixin.py:190} INFO - [2024-12-01T02:15:08.707+0000] {dag.py:4180} INFO - Setting next_dagrun for dataset_s3_bucket_consumer to None, run_after=None
[2024-12-01T02:15:08.709+0000] {logging_mixin.py:190} INFO - [2024-12-01T02:15:08.709+0000] {dag.py:4180} INFO - Setting next_dagrun for dataset_s3_bucket_producer to None, run_after=None
[2024-12-01T02:15:08.728+0000] {processor.py:208} INFO - Processing /home/airflow/.local/lib/python3.12/site-packages/airflow/example_dags/example_dataset_alias.py took 0.590 seconds
[2024-12-01T02:15:39.017+0000] {processor.py:186} INFO - Started process (PID=51149) to work on /home/airflow/.local/lib/python3.12/site-packages/airflow/example_dags/example_dataset_alias.py
[2024-12-01T02:15:39.018+0000] {processor.py:914} INFO - Processing file /home/airflow/.local/lib/python3.12/site-packages/airflow/example_dags/example_dataset_alias.py for tasks to queue
[2024-12-01T02:15:39.021+0000] {logging_mixin.py:190} INFO - [2024-12-01T02:15:39.021+0000] {dagbag.py:588} INFO - Filling up the DagBag from /home/airflow/.local/lib/python3.12/site-packages/airflow/example_dags/example_dataset_alias.py
[2024-12-01T02:15:39.504+0000] {processor.py:925} INFO - DAG(s) 'dataset_s3_bucket_producer', 'dataset_alias_example_alias_consumer', 'dataset_s3_bucket_consumer', 'dataset_alias_example_alias_producer' retrieved from /home/airflow/.local/lib/python3.12/site-packages/airflow/example_dags/example_dataset_alias.py
[2024-12-01T02:15:39.523+0000] {logging_mixin.py:190} INFO - [2024-12-01T02:15:39.523+0000] {dag.py:3239} INFO - Sync 4 DAGs
[2024-12-01T02:15:39.543+0000] {logging_mixin.py:190} INFO - [2024-12-01T02:15:39.543+0000] {dag.py:4180} INFO - Setting next_dagrun for dataset_alias_example_alias_consumer to None, run_after=None
[2024-12-01T02:15:39.546+0000] {logging_mixin.py:190} INFO - [2024-12-01T02:15:39.546+0000] {dag.py:4180} INFO - Setting next_dagrun for dataset_alias_example_alias_producer to None, run_after=None
[2024-12-01T02:15:39.548+0000] {logging_mixin.py:190} INFO - [2024-12-01T02:15:39.548+0000] {dag.py:4180} INFO - Setting next_dagrun for dataset_s3_bucket_consumer to None, run_after=None
[2024-12-01T02:15:39.550+0000] {logging_mixin.py:190} INFO - [2024-12-01T02:15:39.549+0000] {dag.py:4180} INFO - Setting next_dagrun for dataset_s3_bucket_producer to None, run_after=None
[2024-12-01T02:15:39.569+0000] {processor.py:208} INFO - Processing /home/airflow/.local/lib/python3.12/site-packages/airflow/example_dags/example_dataset_alias.py took 0.560 seconds
[2024-12-01T02:16:09.756+0000] {processor.py:186} INFO - Started process (PID=51215) to work on /home/airflow/.local/lib/python3.12/site-packages/airflow/example_dags/example_dataset_alias.py
[2024-12-01T02:16:09.757+0000] {processor.py:914} INFO - Processing file /home/airflow/.local/lib/python3.12/site-packages/airflow/example_dags/example_dataset_alias.py for tasks to queue
[2024-12-01T02:16:09.759+0000] {logging_mixin.py:190} INFO - [2024-12-01T02:16:09.759+0000] {dagbag.py:588} INFO - Filling up the DagBag from /home/airflow/.local/lib/python3.12/site-packages/airflow/example_dags/example_dataset_alias.py
[2024-12-01T02:16:10.283+0000] {processor.py:925} INFO - DAG(s) 'dataset_s3_bucket_producer', 'dataset_s3_bucket_consumer', 'dataset_alias_example_alias_consumer', 'dataset_alias_example_alias_producer' retrieved from /home/airflow/.local/lib/python3.12/site-packages/airflow/example_dags/example_dataset_alias.py
[2024-12-01T02:16:10.304+0000] {logging_mixin.py:190} INFO - [2024-12-01T02:16:10.303+0000] {dag.py:3239} INFO - Sync 4 DAGs
[2024-12-01T02:16:10.326+0000] {logging_mixin.py:190} INFO - [2024-12-01T02:16:10.325+0000] {dag.py:4180} INFO - Setting next_dagrun for dataset_alias_example_alias_consumer to None, run_after=None
[2024-12-01T02:16:10.328+0000] {logging_mixin.py:190} INFO - [2024-12-01T02:16:10.328+0000] {dag.py:4180} INFO - Setting next_dagrun for dataset_alias_example_alias_producer to None, run_after=None
[2024-12-01T02:16:10.330+0000] {logging_mixin.py:190} INFO - [2024-12-01T02:16:10.329+0000] {dag.py:4180} INFO - Setting next_dagrun for dataset_s3_bucket_consumer to None, run_after=None
[2024-12-01T02:16:10.331+0000] {logging_mixin.py:190} INFO - [2024-12-01T02:16:10.331+0000] {dag.py:4180} INFO - Setting next_dagrun for dataset_s3_bucket_producer to None, run_after=None
[2024-12-01T02:16:10.353+0000] {processor.py:208} INFO - Processing /home/airflow/.local/lib/python3.12/site-packages/airflow/example_dags/example_dataset_alias.py took 0.602 seconds
[2024-12-01T02:16:40.723+0000] {processor.py:186} INFO - Started process (PID=51280) to work on /home/airflow/.local/lib/python3.12/site-packages/airflow/example_dags/example_dataset_alias.py
[2024-12-01T02:16:40.724+0000] {processor.py:914} INFO - Processing file /home/airflow/.local/lib/python3.12/site-packages/airflow/example_dags/example_dataset_alias.py for tasks to queue
[2024-12-01T02:16:40.726+0000] {logging_mixin.py:190} INFO - [2024-12-01T02:16:40.726+0000] {dagbag.py:588} INFO - Filling up the DagBag from /home/airflow/.local/lib/python3.12/site-packages/airflow/example_dags/example_dataset_alias.py
[2024-12-01T02:16:41.182+0000] {processor.py:925} INFO - DAG(s) 'dataset_alias_example_alias_consumer', 'dataset_s3_bucket_producer', 'dataset_alias_example_alias_producer', 'dataset_s3_bucket_consumer' retrieved from /home/airflow/.local/lib/python3.12/site-packages/airflow/example_dags/example_dataset_alias.py
[2024-12-01T02:16:41.206+0000] {logging_mixin.py:190} INFO - [2024-12-01T02:16:41.205+0000] {dag.py:3239} INFO - Sync 4 DAGs
[2024-12-01T02:16:41.226+0000] {logging_mixin.py:190} INFO - [2024-12-01T02:16:41.226+0000] {dag.py:4180} INFO - Setting next_dagrun for dataset_alias_example_alias_consumer to None, run_after=None
[2024-12-01T02:16:41.229+0000] {logging_mixin.py:190} INFO - [2024-12-01T02:16:41.228+0000] {dag.py:4180} INFO - Setting next_dagrun for dataset_alias_example_alias_producer to None, run_after=None
[2024-12-01T02:16:41.230+0000] {logging_mixin.py:190} INFO - [2024-12-01T02:16:41.230+0000] {dag.py:4180} INFO - Setting next_dagrun for dataset_s3_bucket_consumer to None, run_after=None
[2024-12-01T02:16:41.231+0000] {logging_mixin.py:190} INFO - [2024-12-01T02:16:41.231+0000] {dag.py:4180} INFO - Setting next_dagrun for dataset_s3_bucket_producer to None, run_after=None
[2024-12-01T02:16:41.254+0000] {processor.py:208} INFO - Processing /home/airflow/.local/lib/python3.12/site-packages/airflow/example_dags/example_dataset_alias.py took 0.536 seconds
[2024-12-01T02:17:11.743+0000] {processor.py:186} INFO - Started process (PID=51346) to work on /home/airflow/.local/lib/python3.12/site-packages/airflow/example_dags/example_dataset_alias.py
[2024-12-01T02:17:11.744+0000] {processor.py:914} INFO - Processing file /home/airflow/.local/lib/python3.12/site-packages/airflow/example_dags/example_dataset_alias.py for tasks to queue
[2024-12-01T02:17:11.747+0000] {logging_mixin.py:190} INFO - [2024-12-01T02:17:11.746+0000] {dagbag.py:588} INFO - Filling up the DagBag from /home/airflow/.local/lib/python3.12/site-packages/airflow/example_dags/example_dataset_alias.py
[2024-12-01T02:17:12.211+0000] {processor.py:925} INFO - DAG(s) 'dataset_s3_bucket_producer', 'dataset_alias_example_alias_consumer', 'dataset_alias_example_alias_producer', 'dataset_s3_bucket_consumer' retrieved from /home/airflow/.local/lib/python3.12/site-packages/airflow/example_dags/example_dataset_alias.py
[2024-12-01T02:17:12.232+0000] {logging_mixin.py:190} INFO - [2024-12-01T02:17:12.231+0000] {dag.py:3239} INFO - Sync 4 DAGs
[2024-12-01T02:17:12.252+0000] {logging_mixin.py:190} INFO - [2024-12-01T02:17:12.252+0000] {dag.py:4180} INFO - Setting next_dagrun for dataset_alias_example_alias_consumer to None, run_after=None
[2024-12-01T02:17:12.255+0000] {logging_mixin.py:190} INFO - [2024-12-01T02:17:12.254+0000] {dag.py:4180} INFO - Setting next_dagrun for dataset_alias_example_alias_producer to None, run_after=None
[2024-12-01T02:17:12.256+0000] {logging_mixin.py:190} INFO - [2024-12-01T02:17:12.256+0000] {dag.py:4180} INFO - Setting next_dagrun for dataset_s3_bucket_consumer to None, run_after=None
[2024-12-01T02:17:12.258+0000] {logging_mixin.py:190} INFO - [2024-12-01T02:17:12.257+0000] {dag.py:4180} INFO - Setting next_dagrun for dataset_s3_bucket_producer to None, run_after=None
[2024-12-01T02:17:12.277+0000] {processor.py:208} INFO - Processing /home/airflow/.local/lib/python3.12/site-packages/airflow/example_dags/example_dataset_alias.py took 0.539 seconds
[2024-12-01T02:17:42.797+0000] {processor.py:186} INFO - Started process (PID=51412) to work on /home/airflow/.local/lib/python3.12/site-packages/airflow/example_dags/example_dataset_alias.py
[2024-12-01T02:17:42.797+0000] {processor.py:914} INFO - Processing file /home/airflow/.local/lib/python3.12/site-packages/airflow/example_dags/example_dataset_alias.py for tasks to queue
[2024-12-01T02:17:42.800+0000] {logging_mixin.py:190} INFO - [2024-12-01T02:17:42.799+0000] {dagbag.py:588} INFO - Filling up the DagBag from /home/airflow/.local/lib/python3.12/site-packages/airflow/example_dags/example_dataset_alias.py
[2024-12-01T02:17:43.282+0000] {processor.py:925} INFO - DAG(s) 'dataset_s3_bucket_producer', 'dataset_alias_example_alias_producer', 'dataset_s3_bucket_consumer', 'dataset_alias_example_alias_consumer' retrieved from /home/airflow/.local/lib/python3.12/site-packages/airflow/example_dags/example_dataset_alias.py
[2024-12-01T02:17:43.304+0000] {logging_mixin.py:190} INFO - [2024-12-01T02:17:43.303+0000] {dag.py:3239} INFO - Sync 4 DAGs
[2024-12-01T02:17:43.324+0000] {logging_mixin.py:190} INFO - [2024-12-01T02:17:43.324+0000] {dag.py:4180} INFO - Setting next_dagrun for dataset_alias_example_alias_consumer to None, run_after=None
[2024-12-01T02:17:43.327+0000] {logging_mixin.py:190} INFO - [2024-12-01T02:17:43.326+0000] {dag.py:4180} INFO - Setting next_dagrun for dataset_alias_example_alias_producer to None, run_after=None
[2024-12-01T02:17:43.328+0000] {logging_mixin.py:190} INFO - [2024-12-01T02:17:43.328+0000] {dag.py:4180} INFO - Setting next_dagrun for dataset_s3_bucket_consumer to None, run_after=None
[2024-12-01T02:17:43.330+0000] {logging_mixin.py:190} INFO - [2024-12-01T02:17:43.329+0000] {dag.py:4180} INFO - Setting next_dagrun for dataset_s3_bucket_producer to None, run_after=None
[2024-12-01T02:17:43.350+0000] {processor.py:208} INFO - Processing /home/airflow/.local/lib/python3.12/site-packages/airflow/example_dags/example_dataset_alias.py took 0.559 seconds
[2024-12-01T02:18:13.829+0000] {processor.py:186} INFO - Started process (PID=51478) to work on /home/airflow/.local/lib/python3.12/site-packages/airflow/example_dags/example_dataset_alias.py
[2024-12-01T02:18:13.830+0000] {processor.py:914} INFO - Processing file /home/airflow/.local/lib/python3.12/site-packages/airflow/example_dags/example_dataset_alias.py for tasks to queue
[2024-12-01T02:18:13.832+0000] {logging_mixin.py:190} INFO - [2024-12-01T02:18:13.831+0000] {dagbag.py:588} INFO - Filling up the DagBag from /home/airflow/.local/lib/python3.12/site-packages/airflow/example_dags/example_dataset_alias.py
[2024-12-01T02:18:14.301+0000] {processor.py:925} INFO - DAG(s) 'dataset_s3_bucket_producer', 'dataset_alias_example_alias_producer', 'dataset_alias_example_alias_consumer', 'dataset_s3_bucket_consumer' retrieved from /home/airflow/.local/lib/python3.12/site-packages/airflow/example_dags/example_dataset_alias.py
[2024-12-01T02:18:14.324+0000] {logging_mixin.py:190} INFO - [2024-12-01T02:18:14.324+0000] {dag.py:3239} INFO - Sync 4 DAGs
[2024-12-01T02:18:14.347+0000] {logging_mixin.py:190} INFO - [2024-12-01T02:18:14.347+0000] {dag.py:4180} INFO - Setting next_dagrun for dataset_alias_example_alias_consumer to None, run_after=None
[2024-12-01T02:18:14.350+0000] {logging_mixin.py:190} INFO - [2024-12-01T02:18:14.349+0000] {dag.py:4180} INFO - Setting next_dagrun for dataset_alias_example_alias_producer to None, run_after=None
[2024-12-01T02:18:14.351+0000] {logging_mixin.py:190} INFO - [2024-12-01T02:18:14.351+0000] {dag.py:4180} INFO - Setting next_dagrun for dataset_s3_bucket_consumer to None, run_after=None
[2024-12-01T02:18:14.352+0000] {logging_mixin.py:190} INFO - [2024-12-01T02:18:14.352+0000] {dag.py:4180} INFO - Setting next_dagrun for dataset_s3_bucket_producer to None, run_after=None
[2024-12-01T02:18:14.374+0000] {processor.py:208} INFO - Processing /home/airflow/.local/lib/python3.12/site-packages/airflow/example_dags/example_dataset_alias.py took 0.551 seconds
[2024-12-01T02:18:44.776+0000] {processor.py:186} INFO - Started process (PID=51547) to work on /home/airflow/.local/lib/python3.12/site-packages/airflow/example_dags/example_dataset_alias.py
[2024-12-01T02:18:44.777+0000] {processor.py:914} INFO - Processing file /home/airflow/.local/lib/python3.12/site-packages/airflow/example_dags/example_dataset_alias.py for tasks to queue
[2024-12-01T02:18:44.779+0000] {logging_mixin.py:190} INFO - [2024-12-01T02:18:44.778+0000] {dagbag.py:588} INFO - Filling up the DagBag from /home/airflow/.local/lib/python3.12/site-packages/airflow/example_dags/example_dataset_alias.py
[2024-12-01T02:18:45.332+0000] {processor.py:925} INFO - DAG(s) 'dataset_alias_example_alias_producer', 'dataset_s3_bucket_producer', 'dataset_alias_example_alias_consumer', 'dataset_s3_bucket_consumer' retrieved from /home/airflow/.local/lib/python3.12/site-packages/airflow/example_dags/example_dataset_alias.py
[2024-12-01T02:18:45.352+0000] {logging_mixin.py:190} INFO - [2024-12-01T02:18:45.351+0000] {dag.py:3239} INFO - Sync 4 DAGs
[2024-12-01T02:18:45.374+0000] {logging_mixin.py:190} INFO - [2024-12-01T02:18:45.374+0000] {dag.py:4180} INFO - Setting next_dagrun for dataset_alias_example_alias_consumer to None, run_after=None
[2024-12-01T02:18:45.377+0000] {logging_mixin.py:190} INFO - [2024-12-01T02:18:45.377+0000] {dag.py:4180} INFO - Setting next_dagrun for dataset_alias_example_alias_producer to None, run_after=None
[2024-12-01T02:18:45.378+0000] {logging_mixin.py:190} INFO - [2024-12-01T02:18:45.378+0000] {dag.py:4180} INFO - Setting next_dagrun for dataset_s3_bucket_consumer to None, run_after=None
[2024-12-01T02:18:45.380+0000] {logging_mixin.py:190} INFO - [2024-12-01T02:18:45.380+0000] {dag.py:4180} INFO - Setting next_dagrun for dataset_s3_bucket_producer to None, run_after=None
[2024-12-01T02:18:45.402+0000] {processor.py:208} INFO - Processing /home/airflow/.local/lib/python3.12/site-packages/airflow/example_dags/example_dataset_alias.py took 0.632 seconds
[2024-12-01T02:19:15.585+0000] {processor.py:186} INFO - Started process (PID=51611) to work on /home/airflow/.local/lib/python3.12/site-packages/airflow/example_dags/example_dataset_alias.py
[2024-12-01T02:19:15.586+0000] {processor.py:914} INFO - Processing file /home/airflow/.local/lib/python3.12/site-packages/airflow/example_dags/example_dataset_alias.py for tasks to queue
[2024-12-01T02:19:15.589+0000] {logging_mixin.py:190} INFO - [2024-12-01T02:19:15.588+0000] {dagbag.py:588} INFO - Filling up the DagBag from /home/airflow/.local/lib/python3.12/site-packages/airflow/example_dags/example_dataset_alias.py
[2024-12-01T02:19:16.047+0000] {processor.py:925} INFO - DAG(s) 'dataset_alias_example_alias_producer', 'dataset_alias_example_alias_consumer', 'dataset_s3_bucket_producer', 'dataset_s3_bucket_consumer' retrieved from /home/airflow/.local/lib/python3.12/site-packages/airflow/example_dags/example_dataset_alias.py
[2024-12-01T02:19:16.067+0000] {logging_mixin.py:190} INFO - [2024-12-01T02:19:16.067+0000] {dag.py:3239} INFO - Sync 4 DAGs
[2024-12-01T02:19:16.088+0000] {logging_mixin.py:190} INFO - [2024-12-01T02:19:16.088+0000] {dag.py:4180} INFO - Setting next_dagrun for dataset_alias_example_alias_consumer to None, run_after=None
[2024-12-01T02:19:16.091+0000] {logging_mixin.py:190} INFO - [2024-12-01T02:19:16.091+0000] {dag.py:4180} INFO - Setting next_dagrun for dataset_alias_example_alias_producer to None, run_after=None
[2024-12-01T02:19:16.093+0000] {logging_mixin.py:190} INFO - [2024-12-01T02:19:16.093+0000] {dag.py:4180} INFO - Setting next_dagrun for dataset_s3_bucket_consumer to None, run_after=None
[2024-12-01T02:19:16.094+0000] {logging_mixin.py:190} INFO - [2024-12-01T02:19:16.094+0000] {dag.py:4180} INFO - Setting next_dagrun for dataset_s3_bucket_producer to None, run_after=None
[2024-12-01T02:19:16.115+0000] {processor.py:208} INFO - Processing /home/airflow/.local/lib/python3.12/site-packages/airflow/example_dags/example_dataset_alias.py took 0.535 seconds
[2024-12-01T02:19:46.735+0000] {processor.py:186} INFO - Started process (PID=51678) to work on /home/airflow/.local/lib/python3.12/site-packages/airflow/example_dags/example_dataset_alias.py
[2024-12-01T02:19:46.736+0000] {processor.py:914} INFO - Processing file /home/airflow/.local/lib/python3.12/site-packages/airflow/example_dags/example_dataset_alias.py for tasks to queue
[2024-12-01T02:19:46.738+0000] {logging_mixin.py:190} INFO - [2024-12-01T02:19:46.738+0000] {dagbag.py:588} INFO - Filling up the DagBag from /home/airflow/.local/lib/python3.12/site-packages/airflow/example_dags/example_dataset_alias.py
[2024-12-01T02:19:47.273+0000] {processor.py:925} INFO - DAG(s) 'dataset_alias_example_alias_producer', 'dataset_s3_bucket_producer', 'dataset_s3_bucket_consumer', 'dataset_alias_example_alias_consumer' retrieved from /home/airflow/.local/lib/python3.12/site-packages/airflow/example_dags/example_dataset_alias.py
[2024-12-01T02:19:47.295+0000] {logging_mixin.py:190} INFO - [2024-12-01T02:19:47.294+0000] {dag.py:3239} INFO - Sync 4 DAGs
[2024-12-01T02:19:47.315+0000] {logging_mixin.py:190} INFO - [2024-12-01T02:19:47.315+0000] {dag.py:4180} INFO - Setting next_dagrun for dataset_alias_example_alias_consumer to None, run_after=None
[2024-12-01T02:19:47.319+0000] {logging_mixin.py:190} INFO - [2024-12-01T02:19:47.318+0000] {dag.py:4180} INFO - Setting next_dagrun for dataset_alias_example_alias_producer to None, run_after=None
[2024-12-01T02:19:47.320+0000] {logging_mixin.py:190} INFO - [2024-12-01T02:19:47.320+0000] {dag.py:4180} INFO - Setting next_dagrun for dataset_s3_bucket_consumer to None, run_after=None
[2024-12-01T02:19:47.321+0000] {logging_mixin.py:190} INFO - [2024-12-01T02:19:47.321+0000] {dag.py:4180} INFO - Setting next_dagrun for dataset_s3_bucket_producer to None, run_after=None
[2024-12-01T02:19:47.338+0000] {processor.py:208} INFO - Processing /home/airflow/.local/lib/python3.12/site-packages/airflow/example_dags/example_dataset_alias.py took 0.608 seconds
[2024-12-01T02:20:17.967+0000] {processor.py:186} INFO - Started process (PID=51744) to work on /home/airflow/.local/lib/python3.12/site-packages/airflow/example_dags/example_dataset_alias.py
[2024-12-01T02:20:17.968+0000] {processor.py:914} INFO - Processing file /home/airflow/.local/lib/python3.12/site-packages/airflow/example_dags/example_dataset_alias.py for tasks to queue
[2024-12-01T02:20:17.971+0000] {logging_mixin.py:190} INFO - [2024-12-01T02:20:17.971+0000] {dagbag.py:588} INFO - Filling up the DagBag from /home/airflow/.local/lib/python3.12/site-packages/airflow/example_dags/example_dataset_alias.py
[2024-12-01T02:20:18.425+0000] {processor.py:925} INFO - DAG(s) 'dataset_alias_example_alias_consumer', 'dataset_alias_example_alias_producer', 'dataset_s3_bucket_consumer', 'dataset_s3_bucket_producer' retrieved from /home/airflow/.local/lib/python3.12/site-packages/airflow/example_dags/example_dataset_alias.py
[2024-12-01T02:20:18.446+0000] {logging_mixin.py:190} INFO - [2024-12-01T02:20:18.446+0000] {dag.py:3239} INFO - Sync 4 DAGs
[2024-12-01T02:20:18.467+0000] {logging_mixin.py:190} INFO - [2024-12-01T02:20:18.467+0000] {dag.py:4180} INFO - Setting next_dagrun for dataset_alias_example_alias_consumer to None, run_after=None
[2024-12-01T02:20:18.470+0000] {logging_mixin.py:190} INFO - [2024-12-01T02:20:18.470+0000] {dag.py:4180} INFO - Setting next_dagrun for dataset_alias_example_alias_producer to None, run_after=None
[2024-12-01T02:20:18.472+0000] {logging_mixin.py:190} INFO - [2024-12-01T02:20:18.471+0000] {dag.py:4180} INFO - Setting next_dagrun for dataset_s3_bucket_consumer to None, run_after=None
[2024-12-01T02:20:18.473+0000] {logging_mixin.py:190} INFO - [2024-12-01T02:20:18.473+0000] {dag.py:4180} INFO - Setting next_dagrun for dataset_s3_bucket_producer to None, run_after=None
[2024-12-01T02:20:18.493+0000] {processor.py:208} INFO - Processing /home/airflow/.local/lib/python3.12/site-packages/airflow/example_dags/example_dataset_alias.py took 0.532 seconds
[2024-12-01T02:20:49.483+0000] {processor.py:186} INFO - Started process (PID=51813) to work on /home/airflow/.local/lib/python3.12/site-packages/airflow/example_dags/example_dataset_alias.py
[2024-12-01T02:20:49.484+0000] {processor.py:914} INFO - Processing file /home/airflow/.local/lib/python3.12/site-packages/airflow/example_dags/example_dataset_alias.py for tasks to queue
[2024-12-01T02:20:49.486+0000] {logging_mixin.py:190} INFO - [2024-12-01T02:20:49.486+0000] {dagbag.py:588} INFO - Filling up the DagBag from /home/airflow/.local/lib/python3.12/site-packages/airflow/example_dags/example_dataset_alias.py
[2024-12-01T02:20:49.932+0000] {processor.py:925} INFO - DAG(s) 'dataset_alias_example_alias_producer', 'dataset_alias_example_alias_consumer', 'dataset_s3_bucket_producer', 'dataset_s3_bucket_consumer' retrieved from /home/airflow/.local/lib/python3.12/site-packages/airflow/example_dags/example_dataset_alias.py
[2024-12-01T02:20:49.952+0000] {logging_mixin.py:190} INFO - [2024-12-01T02:20:49.952+0000] {dag.py:3239} INFO - Sync 4 DAGs
[2024-12-01T02:20:49.973+0000] {logging_mixin.py:190} INFO - [2024-12-01T02:20:49.973+0000] {dag.py:4180} INFO - Setting next_dagrun for dataset_alias_example_alias_consumer to None, run_after=None
[2024-12-01T02:20:49.976+0000] {logging_mixin.py:190} INFO - [2024-12-01T02:20:49.976+0000] {dag.py:4180} INFO - Setting next_dagrun for dataset_alias_example_alias_producer to None, run_after=None
[2024-12-01T02:20:49.978+0000] {logging_mixin.py:190} INFO - [2024-12-01T02:20:49.978+0000] {dag.py:4180} INFO - Setting next_dagrun for dataset_s3_bucket_consumer to None, run_after=None
[2024-12-01T02:20:49.980+0000] {logging_mixin.py:190} INFO - [2024-12-01T02:20:49.979+0000] {dag.py:4180} INFO - Setting next_dagrun for dataset_s3_bucket_producer to None, run_after=None
[2024-12-01T02:20:50.004+0000] {processor.py:208} INFO - Processing /home/airflow/.local/lib/python3.12/site-packages/airflow/example_dags/example_dataset_alias.py took 0.526 seconds
[2024-12-01T02:21:21.946+0000] {processor.py:186} INFO - Started process (PID=51881) to work on /home/airflow/.local/lib/python3.12/site-packages/airflow/example_dags/example_dataset_alias.py
[2024-12-01T02:21:21.947+0000] {processor.py:914} INFO - Processing file /home/airflow/.local/lib/python3.12/site-packages/airflow/example_dags/example_dataset_alias.py for tasks to queue
[2024-12-01T02:21:21.950+0000] {logging_mixin.py:190} INFO - [2024-12-01T02:21:21.949+0000] {dagbag.py:588} INFO - Filling up the DagBag from /home/airflow/.local/lib/python3.12/site-packages/airflow/example_dags/example_dataset_alias.py
[2024-12-01T02:21:22.415+0000] {processor.py:925} INFO - DAG(s) 'dataset_alias_example_alias_producer', 'dataset_s3_bucket_producer', 'dataset_alias_example_alias_consumer', 'dataset_s3_bucket_consumer' retrieved from /home/airflow/.local/lib/python3.12/site-packages/airflow/example_dags/example_dataset_alias.py
[2024-12-01T02:21:22.436+0000] {logging_mixin.py:190} INFO - [2024-12-01T02:21:22.435+0000] {dag.py:3239} INFO - Sync 4 DAGs
[2024-12-01T02:21:22.459+0000] {logging_mixin.py:190} INFO - [2024-12-01T02:21:22.458+0000] {dag.py:4180} INFO - Setting next_dagrun for dataset_alias_example_alias_consumer to None, run_after=None
[2024-12-01T02:21:22.462+0000] {logging_mixin.py:190} INFO - [2024-12-01T02:21:22.462+0000] {dag.py:4180} INFO - Setting next_dagrun for dataset_alias_example_alias_producer to None, run_after=None
[2024-12-01T02:21:22.464+0000] {logging_mixin.py:190} INFO - [2024-12-01T02:21:22.464+0000] {dag.py:4180} INFO - Setting next_dagrun for dataset_s3_bucket_consumer to None, run_after=None
[2024-12-01T02:21:22.466+0000] {logging_mixin.py:190} INFO - [2024-12-01T02:21:22.465+0000] {dag.py:4180} INFO - Setting next_dagrun for dataset_s3_bucket_producer to None, run_after=None
[2024-12-01T02:21:22.485+0000] {processor.py:208} INFO - Processing /home/airflow/.local/lib/python3.12/site-packages/airflow/example_dags/example_dataset_alias.py took 0.544 seconds
[2024-12-01T02:21:53.067+0000] {processor.py:186} INFO - Started process (PID=51949) to work on /home/airflow/.local/lib/python3.12/site-packages/airflow/example_dags/example_dataset_alias.py
[2024-12-01T02:21:53.068+0000] {processor.py:914} INFO - Processing file /home/airflow/.local/lib/python3.12/site-packages/airflow/example_dags/example_dataset_alias.py for tasks to queue
[2024-12-01T02:21:53.070+0000] {logging_mixin.py:190} INFO - [2024-12-01T02:21:53.070+0000] {dagbag.py:588} INFO - Filling up the DagBag from /home/airflow/.local/lib/python3.12/site-packages/airflow/example_dags/example_dataset_alias.py
[2024-12-01T02:21:53.534+0000] {processor.py:925} INFO - DAG(s) 'dataset_alias_example_alias_consumer', 'dataset_s3_bucket_consumer', 'dataset_alias_example_alias_producer', 'dataset_s3_bucket_producer' retrieved from /home/airflow/.local/lib/python3.12/site-packages/airflow/example_dags/example_dataset_alias.py
[2024-12-01T02:21:53.557+0000] {logging_mixin.py:190} INFO - [2024-12-01T02:21:53.556+0000] {dag.py:3239} INFO - Sync 4 DAGs
[2024-12-01T02:21:53.617+0000] {logging_mixin.py:190} INFO - [2024-12-01T02:21:53.616+0000] {dag.py:4180} INFO - Setting next_dagrun for dataset_alias_example_alias_consumer to None, run_after=None
[2024-12-01T02:21:53.622+0000] {logging_mixin.py:190} INFO - [2024-12-01T02:21:53.622+0000] {dag.py:4180} INFO - Setting next_dagrun for dataset_alias_example_alias_producer to None, run_after=None
[2024-12-01T02:21:53.625+0000] {logging_mixin.py:190} INFO - [2024-12-01T02:21:53.624+0000] {dag.py:4180} INFO - Setting next_dagrun for dataset_s3_bucket_consumer to None, run_after=None
[2024-12-01T02:21:53.630+0000] {logging_mixin.py:190} INFO - [2024-12-01T02:21:53.629+0000] {dag.py:4180} INFO - Setting next_dagrun for dataset_s3_bucket_producer to None, run_after=None
[2024-12-01T02:21:53.681+0000] {processor.py:208} INFO - Processing /home/airflow/.local/lib/python3.12/site-packages/airflow/example_dags/example_dataset_alias.py took 0.620 seconds
[2024-12-01T02:22:23.976+0000] {processor.py:186} INFO - Started process (PID=52017) to work on /home/airflow/.local/lib/python3.12/site-packages/airflow/example_dags/example_dataset_alias.py
[2024-12-01T02:22:23.977+0000] {processor.py:914} INFO - Processing file /home/airflow/.local/lib/python3.12/site-packages/airflow/example_dags/example_dataset_alias.py for tasks to queue
[2024-12-01T02:22:23.979+0000] {logging_mixin.py:190} INFO - [2024-12-01T02:22:23.979+0000] {dagbag.py:588} INFO - Filling up the DagBag from /home/airflow/.local/lib/python3.12/site-packages/airflow/example_dags/example_dataset_alias.py
[2024-12-01T02:22:24.427+0000] {processor.py:925} INFO - DAG(s) 'dataset_s3_bucket_consumer', 'dataset_alias_example_alias_producer', 'dataset_alias_example_alias_consumer', 'dataset_s3_bucket_producer' retrieved from /home/airflow/.local/lib/python3.12/site-packages/airflow/example_dags/example_dataset_alias.py
[2024-12-01T02:22:24.452+0000] {logging_mixin.py:190} INFO - [2024-12-01T02:22:24.452+0000] {dag.py:3239} INFO - Sync 4 DAGs
[2024-12-01T02:22:24.474+0000] {logging_mixin.py:190} INFO - [2024-12-01T02:22:24.473+0000] {dag.py:4180} INFO - Setting next_dagrun for dataset_alias_example_alias_consumer to None, run_after=None
[2024-12-01T02:22:24.477+0000] {logging_mixin.py:190} INFO - [2024-12-01T02:22:24.477+0000] {dag.py:4180} INFO - Setting next_dagrun for dataset_alias_example_alias_producer to None, run_after=None
[2024-12-01T02:22:24.479+0000] {logging_mixin.py:190} INFO - [2024-12-01T02:22:24.479+0000] {dag.py:4180} INFO - Setting next_dagrun for dataset_s3_bucket_consumer to None, run_after=None
[2024-12-01T02:22:24.480+0000] {logging_mixin.py:190} INFO - [2024-12-01T02:22:24.480+0000] {dag.py:4180} INFO - Setting next_dagrun for dataset_s3_bucket_producer to None, run_after=None
[2024-12-01T02:22:24.500+0000] {processor.py:208} INFO - Processing /home/airflow/.local/lib/python3.12/site-packages/airflow/example_dags/example_dataset_alias.py took 0.530 seconds
[2024-12-01T02:22:54.965+0000] {processor.py:186} INFO - Started process (PID=52082) to work on /home/airflow/.local/lib/python3.12/site-packages/airflow/example_dags/example_dataset_alias.py
[2024-12-01T02:22:54.966+0000] {processor.py:914} INFO - Processing file /home/airflow/.local/lib/python3.12/site-packages/airflow/example_dags/example_dataset_alias.py for tasks to queue
[2024-12-01T02:22:54.969+0000] {logging_mixin.py:190} INFO - [2024-12-01T02:22:54.969+0000] {dagbag.py:588} INFO - Filling up the DagBag from /home/airflow/.local/lib/python3.12/site-packages/airflow/example_dags/example_dataset_alias.py
[2024-12-01T02:22:55.399+0000] {processor.py:925} INFO - DAG(s) 'dataset_alias_example_alias_producer', 'dataset_alias_example_alias_consumer', 'dataset_s3_bucket_producer', 'dataset_s3_bucket_consumer' retrieved from /home/airflow/.local/lib/python3.12/site-packages/airflow/example_dags/example_dataset_alias.py
[2024-12-01T02:22:55.420+0000] {logging_mixin.py:190} INFO - [2024-12-01T02:22:55.420+0000] {dag.py:3239} INFO - Sync 4 DAGs
[2024-12-01T02:22:55.441+0000] {logging_mixin.py:190} INFO - [2024-12-01T02:22:55.441+0000] {dag.py:4180} INFO - Setting next_dagrun for dataset_alias_example_alias_consumer to None, run_after=None
[2024-12-01T02:22:55.444+0000] {logging_mixin.py:190} INFO - [2024-12-01T02:22:55.444+0000] {dag.py:4180} INFO - Setting next_dagrun for dataset_alias_example_alias_producer to None, run_after=None
[2024-12-01T02:22:55.446+0000] {logging_mixin.py:190} INFO - [2024-12-01T02:22:55.446+0000] {dag.py:4180} INFO - Setting next_dagrun for dataset_s3_bucket_consumer to None, run_after=None
[2024-12-01T02:22:55.447+0000] {logging_mixin.py:190} INFO - [2024-12-01T02:22:55.447+0000] {dag.py:4180} INFO - Setting next_dagrun for dataset_s3_bucket_producer to None, run_after=None
[2024-12-01T02:22:55.467+0000] {processor.py:208} INFO - Processing /home/airflow/.local/lib/python3.12/site-packages/airflow/example_dags/example_dataset_alias.py took 0.507 seconds
[2024-12-01T02:23:25.749+0000] {processor.py:186} INFO - Started process (PID=52152) to work on /home/airflow/.local/lib/python3.12/site-packages/airflow/example_dags/example_dataset_alias.py
[2024-12-01T02:23:25.750+0000] {processor.py:914} INFO - Processing file /home/airflow/.local/lib/python3.12/site-packages/airflow/example_dags/example_dataset_alias.py for tasks to queue
[2024-12-01T02:23:25.753+0000] {logging_mixin.py:190} INFO - [2024-12-01T02:23:25.753+0000] {dagbag.py:588} INFO - Filling up the DagBag from /home/airflow/.local/lib/python3.12/site-packages/airflow/example_dags/example_dataset_alias.py
[2024-12-01T02:23:26.140+0000] {processor.py:925} INFO - DAG(s) 'dataset_alias_example_alias_consumer', 'dataset_alias_example_alias_producer', 'dataset_s3_bucket_consumer', 'dataset_s3_bucket_producer' retrieved from /home/airflow/.local/lib/python3.12/site-packages/airflow/example_dags/example_dataset_alias.py
[2024-12-01T02:23:26.160+0000] {logging_mixin.py:190} INFO - [2024-12-01T02:23:26.160+0000] {dag.py:3239} INFO - Sync 4 DAGs
[2024-12-01T02:23:26.184+0000] {logging_mixin.py:190} INFO - [2024-12-01T02:23:26.183+0000] {dag.py:4180} INFO - Setting next_dagrun for dataset_alias_example_alias_consumer to None, run_after=None
[2024-12-01T02:23:26.187+0000] {logging_mixin.py:190} INFO - [2024-12-01T02:23:26.187+0000] {dag.py:4180} INFO - Setting next_dagrun for dataset_alias_example_alias_producer to None, run_after=None
[2024-12-01T02:23:26.188+0000] {logging_mixin.py:190} INFO - [2024-12-01T02:23:26.188+0000] {dag.py:4180} INFO - Setting next_dagrun for dataset_s3_bucket_consumer to None, run_after=None
[2024-12-01T02:23:26.190+0000] {logging_mixin.py:190} INFO - [2024-12-01T02:23:26.189+0000] {dag.py:4180} INFO - Setting next_dagrun for dataset_s3_bucket_producer to None, run_after=None
[2024-12-01T02:23:26.209+0000] {processor.py:208} INFO - Processing /home/airflow/.local/lib/python3.12/site-packages/airflow/example_dags/example_dataset_alias.py took 0.465 seconds
[2024-12-01T02:23:56.247+0000] {processor.py:186} INFO - Started process (PID=52221) to work on /home/airflow/.local/lib/python3.12/site-packages/airflow/example_dags/example_dataset_alias.py
[2024-12-01T02:23:56.248+0000] {processor.py:914} INFO - Processing file /home/airflow/.local/lib/python3.12/site-packages/airflow/example_dags/example_dataset_alias.py for tasks to queue
[2024-12-01T02:23:56.251+0000] {logging_mixin.py:190} INFO - [2024-12-01T02:23:56.250+0000] {dagbag.py:588} INFO - Filling up the DagBag from /home/airflow/.local/lib/python3.12/site-packages/airflow/example_dags/example_dataset_alias.py
[2024-12-01T02:23:56.545+0000] {processor.py:925} INFO - DAG(s) 'dataset_alias_example_alias_consumer', 'dataset_s3_bucket_consumer', 'dataset_s3_bucket_producer', 'dataset_alias_example_alias_producer' retrieved from /home/airflow/.local/lib/python3.12/site-packages/airflow/example_dags/example_dataset_alias.py
[2024-12-01T02:23:56.567+0000] {logging_mixin.py:190} INFO - [2024-12-01T02:23:56.566+0000] {dag.py:3239} INFO - Sync 4 DAGs
[2024-12-01T02:23:56.589+0000] {logging_mixin.py:190} INFO - [2024-12-01T02:23:56.589+0000] {dag.py:4180} INFO - Setting next_dagrun for dataset_alias_example_alias_consumer to None, run_after=None
[2024-12-01T02:23:56.592+0000] {logging_mixin.py:190} INFO - [2024-12-01T02:23:56.592+0000] {dag.py:4180} INFO - Setting next_dagrun for dataset_alias_example_alias_producer to None, run_after=None
[2024-12-01T02:23:56.594+0000] {logging_mixin.py:190} INFO - [2024-12-01T02:23:56.593+0000] {dag.py:4180} INFO - Setting next_dagrun for dataset_s3_bucket_consumer to None, run_after=None
[2024-12-01T02:23:56.595+0000] {logging_mixin.py:190} INFO - [2024-12-01T02:23:56.595+0000] {dag.py:4180} INFO - Setting next_dagrun for dataset_s3_bucket_producer to None, run_after=None
[2024-12-01T02:23:56.617+0000] {processor.py:208} INFO - Processing /home/airflow/.local/lib/python3.12/site-packages/airflow/example_dags/example_dataset_alias.py took 0.375 seconds
[2024-12-01T02:24:27.301+0000] {processor.py:186} INFO - Started process (PID=52282) to work on /home/airflow/.local/lib/python3.12/site-packages/airflow/example_dags/example_dataset_alias.py
[2024-12-01T02:24:27.302+0000] {processor.py:914} INFO - Processing file /home/airflow/.local/lib/python3.12/site-packages/airflow/example_dags/example_dataset_alias.py for tasks to queue
[2024-12-01T02:24:27.305+0000] {logging_mixin.py:190} INFO - [2024-12-01T02:24:27.304+0000] {dagbag.py:588} INFO - Filling up the DagBag from /home/airflow/.local/lib/python3.12/site-packages/airflow/example_dags/example_dataset_alias.py
[2024-12-01T02:24:27.604+0000] {processor.py:925} INFO - DAG(s) 'dataset_alias_example_alias_consumer', 'dataset_alias_example_alias_producer', 'dataset_s3_bucket_producer', 'dataset_s3_bucket_consumer' retrieved from /home/airflow/.local/lib/python3.12/site-packages/airflow/example_dags/example_dataset_alias.py
[2024-12-01T02:24:27.625+0000] {logging_mixin.py:190} INFO - [2024-12-01T02:24:27.624+0000] {dag.py:3239} INFO - Sync 4 DAGs
[2024-12-01T02:24:27.649+0000] {logging_mixin.py:190} INFO - [2024-12-01T02:24:27.648+0000] {dag.py:4180} INFO - Setting next_dagrun for dataset_alias_example_alias_consumer to None, run_after=None
[2024-12-01T02:24:27.651+0000] {logging_mixin.py:190} INFO - [2024-12-01T02:24:27.651+0000] {dag.py:4180} INFO - Setting next_dagrun for dataset_alias_example_alias_producer to None, run_after=None
[2024-12-01T02:24:27.653+0000] {logging_mixin.py:190} INFO - [2024-12-01T02:24:27.653+0000] {dag.py:4180} INFO - Setting next_dagrun for dataset_s3_bucket_consumer to None, run_after=None
[2024-12-01T02:24:27.655+0000] {logging_mixin.py:190} INFO - [2024-12-01T02:24:27.654+0000] {dag.py:4180} INFO - Setting next_dagrun for dataset_s3_bucket_producer to None, run_after=None
[2024-12-01T02:24:27.676+0000] {processor.py:208} INFO - Processing /home/airflow/.local/lib/python3.12/site-packages/airflow/example_dags/example_dataset_alias.py took 0.380 seconds
[2024-12-01T02:24:58.781+0000] {processor.py:186} INFO - Started process (PID=52348) to work on /home/airflow/.local/lib/python3.12/site-packages/airflow/example_dags/example_dataset_alias.py
[2024-12-01T02:24:58.782+0000] {processor.py:914} INFO - Processing file /home/airflow/.local/lib/python3.12/site-packages/airflow/example_dags/example_dataset_alias.py for tasks to queue
[2024-12-01T02:24:58.784+0000] {logging_mixin.py:190} INFO - [2024-12-01T02:24:58.784+0000] {dagbag.py:588} INFO - Filling up the DagBag from /home/airflow/.local/lib/python3.12/site-packages/airflow/example_dags/example_dataset_alias.py
[2024-12-01T02:24:59.125+0000] {processor.py:925} INFO - DAG(s) 'dataset_alias_example_alias_consumer', 'dataset_s3_bucket_consumer', 'dataset_s3_bucket_producer', 'dataset_alias_example_alias_producer' retrieved from /home/airflow/.local/lib/python3.12/site-packages/airflow/example_dags/example_dataset_alias.py
[2024-12-01T02:24:59.147+0000] {logging_mixin.py:190} INFO - [2024-12-01T02:24:59.147+0000] {dag.py:3239} INFO - Sync 4 DAGs
[2024-12-01T02:24:59.170+0000] {logging_mixin.py:190} INFO - [2024-12-01T02:24:59.170+0000] {dag.py:4180} INFO - Setting next_dagrun for dataset_alias_example_alias_consumer to None, run_after=None
[2024-12-01T02:24:59.173+0000] {logging_mixin.py:190} INFO - [2024-12-01T02:24:59.173+0000] {dag.py:4180} INFO - Setting next_dagrun for dataset_alias_example_alias_producer to None, run_after=None
[2024-12-01T02:24:59.175+0000] {logging_mixin.py:190} INFO - [2024-12-01T02:24:59.174+0000] {dag.py:4180} INFO - Setting next_dagrun for dataset_s3_bucket_consumer to None, run_after=None
[2024-12-01T02:24:59.176+0000] {logging_mixin.py:190} INFO - [2024-12-01T02:24:59.176+0000] {dag.py:4180} INFO - Setting next_dagrun for dataset_s3_bucket_producer to None, run_after=None
[2024-12-01T02:24:59.199+0000] {processor.py:208} INFO - Processing /home/airflow/.local/lib/python3.12/site-packages/airflow/example_dags/example_dataset_alias.py took 0.423 seconds
[2024-12-01T02:25:29.280+0000] {processor.py:186} INFO - Started process (PID=52414) to work on /home/airflow/.local/lib/python3.12/site-packages/airflow/example_dags/example_dataset_alias.py
[2024-12-01T02:25:29.281+0000] {processor.py:914} INFO - Processing file /home/airflow/.local/lib/python3.12/site-packages/airflow/example_dags/example_dataset_alias.py for tasks to queue
[2024-12-01T02:25:29.283+0000] {logging_mixin.py:190} INFO - [2024-12-01T02:25:29.283+0000] {dagbag.py:588} INFO - Filling up the DagBag from /home/airflow/.local/lib/python3.12/site-packages/airflow/example_dags/example_dataset_alias.py
[2024-12-01T02:25:29.625+0000] {processor.py:925} INFO - DAG(s) 'dataset_s3_bucket_consumer', 'dataset_s3_bucket_producer', 'dataset_alias_example_alias_producer', 'dataset_alias_example_alias_consumer' retrieved from /home/airflow/.local/lib/python3.12/site-packages/airflow/example_dags/example_dataset_alias.py
[2024-12-01T02:25:29.645+0000] {logging_mixin.py:190} INFO - [2024-12-01T02:25:29.644+0000] {dag.py:3239} INFO - Sync 4 DAGs
[2024-12-01T02:25:29.667+0000] {logging_mixin.py:190} INFO - [2024-12-01T02:25:29.667+0000] {dag.py:4180} INFO - Setting next_dagrun for dataset_alias_example_alias_consumer to None, run_after=None
[2024-12-01T02:25:29.670+0000] {logging_mixin.py:190} INFO - [2024-12-01T02:25:29.670+0000] {dag.py:4180} INFO - Setting next_dagrun for dataset_alias_example_alias_producer to None, run_after=None
[2024-12-01T02:25:29.671+0000] {logging_mixin.py:190} INFO - [2024-12-01T02:25:29.671+0000] {dag.py:4180} INFO - Setting next_dagrun for dataset_s3_bucket_consumer to None, run_after=None
[2024-12-01T02:25:29.672+0000] {logging_mixin.py:190} INFO - [2024-12-01T02:25:29.672+0000] {dag.py:4180} INFO - Setting next_dagrun for dataset_s3_bucket_producer to None, run_after=None
[2024-12-01T02:25:29.693+0000] {processor.py:208} INFO - Processing /home/airflow/.local/lib/python3.12/site-packages/airflow/example_dags/example_dataset_alias.py took 0.418 seconds
[2024-12-01T02:25:59.913+0000] {processor.py:186} INFO - Started process (PID=52485) to work on /home/airflow/.local/lib/python3.12/site-packages/airflow/example_dags/example_dataset_alias.py
[2024-12-01T02:25:59.914+0000] {processor.py:914} INFO - Processing file /home/airflow/.local/lib/python3.12/site-packages/airflow/example_dags/example_dataset_alias.py for tasks to queue
[2024-12-01T02:25:59.916+0000] {logging_mixin.py:190} INFO - [2024-12-01T02:25:59.916+0000] {dagbag.py:588} INFO - Filling up the DagBag from /home/airflow/.local/lib/python3.12/site-packages/airflow/example_dags/example_dataset_alias.py
[2024-12-01T02:26:00.215+0000] {processor.py:925} INFO - DAG(s) 'dataset_s3_bucket_consumer', 'dataset_alias_example_alias_producer', 'dataset_s3_bucket_producer', 'dataset_alias_example_alias_consumer' retrieved from /home/airflow/.local/lib/python3.12/site-packages/airflow/example_dags/example_dataset_alias.py
[2024-12-01T02:26:00.236+0000] {logging_mixin.py:190} INFO - [2024-12-01T02:26:00.235+0000] {dag.py:3239} INFO - Sync 4 DAGs
[2024-12-01T02:26:00.265+0000] {logging_mixin.py:190} INFO - [2024-12-01T02:26:00.265+0000] {dag.py:4180} INFO - Setting next_dagrun for dataset_alias_example_alias_consumer to None, run_after=None
[2024-12-01T02:26:00.268+0000] {logging_mixin.py:190} INFO - [2024-12-01T02:26:00.268+0000] {dag.py:4180} INFO - Setting next_dagrun for dataset_alias_example_alias_producer to None, run_after=None
[2024-12-01T02:26:00.271+0000] {logging_mixin.py:190} INFO - [2024-12-01T02:26:00.270+0000] {dag.py:4180} INFO - Setting next_dagrun for dataset_s3_bucket_consumer to None, run_after=None
[2024-12-01T02:26:00.272+0000] {logging_mixin.py:190} INFO - [2024-12-01T02:26:00.272+0000] {dag.py:4180} INFO - Setting next_dagrun for dataset_s3_bucket_producer to None, run_after=None
[2024-12-01T02:26:00.294+0000] {processor.py:208} INFO - Processing /home/airflow/.local/lib/python3.12/site-packages/airflow/example_dags/example_dataset_alias.py took 0.386 seconds
[2024-12-01T02:26:30.765+0000] {processor.py:186} INFO - Started process (PID=52553) to work on /home/airflow/.local/lib/python3.12/site-packages/airflow/example_dags/example_dataset_alias.py
[2024-12-01T02:26:30.767+0000] {processor.py:914} INFO - Processing file /home/airflow/.local/lib/python3.12/site-packages/airflow/example_dags/example_dataset_alias.py for tasks to queue
[2024-12-01T02:26:30.770+0000] {logging_mixin.py:190} INFO - [2024-12-01T02:26:30.769+0000] {dagbag.py:588} INFO - Filling up the DagBag from /home/airflow/.local/lib/python3.12/site-packages/airflow/example_dags/example_dataset_alias.py
[2024-12-01T02:26:31.107+0000] {processor.py:925} INFO - DAG(s) 'dataset_alias_example_alias_consumer', 'dataset_alias_example_alias_producer', 'dataset_s3_bucket_consumer', 'dataset_s3_bucket_producer' retrieved from /home/airflow/.local/lib/python3.12/site-packages/airflow/example_dags/example_dataset_alias.py
[2024-12-01T02:26:31.130+0000] {logging_mixin.py:190} INFO - [2024-12-01T02:26:31.130+0000] {dag.py:3239} INFO - Sync 4 DAGs
[2024-12-01T02:26:31.153+0000] {logging_mixin.py:190} INFO - [2024-12-01T02:26:31.153+0000] {dag.py:4180} INFO - Setting next_dagrun for dataset_alias_example_alias_consumer to None, run_after=None
[2024-12-01T02:26:31.156+0000] {logging_mixin.py:190} INFO - [2024-12-01T02:26:31.156+0000] {dag.py:4180} INFO - Setting next_dagrun for dataset_alias_example_alias_producer to None, run_after=None
[2024-12-01T02:26:31.158+0000] {logging_mixin.py:190} INFO - [2024-12-01T02:26:31.157+0000] {dag.py:4180} INFO - Setting next_dagrun for dataset_s3_bucket_consumer to None, run_after=None
[2024-12-01T02:26:31.159+0000] {logging_mixin.py:190} INFO - [2024-12-01T02:26:31.159+0000] {dag.py:4180} INFO - Setting next_dagrun for dataset_s3_bucket_producer to None, run_after=None
[2024-12-01T02:26:31.181+0000] {processor.py:208} INFO - Processing /home/airflow/.local/lib/python3.12/site-packages/airflow/example_dags/example_dataset_alias.py took 0.423 seconds
[2024-12-01T02:27:01.349+0000] {processor.py:186} INFO - Started process (PID=52621) to work on /home/airflow/.local/lib/python3.12/site-packages/airflow/example_dags/example_dataset_alias.py
[2024-12-01T02:27:01.350+0000] {processor.py:914} INFO - Processing file /home/airflow/.local/lib/python3.12/site-packages/airflow/example_dags/example_dataset_alias.py for tasks to queue
[2024-12-01T02:27:01.352+0000] {logging_mixin.py:190} INFO - [2024-12-01T02:27:01.352+0000] {dagbag.py:588} INFO - Filling up the DagBag from /home/airflow/.local/lib/python3.12/site-packages/airflow/example_dags/example_dataset_alias.py
[2024-12-01T02:27:01.690+0000] {processor.py:925} INFO - DAG(s) 'dataset_s3_bucket_consumer', 'dataset_alias_example_alias_consumer', 'dataset_alias_example_alias_producer', 'dataset_s3_bucket_producer' retrieved from /home/airflow/.local/lib/python3.12/site-packages/airflow/example_dags/example_dataset_alias.py
[2024-12-01T02:27:01.712+0000] {logging_mixin.py:190} INFO - [2024-12-01T02:27:01.712+0000] {dag.py:3239} INFO - Sync 4 DAGs
[2024-12-01T02:27:01.734+0000] {logging_mixin.py:190} INFO - [2024-12-01T02:27:01.734+0000] {dag.py:4180} INFO - Setting next_dagrun for dataset_alias_example_alias_consumer to None, run_after=None
[2024-12-01T02:27:01.737+0000] {logging_mixin.py:190} INFO - [2024-12-01T02:27:01.737+0000] {dag.py:4180} INFO - Setting next_dagrun for dataset_alias_example_alias_producer to None, run_after=None
[2024-12-01T02:27:01.738+0000] {logging_mixin.py:190} INFO - [2024-12-01T02:27:01.738+0000] {dag.py:4180} INFO - Setting next_dagrun for dataset_s3_bucket_consumer to None, run_after=None
[2024-12-01T02:27:01.739+0000] {logging_mixin.py:190} INFO - [2024-12-01T02:27:01.739+0000] {dag.py:4180} INFO - Setting next_dagrun for dataset_s3_bucket_producer to None, run_after=None
[2024-12-01T02:27:01.759+0000] {processor.py:208} INFO - Processing /home/airflow/.local/lib/python3.12/site-packages/airflow/example_dags/example_dataset_alias.py took 0.416 seconds
[2024-12-01T02:27:31.920+0000] {processor.py:186} INFO - Started process (PID=52689) to work on /home/airflow/.local/lib/python3.12/site-packages/airflow/example_dags/example_dataset_alias.py
[2024-12-01T02:27:31.921+0000] {processor.py:914} INFO - Processing file /home/airflow/.local/lib/python3.12/site-packages/airflow/example_dags/example_dataset_alias.py for tasks to queue
[2024-12-01T02:27:31.923+0000] {logging_mixin.py:190} INFO - [2024-12-01T02:27:31.923+0000] {dagbag.py:588} INFO - Filling up the DagBag from /home/airflow/.local/lib/python3.12/site-packages/airflow/example_dags/example_dataset_alias.py
[2024-12-01T02:27:32.227+0000] {processor.py:925} INFO - DAG(s) 'dataset_alias_example_alias_producer', 'dataset_alias_example_alias_consumer', 'dataset_s3_bucket_consumer', 'dataset_s3_bucket_producer' retrieved from /home/airflow/.local/lib/python3.12/site-packages/airflow/example_dags/example_dataset_alias.py
[2024-12-01T02:27:32.252+0000] {logging_mixin.py:190} INFO - [2024-12-01T02:27:32.251+0000] {dag.py:3239} INFO - Sync 4 DAGs
[2024-12-01T02:27:32.274+0000] {logging_mixin.py:190} INFO - [2024-12-01T02:27:32.273+0000] {dag.py:4180} INFO - Setting next_dagrun for dataset_alias_example_alias_consumer to None, run_after=None
[2024-12-01T02:27:32.277+0000] {logging_mixin.py:190} INFO - [2024-12-01T02:27:32.277+0000] {dag.py:4180} INFO - Setting next_dagrun for dataset_alias_example_alias_producer to None, run_after=None
[2024-12-01T02:27:32.279+0000] {logging_mixin.py:190} INFO - [2024-12-01T02:27:32.278+0000] {dag.py:4180} INFO - Setting next_dagrun for dataset_s3_bucket_consumer to None, run_after=None
[2024-12-01T02:27:32.280+0000] {logging_mixin.py:190} INFO - [2024-12-01T02:27:32.280+0000] {dag.py:4180} INFO - Setting next_dagrun for dataset_s3_bucket_producer to None, run_after=None
[2024-12-01T02:27:32.301+0000] {processor.py:208} INFO - Processing /home/airflow/.local/lib/python3.12/site-packages/airflow/example_dags/example_dataset_alias.py took 0.387 seconds
[2024-12-01T02:28:03.119+0000] {processor.py:186} INFO - Started process (PID=52750) to work on /home/airflow/.local/lib/python3.12/site-packages/airflow/example_dags/example_dataset_alias.py
[2024-12-01T02:28:03.120+0000] {processor.py:914} INFO - Processing file /home/airflow/.local/lib/python3.12/site-packages/airflow/example_dags/example_dataset_alias.py for tasks to queue
[2024-12-01T02:28:03.122+0000] {logging_mixin.py:190} INFO - [2024-12-01T02:28:03.122+0000] {dagbag.py:588} INFO - Filling up the DagBag from /home/airflow/.local/lib/python3.12/site-packages/airflow/example_dags/example_dataset_alias.py
[2024-12-01T02:28:03.453+0000] {processor.py:925} INFO - DAG(s) 'dataset_s3_bucket_producer', 'dataset_s3_bucket_consumer', 'dataset_alias_example_alias_consumer', 'dataset_alias_example_alias_producer' retrieved from /home/airflow/.local/lib/python3.12/site-packages/airflow/example_dags/example_dataset_alias.py
[2024-12-01T02:28:03.474+0000] {logging_mixin.py:190} INFO - [2024-12-01T02:28:03.474+0000] {dag.py:3239} INFO - Sync 4 DAGs
[2024-12-01T02:28:03.498+0000] {logging_mixin.py:190} INFO - [2024-12-01T02:28:03.497+0000] {dag.py:4180} INFO - Setting next_dagrun for dataset_alias_example_alias_consumer to None, run_after=None
[2024-12-01T02:28:03.500+0000] {logging_mixin.py:190} INFO - [2024-12-01T02:28:03.500+0000] {dag.py:4180} INFO - Setting next_dagrun for dataset_alias_example_alias_producer to None, run_after=None
[2024-12-01T02:28:03.502+0000] {logging_mixin.py:190} INFO - [2024-12-01T02:28:03.502+0000] {dag.py:4180} INFO - Setting next_dagrun for dataset_s3_bucket_consumer to None, run_after=None
[2024-12-01T02:28:03.503+0000] {logging_mixin.py:190} INFO - [2024-12-01T02:28:03.503+0000] {dag.py:4180} INFO - Setting next_dagrun for dataset_s3_bucket_producer to None, run_after=None
[2024-12-01T02:28:03.531+0000] {processor.py:208} INFO - Processing /home/airflow/.local/lib/python3.12/site-packages/airflow/example_dags/example_dataset_alias.py took 0.417 seconds
[2024-12-01T02:28:33.670+0000] {processor.py:186} INFO - Started process (PID=52816) to work on /home/airflow/.local/lib/python3.12/site-packages/airflow/example_dags/example_dataset_alias.py
[2024-12-01T02:28:33.671+0000] {processor.py:914} INFO - Processing file /home/airflow/.local/lib/python3.12/site-packages/airflow/example_dags/example_dataset_alias.py for tasks to queue
[2024-12-01T02:28:33.673+0000] {logging_mixin.py:190} INFO - [2024-12-01T02:28:33.673+0000] {dagbag.py:588} INFO - Filling up the DagBag from /home/airflow/.local/lib/python3.12/site-packages/airflow/example_dags/example_dataset_alias.py
[2024-12-01T02:28:33.986+0000] {processor.py:925} INFO - DAG(s) 'dataset_alias_example_alias_consumer', 'dataset_s3_bucket_producer', 'dataset_s3_bucket_consumer', 'dataset_alias_example_alias_producer' retrieved from /home/airflow/.local/lib/python3.12/site-packages/airflow/example_dags/example_dataset_alias.py
[2024-12-01T02:28:34.008+0000] {logging_mixin.py:190} INFO - [2024-12-01T02:28:34.008+0000] {dag.py:3239} INFO - Sync 4 DAGs
[2024-12-01T02:28:34.032+0000] {logging_mixin.py:190} INFO - [2024-12-01T02:28:34.032+0000] {dag.py:4180} INFO - Setting next_dagrun for dataset_alias_example_alias_consumer to None, run_after=None
[2024-12-01T02:28:34.034+0000] {logging_mixin.py:190} INFO - [2024-12-01T02:28:34.034+0000] {dag.py:4180} INFO - Setting next_dagrun for dataset_alias_example_alias_producer to None, run_after=None
[2024-12-01T02:28:34.036+0000] {logging_mixin.py:190} INFO - [2024-12-01T02:28:34.036+0000] {dag.py:4180} INFO - Setting next_dagrun for dataset_s3_bucket_consumer to None, run_after=None
[2024-12-01T02:28:34.037+0000] {logging_mixin.py:190} INFO - [2024-12-01T02:28:34.037+0000] {dag.py:4180} INFO - Setting next_dagrun for dataset_s3_bucket_producer to None, run_after=None
[2024-12-01T02:28:34.058+0000] {processor.py:208} INFO - Processing /home/airflow/.local/lib/python3.12/site-packages/airflow/example_dags/example_dataset_alias.py took 0.394 seconds
[2024-12-01T02:29:04.115+0000] {processor.py:186} INFO - Started process (PID=52880) to work on /home/airflow/.local/lib/python3.12/site-packages/airflow/example_dags/example_dataset_alias.py
[2024-12-01T02:29:04.116+0000] {processor.py:914} INFO - Processing file /home/airflow/.local/lib/python3.12/site-packages/airflow/example_dags/example_dataset_alias.py for tasks to queue
[2024-12-01T02:29:04.120+0000] {logging_mixin.py:190} INFO - [2024-12-01T02:29:04.119+0000] {dagbag.py:588} INFO - Filling up the DagBag from /home/airflow/.local/lib/python3.12/site-packages/airflow/example_dags/example_dataset_alias.py
[2024-12-01T02:29:04.429+0000] {processor.py:925} INFO - DAG(s) 'dataset_s3_bucket_producer', 'dataset_alias_example_alias_producer', 'dataset_s3_bucket_consumer', 'dataset_alias_example_alias_consumer' retrieved from /home/airflow/.local/lib/python3.12/site-packages/airflow/example_dags/example_dataset_alias.py
[2024-12-01T02:29:04.452+0000] {logging_mixin.py:190} INFO - [2024-12-01T02:29:04.451+0000] {dag.py:3239} INFO - Sync 4 DAGs
[2024-12-01T02:29:04.476+0000] {logging_mixin.py:190} INFO - [2024-12-01T02:29:04.476+0000] {dag.py:4180} INFO - Setting next_dagrun for dataset_alias_example_alias_consumer to None, run_after=None
[2024-12-01T02:29:04.480+0000] {logging_mixin.py:190} INFO - [2024-12-01T02:29:04.479+0000] {dag.py:4180} INFO - Setting next_dagrun for dataset_alias_example_alias_producer to None, run_after=None
[2024-12-01T02:29:04.482+0000] {logging_mixin.py:190} INFO - [2024-12-01T02:29:04.481+0000] {dag.py:4180} INFO - Setting next_dagrun for dataset_s3_bucket_consumer to None, run_after=None
[2024-12-01T02:29:04.483+0000] {logging_mixin.py:190} INFO - [2024-12-01T02:29:04.483+0000] {dag.py:4180} INFO - Setting next_dagrun for dataset_s3_bucket_producer to None, run_after=None
[2024-12-01T02:29:04.506+0000] {processor.py:208} INFO - Processing /home/airflow/.local/lib/python3.12/site-packages/airflow/example_dags/example_dataset_alias.py took 0.397 seconds
[2024-12-01T02:29:34.551+0000] {processor.py:186} INFO - Started process (PID=52944) to work on /home/airflow/.local/lib/python3.12/site-packages/airflow/example_dags/example_dataset_alias.py
[2024-12-01T02:29:34.552+0000] {processor.py:914} INFO - Processing file /home/airflow/.local/lib/python3.12/site-packages/airflow/example_dags/example_dataset_alias.py for tasks to queue
[2024-12-01T02:29:34.554+0000] {logging_mixin.py:190} INFO - [2024-12-01T02:29:34.554+0000] {dagbag.py:588} INFO - Filling up the DagBag from /home/airflow/.local/lib/python3.12/site-packages/airflow/example_dags/example_dataset_alias.py
[2024-12-01T02:29:34.932+0000] {processor.py:925} INFO - DAG(s) 'dataset_s3_bucket_consumer', 'dataset_alias_example_alias_consumer', 'dataset_s3_bucket_producer', 'dataset_alias_example_alias_producer' retrieved from /home/airflow/.local/lib/python3.12/site-packages/airflow/example_dags/example_dataset_alias.py
[2024-12-01T02:29:34.954+0000] {logging_mixin.py:190} INFO - [2024-12-01T02:29:34.953+0000] {dag.py:3239} INFO - Sync 4 DAGs
[2024-12-01T02:29:34.975+0000] {logging_mixin.py:190} INFO - [2024-12-01T02:29:34.975+0000] {dag.py:4180} INFO - Setting next_dagrun for dataset_alias_example_alias_consumer to None, run_after=None
[2024-12-01T02:29:34.979+0000] {logging_mixin.py:190} INFO - [2024-12-01T02:29:34.979+0000] {dag.py:4180} INFO - Setting next_dagrun for dataset_alias_example_alias_producer to None, run_after=None
[2024-12-01T02:29:34.981+0000] {logging_mixin.py:190} INFO - [2024-12-01T02:29:34.980+0000] {dag.py:4180} INFO - Setting next_dagrun for dataset_s3_bucket_consumer to None, run_after=None
[2024-12-01T02:29:34.982+0000] {logging_mixin.py:190} INFO - [2024-12-01T02:29:34.982+0000] {dag.py:4180} INFO - Setting next_dagrun for dataset_s3_bucket_producer to None, run_after=None
[2024-12-01T02:29:35.001+0000] {processor.py:208} INFO - Processing /home/airflow/.local/lib/python3.12/site-packages/airflow/example_dags/example_dataset_alias.py took 0.456 seconds
[2024-12-01T02:30:05.948+0000] {processor.py:186} INFO - Started process (PID=53011) to work on /home/airflow/.local/lib/python3.12/site-packages/airflow/example_dags/example_dataset_alias.py
[2024-12-01T02:30:05.949+0000] {processor.py:914} INFO - Processing file /home/airflow/.local/lib/python3.12/site-packages/airflow/example_dags/example_dataset_alias.py for tasks to queue
[2024-12-01T02:30:05.951+0000] {logging_mixin.py:190} INFO - [2024-12-01T02:30:05.951+0000] {dagbag.py:588} INFO - Filling up the DagBag from /home/airflow/.local/lib/python3.12/site-packages/airflow/example_dags/example_dataset_alias.py
[2024-12-01T02:30:06.245+0000] {processor.py:925} INFO - DAG(s) 'dataset_alias_example_alias_consumer', 'dataset_s3_bucket_consumer', 'dataset_alias_example_alias_producer', 'dataset_s3_bucket_producer' retrieved from /home/airflow/.local/lib/python3.12/site-packages/airflow/example_dags/example_dataset_alias.py
[2024-12-01T02:30:06.266+0000] {logging_mixin.py:190} INFO - [2024-12-01T02:30:06.266+0000] {dag.py:3239} INFO - Sync 4 DAGs
[2024-12-01T02:30:06.289+0000] {logging_mixin.py:190} INFO - [2024-12-01T02:30:06.288+0000] {dag.py:4180} INFO - Setting next_dagrun for dataset_alias_example_alias_consumer to None, run_after=None
[2024-12-01T02:30:06.291+0000] {logging_mixin.py:190} INFO - [2024-12-01T02:30:06.291+0000] {dag.py:4180} INFO - Setting next_dagrun for dataset_alias_example_alias_producer to None, run_after=None
[2024-12-01T02:30:06.293+0000] {logging_mixin.py:190} INFO - [2024-12-01T02:30:06.293+0000] {dag.py:4180} INFO - Setting next_dagrun for dataset_s3_bucket_consumer to None, run_after=None
[2024-12-01T02:30:06.294+0000] {logging_mixin.py:190} INFO - [2024-12-01T02:30:06.294+0000] {dag.py:4180} INFO - Setting next_dagrun for dataset_s3_bucket_producer to None, run_after=None
[2024-12-01T02:30:06.318+0000] {processor.py:208} INFO - Processing /home/airflow/.local/lib/python3.12/site-packages/airflow/example_dags/example_dataset_alias.py took 0.376 seconds
[2024-12-01T02:30:36.624+0000] {processor.py:186} INFO - Started process (PID=53078) to work on /home/airflow/.local/lib/python3.12/site-packages/airflow/example_dags/example_dataset_alias.py
[2024-12-01T02:30:36.625+0000] {processor.py:914} INFO - Processing file /home/airflow/.local/lib/python3.12/site-packages/airflow/example_dags/example_dataset_alias.py for tasks to queue
[2024-12-01T02:30:36.628+0000] {logging_mixin.py:190} INFO - [2024-12-01T02:30:36.627+0000] {dagbag.py:588} INFO - Filling up the DagBag from /home/airflow/.local/lib/python3.12/site-packages/airflow/example_dags/example_dataset_alias.py
[2024-12-01T02:30:37.021+0000] {processor.py:925} INFO - DAG(s) 'dataset_s3_bucket_producer', 'dataset_alias_example_alias_producer', 'dataset_s3_bucket_consumer', 'dataset_alias_example_alias_consumer' retrieved from /home/airflow/.local/lib/python3.12/site-packages/airflow/example_dags/example_dataset_alias.py
[2024-12-01T02:30:37.042+0000] {logging_mixin.py:190} INFO - [2024-12-01T02:30:37.041+0000] {dag.py:3239} INFO - Sync 4 DAGs
[2024-12-01T02:30:37.068+0000] {logging_mixin.py:190} INFO - [2024-12-01T02:30:37.068+0000] {dag.py:4180} INFO - Setting next_dagrun for dataset_alias_example_alias_consumer to None, run_after=None
[2024-12-01T02:30:37.070+0000] {logging_mixin.py:190} INFO - [2024-12-01T02:30:37.070+0000] {dag.py:4180} INFO - Setting next_dagrun for dataset_alias_example_alias_producer to None, run_after=None
[2024-12-01T02:30:37.072+0000] {logging_mixin.py:190} INFO - [2024-12-01T02:30:37.072+0000] {dag.py:4180} INFO - Setting next_dagrun for dataset_s3_bucket_consumer to None, run_after=None
[2024-12-01T02:30:37.073+0000] {logging_mixin.py:190} INFO - [2024-12-01T02:30:37.073+0000] {dag.py:4180} INFO - Setting next_dagrun for dataset_s3_bucket_producer to None, run_after=None
[2024-12-01T02:30:37.093+0000] {processor.py:208} INFO - Processing /home/airflow/.local/lib/python3.12/site-packages/airflow/example_dags/example_dataset_alias.py took 0.474 seconds
[2024-12-01T02:31:07.257+0000] {processor.py:186} INFO - Started process (PID=53144) to work on /home/airflow/.local/lib/python3.12/site-packages/airflow/example_dags/example_dataset_alias.py
[2024-12-01T02:31:07.258+0000] {processor.py:914} INFO - Processing file /home/airflow/.local/lib/python3.12/site-packages/airflow/example_dags/example_dataset_alias.py for tasks to queue
[2024-12-01T02:31:07.260+0000] {logging_mixin.py:190} INFO - [2024-12-01T02:31:07.260+0000] {dagbag.py:588} INFO - Filling up the DagBag from /home/airflow/.local/lib/python3.12/site-packages/airflow/example_dags/example_dataset_alias.py
[2024-12-01T02:31:07.570+0000] {processor.py:925} INFO - DAG(s) 'dataset_s3_bucket_consumer', 'dataset_alias_example_alias_consumer', 'dataset_alias_example_alias_producer', 'dataset_s3_bucket_producer' retrieved from /home/airflow/.local/lib/python3.12/site-packages/airflow/example_dags/example_dataset_alias.py
[2024-12-01T02:31:07.591+0000] {logging_mixin.py:190} INFO - [2024-12-01T02:31:07.591+0000] {dag.py:3239} INFO - Sync 4 DAGs
[2024-12-01T02:31:07.625+0000] {logging_mixin.py:190} INFO - [2024-12-01T02:31:07.625+0000] {dag.py:4180} INFO - Setting next_dagrun for dataset_alias_example_alias_consumer to None, run_after=None
[2024-12-01T02:31:07.628+0000] {logging_mixin.py:190} INFO - [2024-12-01T02:31:07.628+0000] {dag.py:4180} INFO - Setting next_dagrun for dataset_alias_example_alias_producer to None, run_after=None
[2024-12-01T02:31:07.631+0000] {logging_mixin.py:190} INFO - [2024-12-01T02:31:07.630+0000] {dag.py:4180} INFO - Setting next_dagrun for dataset_s3_bucket_consumer to None, run_after=None
[2024-12-01T02:31:07.632+0000] {logging_mixin.py:190} INFO - [2024-12-01T02:31:07.632+0000] {dag.py:4180} INFO - Setting next_dagrun for dataset_s3_bucket_producer to None, run_after=None
[2024-12-01T02:31:07.656+0000] {processor.py:208} INFO - Processing /home/airflow/.local/lib/python3.12/site-packages/airflow/example_dags/example_dataset_alias.py took 0.405 seconds
[2024-12-01T02:31:38.509+0000] {processor.py:186} INFO - Started process (PID=53209) to work on /home/airflow/.local/lib/python3.12/site-packages/airflow/example_dags/example_dataset_alias.py
[2024-12-01T02:31:38.509+0000] {processor.py:914} INFO - Processing file /home/airflow/.local/lib/python3.12/site-packages/airflow/example_dags/example_dataset_alias.py for tasks to queue
[2024-12-01T02:31:38.512+0000] {logging_mixin.py:190} INFO - [2024-12-01T02:31:38.512+0000] {dagbag.py:588} INFO - Filling up the DagBag from /home/airflow/.local/lib/python3.12/site-packages/airflow/example_dags/example_dataset_alias.py
[2024-12-01T02:31:38.850+0000] {processor.py:925} INFO - DAG(s) 'dataset_s3_bucket_producer', 'dataset_alias_example_alias_producer', 'dataset_s3_bucket_consumer', 'dataset_alias_example_alias_consumer' retrieved from /home/airflow/.local/lib/python3.12/site-packages/airflow/example_dags/example_dataset_alias.py
[2024-12-01T02:31:38.883+0000] {logging_mixin.py:190} INFO - [2024-12-01T02:31:38.882+0000] {dag.py:3239} INFO - Sync 4 DAGs
[2024-12-01T02:31:38.912+0000] {logging_mixin.py:190} INFO - [2024-12-01T02:31:38.912+0000] {dag.py:4180} INFO - Setting next_dagrun for dataset_alias_example_alias_consumer to None, run_after=None
[2024-12-01T02:31:38.915+0000] {logging_mixin.py:190} INFO - [2024-12-01T02:31:38.915+0000] {dag.py:4180} INFO - Setting next_dagrun for dataset_alias_example_alias_producer to None, run_after=None
[2024-12-01T02:31:38.917+0000] {logging_mixin.py:190} INFO - [2024-12-01T02:31:38.917+0000] {dag.py:4180} INFO - Setting next_dagrun for dataset_s3_bucket_consumer to None, run_after=None
[2024-12-01T02:31:38.918+0000] {logging_mixin.py:190} INFO - [2024-12-01T02:31:38.918+0000] {dag.py:4180} INFO - Setting next_dagrun for dataset_s3_bucket_producer to None, run_after=None
[2024-12-01T02:31:38.944+0000] {processor.py:208} INFO - Processing /home/airflow/.local/lib/python3.12/site-packages/airflow/example_dags/example_dataset_alias.py took 0.443 seconds
[2024-12-01T02:32:09.085+0000] {processor.py:186} INFO - Started process (PID=53277) to work on /home/airflow/.local/lib/python3.12/site-packages/airflow/example_dags/example_dataset_alias.py
[2024-12-01T02:32:09.086+0000] {processor.py:914} INFO - Processing file /home/airflow/.local/lib/python3.12/site-packages/airflow/example_dags/example_dataset_alias.py for tasks to queue
[2024-12-01T02:32:09.088+0000] {logging_mixin.py:190} INFO - [2024-12-01T02:32:09.088+0000] {dagbag.py:588} INFO - Filling up the DagBag from /home/airflow/.local/lib/python3.12/site-packages/airflow/example_dags/example_dataset_alias.py
[2024-12-01T02:32:09.470+0000] {processor.py:925} INFO - DAG(s) 'dataset_alias_example_alias_producer', 'dataset_s3_bucket_consumer', 'dataset_alias_example_alias_consumer', 'dataset_s3_bucket_producer' retrieved from /home/airflow/.local/lib/python3.12/site-packages/airflow/example_dags/example_dataset_alias.py
[2024-12-01T02:32:09.490+0000] {logging_mixin.py:190} INFO - [2024-12-01T02:32:09.490+0000] {dag.py:3239} INFO - Sync 4 DAGs
[2024-12-01T02:32:09.513+0000] {logging_mixin.py:190} INFO - [2024-12-01T02:32:09.513+0000] {dag.py:4180} INFO - Setting next_dagrun for dataset_alias_example_alias_consumer to None, run_after=None
[2024-12-01T02:32:09.516+0000] {logging_mixin.py:190} INFO - [2024-12-01T02:32:09.516+0000] {dag.py:4180} INFO - Setting next_dagrun for dataset_alias_example_alias_producer to None, run_after=None
[2024-12-01T02:32:09.518+0000] {logging_mixin.py:190} INFO - [2024-12-01T02:32:09.518+0000] {dag.py:4180} INFO - Setting next_dagrun for dataset_s3_bucket_consumer to None, run_after=None
[2024-12-01T02:32:09.520+0000] {logging_mixin.py:190} INFO - [2024-12-01T02:32:09.519+0000] {dag.py:4180} INFO - Setting next_dagrun for dataset_s3_bucket_producer to None, run_after=None
[2024-12-01T02:32:09.544+0000] {processor.py:208} INFO - Processing /home/airflow/.local/lib/python3.12/site-packages/airflow/example_dags/example_dataset_alias.py took 0.464 seconds
[2024-12-01T02:32:40.338+0000] {processor.py:186} INFO - Started process (PID=53337) to work on /home/airflow/.local/lib/python3.12/site-packages/airflow/example_dags/example_dataset_alias.py
[2024-12-01T02:32:40.340+0000] {processor.py:914} INFO - Processing file /home/airflow/.local/lib/python3.12/site-packages/airflow/example_dags/example_dataset_alias.py for tasks to queue
[2024-12-01T02:32:40.343+0000] {logging_mixin.py:190} INFO - [2024-12-01T02:32:40.342+0000] {dagbag.py:588} INFO - Filling up the DagBag from /home/airflow/.local/lib/python3.12/site-packages/airflow/example_dags/example_dataset_alias.py
[2024-12-01T02:32:40.653+0000] {processor.py:925} INFO - DAG(s) 'dataset_s3_bucket_consumer', 'dataset_s3_bucket_producer', 'dataset_alias_example_alias_consumer', 'dataset_alias_example_alias_producer' retrieved from /home/airflow/.local/lib/python3.12/site-packages/airflow/example_dags/example_dataset_alias.py
[2024-12-01T02:32:40.681+0000] {logging_mixin.py:190} INFO - [2024-12-01T02:32:40.681+0000] {dag.py:3239} INFO - Sync 4 DAGs
[2024-12-01T02:32:40.705+0000] {logging_mixin.py:190} INFO - [2024-12-01T02:32:40.705+0000] {dag.py:4180} INFO - Setting next_dagrun for dataset_alias_example_alias_consumer to None, run_after=None
[2024-12-01T02:32:40.709+0000] {logging_mixin.py:190} INFO - [2024-12-01T02:32:40.709+0000] {dag.py:4180} INFO - Setting next_dagrun for dataset_alias_example_alias_producer to None, run_after=None
[2024-12-01T02:32:40.711+0000] {logging_mixin.py:190} INFO - [2024-12-01T02:32:40.711+0000] {dag.py:4180} INFO - Setting next_dagrun for dataset_s3_bucket_consumer to None, run_after=None
[2024-12-01T02:32:40.713+0000] {logging_mixin.py:190} INFO - [2024-12-01T02:32:40.713+0000] {dag.py:4180} INFO - Setting next_dagrun for dataset_s3_bucket_producer to None, run_after=None
[2024-12-01T02:32:40.752+0000] {processor.py:208} INFO - Processing /home/airflow/.local/lib/python3.12/site-packages/airflow/example_dags/example_dataset_alias.py took 0.421 seconds
[2024-12-01T02:33:10.846+0000] {processor.py:186} INFO - Started process (PID=53402) to work on /home/airflow/.local/lib/python3.12/site-packages/airflow/example_dags/example_dataset_alias.py
[2024-12-01T02:33:10.847+0000] {processor.py:914} INFO - Processing file /home/airflow/.local/lib/python3.12/site-packages/airflow/example_dags/example_dataset_alias.py for tasks to queue
[2024-12-01T02:33:10.850+0000] {logging_mixin.py:190} INFO - [2024-12-01T02:33:10.850+0000] {dagbag.py:588} INFO - Filling up the DagBag from /home/airflow/.local/lib/python3.12/site-packages/airflow/example_dags/example_dataset_alias.py
[2024-12-01T02:33:11.197+0000] {processor.py:925} INFO - DAG(s) 'dataset_alias_example_alias_producer', 'dataset_s3_bucket_consumer', 'dataset_alias_example_alias_consumer', 'dataset_s3_bucket_producer' retrieved from /home/airflow/.local/lib/python3.12/site-packages/airflow/example_dags/example_dataset_alias.py
[2024-12-01T02:33:11.225+0000] {logging_mixin.py:190} INFO - [2024-12-01T02:33:11.224+0000] {dag.py:3239} INFO - Sync 4 DAGs
[2024-12-01T02:33:11.258+0000] {logging_mixin.py:190} INFO - [2024-12-01T02:33:11.258+0000] {dag.py:4180} INFO - Setting next_dagrun for dataset_alias_example_alias_consumer to None, run_after=None
[2024-12-01T02:33:11.262+0000] {logging_mixin.py:190} INFO - [2024-12-01T02:33:11.262+0000] {dag.py:4180} INFO - Setting next_dagrun for dataset_alias_example_alias_producer to None, run_after=None
[2024-12-01T02:33:11.263+0000] {logging_mixin.py:190} INFO - [2024-12-01T02:33:11.263+0000] {dag.py:4180} INFO - Setting next_dagrun for dataset_s3_bucket_consumer to None, run_after=None
[2024-12-01T02:33:11.265+0000] {logging_mixin.py:190} INFO - [2024-12-01T02:33:11.265+0000] {dag.py:4180} INFO - Setting next_dagrun for dataset_s3_bucket_producer to None, run_after=None
[2024-12-01T02:33:11.284+0000] {processor.py:208} INFO - Processing /home/airflow/.local/lib/python3.12/site-packages/airflow/example_dags/example_dataset_alias.py took 0.444 seconds
[2024-12-01T02:33:41.608+0000] {processor.py:186} INFO - Started process (PID=53468) to work on /home/airflow/.local/lib/python3.12/site-packages/airflow/example_dags/example_dataset_alias.py
[2024-12-01T02:33:41.609+0000] {processor.py:914} INFO - Processing file /home/airflow/.local/lib/python3.12/site-packages/airflow/example_dags/example_dataset_alias.py for tasks to queue
[2024-12-01T02:33:41.611+0000] {logging_mixin.py:190} INFO - [2024-12-01T02:33:41.611+0000] {dagbag.py:588} INFO - Filling up the DagBag from /home/airflow/.local/lib/python3.12/site-packages/airflow/example_dags/example_dataset_alias.py
[2024-12-01T02:33:41.966+0000] {processor.py:925} INFO - DAG(s) 'dataset_s3_bucket_consumer', 'dataset_alias_example_alias_consumer', 'dataset_s3_bucket_producer', 'dataset_alias_example_alias_producer' retrieved from /home/airflow/.local/lib/python3.12/site-packages/airflow/example_dags/example_dataset_alias.py
[2024-12-01T02:33:41.987+0000] {logging_mixin.py:190} INFO - [2024-12-01T02:33:41.987+0000] {dag.py:3239} INFO - Sync 4 DAGs
[2024-12-01T02:33:42.010+0000] {logging_mixin.py:190} INFO - [2024-12-01T02:33:42.010+0000] {dag.py:4180} INFO - Setting next_dagrun for dataset_alias_example_alias_consumer to None, run_after=None
[2024-12-01T02:33:42.013+0000] {logging_mixin.py:190} INFO - [2024-12-01T02:33:42.012+0000] {dag.py:4180} INFO - Setting next_dagrun for dataset_alias_example_alias_producer to None, run_after=None
[2024-12-01T02:33:42.014+0000] {logging_mixin.py:190} INFO - [2024-12-01T02:33:42.014+0000] {dag.py:4180} INFO - Setting next_dagrun for dataset_s3_bucket_consumer to None, run_after=None
[2024-12-01T02:33:42.015+0000] {logging_mixin.py:190} INFO - [2024-12-01T02:33:42.015+0000] {dag.py:4180} INFO - Setting next_dagrun for dataset_s3_bucket_producer to None, run_after=None
[2024-12-01T02:33:42.039+0000] {processor.py:208} INFO - Processing /home/airflow/.local/lib/python3.12/site-packages/airflow/example_dags/example_dataset_alias.py took 0.437 seconds
[2024-12-01T02:34:12.265+0000] {processor.py:186} INFO - Started process (PID=53534) to work on /home/airflow/.local/lib/python3.12/site-packages/airflow/example_dags/example_dataset_alias.py
[2024-12-01T02:34:12.266+0000] {processor.py:914} INFO - Processing file /home/airflow/.local/lib/python3.12/site-packages/airflow/example_dags/example_dataset_alias.py for tasks to queue
[2024-12-01T02:34:12.268+0000] {logging_mixin.py:190} INFO - [2024-12-01T02:34:12.268+0000] {dagbag.py:588} INFO - Filling up the DagBag from /home/airflow/.local/lib/python3.12/site-packages/airflow/example_dags/example_dataset_alias.py
[2024-12-01T02:34:12.699+0000] {processor.py:925} INFO - DAG(s) 'dataset_alias_example_alias_consumer', 'dataset_s3_bucket_producer', 'dataset_alias_example_alias_producer', 'dataset_s3_bucket_consumer' retrieved from /home/airflow/.local/lib/python3.12/site-packages/airflow/example_dags/example_dataset_alias.py
[2024-12-01T02:34:12.722+0000] {logging_mixin.py:190} INFO - [2024-12-01T02:34:12.722+0000] {dag.py:3239} INFO - Sync 4 DAGs
[2024-12-01T02:34:12.751+0000] {logging_mixin.py:190} INFO - [2024-12-01T02:34:12.751+0000] {dag.py:4180} INFO - Setting next_dagrun for dataset_alias_example_alias_consumer to None, run_after=None
[2024-12-01T02:34:12.755+0000] {logging_mixin.py:190} INFO - [2024-12-01T02:34:12.754+0000] {dag.py:4180} INFO - Setting next_dagrun for dataset_alias_example_alias_producer to None, run_after=None
[2024-12-01T02:34:12.756+0000] {logging_mixin.py:190} INFO - [2024-12-01T02:34:12.756+0000] {dag.py:4180} INFO - Setting next_dagrun for dataset_s3_bucket_consumer to None, run_after=None
[2024-12-01T02:34:12.758+0000] {logging_mixin.py:190} INFO - [2024-12-01T02:34:12.758+0000] {dag.py:4180} INFO - Setting next_dagrun for dataset_s3_bucket_producer to None, run_after=None
[2024-12-01T02:34:12.783+0000] {processor.py:208} INFO - Processing /home/airflow/.local/lib/python3.12/site-packages/airflow/example_dags/example_dataset_alias.py took 0.525 seconds
[2024-12-01T02:34:42.984+0000] {processor.py:186} INFO - Started process (PID=53600) to work on /home/airflow/.local/lib/python3.12/site-packages/airflow/example_dags/example_dataset_alias.py
[2024-12-01T02:34:42.985+0000] {processor.py:914} INFO - Processing file /home/airflow/.local/lib/python3.12/site-packages/airflow/example_dags/example_dataset_alias.py for tasks to queue
[2024-12-01T02:34:42.987+0000] {logging_mixin.py:190} INFO - [2024-12-01T02:34:42.987+0000] {dagbag.py:588} INFO - Filling up the DagBag from /home/airflow/.local/lib/python3.12/site-packages/airflow/example_dags/example_dataset_alias.py
[2024-12-01T02:34:43.332+0000] {processor.py:925} INFO - DAG(s) 'dataset_s3_bucket_consumer', 'dataset_s3_bucket_producer', 'dataset_alias_example_alias_consumer', 'dataset_alias_example_alias_producer' retrieved from /home/airflow/.local/lib/python3.12/site-packages/airflow/example_dags/example_dataset_alias.py
[2024-12-01T02:34:43.355+0000] {logging_mixin.py:190} INFO - [2024-12-01T02:34:43.354+0000] {dag.py:3239} INFO - Sync 4 DAGs
[2024-12-01T02:34:43.384+0000] {logging_mixin.py:190} INFO - [2024-12-01T02:34:43.383+0000] {dag.py:4180} INFO - Setting next_dagrun for dataset_alias_example_alias_consumer to None, run_after=None
[2024-12-01T02:34:43.388+0000] {logging_mixin.py:190} INFO - [2024-12-01T02:34:43.388+0000] {dag.py:4180} INFO - Setting next_dagrun for dataset_alias_example_alias_producer to None, run_after=None
[2024-12-01T02:34:43.391+0000] {logging_mixin.py:190} INFO - [2024-12-01T02:34:43.390+0000] {dag.py:4180} INFO - Setting next_dagrun for dataset_s3_bucket_consumer to None, run_after=None
[2024-12-01T02:34:43.393+0000] {logging_mixin.py:190} INFO - [2024-12-01T02:34:43.393+0000] {dag.py:4180} INFO - Setting next_dagrun for dataset_s3_bucket_producer to None, run_after=None
[2024-12-01T02:34:43.421+0000] {processor.py:208} INFO - Processing /home/airflow/.local/lib/python3.12/site-packages/airflow/example_dags/example_dataset_alias.py took 0.442 seconds
[2024-12-01T02:35:14.364+0000] {processor.py:186} INFO - Started process (PID=53669) to work on /home/airflow/.local/lib/python3.12/site-packages/airflow/example_dags/example_dataset_alias.py
[2024-12-01T02:35:14.365+0000] {processor.py:914} INFO - Processing file /home/airflow/.local/lib/python3.12/site-packages/airflow/example_dags/example_dataset_alias.py for tasks to queue
[2024-12-01T02:35:14.368+0000] {logging_mixin.py:190} INFO - [2024-12-01T02:35:14.367+0000] {dagbag.py:588} INFO - Filling up the DagBag from /home/airflow/.local/lib/python3.12/site-packages/airflow/example_dags/example_dataset_alias.py
[2024-12-01T02:35:14.668+0000] {processor.py:925} INFO - DAG(s) 'dataset_alias_example_alias_consumer', 'dataset_s3_bucket_consumer', 'dataset_alias_example_alias_producer', 'dataset_s3_bucket_producer' retrieved from /home/airflow/.local/lib/python3.12/site-packages/airflow/example_dags/example_dataset_alias.py
[2024-12-01T02:35:14.690+0000] {logging_mixin.py:190} INFO - [2024-12-01T02:35:14.690+0000] {dag.py:3239} INFO - Sync 4 DAGs
[2024-12-01T02:35:14.712+0000] {logging_mixin.py:190} INFO - [2024-12-01T02:35:14.711+0000] {dag.py:4180} INFO - Setting next_dagrun for dataset_alias_example_alias_consumer to None, run_after=None
[2024-12-01T02:35:14.716+0000] {logging_mixin.py:190} INFO - [2024-12-01T02:35:14.716+0000] {dag.py:4180} INFO - Setting next_dagrun for dataset_alias_example_alias_producer to None, run_after=None
[2024-12-01T02:35:14.717+0000] {logging_mixin.py:190} INFO - [2024-12-01T02:35:14.717+0000] {dag.py:4180} INFO - Setting next_dagrun for dataset_s3_bucket_consumer to None, run_after=None
[2024-12-01T02:35:14.719+0000] {logging_mixin.py:190} INFO - [2024-12-01T02:35:14.718+0000] {dag.py:4180} INFO - Setting next_dagrun for dataset_s3_bucket_producer to None, run_after=None
[2024-12-01T02:35:14.746+0000] {processor.py:208} INFO - Processing /home/airflow/.local/lib/python3.12/site-packages/airflow/example_dags/example_dataset_alias.py took 0.388 seconds
