[2024-12-01T02:11:00.238+0000] {processor.py:186} INFO - Started process (PID=50543) to work on /home/airflow/.local/lib/python3.12/site-packages/airflow/example_dags/example_complex.py
[2024-12-01T02:11:00.240+0000] {processor.py:914} INFO - Processing file /home/airflow/.local/lib/python3.12/site-packages/airflow/example_dags/example_complex.py for tasks to queue
[2024-12-01T02:11:00.246+0000] {logging_mixin.py:190} INFO - [2024-12-01T02:11:00.245+0000] {dagbag.py:588} INFO - Filling up the DagBag from /home/airflow/.local/lib/python3.12/site-packages/airflow/example_dags/example_complex.py
[2024-12-01T02:11:00.275+0000] {processor.py:925} INFO - DAG(s) 'example_complex' retrieved from /home/airflow/.local/lib/python3.12/site-packages/airflow/example_dags/example_complex.py
[2024-12-01T02:11:00.336+0000] {logging_mixin.py:190} INFO - [2024-12-01T02:11:00.335+0000] {dag.py:3239} INFO - Sync 1 DAGs
[2024-12-01T02:11:00.362+0000] {logging_mixin.py:190} INFO - [2024-12-01T02:11:00.362+0000] {dag.py:4180} INFO - Setting next_dagrun for example_complex to None, run_after=None
[2024-12-01T02:11:00.398+0000] {processor.py:208} INFO - Processing /home/airflow/.local/lib/python3.12/site-packages/airflow/example_dags/example_complex.py took 0.170 seconds
[2024-12-01T02:11:30.957+0000] {processor.py:186} INFO - Started process (PID=50610) to work on /home/airflow/.local/lib/python3.12/site-packages/airflow/example_dags/example_complex.py
[2024-12-01T02:11:30.958+0000] {processor.py:914} INFO - Processing file /home/airflow/.local/lib/python3.12/site-packages/airflow/example_dags/example_complex.py for tasks to queue
[2024-12-01T02:11:30.960+0000] {logging_mixin.py:190} INFO - [2024-12-01T02:11:30.960+0000] {dagbag.py:588} INFO - Filling up the DagBag from /home/airflow/.local/lib/python3.12/site-packages/airflow/example_dags/example_complex.py
[2024-12-01T02:11:30.972+0000] {processor.py:925} INFO - DAG(s) 'example_complex' retrieved from /home/airflow/.local/lib/python3.12/site-packages/airflow/example_dags/example_complex.py
[2024-12-01T02:11:31.002+0000] {logging_mixin.py:190} INFO - [2024-12-01T02:11:31.002+0000] {dag.py:3239} INFO - Sync 1 DAGs
[2024-12-01T02:11:31.016+0000] {logging_mixin.py:190} INFO - [2024-12-01T02:11:31.016+0000] {dag.py:4180} INFO - Setting next_dagrun for example_complex to None, run_after=None
[2024-12-01T02:11:31.034+0000] {processor.py:208} INFO - Processing /home/airflow/.local/lib/python3.12/site-packages/airflow/example_dags/example_complex.py took 0.083 seconds
[2024-12-01T02:12:01.656+0000] {processor.py:186} INFO - Started process (PID=50676) to work on /home/airflow/.local/lib/python3.12/site-packages/airflow/example_dags/example_complex.py
[2024-12-01T02:12:01.659+0000] {processor.py:914} INFO - Processing file /home/airflow/.local/lib/python3.12/site-packages/airflow/example_dags/example_complex.py for tasks to queue
[2024-12-01T02:12:01.664+0000] {logging_mixin.py:190} INFO - [2024-12-01T02:12:01.664+0000] {dagbag.py:588} INFO - Filling up the DagBag from /home/airflow/.local/lib/python3.12/site-packages/airflow/example_dags/example_complex.py
[2024-12-01T02:12:01.683+0000] {processor.py:925} INFO - DAG(s) 'example_complex' retrieved from /home/airflow/.local/lib/python3.12/site-packages/airflow/example_dags/example_complex.py
[2024-12-01T02:12:01.727+0000] {logging_mixin.py:190} INFO - [2024-12-01T02:12:01.726+0000] {dag.py:3239} INFO - Sync 1 DAGs
[2024-12-01T02:12:01.745+0000] {logging_mixin.py:190} INFO - [2024-12-01T02:12:01.744+0000] {dag.py:4180} INFO - Setting next_dagrun for example_complex to None, run_after=None
[2024-12-01T02:12:01.766+0000] {processor.py:208} INFO - Processing /home/airflow/.local/lib/python3.12/site-packages/airflow/example_dags/example_complex.py took 0.116 seconds
[2024-12-01T02:12:33.051+0000] {processor.py:186} INFO - Started process (PID=50742) to work on /home/airflow/.local/lib/python3.12/site-packages/airflow/example_dags/example_complex.py
[2024-12-01T02:12:33.052+0000] {processor.py:914} INFO - Processing file /home/airflow/.local/lib/python3.12/site-packages/airflow/example_dags/example_complex.py for tasks to queue
[2024-12-01T02:12:33.054+0000] {logging_mixin.py:190} INFO - [2024-12-01T02:12:33.054+0000] {dagbag.py:588} INFO - Filling up the DagBag from /home/airflow/.local/lib/python3.12/site-packages/airflow/example_dags/example_complex.py
[2024-12-01T02:12:33.066+0000] {processor.py:925} INFO - DAG(s) 'example_complex' retrieved from /home/airflow/.local/lib/python3.12/site-packages/airflow/example_dags/example_complex.py
[2024-12-01T02:12:33.102+0000] {logging_mixin.py:190} INFO - [2024-12-01T02:12:33.102+0000] {dag.py:3239} INFO - Sync 1 DAGs
[2024-12-01T02:12:33.116+0000] {logging_mixin.py:190} INFO - [2024-12-01T02:12:33.116+0000] {dag.py:4180} INFO - Setting next_dagrun for example_complex to None, run_after=None
[2024-12-01T02:12:33.133+0000] {processor.py:208} INFO - Processing /home/airflow/.local/lib/python3.12/site-packages/airflow/example_dags/example_complex.py took 0.087 seconds
[2024-12-01T02:13:03.919+0000] {processor.py:186} INFO - Started process (PID=50808) to work on /home/airflow/.local/lib/python3.12/site-packages/airflow/example_dags/example_complex.py
[2024-12-01T02:13:03.920+0000] {processor.py:914} INFO - Processing file /home/airflow/.local/lib/python3.12/site-packages/airflow/example_dags/example_complex.py for tasks to queue
[2024-12-01T02:13:03.922+0000] {logging_mixin.py:190} INFO - [2024-12-01T02:13:03.921+0000] {dagbag.py:588} INFO - Filling up the DagBag from /home/airflow/.local/lib/python3.12/site-packages/airflow/example_dags/example_complex.py
[2024-12-01T02:13:03.933+0000] {processor.py:925} INFO - DAG(s) 'example_complex' retrieved from /home/airflow/.local/lib/python3.12/site-packages/airflow/example_dags/example_complex.py
[2024-12-01T02:13:03.965+0000] {logging_mixin.py:190} INFO - [2024-12-01T02:13:03.965+0000] {dag.py:3239} INFO - Sync 1 DAGs
[2024-12-01T02:13:03.979+0000] {logging_mixin.py:190} INFO - [2024-12-01T02:13:03.978+0000] {dag.py:4180} INFO - Setting next_dagrun for example_complex to None, run_after=None
[2024-12-01T02:13:03.996+0000] {processor.py:208} INFO - Processing /home/airflow/.local/lib/python3.12/site-packages/airflow/example_dags/example_complex.py took 0.082 seconds
[2024-12-01T02:13:34.588+0000] {processor.py:186} INFO - Started process (PID=50874) to work on /home/airflow/.local/lib/python3.12/site-packages/airflow/example_dags/example_complex.py
[2024-12-01T02:13:34.589+0000] {processor.py:914} INFO - Processing file /home/airflow/.local/lib/python3.12/site-packages/airflow/example_dags/example_complex.py for tasks to queue
[2024-12-01T02:13:34.591+0000] {logging_mixin.py:190} INFO - [2024-12-01T02:13:34.591+0000] {dagbag.py:588} INFO - Filling up the DagBag from /home/airflow/.local/lib/python3.12/site-packages/airflow/example_dags/example_complex.py
[2024-12-01T02:13:34.603+0000] {processor.py:925} INFO - DAG(s) 'example_complex' retrieved from /home/airflow/.local/lib/python3.12/site-packages/airflow/example_dags/example_complex.py
[2024-12-01T02:13:34.634+0000] {logging_mixin.py:190} INFO - [2024-12-01T02:13:34.633+0000] {dag.py:3239} INFO - Sync 1 DAGs
[2024-12-01T02:13:34.647+0000] {logging_mixin.py:190} INFO - [2024-12-01T02:13:34.646+0000] {dag.py:4180} INFO - Setting next_dagrun for example_complex to None, run_after=None
[2024-12-01T02:13:34.663+0000] {processor.py:208} INFO - Processing /home/airflow/.local/lib/python3.12/site-packages/airflow/example_dags/example_complex.py took 0.080 seconds
[2024-12-01T02:14:05.344+0000] {processor.py:186} INFO - Started process (PID=50940) to work on /home/airflow/.local/lib/python3.12/site-packages/airflow/example_dags/example_complex.py
[2024-12-01T02:14:05.345+0000] {processor.py:914} INFO - Processing file /home/airflow/.local/lib/python3.12/site-packages/airflow/example_dags/example_complex.py for tasks to queue
[2024-12-01T02:14:05.347+0000] {logging_mixin.py:190} INFO - [2024-12-01T02:14:05.347+0000] {dagbag.py:588} INFO - Filling up the DagBag from /home/airflow/.local/lib/python3.12/site-packages/airflow/example_dags/example_complex.py
[2024-12-01T02:14:05.360+0000] {processor.py:925} INFO - DAG(s) 'example_complex' retrieved from /home/airflow/.local/lib/python3.12/site-packages/airflow/example_dags/example_complex.py
[2024-12-01T02:14:05.390+0000] {logging_mixin.py:190} INFO - [2024-12-01T02:14:05.389+0000] {dag.py:3239} INFO - Sync 1 DAGs
[2024-12-01T02:14:05.402+0000] {logging_mixin.py:190} INFO - [2024-12-01T02:14:05.402+0000] {dag.py:4180} INFO - Setting next_dagrun for example_complex to None, run_after=None
[2024-12-01T02:14:05.420+0000] {processor.py:208} INFO - Processing /home/airflow/.local/lib/python3.12/site-packages/airflow/example_dags/example_complex.py took 0.083 seconds
[2024-12-01T02:14:36.744+0000] {processor.py:186} INFO - Started process (PID=51006) to work on /home/airflow/.local/lib/python3.12/site-packages/airflow/example_dags/example_complex.py
[2024-12-01T02:14:36.745+0000] {processor.py:914} INFO - Processing file /home/airflow/.local/lib/python3.12/site-packages/airflow/example_dags/example_complex.py for tasks to queue
[2024-12-01T02:14:36.748+0000] {logging_mixin.py:190} INFO - [2024-12-01T02:14:36.747+0000] {dagbag.py:588} INFO - Filling up the DagBag from /home/airflow/.local/lib/python3.12/site-packages/airflow/example_dags/example_complex.py
[2024-12-01T02:14:36.759+0000] {processor.py:925} INFO - DAG(s) 'example_complex' retrieved from /home/airflow/.local/lib/python3.12/site-packages/airflow/example_dags/example_complex.py
[2024-12-01T02:14:36.790+0000] {logging_mixin.py:190} INFO - [2024-12-01T02:14:36.790+0000] {dag.py:3239} INFO - Sync 1 DAGs
[2024-12-01T02:14:36.804+0000] {logging_mixin.py:190} INFO - [2024-12-01T02:14:36.803+0000] {dag.py:4180} INFO - Setting next_dagrun for example_complex to None, run_after=None
[2024-12-01T02:14:36.821+0000] {processor.py:208} INFO - Processing /home/airflow/.local/lib/python3.12/site-packages/airflow/example_dags/example_complex.py took 0.081 seconds
[2024-12-01T02:15:07.334+0000] {processor.py:186} INFO - Started process (PID=51072) to work on /home/airflow/.local/lib/python3.12/site-packages/airflow/example_dags/example_complex.py
[2024-12-01T02:15:07.335+0000] {processor.py:914} INFO - Processing file /home/airflow/.local/lib/python3.12/site-packages/airflow/example_dags/example_complex.py for tasks to queue
[2024-12-01T02:15:07.337+0000] {logging_mixin.py:190} INFO - [2024-12-01T02:15:07.336+0000] {dagbag.py:588} INFO - Filling up the DagBag from /home/airflow/.local/lib/python3.12/site-packages/airflow/example_dags/example_complex.py
[2024-12-01T02:15:07.348+0000] {processor.py:925} INFO - DAG(s) 'example_complex' retrieved from /home/airflow/.local/lib/python3.12/site-packages/airflow/example_dags/example_complex.py
[2024-12-01T02:15:07.379+0000] {logging_mixin.py:190} INFO - [2024-12-01T02:15:07.378+0000] {dag.py:3239} INFO - Sync 1 DAGs
[2024-12-01T02:15:07.391+0000] {logging_mixin.py:190} INFO - [2024-12-01T02:15:07.391+0000] {dag.py:4180} INFO - Setting next_dagrun for example_complex to None, run_after=None
[2024-12-01T02:15:07.407+0000] {processor.py:208} INFO - Processing /home/airflow/.local/lib/python3.12/site-packages/airflow/example_dags/example_complex.py took 0.079 seconds
[2024-12-01T02:15:37.823+0000] {processor.py:186} INFO - Started process (PID=51137) to work on /home/airflow/.local/lib/python3.12/site-packages/airflow/example_dags/example_complex.py
[2024-12-01T02:15:37.824+0000] {processor.py:914} INFO - Processing file /home/airflow/.local/lib/python3.12/site-packages/airflow/example_dags/example_complex.py for tasks to queue
[2024-12-01T02:15:37.826+0000] {logging_mixin.py:190} INFO - [2024-12-01T02:15:37.826+0000] {dagbag.py:588} INFO - Filling up the DagBag from /home/airflow/.local/lib/python3.12/site-packages/airflow/example_dags/example_complex.py
[2024-12-01T02:15:37.840+0000] {processor.py:925} INFO - DAG(s) 'example_complex' retrieved from /home/airflow/.local/lib/python3.12/site-packages/airflow/example_dags/example_complex.py
[2024-12-01T02:15:37.871+0000] {logging_mixin.py:190} INFO - [2024-12-01T02:15:37.870+0000] {dag.py:3239} INFO - Sync 1 DAGs
[2024-12-01T02:15:37.886+0000] {logging_mixin.py:190} INFO - [2024-12-01T02:15:37.886+0000] {dag.py:4180} INFO - Setting next_dagrun for example_complex to None, run_after=None
[2024-12-01T02:15:37.905+0000] {processor.py:208} INFO - Processing /home/airflow/.local/lib/python3.12/site-packages/airflow/example_dags/example_complex.py took 0.088 seconds
[2024-12-01T02:16:07.971+0000] {processor.py:186} INFO - Started process (PID=51202) to work on /home/airflow/.local/lib/python3.12/site-packages/airflow/example_dags/example_complex.py
[2024-12-01T02:16:07.971+0000] {processor.py:914} INFO - Processing file /home/airflow/.local/lib/python3.12/site-packages/airflow/example_dags/example_complex.py for tasks to queue
[2024-12-01T02:16:07.974+0000] {logging_mixin.py:190} INFO - [2024-12-01T02:16:07.973+0000] {dagbag.py:588} INFO - Filling up the DagBag from /home/airflow/.local/lib/python3.12/site-packages/airflow/example_dags/example_complex.py
[2024-12-01T02:16:07.986+0000] {processor.py:925} INFO - DAG(s) 'example_complex' retrieved from /home/airflow/.local/lib/python3.12/site-packages/airflow/example_dags/example_complex.py
[2024-12-01T02:16:08.017+0000] {logging_mixin.py:190} INFO - [2024-12-01T02:16:08.017+0000] {dag.py:3239} INFO - Sync 1 DAGs
[2024-12-01T02:16:08.030+0000] {logging_mixin.py:190} INFO - [2024-12-01T02:16:08.029+0000] {dag.py:4180} INFO - Setting next_dagrun for example_complex to None, run_after=None
[2024-12-01T02:16:08.047+0000] {processor.py:208} INFO - Processing /home/airflow/.local/lib/python3.12/site-packages/airflow/example_dags/example_complex.py took 0.082 seconds
[2024-12-01T02:16:38.545+0000] {processor.py:186} INFO - Started process (PID=51268) to work on /home/airflow/.local/lib/python3.12/site-packages/airflow/example_dags/example_complex.py
[2024-12-01T02:16:38.546+0000] {processor.py:914} INFO - Processing file /home/airflow/.local/lib/python3.12/site-packages/airflow/example_dags/example_complex.py for tasks to queue
[2024-12-01T02:16:38.548+0000] {logging_mixin.py:190} INFO - [2024-12-01T02:16:38.548+0000] {dagbag.py:588} INFO - Filling up the DagBag from /home/airflow/.local/lib/python3.12/site-packages/airflow/example_dags/example_complex.py
[2024-12-01T02:16:38.560+0000] {processor.py:925} INFO - DAG(s) 'example_complex' retrieved from /home/airflow/.local/lib/python3.12/site-packages/airflow/example_dags/example_complex.py
[2024-12-01T02:16:38.590+0000] {logging_mixin.py:190} INFO - [2024-12-01T02:16:38.590+0000] {dag.py:3239} INFO - Sync 1 DAGs
[2024-12-01T02:16:38.604+0000] {logging_mixin.py:190} INFO - [2024-12-01T02:16:38.604+0000] {dag.py:4180} INFO - Setting next_dagrun for example_complex to None, run_after=None
[2024-12-01T02:16:38.620+0000] {processor.py:208} INFO - Processing /home/airflow/.local/lib/python3.12/site-packages/airflow/example_dags/example_complex.py took 0.080 seconds
[2024-12-01T02:17:09.608+0000] {processor.py:186} INFO - Started process (PID=51334) to work on /home/airflow/.local/lib/python3.12/site-packages/airflow/example_dags/example_complex.py
[2024-12-01T02:17:09.609+0000] {processor.py:914} INFO - Processing file /home/airflow/.local/lib/python3.12/site-packages/airflow/example_dags/example_complex.py for tasks to queue
[2024-12-01T02:17:09.611+0000] {logging_mixin.py:190} INFO - [2024-12-01T02:17:09.611+0000] {dagbag.py:588} INFO - Filling up the DagBag from /home/airflow/.local/lib/python3.12/site-packages/airflow/example_dags/example_complex.py
[2024-12-01T02:17:09.622+0000] {processor.py:925} INFO - DAG(s) 'example_complex' retrieved from /home/airflow/.local/lib/python3.12/site-packages/airflow/example_dags/example_complex.py
[2024-12-01T02:17:09.654+0000] {logging_mixin.py:190} INFO - [2024-12-01T02:17:09.653+0000] {dag.py:3239} INFO - Sync 1 DAGs
[2024-12-01T02:17:09.672+0000] {logging_mixin.py:190} INFO - [2024-12-01T02:17:09.672+0000] {dag.py:4180} INFO - Setting next_dagrun for example_complex to None, run_after=None
[2024-12-01T02:17:09.693+0000] {processor.py:208} INFO - Processing /home/airflow/.local/lib/python3.12/site-packages/airflow/example_dags/example_complex.py took 0.091 seconds
[2024-12-01T02:17:40.620+0000] {processor.py:186} INFO - Started process (PID=51400) to work on /home/airflow/.local/lib/python3.12/site-packages/airflow/example_dags/example_complex.py
[2024-12-01T02:17:40.621+0000] {processor.py:914} INFO - Processing file /home/airflow/.local/lib/python3.12/site-packages/airflow/example_dags/example_complex.py for tasks to queue
[2024-12-01T02:17:40.623+0000] {logging_mixin.py:190} INFO - [2024-12-01T02:17:40.623+0000] {dagbag.py:588} INFO - Filling up the DagBag from /home/airflow/.local/lib/python3.12/site-packages/airflow/example_dags/example_complex.py
[2024-12-01T02:17:40.635+0000] {processor.py:925} INFO - DAG(s) 'example_complex' retrieved from /home/airflow/.local/lib/python3.12/site-packages/airflow/example_dags/example_complex.py
[2024-12-01T02:17:40.672+0000] {logging_mixin.py:190} INFO - [2024-12-01T02:17:40.671+0000] {dag.py:3239} INFO - Sync 1 DAGs
[2024-12-01T02:17:40.685+0000] {logging_mixin.py:190} INFO - [2024-12-01T02:17:40.685+0000] {dag.py:4180} INFO - Setting next_dagrun for example_complex to None, run_after=None
[2024-12-01T02:17:40.701+0000] {processor.py:208} INFO - Processing /home/airflow/.local/lib/python3.12/site-packages/airflow/example_dags/example_complex.py took 0.087 seconds
[2024-12-01T02:18:11.725+0000] {processor.py:186} INFO - Started process (PID=51466) to work on /home/airflow/.local/lib/python3.12/site-packages/airflow/example_dags/example_complex.py
[2024-12-01T02:18:11.726+0000] {processor.py:914} INFO - Processing file /home/airflow/.local/lib/python3.12/site-packages/airflow/example_dags/example_complex.py for tasks to queue
[2024-12-01T02:18:11.728+0000] {logging_mixin.py:190} INFO - [2024-12-01T02:18:11.728+0000] {dagbag.py:588} INFO - Filling up the DagBag from /home/airflow/.local/lib/python3.12/site-packages/airflow/example_dags/example_complex.py
[2024-12-01T02:18:11.741+0000] {processor.py:925} INFO - DAG(s) 'example_complex' retrieved from /home/airflow/.local/lib/python3.12/site-packages/airflow/example_dags/example_complex.py
[2024-12-01T02:18:11.782+0000] {logging_mixin.py:190} INFO - [2024-12-01T02:18:11.782+0000] {dag.py:3239} INFO - Sync 1 DAGs
[2024-12-01T02:18:11.797+0000] {logging_mixin.py:190} INFO - [2024-12-01T02:18:11.797+0000] {dag.py:4180} INFO - Setting next_dagrun for example_complex to None, run_after=None
[2024-12-01T02:18:11.816+0000] {processor.py:208} INFO - Processing /home/airflow/.local/lib/python3.12/site-packages/airflow/example_dags/example_complex.py took 0.096 seconds
[2024-12-01T02:18:42.410+0000] {processor.py:186} INFO - Started process (PID=51532) to work on /home/airflow/.local/lib/python3.12/site-packages/airflow/example_dags/example_complex.py
[2024-12-01T02:18:42.411+0000] {processor.py:914} INFO - Processing file /home/airflow/.local/lib/python3.12/site-packages/airflow/example_dags/example_complex.py for tasks to queue
[2024-12-01T02:18:42.414+0000] {logging_mixin.py:190} INFO - [2024-12-01T02:18:42.413+0000] {dagbag.py:588} INFO - Filling up the DagBag from /home/airflow/.local/lib/python3.12/site-packages/airflow/example_dags/example_complex.py
[2024-12-01T02:18:42.425+0000] {processor.py:925} INFO - DAG(s) 'example_complex' retrieved from /home/airflow/.local/lib/python3.12/site-packages/airflow/example_dags/example_complex.py
[2024-12-01T02:18:42.455+0000] {logging_mixin.py:190} INFO - [2024-12-01T02:18:42.455+0000] {dag.py:3239} INFO - Sync 1 DAGs
[2024-12-01T02:18:42.471+0000] {logging_mixin.py:190} INFO - [2024-12-01T02:18:42.471+0000] {dag.py:4180} INFO - Setting next_dagrun for example_complex to None, run_after=None
[2024-12-01T02:18:42.489+0000] {processor.py:208} INFO - Processing /home/airflow/.local/lib/python3.12/site-packages/airflow/example_dags/example_complex.py took 0.084 seconds
[2024-12-01T02:19:13.448+0000] {processor.py:186} INFO - Started process (PID=51599) to work on /home/airflow/.local/lib/python3.12/site-packages/airflow/example_dags/example_complex.py
[2024-12-01T02:19:13.449+0000] {processor.py:914} INFO - Processing file /home/airflow/.local/lib/python3.12/site-packages/airflow/example_dags/example_complex.py for tasks to queue
[2024-12-01T02:19:13.451+0000] {logging_mixin.py:190} INFO - [2024-12-01T02:19:13.451+0000] {dagbag.py:588} INFO - Filling up the DagBag from /home/airflow/.local/lib/python3.12/site-packages/airflow/example_dags/example_complex.py
[2024-12-01T02:19:13.462+0000] {processor.py:925} INFO - DAG(s) 'example_complex' retrieved from /home/airflow/.local/lib/python3.12/site-packages/airflow/example_dags/example_complex.py
[2024-12-01T02:19:13.493+0000] {logging_mixin.py:190} INFO - [2024-12-01T02:19:13.493+0000] {dag.py:3239} INFO - Sync 1 DAGs
[2024-12-01T02:19:13.506+0000] {logging_mixin.py:190} INFO - [2024-12-01T02:19:13.506+0000] {dag.py:4180} INFO - Setting next_dagrun for example_complex to None, run_after=None
[2024-12-01T02:19:13.524+0000] {processor.py:208} INFO - Processing /home/airflow/.local/lib/python3.12/site-packages/airflow/example_dags/example_complex.py took 0.082 seconds
[2024-12-01T02:19:44.545+0000] {processor.py:186} INFO - Started process (PID=51665) to work on /home/airflow/.local/lib/python3.12/site-packages/airflow/example_dags/example_complex.py
[2024-12-01T02:19:44.546+0000] {processor.py:914} INFO - Processing file /home/airflow/.local/lib/python3.12/site-packages/airflow/example_dags/example_complex.py for tasks to queue
[2024-12-01T02:19:44.549+0000] {logging_mixin.py:190} INFO - [2024-12-01T02:19:44.549+0000] {dagbag.py:588} INFO - Filling up the DagBag from /home/airflow/.local/lib/python3.12/site-packages/airflow/example_dags/example_complex.py
[2024-12-01T02:19:44.561+0000] {processor.py:925} INFO - DAG(s) 'example_complex' retrieved from /home/airflow/.local/lib/python3.12/site-packages/airflow/example_dags/example_complex.py
[2024-12-01T02:19:44.597+0000] {logging_mixin.py:190} INFO - [2024-12-01T02:19:44.597+0000] {dag.py:3239} INFO - Sync 1 DAGs
[2024-12-01T02:19:44.613+0000] {logging_mixin.py:190} INFO - [2024-12-01T02:19:44.613+0000] {dag.py:4180} INFO - Setting next_dagrun for example_complex to None, run_after=None
[2024-12-01T02:19:44.630+0000] {processor.py:208} INFO - Processing /home/airflow/.local/lib/python3.12/site-packages/airflow/example_dags/example_complex.py took 0.090 seconds
[2024-12-01T02:20:15.564+0000] {processor.py:186} INFO - Started process (PID=51731) to work on /home/airflow/.local/lib/python3.12/site-packages/airflow/example_dags/example_complex.py
[2024-12-01T02:20:15.565+0000] {processor.py:914} INFO - Processing file /home/airflow/.local/lib/python3.12/site-packages/airflow/example_dags/example_complex.py for tasks to queue
[2024-12-01T02:20:15.567+0000] {logging_mixin.py:190} INFO - [2024-12-01T02:20:15.566+0000] {dagbag.py:588} INFO - Filling up the DagBag from /home/airflow/.local/lib/python3.12/site-packages/airflow/example_dags/example_complex.py
[2024-12-01T02:20:15.579+0000] {processor.py:925} INFO - DAG(s) 'example_complex' retrieved from /home/airflow/.local/lib/python3.12/site-packages/airflow/example_dags/example_complex.py
[2024-12-01T02:20:15.609+0000] {logging_mixin.py:190} INFO - [2024-12-01T02:20:15.609+0000] {dag.py:3239} INFO - Sync 1 DAGs
[2024-12-01T02:20:15.622+0000] {logging_mixin.py:190} INFO - [2024-12-01T02:20:15.621+0000] {dag.py:4180} INFO - Setting next_dagrun for example_complex to None, run_after=None
[2024-12-01T02:20:15.638+0000] {processor.py:208} INFO - Processing /home/airflow/.local/lib/python3.12/site-packages/airflow/example_dags/example_complex.py took 0.080 seconds
[2024-12-01T02:20:46.839+0000] {processor.py:186} INFO - Started process (PID=51797) to work on /home/airflow/.local/lib/python3.12/site-packages/airflow/example_dags/example_complex.py
[2024-12-01T02:20:46.840+0000] {processor.py:914} INFO - Processing file /home/airflow/.local/lib/python3.12/site-packages/airflow/example_dags/example_complex.py for tasks to queue
[2024-12-01T02:20:46.842+0000] {logging_mixin.py:190} INFO - [2024-12-01T02:20:46.842+0000] {dagbag.py:588} INFO - Filling up the DagBag from /home/airflow/.local/lib/python3.12/site-packages/airflow/example_dags/example_complex.py
[2024-12-01T02:20:46.854+0000] {processor.py:925} INFO - DAG(s) 'example_complex' retrieved from /home/airflow/.local/lib/python3.12/site-packages/airflow/example_dags/example_complex.py
[2024-12-01T02:20:46.885+0000] {logging_mixin.py:190} INFO - [2024-12-01T02:20:46.885+0000] {dag.py:3239} INFO - Sync 1 DAGs
[2024-12-01T02:20:47.047+0000] {logging_mixin.py:190} INFO - [2024-12-01T02:20:47.047+0000] {dag.py:4180} INFO - Setting next_dagrun for example_complex to None, run_after=None
[2024-12-01T02:20:47.062+0000] {processor.py:208} INFO - Processing /home/airflow/.local/lib/python3.12/site-packages/airflow/example_dags/example_complex.py took 0.229 seconds
[2024-12-01T02:21:17.178+0000] {processor.py:186} INFO - Started process (PID=51863) to work on /home/airflow/.local/lib/python3.12/site-packages/airflow/example_dags/example_complex.py
[2024-12-01T02:21:17.179+0000] {processor.py:914} INFO - Processing file /home/airflow/.local/lib/python3.12/site-packages/airflow/example_dags/example_complex.py for tasks to queue
[2024-12-01T02:21:17.181+0000] {logging_mixin.py:190} INFO - [2024-12-01T02:21:17.180+0000] {dagbag.py:588} INFO - Filling up the DagBag from /home/airflow/.local/lib/python3.12/site-packages/airflow/example_dags/example_complex.py
[2024-12-01T02:21:17.192+0000] {processor.py:925} INFO - DAG(s) 'example_complex' retrieved from /home/airflow/.local/lib/python3.12/site-packages/airflow/example_dags/example_complex.py
[2024-12-01T02:21:17.253+0000] {logging_mixin.py:190} INFO - [2024-12-01T02:21:17.253+0000] {dag.py:3239} INFO - Sync 1 DAGs
[2024-12-01T02:21:17.288+0000] {logging_mixin.py:190} INFO - [2024-12-01T02:21:17.288+0000] {dag.py:4180} INFO - Setting next_dagrun for example_complex to None, run_after=None
[2024-12-01T02:21:17.474+0000] {processor.py:208} INFO - Processing /home/airflow/.local/lib/python3.12/site-packages/airflow/example_dags/example_complex.py took 0.302 seconds
[2024-12-01T02:21:48.285+0000] {processor.py:186} INFO - Started process (PID=51929) to work on /home/airflow/.local/lib/python3.12/site-packages/airflow/example_dags/example_complex.py
[2024-12-01T02:21:48.286+0000] {processor.py:914} INFO - Processing file /home/airflow/.local/lib/python3.12/site-packages/airflow/example_dags/example_complex.py for tasks to queue
[2024-12-01T02:21:48.288+0000] {logging_mixin.py:190} INFO - [2024-12-01T02:21:48.288+0000] {dagbag.py:588} INFO - Filling up the DagBag from /home/airflow/.local/lib/python3.12/site-packages/airflow/example_dags/example_complex.py
[2024-12-01T02:21:48.300+0000] {processor.py:925} INFO - DAG(s) 'example_complex' retrieved from /home/airflow/.local/lib/python3.12/site-packages/airflow/example_dags/example_complex.py
[2024-12-01T02:21:48.330+0000] {logging_mixin.py:190} INFO - [2024-12-01T02:21:48.330+0000] {dag.py:3239} INFO - Sync 1 DAGs
[2024-12-01T02:21:48.343+0000] {logging_mixin.py:190} INFO - [2024-12-01T02:21:48.343+0000] {dag.py:4180} INFO - Setting next_dagrun for example_complex to None, run_after=None
[2024-12-01T02:21:48.360+0000] {processor.py:208} INFO - Processing /home/airflow/.local/lib/python3.12/site-packages/airflow/example_dags/example_complex.py took 0.080 seconds
[2024-12-01T02:22:19.470+0000] {processor.py:186} INFO - Started process (PID=51995) to work on /home/airflow/.local/lib/python3.12/site-packages/airflow/example_dags/example_complex.py
[2024-12-01T02:22:19.471+0000] {processor.py:914} INFO - Processing file /home/airflow/.local/lib/python3.12/site-packages/airflow/example_dags/example_complex.py for tasks to queue
[2024-12-01T02:22:19.474+0000] {logging_mixin.py:190} INFO - [2024-12-01T02:22:19.473+0000] {dagbag.py:588} INFO - Filling up the DagBag from /home/airflow/.local/lib/python3.12/site-packages/airflow/example_dags/example_complex.py
[2024-12-01T02:22:19.489+0000] {processor.py:925} INFO - DAG(s) 'example_complex' retrieved from /home/airflow/.local/lib/python3.12/site-packages/airflow/example_dags/example_complex.py
[2024-12-01T02:22:19.523+0000] {logging_mixin.py:190} INFO - [2024-12-01T02:22:19.523+0000] {dag.py:3239} INFO - Sync 1 DAGs
[2024-12-01T02:22:19.537+0000] {logging_mixin.py:190} INFO - [2024-12-01T02:22:19.536+0000] {dag.py:4180} INFO - Setting next_dagrun for example_complex to None, run_after=None
[2024-12-01T02:22:19.554+0000] {processor.py:208} INFO - Processing /home/airflow/.local/lib/python3.12/site-packages/airflow/example_dags/example_complex.py took 0.091 seconds
[2024-12-01T02:22:50.020+0000] {processor.py:186} INFO - Started process (PID=52061) to work on /home/airflow/.local/lib/python3.12/site-packages/airflow/example_dags/example_complex.py
[2024-12-01T02:22:50.021+0000] {processor.py:914} INFO - Processing file /home/airflow/.local/lib/python3.12/site-packages/airflow/example_dags/example_complex.py for tasks to queue
[2024-12-01T02:22:50.023+0000] {logging_mixin.py:190} INFO - [2024-12-01T02:22:50.023+0000] {dagbag.py:588} INFO - Filling up the DagBag from /home/airflow/.local/lib/python3.12/site-packages/airflow/example_dags/example_complex.py
[2024-12-01T02:22:50.037+0000] {processor.py:925} INFO - DAG(s) 'example_complex' retrieved from /home/airflow/.local/lib/python3.12/site-packages/airflow/example_dags/example_complex.py
[2024-12-01T02:22:50.071+0000] {logging_mixin.py:190} INFO - [2024-12-01T02:22:50.071+0000] {dag.py:3239} INFO - Sync 1 DAGs
[2024-12-01T02:22:50.085+0000] {logging_mixin.py:190} INFO - [2024-12-01T02:22:50.085+0000] {dag.py:4180} INFO - Setting next_dagrun for example_complex to None, run_after=None
[2024-12-01T02:22:50.104+0000] {processor.py:208} INFO - Processing /home/airflow/.local/lib/python3.12/site-packages/airflow/example_dags/example_complex.py took 0.089 seconds
[2024-12-01T02:23:21.702+0000] {processor.py:186} INFO - Started process (PID=52127) to work on /home/airflow/.local/lib/python3.12/site-packages/airflow/example_dags/example_complex.py
[2024-12-01T02:23:21.703+0000] {processor.py:914} INFO - Processing file /home/airflow/.local/lib/python3.12/site-packages/airflow/example_dags/example_complex.py for tasks to queue
[2024-12-01T02:23:21.706+0000] {logging_mixin.py:190} INFO - [2024-12-01T02:23:21.706+0000] {dagbag.py:588} INFO - Filling up the DagBag from /home/airflow/.local/lib/python3.12/site-packages/airflow/example_dags/example_complex.py
[2024-12-01T02:23:21.865+0000] {processor.py:925} INFO - DAG(s) 'example_complex' retrieved from /home/airflow/.local/lib/python3.12/site-packages/airflow/example_dags/example_complex.py
[2024-12-01T02:23:21.896+0000] {logging_mixin.py:190} INFO - [2024-12-01T02:23:21.895+0000] {dag.py:3239} INFO - Sync 1 DAGs
[2024-12-01T02:23:21.907+0000] {logging_mixin.py:190} INFO - [2024-12-01T02:23:21.907+0000] {dag.py:4180} INFO - Setting next_dagrun for example_complex to None, run_after=None
[2024-12-01T02:23:21.924+0000] {processor.py:208} INFO - Processing /home/airflow/.local/lib/python3.12/site-packages/airflow/example_dags/example_complex.py took 0.231 seconds
[2024-12-01T02:23:52.339+0000] {processor.py:186} INFO - Started process (PID=52193) to work on /home/airflow/.local/lib/python3.12/site-packages/airflow/example_dags/example_complex.py
[2024-12-01T02:23:52.340+0000] {processor.py:914} INFO - Processing file /home/airflow/.local/lib/python3.12/site-packages/airflow/example_dags/example_complex.py for tasks to queue
[2024-12-01T02:23:52.343+0000] {logging_mixin.py:190} INFO - [2024-12-01T02:23:52.343+0000] {dagbag.py:588} INFO - Filling up the DagBag from /home/airflow/.local/lib/python3.12/site-packages/airflow/example_dags/example_complex.py
[2024-12-01T02:23:52.356+0000] {processor.py:925} INFO - DAG(s) 'example_complex' retrieved from /home/airflow/.local/lib/python3.12/site-packages/airflow/example_dags/example_complex.py
[2024-12-01T02:23:52.387+0000] {logging_mixin.py:190} INFO - [2024-12-01T02:23:52.387+0000] {dag.py:3239} INFO - Sync 1 DAGs
[2024-12-01T02:23:52.400+0000] {logging_mixin.py:190} INFO - [2024-12-01T02:23:52.399+0000] {dag.py:4180} INFO - Setting next_dagrun for example_complex to None, run_after=None
[2024-12-01T02:23:52.417+0000] {processor.py:208} INFO - Processing /home/airflow/.local/lib/python3.12/site-packages/airflow/example_dags/example_complex.py took 0.083 seconds
[2024-12-01T02:24:22.668+0000] {processor.py:186} INFO - Started process (PID=52259) to work on /home/airflow/.local/lib/python3.12/site-packages/airflow/example_dags/example_complex.py
[2024-12-01T02:24:22.669+0000] {processor.py:914} INFO - Processing file /home/airflow/.local/lib/python3.12/site-packages/airflow/example_dags/example_complex.py for tasks to queue
[2024-12-01T02:24:22.672+0000] {logging_mixin.py:190} INFO - [2024-12-01T02:24:22.671+0000] {dagbag.py:588} INFO - Filling up the DagBag from /home/airflow/.local/lib/python3.12/site-packages/airflow/example_dags/example_complex.py
[2024-12-01T02:24:22.683+0000] {processor.py:925} INFO - DAG(s) 'example_complex' retrieved from /home/airflow/.local/lib/python3.12/site-packages/airflow/example_dags/example_complex.py
[2024-12-01T02:24:22.728+0000] {logging_mixin.py:190} INFO - [2024-12-01T02:24:22.728+0000] {dag.py:3239} INFO - Sync 1 DAGs
[2024-12-01T02:24:22.742+0000] {logging_mixin.py:190} INFO - [2024-12-01T02:24:22.742+0000] {dag.py:4180} INFO - Setting next_dagrun for example_complex to None, run_after=None
[2024-12-01T02:24:22.757+0000] {processor.py:208} INFO - Processing /home/airflow/.local/lib/python3.12/site-packages/airflow/example_dags/example_complex.py took 0.094 seconds
[2024-12-01T02:24:53.077+0000] {processor.py:186} INFO - Started process (PID=52325) to work on /home/airflow/.local/lib/python3.12/site-packages/airflow/example_dags/example_complex.py
[2024-12-01T02:24:53.078+0000] {processor.py:914} INFO - Processing file /home/airflow/.local/lib/python3.12/site-packages/airflow/example_dags/example_complex.py for tasks to queue
[2024-12-01T02:24:53.081+0000] {logging_mixin.py:190} INFO - [2024-12-01T02:24:53.080+0000] {dagbag.py:588} INFO - Filling up the DagBag from /home/airflow/.local/lib/python3.12/site-packages/airflow/example_dags/example_complex.py
[2024-12-01T02:24:53.093+0000] {processor.py:925} INFO - DAG(s) 'example_complex' retrieved from /home/airflow/.local/lib/python3.12/site-packages/airflow/example_dags/example_complex.py
[2024-12-01T02:24:53.125+0000] {logging_mixin.py:190} INFO - [2024-12-01T02:24:53.125+0000] {dag.py:3239} INFO - Sync 1 DAGs
[2024-12-01T02:24:53.140+0000] {logging_mixin.py:190} INFO - [2024-12-01T02:24:53.140+0000] {dag.py:4180} INFO - Setting next_dagrun for example_complex to None, run_after=None
[2024-12-01T02:24:53.158+0000] {processor.py:208} INFO - Processing /home/airflow/.local/lib/python3.12/site-packages/airflow/example_dags/example_complex.py took 0.086 seconds
[2024-12-01T02:25:23.625+0000] {processor.py:186} INFO - Started process (PID=52391) to work on /home/airflow/.local/lib/python3.12/site-packages/airflow/example_dags/example_complex.py
[2024-12-01T02:25:23.626+0000] {processor.py:914} INFO - Processing file /home/airflow/.local/lib/python3.12/site-packages/airflow/example_dags/example_complex.py for tasks to queue
[2024-12-01T02:25:23.628+0000] {logging_mixin.py:190} INFO - [2024-12-01T02:25:23.628+0000] {dagbag.py:588} INFO - Filling up the DagBag from /home/airflow/.local/lib/python3.12/site-packages/airflow/example_dags/example_complex.py
[2024-12-01T02:25:23.640+0000] {processor.py:925} INFO - DAG(s) 'example_complex' retrieved from /home/airflow/.local/lib/python3.12/site-packages/airflow/example_dags/example_complex.py
[2024-12-01T02:25:23.677+0000] {logging_mixin.py:190} INFO - [2024-12-01T02:25:23.677+0000] {dag.py:3239} INFO - Sync 1 DAGs
[2024-12-01T02:25:23.691+0000] {logging_mixin.py:190} INFO - [2024-12-01T02:25:23.691+0000] {dag.py:4180} INFO - Setting next_dagrun for example_complex to None, run_after=None
[2024-12-01T02:25:23.707+0000] {processor.py:208} INFO - Processing /home/airflow/.local/lib/python3.12/site-packages/airflow/example_dags/example_complex.py took 0.086 seconds
[2024-12-01T02:25:54.421+0000] {processor.py:186} INFO - Started process (PID=52457) to work on /home/airflow/.local/lib/python3.12/site-packages/airflow/example_dags/example_complex.py
[2024-12-01T02:25:54.422+0000] {processor.py:914} INFO - Processing file /home/airflow/.local/lib/python3.12/site-packages/airflow/example_dags/example_complex.py for tasks to queue
[2024-12-01T02:25:54.424+0000] {logging_mixin.py:190} INFO - [2024-12-01T02:25:54.424+0000] {dagbag.py:588} INFO - Filling up the DagBag from /home/airflow/.local/lib/python3.12/site-packages/airflow/example_dags/example_complex.py
[2024-12-01T02:25:54.437+0000] {processor.py:925} INFO - DAG(s) 'example_complex' retrieved from /home/airflow/.local/lib/python3.12/site-packages/airflow/example_dags/example_complex.py
[2024-12-01T02:25:54.466+0000] {logging_mixin.py:190} INFO - [2024-12-01T02:25:54.466+0000] {dag.py:3239} INFO - Sync 1 DAGs
[2024-12-01T02:25:54.479+0000] {logging_mixin.py:190} INFO - [2024-12-01T02:25:54.479+0000] {dag.py:4180} INFO - Setting next_dagrun for example_complex to None, run_after=None
[2024-12-01T02:25:54.496+0000] {processor.py:208} INFO - Processing /home/airflow/.local/lib/python3.12/site-packages/airflow/example_dags/example_complex.py took 0.081 seconds
[2024-12-01T02:26:24.888+0000] {processor.py:186} INFO - Started process (PID=52523) to work on /home/airflow/.local/lib/python3.12/site-packages/airflow/example_dags/example_complex.py
[2024-12-01T02:26:24.889+0000] {processor.py:914} INFO - Processing file /home/airflow/.local/lib/python3.12/site-packages/airflow/example_dags/example_complex.py for tasks to queue
[2024-12-01T02:26:24.891+0000] {logging_mixin.py:190} INFO - [2024-12-01T02:26:24.891+0000] {dagbag.py:588} INFO - Filling up the DagBag from /home/airflow/.local/lib/python3.12/site-packages/airflow/example_dags/example_complex.py
[2024-12-01T02:26:24.904+0000] {processor.py:925} INFO - DAG(s) 'example_complex' retrieved from /home/airflow/.local/lib/python3.12/site-packages/airflow/example_dags/example_complex.py
[2024-12-01T02:26:24.935+0000] {logging_mixin.py:190} INFO - [2024-12-01T02:26:24.935+0000] {dag.py:3239} INFO - Sync 1 DAGs
[2024-12-01T02:26:24.949+0000] {logging_mixin.py:190} INFO - [2024-12-01T02:26:24.948+0000] {dag.py:4180} INFO - Setting next_dagrun for example_complex to None, run_after=None
[2024-12-01T02:26:24.966+0000] {processor.py:208} INFO - Processing /home/airflow/.local/lib/python3.12/site-packages/airflow/example_dags/example_complex.py took 0.084 seconds
[2024-12-01T02:26:55.385+0000] {processor.py:186} INFO - Started process (PID=52589) to work on /home/airflow/.local/lib/python3.12/site-packages/airflow/example_dags/example_complex.py
[2024-12-01T02:26:55.386+0000] {processor.py:914} INFO - Processing file /home/airflow/.local/lib/python3.12/site-packages/airflow/example_dags/example_complex.py for tasks to queue
[2024-12-01T02:26:55.388+0000] {logging_mixin.py:190} INFO - [2024-12-01T02:26:55.388+0000] {dagbag.py:588} INFO - Filling up the DagBag from /home/airflow/.local/lib/python3.12/site-packages/airflow/example_dags/example_complex.py
[2024-12-01T02:26:55.405+0000] {processor.py:925} INFO - DAG(s) 'example_complex' retrieved from /home/airflow/.local/lib/python3.12/site-packages/airflow/example_dags/example_complex.py
[2024-12-01T02:26:55.436+0000] {logging_mixin.py:190} INFO - [2024-12-01T02:26:55.435+0000] {dag.py:3239} INFO - Sync 1 DAGs
[2024-12-01T02:26:55.448+0000] {logging_mixin.py:190} INFO - [2024-12-01T02:26:55.448+0000] {dag.py:4180} INFO - Setting next_dagrun for example_complex to None, run_after=None
[2024-12-01T02:26:55.464+0000] {processor.py:208} INFO - Processing /home/airflow/.local/lib/python3.12/site-packages/airflow/example_dags/example_complex.py took 0.085 seconds
[2024-12-01T02:27:25.936+0000] {processor.py:186} INFO - Started process (PID=52655) to work on /home/airflow/.local/lib/python3.12/site-packages/airflow/example_dags/example_complex.py
[2024-12-01T02:27:25.937+0000] {processor.py:914} INFO - Processing file /home/airflow/.local/lib/python3.12/site-packages/airflow/example_dags/example_complex.py for tasks to queue
[2024-12-01T02:27:25.939+0000] {logging_mixin.py:190} INFO - [2024-12-01T02:27:25.939+0000] {dagbag.py:588} INFO - Filling up the DagBag from /home/airflow/.local/lib/python3.12/site-packages/airflow/example_dags/example_complex.py
[2024-12-01T02:27:25.951+0000] {processor.py:925} INFO - DAG(s) 'example_complex' retrieved from /home/airflow/.local/lib/python3.12/site-packages/airflow/example_dags/example_complex.py
[2024-12-01T02:27:25.981+0000] {logging_mixin.py:190} INFO - [2024-12-01T02:27:25.981+0000] {dag.py:3239} INFO - Sync 1 DAGs
[2024-12-01T02:27:25.994+0000] {logging_mixin.py:190} INFO - [2024-12-01T02:27:25.994+0000] {dag.py:4180} INFO - Setting next_dagrun for example_complex to None, run_after=None
[2024-12-01T02:27:26.011+0000] {processor.py:208} INFO - Processing /home/airflow/.local/lib/python3.12/site-packages/airflow/example_dags/example_complex.py took 0.081 seconds
[2024-12-01T02:27:56.438+0000] {processor.py:186} INFO - Started process (PID=52721) to work on /home/airflow/.local/lib/python3.12/site-packages/airflow/example_dags/example_complex.py
[2024-12-01T02:27:56.439+0000] {processor.py:914} INFO - Processing file /home/airflow/.local/lib/python3.12/site-packages/airflow/example_dags/example_complex.py for tasks to queue
[2024-12-01T02:27:56.441+0000] {logging_mixin.py:190} INFO - [2024-12-01T02:27:56.440+0000] {dagbag.py:588} INFO - Filling up the DagBag from /home/airflow/.local/lib/python3.12/site-packages/airflow/example_dags/example_complex.py
[2024-12-01T02:27:56.454+0000] {processor.py:925} INFO - DAG(s) 'example_complex' retrieved from /home/airflow/.local/lib/python3.12/site-packages/airflow/example_dags/example_complex.py
[2024-12-01T02:27:56.483+0000] {logging_mixin.py:190} INFO - [2024-12-01T02:27:56.483+0000] {dag.py:3239} INFO - Sync 1 DAGs
[2024-12-01T02:27:56.496+0000] {logging_mixin.py:190} INFO - [2024-12-01T02:27:56.496+0000] {dag.py:4180} INFO - Setting next_dagrun for example_complex to None, run_after=None
[2024-12-01T02:27:56.514+0000] {processor.py:208} INFO - Processing /home/airflow/.local/lib/python3.12/site-packages/airflow/example_dags/example_complex.py took 0.081 seconds
[2024-12-01T02:28:26.922+0000] {processor.py:186} INFO - Started process (PID=52787) to work on /home/airflow/.local/lib/python3.12/site-packages/airflow/example_dags/example_complex.py
[2024-12-01T02:28:26.923+0000] {processor.py:914} INFO - Processing file /home/airflow/.local/lib/python3.12/site-packages/airflow/example_dags/example_complex.py for tasks to queue
[2024-12-01T02:28:26.925+0000] {logging_mixin.py:190} INFO - [2024-12-01T02:28:26.925+0000] {dagbag.py:588} INFO - Filling up the DagBag from /home/airflow/.local/lib/python3.12/site-packages/airflow/example_dags/example_complex.py
[2024-12-01T02:28:26.937+0000] {processor.py:925} INFO - DAG(s) 'example_complex' retrieved from /home/airflow/.local/lib/python3.12/site-packages/airflow/example_dags/example_complex.py
[2024-12-01T02:28:26.968+0000] {logging_mixin.py:190} INFO - [2024-12-01T02:28:26.968+0000] {dag.py:3239} INFO - Sync 1 DAGs
[2024-12-01T02:28:26.981+0000] {logging_mixin.py:190} INFO - [2024-12-01T02:28:26.980+0000] {dag.py:4180} INFO - Setting next_dagrun for example_complex to None, run_after=None
[2024-12-01T02:28:26.996+0000] {processor.py:208} INFO - Processing /home/airflow/.local/lib/python3.12/site-packages/airflow/example_dags/example_complex.py took 0.080 seconds
[2024-12-01T02:28:57.483+0000] {processor.py:186} INFO - Started process (PID=52853) to work on /home/airflow/.local/lib/python3.12/site-packages/airflow/example_dags/example_complex.py
[2024-12-01T02:28:57.483+0000] {processor.py:914} INFO - Processing file /home/airflow/.local/lib/python3.12/site-packages/airflow/example_dags/example_complex.py for tasks to queue
[2024-12-01T02:28:57.487+0000] {logging_mixin.py:190} INFO - [2024-12-01T02:28:57.486+0000] {dagbag.py:588} INFO - Filling up the DagBag from /home/airflow/.local/lib/python3.12/site-packages/airflow/example_dags/example_complex.py
[2024-12-01T02:28:57.498+0000] {processor.py:925} INFO - DAG(s) 'example_complex' retrieved from /home/airflow/.local/lib/python3.12/site-packages/airflow/example_dags/example_complex.py
[2024-12-01T02:28:57.531+0000] {logging_mixin.py:190} INFO - [2024-12-01T02:28:57.530+0000] {dag.py:3239} INFO - Sync 1 DAGs
[2024-12-01T02:28:57.543+0000] {logging_mixin.py:190} INFO - [2024-12-01T02:28:57.543+0000] {dag.py:4180} INFO - Setting next_dagrun for example_complex to None, run_after=None
[2024-12-01T02:28:57.560+0000] {processor.py:208} INFO - Processing /home/airflow/.local/lib/python3.12/site-packages/airflow/example_dags/example_complex.py took 0.082 seconds
[2024-12-01T02:29:28.092+0000] {processor.py:186} INFO - Started process (PID=52919) to work on /home/airflow/.local/lib/python3.12/site-packages/airflow/example_dags/example_complex.py
[2024-12-01T02:29:28.093+0000] {processor.py:914} INFO - Processing file /home/airflow/.local/lib/python3.12/site-packages/airflow/example_dags/example_complex.py for tasks to queue
[2024-12-01T02:29:28.096+0000] {logging_mixin.py:190} INFO - [2024-12-01T02:29:28.096+0000] {dagbag.py:588} INFO - Filling up the DagBag from /home/airflow/.local/lib/python3.12/site-packages/airflow/example_dags/example_complex.py
[2024-12-01T02:29:28.108+0000] {processor.py:925} INFO - DAG(s) 'example_complex' retrieved from /home/airflow/.local/lib/python3.12/site-packages/airflow/example_dags/example_complex.py
[2024-12-01T02:29:28.140+0000] {logging_mixin.py:190} INFO - [2024-12-01T02:29:28.140+0000] {dag.py:3239} INFO - Sync 1 DAGs
[2024-12-01T02:29:28.156+0000] {logging_mixin.py:190} INFO - [2024-12-01T02:29:28.156+0000] {dag.py:4180} INFO - Setting next_dagrun for example_complex to None, run_after=None
[2024-12-01T02:29:28.180+0000] {processor.py:208} INFO - Processing /home/airflow/.local/lib/python3.12/site-packages/airflow/example_dags/example_complex.py took 0.093 seconds
[2024-12-01T02:29:58.479+0000] {processor.py:186} INFO - Started process (PID=52985) to work on /home/airflow/.local/lib/python3.12/site-packages/airflow/example_dags/example_complex.py
[2024-12-01T02:29:58.480+0000] {processor.py:914} INFO - Processing file /home/airflow/.local/lib/python3.12/site-packages/airflow/example_dags/example_complex.py for tasks to queue
[2024-12-01T02:29:58.482+0000] {logging_mixin.py:190} INFO - [2024-12-01T02:29:58.482+0000] {dagbag.py:588} INFO - Filling up the DagBag from /home/airflow/.local/lib/python3.12/site-packages/airflow/example_dags/example_complex.py
[2024-12-01T02:29:58.497+0000] {processor.py:925} INFO - DAG(s) 'example_complex' retrieved from /home/airflow/.local/lib/python3.12/site-packages/airflow/example_dags/example_complex.py
[2024-12-01T02:29:58.528+0000] {logging_mixin.py:190} INFO - [2024-12-01T02:29:58.528+0000] {dag.py:3239} INFO - Sync 1 DAGs
[2024-12-01T02:29:58.542+0000] {logging_mixin.py:190} INFO - [2024-12-01T02:29:58.542+0000] {dag.py:4180} INFO - Setting next_dagrun for example_complex to None, run_after=None
[2024-12-01T02:29:58.559+0000] {processor.py:208} INFO - Processing /home/airflow/.local/lib/python3.12/site-packages/airflow/example_dags/example_complex.py took 0.085 seconds
[2024-12-01T02:30:29.006+0000] {processor.py:186} INFO - Started process (PID=53051) to work on /home/airflow/.local/lib/python3.12/site-packages/airflow/example_dags/example_complex.py
[2024-12-01T02:30:29.007+0000] {processor.py:914} INFO - Processing file /home/airflow/.local/lib/python3.12/site-packages/airflow/example_dags/example_complex.py for tasks to queue
[2024-12-01T02:30:29.009+0000] {logging_mixin.py:190} INFO - [2024-12-01T02:30:29.009+0000] {dagbag.py:588} INFO - Filling up the DagBag from /home/airflow/.local/lib/python3.12/site-packages/airflow/example_dags/example_complex.py
[2024-12-01T02:30:29.021+0000] {processor.py:925} INFO - DAG(s) 'example_complex' retrieved from /home/airflow/.local/lib/python3.12/site-packages/airflow/example_dags/example_complex.py
[2024-12-01T02:30:29.051+0000] {logging_mixin.py:190} INFO - [2024-12-01T02:30:29.051+0000] {dag.py:3239} INFO - Sync 1 DAGs
[2024-12-01T02:30:29.065+0000] {logging_mixin.py:190} INFO - [2024-12-01T02:30:29.065+0000] {dag.py:4180} INFO - Setting next_dagrun for example_complex to None, run_after=None
[2024-12-01T02:30:29.083+0000] {processor.py:208} INFO - Processing /home/airflow/.local/lib/python3.12/site-packages/airflow/example_dags/example_complex.py took 0.083 seconds
[2024-12-01T02:30:59.743+0000] {processor.py:186} INFO - Started process (PID=53117) to work on /home/airflow/.local/lib/python3.12/site-packages/airflow/example_dags/example_complex.py
[2024-12-01T02:30:59.744+0000] {processor.py:914} INFO - Processing file /home/airflow/.local/lib/python3.12/site-packages/airflow/example_dags/example_complex.py for tasks to queue
[2024-12-01T02:30:59.747+0000] {logging_mixin.py:190} INFO - [2024-12-01T02:30:59.747+0000] {dagbag.py:588} INFO - Filling up the DagBag from /home/airflow/.local/lib/python3.12/site-packages/airflow/example_dags/example_complex.py
[2024-12-01T02:30:59.763+0000] {processor.py:925} INFO - DAG(s) 'example_complex' retrieved from /home/airflow/.local/lib/python3.12/site-packages/airflow/example_dags/example_complex.py
[2024-12-01T02:30:59.809+0000] {logging_mixin.py:190} INFO - [2024-12-01T02:30:59.808+0000] {dag.py:3239} INFO - Sync 1 DAGs
[2024-12-01T02:30:59.824+0000] {logging_mixin.py:190} INFO - [2024-12-01T02:30:59.824+0000] {dag.py:4180} INFO - Setting next_dagrun for example_complex to None, run_after=None
[2024-12-01T02:30:59.841+0000] {processor.py:208} INFO - Processing /home/airflow/.local/lib/python3.12/site-packages/airflow/example_dags/example_complex.py took 0.106 seconds
[2024-12-01T02:31:30.942+0000] {processor.py:186} INFO - Started process (PID=53189) to work on /home/airflow/.local/lib/python3.12/site-packages/airflow/example_dags/example_complex.py
[2024-12-01T02:31:30.942+0000] {processor.py:914} INFO - Processing file /home/airflow/.local/lib/python3.12/site-packages/airflow/example_dags/example_complex.py for tasks to queue
[2024-12-01T02:31:30.944+0000] {logging_mixin.py:190} INFO - [2024-12-01T02:31:30.944+0000] {dagbag.py:588} INFO - Filling up the DagBag from /home/airflow/.local/lib/python3.12/site-packages/airflow/example_dags/example_complex.py
[2024-12-01T02:31:30.956+0000] {processor.py:925} INFO - DAG(s) 'example_complex' retrieved from /home/airflow/.local/lib/python3.12/site-packages/airflow/example_dags/example_complex.py
[2024-12-01T02:31:30.989+0000] {logging_mixin.py:190} INFO - [2024-12-01T02:31:30.989+0000] {dag.py:3239} INFO - Sync 1 DAGs
[2024-12-01T02:31:31.007+0000] {logging_mixin.py:190} INFO - [2024-12-01T02:31:31.007+0000] {dag.py:4180} INFO - Setting next_dagrun for example_complex to None, run_after=None
[2024-12-01T02:31:31.038+0000] {processor.py:208} INFO - Processing /home/airflow/.local/lib/python3.12/site-packages/airflow/example_dags/example_complex.py took 0.102 seconds
[2024-12-01T02:32:01.623+0000] {processor.py:186} INFO - Started process (PID=53255) to work on /home/airflow/.local/lib/python3.12/site-packages/airflow/example_dags/example_complex.py
[2024-12-01T02:32:01.624+0000] {processor.py:914} INFO - Processing file /home/airflow/.local/lib/python3.12/site-packages/airflow/example_dags/example_complex.py for tasks to queue
[2024-12-01T02:32:01.626+0000] {logging_mixin.py:190} INFO - [2024-12-01T02:32:01.625+0000] {dagbag.py:588} INFO - Filling up the DagBag from /home/airflow/.local/lib/python3.12/site-packages/airflow/example_dags/example_complex.py
[2024-12-01T02:32:01.637+0000] {processor.py:925} INFO - DAG(s) 'example_complex' retrieved from /home/airflow/.local/lib/python3.12/site-packages/airflow/example_dags/example_complex.py
[2024-12-01T02:32:01.666+0000] {logging_mixin.py:190} INFO - [2024-12-01T02:32:01.666+0000] {dag.py:3239} INFO - Sync 1 DAGs
[2024-12-01T02:32:01.678+0000] {logging_mixin.py:190} INFO - [2024-12-01T02:32:01.678+0000] {dag.py:4180} INFO - Setting next_dagrun for example_complex to None, run_after=None
[2024-12-01T02:32:01.694+0000] {processor.py:208} INFO - Processing /home/airflow/.local/lib/python3.12/site-packages/airflow/example_dags/example_complex.py took 0.077 seconds
[2024-12-01T02:32:32.899+0000] {processor.py:186} INFO - Started process (PID=53321) to work on /home/airflow/.local/lib/python3.12/site-packages/airflow/example_dags/example_complex.py
[2024-12-01T02:32:32.901+0000] {processor.py:914} INFO - Processing file /home/airflow/.local/lib/python3.12/site-packages/airflow/example_dags/example_complex.py for tasks to queue
[2024-12-01T02:32:32.905+0000] {logging_mixin.py:190} INFO - [2024-12-01T02:32:32.905+0000] {dagbag.py:588} INFO - Filling up the DagBag from /home/airflow/.local/lib/python3.12/site-packages/airflow/example_dags/example_complex.py
[2024-12-01T02:32:32.935+0000] {processor.py:925} INFO - DAG(s) 'example_complex' retrieved from /home/airflow/.local/lib/python3.12/site-packages/airflow/example_dags/example_complex.py
[2024-12-01T02:32:33.017+0000] {logging_mixin.py:190} INFO - [2024-12-01T02:32:33.016+0000] {dag.py:3239} INFO - Sync 1 DAGs
[2024-12-01T02:32:33.043+0000] {logging_mixin.py:190} INFO - [2024-12-01T02:32:33.043+0000] {dag.py:4180} INFO - Setting next_dagrun for example_complex to None, run_after=None
[2024-12-01T02:32:33.063+0000] {processor.py:208} INFO - Processing /home/airflow/.local/lib/python3.12/site-packages/airflow/example_dags/example_complex.py took 0.172 seconds
[2024-12-01T02:33:03.580+0000] {processor.py:186} INFO - Started process (PID=53387) to work on /home/airflow/.local/lib/python3.12/site-packages/airflow/example_dags/example_complex.py
[2024-12-01T02:33:03.584+0000] {processor.py:914} INFO - Processing file /home/airflow/.local/lib/python3.12/site-packages/airflow/example_dags/example_complex.py for tasks to queue
[2024-12-01T02:33:03.592+0000] {logging_mixin.py:190} INFO - [2024-12-01T02:33:03.591+0000] {dagbag.py:588} INFO - Filling up the DagBag from /home/airflow/.local/lib/python3.12/site-packages/airflow/example_dags/example_complex.py
[2024-12-01T02:33:03.627+0000] {processor.py:925} INFO - DAG(s) 'example_complex' retrieved from /home/airflow/.local/lib/python3.12/site-packages/airflow/example_dags/example_complex.py
[2024-12-01T02:33:03.671+0000] {logging_mixin.py:190} INFO - [2024-12-01T02:33:03.670+0000] {dag.py:3239} INFO - Sync 1 DAGs
[2024-12-01T02:33:03.685+0000] {logging_mixin.py:190} INFO - [2024-12-01T02:33:03.684+0000] {dag.py:4180} INFO - Setting next_dagrun for example_complex to None, run_after=None
[2024-12-01T02:33:03.702+0000] {processor.py:208} INFO - Processing /home/airflow/.local/lib/python3.12/site-packages/airflow/example_dags/example_complex.py took 0.131 seconds
[2024-12-01T02:33:34.326+0000] {processor.py:186} INFO - Started process (PID=53453) to work on /home/airflow/.local/lib/python3.12/site-packages/airflow/example_dags/example_complex.py
[2024-12-01T02:33:34.327+0000] {processor.py:914} INFO - Processing file /home/airflow/.local/lib/python3.12/site-packages/airflow/example_dags/example_complex.py for tasks to queue
[2024-12-01T02:33:34.329+0000] {logging_mixin.py:190} INFO - [2024-12-01T02:33:34.329+0000] {dagbag.py:588} INFO - Filling up the DagBag from /home/airflow/.local/lib/python3.12/site-packages/airflow/example_dags/example_complex.py
[2024-12-01T02:33:34.341+0000] {processor.py:925} INFO - DAG(s) 'example_complex' retrieved from /home/airflow/.local/lib/python3.12/site-packages/airflow/example_dags/example_complex.py
[2024-12-01T02:33:34.374+0000] {logging_mixin.py:190} INFO - [2024-12-01T02:33:34.374+0000] {dag.py:3239} INFO - Sync 1 DAGs
[2024-12-01T02:33:34.388+0000] {logging_mixin.py:190} INFO - [2024-12-01T02:33:34.388+0000] {dag.py:4180} INFO - Setting next_dagrun for example_complex to None, run_after=None
[2024-12-01T02:33:34.405+0000] {processor.py:208} INFO - Processing /home/airflow/.local/lib/python3.12/site-packages/airflow/example_dags/example_complex.py took 0.086 seconds
[2024-12-01T02:34:05.022+0000] {processor.py:186} INFO - Started process (PID=53519) to work on /home/airflow/.local/lib/python3.12/site-packages/airflow/example_dags/example_complex.py
[2024-12-01T02:34:05.023+0000] {processor.py:914} INFO - Processing file /home/airflow/.local/lib/python3.12/site-packages/airflow/example_dags/example_complex.py for tasks to queue
[2024-12-01T02:34:05.026+0000] {logging_mixin.py:190} INFO - [2024-12-01T02:34:05.025+0000] {dagbag.py:588} INFO - Filling up the DagBag from /home/airflow/.local/lib/python3.12/site-packages/airflow/example_dags/example_complex.py
[2024-12-01T02:34:05.037+0000] {processor.py:925} INFO - DAG(s) 'example_complex' retrieved from /home/airflow/.local/lib/python3.12/site-packages/airflow/example_dags/example_complex.py
[2024-12-01T02:34:05.067+0000] {logging_mixin.py:190} INFO - [2024-12-01T02:34:05.067+0000] {dag.py:3239} INFO - Sync 1 DAGs
[2024-12-01T02:34:05.082+0000] {logging_mixin.py:190} INFO - [2024-12-01T02:34:05.081+0000] {dag.py:4180} INFO - Setting next_dagrun for example_complex to None, run_after=None
[2024-12-01T02:34:05.102+0000] {processor.py:208} INFO - Processing /home/airflow/.local/lib/python3.12/site-packages/airflow/example_dags/example_complex.py took 0.085 seconds
[2024-12-01T02:34:35.695+0000] {processor.py:186} INFO - Started process (PID=53585) to work on /home/airflow/.local/lib/python3.12/site-packages/airflow/example_dags/example_complex.py
[2024-12-01T02:34:35.696+0000] {processor.py:914} INFO - Processing file /home/airflow/.local/lib/python3.12/site-packages/airflow/example_dags/example_complex.py for tasks to queue
[2024-12-01T02:34:35.698+0000] {logging_mixin.py:190} INFO - [2024-12-01T02:34:35.697+0000] {dagbag.py:588} INFO - Filling up the DagBag from /home/airflow/.local/lib/python3.12/site-packages/airflow/example_dags/example_complex.py
[2024-12-01T02:34:35.709+0000] {processor.py:925} INFO - DAG(s) 'example_complex' retrieved from /home/airflow/.local/lib/python3.12/site-packages/airflow/example_dags/example_complex.py
[2024-12-01T02:34:35.743+0000] {logging_mixin.py:190} INFO - [2024-12-01T02:34:35.742+0000] {dag.py:3239} INFO - Sync 1 DAGs
[2024-12-01T02:34:35.756+0000] {logging_mixin.py:190} INFO - [2024-12-01T02:34:35.755+0000] {dag.py:4180} INFO - Setting next_dagrun for example_complex to None, run_after=None
[2024-12-01T02:34:35.773+0000] {processor.py:208} INFO - Processing /home/airflow/.local/lib/python3.12/site-packages/airflow/example_dags/example_complex.py took 0.083 seconds
[2024-12-01T02:35:06.836+0000] {processor.py:186} INFO - Started process (PID=53651) to work on /home/airflow/.local/lib/python3.12/site-packages/airflow/example_dags/example_complex.py
[2024-12-01T02:35:06.837+0000] {processor.py:914} INFO - Processing file /home/airflow/.local/lib/python3.12/site-packages/airflow/example_dags/example_complex.py for tasks to queue
[2024-12-01T02:35:06.839+0000] {logging_mixin.py:190} INFO - [2024-12-01T02:35:06.839+0000] {dagbag.py:588} INFO - Filling up the DagBag from /home/airflow/.local/lib/python3.12/site-packages/airflow/example_dags/example_complex.py
[2024-12-01T02:35:06.852+0000] {processor.py:925} INFO - DAG(s) 'example_complex' retrieved from /home/airflow/.local/lib/python3.12/site-packages/airflow/example_dags/example_complex.py
[2024-12-01T02:35:06.882+0000] {logging_mixin.py:190} INFO - [2024-12-01T02:35:06.882+0000] {dag.py:3239} INFO - Sync 1 DAGs
[2024-12-01T02:35:06.895+0000] {logging_mixin.py:190} INFO - [2024-12-01T02:35:06.895+0000] {dag.py:4180} INFO - Setting next_dagrun for example_complex to None, run_after=None
[2024-12-01T02:35:06.911+0000] {processor.py:208} INFO - Processing /home/airflow/.local/lib/python3.12/site-packages/airflow/example_dags/example_complex.py took 0.081 seconds
