[2024-12-01T02:11:02.377+0000] {processor.py:186} INFO - Started process (PID=50565) to work on /home/airflow/.local/lib/python3.12/site-packages/airflow/example_dags/example_task_group_decorator.py
[2024-12-01T02:11:02.378+0000] {processor.py:914} INFO - Processing file /home/airflow/.local/lib/python3.12/site-packages/airflow/example_dags/example_task_group_decorator.py for tasks to queue
[2024-12-01T02:11:02.380+0000] {logging_mixin.py:190} INFO - [2024-12-01T02:11:02.380+0000] {dagbag.py:588} INFO - Filling up the DagBag from /home/airflow/.local/lib/python3.12/site-packages/airflow/example_dags/example_task_group_decorator.py
[2024-12-01T02:11:02.395+0000] {processor.py:925} INFO - DAG(s) 'example_task_group_decorator' retrieved from /home/airflow/.local/lib/python3.12/site-packages/airflow/example_dags/example_task_group_decorator.py
[2024-12-01T02:11:02.425+0000] {logging_mixin.py:190} INFO - [2024-12-01T02:11:02.424+0000] {dag.py:3239} INFO - Sync 1 DAGs
[2024-12-01T02:11:02.443+0000] {logging_mixin.py:190} INFO - [2024-12-01T02:11:02.442+0000] {dag.py:4180} INFO - Setting next_dagrun for example_task_group_decorator to None, run_after=None
[2024-12-01T02:11:02.463+0000] {processor.py:208} INFO - Processing /home/airflow/.local/lib/python3.12/site-packages/airflow/example_dags/example_task_group_decorator.py took 0.092 seconds
[2024-12-01T02:11:33.211+0000] {processor.py:186} INFO - Started process (PID=50632) to work on /home/airflow/.local/lib/python3.12/site-packages/airflow/example_dags/example_task_group_decorator.py
[2024-12-01T02:11:33.211+0000] {processor.py:914} INFO - Processing file /home/airflow/.local/lib/python3.12/site-packages/airflow/example_dags/example_task_group_decorator.py for tasks to queue
[2024-12-01T02:11:33.214+0000] {logging_mixin.py:190} INFO - [2024-12-01T02:11:33.213+0000] {dagbag.py:588} INFO - Filling up the DagBag from /home/airflow/.local/lib/python3.12/site-packages/airflow/example_dags/example_task_group_decorator.py
[2024-12-01T02:11:33.230+0000] {processor.py:925} INFO - DAG(s) 'example_task_group_decorator' retrieved from /home/airflow/.local/lib/python3.12/site-packages/airflow/example_dags/example_task_group_decorator.py
[2024-12-01T02:11:33.257+0000] {logging_mixin.py:190} INFO - [2024-12-01T02:11:33.257+0000] {dag.py:3239} INFO - Sync 1 DAGs
[2024-12-01T02:11:33.272+0000] {logging_mixin.py:190} INFO - [2024-12-01T02:11:33.272+0000] {dag.py:4180} INFO - Setting next_dagrun for example_task_group_decorator to None, run_after=None
[2024-12-01T02:11:33.291+0000] {processor.py:208} INFO - Processing /home/airflow/.local/lib/python3.12/site-packages/airflow/example_dags/example_task_group_decorator.py took 0.086 seconds
[2024-12-01T02:12:03.711+0000] {processor.py:186} INFO - Started process (PID=50698) to work on /home/airflow/.local/lib/python3.12/site-packages/airflow/example_dags/example_task_group_decorator.py
[2024-12-01T02:12:03.712+0000] {processor.py:914} INFO - Processing file /home/airflow/.local/lib/python3.12/site-packages/airflow/example_dags/example_task_group_decorator.py for tasks to queue
[2024-12-01T02:12:03.715+0000] {logging_mixin.py:190} INFO - [2024-12-01T02:12:03.714+0000] {dagbag.py:588} INFO - Filling up the DagBag from /home/airflow/.local/lib/python3.12/site-packages/airflow/example_dags/example_task_group_decorator.py
[2024-12-01T02:12:03.733+0000] {processor.py:925} INFO - DAG(s) 'example_task_group_decorator' retrieved from /home/airflow/.local/lib/python3.12/site-packages/airflow/example_dags/example_task_group_decorator.py
[2024-12-01T02:12:03.758+0000] {logging_mixin.py:190} INFO - [2024-12-01T02:12:03.757+0000] {dag.py:3239} INFO - Sync 1 DAGs
[2024-12-01T02:12:03.776+0000] {logging_mixin.py:190} INFO - [2024-12-01T02:12:03.776+0000] {dag.py:4180} INFO - Setting next_dagrun for example_task_group_decorator to None, run_after=None
[2024-12-01T02:12:03.797+0000] {processor.py:208} INFO - Processing /home/airflow/.local/lib/python3.12/site-packages/airflow/example_dags/example_task_group_decorator.py took 0.093 seconds
[2024-12-01T02:12:34.416+0000] {processor.py:186} INFO - Started process (PID=50764) to work on /home/airflow/.local/lib/python3.12/site-packages/airflow/example_dags/example_task_group_decorator.py
[2024-12-01T02:12:34.417+0000] {processor.py:914} INFO - Processing file /home/airflow/.local/lib/python3.12/site-packages/airflow/example_dags/example_task_group_decorator.py for tasks to queue
[2024-12-01T02:12:34.419+0000] {logging_mixin.py:190} INFO - [2024-12-01T02:12:34.419+0000] {dagbag.py:588} INFO - Filling up the DagBag from /home/airflow/.local/lib/python3.12/site-packages/airflow/example_dags/example_task_group_decorator.py
[2024-12-01T02:12:34.433+0000] {processor.py:925} INFO - DAG(s) 'example_task_group_decorator' retrieved from /home/airflow/.local/lib/python3.12/site-packages/airflow/example_dags/example_task_group_decorator.py
[2024-12-01T02:12:34.467+0000] {logging_mixin.py:190} INFO - [2024-12-01T02:12:34.467+0000] {dag.py:3239} INFO - Sync 1 DAGs
[2024-12-01T02:12:34.482+0000] {logging_mixin.py:190} INFO - [2024-12-01T02:12:34.482+0000] {dag.py:4180} INFO - Setting next_dagrun for example_task_group_decorator to None, run_after=None
[2024-12-01T02:12:34.498+0000] {processor.py:208} INFO - Processing /home/airflow/.local/lib/python3.12/site-packages/airflow/example_dags/example_task_group_decorator.py took 0.087 seconds
[2024-12-01T02:13:05.319+0000] {processor.py:186} INFO - Started process (PID=50830) to work on /home/airflow/.local/lib/python3.12/site-packages/airflow/example_dags/example_task_group_decorator.py
[2024-12-01T02:13:05.320+0000] {processor.py:914} INFO - Processing file /home/airflow/.local/lib/python3.12/site-packages/airflow/example_dags/example_task_group_decorator.py for tasks to queue
[2024-12-01T02:13:05.322+0000] {logging_mixin.py:190} INFO - [2024-12-01T02:13:05.322+0000] {dagbag.py:588} INFO - Filling up the DagBag from /home/airflow/.local/lib/python3.12/site-packages/airflow/example_dags/example_task_group_decorator.py
[2024-12-01T02:13:05.337+0000] {processor.py:925} INFO - DAG(s) 'example_task_group_decorator' retrieved from /home/airflow/.local/lib/python3.12/site-packages/airflow/example_dags/example_task_group_decorator.py
[2024-12-01T02:13:05.362+0000] {logging_mixin.py:190} INFO - [2024-12-01T02:13:05.362+0000] {dag.py:3239} INFO - Sync 1 DAGs
[2024-12-01T02:13:05.375+0000] {logging_mixin.py:190} INFO - [2024-12-01T02:13:05.375+0000] {dag.py:4180} INFO - Setting next_dagrun for example_task_group_decorator to None, run_after=None
[2024-12-01T02:13:05.391+0000] {processor.py:208} INFO - Processing /home/airflow/.local/lib/python3.12/site-packages/airflow/example_dags/example_task_group_decorator.py took 0.077 seconds
[2024-12-01T02:13:35.954+0000] {processor.py:186} INFO - Started process (PID=50896) to work on /home/airflow/.local/lib/python3.12/site-packages/airflow/example_dags/example_task_group_decorator.py
[2024-12-01T02:13:35.954+0000] {processor.py:914} INFO - Processing file /home/airflow/.local/lib/python3.12/site-packages/airflow/example_dags/example_task_group_decorator.py for tasks to queue
[2024-12-01T02:13:35.957+0000] {logging_mixin.py:190} INFO - [2024-12-01T02:13:35.956+0000] {dagbag.py:588} INFO - Filling up the DagBag from /home/airflow/.local/lib/python3.12/site-packages/airflow/example_dags/example_task_group_decorator.py
[2024-12-01T02:13:35.971+0000] {processor.py:925} INFO - DAG(s) 'example_task_group_decorator' retrieved from /home/airflow/.local/lib/python3.12/site-packages/airflow/example_dags/example_task_group_decorator.py
[2024-12-01T02:13:35.996+0000] {logging_mixin.py:190} INFO - [2024-12-01T02:13:35.995+0000] {dag.py:3239} INFO - Sync 1 DAGs
[2024-12-01T02:13:36.009+0000] {logging_mixin.py:190} INFO - [2024-12-01T02:13:36.008+0000] {dag.py:4180} INFO - Setting next_dagrun for example_task_group_decorator to None, run_after=None
[2024-12-01T02:13:36.032+0000] {processor.py:208} INFO - Processing /home/airflow/.local/lib/python3.12/site-packages/airflow/example_dags/example_task_group_decorator.py took 0.084 seconds
[2024-12-01T02:14:07.230+0000] {processor.py:186} INFO - Started process (PID=50962) to work on /home/airflow/.local/lib/python3.12/site-packages/airflow/example_dags/example_task_group_decorator.py
[2024-12-01T02:14:07.231+0000] {processor.py:914} INFO - Processing file /home/airflow/.local/lib/python3.12/site-packages/airflow/example_dags/example_task_group_decorator.py for tasks to queue
[2024-12-01T02:14:07.234+0000] {logging_mixin.py:190} INFO - [2024-12-01T02:14:07.233+0000] {dagbag.py:588} INFO - Filling up the DagBag from /home/airflow/.local/lib/python3.12/site-packages/airflow/example_dags/example_task_group_decorator.py
[2024-12-01T02:14:07.248+0000] {processor.py:925} INFO - DAG(s) 'example_task_group_decorator' retrieved from /home/airflow/.local/lib/python3.12/site-packages/airflow/example_dags/example_task_group_decorator.py
[2024-12-01T02:14:07.271+0000] {logging_mixin.py:190} INFO - [2024-12-01T02:14:07.271+0000] {dag.py:3239} INFO - Sync 1 DAGs
[2024-12-01T02:14:07.284+0000] {logging_mixin.py:190} INFO - [2024-12-01T02:14:07.284+0000] {dag.py:4180} INFO - Setting next_dagrun for example_task_group_decorator to None, run_after=None
[2024-12-01T02:14:07.301+0000] {processor.py:208} INFO - Processing /home/airflow/.local/lib/python3.12/site-packages/airflow/example_dags/example_task_group_decorator.py took 0.076 seconds
[2024-12-01T02:14:38.081+0000] {processor.py:186} INFO - Started process (PID=51028) to work on /home/airflow/.local/lib/python3.12/site-packages/airflow/example_dags/example_task_group_decorator.py
[2024-12-01T02:14:38.081+0000] {processor.py:914} INFO - Processing file /home/airflow/.local/lib/python3.12/site-packages/airflow/example_dags/example_task_group_decorator.py for tasks to queue
[2024-12-01T02:14:38.084+0000] {logging_mixin.py:190} INFO - [2024-12-01T02:14:38.084+0000] {dagbag.py:588} INFO - Filling up the DagBag from /home/airflow/.local/lib/python3.12/site-packages/airflow/example_dags/example_task_group_decorator.py
[2024-12-01T02:14:38.098+0000] {processor.py:925} INFO - DAG(s) 'example_task_group_decorator' retrieved from /home/airflow/.local/lib/python3.12/site-packages/airflow/example_dags/example_task_group_decorator.py
[2024-12-01T02:14:38.122+0000] {logging_mixin.py:190} INFO - [2024-12-01T02:14:38.121+0000] {dag.py:3239} INFO - Sync 1 DAGs
[2024-12-01T02:14:38.135+0000] {logging_mixin.py:190} INFO - [2024-12-01T02:14:38.134+0000] {dag.py:4180} INFO - Setting next_dagrun for example_task_group_decorator to None, run_after=None
[2024-12-01T02:14:38.150+0000] {processor.py:208} INFO - Processing /home/airflow/.local/lib/python3.12/site-packages/airflow/example_dags/example_task_group_decorator.py took 0.076 seconds
[2024-12-01T02:15:09.030+0000] {processor.py:186} INFO - Started process (PID=51094) to work on /home/airflow/.local/lib/python3.12/site-packages/airflow/example_dags/example_task_group_decorator.py
[2024-12-01T02:15:09.031+0000] {processor.py:914} INFO - Processing file /home/airflow/.local/lib/python3.12/site-packages/airflow/example_dags/example_task_group_decorator.py for tasks to queue
[2024-12-01T02:15:09.033+0000] {logging_mixin.py:190} INFO - [2024-12-01T02:15:09.033+0000] {dagbag.py:588} INFO - Filling up the DagBag from /home/airflow/.local/lib/python3.12/site-packages/airflow/example_dags/example_task_group_decorator.py
[2024-12-01T02:15:09.049+0000] {processor.py:925} INFO - DAG(s) 'example_task_group_decorator' retrieved from /home/airflow/.local/lib/python3.12/site-packages/airflow/example_dags/example_task_group_decorator.py
[2024-12-01T02:15:09.073+0000] {logging_mixin.py:190} INFO - [2024-12-01T02:15:09.072+0000] {dag.py:3239} INFO - Sync 1 DAGs
[2024-12-01T02:15:09.086+0000] {logging_mixin.py:190} INFO - [2024-12-01T02:15:09.086+0000] {dag.py:4180} INFO - Setting next_dagrun for example_task_group_decorator to None, run_after=None
[2024-12-01T02:15:09.106+0000] {processor.py:208} INFO - Processing /home/airflow/.local/lib/python3.12/site-packages/airflow/example_dags/example_task_group_decorator.py took 0.084 seconds
[2024-12-01T02:15:39.823+0000] {processor.py:186} INFO - Started process (PID=51160) to work on /home/airflow/.local/lib/python3.12/site-packages/airflow/example_dags/example_task_group_decorator.py
[2024-12-01T02:15:39.824+0000] {processor.py:914} INFO - Processing file /home/airflow/.local/lib/python3.12/site-packages/airflow/example_dags/example_task_group_decorator.py for tasks to queue
[2024-12-01T02:15:39.826+0000] {logging_mixin.py:190} INFO - [2024-12-01T02:15:39.826+0000] {dagbag.py:588} INFO - Filling up the DagBag from /home/airflow/.local/lib/python3.12/site-packages/airflow/example_dags/example_task_group_decorator.py
[2024-12-01T02:15:39.840+0000] {processor.py:925} INFO - DAG(s) 'example_task_group_decorator' retrieved from /home/airflow/.local/lib/python3.12/site-packages/airflow/example_dags/example_task_group_decorator.py
[2024-12-01T02:15:39.865+0000] {logging_mixin.py:190} INFO - [2024-12-01T02:15:39.865+0000] {dag.py:3239} INFO - Sync 1 DAGs
[2024-12-01T02:15:39.879+0000] {logging_mixin.py:190} INFO - [2024-12-01T02:15:39.879+0000] {dag.py:4180} INFO - Setting next_dagrun for example_task_group_decorator to None, run_after=None
[2024-12-01T02:15:39.899+0000] {processor.py:208} INFO - Processing /home/airflow/.local/lib/python3.12/site-packages/airflow/example_dags/example_task_group_decorator.py took 0.081 seconds
[2024-12-01T02:16:10.713+0000] {processor.py:186} INFO - Started process (PID=51226) to work on /home/airflow/.local/lib/python3.12/site-packages/airflow/example_dags/example_task_group_decorator.py
[2024-12-01T02:16:10.714+0000] {processor.py:914} INFO - Processing file /home/airflow/.local/lib/python3.12/site-packages/airflow/example_dags/example_task_group_decorator.py for tasks to queue
[2024-12-01T02:16:10.716+0000] {logging_mixin.py:190} INFO - [2024-12-01T02:16:10.716+0000] {dagbag.py:588} INFO - Filling up the DagBag from /home/airflow/.local/lib/python3.12/site-packages/airflow/example_dags/example_task_group_decorator.py
[2024-12-01T02:16:10.734+0000] {processor.py:925} INFO - DAG(s) 'example_task_group_decorator' retrieved from /home/airflow/.local/lib/python3.12/site-packages/airflow/example_dags/example_task_group_decorator.py
[2024-12-01T02:16:10.761+0000] {logging_mixin.py:190} INFO - [2024-12-01T02:16:10.760+0000] {dag.py:3239} INFO - Sync 1 DAGs
[2024-12-01T02:16:10.774+0000] {logging_mixin.py:190} INFO - [2024-12-01T02:16:10.774+0000] {dag.py:4180} INFO - Setting next_dagrun for example_task_group_decorator to None, run_after=None
[2024-12-01T02:16:10.791+0000] {processor.py:208} INFO - Processing /home/airflow/.local/lib/python3.12/site-packages/airflow/example_dags/example_task_group_decorator.py took 0.083 seconds
[2024-12-01T02:16:41.620+0000] {processor.py:186} INFO - Started process (PID=51292) to work on /home/airflow/.local/lib/python3.12/site-packages/airflow/example_dags/example_task_group_decorator.py
[2024-12-01T02:16:41.622+0000] {processor.py:914} INFO - Processing file /home/airflow/.local/lib/python3.12/site-packages/airflow/example_dags/example_task_group_decorator.py for tasks to queue
[2024-12-01T02:16:41.624+0000] {logging_mixin.py:190} INFO - [2024-12-01T02:16:41.624+0000] {dagbag.py:588} INFO - Filling up the DagBag from /home/airflow/.local/lib/python3.12/site-packages/airflow/example_dags/example_task_group_decorator.py
[2024-12-01T02:16:41.639+0000] {processor.py:925} INFO - DAG(s) 'example_task_group_decorator' retrieved from /home/airflow/.local/lib/python3.12/site-packages/airflow/example_dags/example_task_group_decorator.py
[2024-12-01T02:16:41.663+0000] {logging_mixin.py:190} INFO - [2024-12-01T02:16:41.663+0000] {dag.py:3239} INFO - Sync 1 DAGs
[2024-12-01T02:16:41.677+0000] {logging_mixin.py:190} INFO - [2024-12-01T02:16:41.677+0000] {dag.py:4180} INFO - Setting next_dagrun for example_task_group_decorator to None, run_after=None
[2024-12-01T02:16:41.695+0000] {processor.py:208} INFO - Processing /home/airflow/.local/lib/python3.12/site-packages/airflow/example_dags/example_task_group_decorator.py took 0.081 seconds
[2024-12-01T02:17:12.680+0000] {processor.py:186} INFO - Started process (PID=51358) to work on /home/airflow/.local/lib/python3.12/site-packages/airflow/example_dags/example_task_group_decorator.py
[2024-12-01T02:17:12.681+0000] {processor.py:914} INFO - Processing file /home/airflow/.local/lib/python3.12/site-packages/airflow/example_dags/example_task_group_decorator.py for tasks to queue
[2024-12-01T02:17:12.683+0000] {logging_mixin.py:190} INFO - [2024-12-01T02:17:12.683+0000] {dagbag.py:588} INFO - Filling up the DagBag from /home/airflow/.local/lib/python3.12/site-packages/airflow/example_dags/example_task_group_decorator.py
[2024-12-01T02:17:12.698+0000] {processor.py:925} INFO - DAG(s) 'example_task_group_decorator' retrieved from /home/airflow/.local/lib/python3.12/site-packages/airflow/example_dags/example_task_group_decorator.py
[2024-12-01T02:17:12.728+0000] {logging_mixin.py:190} INFO - [2024-12-01T02:17:12.727+0000] {dag.py:3239} INFO - Sync 1 DAGs
[2024-12-01T02:17:12.741+0000] {logging_mixin.py:190} INFO - [2024-12-01T02:17:12.741+0000] {dag.py:4180} INFO - Setting next_dagrun for example_task_group_decorator to None, run_after=None
[2024-12-01T02:17:12.759+0000] {processor.py:208} INFO - Processing /home/airflow/.local/lib/python3.12/site-packages/airflow/example_dags/example_task_group_decorator.py took 0.085 seconds
[2024-12-01T02:17:43.715+0000] {processor.py:186} INFO - Started process (PID=51424) to work on /home/airflow/.local/lib/python3.12/site-packages/airflow/example_dags/example_task_group_decorator.py
[2024-12-01T02:17:43.716+0000] {processor.py:914} INFO - Processing file /home/airflow/.local/lib/python3.12/site-packages/airflow/example_dags/example_task_group_decorator.py for tasks to queue
[2024-12-01T02:17:43.719+0000] {logging_mixin.py:190} INFO - [2024-12-01T02:17:43.718+0000] {dagbag.py:588} INFO - Filling up the DagBag from /home/airflow/.local/lib/python3.12/site-packages/airflow/example_dags/example_task_group_decorator.py
[2024-12-01T02:17:43.733+0000] {processor.py:925} INFO - DAG(s) 'example_task_group_decorator' retrieved from /home/airflow/.local/lib/python3.12/site-packages/airflow/example_dags/example_task_group_decorator.py
[2024-12-01T02:17:43.757+0000] {logging_mixin.py:190} INFO - [2024-12-01T02:17:43.757+0000] {dag.py:3239} INFO - Sync 1 DAGs
[2024-12-01T02:17:43.770+0000] {logging_mixin.py:190} INFO - [2024-12-01T02:17:43.770+0000] {dag.py:4180} INFO - Setting next_dagrun for example_task_group_decorator to None, run_after=None
[2024-12-01T02:17:43.787+0000] {processor.py:208} INFO - Processing /home/airflow/.local/lib/python3.12/site-packages/airflow/example_dags/example_task_group_decorator.py took 0.077 seconds
[2024-12-01T02:18:14.701+0000] {processor.py:186} INFO - Started process (PID=51490) to work on /home/airflow/.local/lib/python3.12/site-packages/airflow/example_dags/example_task_group_decorator.py
[2024-12-01T02:18:14.701+0000] {processor.py:914} INFO - Processing file /home/airflow/.local/lib/python3.12/site-packages/airflow/example_dags/example_task_group_decorator.py for tasks to queue
[2024-12-01T02:18:14.704+0000] {logging_mixin.py:190} INFO - [2024-12-01T02:18:14.703+0000] {dagbag.py:588} INFO - Filling up the DagBag from /home/airflow/.local/lib/python3.12/site-packages/airflow/example_dags/example_task_group_decorator.py
[2024-12-01T02:18:14.730+0000] {processor.py:925} INFO - DAG(s) 'example_task_group_decorator' retrieved from /home/airflow/.local/lib/python3.12/site-packages/airflow/example_dags/example_task_group_decorator.py
[2024-12-01T02:18:14.792+0000] {logging_mixin.py:190} INFO - [2024-12-01T02:18:14.792+0000] {dag.py:3239} INFO - Sync 1 DAGs
[2024-12-01T02:18:14.843+0000] {logging_mixin.py:190} INFO - [2024-12-01T02:18:14.842+0000] {dag.py:4180} INFO - Setting next_dagrun for example_task_group_decorator to None, run_after=None
[2024-12-01T02:18:14.872+0000] {processor.py:208} INFO - Processing /home/airflow/.local/lib/python3.12/site-packages/airflow/example_dags/example_task_group_decorator.py took 0.176 seconds
[2024-12-01T02:18:45.553+0000] {processor.py:186} INFO - Started process (PID=51556) to work on /home/airflow/.local/lib/python3.12/site-packages/airflow/example_dags/example_task_group_decorator.py
[2024-12-01T02:18:45.554+0000] {processor.py:914} INFO - Processing file /home/airflow/.local/lib/python3.12/site-packages/airflow/example_dags/example_task_group_decorator.py for tasks to queue
[2024-12-01T02:18:45.556+0000] {logging_mixin.py:190} INFO - [2024-12-01T02:18:45.556+0000] {dagbag.py:588} INFO - Filling up the DagBag from /home/airflow/.local/lib/python3.12/site-packages/airflow/example_dags/example_task_group_decorator.py
[2024-12-01T02:18:45.571+0000] {processor.py:925} INFO - DAG(s) 'example_task_group_decorator' retrieved from /home/airflow/.local/lib/python3.12/site-packages/airflow/example_dags/example_task_group_decorator.py
[2024-12-01T02:18:45.595+0000] {logging_mixin.py:190} INFO - [2024-12-01T02:18:45.595+0000] {dag.py:3239} INFO - Sync 1 DAGs
[2024-12-01T02:18:45.607+0000] {logging_mixin.py:190} INFO - [2024-12-01T02:18:45.607+0000] {dag.py:4180} INFO - Setting next_dagrun for example_task_group_decorator to None, run_after=None
[2024-12-01T02:18:45.626+0000] {processor.py:208} INFO - Processing /home/airflow/.local/lib/python3.12/site-packages/airflow/example_dags/example_task_group_decorator.py took 0.079 seconds
[2024-12-01T02:19:16.540+0000] {processor.py:186} INFO - Started process (PID=51623) to work on /home/airflow/.local/lib/python3.12/site-packages/airflow/example_dags/example_task_group_decorator.py
[2024-12-01T02:19:16.541+0000] {processor.py:914} INFO - Processing file /home/airflow/.local/lib/python3.12/site-packages/airflow/example_dags/example_task_group_decorator.py for tasks to queue
[2024-12-01T02:19:16.543+0000] {logging_mixin.py:190} INFO - [2024-12-01T02:19:16.542+0000] {dagbag.py:588} INFO - Filling up the DagBag from /home/airflow/.local/lib/python3.12/site-packages/airflow/example_dags/example_task_group_decorator.py
[2024-12-01T02:19:16.557+0000] {processor.py:925} INFO - DAG(s) 'example_task_group_decorator' retrieved from /home/airflow/.local/lib/python3.12/site-packages/airflow/example_dags/example_task_group_decorator.py
[2024-12-01T02:19:16.586+0000] {logging_mixin.py:190} INFO - [2024-12-01T02:19:16.586+0000] {dag.py:3239} INFO - Sync 1 DAGs
[2024-12-01T02:19:16.599+0000] {logging_mixin.py:190} INFO - [2024-12-01T02:19:16.599+0000] {dag.py:4180} INFO - Setting next_dagrun for example_task_group_decorator to None, run_after=None
[2024-12-01T02:19:16.617+0000] {processor.py:208} INFO - Processing /home/airflow/.local/lib/python3.12/site-packages/airflow/example_dags/example_task_group_decorator.py took 0.082 seconds
[2024-12-01T02:19:47.579+0000] {processor.py:186} INFO - Started process (PID=51689) to work on /home/airflow/.local/lib/python3.12/site-packages/airflow/example_dags/example_task_group_decorator.py
[2024-12-01T02:19:47.580+0000] {processor.py:914} INFO - Processing file /home/airflow/.local/lib/python3.12/site-packages/airflow/example_dags/example_task_group_decorator.py for tasks to queue
[2024-12-01T02:19:47.582+0000] {logging_mixin.py:190} INFO - [2024-12-01T02:19:47.581+0000] {dagbag.py:588} INFO - Filling up the DagBag from /home/airflow/.local/lib/python3.12/site-packages/airflow/example_dags/example_task_group_decorator.py
[2024-12-01T02:19:47.596+0000] {processor.py:925} INFO - DAG(s) 'example_task_group_decorator' retrieved from /home/airflow/.local/lib/python3.12/site-packages/airflow/example_dags/example_task_group_decorator.py
[2024-12-01T02:19:47.619+0000] {logging_mixin.py:190} INFO - [2024-12-01T02:19:47.619+0000] {dag.py:3239} INFO - Sync 1 DAGs
[2024-12-01T02:19:47.642+0000] {logging_mixin.py:190} INFO - [2024-12-01T02:19:47.642+0000] {dag.py:4180} INFO - Setting next_dagrun for example_task_group_decorator to None, run_after=None
[2024-12-01T02:19:47.662+0000] {processor.py:208} INFO - Processing /home/airflow/.local/lib/python3.12/site-packages/airflow/example_dags/example_task_group_decorator.py took 0.088 seconds
[2024-12-01T02:20:18.743+0000] {processor.py:186} INFO - Started process (PID=51755) to work on /home/airflow/.local/lib/python3.12/site-packages/airflow/example_dags/example_task_group_decorator.py
[2024-12-01T02:20:18.744+0000] {processor.py:914} INFO - Processing file /home/airflow/.local/lib/python3.12/site-packages/airflow/example_dags/example_task_group_decorator.py for tasks to queue
[2024-12-01T02:20:18.746+0000] {logging_mixin.py:190} INFO - [2024-12-01T02:20:18.746+0000] {dagbag.py:588} INFO - Filling up the DagBag from /home/airflow/.local/lib/python3.12/site-packages/airflow/example_dags/example_task_group_decorator.py
[2024-12-01T02:20:18.761+0000] {processor.py:925} INFO - DAG(s) 'example_task_group_decorator' retrieved from /home/airflow/.local/lib/python3.12/site-packages/airflow/example_dags/example_task_group_decorator.py
[2024-12-01T02:20:18.786+0000] {logging_mixin.py:190} INFO - [2024-12-01T02:20:18.786+0000] {dag.py:3239} INFO - Sync 1 DAGs
[2024-12-01T02:20:18.799+0000] {logging_mixin.py:190} INFO - [2024-12-01T02:20:18.799+0000] {dag.py:4180} INFO - Setting next_dagrun for example_task_group_decorator to None, run_after=None
[2024-12-01T02:20:18.815+0000] {processor.py:208} INFO - Processing /home/airflow/.local/lib/python3.12/site-packages/airflow/example_dags/example_task_group_decorator.py took 0.077 seconds
[2024-12-01T02:20:50.259+0000] {processor.py:186} INFO - Started process (PID=51821) to work on /home/airflow/.local/lib/python3.12/site-packages/airflow/example_dags/example_task_group_decorator.py
[2024-12-01T02:20:50.260+0000] {processor.py:914} INFO - Processing file /home/airflow/.local/lib/python3.12/site-packages/airflow/example_dags/example_task_group_decorator.py for tasks to queue
[2024-12-01T02:20:50.262+0000] {logging_mixin.py:190} INFO - [2024-12-01T02:20:50.262+0000] {dagbag.py:588} INFO - Filling up the DagBag from /home/airflow/.local/lib/python3.12/site-packages/airflow/example_dags/example_task_group_decorator.py
[2024-12-01T02:20:50.277+0000] {processor.py:925} INFO - DAG(s) 'example_task_group_decorator' retrieved from /home/airflow/.local/lib/python3.12/site-packages/airflow/example_dags/example_task_group_decorator.py
[2024-12-01T02:20:50.301+0000] {logging_mixin.py:190} INFO - [2024-12-01T02:20:50.301+0000] {dag.py:3239} INFO - Sync 1 DAGs
[2024-12-01T02:20:50.314+0000] {logging_mixin.py:190} INFO - [2024-12-01T02:20:50.314+0000] {dag.py:4180} INFO - Setting next_dagrun for example_task_group_decorator to None, run_after=None
[2024-12-01T02:20:50.331+0000] {processor.py:208} INFO - Processing /home/airflow/.local/lib/python3.12/site-packages/airflow/example_dags/example_task_group_decorator.py took 0.077 seconds
[2024-12-01T02:21:22.521+0000] {processor.py:186} INFO - Started process (PID=51887) to work on /home/airflow/.local/lib/python3.12/site-packages/airflow/example_dags/example_task_group_decorator.py
[2024-12-01T02:21:22.522+0000] {processor.py:914} INFO - Processing file /home/airflow/.local/lib/python3.12/site-packages/airflow/example_dags/example_task_group_decorator.py for tasks to queue
[2024-12-01T02:21:22.524+0000] {logging_mixin.py:190} INFO - [2024-12-01T02:21:22.524+0000] {dagbag.py:588} INFO - Filling up the DagBag from /home/airflow/.local/lib/python3.12/site-packages/airflow/example_dags/example_task_group_decorator.py
[2024-12-01T02:21:22.538+0000] {processor.py:925} INFO - DAG(s) 'example_task_group_decorator' retrieved from /home/airflow/.local/lib/python3.12/site-packages/airflow/example_dags/example_task_group_decorator.py
[2024-12-01T02:21:22.561+0000] {logging_mixin.py:190} INFO - [2024-12-01T02:21:22.561+0000] {dag.py:3239} INFO - Sync 1 DAGs
[2024-12-01T02:21:22.574+0000] {logging_mixin.py:190} INFO - [2024-12-01T02:21:22.574+0000] {dag.py:4180} INFO - Setting next_dagrun for example_task_group_decorator to None, run_after=None
[2024-12-01T02:21:22.589+0000] {processor.py:208} INFO - Processing /home/airflow/.local/lib/python3.12/site-packages/airflow/example_dags/example_task_group_decorator.py took 0.074 seconds
[2024-12-01T02:21:53.723+0000] {processor.py:186} INFO - Started process (PID=51953) to work on /home/airflow/.local/lib/python3.12/site-packages/airflow/example_dags/example_task_group_decorator.py
[2024-12-01T02:21:53.724+0000] {processor.py:914} INFO - Processing file /home/airflow/.local/lib/python3.12/site-packages/airflow/example_dags/example_task_group_decorator.py for tasks to queue
[2024-12-01T02:21:53.726+0000] {logging_mixin.py:190} INFO - [2024-12-01T02:21:53.725+0000] {dagbag.py:588} INFO - Filling up the DagBag from /home/airflow/.local/lib/python3.12/site-packages/airflow/example_dags/example_task_group_decorator.py
[2024-12-01T02:21:53.740+0000] {processor.py:925} INFO - DAG(s) 'example_task_group_decorator' retrieved from /home/airflow/.local/lib/python3.12/site-packages/airflow/example_dags/example_task_group_decorator.py
[2024-12-01T02:21:53.763+0000] {logging_mixin.py:190} INFO - [2024-12-01T02:21:53.763+0000] {dag.py:3239} INFO - Sync 1 DAGs
[2024-12-01T02:21:53.944+0000] {logging_mixin.py:190} INFO - [2024-12-01T02:21:53.944+0000] {dag.py:4180} INFO - Setting next_dagrun for example_task_group_decorator to None, run_after=None
[2024-12-01T02:21:53.961+0000] {processor.py:208} INFO - Processing /home/airflow/.local/lib/python3.12/site-packages/airflow/example_dags/example_task_group_decorator.py took 0.244 seconds
[2024-12-01T02:22:24.236+0000] {processor.py:186} INFO - Started process (PID=52019) to work on /home/airflow/.local/lib/python3.12/site-packages/airflow/example_dags/example_task_group_decorator.py
[2024-12-01T02:22:24.237+0000] {processor.py:914} INFO - Processing file /home/airflow/.local/lib/python3.12/site-packages/airflow/example_dags/example_task_group_decorator.py for tasks to queue
[2024-12-01T02:22:24.239+0000] {logging_mixin.py:190} INFO - [2024-12-01T02:22:24.239+0000] {dagbag.py:588} INFO - Filling up the DagBag from /home/airflow/.local/lib/python3.12/site-packages/airflow/example_dags/example_task_group_decorator.py
[2024-12-01T02:22:24.253+0000] {processor.py:925} INFO - DAG(s) 'example_task_group_decorator' retrieved from /home/airflow/.local/lib/python3.12/site-packages/airflow/example_dags/example_task_group_decorator.py
[2024-12-01T02:22:24.277+0000] {logging_mixin.py:190} INFO - [2024-12-01T02:22:24.276+0000] {dag.py:3239} INFO - Sync 1 DAGs
[2024-12-01T02:22:24.291+0000] {logging_mixin.py:190} INFO - [2024-12-01T02:22:24.291+0000] {dag.py:4180} INFO - Setting next_dagrun for example_task_group_decorator to None, run_after=None
[2024-12-01T02:22:24.466+0000] {processor.py:208} INFO - Processing /home/airflow/.local/lib/python3.12/site-packages/airflow/example_dags/example_task_group_decorator.py took 0.235 seconds
[2024-12-01T02:22:55.191+0000] {processor.py:186} INFO - Started process (PID=52085) to work on /home/airflow/.local/lib/python3.12/site-packages/airflow/example_dags/example_task_group_decorator.py
[2024-12-01T02:22:55.193+0000] {processor.py:914} INFO - Processing file /home/airflow/.local/lib/python3.12/site-packages/airflow/example_dags/example_task_group_decorator.py for tasks to queue
[2024-12-01T02:22:55.195+0000] {logging_mixin.py:190} INFO - [2024-12-01T02:22:55.194+0000] {dagbag.py:588} INFO - Filling up the DagBag from /home/airflow/.local/lib/python3.12/site-packages/airflow/example_dags/example_task_group_decorator.py
[2024-12-01T02:22:55.210+0000] {processor.py:925} INFO - DAG(s) 'example_task_group_decorator' retrieved from /home/airflow/.local/lib/python3.12/site-packages/airflow/example_dags/example_task_group_decorator.py
[2024-12-01T02:22:55.233+0000] {logging_mixin.py:190} INFO - [2024-12-01T02:22:55.233+0000] {dag.py:3239} INFO - Sync 1 DAGs
[2024-12-01T02:22:55.246+0000] {logging_mixin.py:190} INFO - [2024-12-01T02:22:55.246+0000] {dag.py:4180} INFO - Setting next_dagrun for example_task_group_decorator to None, run_after=None
[2024-12-01T02:22:55.262+0000] {processor.py:208} INFO - Processing /home/airflow/.local/lib/python3.12/site-packages/airflow/example_dags/example_task_group_decorator.py took 0.076 seconds
[2024-12-01T02:23:25.525+0000] {processor.py:186} INFO - Started process (PID=52150) to work on /home/airflow/.local/lib/python3.12/site-packages/airflow/example_dags/example_task_group_decorator.py
[2024-12-01T02:23:25.526+0000] {processor.py:914} INFO - Processing file /home/airflow/.local/lib/python3.12/site-packages/airflow/example_dags/example_task_group_decorator.py for tasks to queue
[2024-12-01T02:23:25.529+0000] {logging_mixin.py:190} INFO - [2024-12-01T02:23:25.528+0000] {dagbag.py:588} INFO - Filling up the DagBag from /home/airflow/.local/lib/python3.12/site-packages/airflow/example_dags/example_task_group_decorator.py
[2024-12-01T02:23:25.543+0000] {processor.py:925} INFO - DAG(s) 'example_task_group_decorator' retrieved from /home/airflow/.local/lib/python3.12/site-packages/airflow/example_dags/example_task_group_decorator.py
[2024-12-01T02:23:25.567+0000] {logging_mixin.py:190} INFO - [2024-12-01T02:23:25.567+0000] {dag.py:3239} INFO - Sync 1 DAGs
[2024-12-01T02:23:25.580+0000] {logging_mixin.py:190} INFO - [2024-12-01T02:23:25.580+0000] {dag.py:4180} INFO - Setting next_dagrun for example_task_group_decorator to None, run_after=None
[2024-12-01T02:23:25.598+0000] {processor.py:208} INFO - Processing /home/airflow/.local/lib/python3.12/site-packages/airflow/example_dags/example_task_group_decorator.py took 0.079 seconds
[2024-12-01T02:23:55.885+0000] {processor.py:186} INFO - Started process (PID=52216) to work on /home/airflow/.local/lib/python3.12/site-packages/airflow/example_dags/example_task_group_decorator.py
[2024-12-01T02:23:55.886+0000] {processor.py:914} INFO - Processing file /home/airflow/.local/lib/python3.12/site-packages/airflow/example_dags/example_task_group_decorator.py for tasks to queue
[2024-12-01T02:23:55.889+0000] {logging_mixin.py:190} INFO - [2024-12-01T02:23:55.888+0000] {dagbag.py:588} INFO - Filling up the DagBag from /home/airflow/.local/lib/python3.12/site-packages/airflow/example_dags/example_task_group_decorator.py
[2024-12-01T02:23:55.904+0000] {processor.py:925} INFO - DAG(s) 'example_task_group_decorator' retrieved from /home/airflow/.local/lib/python3.12/site-packages/airflow/example_dags/example_task_group_decorator.py
[2024-12-01T02:23:55.952+0000] {logging_mixin.py:190} INFO - [2024-12-01T02:23:55.951+0000] {dag.py:3239} INFO - Sync 1 DAGs
[2024-12-01T02:23:55.988+0000] {logging_mixin.py:190} INFO - [2024-12-01T02:23:55.988+0000] {dag.py:4180} INFO - Setting next_dagrun for example_task_group_decorator to None, run_after=None
[2024-12-01T02:23:56.037+0000] {processor.py:208} INFO - Processing /home/airflow/.local/lib/python3.12/site-packages/airflow/example_dags/example_task_group_decorator.py took 0.157 seconds
[2024-12-01T02:24:27.326+0000] {processor.py:186} INFO - Started process (PID=52283) to work on /home/airflow/.local/lib/python3.12/site-packages/airflow/example_dags/example_task_group_decorator.py
[2024-12-01T02:24:27.326+0000] {processor.py:914} INFO - Processing file /home/airflow/.local/lib/python3.12/site-packages/airflow/example_dags/example_task_group_decorator.py for tasks to queue
[2024-12-01T02:24:27.329+0000] {logging_mixin.py:190} INFO - [2024-12-01T02:24:27.328+0000] {dagbag.py:588} INFO - Filling up the DagBag from /home/airflow/.local/lib/python3.12/site-packages/airflow/example_dags/example_task_group_decorator.py
[2024-12-01T02:24:27.342+0000] {processor.py:925} INFO - DAG(s) 'example_task_group_decorator' retrieved from /home/airflow/.local/lib/python3.12/site-packages/airflow/example_dags/example_task_group_decorator.py
[2024-12-01T02:24:27.365+0000] {logging_mixin.py:190} INFO - [2024-12-01T02:24:27.365+0000] {dag.py:3239} INFO - Sync 1 DAGs
[2024-12-01T02:24:27.378+0000] {logging_mixin.py:190} INFO - [2024-12-01T02:24:27.378+0000] {dag.py:4180} INFO - Setting next_dagrun for example_task_group_decorator to None, run_after=None
[2024-12-01T02:24:27.395+0000] {processor.py:208} INFO - Processing /home/airflow/.local/lib/python3.12/site-packages/airflow/example_dags/example_task_group_decorator.py took 0.075 seconds
[2024-12-01T02:24:58.817+0000] {processor.py:186} INFO - Started process (PID=52349) to work on /home/airflow/.local/lib/python3.12/site-packages/airflow/example_dags/example_task_group_decorator.py
[2024-12-01T02:24:58.819+0000] {processor.py:914} INFO - Processing file /home/airflow/.local/lib/python3.12/site-packages/airflow/example_dags/example_task_group_decorator.py for tasks to queue
[2024-12-01T02:24:58.822+0000] {logging_mixin.py:190} INFO - [2024-12-01T02:24:58.822+0000] {dagbag.py:588} INFO - Filling up the DagBag from /home/airflow/.local/lib/python3.12/site-packages/airflow/example_dags/example_task_group_decorator.py
[2024-12-01T02:24:58.857+0000] {processor.py:925} INFO - DAG(s) 'example_task_group_decorator' retrieved from /home/airflow/.local/lib/python3.12/site-packages/airflow/example_dags/example_task_group_decorator.py
[2024-12-01T02:24:58.885+0000] {logging_mixin.py:190} INFO - [2024-12-01T02:24:58.885+0000] {dag.py:3239} INFO - Sync 1 DAGs
[2024-12-01T02:24:58.900+0000] {logging_mixin.py:190} INFO - [2024-12-01T02:24:58.899+0000] {dag.py:4180} INFO - Setting next_dagrun for example_task_group_decorator to None, run_after=None
[2024-12-01T02:24:58.916+0000] {processor.py:208} INFO - Processing /home/airflow/.local/lib/python3.12/site-packages/airflow/example_dags/example_task_group_decorator.py took 0.108 seconds
[2024-12-01T02:25:29.309+0000] {processor.py:186} INFO - Started process (PID=52415) to work on /home/airflow/.local/lib/python3.12/site-packages/airflow/example_dags/example_task_group_decorator.py
[2024-12-01T02:25:29.310+0000] {processor.py:914} INFO - Processing file /home/airflow/.local/lib/python3.12/site-packages/airflow/example_dags/example_task_group_decorator.py for tasks to queue
[2024-12-01T02:25:29.312+0000] {logging_mixin.py:190} INFO - [2024-12-01T02:25:29.311+0000] {dagbag.py:588} INFO - Filling up the DagBag from /home/airflow/.local/lib/python3.12/site-packages/airflow/example_dags/example_task_group_decorator.py
[2024-12-01T02:25:29.326+0000] {processor.py:925} INFO - DAG(s) 'example_task_group_decorator' retrieved from /home/airflow/.local/lib/python3.12/site-packages/airflow/example_dags/example_task_group_decorator.py
[2024-12-01T02:25:29.349+0000] {logging_mixin.py:190} INFO - [2024-12-01T02:25:29.349+0000] {dag.py:3239} INFO - Sync 1 DAGs
[2024-12-01T02:25:29.362+0000] {logging_mixin.py:190} INFO - [2024-12-01T02:25:29.362+0000] {dag.py:4180} INFO - Setting next_dagrun for example_task_group_decorator to None, run_after=None
[2024-12-01T02:25:29.381+0000] {processor.py:208} INFO - Processing /home/airflow/.local/lib/python3.12/site-packages/airflow/example_dags/example_task_group_decorator.py took 0.078 seconds
[2024-12-01T02:26:00.096+0000] {processor.py:186} INFO - Started process (PID=52487) to work on /home/airflow/.local/lib/python3.12/site-packages/airflow/example_dags/example_task_group_decorator.py
[2024-12-01T02:26:00.096+0000] {processor.py:914} INFO - Processing file /home/airflow/.local/lib/python3.12/site-packages/airflow/example_dags/example_task_group_decorator.py for tasks to queue
[2024-12-01T02:26:00.099+0000] {logging_mixin.py:190} INFO - [2024-12-01T02:26:00.098+0000] {dagbag.py:588} INFO - Filling up the DagBag from /home/airflow/.local/lib/python3.12/site-packages/airflow/example_dags/example_task_group_decorator.py
[2024-12-01T02:26:00.113+0000] {processor.py:925} INFO - DAG(s) 'example_task_group_decorator' retrieved from /home/airflow/.local/lib/python3.12/site-packages/airflow/example_dags/example_task_group_decorator.py
[2024-12-01T02:26:00.136+0000] {logging_mixin.py:190} INFO - [2024-12-01T02:26:00.136+0000] {dag.py:3239} INFO - Sync 1 DAGs
[2024-12-01T02:26:00.149+0000] {logging_mixin.py:190} INFO - [2024-12-01T02:26:00.149+0000] {dag.py:4180} INFO - Setting next_dagrun for example_task_group_decorator to None, run_after=None
[2024-12-01T02:26:00.168+0000] {processor.py:208} INFO - Processing /home/airflow/.local/lib/python3.12/site-packages/airflow/example_dags/example_task_group_decorator.py took 0.078 seconds
[2024-12-01T02:26:30.673+0000] {processor.py:186} INFO - Started process (PID=52552) to work on /home/airflow/.local/lib/python3.12/site-packages/airflow/example_dags/example_task_group_decorator.py
[2024-12-01T02:26:30.674+0000] {processor.py:914} INFO - Processing file /home/airflow/.local/lib/python3.12/site-packages/airflow/example_dags/example_task_group_decorator.py for tasks to queue
[2024-12-01T02:26:30.676+0000] {logging_mixin.py:190} INFO - [2024-12-01T02:26:30.676+0000] {dagbag.py:588} INFO - Filling up the DagBag from /home/airflow/.local/lib/python3.12/site-packages/airflow/example_dags/example_task_group_decorator.py
[2024-12-01T02:26:30.693+0000] {processor.py:925} INFO - DAG(s) 'example_task_group_decorator' retrieved from /home/airflow/.local/lib/python3.12/site-packages/airflow/example_dags/example_task_group_decorator.py
[2024-12-01T02:26:30.720+0000] {logging_mixin.py:190} INFO - [2024-12-01T02:26:30.720+0000] {dag.py:3239} INFO - Sync 1 DAGs
[2024-12-01T02:26:30.742+0000] {logging_mixin.py:190} INFO - [2024-12-01T02:26:30.742+0000] {dag.py:4180} INFO - Setting next_dagrun for example_task_group_decorator to None, run_after=None
[2024-12-01T02:26:30.765+0000] {processor.py:208} INFO - Processing /home/airflow/.local/lib/python3.12/site-packages/airflow/example_dags/example_task_group_decorator.py took 0.098 seconds
[2024-12-01T02:27:01.213+0000] {processor.py:186} INFO - Started process (PID=52618) to work on /home/airflow/.local/lib/python3.12/site-packages/airflow/example_dags/example_task_group_decorator.py
[2024-12-01T02:27:01.214+0000] {processor.py:914} INFO - Processing file /home/airflow/.local/lib/python3.12/site-packages/airflow/example_dags/example_task_group_decorator.py for tasks to queue
[2024-12-01T02:27:01.217+0000] {logging_mixin.py:190} INFO - [2024-12-01T02:27:01.217+0000] {dagbag.py:588} INFO - Filling up the DagBag from /home/airflow/.local/lib/python3.12/site-packages/airflow/example_dags/example_task_group_decorator.py
[2024-12-01T02:27:01.234+0000] {processor.py:925} INFO - DAG(s) 'example_task_group_decorator' retrieved from /home/airflow/.local/lib/python3.12/site-packages/airflow/example_dags/example_task_group_decorator.py
[2024-12-01T02:27:01.257+0000] {logging_mixin.py:190} INFO - [2024-12-01T02:27:01.257+0000] {dag.py:3239} INFO - Sync 1 DAGs
[2024-12-01T02:27:01.270+0000] {logging_mixin.py:190} INFO - [2024-12-01T02:27:01.270+0000] {dag.py:4180} INFO - Setting next_dagrun for example_task_group_decorator to None, run_after=None
[2024-12-01T02:27:01.287+0000] {processor.py:208} INFO - Processing /home/airflow/.local/lib/python3.12/site-packages/airflow/example_dags/example_task_group_decorator.py took 0.079 seconds
[2024-12-01T02:27:31.684+0000] {processor.py:186} INFO - Started process (PID=52684) to work on /home/airflow/.local/lib/python3.12/site-packages/airflow/example_dags/example_task_group_decorator.py
[2024-12-01T02:27:31.685+0000] {processor.py:914} INFO - Processing file /home/airflow/.local/lib/python3.12/site-packages/airflow/example_dags/example_task_group_decorator.py for tasks to queue
[2024-12-01T02:27:31.688+0000] {logging_mixin.py:190} INFO - [2024-12-01T02:27:31.687+0000] {dagbag.py:588} INFO - Filling up the DagBag from /home/airflow/.local/lib/python3.12/site-packages/airflow/example_dags/example_task_group_decorator.py
[2024-12-01T02:27:31.702+0000] {processor.py:925} INFO - DAG(s) 'example_task_group_decorator' retrieved from /home/airflow/.local/lib/python3.12/site-packages/airflow/example_dags/example_task_group_decorator.py
[2024-12-01T02:27:31.724+0000] {logging_mixin.py:190} INFO - [2024-12-01T02:27:31.724+0000] {dag.py:3239} INFO - Sync 1 DAGs
[2024-12-01T02:27:31.737+0000] {logging_mixin.py:190} INFO - [2024-12-01T02:27:31.736+0000] {dag.py:4180} INFO - Setting next_dagrun for example_task_group_decorator to None, run_after=None
[2024-12-01T02:27:31.753+0000] {processor.py:208} INFO - Processing /home/airflow/.local/lib/python3.12/site-packages/airflow/example_dags/example_task_group_decorator.py took 0.074 seconds
[2024-12-01T02:28:03.151+0000] {processor.py:186} INFO - Started process (PID=52751) to work on /home/airflow/.local/lib/python3.12/site-packages/airflow/example_dags/example_task_group_decorator.py
[2024-12-01T02:28:03.152+0000] {processor.py:914} INFO - Processing file /home/airflow/.local/lib/python3.12/site-packages/airflow/example_dags/example_task_group_decorator.py for tasks to queue
[2024-12-01T02:28:03.154+0000] {logging_mixin.py:190} INFO - [2024-12-01T02:28:03.154+0000] {dagbag.py:588} INFO - Filling up the DagBag from /home/airflow/.local/lib/python3.12/site-packages/airflow/example_dags/example_task_group_decorator.py
[2024-12-01T02:28:03.169+0000] {processor.py:925} INFO - DAG(s) 'example_task_group_decorator' retrieved from /home/airflow/.local/lib/python3.12/site-packages/airflow/example_dags/example_task_group_decorator.py
[2024-12-01T02:28:03.193+0000] {logging_mixin.py:190} INFO - [2024-12-01T02:28:03.193+0000] {dag.py:3239} INFO - Sync 1 DAGs
[2024-12-01T02:28:03.206+0000] {logging_mixin.py:190} INFO - [2024-12-01T02:28:03.206+0000] {dag.py:4180} INFO - Setting next_dagrun for example_task_group_decorator to None, run_after=None
[2024-12-01T02:28:03.223+0000] {processor.py:208} INFO - Processing /home/airflow/.local/lib/python3.12/site-packages/airflow/example_dags/example_task_group_decorator.py took 0.078 seconds
[2024-12-01T02:28:33.708+0000] {processor.py:186} INFO - Started process (PID=52817) to work on /home/airflow/.local/lib/python3.12/site-packages/airflow/example_dags/example_task_group_decorator.py
[2024-12-01T02:28:33.709+0000] {processor.py:914} INFO - Processing file /home/airflow/.local/lib/python3.12/site-packages/airflow/example_dags/example_task_group_decorator.py for tasks to queue
[2024-12-01T02:28:33.711+0000] {logging_mixin.py:190} INFO - [2024-12-01T02:28:33.711+0000] {dagbag.py:588} INFO - Filling up the DagBag from /home/airflow/.local/lib/python3.12/site-packages/airflow/example_dags/example_task_group_decorator.py
[2024-12-01T02:28:33.725+0000] {processor.py:925} INFO - DAG(s) 'example_task_group_decorator' retrieved from /home/airflow/.local/lib/python3.12/site-packages/airflow/example_dags/example_task_group_decorator.py
[2024-12-01T02:28:33.748+0000] {logging_mixin.py:190} INFO - [2024-12-01T02:28:33.747+0000] {dag.py:3239} INFO - Sync 1 DAGs
[2024-12-01T02:28:33.760+0000] {logging_mixin.py:190} INFO - [2024-12-01T02:28:33.760+0000] {dag.py:4180} INFO - Setting next_dagrun for example_task_group_decorator to None, run_after=None
[2024-12-01T02:28:33.776+0000] {processor.py:208} INFO - Processing /home/airflow/.local/lib/python3.12/site-packages/airflow/example_dags/example_task_group_decorator.py took 0.073 seconds
[2024-12-01T02:29:04.369+0000] {processor.py:186} INFO - Started process (PID=52883) to work on /home/airflow/.local/lib/python3.12/site-packages/airflow/example_dags/example_task_group_decorator.py
[2024-12-01T02:29:04.370+0000] {processor.py:914} INFO - Processing file /home/airflow/.local/lib/python3.12/site-packages/airflow/example_dags/example_task_group_decorator.py for tasks to queue
[2024-12-01T02:29:04.373+0000] {logging_mixin.py:190} INFO - [2024-12-01T02:29:04.372+0000] {dagbag.py:588} INFO - Filling up the DagBag from /home/airflow/.local/lib/python3.12/site-packages/airflow/example_dags/example_task_group_decorator.py
[2024-12-01T02:29:04.387+0000] {processor.py:925} INFO - DAG(s) 'example_task_group_decorator' retrieved from /home/airflow/.local/lib/python3.12/site-packages/airflow/example_dags/example_task_group_decorator.py
[2024-12-01T02:29:04.412+0000] {logging_mixin.py:190} INFO - [2024-12-01T02:29:04.412+0000] {dag.py:3239} INFO - Sync 1 DAGs
[2024-12-01T02:29:04.427+0000] {logging_mixin.py:190} INFO - [2024-12-01T02:29:04.427+0000] {dag.py:4180} INFO - Setting next_dagrun for example_task_group_decorator to None, run_after=None
[2024-12-01T02:29:04.443+0000] {processor.py:208} INFO - Processing /home/airflow/.local/lib/python3.12/site-packages/airflow/example_dags/example_task_group_decorator.py took 0.079 seconds
[2024-12-01T02:29:35.036+0000] {processor.py:186} INFO - Started process (PID=52949) to work on /home/airflow/.local/lib/python3.12/site-packages/airflow/example_dags/example_task_group_decorator.py
[2024-12-01T02:29:35.037+0000] {processor.py:914} INFO - Processing file /home/airflow/.local/lib/python3.12/site-packages/airflow/example_dags/example_task_group_decorator.py for tasks to queue
[2024-12-01T02:29:35.040+0000] {logging_mixin.py:190} INFO - [2024-12-01T02:29:35.040+0000] {dagbag.py:588} INFO - Filling up the DagBag from /home/airflow/.local/lib/python3.12/site-packages/airflow/example_dags/example_task_group_decorator.py
[2024-12-01T02:29:35.054+0000] {processor.py:925} INFO - DAG(s) 'example_task_group_decorator' retrieved from /home/airflow/.local/lib/python3.12/site-packages/airflow/example_dags/example_task_group_decorator.py
[2024-12-01T02:29:35.077+0000] {logging_mixin.py:190} INFO - [2024-12-01T02:29:35.077+0000] {dag.py:3239} INFO - Sync 1 DAGs
[2024-12-01T02:29:35.092+0000] {logging_mixin.py:190} INFO - [2024-12-01T02:29:35.092+0000] {dag.py:4180} INFO - Setting next_dagrun for example_task_group_decorator to None, run_after=None
[2024-12-01T02:29:35.109+0000] {processor.py:208} INFO - Processing /home/airflow/.local/lib/python3.12/site-packages/airflow/example_dags/example_task_group_decorator.py took 0.078 seconds
[2024-12-01T02:30:06.310+0000] {processor.py:186} INFO - Started process (PID=53015) to work on /home/airflow/.local/lib/python3.12/site-packages/airflow/example_dags/example_task_group_decorator.py
[2024-12-01T02:30:06.311+0000] {processor.py:914} INFO - Processing file /home/airflow/.local/lib/python3.12/site-packages/airflow/example_dags/example_task_group_decorator.py for tasks to queue
[2024-12-01T02:30:06.313+0000] {logging_mixin.py:190} INFO - [2024-12-01T02:30:06.313+0000] {dagbag.py:588} INFO - Filling up the DagBag from /home/airflow/.local/lib/python3.12/site-packages/airflow/example_dags/example_task_group_decorator.py
[2024-12-01T02:30:06.327+0000] {processor.py:925} INFO - DAG(s) 'example_task_group_decorator' retrieved from /home/airflow/.local/lib/python3.12/site-packages/airflow/example_dags/example_task_group_decorator.py
[2024-12-01T02:30:06.350+0000] {logging_mixin.py:190} INFO - [2024-12-01T02:30:06.350+0000] {dag.py:3239} INFO - Sync 1 DAGs
[2024-12-01T02:30:06.363+0000] {logging_mixin.py:190} INFO - [2024-12-01T02:30:06.363+0000] {dag.py:4180} INFO - Setting next_dagrun for example_task_group_decorator to None, run_after=None
[2024-12-01T02:30:06.380+0000] {processor.py:208} INFO - Processing /home/airflow/.local/lib/python3.12/site-packages/airflow/example_dags/example_task_group_decorator.py took 0.075 seconds
[2024-12-01T02:30:37.015+0000] {processor.py:186} INFO - Started process (PID=53081) to work on /home/airflow/.local/lib/python3.12/site-packages/airflow/example_dags/example_task_group_decorator.py
[2024-12-01T02:30:37.016+0000] {processor.py:914} INFO - Processing file /home/airflow/.local/lib/python3.12/site-packages/airflow/example_dags/example_task_group_decorator.py for tasks to queue
[2024-12-01T02:30:37.019+0000] {logging_mixin.py:190} INFO - [2024-12-01T02:30:37.018+0000] {dagbag.py:588} INFO - Filling up the DagBag from /home/airflow/.local/lib/python3.12/site-packages/airflow/example_dags/example_task_group_decorator.py
[2024-12-01T02:30:37.035+0000] {processor.py:925} INFO - DAG(s) 'example_task_group_decorator' retrieved from /home/airflow/.local/lib/python3.12/site-packages/airflow/example_dags/example_task_group_decorator.py
[2024-12-01T02:30:37.060+0000] {logging_mixin.py:190} INFO - [2024-12-01T02:30:37.059+0000] {dag.py:3239} INFO - Sync 1 DAGs
[2024-12-01T02:30:37.073+0000] {logging_mixin.py:190} INFO - [2024-12-01T02:30:37.073+0000] {dag.py:4180} INFO - Setting next_dagrun for example_task_group_decorator to None, run_after=None
[2024-12-01T02:30:37.088+0000] {processor.py:208} INFO - Processing /home/airflow/.local/lib/python3.12/site-packages/airflow/example_dags/example_task_group_decorator.py took 0.081 seconds
[2024-12-01T02:31:07.516+0000] {processor.py:186} INFO - Started process (PID=53147) to work on /home/airflow/.local/lib/python3.12/site-packages/airflow/example_dags/example_task_group_decorator.py
[2024-12-01T02:31:07.517+0000] {processor.py:914} INFO - Processing file /home/airflow/.local/lib/python3.12/site-packages/airflow/example_dags/example_task_group_decorator.py for tasks to queue
[2024-12-01T02:31:07.519+0000] {logging_mixin.py:190} INFO - [2024-12-01T02:31:07.519+0000] {dagbag.py:588} INFO - Filling up the DagBag from /home/airflow/.local/lib/python3.12/site-packages/airflow/example_dags/example_task_group_decorator.py
[2024-12-01T02:31:07.535+0000] {processor.py:925} INFO - DAG(s) 'example_task_group_decorator' retrieved from /home/airflow/.local/lib/python3.12/site-packages/airflow/example_dags/example_task_group_decorator.py
[2024-12-01T02:31:07.561+0000] {logging_mixin.py:190} INFO - [2024-12-01T02:31:07.560+0000] {dag.py:3239} INFO - Sync 1 DAGs
[2024-12-01T02:31:07.573+0000] {logging_mixin.py:190} INFO - [2024-12-01T02:31:07.573+0000] {dag.py:4180} INFO - Setting next_dagrun for example_task_group_decorator to None, run_after=None
[2024-12-01T02:31:07.590+0000] {processor.py:208} INFO - Processing /home/airflow/.local/lib/python3.12/site-packages/airflow/example_dags/example_task_group_decorator.py took 0.079 seconds
[2024-12-01T02:31:38.925+0000] {processor.py:186} INFO - Started process (PID=53213) to work on /home/airflow/.local/lib/python3.12/site-packages/airflow/example_dags/example_task_group_decorator.py
[2024-12-01T02:31:38.926+0000] {processor.py:914} INFO - Processing file /home/airflow/.local/lib/python3.12/site-packages/airflow/example_dags/example_task_group_decorator.py for tasks to queue
[2024-12-01T02:31:38.928+0000] {logging_mixin.py:190} INFO - [2024-12-01T02:31:38.928+0000] {dagbag.py:588} INFO - Filling up the DagBag from /home/airflow/.local/lib/python3.12/site-packages/airflow/example_dags/example_task_group_decorator.py
[2024-12-01T02:31:38.954+0000] {processor.py:925} INFO - DAG(s) 'example_task_group_decorator' retrieved from /home/airflow/.local/lib/python3.12/site-packages/airflow/example_dags/example_task_group_decorator.py
[2024-12-01T02:31:38.983+0000] {logging_mixin.py:190} INFO - [2024-12-01T02:31:38.982+0000] {dag.py:3239} INFO - Sync 1 DAGs
[2024-12-01T02:31:38.999+0000] {logging_mixin.py:190} INFO - [2024-12-01T02:31:38.998+0000] {dag.py:4180} INFO - Setting next_dagrun for example_task_group_decorator to None, run_after=None
[2024-12-01T02:31:39.018+0000] {processor.py:208} INFO - Processing /home/airflow/.local/lib/python3.12/site-packages/airflow/example_dags/example_task_group_decorator.py took 0.099 seconds
[2024-12-01T02:32:09.345+0000] {processor.py:186} INFO - Started process (PID=53279) to work on /home/airflow/.local/lib/python3.12/site-packages/airflow/example_dags/example_task_group_decorator.py
[2024-12-01T02:32:09.346+0000] {processor.py:914} INFO - Processing file /home/airflow/.local/lib/python3.12/site-packages/airflow/example_dags/example_task_group_decorator.py for tasks to queue
[2024-12-01T02:32:09.348+0000] {logging_mixin.py:190} INFO - [2024-12-01T02:32:09.347+0000] {dagbag.py:588} INFO - Filling up the DagBag from /home/airflow/.local/lib/python3.12/site-packages/airflow/example_dags/example_task_group_decorator.py
[2024-12-01T02:32:09.361+0000] {processor.py:925} INFO - DAG(s) 'example_task_group_decorator' retrieved from /home/airflow/.local/lib/python3.12/site-packages/airflow/example_dags/example_task_group_decorator.py
[2024-12-01T02:32:09.385+0000] {logging_mixin.py:190} INFO - [2024-12-01T02:32:09.384+0000] {dag.py:3239} INFO - Sync 1 DAGs
[2024-12-01T02:32:09.397+0000] {logging_mixin.py:190} INFO - [2024-12-01T02:32:09.397+0000] {dag.py:4180} INFO - Setting next_dagrun for example_task_group_decorator to None, run_after=None
[2024-12-01T02:32:09.413+0000] {processor.py:208} INFO - Processing /home/airflow/.local/lib/python3.12/site-packages/airflow/example_dags/example_task_group_decorator.py took 0.073 seconds
[2024-12-01T02:32:41.041+0000] {processor.py:186} INFO - Started process (PID=53345) to work on /home/airflow/.local/lib/python3.12/site-packages/airflow/example_dags/example_task_group_decorator.py
[2024-12-01T02:32:41.043+0000] {processor.py:914} INFO - Processing file /home/airflow/.local/lib/python3.12/site-packages/airflow/example_dags/example_task_group_decorator.py for tasks to queue
[2024-12-01T02:32:41.045+0000] {logging_mixin.py:190} INFO - [2024-12-01T02:32:41.045+0000] {dagbag.py:588} INFO - Filling up the DagBag from /home/airflow/.local/lib/python3.12/site-packages/airflow/example_dags/example_task_group_decorator.py
[2024-12-01T02:32:41.065+0000] {processor.py:925} INFO - DAG(s) 'example_task_group_decorator' retrieved from /home/airflow/.local/lib/python3.12/site-packages/airflow/example_dags/example_task_group_decorator.py
[2024-12-01T02:32:41.093+0000] {logging_mixin.py:190} INFO - [2024-12-01T02:32:41.092+0000] {dag.py:3239} INFO - Sync 1 DAGs
[2024-12-01T02:32:41.116+0000] {logging_mixin.py:190} INFO - [2024-12-01T02:32:41.116+0000] {dag.py:4180} INFO - Setting next_dagrun for example_task_group_decorator to None, run_after=None
[2024-12-01T02:32:41.151+0000] {processor.py:208} INFO - Processing /home/airflow/.local/lib/python3.12/site-packages/airflow/example_dags/example_task_group_decorator.py took 0.116 seconds
[2024-12-01T02:33:11.533+0000] {processor.py:186} INFO - Started process (PID=53411) to work on /home/airflow/.local/lib/python3.12/site-packages/airflow/example_dags/example_task_group_decorator.py
[2024-12-01T02:33:11.534+0000] {processor.py:914} INFO - Processing file /home/airflow/.local/lib/python3.12/site-packages/airflow/example_dags/example_task_group_decorator.py for tasks to queue
[2024-12-01T02:33:11.537+0000] {logging_mixin.py:190} INFO - [2024-12-01T02:33:11.536+0000] {dagbag.py:588} INFO - Filling up the DagBag from /home/airflow/.local/lib/python3.12/site-packages/airflow/example_dags/example_task_group_decorator.py
[2024-12-01T02:33:11.551+0000] {processor.py:925} INFO - DAG(s) 'example_task_group_decorator' retrieved from /home/airflow/.local/lib/python3.12/site-packages/airflow/example_dags/example_task_group_decorator.py
[2024-12-01T02:33:11.575+0000] {logging_mixin.py:190} INFO - [2024-12-01T02:33:11.575+0000] {dag.py:3239} INFO - Sync 1 DAGs
[2024-12-01T02:33:11.590+0000] {logging_mixin.py:190} INFO - [2024-12-01T02:33:11.589+0000] {dag.py:4180} INFO - Setting next_dagrun for example_task_group_decorator to None, run_after=None
[2024-12-01T02:33:11.608+0000] {processor.py:208} INFO - Processing /home/airflow/.local/lib/python3.12/site-packages/airflow/example_dags/example_task_group_decorator.py took 0.080 seconds
[2024-12-01T02:33:42.409+0000] {processor.py:186} INFO - Started process (PID=53477) to work on /home/airflow/.local/lib/python3.12/site-packages/airflow/example_dags/example_task_group_decorator.py
[2024-12-01T02:33:42.411+0000] {processor.py:914} INFO - Processing file /home/airflow/.local/lib/python3.12/site-packages/airflow/example_dags/example_task_group_decorator.py for tasks to queue
[2024-12-01T02:33:42.414+0000] {logging_mixin.py:190} INFO - [2024-12-01T02:33:42.413+0000] {dagbag.py:588} INFO - Filling up the DagBag from /home/airflow/.local/lib/python3.12/site-packages/airflow/example_dags/example_task_group_decorator.py
[2024-12-01T02:33:42.433+0000] {processor.py:925} INFO - DAG(s) 'example_task_group_decorator' retrieved from /home/airflow/.local/lib/python3.12/site-packages/airflow/example_dags/example_task_group_decorator.py
[2024-12-01T02:33:42.458+0000] {logging_mixin.py:190} INFO - [2024-12-01T02:33:42.458+0000] {dag.py:3239} INFO - Sync 1 DAGs
[2024-12-01T02:33:42.471+0000] {logging_mixin.py:190} INFO - [2024-12-01T02:33:42.471+0000] {dag.py:4180} INFO - Setting next_dagrun for example_task_group_decorator to None, run_after=None
[2024-12-01T02:33:42.489+0000] {processor.py:208} INFO - Processing /home/airflow/.local/lib/python3.12/site-packages/airflow/example_dags/example_task_group_decorator.py took 0.089 seconds
[2024-12-01T02:34:13.016+0000] {processor.py:186} INFO - Started process (PID=53543) to work on /home/airflow/.local/lib/python3.12/site-packages/airflow/example_dags/example_task_group_decorator.py
[2024-12-01T02:34:13.017+0000] {processor.py:914} INFO - Processing file /home/airflow/.local/lib/python3.12/site-packages/airflow/example_dags/example_task_group_decorator.py for tasks to queue
[2024-12-01T02:34:13.019+0000] {logging_mixin.py:190} INFO - [2024-12-01T02:34:13.019+0000] {dagbag.py:588} INFO - Filling up the DagBag from /home/airflow/.local/lib/python3.12/site-packages/airflow/example_dags/example_task_group_decorator.py
[2024-12-01T02:34:13.040+0000] {processor.py:925} INFO - DAG(s) 'example_task_group_decorator' retrieved from /home/airflow/.local/lib/python3.12/site-packages/airflow/example_dags/example_task_group_decorator.py
[2024-12-01T02:34:13.070+0000] {logging_mixin.py:190} INFO - [2024-12-01T02:34:13.070+0000] {dag.py:3239} INFO - Sync 1 DAGs
[2024-12-01T02:34:13.083+0000] {logging_mixin.py:190} INFO - [2024-12-01T02:34:13.083+0000] {dag.py:4180} INFO - Setting next_dagrun for example_task_group_decorator to None, run_after=None
[2024-12-01T02:34:13.099+0000] {processor.py:208} INFO - Processing /home/airflow/.local/lib/python3.12/site-packages/airflow/example_dags/example_task_group_decorator.py took 0.089 seconds
[2024-12-01T02:34:43.802+0000] {processor.py:186} INFO - Started process (PID=53609) to work on /home/airflow/.local/lib/python3.12/site-packages/airflow/example_dags/example_task_group_decorator.py
[2024-12-01T02:34:43.802+0000] {processor.py:914} INFO - Processing file /home/airflow/.local/lib/python3.12/site-packages/airflow/example_dags/example_task_group_decorator.py for tasks to queue
[2024-12-01T02:34:43.805+0000] {logging_mixin.py:190} INFO - [2024-12-01T02:34:43.804+0000] {dagbag.py:588} INFO - Filling up the DagBag from /home/airflow/.local/lib/python3.12/site-packages/airflow/example_dags/example_task_group_decorator.py
[2024-12-01T02:34:43.819+0000] {processor.py:925} INFO - DAG(s) 'example_task_group_decorator' retrieved from /home/airflow/.local/lib/python3.12/site-packages/airflow/example_dags/example_task_group_decorator.py
[2024-12-01T02:34:43.842+0000] {logging_mixin.py:190} INFO - [2024-12-01T02:34:43.842+0000] {dag.py:3239} INFO - Sync 1 DAGs
[2024-12-01T02:34:43.855+0000] {logging_mixin.py:190} INFO - [2024-12-01T02:34:43.855+0000] {dag.py:4180} INFO - Setting next_dagrun for example_task_group_decorator to None, run_after=None
[2024-12-01T02:34:43.871+0000] {processor.py:208} INFO - Processing /home/airflow/.local/lib/python3.12/site-packages/airflow/example_dags/example_task_group_decorator.py took 0.075 seconds
[2024-12-01T02:35:14.971+0000] {processor.py:186} INFO - Started process (PID=53675) to work on /home/airflow/.local/lib/python3.12/site-packages/airflow/example_dags/example_task_group_decorator.py
[2024-12-01T02:35:14.971+0000] {processor.py:914} INFO - Processing file /home/airflow/.local/lib/python3.12/site-packages/airflow/example_dags/example_task_group_decorator.py for tasks to queue
[2024-12-01T02:35:14.974+0000] {logging_mixin.py:190} INFO - [2024-12-01T02:35:14.973+0000] {dagbag.py:588} INFO - Filling up the DagBag from /home/airflow/.local/lib/python3.12/site-packages/airflow/example_dags/example_task_group_decorator.py
[2024-12-01T02:35:14.988+0000] {processor.py:925} INFO - DAG(s) 'example_task_group_decorator' retrieved from /home/airflow/.local/lib/python3.12/site-packages/airflow/example_dags/example_task_group_decorator.py
[2024-12-01T02:35:15.010+0000] {logging_mixin.py:190} INFO - [2024-12-01T02:35:15.010+0000] {dag.py:3239} INFO - Sync 1 DAGs
[2024-12-01T02:35:15.022+0000] {logging_mixin.py:190} INFO - [2024-12-01T02:35:15.022+0000] {dag.py:4180} INFO - Setting next_dagrun for example_task_group_decorator to None, run_after=None
[2024-12-01T02:35:15.037+0000] {processor.py:208} INFO - Processing /home/airflow/.local/lib/python3.12/site-packages/airflow/example_dags/example_task_group_decorator.py took 0.072 seconds
