[2024-12-01T02:11:02.434+0000] {processor.py:186} INFO - Started process (PID=50566) to work on /home/airflow/.local/lib/python3.12/site-packages/airflow/example_dags/example_branch_python_dop_operator_3.py
[2024-12-01T02:11:02.435+0000] {processor.py:914} INFO - Processing file /home/airflow/.local/lib/python3.12/site-packages/airflow/example_dags/example_branch_python_dop_operator_3.py for tasks to queue
[2024-12-01T02:11:02.438+0000] {logging_mixin.py:190} INFO - [2024-12-01T02:11:02.437+0000] {dagbag.py:588} INFO - Filling up the DagBag from /home/airflow/.local/lib/python3.12/site-packages/airflow/example_dags/example_branch_python_dop_operator_3.py
[2024-12-01T02:11:02.451+0000] {processor.py:925} INFO - DAG(s) 'example_branch_dop_operator_v3' retrieved from /home/airflow/.local/lib/python3.12/site-packages/airflow/example_dags/example_branch_python_dop_operator_3.py
[2024-12-01T02:11:02.472+0000] {logging_mixin.py:190} INFO - [2024-12-01T02:11:02.472+0000] {dag.py:3239} INFO - Sync 1 DAGs
[2024-12-01T02:11:02.501+0000] {logging_mixin.py:190} INFO - [2024-12-01T02:11:02.501+0000] {dag.py:4180} INFO - Setting next_dagrun for example_branch_dop_operator_v3 to 2024-12-01 02:10:00+00:00, run_after=2024-12-01 02:11:00+00:00
[2024-12-01T02:11:02.518+0000] {processor.py:208} INFO - Processing /home/airflow/.local/lib/python3.12/site-packages/airflow/example_dags/example_branch_python_dop_operator_3.py took 0.090 seconds
[2024-12-01T02:11:33.218+0000] {processor.py:186} INFO - Started process (PID=50633) to work on /home/airflow/.local/lib/python3.12/site-packages/airflow/example_dags/example_branch_python_dop_operator_3.py
[2024-12-01T02:11:33.219+0000] {processor.py:914} INFO - Processing file /home/airflow/.local/lib/python3.12/site-packages/airflow/example_dags/example_branch_python_dop_operator_3.py for tasks to queue
[2024-12-01T02:11:33.222+0000] {logging_mixin.py:190} INFO - [2024-12-01T02:11:33.221+0000] {dagbag.py:588} INFO - Filling up the DagBag from /home/airflow/.local/lib/python3.12/site-packages/airflow/example_dags/example_branch_python_dop_operator_3.py
[2024-12-01T02:11:33.232+0000] {processor.py:925} INFO - DAG(s) 'example_branch_dop_operator_v3' retrieved from /home/airflow/.local/lib/python3.12/site-packages/airflow/example_dags/example_branch_python_dop_operator_3.py
[2024-12-01T02:11:33.253+0000] {logging_mixin.py:190} INFO - [2024-12-01T02:11:33.253+0000] {dag.py:3239} INFO - Sync 1 DAGs
[2024-12-01T02:11:33.282+0000] {logging_mixin.py:190} INFO - [2024-12-01T02:11:33.282+0000] {dag.py:4180} INFO - Setting next_dagrun for example_branch_dop_operator_v3 to 2024-12-01 02:10:00+00:00, run_after=2024-12-01 02:11:00+00:00
[2024-12-01T02:11:33.298+0000] {processor.py:208} INFO - Processing /home/airflow/.local/lib/python3.12/site-packages/airflow/example_dags/example_branch_python_dop_operator_3.py took 0.086 seconds
[2024-12-01T02:12:03.791+0000] {processor.py:186} INFO - Started process (PID=50699) to work on /home/airflow/.local/lib/python3.12/site-packages/airflow/example_dags/example_branch_python_dop_operator_3.py
[2024-12-01T02:12:03.792+0000] {processor.py:914} INFO - Processing file /home/airflow/.local/lib/python3.12/site-packages/airflow/example_dags/example_branch_python_dop_operator_3.py for tasks to queue
[2024-12-01T02:12:03.794+0000] {logging_mixin.py:190} INFO - [2024-12-01T02:12:03.793+0000] {dagbag.py:588} INFO - Filling up the DagBag from /home/airflow/.local/lib/python3.12/site-packages/airflow/example_dags/example_branch_python_dop_operator_3.py
[2024-12-01T02:12:03.805+0000] {processor.py:925} INFO - DAG(s) 'example_branch_dop_operator_v3' retrieved from /home/airflow/.local/lib/python3.12/site-packages/airflow/example_dags/example_branch_python_dop_operator_3.py
[2024-12-01T02:12:03.827+0000] {logging_mixin.py:190} INFO - [2024-12-01T02:12:03.826+0000] {dag.py:3239} INFO - Sync 1 DAGs
[2024-12-01T02:12:03.857+0000] {logging_mixin.py:190} INFO - [2024-12-01T02:12:03.857+0000] {dag.py:4180} INFO - Setting next_dagrun for example_branch_dop_operator_v3 to 2024-12-01 02:11:00+00:00, run_after=2024-12-01 02:12:00+00:00
[2024-12-01T02:12:03.878+0000] {processor.py:208} INFO - Processing /home/airflow/.local/lib/python3.12/site-packages/airflow/example_dags/example_branch_python_dop_operator_3.py took 0.093 seconds
[2024-12-01T02:12:34.479+0000] {processor.py:186} INFO - Started process (PID=50765) to work on /home/airflow/.local/lib/python3.12/site-packages/airflow/example_dags/example_branch_python_dop_operator_3.py
[2024-12-01T02:12:34.480+0000] {processor.py:914} INFO - Processing file /home/airflow/.local/lib/python3.12/site-packages/airflow/example_dags/example_branch_python_dop_operator_3.py for tasks to queue
[2024-12-01T02:12:34.482+0000] {logging_mixin.py:190} INFO - [2024-12-01T02:12:34.481+0000] {dagbag.py:588} INFO - Filling up the DagBag from /home/airflow/.local/lib/python3.12/site-packages/airflow/example_dags/example_branch_python_dop_operator_3.py
[2024-12-01T02:12:34.491+0000] {processor.py:925} INFO - DAG(s) 'example_branch_dop_operator_v3' retrieved from /home/airflow/.local/lib/python3.12/site-packages/airflow/example_dags/example_branch_python_dop_operator_3.py
[2024-12-01T02:12:34.514+0000] {logging_mixin.py:190} INFO - [2024-12-01T02:12:34.514+0000] {dag.py:3239} INFO - Sync 1 DAGs
[2024-12-01T02:12:34.540+0000] {logging_mixin.py:190} INFO - [2024-12-01T02:12:34.540+0000] {dag.py:4180} INFO - Setting next_dagrun for example_branch_dop_operator_v3 to 2024-12-01 02:11:00+00:00, run_after=2024-12-01 02:12:00+00:00
[2024-12-01T02:12:34.556+0000] {processor.py:208} INFO - Processing /home/airflow/.local/lib/python3.12/site-packages/airflow/example_dags/example_branch_python_dop_operator_3.py took 0.083 seconds
[2024-12-01T02:13:05.366+0000] {processor.py:186} INFO - Started process (PID=50831) to work on /home/airflow/.local/lib/python3.12/site-packages/airflow/example_dags/example_branch_python_dop_operator_3.py
[2024-12-01T02:13:05.367+0000] {processor.py:914} INFO - Processing file /home/airflow/.local/lib/python3.12/site-packages/airflow/example_dags/example_branch_python_dop_operator_3.py for tasks to queue
[2024-12-01T02:13:05.370+0000] {logging_mixin.py:190} INFO - [2024-12-01T02:13:05.369+0000] {dagbag.py:588} INFO - Filling up the DagBag from /home/airflow/.local/lib/python3.12/site-packages/airflow/example_dags/example_branch_python_dop_operator_3.py
[2024-12-01T02:13:05.379+0000] {processor.py:925} INFO - DAG(s) 'example_branch_dop_operator_v3' retrieved from /home/airflow/.local/lib/python3.12/site-packages/airflow/example_dags/example_branch_python_dop_operator_3.py
[2024-12-01T02:13:05.396+0000] {logging_mixin.py:190} INFO - [2024-12-01T02:13:05.396+0000] {dag.py:3239} INFO - Sync 1 DAGs
[2024-12-01T02:13:05.420+0000] {logging_mixin.py:190} INFO - [2024-12-01T02:13:05.420+0000] {dag.py:4180} INFO - Setting next_dagrun for example_branch_dop_operator_v3 to 2024-12-01 02:12:00+00:00, run_after=2024-12-01 02:13:00+00:00
[2024-12-01T02:13:05.438+0000] {processor.py:208} INFO - Processing /home/airflow/.local/lib/python3.12/site-packages/airflow/example_dags/example_branch_python_dop_operator_3.py took 0.077 seconds
[2024-12-01T02:13:35.997+0000] {processor.py:186} INFO - Started process (PID=50897) to work on /home/airflow/.local/lib/python3.12/site-packages/airflow/example_dags/example_branch_python_dop_operator_3.py
[2024-12-01T02:13:35.998+0000] {processor.py:914} INFO - Processing file /home/airflow/.local/lib/python3.12/site-packages/airflow/example_dags/example_branch_python_dop_operator_3.py for tasks to queue
[2024-12-01T02:13:36.000+0000] {logging_mixin.py:190} INFO - [2024-12-01T02:13:36.000+0000] {dagbag.py:588} INFO - Filling up the DagBag from /home/airflow/.local/lib/python3.12/site-packages/airflow/example_dags/example_branch_python_dop_operator_3.py
[2024-12-01T02:13:36.010+0000] {processor.py:925} INFO - DAG(s) 'example_branch_dop_operator_v3' retrieved from /home/airflow/.local/lib/python3.12/site-packages/airflow/example_dags/example_branch_python_dop_operator_3.py
[2024-12-01T02:13:36.030+0000] {logging_mixin.py:190} INFO - [2024-12-01T02:13:36.030+0000] {dag.py:3239} INFO - Sync 1 DAGs
[2024-12-01T02:13:36.066+0000] {logging_mixin.py:190} INFO - [2024-12-01T02:13:36.066+0000] {dag.py:4180} INFO - Setting next_dagrun for example_branch_dop_operator_v3 to 2024-12-01 02:12:00+00:00, run_after=2024-12-01 02:13:00+00:00
[2024-12-01T02:13:36.085+0000] {processor.py:208} INFO - Processing /home/airflow/.local/lib/python3.12/site-packages/airflow/example_dags/example_branch_python_dop_operator_3.py took 0.093 seconds
[2024-12-01T02:14:07.337+0000] {processor.py:186} INFO - Started process (PID=50963) to work on /home/airflow/.local/lib/python3.12/site-packages/airflow/example_dags/example_branch_python_dop_operator_3.py
[2024-12-01T02:14:07.338+0000] {processor.py:914} INFO - Processing file /home/airflow/.local/lib/python3.12/site-packages/airflow/example_dags/example_branch_python_dop_operator_3.py for tasks to queue
[2024-12-01T02:14:07.340+0000] {logging_mixin.py:190} INFO - [2024-12-01T02:14:07.340+0000] {dagbag.py:588} INFO - Filling up the DagBag from /home/airflow/.local/lib/python3.12/site-packages/airflow/example_dags/example_branch_python_dop_operator_3.py
[2024-12-01T02:14:07.349+0000] {processor.py:925} INFO - DAG(s) 'example_branch_dop_operator_v3' retrieved from /home/airflow/.local/lib/python3.12/site-packages/airflow/example_dags/example_branch_python_dop_operator_3.py
[2024-12-01T02:14:07.367+0000] {logging_mixin.py:190} INFO - [2024-12-01T02:14:07.366+0000] {dag.py:3239} INFO - Sync 1 DAGs
[2024-12-01T02:14:07.390+0000] {logging_mixin.py:190} INFO - [2024-12-01T02:14:07.390+0000] {dag.py:4180} INFO - Setting next_dagrun for example_branch_dop_operator_v3 to 2024-12-01 02:13:00+00:00, run_after=2024-12-01 02:14:00+00:00
[2024-12-01T02:14:07.407+0000] {processor.py:208} INFO - Processing /home/airflow/.local/lib/python3.12/site-packages/airflow/example_dags/example_branch_python_dop_operator_3.py took 0.075 seconds
[2024-12-01T02:14:38.102+0000] {processor.py:186} INFO - Started process (PID=51029) to work on /home/airflow/.local/lib/python3.12/site-packages/airflow/example_dags/example_branch_python_dop_operator_3.py
[2024-12-01T02:14:38.103+0000] {processor.py:914} INFO - Processing file /home/airflow/.local/lib/python3.12/site-packages/airflow/example_dags/example_branch_python_dop_operator_3.py for tasks to queue
[2024-12-01T02:14:38.105+0000] {logging_mixin.py:190} INFO - [2024-12-01T02:14:38.105+0000] {dagbag.py:588} INFO - Filling up the DagBag from /home/airflow/.local/lib/python3.12/site-packages/airflow/example_dags/example_branch_python_dop_operator_3.py
[2024-12-01T02:14:38.115+0000] {processor.py:925} INFO - DAG(s) 'example_branch_dop_operator_v3' retrieved from /home/airflow/.local/lib/python3.12/site-packages/airflow/example_dags/example_branch_python_dop_operator_3.py
[2024-12-01T02:14:38.132+0000] {logging_mixin.py:190} INFO - [2024-12-01T02:14:38.132+0000] {dag.py:3239} INFO - Sync 1 DAGs
[2024-12-01T02:14:38.155+0000] {logging_mixin.py:190} INFO - [2024-12-01T02:14:38.155+0000] {dag.py:4180} INFO - Setting next_dagrun for example_branch_dop_operator_v3 to 2024-12-01 02:13:00+00:00, run_after=2024-12-01 02:14:00+00:00
[2024-12-01T02:14:38.171+0000] {processor.py:208} INFO - Processing /home/airflow/.local/lib/python3.12/site-packages/airflow/example_dags/example_branch_python_dop_operator_3.py took 0.076 seconds
[2024-12-01T02:15:09.112+0000] {processor.py:186} INFO - Started process (PID=51095) to work on /home/airflow/.local/lib/python3.12/site-packages/airflow/example_dags/example_branch_python_dop_operator_3.py
[2024-12-01T02:15:09.113+0000] {processor.py:914} INFO - Processing file /home/airflow/.local/lib/python3.12/site-packages/airflow/example_dags/example_branch_python_dop_operator_3.py for tasks to queue
[2024-12-01T02:15:09.115+0000] {logging_mixin.py:190} INFO - [2024-12-01T02:15:09.115+0000] {dagbag.py:588} INFO - Filling up the DagBag from /home/airflow/.local/lib/python3.12/site-packages/airflow/example_dags/example_branch_python_dop_operator_3.py
[2024-12-01T02:15:09.126+0000] {processor.py:925} INFO - DAG(s) 'example_branch_dop_operator_v3' retrieved from /home/airflow/.local/lib/python3.12/site-packages/airflow/example_dags/example_branch_python_dop_operator_3.py
[2024-12-01T02:15:09.143+0000] {logging_mixin.py:190} INFO - [2024-12-01T02:15:09.143+0000] {dag.py:3239} INFO - Sync 1 DAGs
[2024-12-01T02:15:09.166+0000] {logging_mixin.py:190} INFO - [2024-12-01T02:15:09.166+0000] {dag.py:4180} INFO - Setting next_dagrun for example_branch_dop_operator_v3 to 2024-12-01 02:14:00+00:00, run_after=2024-12-01 02:15:00+00:00
[2024-12-01T02:15:09.180+0000] {processor.py:208} INFO - Processing /home/airflow/.local/lib/python3.12/site-packages/airflow/example_dags/example_branch_python_dop_operator_3.py took 0.073 seconds
[2024-12-01T02:15:39.890+0000] {processor.py:186} INFO - Started process (PID=51161) to work on /home/airflow/.local/lib/python3.12/site-packages/airflow/example_dags/example_branch_python_dop_operator_3.py
[2024-12-01T02:15:39.891+0000] {processor.py:914} INFO - Processing file /home/airflow/.local/lib/python3.12/site-packages/airflow/example_dags/example_branch_python_dop_operator_3.py for tasks to queue
[2024-12-01T02:15:39.893+0000] {logging_mixin.py:190} INFO - [2024-12-01T02:15:39.893+0000] {dagbag.py:588} INFO - Filling up the DagBag from /home/airflow/.local/lib/python3.12/site-packages/airflow/example_dags/example_branch_python_dop_operator_3.py
[2024-12-01T02:15:39.903+0000] {processor.py:925} INFO - DAG(s) 'example_branch_dop_operator_v3' retrieved from /home/airflow/.local/lib/python3.12/site-packages/airflow/example_dags/example_branch_python_dop_operator_3.py
[2024-12-01T02:15:39.922+0000] {logging_mixin.py:190} INFO - [2024-12-01T02:15:39.921+0000] {dag.py:3239} INFO - Sync 1 DAGs
[2024-12-01T02:15:39.945+0000] {logging_mixin.py:190} INFO - [2024-12-01T02:15:39.945+0000] {dag.py:4180} INFO - Setting next_dagrun for example_branch_dop_operator_v3 to 2024-12-01 02:14:00+00:00, run_after=2024-12-01 02:15:00+00:00
[2024-12-01T02:15:39.962+0000] {processor.py:208} INFO - Processing /home/airflow/.local/lib/python3.12/site-packages/airflow/example_dags/example_branch_python_dop_operator_3.py took 0.078 seconds
[2024-12-01T02:16:10.768+0000] {processor.py:186} INFO - Started process (PID=51227) to work on /home/airflow/.local/lib/python3.12/site-packages/airflow/example_dags/example_branch_python_dop_operator_3.py
[2024-12-01T02:16:10.769+0000] {processor.py:914} INFO - Processing file /home/airflow/.local/lib/python3.12/site-packages/airflow/example_dags/example_branch_python_dop_operator_3.py for tasks to queue
[2024-12-01T02:16:10.771+0000] {logging_mixin.py:190} INFO - [2024-12-01T02:16:10.771+0000] {dagbag.py:588} INFO - Filling up the DagBag from /home/airflow/.local/lib/python3.12/site-packages/airflow/example_dags/example_branch_python_dop_operator_3.py
[2024-12-01T02:16:10.782+0000] {processor.py:925} INFO - DAG(s) 'example_branch_dop_operator_v3' retrieved from /home/airflow/.local/lib/python3.12/site-packages/airflow/example_dags/example_branch_python_dop_operator_3.py
[2024-12-01T02:16:10.801+0000] {logging_mixin.py:190} INFO - [2024-12-01T02:16:10.800+0000] {dag.py:3239} INFO - Sync 1 DAGs
[2024-12-01T02:16:10.826+0000] {logging_mixin.py:190} INFO - [2024-12-01T02:16:10.826+0000] {dag.py:4180} INFO - Setting next_dagrun for example_branch_dop_operator_v3 to 2024-12-01 02:15:00+00:00, run_after=2024-12-01 02:16:00+00:00
[2024-12-01T02:16:10.842+0000] {processor.py:208} INFO - Processing /home/airflow/.local/lib/python3.12/site-packages/airflow/example_dags/example_branch_python_dop_operator_3.py took 0.079 seconds
[2024-12-01T02:16:41.702+0000] {processor.py:186} INFO - Started process (PID=51293) to work on /home/airflow/.local/lib/python3.12/site-packages/airflow/example_dags/example_branch_python_dop_operator_3.py
[2024-12-01T02:16:41.703+0000] {processor.py:914} INFO - Processing file /home/airflow/.local/lib/python3.12/site-packages/airflow/example_dags/example_branch_python_dop_operator_3.py for tasks to queue
[2024-12-01T02:16:41.705+0000] {logging_mixin.py:190} INFO - [2024-12-01T02:16:41.705+0000] {dagbag.py:588} INFO - Filling up the DagBag from /home/airflow/.local/lib/python3.12/site-packages/airflow/example_dags/example_branch_python_dop_operator_3.py
[2024-12-01T02:16:41.715+0000] {processor.py:925} INFO - DAG(s) 'example_branch_dop_operator_v3' retrieved from /home/airflow/.local/lib/python3.12/site-packages/airflow/example_dags/example_branch_python_dop_operator_3.py
[2024-12-01T02:16:41.734+0000] {logging_mixin.py:190} INFO - [2024-12-01T02:16:41.733+0000] {dag.py:3239} INFO - Sync 1 DAGs
[2024-12-01T02:16:41.757+0000] {logging_mixin.py:190} INFO - [2024-12-01T02:16:41.757+0000] {dag.py:4180} INFO - Setting next_dagrun for example_branch_dop_operator_v3 to 2024-12-01 02:15:00+00:00, run_after=2024-12-01 02:16:00+00:00
[2024-12-01T02:16:41.773+0000] {processor.py:208} INFO - Processing /home/airflow/.local/lib/python3.12/site-packages/airflow/example_dags/example_branch_python_dop_operator_3.py took 0.077 seconds
[2024-12-01T02:17:12.707+0000] {processor.py:186} INFO - Started process (PID=51359) to work on /home/airflow/.local/lib/python3.12/site-packages/airflow/example_dags/example_branch_python_dop_operator_3.py
[2024-12-01T02:17:12.709+0000] {processor.py:914} INFO - Processing file /home/airflow/.local/lib/python3.12/site-packages/airflow/example_dags/example_branch_python_dop_operator_3.py for tasks to queue
[2024-12-01T02:17:12.711+0000] {logging_mixin.py:190} INFO - [2024-12-01T02:17:12.711+0000] {dagbag.py:588} INFO - Filling up the DagBag from /home/airflow/.local/lib/python3.12/site-packages/airflow/example_dags/example_branch_python_dop_operator_3.py
[2024-12-01T02:17:12.721+0000] {processor.py:925} INFO - DAG(s) 'example_branch_dop_operator_v3' retrieved from /home/airflow/.local/lib/python3.12/site-packages/airflow/example_dags/example_branch_python_dop_operator_3.py
[2024-12-01T02:17:12.738+0000] {logging_mixin.py:190} INFO - [2024-12-01T02:17:12.738+0000] {dag.py:3239} INFO - Sync 1 DAGs
[2024-12-01T02:17:12.764+0000] {logging_mixin.py:190} INFO - [2024-12-01T02:17:12.763+0000] {dag.py:4180} INFO - Setting next_dagrun for example_branch_dop_operator_v3 to 2024-12-01 02:16:00+00:00, run_after=2024-12-01 02:17:00+00:00
[2024-12-01T02:17:12.782+0000] {processor.py:208} INFO - Processing /home/airflow/.local/lib/python3.12/site-packages/airflow/example_dags/example_branch_python_dop_operator_3.py took 0.082 seconds
[2024-12-01T02:17:43.802+0000] {processor.py:186} INFO - Started process (PID=51425) to work on /home/airflow/.local/lib/python3.12/site-packages/airflow/example_dags/example_branch_python_dop_operator_3.py
[2024-12-01T02:17:43.803+0000] {processor.py:914} INFO - Processing file /home/airflow/.local/lib/python3.12/site-packages/airflow/example_dags/example_branch_python_dop_operator_3.py for tasks to queue
[2024-12-01T02:17:43.805+0000] {logging_mixin.py:190} INFO - [2024-12-01T02:17:43.805+0000] {dagbag.py:588} INFO - Filling up the DagBag from /home/airflow/.local/lib/python3.12/site-packages/airflow/example_dags/example_branch_python_dop_operator_3.py
[2024-12-01T02:17:43.814+0000] {processor.py:925} INFO - DAG(s) 'example_branch_dop_operator_v3' retrieved from /home/airflow/.local/lib/python3.12/site-packages/airflow/example_dags/example_branch_python_dop_operator_3.py
[2024-12-01T02:17:43.834+0000] {logging_mixin.py:190} INFO - [2024-12-01T02:17:43.834+0000] {dag.py:3239} INFO - Sync 1 DAGs
[2024-12-01T02:17:43.859+0000] {logging_mixin.py:190} INFO - [2024-12-01T02:17:43.859+0000] {dag.py:4180} INFO - Setting next_dagrun for example_branch_dop_operator_v3 to 2024-12-01 02:16:00+00:00, run_after=2024-12-01 02:17:00+00:00
[2024-12-01T02:17:43.876+0000] {processor.py:208} INFO - Processing /home/airflow/.local/lib/python3.12/site-packages/airflow/example_dags/example_branch_python_dop_operator_3.py took 0.080 seconds
[2024-12-01T02:18:14.774+0000] {processor.py:186} INFO - Started process (PID=51491) to work on /home/airflow/.local/lib/python3.12/site-packages/airflow/example_dags/example_branch_python_dop_operator_3.py
[2024-12-01T02:18:14.776+0000] {processor.py:914} INFO - Processing file /home/airflow/.local/lib/python3.12/site-packages/airflow/example_dags/example_branch_python_dop_operator_3.py for tasks to queue
[2024-12-01T02:18:14.779+0000] {logging_mixin.py:190} INFO - [2024-12-01T02:18:14.779+0000] {dagbag.py:588} INFO - Filling up the DagBag from /home/airflow/.local/lib/python3.12/site-packages/airflow/example_dags/example_branch_python_dop_operator_3.py
[2024-12-01T02:18:14.815+0000] {processor.py:925} INFO - DAG(s) 'example_branch_dop_operator_v3' retrieved from /home/airflow/.local/lib/python3.12/site-packages/airflow/example_dags/example_branch_python_dop_operator_3.py
[2024-12-01T02:18:14.861+0000] {logging_mixin.py:190} INFO - [2024-12-01T02:18:14.860+0000] {dag.py:3239} INFO - Sync 1 DAGs
[2024-12-01T02:18:14.898+0000] {logging_mixin.py:190} INFO - [2024-12-01T02:18:14.898+0000] {dag.py:4180} INFO - Setting next_dagrun for example_branch_dop_operator_v3 to 2024-12-01 02:17:00+00:00, run_after=2024-12-01 02:18:00+00:00
[2024-12-01T02:18:14.914+0000] {processor.py:208} INFO - Processing /home/airflow/.local/lib/python3.12/site-packages/airflow/example_dags/example_branch_python_dop_operator_3.py took 0.157 seconds
[2024-12-01T02:18:45.609+0000] {processor.py:186} INFO - Started process (PID=51557) to work on /home/airflow/.local/lib/python3.12/site-packages/airflow/example_dags/example_branch_python_dop_operator_3.py
[2024-12-01T02:18:45.610+0000] {processor.py:914} INFO - Processing file /home/airflow/.local/lib/python3.12/site-packages/airflow/example_dags/example_branch_python_dop_operator_3.py for tasks to queue
[2024-12-01T02:18:45.612+0000] {logging_mixin.py:190} INFO - [2024-12-01T02:18:45.612+0000] {dagbag.py:588} INFO - Filling up the DagBag from /home/airflow/.local/lib/python3.12/site-packages/airflow/example_dags/example_branch_python_dop_operator_3.py
[2024-12-01T02:18:45.622+0000] {processor.py:925} INFO - DAG(s) 'example_branch_dop_operator_v3' retrieved from /home/airflow/.local/lib/python3.12/site-packages/airflow/example_dags/example_branch_python_dop_operator_3.py
[2024-12-01T02:18:45.640+0000] {logging_mixin.py:190} INFO - [2024-12-01T02:18:45.640+0000] {dag.py:3239} INFO - Sync 1 DAGs
[2024-12-01T02:18:45.670+0000] {logging_mixin.py:190} INFO - [2024-12-01T02:18:45.670+0000] {dag.py:4180} INFO - Setting next_dagrun for example_branch_dop_operator_v3 to 2024-12-01 02:17:00+00:00, run_after=2024-12-01 02:18:00+00:00
[2024-12-01T02:18:45.687+0000] {processor.py:208} INFO - Processing /home/airflow/.local/lib/python3.12/site-packages/airflow/example_dags/example_branch_python_dop_operator_3.py took 0.083 seconds
[2024-12-01T02:19:16.654+0000] {processor.py:186} INFO - Started process (PID=51624) to work on /home/airflow/.local/lib/python3.12/site-packages/airflow/example_dags/example_branch_python_dop_operator_3.py
[2024-12-01T02:19:16.655+0000] {processor.py:914} INFO - Processing file /home/airflow/.local/lib/python3.12/site-packages/airflow/example_dags/example_branch_python_dop_operator_3.py for tasks to queue
[2024-12-01T02:19:16.657+0000] {logging_mixin.py:190} INFO - [2024-12-01T02:19:16.657+0000] {dagbag.py:588} INFO - Filling up the DagBag from /home/airflow/.local/lib/python3.12/site-packages/airflow/example_dags/example_branch_python_dop_operator_3.py
[2024-12-01T02:19:16.667+0000] {processor.py:925} INFO - DAG(s) 'example_branch_dop_operator_v3' retrieved from /home/airflow/.local/lib/python3.12/site-packages/airflow/example_dags/example_branch_python_dop_operator_3.py
[2024-12-01T02:19:16.684+0000] {logging_mixin.py:190} INFO - [2024-12-01T02:19:16.684+0000] {dag.py:3239} INFO - Sync 1 DAGs
[2024-12-01T02:19:16.708+0000] {logging_mixin.py:190} INFO - [2024-12-01T02:19:16.708+0000] {dag.py:4180} INFO - Setting next_dagrun for example_branch_dop_operator_v3 to 2024-12-01 02:18:00+00:00, run_after=2024-12-01 02:19:00+00:00
[2024-12-01T02:19:16.726+0000] {processor.py:208} INFO - Processing /home/airflow/.local/lib/python3.12/site-packages/airflow/example_dags/example_branch_python_dop_operator_3.py took 0.077 seconds
[2024-12-01T02:19:47.648+0000] {processor.py:186} INFO - Started process (PID=51690) to work on /home/airflow/.local/lib/python3.12/site-packages/airflow/example_dags/example_branch_python_dop_operator_3.py
[2024-12-01T02:19:47.649+0000] {processor.py:914} INFO - Processing file /home/airflow/.local/lib/python3.12/site-packages/airflow/example_dags/example_branch_python_dop_operator_3.py for tasks to queue
[2024-12-01T02:19:47.651+0000] {logging_mixin.py:190} INFO - [2024-12-01T02:19:47.651+0000] {dagbag.py:588} INFO - Filling up the DagBag from /home/airflow/.local/lib/python3.12/site-packages/airflow/example_dags/example_branch_python_dop_operator_3.py
[2024-12-01T02:19:47.662+0000] {processor.py:925} INFO - DAG(s) 'example_branch_dop_operator_v3' retrieved from /home/airflow/.local/lib/python3.12/site-packages/airflow/example_dags/example_branch_python_dop_operator_3.py
[2024-12-01T02:19:47.681+0000] {logging_mixin.py:190} INFO - [2024-12-01T02:19:47.681+0000] {dag.py:3239} INFO - Sync 1 DAGs
[2024-12-01T02:19:47.711+0000] {logging_mixin.py:190} INFO - [2024-12-01T02:19:47.711+0000] {dag.py:4180} INFO - Setting next_dagrun for example_branch_dop_operator_v3 to 2024-12-01 02:18:00+00:00, run_after=2024-12-01 02:19:00+00:00
[2024-12-01T02:19:47.726+0000] {processor.py:208} INFO - Processing /home/airflow/.local/lib/python3.12/site-packages/airflow/example_dags/example_branch_python_dop_operator_3.py took 0.085 seconds
[2024-12-01T02:20:18.796+0000] {processor.py:186} INFO - Started process (PID=51756) to work on /home/airflow/.local/lib/python3.12/site-packages/airflow/example_dags/example_branch_python_dop_operator_3.py
[2024-12-01T02:20:18.798+0000] {processor.py:914} INFO - Processing file /home/airflow/.local/lib/python3.12/site-packages/airflow/example_dags/example_branch_python_dop_operator_3.py for tasks to queue
[2024-12-01T02:20:18.800+0000] {logging_mixin.py:190} INFO - [2024-12-01T02:20:18.799+0000] {dagbag.py:588} INFO - Filling up the DagBag from /home/airflow/.local/lib/python3.12/site-packages/airflow/example_dags/example_branch_python_dop_operator_3.py
[2024-12-01T02:20:18.809+0000] {processor.py:925} INFO - DAG(s) 'example_branch_dop_operator_v3' retrieved from /home/airflow/.local/lib/python3.12/site-packages/airflow/example_dags/example_branch_python_dop_operator_3.py
[2024-12-01T02:20:18.828+0000] {logging_mixin.py:190} INFO - [2024-12-01T02:20:18.828+0000] {dag.py:3239} INFO - Sync 1 DAGs
[2024-12-01T02:20:18.855+0000] {logging_mixin.py:190} INFO - [2024-12-01T02:20:18.854+0000] {dag.py:4180} INFO - Setting next_dagrun for example_branch_dop_operator_v3 to 2024-12-01 02:19:00+00:00, run_after=2024-12-01 02:20:00+00:00
[2024-12-01T02:20:18.872+0000] {processor.py:208} INFO - Processing /home/airflow/.local/lib/python3.12/site-packages/airflow/example_dags/example_branch_python_dop_operator_3.py took 0.081 seconds
[2024-12-01T02:20:50.368+0000] {processor.py:186} INFO - Started process (PID=51822) to work on /home/airflow/.local/lib/python3.12/site-packages/airflow/example_dags/example_branch_python_dop_operator_3.py
[2024-12-01T02:20:50.369+0000] {processor.py:914} INFO - Processing file /home/airflow/.local/lib/python3.12/site-packages/airflow/example_dags/example_branch_python_dop_operator_3.py for tasks to queue
[2024-12-01T02:20:50.371+0000] {logging_mixin.py:190} INFO - [2024-12-01T02:20:50.371+0000] {dagbag.py:588} INFO - Filling up the DagBag from /home/airflow/.local/lib/python3.12/site-packages/airflow/example_dags/example_branch_python_dop_operator_3.py
[2024-12-01T02:20:50.381+0000] {processor.py:925} INFO - DAG(s) 'example_branch_dop_operator_v3' retrieved from /home/airflow/.local/lib/python3.12/site-packages/airflow/example_dags/example_branch_python_dop_operator_3.py
[2024-12-01T02:20:50.401+0000] {logging_mixin.py:190} INFO - [2024-12-01T02:20:50.401+0000] {dag.py:3239} INFO - Sync 1 DAGs
[2024-12-01T02:20:50.435+0000] {logging_mixin.py:190} INFO - [2024-12-01T02:20:50.435+0000] {dag.py:4180} INFO - Setting next_dagrun for example_branch_dop_operator_v3 to 2024-12-01 02:19:00+00:00, run_after=2024-12-01 02:20:00+00:00
[2024-12-01T02:20:50.459+0000] {processor.py:208} INFO - Processing /home/airflow/.local/lib/python3.12/site-packages/airflow/example_dags/example_branch_python_dop_operator_3.py took 0.097 seconds
[2024-12-01T02:21:22.545+0000] {processor.py:186} INFO - Started process (PID=51888) to work on /home/airflow/.local/lib/python3.12/site-packages/airflow/example_dags/example_branch_python_dop_operator_3.py
[2024-12-01T02:21:22.546+0000] {processor.py:914} INFO - Processing file /home/airflow/.local/lib/python3.12/site-packages/airflow/example_dags/example_branch_python_dop_operator_3.py for tasks to queue
[2024-12-01T02:21:22.548+0000] {logging_mixin.py:190} INFO - [2024-12-01T02:21:22.548+0000] {dagbag.py:588} INFO - Filling up the DagBag from /home/airflow/.local/lib/python3.12/site-packages/airflow/example_dags/example_branch_python_dop_operator_3.py
[2024-12-01T02:21:22.557+0000] {processor.py:925} INFO - DAG(s) 'example_branch_dop_operator_v3' retrieved from /home/airflow/.local/lib/python3.12/site-packages/airflow/example_dags/example_branch_python_dop_operator_3.py
[2024-12-01T02:21:22.575+0000] {logging_mixin.py:190} INFO - [2024-12-01T02:21:22.574+0000] {dag.py:3239} INFO - Sync 1 DAGs
[2024-12-01T02:21:22.599+0000] {logging_mixin.py:190} INFO - [2024-12-01T02:21:22.599+0000] {dag.py:4180} INFO - Setting next_dagrun for example_branch_dop_operator_v3 to 2024-12-01 02:20:00+00:00, run_after=2024-12-01 02:21:00+00:00
[2024-12-01T02:21:22.616+0000] {processor.py:208} INFO - Processing /home/airflow/.local/lib/python3.12/site-packages/airflow/example_dags/example_branch_python_dop_operator_3.py took 0.077 seconds
[2024-12-01T02:21:53.959+0000] {processor.py:186} INFO - Started process (PID=51954) to work on /home/airflow/.local/lib/python3.12/site-packages/airflow/example_dags/example_branch_python_dop_operator_3.py
[2024-12-01T02:21:53.959+0000] {processor.py:914} INFO - Processing file /home/airflow/.local/lib/python3.12/site-packages/airflow/example_dags/example_branch_python_dop_operator_3.py for tasks to queue
[2024-12-01T02:21:53.962+0000] {logging_mixin.py:190} INFO - [2024-12-01T02:21:53.961+0000] {dagbag.py:588} INFO - Filling up the DagBag from /home/airflow/.local/lib/python3.12/site-packages/airflow/example_dags/example_branch_python_dop_operator_3.py
[2024-12-01T02:21:53.974+0000] {processor.py:925} INFO - DAG(s) 'example_branch_dop_operator_v3' retrieved from /home/airflow/.local/lib/python3.12/site-packages/airflow/example_dags/example_branch_python_dop_operator_3.py
[2024-12-01T02:21:53.991+0000] {logging_mixin.py:190} INFO - [2024-12-01T02:21:53.991+0000] {dag.py:3239} INFO - Sync 1 DAGs
[2024-12-01T02:21:54.160+0000] {logging_mixin.py:190} INFO - [2024-12-01T02:21:54.160+0000] {dag.py:4180} INFO - Setting next_dagrun for example_branch_dop_operator_v3 to 2024-12-01 02:20:00+00:00, run_after=2024-12-01 02:21:00+00:00
[2024-12-01T02:21:54.175+0000] {processor.py:208} INFO - Processing /home/airflow/.local/lib/python3.12/site-packages/airflow/example_dags/example_branch_python_dop_operator_3.py took 0.222 seconds
[2024-12-01T02:22:24.500+0000] {processor.py:186} INFO - Started process (PID=52020) to work on /home/airflow/.local/lib/python3.12/site-packages/airflow/example_dags/example_branch_python_dop_operator_3.py
[2024-12-01T02:22:24.501+0000] {processor.py:914} INFO - Processing file /home/airflow/.local/lib/python3.12/site-packages/airflow/example_dags/example_branch_python_dop_operator_3.py for tasks to queue
[2024-12-01T02:22:24.503+0000] {logging_mixin.py:190} INFO - [2024-12-01T02:22:24.503+0000] {dagbag.py:588} INFO - Filling up the DagBag from /home/airflow/.local/lib/python3.12/site-packages/airflow/example_dags/example_branch_python_dop_operator_3.py
[2024-12-01T02:22:24.513+0000] {processor.py:925} INFO - DAG(s) 'example_branch_dop_operator_v3' retrieved from /home/airflow/.local/lib/python3.12/site-packages/airflow/example_dags/example_branch_python_dop_operator_3.py
[2024-12-01T02:22:24.531+0000] {logging_mixin.py:190} INFO - [2024-12-01T02:22:24.531+0000] {dag.py:3239} INFO - Sync 1 DAGs
[2024-12-01T02:22:24.556+0000] {logging_mixin.py:190} INFO - [2024-12-01T02:22:24.556+0000] {dag.py:4180} INFO - Setting next_dagrun for example_branch_dop_operator_v3 to 2024-12-01 02:21:00+00:00, run_after=2024-12-01 02:22:00+00:00
[2024-12-01T02:22:24.716+0000] {processor.py:208} INFO - Processing /home/airflow/.local/lib/python3.12/site-packages/airflow/example_dags/example_branch_python_dop_operator_3.py took 0.221 seconds
[2024-12-01T02:22:55.290+0000] {processor.py:186} INFO - Started process (PID=52086) to work on /home/airflow/.local/lib/python3.12/site-packages/airflow/example_dags/example_branch_python_dop_operator_3.py
[2024-12-01T02:22:55.291+0000] {processor.py:914} INFO - Processing file /home/airflow/.local/lib/python3.12/site-packages/airflow/example_dags/example_branch_python_dop_operator_3.py for tasks to queue
[2024-12-01T02:22:55.293+0000] {logging_mixin.py:190} INFO - [2024-12-01T02:22:55.293+0000] {dagbag.py:588} INFO - Filling up the DagBag from /home/airflow/.local/lib/python3.12/site-packages/airflow/example_dags/example_branch_python_dop_operator_3.py
[2024-12-01T02:22:55.303+0000] {processor.py:925} INFO - DAG(s) 'example_branch_dop_operator_v3' retrieved from /home/airflow/.local/lib/python3.12/site-packages/airflow/example_dags/example_branch_python_dop_operator_3.py
[2024-12-01T02:22:55.320+0000] {logging_mixin.py:190} INFO - [2024-12-01T02:22:55.320+0000] {dag.py:3239} INFO - Sync 1 DAGs
[2024-12-01T02:22:55.345+0000] {logging_mixin.py:190} INFO - [2024-12-01T02:22:55.344+0000] {dag.py:4180} INFO - Setting next_dagrun for example_branch_dop_operator_v3 to 2024-12-01 02:21:00+00:00, run_after=2024-12-01 02:22:00+00:00
[2024-12-01T02:22:55.361+0000] {processor.py:208} INFO - Processing /home/airflow/.local/lib/python3.12/site-packages/airflow/example_dags/example_branch_python_dop_operator_3.py took 0.076 seconds
[2024-12-01T02:23:25.633+0000] {processor.py:186} INFO - Started process (PID=52151) to work on /home/airflow/.local/lib/python3.12/site-packages/airflow/example_dags/example_branch_python_dop_operator_3.py
[2024-12-01T02:23:25.634+0000] {processor.py:914} INFO - Processing file /home/airflow/.local/lib/python3.12/site-packages/airflow/example_dags/example_branch_python_dop_operator_3.py for tasks to queue
[2024-12-01T02:23:25.637+0000] {logging_mixin.py:190} INFO - [2024-12-01T02:23:25.637+0000] {dagbag.py:588} INFO - Filling up the DagBag from /home/airflow/.local/lib/python3.12/site-packages/airflow/example_dags/example_branch_python_dop_operator_3.py
[2024-12-01T02:23:25.646+0000] {processor.py:925} INFO - DAG(s) 'example_branch_dop_operator_v3' retrieved from /home/airflow/.local/lib/python3.12/site-packages/airflow/example_dags/example_branch_python_dop_operator_3.py
[2024-12-01T02:23:25.665+0000] {logging_mixin.py:190} INFO - [2024-12-01T02:23:25.665+0000] {dag.py:3239} INFO - Sync 1 DAGs
[2024-12-01T02:23:25.689+0000] {logging_mixin.py:190} INFO - [2024-12-01T02:23:25.689+0000] {dag.py:4180} INFO - Setting next_dagrun for example_branch_dop_operator_v3 to 2024-12-01 02:22:00+00:00, run_after=2024-12-01 02:23:00+00:00
[2024-12-01T02:23:25.707+0000] {processor.py:208} INFO - Processing /home/airflow/.local/lib/python3.12/site-packages/airflow/example_dags/example_branch_python_dop_operator_3.py took 0.078 seconds
[2024-12-01T02:23:55.931+0000] {processor.py:186} INFO - Started process (PID=52217) to work on /home/airflow/.local/lib/python3.12/site-packages/airflow/example_dags/example_branch_python_dop_operator_3.py
[2024-12-01T02:23:55.932+0000] {processor.py:914} INFO - Processing file /home/airflow/.local/lib/python3.12/site-packages/airflow/example_dags/example_branch_python_dop_operator_3.py for tasks to queue
[2024-12-01T02:23:55.935+0000] {logging_mixin.py:190} INFO - [2024-12-01T02:23:55.935+0000] {dagbag.py:588} INFO - Filling up the DagBag from /home/airflow/.local/lib/python3.12/site-packages/airflow/example_dags/example_branch_python_dop_operator_3.py
[2024-12-01T02:23:55.956+0000] {processor.py:925} INFO - DAG(s) 'example_branch_dop_operator_v3' retrieved from /home/airflow/.local/lib/python3.12/site-packages/airflow/example_dags/example_branch_python_dop_operator_3.py
[2024-12-01T02:23:56.005+0000] {logging_mixin.py:190} INFO - [2024-12-01T02:23:56.004+0000] {dag.py:3239} INFO - Sync 1 DAGs
[2024-12-01T02:23:56.050+0000] {logging_mixin.py:190} INFO - [2024-12-01T02:23:56.050+0000] {dag.py:4180} INFO - Setting next_dagrun for example_branch_dop_operator_v3 to 2024-12-01 02:22:00+00:00, run_after=2024-12-01 02:23:00+00:00
[2024-12-01T02:23:56.066+0000] {processor.py:208} INFO - Processing /home/airflow/.local/lib/python3.12/site-packages/airflow/example_dags/example_branch_python_dop_operator_3.py took 0.152 seconds
[2024-12-01T02:24:27.424+0000] {processor.py:186} INFO - Started process (PID=52284) to work on /home/airflow/.local/lib/python3.12/site-packages/airflow/example_dags/example_branch_python_dop_operator_3.py
[2024-12-01T02:24:27.425+0000] {processor.py:914} INFO - Processing file /home/airflow/.local/lib/python3.12/site-packages/airflow/example_dags/example_branch_python_dop_operator_3.py for tasks to queue
[2024-12-01T02:24:27.427+0000] {logging_mixin.py:190} INFO - [2024-12-01T02:24:27.427+0000] {dagbag.py:588} INFO - Filling up the DagBag from /home/airflow/.local/lib/python3.12/site-packages/airflow/example_dags/example_branch_python_dop_operator_3.py
[2024-12-01T02:24:27.437+0000] {processor.py:925} INFO - DAG(s) 'example_branch_dop_operator_v3' retrieved from /home/airflow/.local/lib/python3.12/site-packages/airflow/example_dags/example_branch_python_dop_operator_3.py
[2024-12-01T02:24:27.454+0000] {logging_mixin.py:190} INFO - [2024-12-01T02:24:27.454+0000] {dag.py:3239} INFO - Sync 1 DAGs
[2024-12-01T02:24:27.478+0000] {logging_mixin.py:190} INFO - [2024-12-01T02:24:27.478+0000] {dag.py:4180} INFO - Setting next_dagrun for example_branch_dop_operator_v3 to 2024-12-01 02:23:00+00:00, run_after=2024-12-01 02:24:00+00:00
[2024-12-01T02:24:27.496+0000] {processor.py:208} INFO - Processing /home/airflow/.local/lib/python3.12/site-packages/airflow/example_dags/example_branch_python_dop_operator_3.py took 0.077 seconds
[2024-12-01T02:24:58.943+0000] {processor.py:186} INFO - Started process (PID=52350) to work on /home/airflow/.local/lib/python3.12/site-packages/airflow/example_dags/example_branch_python_dop_operator_3.py
[2024-12-01T02:24:58.944+0000] {processor.py:914} INFO - Processing file /home/airflow/.local/lib/python3.12/site-packages/airflow/example_dags/example_branch_python_dop_operator_3.py for tasks to queue
[2024-12-01T02:24:58.946+0000] {logging_mixin.py:190} INFO - [2024-12-01T02:24:58.946+0000] {dagbag.py:588} INFO - Filling up the DagBag from /home/airflow/.local/lib/python3.12/site-packages/airflow/example_dags/example_branch_python_dop_operator_3.py
[2024-12-01T02:24:58.958+0000] {processor.py:925} INFO - DAG(s) 'example_branch_dop_operator_v3' retrieved from /home/airflow/.local/lib/python3.12/site-packages/airflow/example_dags/example_branch_python_dop_operator_3.py
[2024-12-01T02:24:58.975+0000] {logging_mixin.py:190} INFO - [2024-12-01T02:24:58.975+0000] {dag.py:3239} INFO - Sync 1 DAGs
[2024-12-01T02:24:58.999+0000] {logging_mixin.py:190} INFO - [2024-12-01T02:24:58.999+0000] {dag.py:4180} INFO - Setting next_dagrun for example_branch_dop_operator_v3 to 2024-12-01 02:23:00+00:00, run_after=2024-12-01 02:24:00+00:00
[2024-12-01T02:24:59.017+0000] {processor.py:208} INFO - Processing /home/airflow/.local/lib/python3.12/site-packages/airflow/example_dags/example_branch_python_dop_operator_3.py took 0.079 seconds
[2024-12-01T02:25:29.412+0000] {processor.py:186} INFO - Started process (PID=52416) to work on /home/airflow/.local/lib/python3.12/site-packages/airflow/example_dags/example_branch_python_dop_operator_3.py
[2024-12-01T02:25:29.413+0000] {processor.py:914} INFO - Processing file /home/airflow/.local/lib/python3.12/site-packages/airflow/example_dags/example_branch_python_dop_operator_3.py for tasks to queue
[2024-12-01T02:25:29.415+0000] {logging_mixin.py:190} INFO - [2024-12-01T02:25:29.415+0000] {dagbag.py:588} INFO - Filling up the DagBag from /home/airflow/.local/lib/python3.12/site-packages/airflow/example_dags/example_branch_python_dop_operator_3.py
[2024-12-01T02:25:29.426+0000] {processor.py:925} INFO - DAG(s) 'example_branch_dop_operator_v3' retrieved from /home/airflow/.local/lib/python3.12/site-packages/airflow/example_dags/example_branch_python_dop_operator_3.py
[2024-12-01T02:25:29.451+0000] {logging_mixin.py:190} INFO - [2024-12-01T02:25:29.451+0000] {dag.py:3239} INFO - Sync 1 DAGs
[2024-12-01T02:25:29.484+0000] {logging_mixin.py:190} INFO - [2024-12-01T02:25:29.483+0000] {dag.py:4180} INFO - Setting next_dagrun for example_branch_dop_operator_v3 to 2024-12-01 02:24:00+00:00, run_after=2024-12-01 02:25:00+00:00
[2024-12-01T02:25:29.505+0000] {processor.py:208} INFO - Processing /home/airflow/.local/lib/python3.12/site-packages/airflow/example_dags/example_branch_python_dop_operator_3.py took 0.099 seconds
[2024-12-01T02:26:00.198+0000] {processor.py:186} INFO - Started process (PID=52488) to work on /home/airflow/.local/lib/python3.12/site-packages/airflow/example_dags/example_branch_python_dop_operator_3.py
[2024-12-01T02:26:00.199+0000] {processor.py:914} INFO - Processing file /home/airflow/.local/lib/python3.12/site-packages/airflow/example_dags/example_branch_python_dop_operator_3.py for tasks to queue
[2024-12-01T02:26:00.201+0000] {logging_mixin.py:190} INFO - [2024-12-01T02:26:00.201+0000] {dagbag.py:588} INFO - Filling up the DagBag from /home/airflow/.local/lib/python3.12/site-packages/airflow/example_dags/example_branch_python_dop_operator_3.py
[2024-12-01T02:26:00.211+0000] {processor.py:925} INFO - DAG(s) 'example_branch_dop_operator_v3' retrieved from /home/airflow/.local/lib/python3.12/site-packages/airflow/example_dags/example_branch_python_dop_operator_3.py
[2024-12-01T02:26:00.229+0000] {logging_mixin.py:190} INFO - [2024-12-01T02:26:00.228+0000] {dag.py:3239} INFO - Sync 1 DAGs
[2024-12-01T02:26:00.266+0000] {logging_mixin.py:190} INFO - [2024-12-01T02:26:00.266+0000] {dag.py:4180} INFO - Setting next_dagrun for example_branch_dop_operator_v3 to 2024-12-01 02:25:00+00:00, run_after=2024-12-01 02:26:00+00:00
[2024-12-01T02:26:00.286+0000] {processor.py:208} INFO - Processing /home/airflow/.local/lib/python3.12/site-packages/airflow/example_dags/example_branch_python_dop_operator_3.py took 0.093 seconds
[2024-12-01T02:26:30.806+0000] {processor.py:186} INFO - Started process (PID=52554) to work on /home/airflow/.local/lib/python3.12/site-packages/airflow/example_dags/example_branch_python_dop_operator_3.py
[2024-12-01T02:26:30.807+0000] {processor.py:914} INFO - Processing file /home/airflow/.local/lib/python3.12/site-packages/airflow/example_dags/example_branch_python_dop_operator_3.py for tasks to queue
[2024-12-01T02:26:30.810+0000] {logging_mixin.py:190} INFO - [2024-12-01T02:26:30.809+0000] {dagbag.py:588} INFO - Filling up the DagBag from /home/airflow/.local/lib/python3.12/site-packages/airflow/example_dags/example_branch_python_dop_operator_3.py
[2024-12-01T02:26:30.823+0000] {processor.py:925} INFO - DAG(s) 'example_branch_dop_operator_v3' retrieved from /home/airflow/.local/lib/python3.12/site-packages/airflow/example_dags/example_branch_python_dop_operator_3.py
[2024-12-01T02:26:30.846+0000] {logging_mixin.py:190} INFO - [2024-12-01T02:26:30.846+0000] {dag.py:3239} INFO - Sync 1 DAGs
[2024-12-01T02:26:30.880+0000] {logging_mixin.py:190} INFO - [2024-12-01T02:26:30.880+0000] {dag.py:4180} INFO - Setting next_dagrun for example_branch_dop_operator_v3 to 2024-12-01 02:25:00+00:00, run_after=2024-12-01 02:26:00+00:00
[2024-12-01T02:26:30.896+0000] {processor.py:208} INFO - Processing /home/airflow/.local/lib/python3.12/site-packages/airflow/example_dags/example_branch_python_dop_operator_3.py took 0.098 seconds
[2024-12-01T02:27:01.245+0000] {processor.py:186} INFO - Started process (PID=52619) to work on /home/airflow/.local/lib/python3.12/site-packages/airflow/example_dags/example_branch_python_dop_operator_3.py
[2024-12-01T02:27:01.246+0000] {processor.py:914} INFO - Processing file /home/airflow/.local/lib/python3.12/site-packages/airflow/example_dags/example_branch_python_dop_operator_3.py for tasks to queue
[2024-12-01T02:27:01.248+0000] {logging_mixin.py:190} INFO - [2024-12-01T02:27:01.248+0000] {dagbag.py:588} INFO - Filling up the DagBag from /home/airflow/.local/lib/python3.12/site-packages/airflow/example_dags/example_branch_python_dop_operator_3.py
[2024-12-01T02:27:01.257+0000] {processor.py:925} INFO - DAG(s) 'example_branch_dop_operator_v3' retrieved from /home/airflow/.local/lib/python3.12/site-packages/airflow/example_dags/example_branch_python_dop_operator_3.py
[2024-12-01T02:27:01.274+0000] {logging_mixin.py:190} INFO - [2024-12-01T02:27:01.274+0000] {dag.py:3239} INFO - Sync 1 DAGs
[2024-12-01T02:27:01.298+0000] {logging_mixin.py:190} INFO - [2024-12-01T02:27:01.298+0000] {dag.py:4180} INFO - Setting next_dagrun for example_branch_dop_operator_v3 to 2024-12-01 02:26:00+00:00, run_after=2024-12-01 02:27:00+00:00
[2024-12-01T02:27:01.315+0000] {processor.py:208} INFO - Processing /home/airflow/.local/lib/python3.12/site-packages/airflow/example_dags/example_branch_python_dop_operator_3.py took 0.075 seconds
[2024-12-01T02:27:31.716+0000] {processor.py:186} INFO - Started process (PID=52685) to work on /home/airflow/.local/lib/python3.12/site-packages/airflow/example_dags/example_branch_python_dop_operator_3.py
[2024-12-01T02:27:31.717+0000] {processor.py:914} INFO - Processing file /home/airflow/.local/lib/python3.12/site-packages/airflow/example_dags/example_branch_python_dop_operator_3.py for tasks to queue
[2024-12-01T02:27:31.719+0000] {logging_mixin.py:190} INFO - [2024-12-01T02:27:31.718+0000] {dagbag.py:588} INFO - Filling up the DagBag from /home/airflow/.local/lib/python3.12/site-packages/airflow/example_dags/example_branch_python_dop_operator_3.py
[2024-12-01T02:27:31.728+0000] {processor.py:925} INFO - DAG(s) 'example_branch_dop_operator_v3' retrieved from /home/airflow/.local/lib/python3.12/site-packages/airflow/example_dags/example_branch_python_dop_operator_3.py
[2024-12-01T02:27:31.745+0000] {logging_mixin.py:190} INFO - [2024-12-01T02:27:31.745+0000] {dag.py:3239} INFO - Sync 1 DAGs
[2024-12-01T02:27:31.770+0000] {logging_mixin.py:190} INFO - [2024-12-01T02:27:31.770+0000] {dag.py:4180} INFO - Setting next_dagrun for example_branch_dop_operator_v3 to 2024-12-01 02:26:00+00:00, run_after=2024-12-01 02:27:00+00:00
[2024-12-01T02:27:31.787+0000] {processor.py:208} INFO - Processing /home/airflow/.local/lib/python3.12/site-packages/airflow/example_dags/example_branch_python_dop_operator_3.py took 0.077 seconds
[2024-12-01T02:28:03.258+0000] {processor.py:186} INFO - Started process (PID=52752) to work on /home/airflow/.local/lib/python3.12/site-packages/airflow/example_dags/example_branch_python_dop_operator_3.py
[2024-12-01T02:28:03.259+0000] {processor.py:914} INFO - Processing file /home/airflow/.local/lib/python3.12/site-packages/airflow/example_dags/example_branch_python_dop_operator_3.py for tasks to queue
[2024-12-01T02:28:03.262+0000] {logging_mixin.py:190} INFO - [2024-12-01T02:28:03.261+0000] {dagbag.py:588} INFO - Filling up the DagBag from /home/airflow/.local/lib/python3.12/site-packages/airflow/example_dags/example_branch_python_dop_operator_3.py
[2024-12-01T02:28:03.273+0000] {processor.py:925} INFO - DAG(s) 'example_branch_dop_operator_v3' retrieved from /home/airflow/.local/lib/python3.12/site-packages/airflow/example_dags/example_branch_python_dop_operator_3.py
[2024-12-01T02:28:03.294+0000] {logging_mixin.py:190} INFO - [2024-12-01T02:28:03.294+0000] {dag.py:3239} INFO - Sync 1 DAGs
[2024-12-01T02:28:03.319+0000] {logging_mixin.py:190} INFO - [2024-12-01T02:28:03.318+0000] {dag.py:4180} INFO - Setting next_dagrun for example_branch_dop_operator_v3 to 2024-12-01 02:27:00+00:00, run_after=2024-12-01 02:28:00+00:00
[2024-12-01T02:28:03.348+0000] {processor.py:208} INFO - Processing /home/airflow/.local/lib/python3.12/site-packages/airflow/example_dags/example_branch_python_dop_operator_3.py took 0.096 seconds
[2024-12-01T02:28:33.809+0000] {processor.py:186} INFO - Started process (PID=52818) to work on /home/airflow/.local/lib/python3.12/site-packages/airflow/example_dags/example_branch_python_dop_operator_3.py
[2024-12-01T02:28:33.810+0000] {processor.py:914} INFO - Processing file /home/airflow/.local/lib/python3.12/site-packages/airflow/example_dags/example_branch_python_dop_operator_3.py for tasks to queue
[2024-12-01T02:28:33.812+0000] {logging_mixin.py:190} INFO - [2024-12-01T02:28:33.811+0000] {dagbag.py:588} INFO - Filling up the DagBag from /home/airflow/.local/lib/python3.12/site-packages/airflow/example_dags/example_branch_python_dop_operator_3.py
[2024-12-01T02:28:33.821+0000] {processor.py:925} INFO - DAG(s) 'example_branch_dop_operator_v3' retrieved from /home/airflow/.local/lib/python3.12/site-packages/airflow/example_dags/example_branch_python_dop_operator_3.py
[2024-12-01T02:28:33.839+0000] {logging_mixin.py:190} INFO - [2024-12-01T02:28:33.838+0000] {dag.py:3239} INFO - Sync 1 DAGs
[2024-12-01T02:28:33.862+0000] {logging_mixin.py:190} INFO - [2024-12-01T02:28:33.862+0000] {dag.py:4180} INFO - Setting next_dagrun for example_branch_dop_operator_v3 to 2024-12-01 02:27:00+00:00, run_after=2024-12-01 02:28:00+00:00
[2024-12-01T02:28:33.879+0000] {processor.py:208} INFO - Processing /home/airflow/.local/lib/python3.12/site-packages/airflow/example_dags/example_branch_python_dop_operator_3.py took 0.075 seconds
[2024-12-01T02:29:04.475+0000] {processor.py:186} INFO - Started process (PID=52884) to work on /home/airflow/.local/lib/python3.12/site-packages/airflow/example_dags/example_branch_python_dop_operator_3.py
[2024-12-01T02:29:04.476+0000] {processor.py:914} INFO - Processing file /home/airflow/.local/lib/python3.12/site-packages/airflow/example_dags/example_branch_python_dop_operator_3.py for tasks to queue
[2024-12-01T02:29:04.478+0000] {logging_mixin.py:190} INFO - [2024-12-01T02:29:04.478+0000] {dagbag.py:588} INFO - Filling up the DagBag from /home/airflow/.local/lib/python3.12/site-packages/airflow/example_dags/example_branch_python_dop_operator_3.py
[2024-12-01T02:29:04.489+0000] {processor.py:925} INFO - DAG(s) 'example_branch_dop_operator_v3' retrieved from /home/airflow/.local/lib/python3.12/site-packages/airflow/example_dags/example_branch_python_dop_operator_3.py
[2024-12-01T02:29:04.507+0000] {logging_mixin.py:190} INFO - [2024-12-01T02:29:04.507+0000] {dag.py:3239} INFO - Sync 1 DAGs
[2024-12-01T02:29:04.542+0000] {logging_mixin.py:190} INFO - [2024-12-01T02:29:04.542+0000] {dag.py:4180} INFO - Setting next_dagrun for example_branch_dop_operator_v3 to 2024-12-01 02:28:00+00:00, run_after=2024-12-01 02:29:00+00:00
[2024-12-01T02:29:04.574+0000] {processor.py:208} INFO - Processing /home/airflow/.local/lib/python3.12/site-packages/airflow/example_dags/example_branch_python_dop_operator_3.py took 0.105 seconds
[2024-12-01T02:29:35.068+0000] {processor.py:186} INFO - Started process (PID=52950) to work on /home/airflow/.local/lib/python3.12/site-packages/airflow/example_dags/example_branch_python_dop_operator_3.py
[2024-12-01T02:29:35.069+0000] {processor.py:914} INFO - Processing file /home/airflow/.local/lib/python3.12/site-packages/airflow/example_dags/example_branch_python_dop_operator_3.py for tasks to queue
[2024-12-01T02:29:35.071+0000] {logging_mixin.py:190} INFO - [2024-12-01T02:29:35.071+0000] {dagbag.py:588} INFO - Filling up the DagBag from /home/airflow/.local/lib/python3.12/site-packages/airflow/example_dags/example_branch_python_dop_operator_3.py
[2024-12-01T02:29:35.082+0000] {processor.py:925} INFO - DAG(s) 'example_branch_dop_operator_v3' retrieved from /home/airflow/.local/lib/python3.12/site-packages/airflow/example_dags/example_branch_python_dop_operator_3.py
[2024-12-01T02:29:35.100+0000] {logging_mixin.py:190} INFO - [2024-12-01T02:29:35.100+0000] {dag.py:3239} INFO - Sync 1 DAGs
[2024-12-01T02:29:35.125+0000] {logging_mixin.py:190} INFO - [2024-12-01T02:29:35.124+0000] {dag.py:4180} INFO - Setting next_dagrun for example_branch_dop_operator_v3 to 2024-12-01 02:28:00+00:00, run_after=2024-12-01 02:29:00+00:00
[2024-12-01T02:29:35.141+0000] {processor.py:208} INFO - Processing /home/airflow/.local/lib/python3.12/site-packages/airflow/example_dags/example_branch_python_dop_operator_3.py took 0.078 seconds
[2024-12-01T02:30:06.351+0000] {processor.py:186} INFO - Started process (PID=53016) to work on /home/airflow/.local/lib/python3.12/site-packages/airflow/example_dags/example_branch_python_dop_operator_3.py
[2024-12-01T02:30:06.352+0000] {processor.py:914} INFO - Processing file /home/airflow/.local/lib/python3.12/site-packages/airflow/example_dags/example_branch_python_dop_operator_3.py for tasks to queue
[2024-12-01T02:30:06.355+0000] {logging_mixin.py:190} INFO - [2024-12-01T02:30:06.354+0000] {dagbag.py:588} INFO - Filling up the DagBag from /home/airflow/.local/lib/python3.12/site-packages/airflow/example_dags/example_branch_python_dop_operator_3.py
[2024-12-01T02:30:06.366+0000] {processor.py:925} INFO - DAG(s) 'example_branch_dop_operator_v3' retrieved from /home/airflow/.local/lib/python3.12/site-packages/airflow/example_dags/example_branch_python_dop_operator_3.py
[2024-12-01T02:30:06.398+0000] {logging_mixin.py:190} INFO - [2024-12-01T02:30:06.398+0000] {dag.py:3239} INFO - Sync 1 DAGs
[2024-12-01T02:30:06.429+0000] {logging_mixin.py:190} INFO - [2024-12-01T02:30:06.429+0000] {dag.py:4180} INFO - Setting next_dagrun for example_branch_dop_operator_v3 to 2024-12-01 02:29:00+00:00, run_after=2024-12-01 02:30:00+00:00
[2024-12-01T02:30:06.447+0000] {processor.py:208} INFO - Processing /home/airflow/.local/lib/python3.12/site-packages/airflow/example_dags/example_branch_python_dop_operator_3.py took 0.102 seconds
[2024-12-01T02:30:37.121+0000] {processor.py:186} INFO - Started process (PID=53082) to work on /home/airflow/.local/lib/python3.12/site-packages/airflow/example_dags/example_branch_python_dop_operator_3.py
[2024-12-01T02:30:37.122+0000] {processor.py:914} INFO - Processing file /home/airflow/.local/lib/python3.12/site-packages/airflow/example_dags/example_branch_python_dop_operator_3.py for tasks to queue
[2024-12-01T02:30:37.124+0000] {logging_mixin.py:190} INFO - [2024-12-01T02:30:37.124+0000] {dagbag.py:588} INFO - Filling up the DagBag from /home/airflow/.local/lib/python3.12/site-packages/airflow/example_dags/example_branch_python_dop_operator_3.py
[2024-12-01T02:30:37.133+0000] {processor.py:925} INFO - DAG(s) 'example_branch_dop_operator_v3' retrieved from /home/airflow/.local/lib/python3.12/site-packages/airflow/example_dags/example_branch_python_dop_operator_3.py
[2024-12-01T02:30:37.149+0000] {logging_mixin.py:190} INFO - [2024-12-01T02:30:37.149+0000] {dag.py:3239} INFO - Sync 1 DAGs
[2024-12-01T02:30:37.180+0000] {logging_mixin.py:190} INFO - [2024-12-01T02:30:37.180+0000] {dag.py:4180} INFO - Setting next_dagrun for example_branch_dop_operator_v3 to 2024-12-01 02:29:00+00:00, run_after=2024-12-01 02:30:00+00:00
[2024-12-01T02:30:37.196+0000] {processor.py:208} INFO - Processing /home/airflow/.local/lib/python3.12/site-packages/airflow/example_dags/example_branch_python_dop_operator_3.py took 0.080 seconds
[2024-12-01T02:31:07.626+0000] {processor.py:186} INFO - Started process (PID=53148) to work on /home/airflow/.local/lib/python3.12/site-packages/airflow/example_dags/example_branch_python_dop_operator_3.py
[2024-12-01T02:31:07.628+0000] {processor.py:914} INFO - Processing file /home/airflow/.local/lib/python3.12/site-packages/airflow/example_dags/example_branch_python_dop_operator_3.py for tasks to queue
[2024-12-01T02:31:07.630+0000] {logging_mixin.py:190} INFO - [2024-12-01T02:31:07.630+0000] {dagbag.py:588} INFO - Filling up the DagBag from /home/airflow/.local/lib/python3.12/site-packages/airflow/example_dags/example_branch_python_dop_operator_3.py
[2024-12-01T02:31:07.640+0000] {processor.py:925} INFO - DAG(s) 'example_branch_dop_operator_v3' retrieved from /home/airflow/.local/lib/python3.12/site-packages/airflow/example_dags/example_branch_python_dop_operator_3.py
[2024-12-01T02:31:07.664+0000] {logging_mixin.py:190} INFO - [2024-12-01T02:31:07.663+0000] {dag.py:3239} INFO - Sync 1 DAGs
[2024-12-01T02:31:07.687+0000] {logging_mixin.py:190} INFO - [2024-12-01T02:31:07.687+0000] {dag.py:4180} INFO - Setting next_dagrun for example_branch_dop_operator_v3 to 2024-12-01 02:30:00+00:00, run_after=2024-12-01 02:31:00+00:00
[2024-12-01T02:31:07.704+0000] {processor.py:208} INFO - Processing /home/airflow/.local/lib/python3.12/site-packages/airflow/example_dags/example_branch_python_dop_operator_3.py took 0.084 seconds
[2024-12-01T02:31:38.980+0000] {processor.py:186} INFO - Started process (PID=53214) to work on /home/airflow/.local/lib/python3.12/site-packages/airflow/example_dags/example_branch_python_dop_operator_3.py
[2024-12-01T02:31:38.981+0000] {processor.py:914} INFO - Processing file /home/airflow/.local/lib/python3.12/site-packages/airflow/example_dags/example_branch_python_dop_operator_3.py for tasks to queue
[2024-12-01T02:31:38.983+0000] {logging_mixin.py:190} INFO - [2024-12-01T02:31:38.983+0000] {dagbag.py:588} INFO - Filling up the DagBag from /home/airflow/.local/lib/python3.12/site-packages/airflow/example_dags/example_branch_python_dop_operator_3.py
[2024-12-01T02:31:38.993+0000] {processor.py:925} INFO - DAG(s) 'example_branch_dop_operator_v3' retrieved from /home/airflow/.local/lib/python3.12/site-packages/airflow/example_dags/example_branch_python_dop_operator_3.py
[2024-12-01T02:31:39.012+0000] {logging_mixin.py:190} INFO - [2024-12-01T02:31:39.012+0000] {dag.py:3239} INFO - Sync 1 DAGs
[2024-12-01T02:31:39.038+0000] {logging_mixin.py:190} INFO - [2024-12-01T02:31:39.038+0000] {dag.py:4180} INFO - Setting next_dagrun for example_branch_dop_operator_v3 to 2024-12-01 02:30:00+00:00, run_after=2024-12-01 02:31:00+00:00
[2024-12-01T02:31:39.053+0000] {processor.py:208} INFO - Processing /home/airflow/.local/lib/python3.12/site-packages/airflow/example_dags/example_branch_python_dop_operator_3.py took 0.080 seconds
[2024-12-01T02:32:09.441+0000] {processor.py:186} INFO - Started process (PID=53280) to work on /home/airflow/.local/lib/python3.12/site-packages/airflow/example_dags/example_branch_python_dop_operator_3.py
[2024-12-01T02:32:09.442+0000] {processor.py:914} INFO - Processing file /home/airflow/.local/lib/python3.12/site-packages/airflow/example_dags/example_branch_python_dop_operator_3.py for tasks to queue
[2024-12-01T02:32:09.444+0000] {logging_mixin.py:190} INFO - [2024-12-01T02:32:09.444+0000] {dagbag.py:588} INFO - Filling up the DagBag from /home/airflow/.local/lib/python3.12/site-packages/airflow/example_dags/example_branch_python_dop_operator_3.py
[2024-12-01T02:32:09.454+0000] {processor.py:925} INFO - DAG(s) 'example_branch_dop_operator_v3' retrieved from /home/airflow/.local/lib/python3.12/site-packages/airflow/example_dags/example_branch_python_dop_operator_3.py
[2024-12-01T02:32:09.471+0000] {logging_mixin.py:190} INFO - [2024-12-01T02:32:09.470+0000] {dag.py:3239} INFO - Sync 1 DAGs
[2024-12-01T02:32:09.494+0000] {logging_mixin.py:190} INFO - [2024-12-01T02:32:09.494+0000] {dag.py:4180} INFO - Setting next_dagrun for example_branch_dop_operator_v3 to 2024-12-01 02:31:00+00:00, run_after=2024-12-01 02:32:00+00:00
[2024-12-01T02:32:09.510+0000] {processor.py:208} INFO - Processing /home/airflow/.local/lib/python3.12/site-packages/airflow/example_dags/example_branch_python_dop_operator_3.py took 0.074 seconds
[2024-12-01T02:32:41.061+0000] {processor.py:186} INFO - Started process (PID=53346) to work on /home/airflow/.local/lib/python3.12/site-packages/airflow/example_dags/example_branch_python_dop_operator_3.py
[2024-12-01T02:32:41.062+0000] {processor.py:914} INFO - Processing file /home/airflow/.local/lib/python3.12/site-packages/airflow/example_dags/example_branch_python_dop_operator_3.py for tasks to queue
[2024-12-01T02:32:41.065+0000] {logging_mixin.py:190} INFO - [2024-12-01T02:32:41.064+0000] {dagbag.py:588} INFO - Filling up the DagBag from /home/airflow/.local/lib/python3.12/site-packages/airflow/example_dags/example_branch_python_dop_operator_3.py
[2024-12-01T02:32:41.077+0000] {processor.py:925} INFO - DAG(s) 'example_branch_dop_operator_v3' retrieved from /home/airflow/.local/lib/python3.12/site-packages/airflow/example_dags/example_branch_python_dop_operator_3.py
[2024-12-01T02:32:41.102+0000] {logging_mixin.py:190} INFO - [2024-12-01T02:32:41.102+0000] {dag.py:3239} INFO - Sync 1 DAGs
[2024-12-01T02:32:41.142+0000] {logging_mixin.py:190} INFO - [2024-12-01T02:32:41.141+0000] {dag.py:4180} INFO - Setting next_dagrun for example_branch_dop_operator_v3 to 2024-12-01 02:31:00+00:00, run_after=2024-12-01 02:32:00+00:00
[2024-12-01T02:32:41.175+0000] {processor.py:208} INFO - Processing /home/airflow/.local/lib/python3.12/site-packages/airflow/example_dags/example_branch_python_dop_operator_3.py took 0.120 seconds
[2024-12-01T02:33:11.627+0000] {processor.py:186} INFO - Started process (PID=53412) to work on /home/airflow/.local/lib/python3.12/site-packages/airflow/example_dags/example_branch_python_dop_operator_3.py
[2024-12-01T02:33:11.628+0000] {processor.py:914} INFO - Processing file /home/airflow/.local/lib/python3.12/site-packages/airflow/example_dags/example_branch_python_dop_operator_3.py for tasks to queue
[2024-12-01T02:33:11.630+0000] {logging_mixin.py:190} INFO - [2024-12-01T02:33:11.630+0000] {dagbag.py:588} INFO - Filling up the DagBag from /home/airflow/.local/lib/python3.12/site-packages/airflow/example_dags/example_branch_python_dop_operator_3.py
[2024-12-01T02:33:11.640+0000] {processor.py:925} INFO - DAG(s) 'example_branch_dop_operator_v3' retrieved from /home/airflow/.local/lib/python3.12/site-packages/airflow/example_dags/example_branch_python_dop_operator_3.py
[2024-12-01T02:33:11.657+0000] {logging_mixin.py:190} INFO - [2024-12-01T02:33:11.657+0000] {dag.py:3239} INFO - Sync 1 DAGs
[2024-12-01T02:33:11.681+0000] {logging_mixin.py:190} INFO - [2024-12-01T02:33:11.681+0000] {dag.py:4180} INFO - Setting next_dagrun for example_branch_dop_operator_v3 to 2024-12-01 02:32:00+00:00, run_after=2024-12-01 02:33:00+00:00
[2024-12-01T02:33:11.699+0000] {processor.py:208} INFO - Processing /home/airflow/.local/lib/python3.12/site-packages/airflow/example_dags/example_branch_python_dop_operator_3.py took 0.077 seconds
[2024-12-01T02:33:42.521+0000] {processor.py:186} INFO - Started process (PID=53478) to work on /home/airflow/.local/lib/python3.12/site-packages/airflow/example_dags/example_branch_python_dop_operator_3.py
[2024-12-01T02:33:42.522+0000] {processor.py:914} INFO - Processing file /home/airflow/.local/lib/python3.12/site-packages/airflow/example_dags/example_branch_python_dop_operator_3.py for tasks to queue
[2024-12-01T02:33:42.524+0000] {logging_mixin.py:190} INFO - [2024-12-01T02:33:42.523+0000] {dagbag.py:588} INFO - Filling up the DagBag from /home/airflow/.local/lib/python3.12/site-packages/airflow/example_dags/example_branch_python_dop_operator_3.py
[2024-12-01T02:33:42.533+0000] {processor.py:925} INFO - DAG(s) 'example_branch_dop_operator_v3' retrieved from /home/airflow/.local/lib/python3.12/site-packages/airflow/example_dags/example_branch_python_dop_operator_3.py
[2024-12-01T02:33:42.550+0000] {logging_mixin.py:190} INFO - [2024-12-01T02:33:42.550+0000] {dag.py:3239} INFO - Sync 1 DAGs
[2024-12-01T02:33:42.575+0000] {logging_mixin.py:190} INFO - [2024-12-01T02:33:42.575+0000] {dag.py:4180} INFO - Setting next_dagrun for example_branch_dop_operator_v3 to 2024-12-01 02:32:00+00:00, run_after=2024-12-01 02:33:00+00:00
[2024-12-01T02:33:42.592+0000] {processor.py:208} INFO - Processing /home/airflow/.local/lib/python3.12/site-packages/airflow/example_dags/example_branch_python_dop_operator_3.py took 0.076 seconds
