[2024-12-01T02:11:02.496+0000] {processor.py:186} INFO - Started process (PID=50567) to work on /home/airflow/.local/lib/python3.12/site-packages/airflow/example_dags/example_local_kubernetes_executor.py
[2024-12-01T02:11:02.496+0000] {processor.py:914} INFO - Processing file /home/airflow/.local/lib/python3.12/site-packages/airflow/example_dags/example_local_kubernetes_executor.py for tasks to queue
[2024-12-01T02:11:02.499+0000] {logging_mixin.py:190} INFO - [2024-12-01T02:11:02.499+0000] {dagbag.py:588} INFO - Filling up the DagBag from /home/airflow/.local/lib/python3.12/site-packages/airflow/example_dags/example_local_kubernetes_executor.py
[2024-12-01T02:11:02.508+0000] {processor.py:925} INFO - DAG(s) 'example_local_kubernetes_executor' retrieved from /home/airflow/.local/lib/python3.12/site-packages/airflow/example_dags/example_local_kubernetes_executor.py
[2024-12-01T02:11:02.529+0000] {logging_mixin.py:190} INFO - [2024-12-01T02:11:02.529+0000] {dag.py:3239} INFO - Sync 1 DAGs
[2024-12-01T02:11:02.545+0000] {logging_mixin.py:190} INFO - [2024-12-01T02:11:02.544+0000] {dag.py:4180} INFO - Setting next_dagrun for example_local_kubernetes_executor to None, run_after=None
[2024-12-01T02:11:02.559+0000] {processor.py:208} INFO - Processing /home/airflow/.local/lib/python3.12/site-packages/airflow/example_dags/example_local_kubernetes_executor.py took 0.068 seconds
[2024-12-01T02:11:33.328+0000] {processor.py:186} INFO - Started process (PID=50634) to work on /home/airflow/.local/lib/python3.12/site-packages/airflow/example_dags/example_local_kubernetes_executor.py
[2024-12-01T02:11:33.329+0000] {processor.py:914} INFO - Processing file /home/airflow/.local/lib/python3.12/site-packages/airflow/example_dags/example_local_kubernetes_executor.py for tasks to queue
[2024-12-01T02:11:33.332+0000] {logging_mixin.py:190} INFO - [2024-12-01T02:11:33.332+0000] {dagbag.py:588} INFO - Filling up the DagBag from /home/airflow/.local/lib/python3.12/site-packages/airflow/example_dags/example_local_kubernetes_executor.py
[2024-12-01T02:11:33.342+0000] {processor.py:925} INFO - DAG(s) 'example_local_kubernetes_executor' retrieved from /home/airflow/.local/lib/python3.12/site-packages/airflow/example_dags/example_local_kubernetes_executor.py
[2024-12-01T02:11:33.362+0000] {logging_mixin.py:190} INFO - [2024-12-01T02:11:33.361+0000] {dag.py:3239} INFO - Sync 1 DAGs
[2024-12-01T02:11:33.380+0000] {logging_mixin.py:190} INFO - [2024-12-01T02:11:33.379+0000] {dag.py:4180} INFO - Setting next_dagrun for example_local_kubernetes_executor to None, run_after=None
[2024-12-01T02:11:33.397+0000] {processor.py:208} INFO - Processing /home/airflow/.local/lib/python3.12/site-packages/airflow/example_dags/example_local_kubernetes_executor.py took 0.074 seconds
[2024-12-01T02:12:03.834+0000] {processor.py:186} INFO - Started process (PID=50700) to work on /home/airflow/.local/lib/python3.12/site-packages/airflow/example_dags/example_local_kubernetes_executor.py
[2024-12-01T02:12:03.835+0000] {processor.py:914} INFO - Processing file /home/airflow/.local/lib/python3.12/site-packages/airflow/example_dags/example_local_kubernetes_executor.py for tasks to queue
[2024-12-01T02:12:03.838+0000] {logging_mixin.py:190} INFO - [2024-12-01T02:12:03.838+0000] {dagbag.py:588} INFO - Filling up the DagBag from /home/airflow/.local/lib/python3.12/site-packages/airflow/example_dags/example_local_kubernetes_executor.py
[2024-12-01T02:12:03.849+0000] {processor.py:925} INFO - DAG(s) 'example_local_kubernetes_executor' retrieved from /home/airflow/.local/lib/python3.12/site-packages/airflow/example_dags/example_local_kubernetes_executor.py
[2024-12-01T02:12:03.871+0000] {logging_mixin.py:190} INFO - [2024-12-01T02:12:03.870+0000] {dag.py:3239} INFO - Sync 1 DAGs
[2024-12-01T02:12:03.889+0000] {logging_mixin.py:190} INFO - [2024-12-01T02:12:03.889+0000] {dag.py:4180} INFO - Setting next_dagrun for example_local_kubernetes_executor to None, run_after=None
[2024-12-01T02:12:03.911+0000] {processor.py:208} INFO - Processing /home/airflow/.local/lib/python3.12/site-packages/airflow/example_dags/example_local_kubernetes_executor.py took 0.084 seconds
[2024-12-01T02:12:34.530+0000] {processor.py:186} INFO - Started process (PID=50766) to work on /home/airflow/.local/lib/python3.12/site-packages/airflow/example_dags/example_local_kubernetes_executor.py
[2024-12-01T02:12:34.531+0000] {processor.py:914} INFO - Processing file /home/airflow/.local/lib/python3.12/site-packages/airflow/example_dags/example_local_kubernetes_executor.py for tasks to queue
[2024-12-01T02:12:34.533+0000] {logging_mixin.py:190} INFO - [2024-12-01T02:12:34.533+0000] {dagbag.py:588} INFO - Filling up the DagBag from /home/airflow/.local/lib/python3.12/site-packages/airflow/example_dags/example_local_kubernetes_executor.py
[2024-12-01T02:12:34.542+0000] {processor.py:925} INFO - DAG(s) 'example_local_kubernetes_executor' retrieved from /home/airflow/.local/lib/python3.12/site-packages/airflow/example_dags/example_local_kubernetes_executor.py
[2024-12-01T02:12:34.561+0000] {logging_mixin.py:190} INFO - [2024-12-01T02:12:34.561+0000] {dag.py:3239} INFO - Sync 1 DAGs
[2024-12-01T02:12:34.577+0000] {logging_mixin.py:190} INFO - [2024-12-01T02:12:34.576+0000] {dag.py:4180} INFO - Setting next_dagrun for example_local_kubernetes_executor to None, run_after=None
[2024-12-01T02:12:34.597+0000] {processor.py:208} INFO - Processing /home/airflow/.local/lib/python3.12/site-packages/airflow/example_dags/example_local_kubernetes_executor.py took 0.073 seconds
[2024-12-01T02:13:05.420+0000] {processor.py:186} INFO - Started process (PID=50832) to work on /home/airflow/.local/lib/python3.12/site-packages/airflow/example_dags/example_local_kubernetes_executor.py
[2024-12-01T02:13:05.421+0000] {processor.py:914} INFO - Processing file /home/airflow/.local/lib/python3.12/site-packages/airflow/example_dags/example_local_kubernetes_executor.py for tasks to queue
[2024-12-01T02:13:05.423+0000] {logging_mixin.py:190} INFO - [2024-12-01T02:13:05.423+0000] {dagbag.py:588} INFO - Filling up the DagBag from /home/airflow/.local/lib/python3.12/site-packages/airflow/example_dags/example_local_kubernetes_executor.py
[2024-12-01T02:13:05.433+0000] {processor.py:925} INFO - DAG(s) 'example_local_kubernetes_executor' retrieved from /home/airflow/.local/lib/python3.12/site-packages/airflow/example_dags/example_local_kubernetes_executor.py
[2024-12-01T02:13:05.452+0000] {logging_mixin.py:190} INFO - [2024-12-01T02:13:05.452+0000] {dag.py:3239} INFO - Sync 1 DAGs
[2024-12-01T02:13:05.466+0000] {logging_mixin.py:190} INFO - [2024-12-01T02:13:05.466+0000] {dag.py:4180} INFO - Setting next_dagrun for example_local_kubernetes_executor to None, run_after=None
[2024-12-01T02:13:05.483+0000] {processor.py:208} INFO - Processing /home/airflow/.local/lib/python3.12/site-packages/airflow/example_dags/example_local_kubernetes_executor.py took 0.068 seconds
[2024-12-01T02:13:36.067+0000] {processor.py:186} INFO - Started process (PID=50898) to work on /home/airflow/.local/lib/python3.12/site-packages/airflow/example_dags/example_local_kubernetes_executor.py
[2024-12-01T02:13:36.068+0000] {processor.py:914} INFO - Processing file /home/airflow/.local/lib/python3.12/site-packages/airflow/example_dags/example_local_kubernetes_executor.py for tasks to queue
[2024-12-01T02:13:36.070+0000] {logging_mixin.py:190} INFO - [2024-12-01T02:13:36.070+0000] {dagbag.py:588} INFO - Filling up the DagBag from /home/airflow/.local/lib/python3.12/site-packages/airflow/example_dags/example_local_kubernetes_executor.py
[2024-12-01T02:13:36.080+0000] {processor.py:925} INFO - DAG(s) 'example_local_kubernetes_executor' retrieved from /home/airflow/.local/lib/python3.12/site-packages/airflow/example_dags/example_local_kubernetes_executor.py
[2024-12-01T02:13:36.124+0000] {logging_mixin.py:190} INFO - [2024-12-01T02:13:36.114+0000] {dag.py:3239} INFO - Sync 1 DAGs
[2024-12-01T02:13:36.146+0000] {logging_mixin.py:190} INFO - [2024-12-01T02:13:36.145+0000] {dag.py:4180} INFO - Setting next_dagrun for example_local_kubernetes_executor to None, run_after=None
[2024-12-01T02:13:36.176+0000] {processor.py:208} INFO - Processing /home/airflow/.local/lib/python3.12/site-packages/airflow/example_dags/example_local_kubernetes_executor.py took 0.115 seconds
[2024-12-01T02:14:07.350+0000] {processor.py:186} INFO - Started process (PID=50964) to work on /home/airflow/.local/lib/python3.12/site-packages/airflow/example_dags/example_local_kubernetes_executor.py
[2024-12-01T02:14:07.351+0000] {processor.py:914} INFO - Processing file /home/airflow/.local/lib/python3.12/site-packages/airflow/example_dags/example_local_kubernetes_executor.py for tasks to queue
[2024-12-01T02:14:07.353+0000] {logging_mixin.py:190} INFO - [2024-12-01T02:14:07.353+0000] {dagbag.py:588} INFO - Filling up the DagBag from /home/airflow/.local/lib/python3.12/site-packages/airflow/example_dags/example_local_kubernetes_executor.py
[2024-12-01T02:14:07.362+0000] {processor.py:925} INFO - DAG(s) 'example_local_kubernetes_executor' retrieved from /home/airflow/.local/lib/python3.12/site-packages/airflow/example_dags/example_local_kubernetes_executor.py
[2024-12-01T02:14:07.382+0000] {logging_mixin.py:190} INFO - [2024-12-01T02:14:07.381+0000] {dag.py:3239} INFO - Sync 1 DAGs
[2024-12-01T02:14:07.395+0000] {logging_mixin.py:190} INFO - [2024-12-01T02:14:07.395+0000] {dag.py:4180} INFO - Setting next_dagrun for example_local_kubernetes_executor to None, run_after=None
[2024-12-01T02:14:07.413+0000] {processor.py:208} INFO - Processing /home/airflow/.local/lib/python3.12/site-packages/airflow/example_dags/example_local_kubernetes_executor.py took 0.068 seconds
[2024-12-01T02:14:38.179+0000] {processor.py:186} INFO - Started process (PID=51030) to work on /home/airflow/.local/lib/python3.12/site-packages/airflow/example_dags/example_local_kubernetes_executor.py
[2024-12-01T02:14:38.180+0000] {processor.py:914} INFO - Processing file /home/airflow/.local/lib/python3.12/site-packages/airflow/example_dags/example_local_kubernetes_executor.py for tasks to queue
[2024-12-01T02:14:38.182+0000] {logging_mixin.py:190} INFO - [2024-12-01T02:14:38.182+0000] {dagbag.py:588} INFO - Filling up the DagBag from /home/airflow/.local/lib/python3.12/site-packages/airflow/example_dags/example_local_kubernetes_executor.py
[2024-12-01T02:14:38.191+0000] {processor.py:925} INFO - DAG(s) 'example_local_kubernetes_executor' retrieved from /home/airflow/.local/lib/python3.12/site-packages/airflow/example_dags/example_local_kubernetes_executor.py
[2024-12-01T02:14:38.209+0000] {logging_mixin.py:190} INFO - [2024-12-01T02:14:38.209+0000] {dag.py:3239} INFO - Sync 1 DAGs
[2024-12-01T02:14:38.223+0000] {logging_mixin.py:190} INFO - [2024-12-01T02:14:38.223+0000] {dag.py:4180} INFO - Setting next_dagrun for example_local_kubernetes_executor to None, run_after=None
[2024-12-01T02:14:38.241+0000] {processor.py:208} INFO - Processing /home/airflow/.local/lib/python3.12/site-packages/airflow/example_dags/example_local_kubernetes_executor.py took 0.068 seconds
[2024-12-01T02:15:09.138+0000] {processor.py:186} INFO - Started process (PID=51096) to work on /home/airflow/.local/lib/python3.12/site-packages/airflow/example_dags/example_local_kubernetes_executor.py
[2024-12-01T02:15:09.139+0000] {processor.py:914} INFO - Processing file /home/airflow/.local/lib/python3.12/site-packages/airflow/example_dags/example_local_kubernetes_executor.py for tasks to queue
[2024-12-01T02:15:09.141+0000] {logging_mixin.py:190} INFO - [2024-12-01T02:15:09.140+0000] {dagbag.py:588} INFO - Filling up the DagBag from /home/airflow/.local/lib/python3.12/site-packages/airflow/example_dags/example_local_kubernetes_executor.py
[2024-12-01T02:15:09.149+0000] {processor.py:925} INFO - DAG(s) 'example_local_kubernetes_executor' retrieved from /home/airflow/.local/lib/python3.12/site-packages/airflow/example_dags/example_local_kubernetes_executor.py
[2024-12-01T02:15:09.168+0000] {logging_mixin.py:190} INFO - [2024-12-01T02:15:09.168+0000] {dag.py:3239} INFO - Sync 1 DAGs
[2024-12-01T02:15:09.180+0000] {logging_mixin.py:190} INFO - [2024-12-01T02:15:09.180+0000] {dag.py:4180} INFO - Setting next_dagrun for example_local_kubernetes_executor to None, run_after=None
[2024-12-01T02:15:09.197+0000] {processor.py:208} INFO - Processing /home/airflow/.local/lib/python3.12/site-packages/airflow/example_dags/example_local_kubernetes_executor.py took 0.064 seconds
[2024-12-01T02:15:39.930+0000] {processor.py:186} INFO - Started process (PID=51162) to work on /home/airflow/.local/lib/python3.12/site-packages/airflow/example_dags/example_local_kubernetes_executor.py
[2024-12-01T02:15:39.931+0000] {processor.py:914} INFO - Processing file /home/airflow/.local/lib/python3.12/site-packages/airflow/example_dags/example_local_kubernetes_executor.py for tasks to queue
[2024-12-01T02:15:39.933+0000] {logging_mixin.py:190} INFO - [2024-12-01T02:15:39.933+0000] {dagbag.py:588} INFO - Filling up the DagBag from /home/airflow/.local/lib/python3.12/site-packages/airflow/example_dags/example_local_kubernetes_executor.py
[2024-12-01T02:15:39.942+0000] {processor.py:925} INFO - DAG(s) 'example_local_kubernetes_executor' retrieved from /home/airflow/.local/lib/python3.12/site-packages/airflow/example_dags/example_local_kubernetes_executor.py
[2024-12-01T02:15:39.962+0000] {logging_mixin.py:190} INFO - [2024-12-01T02:15:39.962+0000] {dag.py:3239} INFO - Sync 1 DAGs
[2024-12-01T02:15:39.976+0000] {logging_mixin.py:190} INFO - [2024-12-01T02:15:39.976+0000] {dag.py:4180} INFO - Setting next_dagrun for example_local_kubernetes_executor to None, run_after=None
[2024-12-01T02:15:39.992+0000] {processor.py:208} INFO - Processing /home/airflow/.local/lib/python3.12/site-packages/airflow/example_dags/example_local_kubernetes_executor.py took 0.067 seconds
[2024-12-01T02:16:10.820+0000] {processor.py:186} INFO - Started process (PID=51228) to work on /home/airflow/.local/lib/python3.12/site-packages/airflow/example_dags/example_local_kubernetes_executor.py
[2024-12-01T02:16:10.821+0000] {processor.py:914} INFO - Processing file /home/airflow/.local/lib/python3.12/site-packages/airflow/example_dags/example_local_kubernetes_executor.py for tasks to queue
[2024-12-01T02:16:10.824+0000] {logging_mixin.py:190} INFO - [2024-12-01T02:16:10.823+0000] {dagbag.py:588} INFO - Filling up the DagBag from /home/airflow/.local/lib/python3.12/site-packages/airflow/example_dags/example_local_kubernetes_executor.py
[2024-12-01T02:16:10.833+0000] {processor.py:925} INFO - DAG(s) 'example_local_kubernetes_executor' retrieved from /home/airflow/.local/lib/python3.12/site-packages/airflow/example_dags/example_local_kubernetes_executor.py
[2024-12-01T02:16:10.854+0000] {logging_mixin.py:190} INFO - [2024-12-01T02:16:10.854+0000] {dag.py:3239} INFO - Sync 1 DAGs
[2024-12-01T02:16:10.868+0000] {logging_mixin.py:190} INFO - [2024-12-01T02:16:10.868+0000] {dag.py:4180} INFO - Setting next_dagrun for example_local_kubernetes_executor to None, run_after=None
[2024-12-01T02:16:10.885+0000] {processor.py:208} INFO - Processing /home/airflow/.local/lib/python3.12/site-packages/airflow/example_dags/example_local_kubernetes_executor.py took 0.071 seconds
[2024-12-01T02:16:41.727+0000] {processor.py:186} INFO - Started process (PID=51294) to work on /home/airflow/.local/lib/python3.12/site-packages/airflow/example_dags/example_local_kubernetes_executor.py
[2024-12-01T02:16:41.728+0000] {processor.py:914} INFO - Processing file /home/airflow/.local/lib/python3.12/site-packages/airflow/example_dags/example_local_kubernetes_executor.py for tasks to queue
[2024-12-01T02:16:41.730+0000] {logging_mixin.py:190} INFO - [2024-12-01T02:16:41.730+0000] {dagbag.py:588} INFO - Filling up the DagBag from /home/airflow/.local/lib/python3.12/site-packages/airflow/example_dags/example_local_kubernetes_executor.py
[2024-12-01T02:16:41.739+0000] {processor.py:925} INFO - DAG(s) 'example_local_kubernetes_executor' retrieved from /home/airflow/.local/lib/python3.12/site-packages/airflow/example_dags/example_local_kubernetes_executor.py
[2024-12-01T02:16:41.759+0000] {logging_mixin.py:190} INFO - [2024-12-01T02:16:41.759+0000] {dag.py:3239} INFO - Sync 1 DAGs
[2024-12-01T02:16:41.772+0000] {logging_mixin.py:190} INFO - [2024-12-01T02:16:41.772+0000] {dag.py:4180} INFO - Setting next_dagrun for example_local_kubernetes_executor to None, run_after=None
[2024-12-01T02:16:41.791+0000] {processor.py:208} INFO - Processing /home/airflow/.local/lib/python3.12/site-packages/airflow/example_dags/example_local_kubernetes_executor.py took 0.069 seconds
[2024-12-01T02:17:12.791+0000] {processor.py:186} INFO - Started process (PID=51360) to work on /home/airflow/.local/lib/python3.12/site-packages/airflow/example_dags/example_local_kubernetes_executor.py
[2024-12-01T02:17:12.792+0000] {processor.py:914} INFO - Processing file /home/airflow/.local/lib/python3.12/site-packages/airflow/example_dags/example_local_kubernetes_executor.py for tasks to queue
[2024-12-01T02:17:12.794+0000] {logging_mixin.py:190} INFO - [2024-12-01T02:17:12.794+0000] {dagbag.py:588} INFO - Filling up the DagBag from /home/airflow/.local/lib/python3.12/site-packages/airflow/example_dags/example_local_kubernetes_executor.py
[2024-12-01T02:17:12.804+0000] {processor.py:925} INFO - DAG(s) 'example_local_kubernetes_executor' retrieved from /home/airflow/.local/lib/python3.12/site-packages/airflow/example_dags/example_local_kubernetes_executor.py
[2024-12-01T02:17:12.850+0000] {logging_mixin.py:190} INFO - [2024-12-01T02:17:12.849+0000] {dag.py:3239} INFO - Sync 1 DAGs
[2024-12-01T02:17:12.887+0000] {logging_mixin.py:190} INFO - [2024-12-01T02:17:12.887+0000] {dag.py:4180} INFO - Setting next_dagrun for example_local_kubernetes_executor to None, run_after=None
[2024-12-01T02:17:12.909+0000] {processor.py:208} INFO - Processing /home/airflow/.local/lib/python3.12/site-packages/airflow/example_dags/example_local_kubernetes_executor.py took 0.125 seconds
[2024-12-01T02:17:43.817+0000] {processor.py:186} INFO - Started process (PID=51426) to work on /home/airflow/.local/lib/python3.12/site-packages/airflow/example_dags/example_local_kubernetes_executor.py
[2024-12-01T02:17:43.818+0000] {processor.py:914} INFO - Processing file /home/airflow/.local/lib/python3.12/site-packages/airflow/example_dags/example_local_kubernetes_executor.py for tasks to queue
[2024-12-01T02:17:43.821+0000] {logging_mixin.py:190} INFO - [2024-12-01T02:17:43.820+0000] {dagbag.py:588} INFO - Filling up the DagBag from /home/airflow/.local/lib/python3.12/site-packages/airflow/example_dags/example_local_kubernetes_executor.py
[2024-12-01T02:17:43.831+0000] {processor.py:925} INFO - DAG(s) 'example_local_kubernetes_executor' retrieved from /home/airflow/.local/lib/python3.12/site-packages/airflow/example_dags/example_local_kubernetes_executor.py
[2024-12-01T02:17:43.851+0000] {logging_mixin.py:190} INFO - [2024-12-01T02:17:43.851+0000] {dag.py:3239} INFO - Sync 1 DAGs
[2024-12-01T02:17:43.864+0000] {logging_mixin.py:190} INFO - [2024-12-01T02:17:43.864+0000] {dag.py:4180} INFO - Setting next_dagrun for example_local_kubernetes_executor to None, run_after=None
[2024-12-01T02:17:43.881+0000] {processor.py:208} INFO - Processing /home/airflow/.local/lib/python3.12/site-packages/airflow/example_dags/example_local_kubernetes_executor.py took 0.069 seconds
[2024-12-01T02:18:14.904+0000] {processor.py:186} INFO - Started process (PID=51492) to work on /home/airflow/.local/lib/python3.12/site-packages/airflow/example_dags/example_local_kubernetes_executor.py
[2024-12-01T02:18:14.905+0000] {processor.py:914} INFO - Processing file /home/airflow/.local/lib/python3.12/site-packages/airflow/example_dags/example_local_kubernetes_executor.py for tasks to queue
[2024-12-01T02:18:14.908+0000] {logging_mixin.py:190} INFO - [2024-12-01T02:18:14.907+0000] {dagbag.py:588} INFO - Filling up the DagBag from /home/airflow/.local/lib/python3.12/site-packages/airflow/example_dags/example_local_kubernetes_executor.py
[2024-12-01T02:18:14.917+0000] {processor.py:925} INFO - DAG(s) 'example_local_kubernetes_executor' retrieved from /home/airflow/.local/lib/python3.12/site-packages/airflow/example_dags/example_local_kubernetes_executor.py
[2024-12-01T02:18:14.939+0000] {logging_mixin.py:190} INFO - [2024-12-01T02:18:14.939+0000] {dag.py:3239} INFO - Sync 1 DAGs
[2024-12-01T02:18:14.952+0000] {logging_mixin.py:190} INFO - [2024-12-01T02:18:14.952+0000] {dag.py:4180} INFO - Setting next_dagrun for example_local_kubernetes_executor to None, run_after=None
[2024-12-01T02:18:14.967+0000] {processor.py:208} INFO - Processing /home/airflow/.local/lib/python3.12/site-packages/airflow/example_dags/example_local_kubernetes_executor.py took 0.068 seconds
[2024-12-01T02:18:45.658+0000] {processor.py:186} INFO - Started process (PID=51558) to work on /home/airflow/.local/lib/python3.12/site-packages/airflow/example_dags/example_local_kubernetes_executor.py
[2024-12-01T02:18:45.660+0000] {processor.py:914} INFO - Processing file /home/airflow/.local/lib/python3.12/site-packages/airflow/example_dags/example_local_kubernetes_executor.py for tasks to queue
[2024-12-01T02:18:45.663+0000] {logging_mixin.py:190} INFO - [2024-12-01T02:18:45.663+0000] {dagbag.py:588} INFO - Filling up the DagBag from /home/airflow/.local/lib/python3.12/site-packages/airflow/example_dags/example_local_kubernetes_executor.py
[2024-12-01T02:18:45.673+0000] {processor.py:925} INFO - DAG(s) 'example_local_kubernetes_executor' retrieved from /home/airflow/.local/lib/python3.12/site-packages/airflow/example_dags/example_local_kubernetes_executor.py
[2024-12-01T02:18:45.694+0000] {logging_mixin.py:190} INFO - [2024-12-01T02:18:45.694+0000] {dag.py:3239} INFO - Sync 1 DAGs
[2024-12-01T02:18:45.712+0000] {logging_mixin.py:190} INFO - [2024-12-01T02:18:45.711+0000] {dag.py:4180} INFO - Setting next_dagrun for example_local_kubernetes_executor to None, run_after=None
[2024-12-01T02:18:45.728+0000] {processor.py:208} INFO - Processing /home/airflow/.local/lib/python3.12/site-packages/airflow/example_dags/example_local_kubernetes_executor.py took 0.075 seconds
[2024-12-01T02:19:16.762+0000] {processor.py:186} INFO - Started process (PID=51625) to work on /home/airflow/.local/lib/python3.12/site-packages/airflow/example_dags/example_local_kubernetes_executor.py
[2024-12-01T02:19:16.763+0000] {processor.py:914} INFO - Processing file /home/airflow/.local/lib/python3.12/site-packages/airflow/example_dags/example_local_kubernetes_executor.py for tasks to queue
[2024-12-01T02:19:16.765+0000] {logging_mixin.py:190} INFO - [2024-12-01T02:19:16.765+0000] {dagbag.py:588} INFO - Filling up the DagBag from /home/airflow/.local/lib/python3.12/site-packages/airflow/example_dags/example_local_kubernetes_executor.py
[2024-12-01T02:19:16.776+0000] {processor.py:925} INFO - DAG(s) 'example_local_kubernetes_executor' retrieved from /home/airflow/.local/lib/python3.12/site-packages/airflow/example_dags/example_local_kubernetes_executor.py
[2024-12-01T02:19:16.800+0000] {logging_mixin.py:190} INFO - [2024-12-01T02:19:16.800+0000] {dag.py:3239} INFO - Sync 1 DAGs
[2024-12-01T02:19:16.813+0000] {logging_mixin.py:190} INFO - [2024-12-01T02:19:16.813+0000] {dag.py:4180} INFO - Setting next_dagrun for example_local_kubernetes_executor to None, run_after=None
[2024-12-01T02:19:16.830+0000] {processor.py:208} INFO - Processing /home/airflow/.local/lib/python3.12/site-packages/airflow/example_dags/example_local_kubernetes_executor.py took 0.074 seconds
[2024-12-01T02:19:47.695+0000] {processor.py:186} INFO - Started process (PID=51691) to work on /home/airflow/.local/lib/python3.12/site-packages/airflow/example_dags/example_local_kubernetes_executor.py
[2024-12-01T02:19:47.696+0000] {processor.py:914} INFO - Processing file /home/airflow/.local/lib/python3.12/site-packages/airflow/example_dags/example_local_kubernetes_executor.py for tasks to queue
[2024-12-01T02:19:47.699+0000] {logging_mixin.py:190} INFO - [2024-12-01T02:19:47.698+0000] {dagbag.py:588} INFO - Filling up the DagBag from /home/airflow/.local/lib/python3.12/site-packages/airflow/example_dags/example_local_kubernetes_executor.py
[2024-12-01T02:19:47.708+0000] {processor.py:925} INFO - DAG(s) 'example_local_kubernetes_executor' retrieved from /home/airflow/.local/lib/python3.12/site-packages/airflow/example_dags/example_local_kubernetes_executor.py
[2024-12-01T02:19:47.727+0000] {logging_mixin.py:190} INFO - [2024-12-01T02:19:47.727+0000] {dag.py:3239} INFO - Sync 1 DAGs
[2024-12-01T02:19:47.741+0000] {logging_mixin.py:190} INFO - [2024-12-01T02:19:47.741+0000] {dag.py:4180} INFO - Setting next_dagrun for example_local_kubernetes_executor to None, run_after=None
[2024-12-01T02:19:47.757+0000] {processor.py:208} INFO - Processing /home/airflow/.local/lib/python3.12/site-packages/airflow/example_dags/example_local_kubernetes_executor.py took 0.070 seconds
[2024-12-01T02:20:18.845+0000] {processor.py:186} INFO - Started process (PID=51757) to work on /home/airflow/.local/lib/python3.12/site-packages/airflow/example_dags/example_local_kubernetes_executor.py
[2024-12-01T02:20:18.846+0000] {processor.py:914} INFO - Processing file /home/airflow/.local/lib/python3.12/site-packages/airflow/example_dags/example_local_kubernetes_executor.py for tasks to queue
[2024-12-01T02:20:18.848+0000] {logging_mixin.py:190} INFO - [2024-12-01T02:20:18.848+0000] {dagbag.py:588} INFO - Filling up the DagBag from /home/airflow/.local/lib/python3.12/site-packages/airflow/example_dags/example_local_kubernetes_executor.py
[2024-12-01T02:20:18.857+0000] {processor.py:925} INFO - DAG(s) 'example_local_kubernetes_executor' retrieved from /home/airflow/.local/lib/python3.12/site-packages/airflow/example_dags/example_local_kubernetes_executor.py
[2024-12-01T02:20:18.877+0000] {logging_mixin.py:190} INFO - [2024-12-01T02:20:18.877+0000] {dag.py:3239} INFO - Sync 1 DAGs
[2024-12-01T02:20:18.890+0000] {logging_mixin.py:190} INFO - [2024-12-01T02:20:18.890+0000] {dag.py:4180} INFO - Setting next_dagrun for example_local_kubernetes_executor to None, run_after=None
[2024-12-01T02:20:18.905+0000] {processor.py:208} INFO - Processing /home/airflow/.local/lib/python3.12/site-packages/airflow/example_dags/example_local_kubernetes_executor.py took 0.065 seconds
[2024-12-01T02:20:50.368+0000] {processor.py:186} INFO - Started process (PID=51823) to work on /home/airflow/.local/lib/python3.12/site-packages/airflow/example_dags/example_local_kubernetes_executor.py
[2024-12-01T02:20:50.369+0000] {processor.py:914} INFO - Processing file /home/airflow/.local/lib/python3.12/site-packages/airflow/example_dags/example_local_kubernetes_executor.py for tasks to queue
[2024-12-01T02:20:50.371+0000] {logging_mixin.py:190} INFO - [2024-12-01T02:20:50.371+0000] {dagbag.py:588} INFO - Filling up the DagBag from /home/airflow/.local/lib/python3.12/site-packages/airflow/example_dags/example_local_kubernetes_executor.py
[2024-12-01T02:20:50.381+0000] {processor.py:925} INFO - DAG(s) 'example_local_kubernetes_executor' retrieved from /home/airflow/.local/lib/python3.12/site-packages/airflow/example_dags/example_local_kubernetes_executor.py
[2024-12-01T02:20:50.404+0000] {logging_mixin.py:190} INFO - [2024-12-01T02:20:50.404+0000] {dag.py:3239} INFO - Sync 1 DAGs
[2024-12-01T02:20:50.423+0000] {logging_mixin.py:190} INFO - [2024-12-01T02:20:50.423+0000] {dag.py:4180} INFO - Setting next_dagrun for example_local_kubernetes_executor to None, run_after=None
[2024-12-01T02:20:50.443+0000] {processor.py:208} INFO - Processing /home/airflow/.local/lib/python3.12/site-packages/airflow/example_dags/example_local_kubernetes_executor.py took 0.080 seconds
[2024-12-01T02:21:22.619+0000] {processor.py:186} INFO - Started process (PID=51889) to work on /home/airflow/.local/lib/python3.12/site-packages/airflow/example_dags/example_local_kubernetes_executor.py
[2024-12-01T02:21:22.620+0000] {processor.py:914} INFO - Processing file /home/airflow/.local/lib/python3.12/site-packages/airflow/example_dags/example_local_kubernetes_executor.py for tasks to queue
[2024-12-01T02:21:22.622+0000] {logging_mixin.py:190} INFO - [2024-12-01T02:21:22.621+0000] {dagbag.py:588} INFO - Filling up the DagBag from /home/airflow/.local/lib/python3.12/site-packages/airflow/example_dags/example_local_kubernetes_executor.py
[2024-12-01T02:21:22.631+0000] {processor.py:925} INFO - DAG(s) 'example_local_kubernetes_executor' retrieved from /home/airflow/.local/lib/python3.12/site-packages/airflow/example_dags/example_local_kubernetes_executor.py
[2024-12-01T02:21:22.650+0000] {logging_mixin.py:190} INFO - [2024-12-01T02:21:22.650+0000] {dag.py:3239} INFO - Sync 1 DAGs
[2024-12-01T02:21:22.663+0000] {logging_mixin.py:190} INFO - [2024-12-01T02:21:22.663+0000] {dag.py:4180} INFO - Setting next_dagrun for example_local_kubernetes_executor to None, run_after=None
[2024-12-01T02:21:22.679+0000] {processor.py:208} INFO - Processing /home/airflow/.local/lib/python3.12/site-packages/airflow/example_dags/example_local_kubernetes_executor.py took 0.065 seconds
[2024-12-01T02:21:53.996+0000] {processor.py:186} INFO - Started process (PID=51955) to work on /home/airflow/.local/lib/python3.12/site-packages/airflow/example_dags/example_local_kubernetes_executor.py
[2024-12-01T02:21:53.997+0000] {processor.py:914} INFO - Processing file /home/airflow/.local/lib/python3.12/site-packages/airflow/example_dags/example_local_kubernetes_executor.py for tasks to queue
[2024-12-01T02:21:53.999+0000] {logging_mixin.py:190} INFO - [2024-12-01T02:21:53.999+0000] {dagbag.py:588} INFO - Filling up the DagBag from /home/airflow/.local/lib/python3.12/site-packages/airflow/example_dags/example_local_kubernetes_executor.py
[2024-12-01T02:21:54.008+0000] {processor.py:925} INFO - DAG(s) 'example_local_kubernetes_executor' retrieved from /home/airflow/.local/lib/python3.12/site-packages/airflow/example_dags/example_local_kubernetes_executor.py
[2024-12-01T02:21:54.027+0000] {logging_mixin.py:190} INFO - [2024-12-01T02:21:54.027+0000] {dag.py:3239} INFO - Sync 1 DAGs
[2024-12-01T02:21:54.183+0000] {logging_mixin.py:190} INFO - [2024-12-01T02:21:54.183+0000] {dag.py:4180} INFO - Setting next_dagrun for example_local_kubernetes_executor to None, run_after=None
[2024-12-01T02:21:54.200+0000] {processor.py:208} INFO - Processing /home/airflow/.local/lib/python3.12/site-packages/airflow/example_dags/example_local_kubernetes_executor.py took 0.209 seconds
[2024-12-01T02:22:24.535+0000] {processor.py:186} INFO - Started process (PID=52021) to work on /home/airflow/.local/lib/python3.12/site-packages/airflow/example_dags/example_local_kubernetes_executor.py
[2024-12-01T02:22:24.536+0000] {processor.py:914} INFO - Processing file /home/airflow/.local/lib/python3.12/site-packages/airflow/example_dags/example_local_kubernetes_executor.py for tasks to queue
[2024-12-01T02:22:24.538+0000] {logging_mixin.py:190} INFO - [2024-12-01T02:22:24.538+0000] {dagbag.py:588} INFO - Filling up the DagBag from /home/airflow/.local/lib/python3.12/site-packages/airflow/example_dags/example_local_kubernetes_executor.py
[2024-12-01T02:22:24.547+0000] {processor.py:925} INFO - DAG(s) 'example_local_kubernetes_executor' retrieved from /home/airflow/.local/lib/python3.12/site-packages/airflow/example_dags/example_local_kubernetes_executor.py
[2024-12-01T02:22:24.566+0000] {logging_mixin.py:190} INFO - [2024-12-01T02:22:24.566+0000] {dag.py:3239} INFO - Sync 1 DAGs
[2024-12-01T02:22:24.579+0000] {logging_mixin.py:190} INFO - [2024-12-01T02:22:24.579+0000] {dag.py:4180} INFO - Setting next_dagrun for example_local_kubernetes_executor to None, run_after=None
[2024-12-01T02:22:24.597+0000] {processor.py:208} INFO - Processing /home/airflow/.local/lib/python3.12/site-packages/airflow/example_dags/example_local_kubernetes_executor.py took 0.067 seconds
[2024-12-01T02:22:55.391+0000] {processor.py:186} INFO - Started process (PID=52087) to work on /home/airflow/.local/lib/python3.12/site-packages/airflow/example_dags/example_local_kubernetes_executor.py
[2024-12-01T02:22:55.391+0000] {processor.py:914} INFO - Processing file /home/airflow/.local/lib/python3.12/site-packages/airflow/example_dags/example_local_kubernetes_executor.py for tasks to queue
[2024-12-01T02:22:55.394+0000] {logging_mixin.py:190} INFO - [2024-12-01T02:22:55.393+0000] {dagbag.py:588} INFO - Filling up the DagBag from /home/airflow/.local/lib/python3.12/site-packages/airflow/example_dags/example_local_kubernetes_executor.py
[2024-12-01T02:22:55.403+0000] {processor.py:925} INFO - DAG(s) 'example_local_kubernetes_executor' retrieved from /home/airflow/.local/lib/python3.12/site-packages/airflow/example_dags/example_local_kubernetes_executor.py
[2024-12-01T02:22:55.423+0000] {logging_mixin.py:190} INFO - [2024-12-01T02:22:55.423+0000] {dag.py:3239} INFO - Sync 1 DAGs
[2024-12-01T02:22:55.436+0000] {logging_mixin.py:190} INFO - [2024-12-01T02:22:55.436+0000] {dag.py:4180} INFO - Setting next_dagrun for example_local_kubernetes_executor to None, run_after=None
[2024-12-01T02:22:55.452+0000] {processor.py:208} INFO - Processing /home/airflow/.local/lib/python3.12/site-packages/airflow/example_dags/example_local_kubernetes_executor.py took 0.067 seconds
[2024-12-01T02:23:25.749+0000] {processor.py:186} INFO - Started process (PID=52153) to work on /home/airflow/.local/lib/python3.12/site-packages/airflow/example_dags/example_local_kubernetes_executor.py
[2024-12-01T02:23:25.750+0000] {processor.py:914} INFO - Processing file /home/airflow/.local/lib/python3.12/site-packages/airflow/example_dags/example_local_kubernetes_executor.py for tasks to queue
[2024-12-01T02:23:25.753+0000] {logging_mixin.py:190} INFO - [2024-12-01T02:23:25.753+0000] {dagbag.py:588} INFO - Filling up the DagBag from /home/airflow/.local/lib/python3.12/site-packages/airflow/example_dags/example_local_kubernetes_executor.py
[2024-12-01T02:23:25.762+0000] {processor.py:925} INFO - DAG(s) 'example_local_kubernetes_executor' retrieved from /home/airflow/.local/lib/python3.12/site-packages/airflow/example_dags/example_local_kubernetes_executor.py
[2024-12-01T02:23:25.781+0000] {logging_mixin.py:190} INFO - [2024-12-01T02:23:25.781+0000] {dag.py:3239} INFO - Sync 1 DAGs
[2024-12-01T02:23:25.794+0000] {logging_mixin.py:190} INFO - [2024-12-01T02:23:25.794+0000] {dag.py:4180} INFO - Setting next_dagrun for example_local_kubernetes_executor to None, run_after=None
[2024-12-01T02:23:25.810+0000] {processor.py:208} INFO - Processing /home/airflow/.local/lib/python3.12/site-packages/airflow/example_dags/example_local_kubernetes_executor.py took 0.066 seconds
[2024-12-01T02:23:56.071+0000] {processor.py:186} INFO - Started process (PID=52218) to work on /home/airflow/.local/lib/python3.12/site-packages/airflow/example_dags/example_local_kubernetes_executor.py
[2024-12-01T02:23:56.071+0000] {processor.py:914} INFO - Processing file /home/airflow/.local/lib/python3.12/site-packages/airflow/example_dags/example_local_kubernetes_executor.py for tasks to queue
[2024-12-01T02:23:56.074+0000] {logging_mixin.py:190} INFO - [2024-12-01T02:23:56.073+0000] {dagbag.py:588} INFO - Filling up the DagBag from /home/airflow/.local/lib/python3.12/site-packages/airflow/example_dags/example_local_kubernetes_executor.py
[2024-12-01T02:23:56.083+0000] {processor.py:925} INFO - DAG(s) 'example_local_kubernetes_executor' retrieved from /home/airflow/.local/lib/python3.12/site-packages/airflow/example_dags/example_local_kubernetes_executor.py
[2024-12-01T02:23:56.101+0000] {logging_mixin.py:190} INFO - [2024-12-01T02:23:56.101+0000] {dag.py:3239} INFO - Sync 1 DAGs
[2024-12-01T02:23:56.114+0000] {logging_mixin.py:190} INFO - [2024-12-01T02:23:56.114+0000] {dag.py:4180} INFO - Setting next_dagrun for example_local_kubernetes_executor to None, run_after=None
[2024-12-01T02:23:56.129+0000] {processor.py:208} INFO - Processing /home/airflow/.local/lib/python3.12/site-packages/airflow/example_dags/example_local_kubernetes_executor.py took 0.064 seconds
[2024-12-01T02:24:27.526+0000] {processor.py:186} INFO - Started process (PID=52285) to work on /home/airflow/.local/lib/python3.12/site-packages/airflow/example_dags/example_local_kubernetes_executor.py
[2024-12-01T02:24:27.527+0000] {processor.py:914} INFO - Processing file /home/airflow/.local/lib/python3.12/site-packages/airflow/example_dags/example_local_kubernetes_executor.py for tasks to queue
[2024-12-01T02:24:27.530+0000] {logging_mixin.py:190} INFO - [2024-12-01T02:24:27.529+0000] {dagbag.py:588} INFO - Filling up the DagBag from /home/airflow/.local/lib/python3.12/site-packages/airflow/example_dags/example_local_kubernetes_executor.py
[2024-12-01T02:24:27.538+0000] {processor.py:925} INFO - DAG(s) 'example_local_kubernetes_executor' retrieved from /home/airflow/.local/lib/python3.12/site-packages/airflow/example_dags/example_local_kubernetes_executor.py
[2024-12-01T02:24:27.558+0000] {logging_mixin.py:190} INFO - [2024-12-01T02:24:27.558+0000] {dag.py:3239} INFO - Sync 1 DAGs
[2024-12-01T02:24:27.571+0000] {logging_mixin.py:190} INFO - [2024-12-01T02:24:27.571+0000] {dag.py:4180} INFO - Setting next_dagrun for example_local_kubernetes_executor to None, run_after=None
[2024-12-01T02:24:27.586+0000] {processor.py:208} INFO - Processing /home/airflow/.local/lib/python3.12/site-packages/airflow/example_dags/example_local_kubernetes_executor.py took 0.066 seconds
[2024-12-01T02:24:59.051+0000] {processor.py:186} INFO - Started process (PID=52351) to work on /home/airflow/.local/lib/python3.12/site-packages/airflow/example_dags/example_local_kubernetes_executor.py
[2024-12-01T02:24:59.052+0000] {processor.py:914} INFO - Processing file /home/airflow/.local/lib/python3.12/site-packages/airflow/example_dags/example_local_kubernetes_executor.py for tasks to queue
[2024-12-01T02:24:59.054+0000] {logging_mixin.py:190} INFO - [2024-12-01T02:24:59.053+0000] {dagbag.py:588} INFO - Filling up the DagBag from /home/airflow/.local/lib/python3.12/site-packages/airflow/example_dags/example_local_kubernetes_executor.py
[2024-12-01T02:24:59.063+0000] {processor.py:925} INFO - DAG(s) 'example_local_kubernetes_executor' retrieved from /home/airflow/.local/lib/python3.12/site-packages/airflow/example_dags/example_local_kubernetes_executor.py
[2024-12-01T02:24:59.083+0000] {logging_mixin.py:190} INFO - [2024-12-01T02:24:59.083+0000] {dag.py:3239} INFO - Sync 1 DAGs
[2024-12-01T02:24:59.096+0000] {logging_mixin.py:190} INFO - [2024-12-01T02:24:59.096+0000] {dag.py:4180} INFO - Setting next_dagrun for example_local_kubernetes_executor to None, run_after=None
[2024-12-01T02:24:59.114+0000] {processor.py:208} INFO - Processing /home/airflow/.local/lib/python3.12/site-packages/airflow/example_dags/example_local_kubernetes_executor.py took 0.071 seconds
[2024-12-01T02:25:29.542+0000] {processor.py:186} INFO - Started process (PID=52417) to work on /home/airflow/.local/lib/python3.12/site-packages/airflow/example_dags/example_local_kubernetes_executor.py
[2024-12-01T02:25:29.543+0000] {processor.py:914} INFO - Processing file /home/airflow/.local/lib/python3.12/site-packages/airflow/example_dags/example_local_kubernetes_executor.py for tasks to queue
[2024-12-01T02:25:29.546+0000] {logging_mixin.py:190} INFO - [2024-12-01T02:25:29.545+0000] {dagbag.py:588} INFO - Filling up the DagBag from /home/airflow/.local/lib/python3.12/site-packages/airflow/example_dags/example_local_kubernetes_executor.py
[2024-12-01T02:25:29.554+0000] {processor.py:925} INFO - DAG(s) 'example_local_kubernetes_executor' retrieved from /home/airflow/.local/lib/python3.12/site-packages/airflow/example_dags/example_local_kubernetes_executor.py
[2024-12-01T02:25:29.573+0000] {logging_mixin.py:190} INFO - [2024-12-01T02:25:29.573+0000] {dag.py:3239} INFO - Sync 1 DAGs
[2024-12-01T02:25:29.586+0000] {logging_mixin.py:190} INFO - [2024-12-01T02:25:29.586+0000] {dag.py:4180} INFO - Setting next_dagrun for example_local_kubernetes_executor to None, run_after=None
[2024-12-01T02:25:29.604+0000] {processor.py:208} INFO - Processing /home/airflow/.local/lib/python3.12/site-packages/airflow/example_dags/example_local_kubernetes_executor.py took 0.070 seconds
[2024-12-01T02:26:00.325+0000] {processor.py:186} INFO - Started process (PID=52489) to work on /home/airflow/.local/lib/python3.12/site-packages/airflow/example_dags/example_local_kubernetes_executor.py
[2024-12-01T02:26:00.326+0000] {processor.py:914} INFO - Processing file /home/airflow/.local/lib/python3.12/site-packages/airflow/example_dags/example_local_kubernetes_executor.py for tasks to queue
[2024-12-01T02:26:00.328+0000] {logging_mixin.py:190} INFO - [2024-12-01T02:26:00.328+0000] {dagbag.py:588} INFO - Filling up the DagBag from /home/airflow/.local/lib/python3.12/site-packages/airflow/example_dags/example_local_kubernetes_executor.py
[2024-12-01T02:26:00.337+0000] {processor.py:925} INFO - DAG(s) 'example_local_kubernetes_executor' retrieved from /home/airflow/.local/lib/python3.12/site-packages/airflow/example_dags/example_local_kubernetes_executor.py
[2024-12-01T02:26:00.357+0000] {logging_mixin.py:190} INFO - [2024-12-01T02:26:00.357+0000] {dag.py:3239} INFO - Sync 1 DAGs
[2024-12-01T02:26:00.370+0000] {logging_mixin.py:190} INFO - [2024-12-01T02:26:00.370+0000] {dag.py:4180} INFO - Setting next_dagrun for example_local_kubernetes_executor to None, run_after=None
[2024-12-01T02:26:00.388+0000] {processor.py:208} INFO - Processing /home/airflow/.local/lib/python3.12/site-packages/airflow/example_dags/example_local_kubernetes_executor.py took 0.067 seconds
[2024-12-01T02:26:30.926+0000] {processor.py:186} INFO - Started process (PID=52555) to work on /home/airflow/.local/lib/python3.12/site-packages/airflow/example_dags/example_local_kubernetes_executor.py
[2024-12-01T02:26:30.927+0000] {processor.py:914} INFO - Processing file /home/airflow/.local/lib/python3.12/site-packages/airflow/example_dags/example_local_kubernetes_executor.py for tasks to queue
[2024-12-01T02:26:30.929+0000] {logging_mixin.py:190} INFO - [2024-12-01T02:26:30.929+0000] {dagbag.py:588} INFO - Filling up the DagBag from /home/airflow/.local/lib/python3.12/site-packages/airflow/example_dags/example_local_kubernetes_executor.py
[2024-12-01T02:26:30.938+0000] {processor.py:925} INFO - DAG(s) 'example_local_kubernetes_executor' retrieved from /home/airflow/.local/lib/python3.12/site-packages/airflow/example_dags/example_local_kubernetes_executor.py
[2024-12-01T02:26:30.957+0000] {logging_mixin.py:190} INFO - [2024-12-01T02:26:30.956+0000] {dag.py:3239} INFO - Sync 1 DAGs
[2024-12-01T02:26:30.970+0000] {logging_mixin.py:190} INFO - [2024-12-01T02:26:30.970+0000] {dag.py:4180} INFO - Setting next_dagrun for example_local_kubernetes_executor to None, run_after=None
[2024-12-01T02:26:30.986+0000] {processor.py:208} INFO - Processing /home/airflow/.local/lib/python3.12/site-packages/airflow/example_dags/example_local_kubernetes_executor.py took 0.065 seconds
[2024-12-01T02:27:01.318+0000] {processor.py:186} INFO - Started process (PID=52620) to work on /home/airflow/.local/lib/python3.12/site-packages/airflow/example_dags/example_local_kubernetes_executor.py
[2024-12-01T02:27:01.319+0000] {processor.py:914} INFO - Processing file /home/airflow/.local/lib/python3.12/site-packages/airflow/example_dags/example_local_kubernetes_executor.py for tasks to queue
[2024-12-01T02:27:01.321+0000] {logging_mixin.py:190} INFO - [2024-12-01T02:27:01.321+0000] {dagbag.py:588} INFO - Filling up the DagBag from /home/airflow/.local/lib/python3.12/site-packages/airflow/example_dags/example_local_kubernetes_executor.py
[2024-12-01T02:27:01.331+0000] {processor.py:925} INFO - DAG(s) 'example_local_kubernetes_executor' retrieved from /home/airflow/.local/lib/python3.12/site-packages/airflow/example_dags/example_local_kubernetes_executor.py
[2024-12-01T02:27:01.350+0000] {logging_mixin.py:190} INFO - [2024-12-01T02:27:01.349+0000] {dag.py:3239} INFO - Sync 1 DAGs
[2024-12-01T02:27:01.363+0000] {logging_mixin.py:190} INFO - [2024-12-01T02:27:01.362+0000] {dag.py:4180} INFO - Setting next_dagrun for example_local_kubernetes_executor to None, run_after=None
[2024-12-01T02:27:01.380+0000] {processor.py:208} INFO - Processing /home/airflow/.local/lib/python3.12/site-packages/airflow/example_dags/example_local_kubernetes_executor.py took 0.068 seconds
[2024-12-01T02:27:31.784+0000] {processor.py:186} INFO - Started process (PID=52686) to work on /home/airflow/.local/lib/python3.12/site-packages/airflow/example_dags/example_local_kubernetes_executor.py
[2024-12-01T02:27:31.785+0000] {processor.py:914} INFO - Processing file /home/airflow/.local/lib/python3.12/site-packages/airflow/example_dags/example_local_kubernetes_executor.py for tasks to queue
[2024-12-01T02:27:31.787+0000] {logging_mixin.py:190} INFO - [2024-12-01T02:27:31.787+0000] {dagbag.py:588} INFO - Filling up the DagBag from /home/airflow/.local/lib/python3.12/site-packages/airflow/example_dags/example_local_kubernetes_executor.py
[2024-12-01T02:27:31.799+0000] {processor.py:925} INFO - DAG(s) 'example_local_kubernetes_executor' retrieved from /home/airflow/.local/lib/python3.12/site-packages/airflow/example_dags/example_local_kubernetes_executor.py
[2024-12-01T02:27:31.818+0000] {logging_mixin.py:190} INFO - [2024-12-01T02:27:31.818+0000] {dag.py:3239} INFO - Sync 1 DAGs
[2024-12-01T02:27:31.831+0000] {logging_mixin.py:190} INFO - [2024-12-01T02:27:31.831+0000] {dag.py:4180} INFO - Setting next_dagrun for example_local_kubernetes_executor to None, run_after=None
[2024-12-01T02:27:31.847+0000] {processor.py:208} INFO - Processing /home/airflow/.local/lib/python3.12/site-packages/airflow/example_dags/example_local_kubernetes_executor.py took 0.069 seconds
[2024-12-01T02:28:03.379+0000] {processor.py:186} INFO - Started process (PID=52753) to work on /home/airflow/.local/lib/python3.12/site-packages/airflow/example_dags/example_local_kubernetes_executor.py
[2024-12-01T02:28:03.380+0000] {processor.py:914} INFO - Processing file /home/airflow/.local/lib/python3.12/site-packages/airflow/example_dags/example_local_kubernetes_executor.py for tasks to queue
[2024-12-01T02:28:03.383+0000] {logging_mixin.py:190} INFO - [2024-12-01T02:28:03.382+0000] {dagbag.py:588} INFO - Filling up the DagBag from /home/airflow/.local/lib/python3.12/site-packages/airflow/example_dags/example_local_kubernetes_executor.py
[2024-12-01T02:28:03.394+0000] {processor.py:925} INFO - DAG(s) 'example_local_kubernetes_executor' retrieved from /home/airflow/.local/lib/python3.12/site-packages/airflow/example_dags/example_local_kubernetes_executor.py
[2024-12-01T02:28:03.413+0000] {logging_mixin.py:190} INFO - [2024-12-01T02:28:03.413+0000] {dag.py:3239} INFO - Sync 1 DAGs
[2024-12-01T02:28:03.426+0000] {logging_mixin.py:190} INFO - [2024-12-01T02:28:03.426+0000] {dag.py:4180} INFO - Setting next_dagrun for example_local_kubernetes_executor to None, run_after=None
[2024-12-01T02:28:03.441+0000] {processor.py:208} INFO - Processing /home/airflow/.local/lib/python3.12/site-packages/airflow/example_dags/example_local_kubernetes_executor.py took 0.068 seconds
[2024-12-01T02:28:33.908+0000] {processor.py:186} INFO - Started process (PID=52819) to work on /home/airflow/.local/lib/python3.12/site-packages/airflow/example_dags/example_local_kubernetes_executor.py
[2024-12-01T02:28:33.909+0000] {processor.py:914} INFO - Processing file /home/airflow/.local/lib/python3.12/site-packages/airflow/example_dags/example_local_kubernetes_executor.py for tasks to queue
[2024-12-01T02:28:33.911+0000] {logging_mixin.py:190} INFO - [2024-12-01T02:28:33.911+0000] {dagbag.py:588} INFO - Filling up the DagBag from /home/airflow/.local/lib/python3.12/site-packages/airflow/example_dags/example_local_kubernetes_executor.py
[2024-12-01T02:28:33.921+0000] {processor.py:925} INFO - DAG(s) 'example_local_kubernetes_executor' retrieved from /home/airflow/.local/lib/python3.12/site-packages/airflow/example_dags/example_local_kubernetes_executor.py
[2024-12-01T02:28:33.943+0000] {logging_mixin.py:190} INFO - [2024-12-01T02:28:33.943+0000] {dag.py:3239} INFO - Sync 1 DAGs
[2024-12-01T02:28:33.956+0000] {logging_mixin.py:190} INFO - [2024-12-01T02:28:33.956+0000] {dag.py:4180} INFO - Setting next_dagrun for example_local_kubernetes_executor to None, run_after=None
[2024-12-01T02:28:33.972+0000] {processor.py:208} INFO - Processing /home/airflow/.local/lib/python3.12/site-packages/airflow/example_dags/example_local_kubernetes_executor.py took 0.070 seconds
[2024-12-01T02:29:04.544+0000] {processor.py:186} INFO - Started process (PID=52885) to work on /home/airflow/.local/lib/python3.12/site-packages/airflow/example_dags/example_local_kubernetes_executor.py
[2024-12-01T02:29:04.546+0000] {processor.py:914} INFO - Processing file /home/airflow/.local/lib/python3.12/site-packages/airflow/example_dags/example_local_kubernetes_executor.py for tasks to queue
[2024-12-01T02:29:04.549+0000] {logging_mixin.py:190} INFO - [2024-12-01T02:29:04.548+0000] {dagbag.py:588} INFO - Filling up the DagBag from /home/airflow/.local/lib/python3.12/site-packages/airflow/example_dags/example_local_kubernetes_executor.py
[2024-12-01T02:29:04.571+0000] {processor.py:925} INFO - DAG(s) 'example_local_kubernetes_executor' retrieved from /home/airflow/.local/lib/python3.12/site-packages/airflow/example_dags/example_local_kubernetes_executor.py
[2024-12-01T02:29:04.616+0000] {logging_mixin.py:190} INFO - [2024-12-01T02:29:04.615+0000] {dag.py:3239} INFO - Sync 1 DAGs
[2024-12-01T02:29:04.651+0000] {logging_mixin.py:190} INFO - [2024-12-01T02:29:04.651+0000] {dag.py:4180} INFO - Setting next_dagrun for example_local_kubernetes_executor to None, run_after=None
[2024-12-01T02:29:04.688+0000] {processor.py:208} INFO - Processing /home/airflow/.local/lib/python3.12/site-packages/airflow/example_dags/example_local_kubernetes_executor.py took 0.154 seconds
[2024-12-01T02:29:35.140+0000] {processor.py:186} INFO - Started process (PID=52951) to work on /home/airflow/.local/lib/python3.12/site-packages/airflow/example_dags/example_local_kubernetes_executor.py
[2024-12-01T02:29:35.141+0000] {processor.py:914} INFO - Processing file /home/airflow/.local/lib/python3.12/site-packages/airflow/example_dags/example_local_kubernetes_executor.py for tasks to queue
[2024-12-01T02:29:35.143+0000] {logging_mixin.py:190} INFO - [2024-12-01T02:29:35.142+0000] {dagbag.py:588} INFO - Filling up the DagBag from /home/airflow/.local/lib/python3.12/site-packages/airflow/example_dags/example_local_kubernetes_executor.py
[2024-12-01T02:29:35.152+0000] {processor.py:925} INFO - DAG(s) 'example_local_kubernetes_executor' retrieved from /home/airflow/.local/lib/python3.12/site-packages/airflow/example_dags/example_local_kubernetes_executor.py
[2024-12-01T02:29:35.171+0000] {logging_mixin.py:190} INFO - [2024-12-01T02:29:35.171+0000] {dag.py:3239} INFO - Sync 1 DAGs
[2024-12-01T02:29:35.184+0000] {logging_mixin.py:190} INFO - [2024-12-01T02:29:35.184+0000] {dag.py:4180} INFO - Setting next_dagrun for example_local_kubernetes_executor to None, run_after=None
[2024-12-01T02:29:35.201+0000] {processor.py:208} INFO - Processing /home/airflow/.local/lib/python3.12/site-packages/airflow/example_dags/example_local_kubernetes_executor.py took 0.067 seconds
[2024-12-01T02:30:06.431+0000] {processor.py:186} INFO - Started process (PID=53017) to work on /home/airflow/.local/lib/python3.12/site-packages/airflow/example_dags/example_local_kubernetes_executor.py
[2024-12-01T02:30:06.432+0000] {processor.py:914} INFO - Processing file /home/airflow/.local/lib/python3.12/site-packages/airflow/example_dags/example_local_kubernetes_executor.py for tasks to queue
[2024-12-01T02:30:06.434+0000] {logging_mixin.py:190} INFO - [2024-12-01T02:30:06.434+0000] {dagbag.py:588} INFO - Filling up the DagBag from /home/airflow/.local/lib/python3.12/site-packages/airflow/example_dags/example_local_kubernetes_executor.py
[2024-12-01T02:30:06.444+0000] {processor.py:925} INFO - DAG(s) 'example_local_kubernetes_executor' retrieved from /home/airflow/.local/lib/python3.12/site-packages/airflow/example_dags/example_local_kubernetes_executor.py
[2024-12-01T02:30:06.464+0000] {logging_mixin.py:190} INFO - [2024-12-01T02:30:06.464+0000] {dag.py:3239} INFO - Sync 1 DAGs
[2024-12-01T02:30:06.480+0000] {logging_mixin.py:190} INFO - [2024-12-01T02:30:06.480+0000] {dag.py:4180} INFO - Setting next_dagrun for example_local_kubernetes_executor to None, run_after=None
[2024-12-01T02:30:06.496+0000] {processor.py:208} INFO - Processing /home/airflow/.local/lib/python3.12/site-packages/airflow/example_dags/example_local_kubernetes_executor.py took 0.071 seconds
[2024-12-01T02:30:37.232+0000] {processor.py:186} INFO - Started process (PID=53083) to work on /home/airflow/.local/lib/python3.12/site-packages/airflow/example_dags/example_local_kubernetes_executor.py
[2024-12-01T02:30:37.233+0000] {processor.py:914} INFO - Processing file /home/airflow/.local/lib/python3.12/site-packages/airflow/example_dags/example_local_kubernetes_executor.py for tasks to queue
[2024-12-01T02:30:37.235+0000] {logging_mixin.py:190} INFO - [2024-12-01T02:30:37.235+0000] {dagbag.py:588} INFO - Filling up the DagBag from /home/airflow/.local/lib/python3.12/site-packages/airflow/example_dags/example_local_kubernetes_executor.py
[2024-12-01T02:30:37.246+0000] {processor.py:925} INFO - DAG(s) 'example_local_kubernetes_executor' retrieved from /home/airflow/.local/lib/python3.12/site-packages/airflow/example_dags/example_local_kubernetes_executor.py
[2024-12-01T02:30:37.266+0000] {logging_mixin.py:190} INFO - [2024-12-01T02:30:37.265+0000] {dag.py:3239} INFO - Sync 1 DAGs
[2024-12-01T02:30:37.279+0000] {logging_mixin.py:190} INFO - [2024-12-01T02:30:37.278+0000] {dag.py:4180} INFO - Setting next_dagrun for example_local_kubernetes_executor to None, run_after=None
[2024-12-01T02:30:37.296+0000] {processor.py:208} INFO - Processing /home/airflow/.local/lib/python3.12/site-packages/airflow/example_dags/example_local_kubernetes_executor.py took 0.069 seconds
[2024-12-01T02:31:07.691+0000] {processor.py:186} INFO - Started process (PID=53149) to work on /home/airflow/.local/lib/python3.12/site-packages/airflow/example_dags/example_local_kubernetes_executor.py
[2024-12-01T02:31:07.692+0000] {processor.py:914} INFO - Processing file /home/airflow/.local/lib/python3.12/site-packages/airflow/example_dags/example_local_kubernetes_executor.py for tasks to queue
[2024-12-01T02:31:07.694+0000] {logging_mixin.py:190} INFO - [2024-12-01T02:31:07.694+0000] {dagbag.py:588} INFO - Filling up the DagBag from /home/airflow/.local/lib/python3.12/site-packages/airflow/example_dags/example_local_kubernetes_executor.py
[2024-12-01T02:31:07.703+0000] {processor.py:925} INFO - DAG(s) 'example_local_kubernetes_executor' retrieved from /home/airflow/.local/lib/python3.12/site-packages/airflow/example_dags/example_local_kubernetes_executor.py
[2024-12-01T02:31:07.723+0000] {logging_mixin.py:190} INFO - [2024-12-01T02:31:07.723+0000] {dag.py:3239} INFO - Sync 1 DAGs
[2024-12-01T02:31:07.736+0000] {logging_mixin.py:190} INFO - [2024-12-01T02:31:07.736+0000] {dag.py:4180} INFO - Setting next_dagrun for example_local_kubernetes_executor to None, run_after=None
[2024-12-01T02:31:07.751+0000] {processor.py:208} INFO - Processing /home/airflow/.local/lib/python3.12/site-packages/airflow/example_dags/example_local_kubernetes_executor.py took 0.065 seconds
[2024-12-01T02:31:39.045+0000] {processor.py:186} INFO - Started process (PID=53215) to work on /home/airflow/.local/lib/python3.12/site-packages/airflow/example_dags/example_local_kubernetes_executor.py
[2024-12-01T02:31:39.046+0000] {processor.py:914} INFO - Processing file /home/airflow/.local/lib/python3.12/site-packages/airflow/example_dags/example_local_kubernetes_executor.py for tasks to queue
[2024-12-01T02:31:39.048+0000] {logging_mixin.py:190} INFO - [2024-12-01T02:31:39.048+0000] {dagbag.py:588} INFO - Filling up the DagBag from /home/airflow/.local/lib/python3.12/site-packages/airflow/example_dags/example_local_kubernetes_executor.py
[2024-12-01T02:31:39.057+0000] {processor.py:925} INFO - DAG(s) 'example_local_kubernetes_executor' retrieved from /home/airflow/.local/lib/python3.12/site-packages/airflow/example_dags/example_local_kubernetes_executor.py
[2024-12-01T02:31:39.077+0000] {logging_mixin.py:190} INFO - [2024-12-01T02:31:39.077+0000] {dag.py:3239} INFO - Sync 1 DAGs
[2024-12-01T02:31:39.092+0000] {logging_mixin.py:190} INFO - [2024-12-01T02:31:39.092+0000] {dag.py:4180} INFO - Setting next_dagrun for example_local_kubernetes_executor to None, run_after=None
[2024-12-01T02:31:39.119+0000] {processor.py:208} INFO - Processing /home/airflow/.local/lib/python3.12/site-packages/airflow/example_dags/example_local_kubernetes_executor.py took 0.079 seconds
[2024-12-01T02:32:09.545+0000] {processor.py:186} INFO - Started process (PID=53281) to work on /home/airflow/.local/lib/python3.12/site-packages/airflow/example_dags/example_local_kubernetes_executor.py
[2024-12-01T02:32:09.546+0000] {processor.py:914} INFO - Processing file /home/airflow/.local/lib/python3.12/site-packages/airflow/example_dags/example_local_kubernetes_executor.py for tasks to queue
[2024-12-01T02:32:09.548+0000] {logging_mixin.py:190} INFO - [2024-12-01T02:32:09.548+0000] {dagbag.py:588} INFO - Filling up the DagBag from /home/airflow/.local/lib/python3.12/site-packages/airflow/example_dags/example_local_kubernetes_executor.py
[2024-12-01T02:32:09.558+0000] {processor.py:925} INFO - DAG(s) 'example_local_kubernetes_executor' retrieved from /home/airflow/.local/lib/python3.12/site-packages/airflow/example_dags/example_local_kubernetes_executor.py
[2024-12-01T02:32:09.576+0000] {logging_mixin.py:190} INFO - [2024-12-01T02:32:09.576+0000] {dag.py:3239} INFO - Sync 1 DAGs
[2024-12-01T02:32:09.589+0000] {logging_mixin.py:190} INFO - [2024-12-01T02:32:09.589+0000] {dag.py:4180} INFO - Setting next_dagrun for example_local_kubernetes_executor to None, run_after=None
[2024-12-01T02:32:09.605+0000] {processor.py:208} INFO - Processing /home/airflow/.local/lib/python3.12/site-packages/airflow/example_dags/example_local_kubernetes_executor.py took 0.065 seconds
[2024-12-01T02:32:41.192+0000] {processor.py:186} INFO - Started process (PID=53347) to work on /home/airflow/.local/lib/python3.12/site-packages/airflow/example_dags/example_local_kubernetes_executor.py
[2024-12-01T02:32:41.193+0000] {processor.py:914} INFO - Processing file /home/airflow/.local/lib/python3.12/site-packages/airflow/example_dags/example_local_kubernetes_executor.py for tasks to queue
[2024-12-01T02:32:41.196+0000] {logging_mixin.py:190} INFO - [2024-12-01T02:32:41.196+0000] {dagbag.py:588} INFO - Filling up the DagBag from /home/airflow/.local/lib/python3.12/site-packages/airflow/example_dags/example_local_kubernetes_executor.py
[2024-12-01T02:32:41.211+0000] {processor.py:925} INFO - DAG(s) 'example_local_kubernetes_executor' retrieved from /home/airflow/.local/lib/python3.12/site-packages/airflow/example_dags/example_local_kubernetes_executor.py
[2024-12-01T02:32:41.237+0000] {logging_mixin.py:190} INFO - [2024-12-01T02:32:41.237+0000] {dag.py:3239} INFO - Sync 1 DAGs
[2024-12-01T02:32:41.253+0000] {logging_mixin.py:190} INFO - [2024-12-01T02:32:41.253+0000] {dag.py:4180} INFO - Setting next_dagrun for example_local_kubernetes_executor to None, run_after=None
[2024-12-01T02:32:41.279+0000] {processor.py:208} INFO - Processing /home/airflow/.local/lib/python3.12/site-packages/airflow/example_dags/example_local_kubernetes_executor.py took 0.096 seconds
[2024-12-01T02:33:11.640+0000] {processor.py:186} INFO - Started process (PID=53413) to work on /home/airflow/.local/lib/python3.12/site-packages/airflow/example_dags/example_local_kubernetes_executor.py
[2024-12-01T02:33:11.641+0000] {processor.py:914} INFO - Processing file /home/airflow/.local/lib/python3.12/site-packages/airflow/example_dags/example_local_kubernetes_executor.py for tasks to queue
[2024-12-01T02:33:11.643+0000] {logging_mixin.py:190} INFO - [2024-12-01T02:33:11.643+0000] {dagbag.py:588} INFO - Filling up the DagBag from /home/airflow/.local/lib/python3.12/site-packages/airflow/example_dags/example_local_kubernetes_executor.py
[2024-12-01T02:33:11.652+0000] {processor.py:925} INFO - DAG(s) 'example_local_kubernetes_executor' retrieved from /home/airflow/.local/lib/python3.12/site-packages/airflow/example_dags/example_local_kubernetes_executor.py
[2024-12-01T02:33:11.671+0000] {logging_mixin.py:190} INFO - [2024-12-01T02:33:11.671+0000] {dag.py:3239} INFO - Sync 1 DAGs
[2024-12-01T02:33:11.684+0000] {logging_mixin.py:190} INFO - [2024-12-01T02:33:11.684+0000] {dag.py:4180} INFO - Setting next_dagrun for example_local_kubernetes_executor to None, run_after=None
[2024-12-01T02:33:11.701+0000] {processor.py:208} INFO - Processing /home/airflow/.local/lib/python3.12/site-packages/airflow/example_dags/example_local_kubernetes_executor.py took 0.067 seconds
[2024-12-01T02:33:42.626+0000] {processor.py:186} INFO - Started process (PID=53479) to work on /home/airflow/.local/lib/python3.12/site-packages/airflow/example_dags/example_local_kubernetes_executor.py
[2024-12-01T02:33:42.627+0000] {processor.py:914} INFO - Processing file /home/airflow/.local/lib/python3.12/site-packages/airflow/example_dags/example_local_kubernetes_executor.py for tasks to queue
[2024-12-01T02:33:42.629+0000] {logging_mixin.py:190} INFO - [2024-12-01T02:33:42.629+0000] {dagbag.py:588} INFO - Filling up the DagBag from /home/airflow/.local/lib/python3.12/site-packages/airflow/example_dags/example_local_kubernetes_executor.py
[2024-12-01T02:33:42.638+0000] {processor.py:925} INFO - DAG(s) 'example_local_kubernetes_executor' retrieved from /home/airflow/.local/lib/python3.12/site-packages/airflow/example_dags/example_local_kubernetes_executor.py
[2024-12-01T02:33:42.656+0000] {logging_mixin.py:190} INFO - [2024-12-01T02:33:42.656+0000] {dag.py:3239} INFO - Sync 1 DAGs
[2024-12-01T02:33:42.669+0000] {logging_mixin.py:190} INFO - [2024-12-01T02:33:42.669+0000] {dag.py:4180} INFO - Setting next_dagrun for example_local_kubernetes_executor to None, run_after=None
[2024-12-01T02:33:42.685+0000] {processor.py:208} INFO - Processing /home/airflow/.local/lib/python3.12/site-packages/airflow/example_dags/example_local_kubernetes_executor.py took 0.064 seconds
[2024-12-01T02:34:13.129+0000] {processor.py:186} INFO - Started process (PID=53545) to work on /home/airflow/.local/lib/python3.12/site-packages/airflow/example_dags/example_local_kubernetes_executor.py
[2024-12-01T02:34:13.130+0000] {processor.py:914} INFO - Processing file /home/airflow/.local/lib/python3.12/site-packages/airflow/example_dags/example_local_kubernetes_executor.py for tasks to queue
[2024-12-01T02:34:13.133+0000] {logging_mixin.py:190} INFO - [2024-12-01T02:34:13.133+0000] {dagbag.py:588} INFO - Filling up the DagBag from /home/airflow/.local/lib/python3.12/site-packages/airflow/example_dags/example_local_kubernetes_executor.py
[2024-12-01T02:34:13.143+0000] {processor.py:925} INFO - DAG(s) 'example_local_kubernetes_executor' retrieved from /home/airflow/.local/lib/python3.12/site-packages/airflow/example_dags/example_local_kubernetes_executor.py
[2024-12-01T02:34:13.164+0000] {logging_mixin.py:190} INFO - [2024-12-01T02:34:13.164+0000] {dag.py:3239} INFO - Sync 1 DAGs
[2024-12-01T02:34:13.180+0000] {logging_mixin.py:190} INFO - [2024-12-01T02:34:13.180+0000] {dag.py:4180} INFO - Setting next_dagrun for example_local_kubernetes_executor to None, run_after=None
[2024-12-01T02:34:13.195+0000] {processor.py:208} INFO - Processing /home/airflow/.local/lib/python3.12/site-packages/airflow/example_dags/example_local_kubernetes_executor.py took 0.072 seconds
