[2024-12-01T02:11:01.187+0000] {processor.py:186} INFO - Started process (PID=50548) to work on /home/airflow/.local/lib/python3.12/site-packages/airflow/example_dags/example_setup_teardown_taskflow.py
[2024-12-01T02:11:01.188+0000] {processor.py:914} INFO - Processing file /home/airflow/.local/lib/python3.12/site-packages/airflow/example_dags/example_setup_teardown_taskflow.py for tasks to queue
[2024-12-01T02:11:01.190+0000] {logging_mixin.py:190} INFO - [2024-12-01T02:11:01.190+0000] {dagbag.py:588} INFO - Filling up the DagBag from /home/airflow/.local/lib/python3.12/site-packages/airflow/example_dags/example_setup_teardown_taskflow.py
[2024-12-01T02:11:01.201+0000] {processor.py:925} INFO - DAG(s) 'example_setup_teardown_taskflow' retrieved from /home/airflow/.local/lib/python3.12/site-packages/airflow/example_dags/example_setup_teardown_taskflow.py
[2024-12-01T02:11:01.226+0000] {logging_mixin.py:190} INFO - [2024-12-01T02:11:01.225+0000] {dag.py:3239} INFO - Sync 1 DAGs
[2024-12-01T02:11:01.243+0000] {logging_mixin.py:190} INFO - [2024-12-01T02:11:01.242+0000] {dag.py:4180} INFO - Setting next_dagrun for example_setup_teardown_taskflow to None, run_after=None
[2024-12-01T02:11:01.264+0000] {processor.py:208} INFO - Processing /home/airflow/.local/lib/python3.12/site-packages/airflow/example_dags/example_setup_teardown_taskflow.py took 0.085 seconds
[2024-12-01T02:11:31.308+0000] {processor.py:186} INFO - Started process (PID=50614) to work on /home/airflow/.local/lib/python3.12/site-packages/airflow/example_dags/example_setup_teardown_taskflow.py
[2024-12-01T02:11:31.309+0000] {processor.py:914} INFO - Processing file /home/airflow/.local/lib/python3.12/site-packages/airflow/example_dags/example_setup_teardown_taskflow.py for tasks to queue
[2024-12-01T02:11:31.311+0000] {logging_mixin.py:190} INFO - [2024-12-01T02:11:31.310+0000] {dagbag.py:588} INFO - Filling up the DagBag from /home/airflow/.local/lib/python3.12/site-packages/airflow/example_dags/example_setup_teardown_taskflow.py
[2024-12-01T02:11:31.321+0000] {processor.py:925} INFO - DAG(s) 'example_setup_teardown_taskflow' retrieved from /home/airflow/.local/lib/python3.12/site-packages/airflow/example_dags/example_setup_teardown_taskflow.py
[2024-12-01T02:11:31.340+0000] {logging_mixin.py:190} INFO - [2024-12-01T02:11:31.340+0000] {dag.py:3239} INFO - Sync 1 DAGs
[2024-12-01T02:11:31.353+0000] {logging_mixin.py:190} INFO - [2024-12-01T02:11:31.353+0000] {dag.py:4180} INFO - Setting next_dagrun for example_setup_teardown_taskflow to None, run_after=None
[2024-12-01T02:11:31.370+0000] {processor.py:208} INFO - Processing /home/airflow/.local/lib/python3.12/site-packages/airflow/example_dags/example_setup_teardown_taskflow.py took 0.070 seconds
[2024-12-01T02:12:01.901+0000] {processor.py:186} INFO - Started process (PID=50680) to work on /home/airflow/.local/lib/python3.12/site-packages/airflow/example_dags/example_setup_teardown_taskflow.py
[2024-12-01T02:12:01.902+0000] {processor.py:914} INFO - Processing file /home/airflow/.local/lib/python3.12/site-packages/airflow/example_dags/example_setup_teardown_taskflow.py for tasks to queue
[2024-12-01T02:12:01.904+0000] {logging_mixin.py:190} INFO - [2024-12-01T02:12:01.904+0000] {dagbag.py:588} INFO - Filling up the DagBag from /home/airflow/.local/lib/python3.12/site-packages/airflow/example_dags/example_setup_teardown_taskflow.py
[2024-12-01T02:12:01.916+0000] {processor.py:925} INFO - DAG(s) 'example_setup_teardown_taskflow' retrieved from /home/airflow/.local/lib/python3.12/site-packages/airflow/example_dags/example_setup_teardown_taskflow.py
[2024-12-01T02:12:01.938+0000] {logging_mixin.py:190} INFO - [2024-12-01T02:12:01.937+0000] {dag.py:3239} INFO - Sync 1 DAGs
[2024-12-01T02:12:01.953+0000] {logging_mixin.py:190} INFO - [2024-12-01T02:12:01.953+0000] {dag.py:4180} INFO - Setting next_dagrun for example_setup_teardown_taskflow to None, run_after=None
[2024-12-01T02:12:01.980+0000] {processor.py:208} INFO - Processing /home/airflow/.local/lib/python3.12/site-packages/airflow/example_dags/example_setup_teardown_taskflow.py took 0.088 seconds
[2024-12-01T02:12:33.259+0000] {processor.py:186} INFO - Started process (PID=50746) to work on /home/airflow/.local/lib/python3.12/site-packages/airflow/example_dags/example_setup_teardown_taskflow.py
[2024-12-01T02:12:33.260+0000] {processor.py:914} INFO - Processing file /home/airflow/.local/lib/python3.12/site-packages/airflow/example_dags/example_setup_teardown_taskflow.py for tasks to queue
[2024-12-01T02:12:33.262+0000] {logging_mixin.py:190} INFO - [2024-12-01T02:12:33.262+0000] {dagbag.py:588} INFO - Filling up the DagBag from /home/airflow/.local/lib/python3.12/site-packages/airflow/example_dags/example_setup_teardown_taskflow.py
[2024-12-01T02:12:33.272+0000] {processor.py:925} INFO - DAG(s) 'example_setup_teardown_taskflow' retrieved from /home/airflow/.local/lib/python3.12/site-packages/airflow/example_dags/example_setup_teardown_taskflow.py
[2024-12-01T02:12:33.292+0000] {logging_mixin.py:190} INFO - [2024-12-01T02:12:33.291+0000] {dag.py:3239} INFO - Sync 1 DAGs
[2024-12-01T02:12:33.305+0000] {logging_mixin.py:190} INFO - [2024-12-01T02:12:33.305+0000] {dag.py:4180} INFO - Setting next_dagrun for example_setup_teardown_taskflow to None, run_after=None
[2024-12-01T02:12:33.320+0000] {processor.py:208} INFO - Processing /home/airflow/.local/lib/python3.12/site-packages/airflow/example_dags/example_setup_teardown_taskflow.py took 0.067 seconds
[2024-12-01T02:13:04.225+0000] {processor.py:186} INFO - Started process (PID=50813) to work on /home/airflow/.local/lib/python3.12/site-packages/airflow/example_dags/example_setup_teardown_taskflow.py
[2024-12-01T02:13:04.226+0000] {processor.py:914} INFO - Processing file /home/airflow/.local/lib/python3.12/site-packages/airflow/example_dags/example_setup_teardown_taskflow.py for tasks to queue
[2024-12-01T02:13:04.228+0000] {logging_mixin.py:190} INFO - [2024-12-01T02:13:04.228+0000] {dagbag.py:588} INFO - Filling up the DagBag from /home/airflow/.local/lib/python3.12/site-packages/airflow/example_dags/example_setup_teardown_taskflow.py
[2024-12-01T02:13:04.238+0000] {processor.py:925} INFO - DAG(s) 'example_setup_teardown_taskflow' retrieved from /home/airflow/.local/lib/python3.12/site-packages/airflow/example_dags/example_setup_teardown_taskflow.py
[2024-12-01T02:13:04.258+0000] {logging_mixin.py:190} INFO - [2024-12-01T02:13:04.257+0000] {dag.py:3239} INFO - Sync 1 DAGs
[2024-12-01T02:13:04.271+0000] {logging_mixin.py:190} INFO - [2024-12-01T02:13:04.271+0000] {dag.py:4180} INFO - Setting next_dagrun for example_setup_teardown_taskflow to None, run_after=None
[2024-12-01T02:13:04.286+0000] {processor.py:208} INFO - Processing /home/airflow/.local/lib/python3.12/site-packages/airflow/example_dags/example_setup_teardown_taskflow.py took 0.066 seconds
[2024-12-01T02:13:34.790+0000] {processor.py:186} INFO - Started process (PID=50878) to work on /home/airflow/.local/lib/python3.12/site-packages/airflow/example_dags/example_setup_teardown_taskflow.py
[2024-12-01T02:13:34.790+0000] {processor.py:914} INFO - Processing file /home/airflow/.local/lib/python3.12/site-packages/airflow/example_dags/example_setup_teardown_taskflow.py for tasks to queue
[2024-12-01T02:13:34.793+0000] {logging_mixin.py:190} INFO - [2024-12-01T02:13:34.792+0000] {dagbag.py:588} INFO - Filling up the DagBag from /home/airflow/.local/lib/python3.12/site-packages/airflow/example_dags/example_setup_teardown_taskflow.py
[2024-12-01T02:13:34.806+0000] {processor.py:925} INFO - DAG(s) 'example_setup_teardown_taskflow' retrieved from /home/airflow/.local/lib/python3.12/site-packages/airflow/example_dags/example_setup_teardown_taskflow.py
[2024-12-01T02:13:34.828+0000] {logging_mixin.py:190} INFO - [2024-12-01T02:13:34.828+0000] {dag.py:3239} INFO - Sync 1 DAGs
[2024-12-01T02:13:34.842+0000] {logging_mixin.py:190} INFO - [2024-12-01T02:13:34.842+0000] {dag.py:4180} INFO - Setting next_dagrun for example_setup_teardown_taskflow to None, run_after=None
[2024-12-01T02:13:34.859+0000] {processor.py:208} INFO - Processing /home/airflow/.local/lib/python3.12/site-packages/airflow/example_dags/example_setup_teardown_taskflow.py took 0.075 seconds
[2024-12-01T02:14:05.568+0000] {processor.py:186} INFO - Started process (PID=50944) to work on /home/airflow/.local/lib/python3.12/site-packages/airflow/example_dags/example_setup_teardown_taskflow.py
[2024-12-01T02:14:05.569+0000] {processor.py:914} INFO - Processing file /home/airflow/.local/lib/python3.12/site-packages/airflow/example_dags/example_setup_teardown_taskflow.py for tasks to queue
[2024-12-01T02:14:05.572+0000] {logging_mixin.py:190} INFO - [2024-12-01T02:14:05.571+0000] {dagbag.py:588} INFO - Filling up the DagBag from /home/airflow/.local/lib/python3.12/site-packages/airflow/example_dags/example_setup_teardown_taskflow.py
[2024-12-01T02:14:05.581+0000] {processor.py:925} INFO - DAG(s) 'example_setup_teardown_taskflow' retrieved from /home/airflow/.local/lib/python3.12/site-packages/airflow/example_dags/example_setup_teardown_taskflow.py
[2024-12-01T02:14:05.613+0000] {logging_mixin.py:190} INFO - [2024-12-01T02:14:05.613+0000] {dag.py:3239} INFO - Sync 1 DAGs
[2024-12-01T02:14:05.631+0000] {logging_mixin.py:190} INFO - [2024-12-01T02:14:05.631+0000] {dag.py:4180} INFO - Setting next_dagrun for example_setup_teardown_taskflow to None, run_after=None
[2024-12-01T02:14:05.657+0000] {processor.py:208} INFO - Processing /home/airflow/.local/lib/python3.12/site-packages/airflow/example_dags/example_setup_teardown_taskflow.py took 0.094 seconds
[2024-12-01T02:14:36.952+0000] {processor.py:186} INFO - Started process (PID=51010) to work on /home/airflow/.local/lib/python3.12/site-packages/airflow/example_dags/example_setup_teardown_taskflow.py
[2024-12-01T02:14:36.953+0000] {processor.py:914} INFO - Processing file /home/airflow/.local/lib/python3.12/site-packages/airflow/example_dags/example_setup_teardown_taskflow.py for tasks to queue
[2024-12-01T02:14:36.955+0000] {logging_mixin.py:190} INFO - [2024-12-01T02:14:36.955+0000] {dagbag.py:588} INFO - Filling up the DagBag from /home/airflow/.local/lib/python3.12/site-packages/airflow/example_dags/example_setup_teardown_taskflow.py
[2024-12-01T02:14:36.965+0000] {processor.py:925} INFO - DAG(s) 'example_setup_teardown_taskflow' retrieved from /home/airflow/.local/lib/python3.12/site-packages/airflow/example_dags/example_setup_teardown_taskflow.py
[2024-12-01T02:14:36.986+0000] {logging_mixin.py:190} INFO - [2024-12-01T02:14:36.986+0000] {dag.py:3239} INFO - Sync 1 DAGs
[2024-12-01T02:14:37.000+0000] {logging_mixin.py:190} INFO - [2024-12-01T02:14:37.000+0000] {dag.py:4180} INFO - Setting next_dagrun for example_setup_teardown_taskflow to None, run_after=None
[2024-12-01T02:14:37.018+0000] {processor.py:208} INFO - Processing /home/airflow/.local/lib/python3.12/site-packages/airflow/example_dags/example_setup_teardown_taskflow.py took 0.072 seconds
[2024-12-01T02:15:07.756+0000] {processor.py:186} INFO - Started process (PID=51076) to work on /home/airflow/.local/lib/python3.12/site-packages/airflow/example_dags/example_setup_teardown_taskflow.py
[2024-12-01T02:15:07.757+0000] {processor.py:914} INFO - Processing file /home/airflow/.local/lib/python3.12/site-packages/airflow/example_dags/example_setup_teardown_taskflow.py for tasks to queue
[2024-12-01T02:15:07.759+0000] {logging_mixin.py:190} INFO - [2024-12-01T02:15:07.759+0000] {dagbag.py:588} INFO - Filling up the DagBag from /home/airflow/.local/lib/python3.12/site-packages/airflow/example_dags/example_setup_teardown_taskflow.py
[2024-12-01T02:15:07.769+0000] {processor.py:925} INFO - DAG(s) 'example_setup_teardown_taskflow' retrieved from /home/airflow/.local/lib/python3.12/site-packages/airflow/example_dags/example_setup_teardown_taskflow.py
[2024-12-01T02:15:07.790+0000] {logging_mixin.py:190} INFO - [2024-12-01T02:15:07.790+0000] {dag.py:3239} INFO - Sync 1 DAGs
[2024-12-01T02:15:07.804+0000] {logging_mixin.py:190} INFO - [2024-12-01T02:15:07.804+0000] {dag.py:4180} INFO - Setting next_dagrun for example_setup_teardown_taskflow to None, run_after=None
[2024-12-01T02:15:07.820+0000] {processor.py:208} INFO - Processing /home/airflow/.local/lib/python3.12/site-packages/airflow/example_dags/example_setup_teardown_taskflow.py took 0.070 seconds
[2024-12-01T02:15:38.444+0000] {processor.py:186} INFO - Started process (PID=51142) to work on /home/airflow/.local/lib/python3.12/site-packages/airflow/example_dags/example_setup_teardown_taskflow.py
[2024-12-01T02:15:38.445+0000] {processor.py:914} INFO - Processing file /home/airflow/.local/lib/python3.12/site-packages/airflow/example_dags/example_setup_teardown_taskflow.py for tasks to queue
[2024-12-01T02:15:38.447+0000] {logging_mixin.py:190} INFO - [2024-12-01T02:15:38.447+0000] {dagbag.py:588} INFO - Filling up the DagBag from /home/airflow/.local/lib/python3.12/site-packages/airflow/example_dags/example_setup_teardown_taskflow.py
[2024-12-01T02:15:38.456+0000] {processor.py:925} INFO - DAG(s) 'example_setup_teardown_taskflow' retrieved from /home/airflow/.local/lib/python3.12/site-packages/airflow/example_dags/example_setup_teardown_taskflow.py
[2024-12-01T02:15:38.475+0000] {logging_mixin.py:190} INFO - [2024-12-01T02:15:38.475+0000] {dag.py:3239} INFO - Sync 1 DAGs
[2024-12-01T02:15:38.488+0000] {logging_mixin.py:190} INFO - [2024-12-01T02:15:38.488+0000] {dag.py:4180} INFO - Setting next_dagrun for example_setup_teardown_taskflow to None, run_after=None
[2024-12-01T02:15:38.504+0000] {processor.py:208} INFO - Processing /home/airflow/.local/lib/python3.12/site-packages/airflow/example_dags/example_setup_teardown_taskflow.py took 0.065 seconds
[2024-12-01T02:16:09.087+0000] {processor.py:186} INFO - Started process (PID=51208) to work on /home/airflow/.local/lib/python3.12/site-packages/airflow/example_dags/example_setup_teardown_taskflow.py
[2024-12-01T02:16:09.088+0000] {processor.py:914} INFO - Processing file /home/airflow/.local/lib/python3.12/site-packages/airflow/example_dags/example_setup_teardown_taskflow.py for tasks to queue
[2024-12-01T02:16:09.091+0000] {logging_mixin.py:190} INFO - [2024-12-01T02:16:09.091+0000] {dagbag.py:588} INFO - Filling up the DagBag from /home/airflow/.local/lib/python3.12/site-packages/airflow/example_dags/example_setup_teardown_taskflow.py
[2024-12-01T02:16:09.102+0000] {processor.py:925} INFO - DAG(s) 'example_setup_teardown_taskflow' retrieved from /home/airflow/.local/lib/python3.12/site-packages/airflow/example_dags/example_setup_teardown_taskflow.py
[2024-12-01T02:16:09.131+0000] {logging_mixin.py:190} INFO - [2024-12-01T02:16:09.131+0000] {dag.py:3239} INFO - Sync 1 DAGs
[2024-12-01T02:16:09.145+0000] {logging_mixin.py:190} INFO - [2024-12-01T02:16:09.145+0000] {dag.py:4180} INFO - Setting next_dagrun for example_setup_teardown_taskflow to None, run_after=None
[2024-12-01T02:16:09.162+0000] {processor.py:208} INFO - Processing /home/airflow/.local/lib/python3.12/site-packages/airflow/example_dags/example_setup_teardown_taskflow.py took 0.080 seconds
[2024-12-01T02:16:40.390+0000] {processor.py:186} INFO - Started process (PID=51274) to work on /home/airflow/.local/lib/python3.12/site-packages/airflow/example_dags/example_setup_teardown_taskflow.py
[2024-12-01T02:16:40.391+0000] {processor.py:914} INFO - Processing file /home/airflow/.local/lib/python3.12/site-packages/airflow/example_dags/example_setup_teardown_taskflow.py for tasks to queue
[2024-12-01T02:16:40.393+0000] {logging_mixin.py:190} INFO - [2024-12-01T02:16:40.393+0000] {dagbag.py:588} INFO - Filling up the DagBag from /home/airflow/.local/lib/python3.12/site-packages/airflow/example_dags/example_setup_teardown_taskflow.py
[2024-12-01T02:16:40.403+0000] {processor.py:925} INFO - DAG(s) 'example_setup_teardown_taskflow' retrieved from /home/airflow/.local/lib/python3.12/site-packages/airflow/example_dags/example_setup_teardown_taskflow.py
[2024-12-01T02:16:40.446+0000] {logging_mixin.py:190} INFO - [2024-12-01T02:16:40.445+0000] {dag.py:3239} INFO - Sync 1 DAGs
[2024-12-01T02:16:40.477+0000] {logging_mixin.py:190} INFO - [2024-12-01T02:16:40.476+0000] {dag.py:4180} INFO - Setting next_dagrun for example_setup_teardown_taskflow to None, run_after=None
[2024-12-01T02:16:40.512+0000] {processor.py:208} INFO - Processing /home/airflow/.local/lib/python3.12/site-packages/airflow/example_dags/example_setup_teardown_taskflow.py took 0.127 seconds
[2024-12-01T02:17:11.458+0000] {processor.py:186} INFO - Started process (PID=51340) to work on /home/airflow/.local/lib/python3.12/site-packages/airflow/example_dags/example_setup_teardown_taskflow.py
[2024-12-01T02:17:11.459+0000] {processor.py:914} INFO - Processing file /home/airflow/.local/lib/python3.12/site-packages/airflow/example_dags/example_setup_teardown_taskflow.py for tasks to queue
[2024-12-01T02:17:11.461+0000] {logging_mixin.py:190} INFO - [2024-12-01T02:17:11.461+0000] {dagbag.py:588} INFO - Filling up the DagBag from /home/airflow/.local/lib/python3.12/site-packages/airflow/example_dags/example_setup_teardown_taskflow.py
[2024-12-01T02:17:11.471+0000] {processor.py:925} INFO - DAG(s) 'example_setup_teardown_taskflow' retrieved from /home/airflow/.local/lib/python3.12/site-packages/airflow/example_dags/example_setup_teardown_taskflow.py
[2024-12-01T02:17:11.492+0000] {logging_mixin.py:190} INFO - [2024-12-01T02:17:11.492+0000] {dag.py:3239} INFO - Sync 1 DAGs
[2024-12-01T02:17:11.506+0000] {logging_mixin.py:190} INFO - [2024-12-01T02:17:11.505+0000] {dag.py:4180} INFO - Setting next_dagrun for example_setup_teardown_taskflow to None, run_after=None
[2024-12-01T02:17:11.524+0000] {processor.py:208} INFO - Processing /home/airflow/.local/lib/python3.12/site-packages/airflow/example_dags/example_setup_teardown_taskflow.py took 0.072 seconds
[2024-12-01T02:17:42.418+0000] {processor.py:186} INFO - Started process (PID=51406) to work on /home/airflow/.local/lib/python3.12/site-packages/airflow/example_dags/example_setup_teardown_taskflow.py
[2024-12-01T02:17:42.419+0000] {processor.py:914} INFO - Processing file /home/airflow/.local/lib/python3.12/site-packages/airflow/example_dags/example_setup_teardown_taskflow.py for tasks to queue
[2024-12-01T02:17:42.422+0000] {logging_mixin.py:190} INFO - [2024-12-01T02:17:42.421+0000] {dagbag.py:588} INFO - Filling up the DagBag from /home/airflow/.local/lib/python3.12/site-packages/airflow/example_dags/example_setup_teardown_taskflow.py
[2024-12-01T02:17:42.432+0000] {processor.py:925} INFO - DAG(s) 'example_setup_teardown_taskflow' retrieved from /home/airflow/.local/lib/python3.12/site-packages/airflow/example_dags/example_setup_teardown_taskflow.py
[2024-12-01T02:17:42.453+0000] {logging_mixin.py:190} INFO - [2024-12-01T02:17:42.453+0000] {dag.py:3239} INFO - Sync 1 DAGs
[2024-12-01T02:17:42.466+0000] {logging_mixin.py:190} INFO - [2024-12-01T02:17:42.466+0000] {dag.py:4180} INFO - Setting next_dagrun for example_setup_teardown_taskflow to None, run_after=None
[2024-12-01T02:17:42.482+0000] {processor.py:208} INFO - Processing /home/airflow/.local/lib/python3.12/site-packages/airflow/example_dags/example_setup_teardown_taskflow.py took 0.070 seconds
[2024-12-01T02:18:13.542+0000] {processor.py:186} INFO - Started process (PID=51472) to work on /home/airflow/.local/lib/python3.12/site-packages/airflow/example_dags/example_setup_teardown_taskflow.py
[2024-12-01T02:18:13.543+0000] {processor.py:914} INFO - Processing file /home/airflow/.local/lib/python3.12/site-packages/airflow/example_dags/example_setup_teardown_taskflow.py for tasks to queue
[2024-12-01T02:18:13.545+0000] {logging_mixin.py:190} INFO - [2024-12-01T02:18:13.545+0000] {dagbag.py:588} INFO - Filling up the DagBag from /home/airflow/.local/lib/python3.12/site-packages/airflow/example_dags/example_setup_teardown_taskflow.py
[2024-12-01T02:18:13.555+0000] {processor.py:925} INFO - DAG(s) 'example_setup_teardown_taskflow' retrieved from /home/airflow/.local/lib/python3.12/site-packages/airflow/example_dags/example_setup_teardown_taskflow.py
[2024-12-01T02:18:13.577+0000] {logging_mixin.py:190} INFO - [2024-12-01T02:18:13.577+0000] {dag.py:3239} INFO - Sync 1 DAGs
[2024-12-01T02:18:13.593+0000] {logging_mixin.py:190} INFO - [2024-12-01T02:18:13.593+0000] {dag.py:4180} INFO - Setting next_dagrun for example_setup_teardown_taskflow to None, run_after=None
[2024-12-01T02:18:13.611+0000] {processor.py:208} INFO - Processing /home/airflow/.local/lib/python3.12/site-packages/airflow/example_dags/example_setup_teardown_taskflow.py took 0.075 seconds
[2024-12-01T02:18:44.200+0000] {processor.py:186} INFO - Started process (PID=51538) to work on /home/airflow/.local/lib/python3.12/site-packages/airflow/example_dags/example_setup_teardown_taskflow.py
[2024-12-01T02:18:44.201+0000] {processor.py:914} INFO - Processing file /home/airflow/.local/lib/python3.12/site-packages/airflow/example_dags/example_setup_teardown_taskflow.py for tasks to queue
[2024-12-01T02:18:44.203+0000] {logging_mixin.py:190} INFO - [2024-12-01T02:18:44.203+0000] {dagbag.py:588} INFO - Filling up the DagBag from /home/airflow/.local/lib/python3.12/site-packages/airflow/example_dags/example_setup_teardown_taskflow.py
[2024-12-01T02:18:44.214+0000] {processor.py:925} INFO - DAG(s) 'example_setup_teardown_taskflow' retrieved from /home/airflow/.local/lib/python3.12/site-packages/airflow/example_dags/example_setup_teardown_taskflow.py
[2024-12-01T02:18:44.234+0000] {logging_mixin.py:190} INFO - [2024-12-01T02:18:44.233+0000] {dag.py:3239} INFO - Sync 1 DAGs
[2024-12-01T02:18:44.250+0000] {logging_mixin.py:190} INFO - [2024-12-01T02:18:44.250+0000] {dag.py:4180} INFO - Setting next_dagrun for example_setup_teardown_taskflow to None, run_after=None
[2024-12-01T02:18:44.268+0000] {processor.py:208} INFO - Processing /home/airflow/.local/lib/python3.12/site-packages/airflow/example_dags/example_setup_teardown_taskflow.py took 0.074 seconds
[2024-12-01T02:19:15.309+0000] {processor.py:186} INFO - Started process (PID=51605) to work on /home/airflow/.local/lib/python3.12/site-packages/airflow/example_dags/example_setup_teardown_taskflow.py
[2024-12-01T02:19:15.310+0000] {processor.py:914} INFO - Processing file /home/airflow/.local/lib/python3.12/site-packages/airflow/example_dags/example_setup_teardown_taskflow.py for tasks to queue
[2024-12-01T02:19:15.312+0000] {logging_mixin.py:190} INFO - [2024-12-01T02:19:15.312+0000] {dagbag.py:588} INFO - Filling up the DagBag from /home/airflow/.local/lib/python3.12/site-packages/airflow/example_dags/example_setup_teardown_taskflow.py
[2024-12-01T02:19:15.322+0000] {processor.py:925} INFO - DAG(s) 'example_setup_teardown_taskflow' retrieved from /home/airflow/.local/lib/python3.12/site-packages/airflow/example_dags/example_setup_teardown_taskflow.py
[2024-12-01T02:19:15.343+0000] {logging_mixin.py:190} INFO - [2024-12-01T02:19:15.343+0000] {dag.py:3239} INFO - Sync 1 DAGs
[2024-12-01T02:19:15.357+0000] {logging_mixin.py:190} INFO - [2024-12-01T02:19:15.357+0000] {dag.py:4180} INFO - Setting next_dagrun for example_setup_teardown_taskflow to None, run_after=None
[2024-12-01T02:19:15.374+0000] {processor.py:208} INFO - Processing /home/airflow/.local/lib/python3.12/site-packages/airflow/example_dags/example_setup_teardown_taskflow.py took 0.070 seconds
[2024-12-01T02:19:46.403+0000] {processor.py:186} INFO - Started process (PID=51671) to work on /home/airflow/.local/lib/python3.12/site-packages/airflow/example_dags/example_setup_teardown_taskflow.py
[2024-12-01T02:19:46.404+0000] {processor.py:914} INFO - Processing file /home/airflow/.local/lib/python3.12/site-packages/airflow/example_dags/example_setup_teardown_taskflow.py for tasks to queue
[2024-12-01T02:19:46.406+0000] {logging_mixin.py:190} INFO - [2024-12-01T02:19:46.406+0000] {dagbag.py:588} INFO - Filling up the DagBag from /home/airflow/.local/lib/python3.12/site-packages/airflow/example_dags/example_setup_teardown_taskflow.py
[2024-12-01T02:19:46.416+0000] {processor.py:925} INFO - DAG(s) 'example_setup_teardown_taskflow' retrieved from /home/airflow/.local/lib/python3.12/site-packages/airflow/example_dags/example_setup_teardown_taskflow.py
[2024-12-01T02:19:46.437+0000] {logging_mixin.py:190} INFO - [2024-12-01T02:19:46.437+0000] {dag.py:3239} INFO - Sync 1 DAGs
[2024-12-01T02:19:46.450+0000] {logging_mixin.py:190} INFO - [2024-12-01T02:19:46.450+0000] {dag.py:4180} INFO - Setting next_dagrun for example_setup_teardown_taskflow to None, run_after=None
[2024-12-01T02:19:46.467+0000] {processor.py:208} INFO - Processing /home/airflow/.local/lib/python3.12/site-packages/airflow/example_dags/example_setup_teardown_taskflow.py took 0.069 seconds
[2024-12-01T02:20:17.452+0000] {processor.py:186} INFO - Started process (PID=51737) to work on /home/airflow/.local/lib/python3.12/site-packages/airflow/example_dags/example_setup_teardown_taskflow.py
[2024-12-01T02:20:17.453+0000] {processor.py:914} INFO - Processing file /home/airflow/.local/lib/python3.12/site-packages/airflow/example_dags/example_setup_teardown_taskflow.py for tasks to queue
[2024-12-01T02:20:17.455+0000] {logging_mixin.py:190} INFO - [2024-12-01T02:20:17.455+0000] {dagbag.py:588} INFO - Filling up the DagBag from /home/airflow/.local/lib/python3.12/site-packages/airflow/example_dags/example_setup_teardown_taskflow.py
[2024-12-01T02:20:17.465+0000] {processor.py:925} INFO - DAG(s) 'example_setup_teardown_taskflow' retrieved from /home/airflow/.local/lib/python3.12/site-packages/airflow/example_dags/example_setup_teardown_taskflow.py
[2024-12-01T02:20:17.484+0000] {logging_mixin.py:190} INFO - [2024-12-01T02:20:17.484+0000] {dag.py:3239} INFO - Sync 1 DAGs
[2024-12-01T02:20:17.497+0000] {logging_mixin.py:190} INFO - [2024-12-01T02:20:17.497+0000] {dag.py:4180} INFO - Setting next_dagrun for example_setup_teardown_taskflow to None, run_after=None
[2024-12-01T02:20:17.514+0000] {processor.py:208} INFO - Processing /home/airflow/.local/lib/python3.12/site-packages/airflow/example_dags/example_setup_teardown_taskflow.py took 0.068 seconds
[2024-12-01T02:20:48.874+0000] {processor.py:186} INFO - Started process (PID=51803) to work on /home/airflow/.local/lib/python3.12/site-packages/airflow/example_dags/example_setup_teardown_taskflow.py
[2024-12-01T02:20:48.875+0000] {processor.py:914} INFO - Processing file /home/airflow/.local/lib/python3.12/site-packages/airflow/example_dags/example_setup_teardown_taskflow.py for tasks to queue
[2024-12-01T02:20:48.877+0000] {logging_mixin.py:190} INFO - [2024-12-01T02:20:48.877+0000] {dagbag.py:588} INFO - Filling up the DagBag from /home/airflow/.local/lib/python3.12/site-packages/airflow/example_dags/example_setup_teardown_taskflow.py
[2024-12-01T02:20:48.890+0000] {processor.py:925} INFO - DAG(s) 'example_setup_teardown_taskflow' retrieved from /home/airflow/.local/lib/python3.12/site-packages/airflow/example_dags/example_setup_teardown_taskflow.py
[2024-12-01T02:20:48.913+0000] {logging_mixin.py:190} INFO - [2024-12-01T02:20:48.913+0000] {dag.py:3239} INFO - Sync 1 DAGs
[2024-12-01T02:20:48.928+0000] {logging_mixin.py:190} INFO - [2024-12-01T02:20:48.928+0000] {dag.py:4180} INFO - Setting next_dagrun for example_setup_teardown_taskflow to None, run_after=None
[2024-12-01T02:20:48.948+0000] {processor.py:208} INFO - Processing /home/airflow/.local/lib/python3.12/site-packages/airflow/example_dags/example_setup_teardown_taskflow.py took 0.080 seconds
[2024-12-01T02:21:20.369+0000] {processor.py:186} INFO - Started process (PID=51869) to work on /home/airflow/.local/lib/python3.12/site-packages/airflow/example_dags/example_setup_teardown_taskflow.py
[2024-12-01T02:21:20.370+0000] {processor.py:914} INFO - Processing file /home/airflow/.local/lib/python3.12/site-packages/airflow/example_dags/example_setup_teardown_taskflow.py for tasks to queue
[2024-12-01T02:21:20.372+0000] {logging_mixin.py:190} INFO - [2024-12-01T02:21:20.372+0000] {dagbag.py:588} INFO - Filling up the DagBag from /home/airflow/.local/lib/python3.12/site-packages/airflow/example_dags/example_setup_teardown_taskflow.py
[2024-12-01T02:21:20.382+0000] {processor.py:925} INFO - DAG(s) 'example_setup_teardown_taskflow' retrieved from /home/airflow/.local/lib/python3.12/site-packages/airflow/example_dags/example_setup_teardown_taskflow.py
[2024-12-01T02:21:20.404+0000] {logging_mixin.py:190} INFO - [2024-12-01T02:21:20.403+0000] {dag.py:3239} INFO - Sync 1 DAGs
[2024-12-01T02:21:20.592+0000] {logging_mixin.py:190} INFO - [2024-12-01T02:21:20.591+0000] {dag.py:4180} INFO - Setting next_dagrun for example_setup_teardown_taskflow to None, run_after=None
[2024-12-01T02:21:20.606+0000] {processor.py:208} INFO - Processing /home/airflow/.local/lib/python3.12/site-packages/airflow/example_dags/example_setup_teardown_taskflow.py took 0.243 seconds
[2024-12-01T02:21:51.233+0000] {processor.py:186} INFO - Started process (PID=51935) to work on /home/airflow/.local/lib/python3.12/site-packages/airflow/example_dags/example_setup_teardown_taskflow.py
[2024-12-01T02:21:51.234+0000] {processor.py:914} INFO - Processing file /home/airflow/.local/lib/python3.12/site-packages/airflow/example_dags/example_setup_teardown_taskflow.py for tasks to queue
[2024-12-01T02:21:51.236+0000] {logging_mixin.py:190} INFO - [2024-12-01T02:21:51.236+0000] {dagbag.py:588} INFO - Filling up the DagBag from /home/airflow/.local/lib/python3.12/site-packages/airflow/example_dags/example_setup_teardown_taskflow.py
[2024-12-01T02:21:51.246+0000] {processor.py:925} INFO - DAG(s) 'example_setup_teardown_taskflow' retrieved from /home/airflow/.local/lib/python3.12/site-packages/airflow/example_dags/example_setup_teardown_taskflow.py
[2024-12-01T02:21:51.267+0000] {logging_mixin.py:190} INFO - [2024-12-01T02:21:51.267+0000] {dag.py:3239} INFO - Sync 1 DAGs
[2024-12-01T02:21:51.280+0000] {logging_mixin.py:190} INFO - [2024-12-01T02:21:51.280+0000] {dag.py:4180} INFO - Setting next_dagrun for example_setup_teardown_taskflow to None, run_after=None
[2024-12-01T02:21:51.459+0000] {processor.py:208} INFO - Processing /home/airflow/.local/lib/python3.12/site-packages/airflow/example_dags/example_setup_teardown_taskflow.py took 0.231 seconds
[2024-12-01T02:22:22.271+0000] {processor.py:186} INFO - Started process (PID=52001) to work on /home/airflow/.local/lib/python3.12/site-packages/airflow/example_dags/example_setup_teardown_taskflow.py
[2024-12-01T02:22:22.272+0000] {processor.py:914} INFO - Processing file /home/airflow/.local/lib/python3.12/site-packages/airflow/example_dags/example_setup_teardown_taskflow.py for tasks to queue
[2024-12-01T02:22:22.274+0000] {logging_mixin.py:190} INFO - [2024-12-01T02:22:22.274+0000] {dagbag.py:588} INFO - Filling up the DagBag from /home/airflow/.local/lib/python3.12/site-packages/airflow/example_dags/example_setup_teardown_taskflow.py
[2024-12-01T02:22:22.285+0000] {processor.py:925} INFO - DAG(s) 'example_setup_teardown_taskflow' retrieved from /home/airflow/.local/lib/python3.12/site-packages/airflow/example_dags/example_setup_teardown_taskflow.py
[2024-12-01T02:22:22.317+0000] {logging_mixin.py:190} INFO - [2024-12-01T02:22:22.317+0000] {dag.py:3239} INFO - Sync 1 DAGs
[2024-12-01T02:22:22.337+0000] {logging_mixin.py:190} INFO - [2024-12-01T02:22:22.337+0000] {dag.py:4180} INFO - Setting next_dagrun for example_setup_teardown_taskflow to None, run_after=None
[2024-12-01T02:22:22.353+0000] {processor.py:208} INFO - Processing /home/airflow/.local/lib/python3.12/site-packages/airflow/example_dags/example_setup_teardown_taskflow.py took 0.087 seconds
[2024-12-01T02:22:52.911+0000] {processor.py:186} INFO - Started process (PID=52067) to work on /home/airflow/.local/lib/python3.12/site-packages/airflow/example_dags/example_setup_teardown_taskflow.py
[2024-12-01T02:22:52.912+0000] {processor.py:914} INFO - Processing file /home/airflow/.local/lib/python3.12/site-packages/airflow/example_dags/example_setup_teardown_taskflow.py for tasks to queue
[2024-12-01T02:22:52.914+0000] {logging_mixin.py:190} INFO - [2024-12-01T02:22:52.913+0000] {dagbag.py:588} INFO - Filling up the DagBag from /home/airflow/.local/lib/python3.12/site-packages/airflow/example_dags/example_setup_teardown_taskflow.py
[2024-12-01T02:22:52.923+0000] {processor.py:925} INFO - DAG(s) 'example_setup_teardown_taskflow' retrieved from /home/airflow/.local/lib/python3.12/site-packages/airflow/example_dags/example_setup_teardown_taskflow.py
[2024-12-01T02:22:52.944+0000] {logging_mixin.py:190} INFO - [2024-12-01T02:22:52.944+0000] {dag.py:3239} INFO - Sync 1 DAGs
[2024-12-01T02:22:52.958+0000] {logging_mixin.py:190} INFO - [2024-12-01T02:22:52.958+0000] {dag.py:4180} INFO - Setting next_dagrun for example_setup_teardown_taskflow to None, run_after=None
[2024-12-01T02:22:52.976+0000] {processor.py:208} INFO - Processing /home/airflow/.local/lib/python3.12/site-packages/airflow/example_dags/example_setup_teardown_taskflow.py took 0.070 seconds
[2024-12-01T02:23:23.695+0000] {processor.py:186} INFO - Started process (PID=52133) to work on /home/airflow/.local/lib/python3.12/site-packages/airflow/example_dags/example_setup_teardown_taskflow.py
[2024-12-01T02:23:23.696+0000] {processor.py:914} INFO - Processing file /home/airflow/.local/lib/python3.12/site-packages/airflow/example_dags/example_setup_teardown_taskflow.py for tasks to queue
[2024-12-01T02:23:23.698+0000] {logging_mixin.py:190} INFO - [2024-12-01T02:23:23.698+0000] {dagbag.py:588} INFO - Filling up the DagBag from /home/airflow/.local/lib/python3.12/site-packages/airflow/example_dags/example_setup_teardown_taskflow.py
[2024-12-01T02:23:23.926+0000] {processor.py:925} INFO - DAG(s) 'example_setup_teardown_taskflow' retrieved from /home/airflow/.local/lib/python3.12/site-packages/airflow/example_dags/example_setup_teardown_taskflow.py
[2024-12-01T02:23:23.942+0000] {logging_mixin.py:190} INFO - [2024-12-01T02:23:23.942+0000] {dag.py:3239} INFO - Sync 1 DAGs
[2024-12-01T02:23:23.953+0000] {logging_mixin.py:190} INFO - [2024-12-01T02:23:23.953+0000] {dag.py:4180} INFO - Setting next_dagrun for example_setup_teardown_taskflow to None, run_after=None
[2024-12-01T02:23:23.967+0000] {processor.py:208} INFO - Processing /home/airflow/.local/lib/python3.12/site-packages/airflow/example_dags/example_setup_teardown_taskflow.py took 0.278 seconds
[2024-12-01T02:23:55.046+0000] {processor.py:186} INFO - Started process (PID=52199) to work on /home/airflow/.local/lib/python3.12/site-packages/airflow/example_dags/example_setup_teardown_taskflow.py
[2024-12-01T02:23:55.047+0000] {processor.py:914} INFO - Processing file /home/airflow/.local/lib/python3.12/site-packages/airflow/example_dags/example_setup_teardown_taskflow.py for tasks to queue
[2024-12-01T02:23:55.050+0000] {logging_mixin.py:190} INFO - [2024-12-01T02:23:55.049+0000] {dagbag.py:588} INFO - Filling up the DagBag from /home/airflow/.local/lib/python3.12/site-packages/airflow/example_dags/example_setup_teardown_taskflow.py
[2024-12-01T02:23:55.060+0000] {processor.py:925} INFO - DAG(s) 'example_setup_teardown_taskflow' retrieved from /home/airflow/.local/lib/python3.12/site-packages/airflow/example_dags/example_setup_teardown_taskflow.py
[2024-12-01T02:23:55.080+0000] {logging_mixin.py:190} INFO - [2024-12-01T02:23:55.079+0000] {dag.py:3239} INFO - Sync 1 DAGs
[2024-12-01T02:23:55.092+0000] {logging_mixin.py:190} INFO - [2024-12-01T02:23:55.092+0000] {dag.py:4180} INFO - Setting next_dagrun for example_setup_teardown_taskflow to None, run_after=None
[2024-12-01T02:23:55.109+0000] {processor.py:208} INFO - Processing /home/airflow/.local/lib/python3.12/site-packages/airflow/example_dags/example_setup_teardown_taskflow.py took 0.069 seconds
[2024-12-01T02:24:26.444+0000] {processor.py:186} INFO - Started process (PID=52265) to work on /home/airflow/.local/lib/python3.12/site-packages/airflow/example_dags/example_setup_teardown_taskflow.py
[2024-12-01T02:24:26.445+0000] {processor.py:914} INFO - Processing file /home/airflow/.local/lib/python3.12/site-packages/airflow/example_dags/example_setup_teardown_taskflow.py for tasks to queue
[2024-12-01T02:24:26.447+0000] {logging_mixin.py:190} INFO - [2024-12-01T02:24:26.447+0000] {dagbag.py:588} INFO - Filling up the DagBag from /home/airflow/.local/lib/python3.12/site-packages/airflow/example_dags/example_setup_teardown_taskflow.py
[2024-12-01T02:24:26.457+0000] {processor.py:925} INFO - DAG(s) 'example_setup_teardown_taskflow' retrieved from /home/airflow/.local/lib/python3.12/site-packages/airflow/example_dags/example_setup_teardown_taskflow.py
[2024-12-01T02:24:26.478+0000] {logging_mixin.py:190} INFO - [2024-12-01T02:24:26.477+0000] {dag.py:3239} INFO - Sync 1 DAGs
[2024-12-01T02:24:26.490+0000] {logging_mixin.py:190} INFO - [2024-12-01T02:24:26.490+0000] {dag.py:4180} INFO - Setting next_dagrun for example_setup_teardown_taskflow to None, run_after=None
[2024-12-01T02:24:26.508+0000] {processor.py:208} INFO - Processing /home/airflow/.local/lib/python3.12/site-packages/airflow/example_dags/example_setup_teardown_taskflow.py took 0.069 seconds
[2024-12-01T02:24:57.852+0000] {processor.py:186} INFO - Started process (PID=52331) to work on /home/airflow/.local/lib/python3.12/site-packages/airflow/example_dags/example_setup_teardown_taskflow.py
[2024-12-01T02:24:57.853+0000] {processor.py:914} INFO - Processing file /home/airflow/.local/lib/python3.12/site-packages/airflow/example_dags/example_setup_teardown_taskflow.py for tasks to queue
[2024-12-01T02:24:57.855+0000] {logging_mixin.py:190} INFO - [2024-12-01T02:24:57.855+0000] {dagbag.py:588} INFO - Filling up the DagBag from /home/airflow/.local/lib/python3.12/site-packages/airflow/example_dags/example_setup_teardown_taskflow.py
[2024-12-01T02:24:57.866+0000] {processor.py:925} INFO - DAG(s) 'example_setup_teardown_taskflow' retrieved from /home/airflow/.local/lib/python3.12/site-packages/airflow/example_dags/example_setup_teardown_taskflow.py
[2024-12-01T02:24:57.886+0000] {logging_mixin.py:190} INFO - [2024-12-01T02:24:57.886+0000] {dag.py:3239} INFO - Sync 1 DAGs
[2024-12-01T02:24:57.899+0000] {logging_mixin.py:190} INFO - [2024-12-01T02:24:57.899+0000] {dag.py:4180} INFO - Setting next_dagrun for example_setup_teardown_taskflow to None, run_after=None
[2024-12-01T02:24:57.917+0000] {processor.py:208} INFO - Processing /home/airflow/.local/lib/python3.12/site-packages/airflow/example_dags/example_setup_teardown_taskflow.py took 0.071 seconds
[2024-12-01T02:25:28.433+0000] {processor.py:186} INFO - Started process (PID=52397) to work on /home/airflow/.local/lib/python3.12/site-packages/airflow/example_dags/example_setup_teardown_taskflow.py
[2024-12-01T02:25:28.434+0000] {processor.py:914} INFO - Processing file /home/airflow/.local/lib/python3.12/site-packages/airflow/example_dags/example_setup_teardown_taskflow.py for tasks to queue
[2024-12-01T02:25:28.436+0000] {logging_mixin.py:190} INFO - [2024-12-01T02:25:28.436+0000] {dagbag.py:588} INFO - Filling up the DagBag from /home/airflow/.local/lib/python3.12/site-packages/airflow/example_dags/example_setup_teardown_taskflow.py
[2024-12-01T02:25:28.446+0000] {processor.py:925} INFO - DAG(s) 'example_setup_teardown_taskflow' retrieved from /home/airflow/.local/lib/python3.12/site-packages/airflow/example_dags/example_setup_teardown_taskflow.py
[2024-12-01T02:25:28.466+0000] {logging_mixin.py:190} INFO - [2024-12-01T02:25:28.465+0000] {dag.py:3239} INFO - Sync 1 DAGs
[2024-12-01T02:25:28.479+0000] {logging_mixin.py:190} INFO - [2024-12-01T02:25:28.479+0000] {dag.py:4180} INFO - Setting next_dagrun for example_setup_teardown_taskflow to None, run_after=None
[2024-12-01T02:25:28.494+0000] {processor.py:208} INFO - Processing /home/airflow/.local/lib/python3.12/site-packages/airflow/example_dags/example_setup_teardown_taskflow.py took 0.067 seconds
[2024-12-01T02:25:59.094+0000] {processor.py:186} INFO - Started process (PID=52463) to work on /home/airflow/.local/lib/python3.12/site-packages/airflow/example_dags/example_setup_teardown_taskflow.py
[2024-12-01T02:25:59.095+0000] {processor.py:914} INFO - Processing file /home/airflow/.local/lib/python3.12/site-packages/airflow/example_dags/example_setup_teardown_taskflow.py for tasks to queue
[2024-12-01T02:25:59.097+0000] {logging_mixin.py:190} INFO - [2024-12-01T02:25:59.097+0000] {dagbag.py:588} INFO - Filling up the DagBag from /home/airflow/.local/lib/python3.12/site-packages/airflow/example_dags/example_setup_teardown_taskflow.py
[2024-12-01T02:25:59.109+0000] {processor.py:925} INFO - DAG(s) 'example_setup_teardown_taskflow' retrieved from /home/airflow/.local/lib/python3.12/site-packages/airflow/example_dags/example_setup_teardown_taskflow.py
[2024-12-01T02:25:59.130+0000] {logging_mixin.py:190} INFO - [2024-12-01T02:25:59.129+0000] {dag.py:3239} INFO - Sync 1 DAGs
[2024-12-01T02:25:59.143+0000] {logging_mixin.py:190} INFO - [2024-12-01T02:25:59.143+0000] {dag.py:4180} INFO - Setting next_dagrun for example_setup_teardown_taskflow to None, run_after=None
[2024-12-01T02:25:59.161+0000] {processor.py:208} INFO - Processing /home/airflow/.local/lib/python3.12/site-packages/airflow/example_dags/example_setup_teardown_taskflow.py took 0.072 seconds
[2024-12-01T02:26:29.653+0000] {processor.py:186} INFO - Started process (PID=52529) to work on /home/airflow/.local/lib/python3.12/site-packages/airflow/example_dags/example_setup_teardown_taskflow.py
[2024-12-01T02:26:29.654+0000] {processor.py:914} INFO - Processing file /home/airflow/.local/lib/python3.12/site-packages/airflow/example_dags/example_setup_teardown_taskflow.py for tasks to queue
[2024-12-01T02:26:29.657+0000] {logging_mixin.py:190} INFO - [2024-12-01T02:26:29.657+0000] {dagbag.py:588} INFO - Filling up the DagBag from /home/airflow/.local/lib/python3.12/site-packages/airflow/example_dags/example_setup_teardown_taskflow.py
[2024-12-01T02:26:29.668+0000] {processor.py:925} INFO - DAG(s) 'example_setup_teardown_taskflow' retrieved from /home/airflow/.local/lib/python3.12/site-packages/airflow/example_dags/example_setup_teardown_taskflow.py
[2024-12-01T02:26:29.688+0000] {logging_mixin.py:190} INFO - [2024-12-01T02:26:29.688+0000] {dag.py:3239} INFO - Sync 1 DAGs
[2024-12-01T02:26:29.701+0000] {logging_mixin.py:190} INFO - [2024-12-01T02:26:29.701+0000] {dag.py:4180} INFO - Setting next_dagrun for example_setup_teardown_taskflow to None, run_after=None
[2024-12-01T02:26:29.718+0000] {processor.py:208} INFO - Processing /home/airflow/.local/lib/python3.12/site-packages/airflow/example_dags/example_setup_teardown_taskflow.py took 0.073 seconds
[2024-12-01T02:27:00.107+0000] {processor.py:186} INFO - Started process (PID=52601) to work on /home/airflow/.local/lib/python3.12/site-packages/airflow/example_dags/example_setup_teardown_taskflow.py
[2024-12-01T02:27:00.108+0000] {processor.py:914} INFO - Processing file /home/airflow/.local/lib/python3.12/site-packages/airflow/example_dags/example_setup_teardown_taskflow.py for tasks to queue
[2024-12-01T02:27:00.110+0000] {logging_mixin.py:190} INFO - [2024-12-01T02:27:00.110+0000] {dagbag.py:588} INFO - Filling up the DagBag from /home/airflow/.local/lib/python3.12/site-packages/airflow/example_dags/example_setup_teardown_taskflow.py
[2024-12-01T02:27:00.120+0000] {processor.py:925} INFO - DAG(s) 'example_setup_teardown_taskflow' retrieved from /home/airflow/.local/lib/python3.12/site-packages/airflow/example_dags/example_setup_teardown_taskflow.py
[2024-12-01T02:27:00.139+0000] {logging_mixin.py:190} INFO - [2024-12-01T02:27:00.139+0000] {dag.py:3239} INFO - Sync 1 DAGs
[2024-12-01T02:27:00.153+0000] {logging_mixin.py:190} INFO - [2024-12-01T02:27:00.153+0000] {dag.py:4180} INFO - Setting next_dagrun for example_setup_teardown_taskflow to None, run_after=None
[2024-12-01T02:27:00.171+0000] {processor.py:208} INFO - Processing /home/airflow/.local/lib/python3.12/site-packages/airflow/example_dags/example_setup_teardown_taskflow.py took 0.069 seconds
[2024-12-01T02:27:30.773+0000] {processor.py:186} INFO - Started process (PID=52667) to work on /home/airflow/.local/lib/python3.12/site-packages/airflow/example_dags/example_setup_teardown_taskflow.py
[2024-12-01T02:27:30.774+0000] {processor.py:914} INFO - Processing file /home/airflow/.local/lib/python3.12/site-packages/airflow/example_dags/example_setup_teardown_taskflow.py for tasks to queue
[2024-12-01T02:27:30.777+0000] {logging_mixin.py:190} INFO - [2024-12-01T02:27:30.777+0000] {dagbag.py:588} INFO - Filling up the DagBag from /home/airflow/.local/lib/python3.12/site-packages/airflow/example_dags/example_setup_teardown_taskflow.py
[2024-12-01T02:27:30.788+0000] {processor.py:925} INFO - DAG(s) 'example_setup_teardown_taskflow' retrieved from /home/airflow/.local/lib/python3.12/site-packages/airflow/example_dags/example_setup_teardown_taskflow.py
[2024-12-01T02:27:30.817+0000] {logging_mixin.py:190} INFO - [2024-12-01T02:27:30.816+0000] {dag.py:3239} INFO - Sync 1 DAGs
[2024-12-01T02:27:30.835+0000] {logging_mixin.py:190} INFO - [2024-12-01T02:27:30.835+0000] {dag.py:4180} INFO - Setting next_dagrun for example_setup_teardown_taskflow to None, run_after=None
[2024-12-01T02:27:30.857+0000] {processor.py:208} INFO - Processing /home/airflow/.local/lib/python3.12/site-packages/airflow/example_dags/example_setup_teardown_taskflow.py took 0.091 seconds
[2024-12-01T02:28:02.159+0000] {processor.py:186} INFO - Started process (PID=52733) to work on /home/airflow/.local/lib/python3.12/site-packages/airflow/example_dags/example_setup_teardown_taskflow.py
[2024-12-01T02:28:02.160+0000] {processor.py:914} INFO - Processing file /home/airflow/.local/lib/python3.12/site-packages/airflow/example_dags/example_setup_teardown_taskflow.py for tasks to queue
[2024-12-01T02:28:02.162+0000] {logging_mixin.py:190} INFO - [2024-12-01T02:28:02.162+0000] {dagbag.py:588} INFO - Filling up the DagBag from /home/airflow/.local/lib/python3.12/site-packages/airflow/example_dags/example_setup_teardown_taskflow.py
[2024-12-01T02:28:02.172+0000] {processor.py:925} INFO - DAG(s) 'example_setup_teardown_taskflow' retrieved from /home/airflow/.local/lib/python3.12/site-packages/airflow/example_dags/example_setup_teardown_taskflow.py
[2024-12-01T02:28:02.194+0000] {logging_mixin.py:190} INFO - [2024-12-01T02:28:02.194+0000] {dag.py:3239} INFO - Sync 1 DAGs
[2024-12-01T02:28:02.208+0000] {logging_mixin.py:190} INFO - [2024-12-01T02:28:02.208+0000] {dag.py:4180} INFO - Setting next_dagrun for example_setup_teardown_taskflow to None, run_after=None
[2024-12-01T02:28:02.228+0000] {processor.py:208} INFO - Processing /home/airflow/.local/lib/python3.12/site-packages/airflow/example_dags/example_setup_teardown_taskflow.py took 0.074 seconds
[2024-12-01T02:28:32.742+0000] {processor.py:186} INFO - Started process (PID=52799) to work on /home/airflow/.local/lib/python3.12/site-packages/airflow/example_dags/example_setup_teardown_taskflow.py
[2024-12-01T02:28:32.743+0000] {processor.py:914} INFO - Processing file /home/airflow/.local/lib/python3.12/site-packages/airflow/example_dags/example_setup_teardown_taskflow.py for tasks to queue
[2024-12-01T02:28:32.746+0000] {logging_mixin.py:190} INFO - [2024-12-01T02:28:32.745+0000] {dagbag.py:588} INFO - Filling up the DagBag from /home/airflow/.local/lib/python3.12/site-packages/airflow/example_dags/example_setup_teardown_taskflow.py
[2024-12-01T02:28:32.756+0000] {processor.py:925} INFO - DAG(s) 'example_setup_teardown_taskflow' retrieved from /home/airflow/.local/lib/python3.12/site-packages/airflow/example_dags/example_setup_teardown_taskflow.py
[2024-12-01T02:28:32.778+0000] {logging_mixin.py:190} INFO - [2024-12-01T02:28:32.777+0000] {dag.py:3239} INFO - Sync 1 DAGs
[2024-12-01T02:28:32.797+0000] {logging_mixin.py:190} INFO - [2024-12-01T02:28:32.797+0000] {dag.py:4180} INFO - Setting next_dagrun for example_setup_teardown_taskflow to None, run_after=None
[2024-12-01T02:28:32.821+0000] {processor.py:208} INFO - Processing /home/airflow/.local/lib/python3.12/site-packages/airflow/example_dags/example_setup_teardown_taskflow.py took 0.084 seconds
[2024-12-01T02:29:03.200+0000] {processor.py:186} INFO - Started process (PID=52865) to work on /home/airflow/.local/lib/python3.12/site-packages/airflow/example_dags/example_setup_teardown_taskflow.py
[2024-12-01T02:29:03.201+0000] {processor.py:914} INFO - Processing file /home/airflow/.local/lib/python3.12/site-packages/airflow/example_dags/example_setup_teardown_taskflow.py for tasks to queue
[2024-12-01T02:29:03.203+0000] {logging_mixin.py:190} INFO - [2024-12-01T02:29:03.202+0000] {dagbag.py:588} INFO - Filling up the DagBag from /home/airflow/.local/lib/python3.12/site-packages/airflow/example_dags/example_setup_teardown_taskflow.py
[2024-12-01T02:29:03.212+0000] {processor.py:925} INFO - DAG(s) 'example_setup_teardown_taskflow' retrieved from /home/airflow/.local/lib/python3.12/site-packages/airflow/example_dags/example_setup_teardown_taskflow.py
[2024-12-01T02:29:03.237+0000] {logging_mixin.py:190} INFO - [2024-12-01T02:29:03.237+0000] {dag.py:3239} INFO - Sync 1 DAGs
[2024-12-01T02:29:03.251+0000] {logging_mixin.py:190} INFO - [2024-12-01T02:29:03.251+0000] {dag.py:4180} INFO - Setting next_dagrun for example_setup_teardown_taskflow to None, run_after=None
[2024-12-01T02:29:03.270+0000] {processor.py:208} INFO - Processing /home/airflow/.local/lib/python3.12/site-packages/airflow/example_dags/example_setup_teardown_taskflow.py took 0.075 seconds
[2024-12-01T02:29:33.904+0000] {processor.py:186} INFO - Started process (PID=52931) to work on /home/airflow/.local/lib/python3.12/site-packages/airflow/example_dags/example_setup_teardown_taskflow.py
[2024-12-01T02:29:33.905+0000] {processor.py:914} INFO - Processing file /home/airflow/.local/lib/python3.12/site-packages/airflow/example_dags/example_setup_teardown_taskflow.py for tasks to queue
[2024-12-01T02:29:33.908+0000] {logging_mixin.py:190} INFO - [2024-12-01T02:29:33.907+0000] {dagbag.py:588} INFO - Filling up the DagBag from /home/airflow/.local/lib/python3.12/site-packages/airflow/example_dags/example_setup_teardown_taskflow.py
[2024-12-01T02:29:33.917+0000] {processor.py:925} INFO - DAG(s) 'example_setup_teardown_taskflow' retrieved from /home/airflow/.local/lib/python3.12/site-packages/airflow/example_dags/example_setup_teardown_taskflow.py
[2024-12-01T02:29:33.937+0000] {logging_mixin.py:190} INFO - [2024-12-01T02:29:33.936+0000] {dag.py:3239} INFO - Sync 1 DAGs
[2024-12-01T02:29:33.949+0000] {logging_mixin.py:190} INFO - [2024-12-01T02:29:33.949+0000] {dag.py:4180} INFO - Setting next_dagrun for example_setup_teardown_taskflow to None, run_after=None
[2024-12-01T02:29:33.966+0000] {processor.py:208} INFO - Processing /home/airflow/.local/lib/python3.12/site-packages/airflow/example_dags/example_setup_teardown_taskflow.py took 0.067 seconds
[2024-12-01T02:30:05.267+0000] {processor.py:186} INFO - Started process (PID=52997) to work on /home/airflow/.local/lib/python3.12/site-packages/airflow/example_dags/example_setup_teardown_taskflow.py
[2024-12-01T02:30:05.268+0000] {processor.py:914} INFO - Processing file /home/airflow/.local/lib/python3.12/site-packages/airflow/example_dags/example_setup_teardown_taskflow.py for tasks to queue
[2024-12-01T02:30:05.270+0000] {logging_mixin.py:190} INFO - [2024-12-01T02:30:05.270+0000] {dagbag.py:588} INFO - Filling up the DagBag from /home/airflow/.local/lib/python3.12/site-packages/airflow/example_dags/example_setup_teardown_taskflow.py
[2024-12-01T02:30:05.280+0000] {processor.py:925} INFO - DAG(s) 'example_setup_teardown_taskflow' retrieved from /home/airflow/.local/lib/python3.12/site-packages/airflow/example_dags/example_setup_teardown_taskflow.py
[2024-12-01T02:30:05.304+0000] {logging_mixin.py:190} INFO - [2024-12-01T02:30:05.304+0000] {dag.py:3239} INFO - Sync 1 DAGs
[2024-12-01T02:30:05.317+0000] {logging_mixin.py:190} INFO - [2024-12-01T02:30:05.317+0000] {dag.py:4180} INFO - Setting next_dagrun for example_setup_teardown_taskflow to None, run_after=None
[2024-12-01T02:30:05.336+0000] {processor.py:208} INFO - Processing /home/airflow/.local/lib/python3.12/site-packages/airflow/example_dags/example_setup_teardown_taskflow.py took 0.074 seconds
[2024-12-01T02:30:35.700+0000] {processor.py:186} INFO - Started process (PID=53063) to work on /home/airflow/.local/lib/python3.12/site-packages/airflow/example_dags/example_setup_teardown_taskflow.py
[2024-12-01T02:30:35.701+0000] {processor.py:914} INFO - Processing file /home/airflow/.local/lib/python3.12/site-packages/airflow/example_dags/example_setup_teardown_taskflow.py for tasks to queue
[2024-12-01T02:30:35.703+0000] {logging_mixin.py:190} INFO - [2024-12-01T02:30:35.702+0000] {dagbag.py:588} INFO - Filling up the DagBag from /home/airflow/.local/lib/python3.12/site-packages/airflow/example_dags/example_setup_teardown_taskflow.py
[2024-12-01T02:30:35.712+0000] {processor.py:925} INFO - DAG(s) 'example_setup_teardown_taskflow' retrieved from /home/airflow/.local/lib/python3.12/site-packages/airflow/example_dags/example_setup_teardown_taskflow.py
[2024-12-01T02:30:35.733+0000] {logging_mixin.py:190} INFO - [2024-12-01T02:30:35.733+0000] {dag.py:3239} INFO - Sync 1 DAGs
[2024-12-01T02:30:35.747+0000] {logging_mixin.py:190} INFO - [2024-12-01T02:30:35.747+0000] {dag.py:4180} INFO - Setting next_dagrun for example_setup_teardown_taskflow to None, run_after=None
[2024-12-01T02:30:35.765+0000] {processor.py:208} INFO - Processing /home/airflow/.local/lib/python3.12/site-packages/airflow/example_dags/example_setup_teardown_taskflow.py took 0.071 seconds
[2024-12-01T02:31:06.466+0000] {processor.py:186} INFO - Started process (PID=53129) to work on /home/airflow/.local/lib/python3.12/site-packages/airflow/example_dags/example_setup_teardown_taskflow.py
[2024-12-01T02:31:06.467+0000] {processor.py:914} INFO - Processing file /home/airflow/.local/lib/python3.12/site-packages/airflow/example_dags/example_setup_teardown_taskflow.py for tasks to queue
[2024-12-01T02:31:06.469+0000] {logging_mixin.py:190} INFO - [2024-12-01T02:31:06.469+0000] {dagbag.py:588} INFO - Filling up the DagBag from /home/airflow/.local/lib/python3.12/site-packages/airflow/example_dags/example_setup_teardown_taskflow.py
[2024-12-01T02:31:06.479+0000] {processor.py:925} INFO - DAG(s) 'example_setup_teardown_taskflow' retrieved from /home/airflow/.local/lib/python3.12/site-packages/airflow/example_dags/example_setup_teardown_taskflow.py
[2024-12-01T02:31:06.500+0000] {logging_mixin.py:190} INFO - [2024-12-01T02:31:06.499+0000] {dag.py:3239} INFO - Sync 1 DAGs
[2024-12-01T02:31:06.515+0000] {logging_mixin.py:190} INFO - [2024-12-01T02:31:06.515+0000] {dag.py:4180} INFO - Setting next_dagrun for example_setup_teardown_taskflow to None, run_after=None
[2024-12-01T02:31:06.532+0000] {processor.py:208} INFO - Processing /home/airflow/.local/lib/python3.12/site-packages/airflow/example_dags/example_setup_teardown_taskflow.py took 0.071 seconds
[2024-12-01T02:31:37.763+0000] {processor.py:186} INFO - Started process (PID=53195) to work on /home/airflow/.local/lib/python3.12/site-packages/airflow/example_dags/example_setup_teardown_taskflow.py
[2024-12-01T02:31:37.764+0000] {processor.py:914} INFO - Processing file /home/airflow/.local/lib/python3.12/site-packages/airflow/example_dags/example_setup_teardown_taskflow.py for tasks to queue
[2024-12-01T02:31:37.766+0000] {logging_mixin.py:190} INFO - [2024-12-01T02:31:37.766+0000] {dagbag.py:588} INFO - Filling up the DagBag from /home/airflow/.local/lib/python3.12/site-packages/airflow/example_dags/example_setup_teardown_taskflow.py
[2024-12-01T02:31:37.778+0000] {processor.py:925} INFO - DAG(s) 'example_setup_teardown_taskflow' retrieved from /home/airflow/.local/lib/python3.12/site-packages/airflow/example_dags/example_setup_teardown_taskflow.py
[2024-12-01T02:31:37.801+0000] {logging_mixin.py:190} INFO - [2024-12-01T02:31:37.800+0000] {dag.py:3239} INFO - Sync 1 DAGs
[2024-12-01T02:31:37.818+0000] {logging_mixin.py:190} INFO - [2024-12-01T02:31:37.818+0000] {dag.py:4180} INFO - Setting next_dagrun for example_setup_teardown_taskflow to None, run_after=None
[2024-12-01T02:31:37.834+0000] {processor.py:208} INFO - Processing /home/airflow/.local/lib/python3.12/site-packages/airflow/example_dags/example_setup_teardown_taskflow.py took 0.077 seconds
[2024-12-01T02:32:08.337+0000] {processor.py:186} INFO - Started process (PID=53261) to work on /home/airflow/.local/lib/python3.12/site-packages/airflow/example_dags/example_setup_teardown_taskflow.py
[2024-12-01T02:32:08.338+0000] {processor.py:914} INFO - Processing file /home/airflow/.local/lib/python3.12/site-packages/airflow/example_dags/example_setup_teardown_taskflow.py for tasks to queue
[2024-12-01T02:32:08.340+0000] {logging_mixin.py:190} INFO - [2024-12-01T02:32:08.340+0000] {dagbag.py:588} INFO - Filling up the DagBag from /home/airflow/.local/lib/python3.12/site-packages/airflow/example_dags/example_setup_teardown_taskflow.py
[2024-12-01T02:32:08.350+0000] {processor.py:925} INFO - DAG(s) 'example_setup_teardown_taskflow' retrieved from /home/airflow/.local/lib/python3.12/site-packages/airflow/example_dags/example_setup_teardown_taskflow.py
[2024-12-01T02:32:08.370+0000] {logging_mixin.py:190} INFO - [2024-12-01T02:32:08.369+0000] {dag.py:3239} INFO - Sync 1 DAGs
[2024-12-01T02:32:08.383+0000] {logging_mixin.py:190} INFO - [2024-12-01T02:32:08.383+0000] {dag.py:4180} INFO - Setting next_dagrun for example_setup_teardown_taskflow to None, run_after=None
[2024-12-01T02:32:08.398+0000] {processor.py:208} INFO - Processing /home/airflow/.local/lib/python3.12/site-packages/airflow/example_dags/example_setup_teardown_taskflow.py took 0.067 seconds
[2024-12-01T02:32:38.861+0000] {processor.py:186} INFO - Started process (PID=53327) to work on /home/airflow/.local/lib/python3.12/site-packages/airflow/example_dags/example_setup_teardown_taskflow.py
[2024-12-01T02:32:38.862+0000] {processor.py:914} INFO - Processing file /home/airflow/.local/lib/python3.12/site-packages/airflow/example_dags/example_setup_teardown_taskflow.py for tasks to queue
[2024-12-01T02:32:38.864+0000] {logging_mixin.py:190} INFO - [2024-12-01T02:32:38.864+0000] {dagbag.py:588} INFO - Filling up the DagBag from /home/airflow/.local/lib/python3.12/site-packages/airflow/example_dags/example_setup_teardown_taskflow.py
[2024-12-01T02:32:38.874+0000] {processor.py:925} INFO - DAG(s) 'example_setup_teardown_taskflow' retrieved from /home/airflow/.local/lib/python3.12/site-packages/airflow/example_dags/example_setup_teardown_taskflow.py
[2024-12-01T02:32:38.897+0000] {logging_mixin.py:190} INFO - [2024-12-01T02:32:38.896+0000] {dag.py:3239} INFO - Sync 1 DAGs
[2024-12-01T02:32:38.914+0000] {logging_mixin.py:190} INFO - [2024-12-01T02:32:38.913+0000] {dag.py:4180} INFO - Setting next_dagrun for example_setup_teardown_taskflow to None, run_after=None
[2024-12-01T02:32:38.932+0000] {processor.py:208} INFO - Processing /home/airflow/.local/lib/python3.12/site-packages/airflow/example_dags/example_setup_teardown_taskflow.py took 0.076 seconds
[2024-12-01T02:33:09.380+0000] {processor.py:186} INFO - Started process (PID=53393) to work on /home/airflow/.local/lib/python3.12/site-packages/airflow/example_dags/example_setup_teardown_taskflow.py
[2024-12-01T02:33:09.381+0000] {processor.py:914} INFO - Processing file /home/airflow/.local/lib/python3.12/site-packages/airflow/example_dags/example_setup_teardown_taskflow.py for tasks to queue
[2024-12-01T02:33:09.383+0000] {logging_mixin.py:190} INFO - [2024-12-01T02:33:09.383+0000] {dagbag.py:588} INFO - Filling up the DagBag from /home/airflow/.local/lib/python3.12/site-packages/airflow/example_dags/example_setup_teardown_taskflow.py
[2024-12-01T02:33:09.393+0000] {processor.py:925} INFO - DAG(s) 'example_setup_teardown_taskflow' retrieved from /home/airflow/.local/lib/python3.12/site-packages/airflow/example_dags/example_setup_teardown_taskflow.py
[2024-12-01T02:33:09.414+0000] {logging_mixin.py:190} INFO - [2024-12-01T02:33:09.413+0000] {dag.py:3239} INFO - Sync 1 DAGs
[2024-12-01T02:33:09.426+0000] {logging_mixin.py:190} INFO - [2024-12-01T02:33:09.426+0000] {dag.py:4180} INFO - Setting next_dagrun for example_setup_teardown_taskflow to None, run_after=None
[2024-12-01T02:33:09.442+0000] {processor.py:208} INFO - Processing /home/airflow/.local/lib/python3.12/site-packages/airflow/example_dags/example_setup_teardown_taskflow.py took 0.067 seconds
[2024-12-01T02:33:40.170+0000] {processor.py:186} INFO - Started process (PID=53459) to work on /home/airflow/.local/lib/python3.12/site-packages/airflow/example_dags/example_setup_teardown_taskflow.py
[2024-12-01T02:33:40.173+0000] {processor.py:914} INFO - Processing file /home/airflow/.local/lib/python3.12/site-packages/airflow/example_dags/example_setup_teardown_taskflow.py for tasks to queue
[2024-12-01T02:33:40.189+0000] {logging_mixin.py:190} INFO - [2024-12-01T02:33:40.188+0000] {dagbag.py:588} INFO - Filling up the DagBag from /home/airflow/.local/lib/python3.12/site-packages/airflow/example_dags/example_setup_teardown_taskflow.py
[2024-12-01T02:33:40.218+0000] {processor.py:925} INFO - DAG(s) 'example_setup_teardown_taskflow' retrieved from /home/airflow/.local/lib/python3.12/site-packages/airflow/example_dags/example_setup_teardown_taskflow.py
[2024-12-01T02:33:40.247+0000] {logging_mixin.py:190} INFO - [2024-12-01T02:33:40.246+0000] {dag.py:3239} INFO - Sync 1 DAGs
[2024-12-01T02:33:40.262+0000] {logging_mixin.py:190} INFO - [2024-12-01T02:33:40.262+0000] {dag.py:4180} INFO - Setting next_dagrun for example_setup_teardown_taskflow to None, run_after=None
[2024-12-01T02:33:40.279+0000] {processor.py:208} INFO - Processing /home/airflow/.local/lib/python3.12/site-packages/airflow/example_dags/example_setup_teardown_taskflow.py took 0.128 seconds
