[2024-12-01T02:11:02.759+0000] {processor.py:186} INFO - Started process (PID=50572) to work on /home/airflow/.local/lib/python3.12/site-packages/airflow/example_dags/example_python_decorator.py
[2024-12-01T02:11:02.761+0000] {processor.py:914} INFO - Processing file /home/airflow/.local/lib/python3.12/site-packages/airflow/example_dags/example_python_decorator.py for tasks to queue
[2024-12-01T02:11:02.764+0000] {logging_mixin.py:190} INFO - [2024-12-01T02:11:02.764+0000] {dagbag.py:588} INFO - Filling up the DagBag from /home/airflow/.local/lib/python3.12/site-packages/airflow/example_dags/example_python_decorator.py
[2024-12-01T02:11:02.795+0000] {processor.py:925} INFO - DAG(s) 'example_python_decorator' retrieved from /home/airflow/.local/lib/python3.12/site-packages/airflow/example_dags/example_python_decorator.py
[2024-12-01T02:11:02.828+0000] {logging_mixin.py:190} INFO - [2024-12-01T02:11:02.827+0000] {dag.py:3239} INFO - Sync 1 DAGs
[2024-12-01T02:11:02.849+0000] {logging_mixin.py:190} INFO - [2024-12-01T02:11:02.849+0000] {dag.py:4180} INFO - Setting next_dagrun for example_python_decorator to None, run_after=None
[2024-12-01T02:11:02.876+0000] {processor.py:208} INFO - Processing /home/airflow/.local/lib/python3.12/site-packages/airflow/example_dags/example_python_decorator.py took 0.131 seconds
[2024-12-01T02:11:33.639+0000] {processor.py:186} INFO - Started process (PID=50639) to work on /home/airflow/.local/lib/python3.12/site-packages/airflow/example_dags/example_python_decorator.py
[2024-12-01T02:11:33.640+0000] {processor.py:914} INFO - Processing file /home/airflow/.local/lib/python3.12/site-packages/airflow/example_dags/example_python_decorator.py for tasks to queue
[2024-12-01T02:11:33.642+0000] {logging_mixin.py:190} INFO - [2024-12-01T02:11:33.642+0000] {dagbag.py:588} INFO - Filling up the DagBag from /home/airflow/.local/lib/python3.12/site-packages/airflow/example_dags/example_python_decorator.py
[2024-12-01T02:11:33.661+0000] {processor.py:925} INFO - DAG(s) 'example_python_decorator' retrieved from /home/airflow/.local/lib/python3.12/site-packages/airflow/example_dags/example_python_decorator.py
[2024-12-01T02:11:33.687+0000] {logging_mixin.py:190} INFO - [2024-12-01T02:11:33.686+0000] {dag.py:3239} INFO - Sync 1 DAGs
[2024-12-01T02:11:33.705+0000] {logging_mixin.py:190} INFO - [2024-12-01T02:11:33.704+0000] {dag.py:4180} INFO - Setting next_dagrun for example_python_decorator to None, run_after=None
[2024-12-01T02:11:33.725+0000] {processor.py:208} INFO - Processing /home/airflow/.local/lib/python3.12/site-packages/airflow/example_dags/example_python_decorator.py took 0.091 seconds
[2024-12-01T02:12:04.137+0000] {processor.py:186} INFO - Started process (PID=50705) to work on /home/airflow/.local/lib/python3.12/site-packages/airflow/example_dags/example_python_decorator.py
[2024-12-01T02:12:04.138+0000] {processor.py:914} INFO - Processing file /home/airflow/.local/lib/python3.12/site-packages/airflow/example_dags/example_python_decorator.py for tasks to queue
[2024-12-01T02:12:04.141+0000] {logging_mixin.py:190} INFO - [2024-12-01T02:12:04.141+0000] {dagbag.py:588} INFO - Filling up the DagBag from /home/airflow/.local/lib/python3.12/site-packages/airflow/example_dags/example_python_decorator.py
[2024-12-01T02:12:04.157+0000] {processor.py:925} INFO - DAG(s) 'example_python_decorator' retrieved from /home/airflow/.local/lib/python3.12/site-packages/airflow/example_dags/example_python_decorator.py
[2024-12-01T02:12:04.177+0000] {logging_mixin.py:190} INFO - [2024-12-01T02:12:04.177+0000] {dag.py:3239} INFO - Sync 1 DAGs
[2024-12-01T02:12:04.191+0000] {logging_mixin.py:190} INFO - [2024-12-01T02:12:04.191+0000] {dag.py:4180} INFO - Setting next_dagrun for example_python_decorator to None, run_after=None
[2024-12-01T02:12:04.210+0000] {processor.py:208} INFO - Processing /home/airflow/.local/lib/python3.12/site-packages/airflow/example_dags/example_python_decorator.py took 0.079 seconds
[2024-12-01T02:12:34.783+0000] {processor.py:186} INFO - Started process (PID=50771) to work on /home/airflow/.local/lib/python3.12/site-packages/airflow/example_dags/example_python_decorator.py
[2024-12-01T02:12:34.784+0000] {processor.py:914} INFO - Processing file /home/airflow/.local/lib/python3.12/site-packages/airflow/example_dags/example_python_decorator.py for tasks to queue
[2024-12-01T02:12:34.786+0000] {logging_mixin.py:190} INFO - [2024-12-01T02:12:34.786+0000] {dagbag.py:588} INFO - Filling up the DagBag from /home/airflow/.local/lib/python3.12/site-packages/airflow/example_dags/example_python_decorator.py
[2024-12-01T02:12:34.799+0000] {processor.py:925} INFO - DAG(s) 'example_python_decorator' retrieved from /home/airflow/.local/lib/python3.12/site-packages/airflow/example_dags/example_python_decorator.py
[2024-12-01T02:12:34.818+0000] {logging_mixin.py:190} INFO - [2024-12-01T02:12:34.817+0000] {dag.py:3239} INFO - Sync 1 DAGs
[2024-12-01T02:12:34.831+0000] {logging_mixin.py:190} INFO - [2024-12-01T02:12:34.831+0000] {dag.py:4180} INFO - Setting next_dagrun for example_python_decorator to None, run_after=None
[2024-12-01T02:12:34.847+0000] {processor.py:208} INFO - Processing /home/airflow/.local/lib/python3.12/site-packages/airflow/example_dags/example_python_decorator.py took 0.070 seconds
[2024-12-01T02:13:05.683+0000] {processor.py:186} INFO - Started process (PID=50837) to work on /home/airflow/.local/lib/python3.12/site-packages/airflow/example_dags/example_python_decorator.py
[2024-12-01T02:13:05.683+0000] {processor.py:914} INFO - Processing file /home/airflow/.local/lib/python3.12/site-packages/airflow/example_dags/example_python_decorator.py for tasks to queue
[2024-12-01T02:13:05.686+0000] {logging_mixin.py:190} INFO - [2024-12-01T02:13:05.686+0000] {dagbag.py:588} INFO - Filling up the DagBag from /home/airflow/.local/lib/python3.12/site-packages/airflow/example_dags/example_python_decorator.py
[2024-12-01T02:13:05.700+0000] {processor.py:925} INFO - DAG(s) 'example_python_decorator' retrieved from /home/airflow/.local/lib/python3.12/site-packages/airflow/example_dags/example_python_decorator.py
[2024-12-01T02:13:05.719+0000] {logging_mixin.py:190} INFO - [2024-12-01T02:13:05.719+0000] {dag.py:3239} INFO - Sync 1 DAGs
[2024-12-01T02:13:05.732+0000] {logging_mixin.py:190} INFO - [2024-12-01T02:13:05.732+0000] {dag.py:4180} INFO - Setting next_dagrun for example_python_decorator to None, run_after=None
[2024-12-01T02:13:05.750+0000] {processor.py:208} INFO - Processing /home/airflow/.local/lib/python3.12/site-packages/airflow/example_dags/example_python_decorator.py took 0.073 seconds
[2024-12-01T02:13:36.354+0000] {processor.py:186} INFO - Started process (PID=50903) to work on /home/airflow/.local/lib/python3.12/site-packages/airflow/example_dags/example_python_decorator.py
[2024-12-01T02:13:36.355+0000] {processor.py:914} INFO - Processing file /home/airflow/.local/lib/python3.12/site-packages/airflow/example_dags/example_python_decorator.py for tasks to queue
[2024-12-01T02:13:36.357+0000] {logging_mixin.py:190} INFO - [2024-12-01T02:13:36.356+0000] {dagbag.py:588} INFO - Filling up the DagBag from /home/airflow/.local/lib/python3.12/site-packages/airflow/example_dags/example_python_decorator.py
[2024-12-01T02:13:36.370+0000] {processor.py:925} INFO - DAG(s) 'example_python_decorator' retrieved from /home/airflow/.local/lib/python3.12/site-packages/airflow/example_dags/example_python_decorator.py
[2024-12-01T02:13:36.389+0000] {logging_mixin.py:190} INFO - [2024-12-01T02:13:36.389+0000] {dag.py:3239} INFO - Sync 1 DAGs
[2024-12-01T02:13:36.402+0000] {logging_mixin.py:190} INFO - [2024-12-01T02:13:36.402+0000] {dag.py:4180} INFO - Setting next_dagrun for example_python_decorator to None, run_after=None
[2024-12-01T02:13:36.419+0000] {processor.py:208} INFO - Processing /home/airflow/.local/lib/python3.12/site-packages/airflow/example_dags/example_python_decorator.py took 0.071 seconds
[2024-12-01T02:14:07.729+0000] {processor.py:186} INFO - Started process (PID=50969) to work on /home/airflow/.local/lib/python3.12/site-packages/airflow/example_dags/example_python_decorator.py
[2024-12-01T02:14:07.730+0000] {processor.py:914} INFO - Processing file /home/airflow/.local/lib/python3.12/site-packages/airflow/example_dags/example_python_decorator.py for tasks to queue
[2024-12-01T02:14:07.733+0000] {logging_mixin.py:190} INFO - [2024-12-01T02:14:07.732+0000] {dagbag.py:588} INFO - Filling up the DagBag from /home/airflow/.local/lib/python3.12/site-packages/airflow/example_dags/example_python_decorator.py
[2024-12-01T02:14:07.747+0000] {processor.py:925} INFO - DAG(s) 'example_python_decorator' retrieved from /home/airflow/.local/lib/python3.12/site-packages/airflow/example_dags/example_python_decorator.py
[2024-12-01T02:14:07.767+0000] {logging_mixin.py:190} INFO - [2024-12-01T02:14:07.767+0000] {dag.py:3239} INFO - Sync 1 DAGs
[2024-12-01T02:14:07.781+0000] {logging_mixin.py:190} INFO - [2024-12-01T02:14:07.781+0000] {dag.py:4180} INFO - Setting next_dagrun for example_python_decorator to None, run_after=None
[2024-12-01T02:14:07.799+0000] {processor.py:208} INFO - Processing /home/airflow/.local/lib/python3.12/site-packages/airflow/example_dags/example_python_decorator.py took 0.076 seconds
[2024-12-01T02:14:38.469+0000] {processor.py:186} INFO - Started process (PID=51035) to work on /home/airflow/.local/lib/python3.12/site-packages/airflow/example_dags/example_python_decorator.py
[2024-12-01T02:14:38.470+0000] {processor.py:914} INFO - Processing file /home/airflow/.local/lib/python3.12/site-packages/airflow/example_dags/example_python_decorator.py for tasks to queue
[2024-12-01T02:14:38.473+0000] {logging_mixin.py:190} INFO - [2024-12-01T02:14:38.472+0000] {dagbag.py:588} INFO - Filling up the DagBag from /home/airflow/.local/lib/python3.12/site-packages/airflow/example_dags/example_python_decorator.py
[2024-12-01T02:14:38.485+0000] {processor.py:925} INFO - DAG(s) 'example_python_decorator' retrieved from /home/airflow/.local/lib/python3.12/site-packages/airflow/example_dags/example_python_decorator.py
[2024-12-01T02:14:38.506+0000] {logging_mixin.py:190} INFO - [2024-12-01T02:14:38.506+0000] {dag.py:3239} INFO - Sync 1 DAGs
[2024-12-01T02:14:38.519+0000] {logging_mixin.py:190} INFO - [2024-12-01T02:14:38.519+0000] {dag.py:4180} INFO - Setting next_dagrun for example_python_decorator to None, run_after=None
[2024-12-01T02:14:38.535+0000] {processor.py:208} INFO - Processing /home/airflow/.local/lib/python3.12/site-packages/airflow/example_dags/example_python_decorator.py took 0.071 seconds
[2024-12-01T02:15:09.426+0000] {processor.py:186} INFO - Started process (PID=51101) to work on /home/airflow/.local/lib/python3.12/site-packages/airflow/example_dags/example_python_decorator.py
[2024-12-01T02:15:09.427+0000] {processor.py:914} INFO - Processing file /home/airflow/.local/lib/python3.12/site-packages/airflow/example_dags/example_python_decorator.py for tasks to queue
[2024-12-01T02:15:09.429+0000] {logging_mixin.py:190} INFO - [2024-12-01T02:15:09.429+0000] {dagbag.py:588} INFO - Filling up the DagBag from /home/airflow/.local/lib/python3.12/site-packages/airflow/example_dags/example_python_decorator.py
[2024-12-01T02:15:09.442+0000] {processor.py:925} INFO - DAG(s) 'example_python_decorator' retrieved from /home/airflow/.local/lib/python3.12/site-packages/airflow/example_dags/example_python_decorator.py
[2024-12-01T02:15:09.462+0000] {logging_mixin.py:190} INFO - [2024-12-01T02:15:09.462+0000] {dag.py:3239} INFO - Sync 1 DAGs
[2024-12-01T02:15:09.475+0000] {logging_mixin.py:190} INFO - [2024-12-01T02:15:09.475+0000] {dag.py:4180} INFO - Setting next_dagrun for example_python_decorator to None, run_after=None
[2024-12-01T02:15:09.490+0000] {processor.py:208} INFO - Processing /home/airflow/.local/lib/python3.12/site-packages/airflow/example_dags/example_python_decorator.py took 0.069 seconds
[2024-12-01T02:15:40.219+0000] {processor.py:186} INFO - Started process (PID=51167) to work on /home/airflow/.local/lib/python3.12/site-packages/airflow/example_dags/example_python_decorator.py
[2024-12-01T02:15:40.220+0000] {processor.py:914} INFO - Processing file /home/airflow/.local/lib/python3.12/site-packages/airflow/example_dags/example_python_decorator.py for tasks to queue
[2024-12-01T02:15:40.222+0000] {logging_mixin.py:190} INFO - [2024-12-01T02:15:40.222+0000] {dagbag.py:588} INFO - Filling up the DagBag from /home/airflow/.local/lib/python3.12/site-packages/airflow/example_dags/example_python_decorator.py
[2024-12-01T02:15:40.241+0000] {processor.py:925} INFO - DAG(s) 'example_python_decorator' retrieved from /home/airflow/.local/lib/python3.12/site-packages/airflow/example_dags/example_python_decorator.py
[2024-12-01T02:15:40.261+0000] {logging_mixin.py:190} INFO - [2024-12-01T02:15:40.261+0000] {dag.py:3239} INFO - Sync 1 DAGs
[2024-12-01T02:15:40.274+0000] {logging_mixin.py:190} INFO - [2024-12-01T02:15:40.274+0000] {dag.py:4180} INFO - Setting next_dagrun for example_python_decorator to None, run_after=None
[2024-12-01T02:15:40.291+0000] {processor.py:208} INFO - Processing /home/airflow/.local/lib/python3.12/site-packages/airflow/example_dags/example_python_decorator.py took 0.080 seconds
[2024-12-01T02:16:11.066+0000] {processor.py:186} INFO - Started process (PID=51233) to work on /home/airflow/.local/lib/python3.12/site-packages/airflow/example_dags/example_python_decorator.py
[2024-12-01T02:16:11.067+0000] {processor.py:914} INFO - Processing file /home/airflow/.local/lib/python3.12/site-packages/airflow/example_dags/example_python_decorator.py for tasks to queue
[2024-12-01T02:16:11.070+0000] {logging_mixin.py:190} INFO - [2024-12-01T02:16:11.070+0000] {dagbag.py:588} INFO - Filling up the DagBag from /home/airflow/.local/lib/python3.12/site-packages/airflow/example_dags/example_python_decorator.py
[2024-12-01T02:16:11.094+0000] {processor.py:925} INFO - DAG(s) 'example_python_decorator' retrieved from /home/airflow/.local/lib/python3.12/site-packages/airflow/example_dags/example_python_decorator.py
[2024-12-01T02:16:11.124+0000] {logging_mixin.py:190} INFO - [2024-12-01T02:16:11.124+0000] {dag.py:3239} INFO - Sync 1 DAGs
[2024-12-01T02:16:11.137+0000] {logging_mixin.py:190} INFO - [2024-12-01T02:16:11.137+0000] {dag.py:4180} INFO - Setting next_dagrun for example_python_decorator to None, run_after=None
[2024-12-01T02:16:11.153+0000] {processor.py:208} INFO - Processing /home/airflow/.local/lib/python3.12/site-packages/airflow/example_dags/example_python_decorator.py took 0.093 seconds
[2024-12-01T02:16:42.010+0000] {processor.py:186} INFO - Started process (PID=51299) to work on /home/airflow/.local/lib/python3.12/site-packages/airflow/example_dags/example_python_decorator.py
[2024-12-01T02:16:42.011+0000] {processor.py:914} INFO - Processing file /home/airflow/.local/lib/python3.12/site-packages/airflow/example_dags/example_python_decorator.py for tasks to queue
[2024-12-01T02:16:42.014+0000] {logging_mixin.py:190} INFO - [2024-12-01T02:16:42.013+0000] {dagbag.py:588} INFO - Filling up the DagBag from /home/airflow/.local/lib/python3.12/site-packages/airflow/example_dags/example_python_decorator.py
[2024-12-01T02:16:42.027+0000] {processor.py:925} INFO - DAG(s) 'example_python_decorator' retrieved from /home/airflow/.local/lib/python3.12/site-packages/airflow/example_dags/example_python_decorator.py
[2024-12-01T02:16:42.047+0000] {logging_mixin.py:190} INFO - [2024-12-01T02:16:42.046+0000] {dag.py:3239} INFO - Sync 1 DAGs
[2024-12-01T02:16:42.060+0000] {logging_mixin.py:190} INFO - [2024-12-01T02:16:42.060+0000] {dag.py:4180} INFO - Setting next_dagrun for example_python_decorator to None, run_after=None
[2024-12-01T02:16:42.078+0000] {processor.py:208} INFO - Processing /home/airflow/.local/lib/python3.12/site-packages/airflow/example_dags/example_python_decorator.py took 0.073 seconds
[2024-12-01T02:17:13.060+0000] {processor.py:186} INFO - Started process (PID=51365) to work on /home/airflow/.local/lib/python3.12/site-packages/airflow/example_dags/example_python_decorator.py
[2024-12-01T02:17:13.061+0000] {processor.py:914} INFO - Processing file /home/airflow/.local/lib/python3.12/site-packages/airflow/example_dags/example_python_decorator.py for tasks to queue
[2024-12-01T02:17:13.063+0000] {logging_mixin.py:190} INFO - [2024-12-01T02:17:13.063+0000] {dagbag.py:588} INFO - Filling up the DagBag from /home/airflow/.local/lib/python3.12/site-packages/airflow/example_dags/example_python_decorator.py
[2024-12-01T02:17:13.077+0000] {processor.py:925} INFO - DAG(s) 'example_python_decorator' retrieved from /home/airflow/.local/lib/python3.12/site-packages/airflow/example_dags/example_python_decorator.py
[2024-12-01T02:17:13.098+0000] {logging_mixin.py:190} INFO - [2024-12-01T02:17:13.097+0000] {dag.py:3239} INFO - Sync 1 DAGs
[2024-12-01T02:17:13.110+0000] {logging_mixin.py:190} INFO - [2024-12-01T02:17:13.110+0000] {dag.py:4180} INFO - Setting next_dagrun for example_python_decorator to None, run_after=None
[2024-12-01T02:17:13.127+0000] {processor.py:208} INFO - Processing /home/airflow/.local/lib/python3.12/site-packages/airflow/example_dags/example_python_decorator.py took 0.072 seconds
[2024-12-01T02:17:44.199+0000] {processor.py:186} INFO - Started process (PID=51431) to work on /home/airflow/.local/lib/python3.12/site-packages/airflow/example_dags/example_python_decorator.py
[2024-12-01T02:17:44.200+0000] {processor.py:914} INFO - Processing file /home/airflow/.local/lib/python3.12/site-packages/airflow/example_dags/example_python_decorator.py for tasks to queue
[2024-12-01T02:17:44.203+0000] {logging_mixin.py:190} INFO - [2024-12-01T02:17:44.202+0000] {dagbag.py:588} INFO - Filling up the DagBag from /home/airflow/.local/lib/python3.12/site-packages/airflow/example_dags/example_python_decorator.py
[2024-12-01T02:17:44.216+0000] {processor.py:925} INFO - DAG(s) 'example_python_decorator' retrieved from /home/airflow/.local/lib/python3.12/site-packages/airflow/example_dags/example_python_decorator.py
[2024-12-01T02:17:44.238+0000] {logging_mixin.py:190} INFO - [2024-12-01T02:17:44.237+0000] {dag.py:3239} INFO - Sync 1 DAGs
[2024-12-01T02:17:44.251+0000] {logging_mixin.py:190} INFO - [2024-12-01T02:17:44.251+0000] {dag.py:4180} INFO - Setting next_dagrun for example_python_decorator to None, run_after=None
[2024-12-01T02:17:44.269+0000] {processor.py:208} INFO - Processing /home/airflow/.local/lib/python3.12/site-packages/airflow/example_dags/example_python_decorator.py took 0.075 seconds
[2024-12-01T02:18:15.134+0000] {processor.py:186} INFO - Started process (PID=51497) to work on /home/airflow/.local/lib/python3.12/site-packages/airflow/example_dags/example_python_decorator.py
[2024-12-01T02:18:15.135+0000] {processor.py:914} INFO - Processing file /home/airflow/.local/lib/python3.12/site-packages/airflow/example_dags/example_python_decorator.py for tasks to queue
[2024-12-01T02:18:15.137+0000] {logging_mixin.py:190} INFO - [2024-12-01T02:18:15.137+0000] {dagbag.py:588} INFO - Filling up the DagBag from /home/airflow/.local/lib/python3.12/site-packages/airflow/example_dags/example_python_decorator.py
[2024-12-01T02:18:15.150+0000] {processor.py:925} INFO - DAG(s) 'example_python_decorator' retrieved from /home/airflow/.local/lib/python3.12/site-packages/airflow/example_dags/example_python_decorator.py
[2024-12-01T02:18:15.171+0000] {logging_mixin.py:190} INFO - [2024-12-01T02:18:15.171+0000] {dag.py:3239} INFO - Sync 1 DAGs
[2024-12-01T02:18:15.185+0000] {logging_mixin.py:190} INFO - [2024-12-01T02:18:15.184+0000] {dag.py:4180} INFO - Setting next_dagrun for example_python_decorator to None, run_after=None
[2024-12-01T02:18:15.201+0000] {processor.py:208} INFO - Processing /home/airflow/.local/lib/python3.12/site-packages/airflow/example_dags/example_python_decorator.py took 0.072 seconds
[2024-12-01T02:18:45.916+0000] {processor.py:186} INFO - Started process (PID=51563) to work on /home/airflow/.local/lib/python3.12/site-packages/airflow/example_dags/example_python_decorator.py
[2024-12-01T02:18:45.917+0000] {processor.py:914} INFO - Processing file /home/airflow/.local/lib/python3.12/site-packages/airflow/example_dags/example_python_decorator.py for tasks to queue
[2024-12-01T02:18:45.920+0000] {logging_mixin.py:190} INFO - [2024-12-01T02:18:45.919+0000] {dagbag.py:588} INFO - Filling up the DagBag from /home/airflow/.local/lib/python3.12/site-packages/airflow/example_dags/example_python_decorator.py
[2024-12-01T02:18:45.934+0000] {processor.py:925} INFO - DAG(s) 'example_python_decorator' retrieved from /home/airflow/.local/lib/python3.12/site-packages/airflow/example_dags/example_python_decorator.py
[2024-12-01T02:18:45.953+0000] {logging_mixin.py:190} INFO - [2024-12-01T02:18:45.953+0000] {dag.py:3239} INFO - Sync 1 DAGs
[2024-12-01T02:18:45.967+0000] {logging_mixin.py:190} INFO - [2024-12-01T02:18:45.966+0000] {dag.py:4180} INFO - Setting next_dagrun for example_python_decorator to None, run_after=None
[2024-12-01T02:18:45.984+0000] {processor.py:208} INFO - Processing /home/airflow/.local/lib/python3.12/site-packages/airflow/example_dags/example_python_decorator.py took 0.073 seconds
[2024-12-01T02:19:17.124+0000] {processor.py:186} INFO - Started process (PID=51630) to work on /home/airflow/.local/lib/python3.12/site-packages/airflow/example_dags/example_python_decorator.py
[2024-12-01T02:19:17.130+0000] {processor.py:914} INFO - Processing file /home/airflow/.local/lib/python3.12/site-packages/airflow/example_dags/example_python_decorator.py for tasks to queue
[2024-12-01T02:19:17.133+0000] {logging_mixin.py:190} INFO - [2024-12-01T02:19:17.133+0000] {dagbag.py:588} INFO - Filling up the DagBag from /home/airflow/.local/lib/python3.12/site-packages/airflow/example_dags/example_python_decorator.py
[2024-12-01T02:19:17.157+0000] {processor.py:925} INFO - DAG(s) 'example_python_decorator' retrieved from /home/airflow/.local/lib/python3.12/site-packages/airflow/example_dags/example_python_decorator.py
[2024-12-01T02:19:17.177+0000] {logging_mixin.py:190} INFO - [2024-12-01T02:19:17.177+0000] {dag.py:3239} INFO - Sync 1 DAGs
[2024-12-01T02:19:17.190+0000] {logging_mixin.py:190} INFO - [2024-12-01T02:19:17.189+0000] {dag.py:4180} INFO - Setting next_dagrun for example_python_decorator to None, run_after=None
[2024-12-01T02:19:17.207+0000] {processor.py:208} INFO - Processing /home/airflow/.local/lib/python3.12/site-packages/airflow/example_dags/example_python_decorator.py took 0.093 seconds
[2024-12-01T02:19:47.942+0000] {processor.py:186} INFO - Started process (PID=51696) to work on /home/airflow/.local/lib/python3.12/site-packages/airflow/example_dags/example_python_decorator.py
[2024-12-01T02:19:47.943+0000] {processor.py:914} INFO - Processing file /home/airflow/.local/lib/python3.12/site-packages/airflow/example_dags/example_python_decorator.py for tasks to queue
[2024-12-01T02:19:47.945+0000] {logging_mixin.py:190} INFO - [2024-12-01T02:19:47.944+0000] {dagbag.py:588} INFO - Filling up the DagBag from /home/airflow/.local/lib/python3.12/site-packages/airflow/example_dags/example_python_decorator.py
[2024-12-01T02:19:47.959+0000] {processor.py:925} INFO - DAG(s) 'example_python_decorator' retrieved from /home/airflow/.local/lib/python3.12/site-packages/airflow/example_dags/example_python_decorator.py
[2024-12-01T02:19:47.979+0000] {logging_mixin.py:190} INFO - [2024-12-01T02:19:47.979+0000] {dag.py:3239} INFO - Sync 1 DAGs
[2024-12-01T02:19:47.993+0000] {logging_mixin.py:190} INFO - [2024-12-01T02:19:47.993+0000] {dag.py:4180} INFO - Setting next_dagrun for example_python_decorator to None, run_after=None
[2024-12-01T02:19:48.008+0000] {processor.py:208} INFO - Processing /home/airflow/.local/lib/python3.12/site-packages/airflow/example_dags/example_python_decorator.py took 0.072 seconds
[2024-12-01T02:20:19.093+0000] {processor.py:186} INFO - Started process (PID=51762) to work on /home/airflow/.local/lib/python3.12/site-packages/airflow/example_dags/example_python_decorator.py
[2024-12-01T02:20:19.094+0000] {processor.py:914} INFO - Processing file /home/airflow/.local/lib/python3.12/site-packages/airflow/example_dags/example_python_decorator.py for tasks to queue
[2024-12-01T02:20:19.097+0000] {logging_mixin.py:190} INFO - [2024-12-01T02:20:19.096+0000] {dagbag.py:588} INFO - Filling up the DagBag from /home/airflow/.local/lib/python3.12/site-packages/airflow/example_dags/example_python_decorator.py
[2024-12-01T02:20:19.111+0000] {processor.py:925} INFO - DAG(s) 'example_python_decorator' retrieved from /home/airflow/.local/lib/python3.12/site-packages/airflow/example_dags/example_python_decorator.py
[2024-12-01T02:20:19.131+0000] {logging_mixin.py:190} INFO - [2024-12-01T02:20:19.131+0000] {dag.py:3239} INFO - Sync 1 DAGs
[2024-12-01T02:20:19.147+0000] {logging_mixin.py:190} INFO - [2024-12-01T02:20:19.146+0000] {dag.py:4180} INFO - Setting next_dagrun for example_python_decorator to None, run_after=None
[2024-12-01T02:20:19.164+0000] {processor.py:208} INFO - Processing /home/airflow/.local/lib/python3.12/site-packages/airflow/example_dags/example_python_decorator.py took 0.077 seconds
[2024-12-01T02:20:50.696+0000] {processor.py:186} INFO - Started process (PID=51828) to work on /home/airflow/.local/lib/python3.12/site-packages/airflow/example_dags/example_python_decorator.py
[2024-12-01T02:20:50.697+0000] {processor.py:914} INFO - Processing file /home/airflow/.local/lib/python3.12/site-packages/airflow/example_dags/example_python_decorator.py for tasks to queue
[2024-12-01T02:20:50.699+0000] {logging_mixin.py:190} INFO - [2024-12-01T02:20:50.699+0000] {dagbag.py:588} INFO - Filling up the DagBag from /home/airflow/.local/lib/python3.12/site-packages/airflow/example_dags/example_python_decorator.py
[2024-12-01T02:20:50.713+0000] {processor.py:925} INFO - DAG(s) 'example_python_decorator' retrieved from /home/airflow/.local/lib/python3.12/site-packages/airflow/example_dags/example_python_decorator.py
[2024-12-01T02:20:50.733+0000] {logging_mixin.py:190} INFO - [2024-12-01T02:20:50.733+0000] {dag.py:3239} INFO - Sync 1 DAGs
[2024-12-01T02:20:50.746+0000] {logging_mixin.py:190} INFO - [2024-12-01T02:20:50.746+0000] {dag.py:4180} INFO - Setting next_dagrun for example_python_decorator to None, run_after=None
[2024-12-01T02:20:50.763+0000] {processor.py:208} INFO - Processing /home/airflow/.local/lib/python3.12/site-packages/airflow/example_dags/example_python_decorator.py took 0.072 seconds
[2024-12-01T02:21:22.842+0000] {processor.py:186} INFO - Started process (PID=51894) to work on /home/airflow/.local/lib/python3.12/site-packages/airflow/example_dags/example_python_decorator.py
[2024-12-01T02:21:22.843+0000] {processor.py:914} INFO - Processing file /home/airflow/.local/lib/python3.12/site-packages/airflow/example_dags/example_python_decorator.py for tasks to queue
[2024-12-01T02:21:22.845+0000] {logging_mixin.py:190} INFO - [2024-12-01T02:21:22.845+0000] {dagbag.py:588} INFO - Filling up the DagBag from /home/airflow/.local/lib/python3.12/site-packages/airflow/example_dags/example_python_decorator.py
[2024-12-01T02:21:22.859+0000] {processor.py:925} INFO - DAG(s) 'example_python_decorator' retrieved from /home/airflow/.local/lib/python3.12/site-packages/airflow/example_dags/example_python_decorator.py
[2024-12-01T02:21:22.879+0000] {logging_mixin.py:190} INFO - [2024-12-01T02:21:22.879+0000] {dag.py:3239} INFO - Sync 1 DAGs
[2024-12-01T02:21:22.892+0000] {logging_mixin.py:190} INFO - [2024-12-01T02:21:22.892+0000] {dag.py:4180} INFO - Setting next_dagrun for example_python_decorator to None, run_after=None
[2024-12-01T02:21:22.913+0000] {processor.py:208} INFO - Processing /home/airflow/.local/lib/python3.12/site-packages/airflow/example_dags/example_python_decorator.py took 0.076 seconds
[2024-12-01T02:21:54.694+0000] {processor.py:186} INFO - Started process (PID=51960) to work on /home/airflow/.local/lib/python3.12/site-packages/airflow/example_dags/example_python_decorator.py
[2024-12-01T02:21:54.695+0000] {processor.py:914} INFO - Processing file /home/airflow/.local/lib/python3.12/site-packages/airflow/example_dags/example_python_decorator.py for tasks to queue
[2024-12-01T02:21:54.697+0000] {logging_mixin.py:190} INFO - [2024-12-01T02:21:54.697+0000] {dagbag.py:588} INFO - Filling up the DagBag from /home/airflow/.local/lib/python3.12/site-packages/airflow/example_dags/example_python_decorator.py
[2024-12-01T02:21:54.710+0000] {processor.py:925} INFO - DAG(s) 'example_python_decorator' retrieved from /home/airflow/.local/lib/python3.12/site-packages/airflow/example_dags/example_python_decorator.py
[2024-12-01T02:21:54.730+0000] {logging_mixin.py:190} INFO - [2024-12-01T02:21:54.730+0000] {dag.py:3239} INFO - Sync 1 DAGs
[2024-12-01T02:21:54.887+0000] {logging_mixin.py:190} INFO - [2024-12-01T02:21:54.887+0000] {dag.py:4180} INFO - Setting next_dagrun for example_python_decorator to None, run_after=None
[2024-12-01T02:21:54.904+0000] {processor.py:208} INFO - Processing /home/airflow/.local/lib/python3.12/site-packages/airflow/example_dags/example_python_decorator.py took 0.215 seconds
[2024-12-01T02:22:25.080+0000] {processor.py:186} INFO - Started process (PID=52026) to work on /home/airflow/.local/lib/python3.12/site-packages/airflow/example_dags/example_python_decorator.py
[2024-12-01T02:22:25.082+0000] {processor.py:914} INFO - Processing file /home/airflow/.local/lib/python3.12/site-packages/airflow/example_dags/example_python_decorator.py for tasks to queue
[2024-12-01T02:22:25.084+0000] {logging_mixin.py:190} INFO - [2024-12-01T02:22:25.083+0000] {dagbag.py:588} INFO - Filling up the DagBag from /home/airflow/.local/lib/python3.12/site-packages/airflow/example_dags/example_python_decorator.py
[2024-12-01T02:22:25.097+0000] {processor.py:925} INFO - DAG(s) 'example_python_decorator' retrieved from /home/airflow/.local/lib/python3.12/site-packages/airflow/example_dags/example_python_decorator.py
[2024-12-01T02:22:25.118+0000] {logging_mixin.py:190} INFO - [2024-12-01T02:22:25.118+0000] {dag.py:3239} INFO - Sync 1 DAGs
[2024-12-01T02:22:25.132+0000] {logging_mixin.py:190} INFO - [2024-12-01T02:22:25.131+0000] {dag.py:4180} INFO - Setting next_dagrun for example_python_decorator to None, run_after=None
[2024-12-01T02:22:25.297+0000] {processor.py:208} INFO - Processing /home/airflow/.local/lib/python3.12/site-packages/airflow/example_dags/example_python_decorator.py took 0.222 seconds
[2024-12-01T02:22:55.678+0000] {processor.py:186} INFO - Started process (PID=52092) to work on /home/airflow/.local/lib/python3.12/site-packages/airflow/example_dags/example_python_decorator.py
[2024-12-01T02:22:55.679+0000] {processor.py:914} INFO - Processing file /home/airflow/.local/lib/python3.12/site-packages/airflow/example_dags/example_python_decorator.py for tasks to queue
[2024-12-01T02:22:55.681+0000] {logging_mixin.py:190} INFO - [2024-12-01T02:22:55.681+0000] {dagbag.py:588} INFO - Filling up the DagBag from /home/airflow/.local/lib/python3.12/site-packages/airflow/example_dags/example_python_decorator.py
[2024-12-01T02:22:55.694+0000] {processor.py:925} INFO - DAG(s) 'example_python_decorator' retrieved from /home/airflow/.local/lib/python3.12/site-packages/airflow/example_dags/example_python_decorator.py
[2024-12-01T02:22:55.714+0000] {logging_mixin.py:190} INFO - [2024-12-01T02:22:55.714+0000] {dag.py:3239} INFO - Sync 1 DAGs
[2024-12-01T02:22:55.726+0000] {logging_mixin.py:190} INFO - [2024-12-01T02:22:55.726+0000] {dag.py:4180} INFO - Setting next_dagrun for example_python_decorator to None, run_after=None
[2024-12-01T02:22:55.744+0000] {processor.py:208} INFO - Processing /home/airflow/.local/lib/python3.12/site-packages/airflow/example_dags/example_python_decorator.py took 0.071 seconds
[2024-12-01T02:23:26.245+0000] {processor.py:186} INFO - Started process (PID=52158) to work on /home/airflow/.local/lib/python3.12/site-packages/airflow/example_dags/example_python_decorator.py
[2024-12-01T02:23:26.246+0000] {processor.py:914} INFO - Processing file /home/airflow/.local/lib/python3.12/site-packages/airflow/example_dags/example_python_decorator.py for tasks to queue
[2024-12-01T02:23:26.248+0000] {logging_mixin.py:190} INFO - [2024-12-01T02:23:26.248+0000] {dagbag.py:588} INFO - Filling up the DagBag from /home/airflow/.local/lib/python3.12/site-packages/airflow/example_dags/example_python_decorator.py
[2024-12-01T02:23:26.262+0000] {processor.py:925} INFO - DAG(s) 'example_python_decorator' retrieved from /home/airflow/.local/lib/python3.12/site-packages/airflow/example_dags/example_python_decorator.py
[2024-12-01T02:23:26.286+0000] {logging_mixin.py:190} INFO - [2024-12-01T02:23:26.286+0000] {dag.py:3239} INFO - Sync 1 DAGs
[2024-12-01T02:23:26.299+0000] {logging_mixin.py:190} INFO - [2024-12-01T02:23:26.299+0000] {dag.py:4180} INFO - Setting next_dagrun for example_python_decorator to None, run_after=None
[2024-12-01T02:23:26.317+0000] {processor.py:208} INFO - Processing /home/airflow/.local/lib/python3.12/site-packages/airflow/example_dags/example_python_decorator.py took 0.077 seconds
[2024-12-01T02:23:56.428+0000] {processor.py:186} INFO - Started process (PID=52224) to work on /home/airflow/.local/lib/python3.12/site-packages/airflow/example_dags/example_python_decorator.py
[2024-12-01T02:23:56.429+0000] {processor.py:914} INFO - Processing file /home/airflow/.local/lib/python3.12/site-packages/airflow/example_dags/example_python_decorator.py for tasks to queue
[2024-12-01T02:23:56.431+0000] {logging_mixin.py:190} INFO - [2024-12-01T02:23:56.431+0000] {dagbag.py:588} INFO - Filling up the DagBag from /home/airflow/.local/lib/python3.12/site-packages/airflow/example_dags/example_python_decorator.py
[2024-12-01T02:23:56.444+0000] {processor.py:925} INFO - DAG(s) 'example_python_decorator' retrieved from /home/airflow/.local/lib/python3.12/site-packages/airflow/example_dags/example_python_decorator.py
[2024-12-01T02:23:56.464+0000] {logging_mixin.py:190} INFO - [2024-12-01T02:23:56.464+0000] {dag.py:3239} INFO - Sync 1 DAGs
[2024-12-01T02:23:56.477+0000] {logging_mixin.py:190} INFO - [2024-12-01T02:23:56.477+0000] {dag.py:4180} INFO - Setting next_dagrun for example_python_decorator to None, run_after=None
[2024-12-01T02:23:56.493+0000] {processor.py:208} INFO - Processing /home/airflow/.local/lib/python3.12/site-packages/airflow/example_dags/example_python_decorator.py took 0.070 seconds
[2024-12-01T02:24:27.909+0000] {processor.py:186} INFO - Started process (PID=52290) to work on /home/airflow/.local/lib/python3.12/site-packages/airflow/example_dags/example_python_decorator.py
[2024-12-01T02:24:27.910+0000] {processor.py:914} INFO - Processing file /home/airflow/.local/lib/python3.12/site-packages/airflow/example_dags/example_python_decorator.py for tasks to queue
[2024-12-01T02:24:27.913+0000] {logging_mixin.py:190} INFO - [2024-12-01T02:24:27.912+0000] {dagbag.py:588} INFO - Filling up the DagBag from /home/airflow/.local/lib/python3.12/site-packages/airflow/example_dags/example_python_decorator.py
[2024-12-01T02:24:27.926+0000] {processor.py:925} INFO - DAG(s) 'example_python_decorator' retrieved from /home/airflow/.local/lib/python3.12/site-packages/airflow/example_dags/example_python_decorator.py
[2024-12-01T02:24:27.947+0000] {logging_mixin.py:190} INFO - [2024-12-01T02:24:27.946+0000] {dag.py:3239} INFO - Sync 1 DAGs
[2024-12-01T02:24:27.960+0000] {logging_mixin.py:190} INFO - [2024-12-01T02:24:27.959+0000] {dag.py:4180} INFO - Setting next_dagrun for example_python_decorator to None, run_after=None
[2024-12-01T02:24:27.976+0000] {processor.py:208} INFO - Processing /home/airflow/.local/lib/python3.12/site-packages/airflow/example_dags/example_python_decorator.py took 0.072 seconds
[2024-12-01T02:24:59.347+0000] {processor.py:186} INFO - Started process (PID=52356) to work on /home/airflow/.local/lib/python3.12/site-packages/airflow/example_dags/example_python_decorator.py
[2024-12-01T02:24:59.348+0000] {processor.py:914} INFO - Processing file /home/airflow/.local/lib/python3.12/site-packages/airflow/example_dags/example_python_decorator.py for tasks to queue
[2024-12-01T02:24:59.350+0000] {logging_mixin.py:190} INFO - [2024-12-01T02:24:59.350+0000] {dagbag.py:588} INFO - Filling up the DagBag from /home/airflow/.local/lib/python3.12/site-packages/airflow/example_dags/example_python_decorator.py
[2024-12-01T02:24:59.364+0000] {processor.py:925} INFO - DAG(s) 'example_python_decorator' retrieved from /home/airflow/.local/lib/python3.12/site-packages/airflow/example_dags/example_python_decorator.py
[2024-12-01T02:24:59.386+0000] {logging_mixin.py:190} INFO - [2024-12-01T02:24:59.386+0000] {dag.py:3239} INFO - Sync 1 DAGs
[2024-12-01T02:24:59.402+0000] {logging_mixin.py:190} INFO - [2024-12-01T02:24:59.402+0000] {dag.py:4180} INFO - Setting next_dagrun for example_python_decorator to None, run_after=None
[2024-12-01T02:24:59.423+0000] {processor.py:208} INFO - Processing /home/airflow/.local/lib/python3.12/site-packages/airflow/example_dags/example_python_decorator.py took 0.082 seconds
[2024-12-01T02:25:29.931+0000] {processor.py:186} INFO - Started process (PID=52428) to work on /home/airflow/.local/lib/python3.12/site-packages/airflow/example_dags/example_python_decorator.py
[2024-12-01T02:25:29.932+0000] {processor.py:914} INFO - Processing file /home/airflow/.local/lib/python3.12/site-packages/airflow/example_dags/example_python_decorator.py for tasks to queue
[2024-12-01T02:25:29.934+0000] {logging_mixin.py:190} INFO - [2024-12-01T02:25:29.934+0000] {dagbag.py:588} INFO - Filling up the DagBag from /home/airflow/.local/lib/python3.12/site-packages/airflow/example_dags/example_python_decorator.py
[2024-12-01T02:25:29.947+0000] {processor.py:925} INFO - DAG(s) 'example_python_decorator' retrieved from /home/airflow/.local/lib/python3.12/site-packages/airflow/example_dags/example_python_decorator.py
[2024-12-01T02:25:29.969+0000] {logging_mixin.py:190} INFO - [2024-12-01T02:25:29.969+0000] {dag.py:3239} INFO - Sync 1 DAGs
[2024-12-01T02:25:29.983+0000] {logging_mixin.py:190} INFO - [2024-12-01T02:25:29.983+0000] {dag.py:4180} INFO - Setting next_dagrun for example_python_decorator to None, run_after=None
[2024-12-01T02:25:30.002+0000] {processor.py:208} INFO - Processing /home/airflow/.local/lib/python3.12/site-packages/airflow/example_dags/example_python_decorator.py took 0.077 seconds
[2024-12-01T02:26:00.709+0000] {processor.py:186} INFO - Started process (PID=52494) to work on /home/airflow/.local/lib/python3.12/site-packages/airflow/example_dags/example_python_decorator.py
[2024-12-01T02:26:00.710+0000] {processor.py:914} INFO - Processing file /home/airflow/.local/lib/python3.12/site-packages/airflow/example_dags/example_python_decorator.py for tasks to queue
[2024-12-01T02:26:00.712+0000] {logging_mixin.py:190} INFO - [2024-12-01T02:26:00.712+0000] {dagbag.py:588} INFO - Filling up the DagBag from /home/airflow/.local/lib/python3.12/site-packages/airflow/example_dags/example_python_decorator.py
[2024-12-01T02:26:00.731+0000] {processor.py:925} INFO - DAG(s) 'example_python_decorator' retrieved from /home/airflow/.local/lib/python3.12/site-packages/airflow/example_dags/example_python_decorator.py
[2024-12-01T02:26:00.756+0000] {logging_mixin.py:190} INFO - [2024-12-01T02:26:00.756+0000] {dag.py:3239} INFO - Sync 1 DAGs
[2024-12-01T02:26:00.773+0000] {logging_mixin.py:190} INFO - [2024-12-01T02:26:00.773+0000] {dag.py:4180} INFO - Setting next_dagrun for example_python_decorator to None, run_after=None
[2024-12-01T02:26:00.798+0000] {processor.py:208} INFO - Processing /home/airflow/.local/lib/python3.12/site-packages/airflow/example_dags/example_python_decorator.py took 0.097 seconds
[2024-12-01T02:26:31.311+0000] {processor.py:186} INFO - Started process (PID=52560) to work on /home/airflow/.local/lib/python3.12/site-packages/airflow/example_dags/example_python_decorator.py
[2024-12-01T02:26:31.312+0000] {processor.py:914} INFO - Processing file /home/airflow/.local/lib/python3.12/site-packages/airflow/example_dags/example_python_decorator.py for tasks to queue
[2024-12-01T02:26:31.314+0000] {logging_mixin.py:190} INFO - [2024-12-01T02:26:31.314+0000] {dagbag.py:588} INFO - Filling up the DagBag from /home/airflow/.local/lib/python3.12/site-packages/airflow/example_dags/example_python_decorator.py
[2024-12-01T02:26:31.328+0000] {processor.py:925} INFO - DAG(s) 'example_python_decorator' retrieved from /home/airflow/.local/lib/python3.12/site-packages/airflow/example_dags/example_python_decorator.py
[2024-12-01T02:26:31.348+0000] {logging_mixin.py:190} INFO - [2024-12-01T02:26:31.348+0000] {dag.py:3239} INFO - Sync 1 DAGs
[2024-12-01T02:26:31.361+0000] {logging_mixin.py:190} INFO - [2024-12-01T02:26:31.361+0000] {dag.py:4180} INFO - Setting next_dagrun for example_python_decorator to None, run_after=None
[2024-12-01T02:26:31.378+0000] {processor.py:208} INFO - Processing /home/airflow/.local/lib/python3.12/site-packages/airflow/example_dags/example_python_decorator.py took 0.072 seconds
[2024-12-01T02:27:01.799+0000] {processor.py:186} INFO - Started process (PID=52626) to work on /home/airflow/.local/lib/python3.12/site-packages/airflow/example_dags/example_python_decorator.py
[2024-12-01T02:27:01.800+0000] {processor.py:914} INFO - Processing file /home/airflow/.local/lib/python3.12/site-packages/airflow/example_dags/example_python_decorator.py for tasks to queue
[2024-12-01T02:27:01.802+0000] {logging_mixin.py:190} INFO - [2024-12-01T02:27:01.801+0000] {dagbag.py:588} INFO - Filling up the DagBag from /home/airflow/.local/lib/python3.12/site-packages/airflow/example_dags/example_python_decorator.py
[2024-12-01T02:27:01.815+0000] {processor.py:925} INFO - DAG(s) 'example_python_decorator' retrieved from /home/airflow/.local/lib/python3.12/site-packages/airflow/example_dags/example_python_decorator.py
[2024-12-01T02:27:01.834+0000] {logging_mixin.py:190} INFO - [2024-12-01T02:27:01.834+0000] {dag.py:3239} INFO - Sync 1 DAGs
[2024-12-01T02:27:01.847+0000] {logging_mixin.py:190} INFO - [2024-12-01T02:27:01.847+0000] {dag.py:4180} INFO - Setting next_dagrun for example_python_decorator to None, run_after=None
[2024-12-01T02:27:01.863+0000] {processor.py:208} INFO - Processing /home/airflow/.local/lib/python3.12/site-packages/airflow/example_dags/example_python_decorator.py took 0.070 seconds
[2024-12-01T02:27:32.156+0000] {processor.py:186} INFO - Started process (PID=52692) to work on /home/airflow/.local/lib/python3.12/site-packages/airflow/example_dags/example_python_decorator.py
[2024-12-01T02:27:32.157+0000] {processor.py:914} INFO - Processing file /home/airflow/.local/lib/python3.12/site-packages/airflow/example_dags/example_python_decorator.py for tasks to queue
[2024-12-01T02:27:32.161+0000] {logging_mixin.py:190} INFO - [2024-12-01T02:27:32.160+0000] {dagbag.py:588} INFO - Filling up the DagBag from /home/airflow/.local/lib/python3.12/site-packages/airflow/example_dags/example_python_decorator.py
[2024-12-01T02:27:32.174+0000] {processor.py:925} INFO - DAG(s) 'example_python_decorator' retrieved from /home/airflow/.local/lib/python3.12/site-packages/airflow/example_dags/example_python_decorator.py
[2024-12-01T02:27:32.195+0000] {logging_mixin.py:190} INFO - [2024-12-01T02:27:32.194+0000] {dag.py:3239} INFO - Sync 1 DAGs
[2024-12-01T02:27:32.207+0000] {logging_mixin.py:190} INFO - [2024-12-01T02:27:32.207+0000] {dag.py:4180} INFO - Setting next_dagrun for example_python_decorator to None, run_after=None
[2024-12-01T02:27:32.226+0000] {processor.py:208} INFO - Processing /home/airflow/.local/lib/python3.12/site-packages/airflow/example_dags/example_python_decorator.py took 0.076 seconds
[2024-12-01T02:28:03.676+0000] {processor.py:186} INFO - Started process (PID=52758) to work on /home/airflow/.local/lib/python3.12/site-packages/airflow/example_dags/example_python_decorator.py
[2024-12-01T02:28:03.676+0000] {processor.py:914} INFO - Processing file /home/airflow/.local/lib/python3.12/site-packages/airflow/example_dags/example_python_decorator.py for tasks to queue
[2024-12-01T02:28:03.678+0000] {logging_mixin.py:190} INFO - [2024-12-01T02:28:03.678+0000] {dagbag.py:588} INFO - Filling up the DagBag from /home/airflow/.local/lib/python3.12/site-packages/airflow/example_dags/example_python_decorator.py
[2024-12-01T02:28:03.691+0000] {processor.py:925} INFO - DAG(s) 'example_python_decorator' retrieved from /home/airflow/.local/lib/python3.12/site-packages/airflow/example_dags/example_python_decorator.py
[2024-12-01T02:28:03.711+0000] {logging_mixin.py:190} INFO - [2024-12-01T02:28:03.711+0000] {dag.py:3239} INFO - Sync 1 DAGs
[2024-12-01T02:28:03.724+0000] {logging_mixin.py:190} INFO - [2024-12-01T02:28:03.724+0000] {dag.py:4180} INFO - Setting next_dagrun for example_python_decorator to None, run_after=None
[2024-12-01T02:28:03.741+0000] {processor.py:208} INFO - Processing /home/airflow/.local/lib/python3.12/site-packages/airflow/example_dags/example_python_decorator.py took 0.071 seconds
[2024-12-01T02:28:34.277+0000] {processor.py:186} INFO - Started process (PID=52824) to work on /home/airflow/.local/lib/python3.12/site-packages/airflow/example_dags/example_python_decorator.py
[2024-12-01T02:28:34.278+0000] {processor.py:914} INFO - Processing file /home/airflow/.local/lib/python3.12/site-packages/airflow/example_dags/example_python_decorator.py for tasks to queue
[2024-12-01T02:28:34.280+0000] {logging_mixin.py:190} INFO - [2024-12-01T02:28:34.280+0000] {dagbag.py:588} INFO - Filling up the DagBag from /home/airflow/.local/lib/python3.12/site-packages/airflow/example_dags/example_python_decorator.py
[2024-12-01T02:28:34.293+0000] {processor.py:925} INFO - DAG(s) 'example_python_decorator' retrieved from /home/airflow/.local/lib/python3.12/site-packages/airflow/example_dags/example_python_decorator.py
[2024-12-01T02:28:34.313+0000] {logging_mixin.py:190} INFO - [2024-12-01T02:28:34.313+0000] {dag.py:3239} INFO - Sync 1 DAGs
[2024-12-01T02:28:34.326+0000] {logging_mixin.py:190} INFO - [2024-12-01T02:28:34.326+0000] {dag.py:4180} INFO - Setting next_dagrun for example_python_decorator to None, run_after=None
[2024-12-01T02:28:34.342+0000] {processor.py:208} INFO - Processing /home/airflow/.local/lib/python3.12/site-packages/airflow/example_dags/example_python_decorator.py took 0.071 seconds
[2024-12-01T02:29:04.847+0000] {processor.py:186} INFO - Started process (PID=52890) to work on /home/airflow/.local/lib/python3.12/site-packages/airflow/example_dags/example_python_decorator.py
[2024-12-01T02:29:04.848+0000] {processor.py:914} INFO - Processing file /home/airflow/.local/lib/python3.12/site-packages/airflow/example_dags/example_python_decorator.py for tasks to queue
[2024-12-01T02:29:04.850+0000] {logging_mixin.py:190} INFO - [2024-12-01T02:29:04.850+0000] {dagbag.py:588} INFO - Filling up the DagBag from /home/airflow/.local/lib/python3.12/site-packages/airflow/example_dags/example_python_decorator.py
[2024-12-01T02:29:04.863+0000] {processor.py:925} INFO - DAG(s) 'example_python_decorator' retrieved from /home/airflow/.local/lib/python3.12/site-packages/airflow/example_dags/example_python_decorator.py
[2024-12-01T02:29:04.884+0000] {logging_mixin.py:190} INFO - [2024-12-01T02:29:04.884+0000] {dag.py:3239} INFO - Sync 1 DAGs
[2024-12-01T02:29:04.897+0000] {logging_mixin.py:190} INFO - [2024-12-01T02:29:04.897+0000] {dag.py:4180} INFO - Setting next_dagrun for example_python_decorator to None, run_after=None
[2024-12-01T02:29:04.914+0000] {processor.py:208} INFO - Processing /home/airflow/.local/lib/python3.12/site-packages/airflow/example_dags/example_python_decorator.py took 0.073 seconds
[2024-12-01T02:29:35.368+0000] {processor.py:186} INFO - Started process (PID=52956) to work on /home/airflow/.local/lib/python3.12/site-packages/airflow/example_dags/example_python_decorator.py
[2024-12-01T02:29:35.369+0000] {processor.py:914} INFO - Processing file /home/airflow/.local/lib/python3.12/site-packages/airflow/example_dags/example_python_decorator.py for tasks to queue
[2024-12-01T02:29:35.372+0000] {logging_mixin.py:190} INFO - [2024-12-01T02:29:35.371+0000] {dagbag.py:588} INFO - Filling up the DagBag from /home/airflow/.local/lib/python3.12/site-packages/airflow/example_dags/example_python_decorator.py
[2024-12-01T02:29:35.385+0000] {processor.py:925} INFO - DAG(s) 'example_python_decorator' retrieved from /home/airflow/.local/lib/python3.12/site-packages/airflow/example_dags/example_python_decorator.py
[2024-12-01T02:29:35.405+0000] {logging_mixin.py:190} INFO - [2024-12-01T02:29:35.405+0000] {dag.py:3239} INFO - Sync 1 DAGs
[2024-12-01T02:29:35.418+0000] {logging_mixin.py:190} INFO - [2024-12-01T02:29:35.418+0000] {dag.py:4180} INFO - Setting next_dagrun for example_python_decorator to None, run_after=None
[2024-12-01T02:29:35.434+0000] {processor.py:208} INFO - Processing /home/airflow/.local/lib/python3.12/site-packages/airflow/example_dags/example_python_decorator.py took 0.071 seconds
[2024-12-01T02:30:06.667+0000] {processor.py:186} INFO - Started process (PID=53022) to work on /home/airflow/.local/lib/python3.12/site-packages/airflow/example_dags/example_python_decorator.py
[2024-12-01T02:30:06.668+0000] {processor.py:914} INFO - Processing file /home/airflow/.local/lib/python3.12/site-packages/airflow/example_dags/example_python_decorator.py for tasks to queue
[2024-12-01T02:30:06.670+0000] {logging_mixin.py:190} INFO - [2024-12-01T02:30:06.670+0000] {dagbag.py:588} INFO - Filling up the DagBag from /home/airflow/.local/lib/python3.12/site-packages/airflow/example_dags/example_python_decorator.py
[2024-12-01T02:30:06.687+0000] {processor.py:925} INFO - DAG(s) 'example_python_decorator' retrieved from /home/airflow/.local/lib/python3.12/site-packages/airflow/example_dags/example_python_decorator.py
[2024-12-01T02:30:06.707+0000] {logging_mixin.py:190} INFO - [2024-12-01T02:30:06.707+0000] {dag.py:3239} INFO - Sync 1 DAGs
[2024-12-01T02:30:06.719+0000] {logging_mixin.py:190} INFO - [2024-12-01T02:30:06.719+0000] {dag.py:4180} INFO - Setting next_dagrun for example_python_decorator to None, run_after=None
[2024-12-01T02:30:06.735+0000] {processor.py:208} INFO - Processing /home/airflow/.local/lib/python3.12/site-packages/airflow/example_dags/example_python_decorator.py took 0.074 seconds
[2024-12-01T02:30:37.531+0000] {processor.py:186} INFO - Started process (PID=53088) to work on /home/airflow/.local/lib/python3.12/site-packages/airflow/example_dags/example_python_decorator.py
[2024-12-01T02:30:37.532+0000] {processor.py:914} INFO - Processing file /home/airflow/.local/lib/python3.12/site-packages/airflow/example_dags/example_python_decorator.py for tasks to queue
[2024-12-01T02:30:37.534+0000] {logging_mixin.py:190} INFO - [2024-12-01T02:30:37.534+0000] {dagbag.py:588} INFO - Filling up the DagBag from /home/airflow/.local/lib/python3.12/site-packages/airflow/example_dags/example_python_decorator.py
[2024-12-01T02:30:37.547+0000] {processor.py:925} INFO - DAG(s) 'example_python_decorator' retrieved from /home/airflow/.local/lib/python3.12/site-packages/airflow/example_dags/example_python_decorator.py
[2024-12-01T02:30:37.576+0000] {logging_mixin.py:190} INFO - [2024-12-01T02:30:37.576+0000] {dag.py:3239} INFO - Sync 1 DAGs
[2024-12-01T02:30:37.592+0000] {logging_mixin.py:190} INFO - [2024-12-01T02:30:37.591+0000] {dag.py:4180} INFO - Setting next_dagrun for example_python_decorator to None, run_after=None
[2024-12-01T02:30:37.618+0000] {processor.py:208} INFO - Processing /home/airflow/.local/lib/python3.12/site-packages/airflow/example_dags/example_python_decorator.py took 0.093 seconds
[2024-12-01T02:31:07.928+0000] {processor.py:186} INFO - Started process (PID=53154) to work on /home/airflow/.local/lib/python3.12/site-packages/airflow/example_dags/example_python_decorator.py
[2024-12-01T02:31:07.929+0000] {processor.py:914} INFO - Processing file /home/airflow/.local/lib/python3.12/site-packages/airflow/example_dags/example_python_decorator.py for tasks to queue
[2024-12-01T02:31:07.931+0000] {logging_mixin.py:190} INFO - [2024-12-01T02:31:07.931+0000] {dagbag.py:588} INFO - Filling up the DagBag from /home/airflow/.local/lib/python3.12/site-packages/airflow/example_dags/example_python_decorator.py
[2024-12-01T02:31:07.944+0000] {processor.py:925} INFO - DAG(s) 'example_python_decorator' retrieved from /home/airflow/.local/lib/python3.12/site-packages/airflow/example_dags/example_python_decorator.py
[2024-12-01T02:31:07.964+0000] {logging_mixin.py:190} INFO - [2024-12-01T02:31:07.964+0000] {dag.py:3239} INFO - Sync 1 DAGs
[2024-12-01T02:31:07.976+0000] {logging_mixin.py:190} INFO - [2024-12-01T02:31:07.976+0000] {dag.py:4180} INFO - Setting next_dagrun for example_python_decorator to None, run_after=None
[2024-12-01T02:31:07.992+0000] {processor.py:208} INFO - Processing /home/airflow/.local/lib/python3.12/site-packages/airflow/example_dags/example_python_decorator.py took 0.069 seconds
[2024-12-01T02:31:39.351+0000] {processor.py:186} INFO - Started process (PID=53220) to work on /home/airflow/.local/lib/python3.12/site-packages/airflow/example_dags/example_python_decorator.py
[2024-12-01T02:31:39.352+0000] {processor.py:914} INFO - Processing file /home/airflow/.local/lib/python3.12/site-packages/airflow/example_dags/example_python_decorator.py for tasks to queue
[2024-12-01T02:31:39.354+0000] {logging_mixin.py:190} INFO - [2024-12-01T02:31:39.354+0000] {dagbag.py:588} INFO - Filling up the DagBag from /home/airflow/.local/lib/python3.12/site-packages/airflow/example_dags/example_python_decorator.py
[2024-12-01T02:31:39.368+0000] {processor.py:925} INFO - DAG(s) 'example_python_decorator' retrieved from /home/airflow/.local/lib/python3.12/site-packages/airflow/example_dags/example_python_decorator.py
[2024-12-01T02:31:39.387+0000] {logging_mixin.py:190} INFO - [2024-12-01T02:31:39.387+0000] {dag.py:3239} INFO - Sync 1 DAGs
[2024-12-01T02:31:39.399+0000] {logging_mixin.py:190} INFO - [2024-12-01T02:31:39.399+0000] {dag.py:4180} INFO - Setting next_dagrun for example_python_decorator to None, run_after=None
[2024-12-01T02:31:39.415+0000] {processor.py:208} INFO - Processing /home/airflow/.local/lib/python3.12/site-packages/airflow/example_dags/example_python_decorator.py took 0.070 seconds
[2024-12-01T02:32:09.791+0000] {processor.py:186} INFO - Started process (PID=53286) to work on /home/airflow/.local/lib/python3.12/site-packages/airflow/example_dags/example_python_decorator.py
[2024-12-01T02:32:09.792+0000] {processor.py:914} INFO - Processing file /home/airflow/.local/lib/python3.12/site-packages/airflow/example_dags/example_python_decorator.py for tasks to queue
[2024-12-01T02:32:09.795+0000] {logging_mixin.py:190} INFO - [2024-12-01T02:32:09.794+0000] {dagbag.py:588} INFO - Filling up the DagBag from /home/airflow/.local/lib/python3.12/site-packages/airflow/example_dags/example_python_decorator.py
[2024-12-01T02:32:09.813+0000] {processor.py:925} INFO - DAG(s) 'example_python_decorator' retrieved from /home/airflow/.local/lib/python3.12/site-packages/airflow/example_dags/example_python_decorator.py
[2024-12-01T02:32:09.841+0000] {logging_mixin.py:190} INFO - [2024-12-01T02:32:09.841+0000] {dag.py:3239} INFO - Sync 1 DAGs
[2024-12-01T02:32:09.858+0000] {logging_mixin.py:190} INFO - [2024-12-01T02:32:09.858+0000] {dag.py:4180} INFO - Setting next_dagrun for example_python_decorator to None, run_after=None
[2024-12-01T02:32:09.879+0000] {processor.py:208} INFO - Processing /home/airflow/.local/lib/python3.12/site-packages/airflow/example_dags/example_python_decorator.py took 0.096 seconds
[2024-12-01T02:32:41.443+0000] {processor.py:186} INFO - Started process (PID=53352) to work on /home/airflow/.local/lib/python3.12/site-packages/airflow/example_dags/example_python_decorator.py
[2024-12-01T02:32:41.444+0000] {processor.py:914} INFO - Processing file /home/airflow/.local/lib/python3.12/site-packages/airflow/example_dags/example_python_decorator.py for tasks to queue
[2024-12-01T02:32:41.446+0000] {logging_mixin.py:190} INFO - [2024-12-01T02:32:41.446+0000] {dagbag.py:588} INFO - Filling up the DagBag from /home/airflow/.local/lib/python3.12/site-packages/airflow/example_dags/example_python_decorator.py
[2024-12-01T02:32:41.460+0000] {processor.py:925} INFO - DAG(s) 'example_python_decorator' retrieved from /home/airflow/.local/lib/python3.12/site-packages/airflow/example_dags/example_python_decorator.py
[2024-12-01T02:32:41.480+0000] {logging_mixin.py:190} INFO - [2024-12-01T02:32:41.480+0000] {dag.py:3239} INFO - Sync 1 DAGs
[2024-12-01T02:32:41.495+0000] {logging_mixin.py:190} INFO - [2024-12-01T02:32:41.495+0000] {dag.py:4180} INFO - Setting next_dagrun for example_python_decorator to None, run_after=None
[2024-12-01T02:32:41.523+0000] {processor.py:208} INFO - Processing /home/airflow/.local/lib/python3.12/site-packages/airflow/example_dags/example_python_decorator.py took 0.086 seconds
[2024-12-01T02:33:12.085+0000] {processor.py:186} INFO - Started process (PID=53418) to work on /home/airflow/.local/lib/python3.12/site-packages/airflow/example_dags/example_python_decorator.py
[2024-12-01T02:33:12.087+0000] {processor.py:914} INFO - Processing file /home/airflow/.local/lib/python3.12/site-packages/airflow/example_dags/example_python_decorator.py for tasks to queue
[2024-12-01T02:33:12.090+0000] {logging_mixin.py:190} INFO - [2024-12-01T02:33:12.090+0000] {dagbag.py:588} INFO - Filling up the DagBag from /home/airflow/.local/lib/python3.12/site-packages/airflow/example_dags/example_python_decorator.py
[2024-12-01T02:33:12.127+0000] {processor.py:925} INFO - DAG(s) 'example_python_decorator' retrieved from /home/airflow/.local/lib/python3.12/site-packages/airflow/example_dags/example_python_decorator.py
[2024-12-01T02:33:12.174+0000] {logging_mixin.py:190} INFO - [2024-12-01T02:33:12.173+0000] {dag.py:3239} INFO - Sync 1 DAGs
[2024-12-01T02:33:12.208+0000] {logging_mixin.py:190} INFO - [2024-12-01T02:33:12.208+0000] {dag.py:4180} INFO - Setting next_dagrun for example_python_decorator to None, run_after=None
[2024-12-01T02:33:12.230+0000] {processor.py:208} INFO - Processing /home/airflow/.local/lib/python3.12/site-packages/airflow/example_dags/example_python_decorator.py took 0.155 seconds
[2024-12-01T02:33:42.927+0000] {processor.py:186} INFO - Started process (PID=53484) to work on /home/airflow/.local/lib/python3.12/site-packages/airflow/example_dags/example_python_decorator.py
[2024-12-01T02:33:42.928+0000] {processor.py:914} INFO - Processing file /home/airflow/.local/lib/python3.12/site-packages/airflow/example_dags/example_python_decorator.py for tasks to queue
[2024-12-01T02:33:42.930+0000] {logging_mixin.py:190} INFO - [2024-12-01T02:33:42.930+0000] {dagbag.py:588} INFO - Filling up the DagBag from /home/airflow/.local/lib/python3.12/site-packages/airflow/example_dags/example_python_decorator.py
[2024-12-01T02:33:42.946+0000] {processor.py:925} INFO - DAG(s) 'example_python_decorator' retrieved from /home/airflow/.local/lib/python3.12/site-packages/airflow/example_dags/example_python_decorator.py
[2024-12-01T02:33:42.966+0000] {logging_mixin.py:190} INFO - [2024-12-01T02:33:42.966+0000] {dag.py:3239} INFO - Sync 1 DAGs
[2024-12-01T02:33:42.980+0000] {logging_mixin.py:190} INFO - [2024-12-01T02:33:42.980+0000] {dag.py:4180} INFO - Setting next_dagrun for example_python_decorator to None, run_after=None
[2024-12-01T02:33:42.999+0000] {processor.py:208} INFO - Processing /home/airflow/.local/lib/python3.12/site-packages/airflow/example_dags/example_python_decorator.py took 0.077 seconds
