[2024-12-01T02:10:54.852+0000] {processor.py:186} INFO - Started process (PID=50520) to work on /home/airflow/.local/lib/python3.12/site-packages/airflow/example_dags/example_workday_timetable.py
[2024-12-01T02:10:54.886+0000] {processor.py:914} INFO - Processing file /home/airflow/.local/lib/python3.12/site-packages/airflow/example_dags/example_workday_timetable.py for tasks to queue
[2024-12-01T02:10:54.894+0000] {logging_mixin.py:190} INFO - [2024-12-01T02:10:54.893+0000] {dagbag.py:588} INFO - Filling up the DagBag from /home/airflow/.local/lib/python3.12/site-packages/airflow/example_dags/example_workday_timetable.py
[2024-12-01T02:10:54.912+0000] {processor.py:925} INFO - DAG(s) 'example_workday_timetable' retrieved from /home/airflow/.local/lib/python3.12/site-packages/airflow/example_dags/example_workday_timetable.py
[2024-12-01T02:10:54.960+0000] {logging_mixin.py:190} INFO - [2024-12-01T02:10:54.960+0000] {dag.py:3239} INFO - Sync 1 DAGs
[2024-12-01T02:10:55.158+0000] {logging_mixin.py:190} INFO - [2024-12-01T02:10:55.158+0000] {dag.py:4180} INFO - Setting next_dagrun for example_workday_timetable to 2021-01-04 00:00:00+00:00, run_after=2021-01-05 00:00:00+00:00
[2024-12-01T02:10:55.213+0000] {processor.py:208} INFO - Processing /home/airflow/.local/lib/python3.12/site-packages/airflow/example_dags/example_workday_timetable.py took 0.380 seconds
[2024-12-01T02:11:25.702+0000] {processor.py:186} INFO - Started process (PID=50586) to work on /home/airflow/.local/lib/python3.12/site-packages/airflow/example_dags/example_workday_timetable.py
[2024-12-01T02:11:25.703+0000] {processor.py:914} INFO - Processing file /home/airflow/.local/lib/python3.12/site-packages/airflow/example_dags/example_workday_timetable.py for tasks to queue
[2024-12-01T02:11:25.705+0000] {logging_mixin.py:190} INFO - [2024-12-01T02:11:25.705+0000] {dagbag.py:588} INFO - Filling up the DagBag from /home/airflow/.local/lib/python3.12/site-packages/airflow/example_dags/example_workday_timetable.py
[2024-12-01T02:11:25.710+0000] {processor.py:925} INFO - DAG(s) 'example_workday_timetable' retrieved from /home/airflow/.local/lib/python3.12/site-packages/airflow/example_dags/example_workday_timetable.py
[2024-12-01T02:11:25.729+0000] {logging_mixin.py:190} INFO - [2024-12-01T02:11:25.729+0000] {dag.py:3239} INFO - Sync 1 DAGs
[2024-12-01T02:11:25.784+0000] {logging_mixin.py:190} INFO - [2024-12-01T02:11:25.784+0000] {dag.py:4180} INFO - Setting next_dagrun for example_workday_timetable to 2021-01-04 00:00:00+00:00, run_after=2021-01-05 00:00:00+00:00
[2024-12-01T02:11:25.802+0000] {processor.py:208} INFO - Processing /home/airflow/.local/lib/python3.12/site-packages/airflow/example_dags/example_workday_timetable.py took 0.106 seconds
[2024-12-01T02:11:56.533+0000] {processor.py:186} INFO - Started process (PID=50653) to work on /home/airflow/.local/lib/python3.12/site-packages/airflow/example_dags/example_workday_timetable.py
[2024-12-01T02:11:56.534+0000] {processor.py:914} INFO - Processing file /home/airflow/.local/lib/python3.12/site-packages/airflow/example_dags/example_workday_timetable.py for tasks to queue
[2024-12-01T02:11:56.536+0000] {logging_mixin.py:190} INFO - [2024-12-01T02:11:56.536+0000] {dagbag.py:588} INFO - Filling up the DagBag from /home/airflow/.local/lib/python3.12/site-packages/airflow/example_dags/example_workday_timetable.py
[2024-12-01T02:11:56.541+0000] {processor.py:925} INFO - DAG(s) 'example_workday_timetable' retrieved from /home/airflow/.local/lib/python3.12/site-packages/airflow/example_dags/example_workday_timetable.py
[2024-12-01T02:11:56.557+0000] {logging_mixin.py:190} INFO - [2024-12-01T02:11:56.557+0000] {dag.py:3239} INFO - Sync 1 DAGs
[2024-12-01T02:11:56.622+0000] {logging_mixin.py:190} INFO - [2024-12-01T02:11:56.622+0000] {dag.py:4180} INFO - Setting next_dagrun for example_workday_timetable to 2021-01-04 00:00:00+00:00, run_after=2021-01-05 00:00:00+00:00
[2024-12-01T02:11:56.641+0000] {processor.py:208} INFO - Processing /home/airflow/.local/lib/python3.12/site-packages/airflow/example_dags/example_workday_timetable.py took 0.113 seconds
[2024-12-01T02:12:27.107+0000] {processor.py:186} INFO - Started process (PID=50719) to work on /home/airflow/.local/lib/python3.12/site-packages/airflow/example_dags/example_workday_timetable.py
[2024-12-01T02:12:27.108+0000] {processor.py:914} INFO - Processing file /home/airflow/.local/lib/python3.12/site-packages/airflow/example_dags/example_workday_timetable.py for tasks to queue
[2024-12-01T02:12:27.110+0000] {logging_mixin.py:190} INFO - [2024-12-01T02:12:27.110+0000] {dagbag.py:588} INFO - Filling up the DagBag from /home/airflow/.local/lib/python3.12/site-packages/airflow/example_dags/example_workday_timetable.py
[2024-12-01T02:12:27.115+0000] {processor.py:925} INFO - DAG(s) 'example_workday_timetable' retrieved from /home/airflow/.local/lib/python3.12/site-packages/airflow/example_dags/example_workday_timetable.py
[2024-12-01T02:12:27.132+0000] {logging_mixin.py:190} INFO - [2024-12-01T02:12:27.131+0000] {dag.py:3239} INFO - Sync 1 DAGs
[2024-12-01T02:12:27.187+0000] {logging_mixin.py:190} INFO - [2024-12-01T02:12:27.187+0000] {dag.py:4180} INFO - Setting next_dagrun for example_workday_timetable to 2021-01-04 00:00:00+00:00, run_after=2021-01-05 00:00:00+00:00
[2024-12-01T02:12:27.205+0000] {processor.py:208} INFO - Processing /home/airflow/.local/lib/python3.12/site-packages/airflow/example_dags/example_workday_timetable.py took 0.103 seconds
[2024-12-01T02:12:57.817+0000] {processor.py:186} INFO - Started process (PID=50785) to work on /home/airflow/.local/lib/python3.12/site-packages/airflow/example_dags/example_workday_timetable.py
[2024-12-01T02:12:57.818+0000] {processor.py:914} INFO - Processing file /home/airflow/.local/lib/python3.12/site-packages/airflow/example_dags/example_workday_timetable.py for tasks to queue
[2024-12-01T02:12:57.820+0000] {logging_mixin.py:190} INFO - [2024-12-01T02:12:57.820+0000] {dagbag.py:588} INFO - Filling up the DagBag from /home/airflow/.local/lib/python3.12/site-packages/airflow/example_dags/example_workday_timetable.py
[2024-12-01T02:12:57.826+0000] {processor.py:925} INFO - DAG(s) 'example_workday_timetable' retrieved from /home/airflow/.local/lib/python3.12/site-packages/airflow/example_dags/example_workday_timetable.py
[2024-12-01T02:12:57.843+0000] {logging_mixin.py:190} INFO - [2024-12-01T02:12:57.843+0000] {dag.py:3239} INFO - Sync 1 DAGs
[2024-12-01T02:12:57.897+0000] {logging_mixin.py:190} INFO - [2024-12-01T02:12:57.897+0000] {dag.py:4180} INFO - Setting next_dagrun for example_workday_timetable to 2021-01-04 00:00:00+00:00, run_after=2021-01-05 00:00:00+00:00
[2024-12-01T02:12:57.911+0000] {processor.py:208} INFO - Processing /home/airflow/.local/lib/python3.12/site-packages/airflow/example_dags/example_workday_timetable.py took 0.098 seconds
[2024-12-01T02:13:28.557+0000] {processor.py:186} INFO - Started process (PID=50851) to work on /home/airflow/.local/lib/python3.12/site-packages/airflow/example_dags/example_workday_timetable.py
[2024-12-01T02:13:28.557+0000] {processor.py:914} INFO - Processing file /home/airflow/.local/lib/python3.12/site-packages/airflow/example_dags/example_workday_timetable.py for tasks to queue
[2024-12-01T02:13:28.560+0000] {logging_mixin.py:190} INFO - [2024-12-01T02:13:28.559+0000] {dagbag.py:588} INFO - Filling up the DagBag from /home/airflow/.local/lib/python3.12/site-packages/airflow/example_dags/example_workday_timetable.py
[2024-12-01T02:13:28.565+0000] {processor.py:925} INFO - DAG(s) 'example_workday_timetable' retrieved from /home/airflow/.local/lib/python3.12/site-packages/airflow/example_dags/example_workday_timetable.py
[2024-12-01T02:13:28.581+0000] {logging_mixin.py:190} INFO - [2024-12-01T02:13:28.581+0000] {dag.py:3239} INFO - Sync 1 DAGs
[2024-12-01T02:13:28.643+0000] {logging_mixin.py:190} INFO - [2024-12-01T02:13:28.642+0000] {dag.py:4180} INFO - Setting next_dagrun for example_workday_timetable to 2021-01-04 00:00:00+00:00, run_after=2021-01-05 00:00:00+00:00
[2024-12-01T02:13:28.661+0000] {processor.py:208} INFO - Processing /home/airflow/.local/lib/python3.12/site-packages/airflow/example_dags/example_workday_timetable.py took 0.110 seconds
[2024-12-01T02:13:59.265+0000] {processor.py:186} INFO - Started process (PID=50923) to work on /home/airflow/.local/lib/python3.12/site-packages/airflow/example_dags/example_workday_timetable.py
[2024-12-01T02:13:59.266+0000] {processor.py:914} INFO - Processing file /home/airflow/.local/lib/python3.12/site-packages/airflow/example_dags/example_workday_timetable.py for tasks to queue
[2024-12-01T02:13:59.268+0000] {logging_mixin.py:190} INFO - [2024-12-01T02:13:59.268+0000] {dagbag.py:588} INFO - Filling up the DagBag from /home/airflow/.local/lib/python3.12/site-packages/airflow/example_dags/example_workday_timetable.py
[2024-12-01T02:13:59.273+0000] {processor.py:925} INFO - DAG(s) 'example_workday_timetable' retrieved from /home/airflow/.local/lib/python3.12/site-packages/airflow/example_dags/example_workday_timetable.py
[2024-12-01T02:13:59.290+0000] {logging_mixin.py:190} INFO - [2024-12-01T02:13:59.290+0000] {dag.py:3239} INFO - Sync 1 DAGs
[2024-12-01T02:13:59.347+0000] {logging_mixin.py:190} INFO - [2024-12-01T02:13:59.347+0000] {dag.py:4180} INFO - Setting next_dagrun for example_workday_timetable to 2021-01-04 00:00:00+00:00, run_after=2021-01-05 00:00:00+00:00
[2024-12-01T02:13:59.362+0000] {processor.py:208} INFO - Processing /home/airflow/.local/lib/python3.12/site-packages/airflow/example_dags/example_workday_timetable.py took 0.103 seconds
[2024-12-01T02:14:29.585+0000] {processor.py:186} INFO - Started process (PID=50989) to work on /home/airflow/.local/lib/python3.12/site-packages/airflow/example_dags/example_workday_timetable.py
[2024-12-01T02:14:29.586+0000] {processor.py:914} INFO - Processing file /home/airflow/.local/lib/python3.12/site-packages/airflow/example_dags/example_workday_timetable.py for tasks to queue
[2024-12-01T02:14:29.588+0000] {logging_mixin.py:190} INFO - [2024-12-01T02:14:29.588+0000] {dagbag.py:588} INFO - Filling up the DagBag from /home/airflow/.local/lib/python3.12/site-packages/airflow/example_dags/example_workday_timetable.py
[2024-12-01T02:14:29.593+0000] {processor.py:925} INFO - DAG(s) 'example_workday_timetable' retrieved from /home/airflow/.local/lib/python3.12/site-packages/airflow/example_dags/example_workday_timetable.py
[2024-12-01T02:14:29.611+0000] {logging_mixin.py:190} INFO - [2024-12-01T02:14:29.611+0000] {dag.py:3239} INFO - Sync 1 DAGs
[2024-12-01T02:14:29.725+0000] {logging_mixin.py:190} INFO - [2024-12-01T02:14:29.724+0000] {dag.py:4180} INFO - Setting next_dagrun for example_workday_timetable to 2021-01-04 00:00:00+00:00, run_after=2021-01-05 00:00:00+00:00
[2024-12-01T02:14:29.777+0000] {processor.py:208} INFO - Processing /home/airflow/.local/lib/python3.12/site-packages/airflow/example_dags/example_workday_timetable.py took 0.198 seconds
[2024-12-01T02:15:00.356+0000] {processor.py:186} INFO - Started process (PID=51055) to work on /home/airflow/.local/lib/python3.12/site-packages/airflow/example_dags/example_workday_timetable.py
[2024-12-01T02:15:00.357+0000] {processor.py:914} INFO - Processing file /home/airflow/.local/lib/python3.12/site-packages/airflow/example_dags/example_workday_timetable.py for tasks to queue
[2024-12-01T02:15:00.359+0000] {logging_mixin.py:190} INFO - [2024-12-01T02:15:00.359+0000] {dagbag.py:588} INFO - Filling up the DagBag from /home/airflow/.local/lib/python3.12/site-packages/airflow/example_dags/example_workday_timetable.py
[2024-12-01T02:15:00.365+0000] {processor.py:925} INFO - DAG(s) 'example_workday_timetable' retrieved from /home/airflow/.local/lib/python3.12/site-packages/airflow/example_dags/example_workday_timetable.py
[2024-12-01T02:15:00.381+0000] {logging_mixin.py:190} INFO - [2024-12-01T02:15:00.381+0000] {dag.py:3239} INFO - Sync 1 DAGs
[2024-12-01T02:15:00.438+0000] {logging_mixin.py:190} INFO - [2024-12-01T02:15:00.438+0000] {dag.py:4180} INFO - Setting next_dagrun for example_workday_timetable to 2021-01-04 00:00:00+00:00, run_after=2021-01-05 00:00:00+00:00
[2024-12-01T02:15:00.455+0000] {processor.py:208} INFO - Processing /home/airflow/.local/lib/python3.12/site-packages/airflow/example_dags/example_workday_timetable.py took 0.104 seconds
[2024-12-01T02:15:31.362+0000] {processor.py:186} INFO - Started process (PID=51121) to work on /home/airflow/.local/lib/python3.12/site-packages/airflow/example_dags/example_workday_timetable.py
[2024-12-01T02:15:31.363+0000] {processor.py:914} INFO - Processing file /home/airflow/.local/lib/python3.12/site-packages/airflow/example_dags/example_workday_timetable.py for tasks to queue
[2024-12-01T02:15:31.366+0000] {logging_mixin.py:190} INFO - [2024-12-01T02:15:31.365+0000] {dagbag.py:588} INFO - Filling up the DagBag from /home/airflow/.local/lib/python3.12/site-packages/airflow/example_dags/example_workday_timetable.py
[2024-12-01T02:15:31.371+0000] {processor.py:925} INFO - DAG(s) 'example_workday_timetable' retrieved from /home/airflow/.local/lib/python3.12/site-packages/airflow/example_dags/example_workday_timetable.py
[2024-12-01T02:15:31.387+0000] {logging_mixin.py:190} INFO - [2024-12-01T02:15:31.387+0000] {dag.py:3239} INFO - Sync 1 DAGs
[2024-12-01T02:15:31.445+0000] {logging_mixin.py:190} INFO - [2024-12-01T02:15:31.445+0000] {dag.py:4180} INFO - Setting next_dagrun for example_workday_timetable to 2021-01-04 00:00:00+00:00, run_after=2021-01-05 00:00:00+00:00
[2024-12-01T02:15:31.463+0000] {processor.py:208} INFO - Processing /home/airflow/.local/lib/python3.12/site-packages/airflow/example_dags/example_workday_timetable.py took 0.105 seconds
[2024-12-01T02:16:02.339+0000] {processor.py:186} INFO - Started process (PID=51187) to work on /home/airflow/.local/lib/python3.12/site-packages/airflow/example_dags/example_workday_timetable.py
[2024-12-01T02:16:02.340+0000] {processor.py:914} INFO - Processing file /home/airflow/.local/lib/python3.12/site-packages/airflow/example_dags/example_workday_timetable.py for tasks to queue
[2024-12-01T02:16:02.342+0000] {logging_mixin.py:190} INFO - [2024-12-01T02:16:02.342+0000] {dagbag.py:588} INFO - Filling up the DagBag from /home/airflow/.local/lib/python3.12/site-packages/airflow/example_dags/example_workday_timetable.py
[2024-12-01T02:16:02.347+0000] {processor.py:925} INFO - DAG(s) 'example_workday_timetable' retrieved from /home/airflow/.local/lib/python3.12/site-packages/airflow/example_dags/example_workday_timetable.py
[2024-12-01T02:16:02.369+0000] {logging_mixin.py:190} INFO - [2024-12-01T02:16:02.369+0000] {dag.py:3239} INFO - Sync 1 DAGs
[2024-12-01T02:16:02.440+0000] {logging_mixin.py:190} INFO - [2024-12-01T02:16:02.439+0000] {dag.py:4180} INFO - Setting next_dagrun for example_workday_timetable to 2021-01-04 00:00:00+00:00, run_after=2021-01-05 00:00:00+00:00
[2024-12-01T02:16:02.459+0000] {processor.py:208} INFO - Processing /home/airflow/.local/lib/python3.12/site-packages/airflow/example_dags/example_workday_timetable.py took 0.127 seconds
[2024-12-01T02:16:32.953+0000] {processor.py:186} INFO - Started process (PID=51253) to work on /home/airflow/.local/lib/python3.12/site-packages/airflow/example_dags/example_workday_timetable.py
[2024-12-01T02:16:32.954+0000] {processor.py:914} INFO - Processing file /home/airflow/.local/lib/python3.12/site-packages/airflow/example_dags/example_workday_timetable.py for tasks to queue
[2024-12-01T02:16:32.956+0000] {logging_mixin.py:190} INFO - [2024-12-01T02:16:32.956+0000] {dagbag.py:588} INFO - Filling up the DagBag from /home/airflow/.local/lib/python3.12/site-packages/airflow/example_dags/example_workday_timetable.py
[2024-12-01T02:16:32.963+0000] {processor.py:925} INFO - DAG(s) 'example_workday_timetable' retrieved from /home/airflow/.local/lib/python3.12/site-packages/airflow/example_dags/example_workday_timetable.py
[2024-12-01T02:16:32.979+0000] {logging_mixin.py:190} INFO - [2024-12-01T02:16:32.978+0000] {dag.py:3239} INFO - Sync 1 DAGs
[2024-12-01T02:16:33.039+0000] {logging_mixin.py:190} INFO - [2024-12-01T02:16:33.038+0000] {dag.py:4180} INFO - Setting next_dagrun for example_workday_timetable to 2021-01-04 00:00:00+00:00, run_after=2021-01-05 00:00:00+00:00
[2024-12-01T02:16:33.058+0000] {processor.py:208} INFO - Processing /home/airflow/.local/lib/python3.12/site-packages/airflow/example_dags/example_workday_timetable.py took 0.112 seconds
[2024-12-01T02:17:03.181+0000] {processor.py:186} INFO - Started process (PID=51320) to work on /home/airflow/.local/lib/python3.12/site-packages/airflow/example_dags/example_workday_timetable.py
[2024-12-01T02:17:03.182+0000] {processor.py:914} INFO - Processing file /home/airflow/.local/lib/python3.12/site-packages/airflow/example_dags/example_workday_timetable.py for tasks to queue
[2024-12-01T02:17:03.184+0000] {logging_mixin.py:190} INFO - [2024-12-01T02:17:03.184+0000] {dagbag.py:588} INFO - Filling up the DagBag from /home/airflow/.local/lib/python3.12/site-packages/airflow/example_dags/example_workday_timetable.py
[2024-12-01T02:17:03.190+0000] {processor.py:925} INFO - DAG(s) 'example_workday_timetable' retrieved from /home/airflow/.local/lib/python3.12/site-packages/airflow/example_dags/example_workday_timetable.py
[2024-12-01T02:17:03.206+0000] {logging_mixin.py:190} INFO - [2024-12-01T02:17:03.206+0000] {dag.py:3239} INFO - Sync 1 DAGs
[2024-12-01T02:17:03.264+0000] {logging_mixin.py:190} INFO - [2024-12-01T02:17:03.264+0000] {dag.py:4180} INFO - Setting next_dagrun for example_workday_timetable to 2021-01-04 00:00:00+00:00, run_after=2021-01-05 00:00:00+00:00
[2024-12-01T02:17:03.281+0000] {processor.py:208} INFO - Processing /home/airflow/.local/lib/python3.12/site-packages/airflow/example_dags/example_workday_timetable.py took 0.105 seconds
[2024-12-01T02:17:33.992+0000] {processor.py:186} INFO - Started process (PID=51385) to work on /home/airflow/.local/lib/python3.12/site-packages/airflow/example_dags/example_workday_timetable.py
[2024-12-01T02:17:34.000+0000] {processor.py:914} INFO - Processing file /home/airflow/.local/lib/python3.12/site-packages/airflow/example_dags/example_workday_timetable.py for tasks to queue
[2024-12-01T02:17:34.003+0000] {logging_mixin.py:190} INFO - [2024-12-01T02:17:34.003+0000] {dagbag.py:588} INFO - Filling up the DagBag from /home/airflow/.local/lib/python3.12/site-packages/airflow/example_dags/example_workday_timetable.py
[2024-12-01T02:17:34.015+0000] {processor.py:925} INFO - DAG(s) 'example_workday_timetable' retrieved from /home/airflow/.local/lib/python3.12/site-packages/airflow/example_dags/example_workday_timetable.py
[2024-12-01T02:17:34.050+0000] {logging_mixin.py:190} INFO - [2024-12-01T02:17:34.050+0000] {dag.py:3239} INFO - Sync 1 DAGs
[2024-12-01T02:17:34.137+0000] {logging_mixin.py:190} INFO - [2024-12-01T02:17:34.137+0000] {dag.py:4180} INFO - Setting next_dagrun for example_workday_timetable to 2021-01-04 00:00:00+00:00, run_after=2021-01-05 00:00:00+00:00
[2024-12-01T02:17:34.153+0000] {processor.py:208} INFO - Processing /home/airflow/.local/lib/python3.12/site-packages/airflow/example_dags/example_workday_timetable.py took 0.175 seconds
[2024-12-01T02:18:04.207+0000] {processor.py:186} INFO - Started process (PID=51451) to work on /home/airflow/.local/lib/python3.12/site-packages/airflow/example_dags/example_workday_timetable.py
[2024-12-01T02:18:04.207+0000] {processor.py:914} INFO - Processing file /home/airflow/.local/lib/python3.12/site-packages/airflow/example_dags/example_workday_timetable.py for tasks to queue
[2024-12-01T02:18:04.209+0000] {logging_mixin.py:190} INFO - [2024-12-01T02:18:04.209+0000] {dagbag.py:588} INFO - Filling up the DagBag from /home/airflow/.local/lib/python3.12/site-packages/airflow/example_dags/example_workday_timetable.py
[2024-12-01T02:18:04.214+0000] {processor.py:925} INFO - DAG(s) 'example_workday_timetable' retrieved from /home/airflow/.local/lib/python3.12/site-packages/airflow/example_dags/example_workday_timetable.py
[2024-12-01T02:18:04.230+0000] {logging_mixin.py:190} INFO - [2024-12-01T02:18:04.230+0000] {dag.py:3239} INFO - Sync 1 DAGs
[2024-12-01T02:18:04.285+0000] {logging_mixin.py:190} INFO - [2024-12-01T02:18:04.284+0000] {dag.py:4180} INFO - Setting next_dagrun for example_workday_timetable to 2021-01-04 00:00:00+00:00, run_after=2021-01-05 00:00:00+00:00
[2024-12-01T02:18:04.299+0000] {processor.py:208} INFO - Processing /home/airflow/.local/lib/python3.12/site-packages/airflow/example_dags/example_workday_timetable.py took 0.098 seconds
[2024-12-01T02:18:35.023+0000] {processor.py:186} INFO - Started process (PID=51517) to work on /home/airflow/.local/lib/python3.12/site-packages/airflow/example_dags/example_workday_timetable.py
[2024-12-01T02:18:35.024+0000] {processor.py:914} INFO - Processing file /home/airflow/.local/lib/python3.12/site-packages/airflow/example_dags/example_workday_timetable.py for tasks to queue
[2024-12-01T02:18:35.026+0000] {logging_mixin.py:190} INFO - [2024-12-01T02:18:35.025+0000] {dagbag.py:588} INFO - Filling up the DagBag from /home/airflow/.local/lib/python3.12/site-packages/airflow/example_dags/example_workday_timetable.py
[2024-12-01T02:18:35.031+0000] {processor.py:925} INFO - DAG(s) 'example_workday_timetable' retrieved from /home/airflow/.local/lib/python3.12/site-packages/airflow/example_dags/example_workday_timetable.py
[2024-12-01T02:18:35.049+0000] {logging_mixin.py:190} INFO - [2024-12-01T02:18:35.048+0000] {dag.py:3239} INFO - Sync 1 DAGs
[2024-12-01T02:18:35.104+0000] {logging_mixin.py:190} INFO - [2024-12-01T02:18:35.104+0000] {dag.py:4180} INFO - Setting next_dagrun for example_workday_timetable to 2021-01-04 00:00:00+00:00, run_after=2021-01-05 00:00:00+00:00
[2024-12-01T02:18:35.121+0000] {processor.py:208} INFO - Processing /home/airflow/.local/lib/python3.12/site-packages/airflow/example_dags/example_workday_timetable.py took 0.104 seconds
[2024-12-01T02:19:05.828+0000] {processor.py:186} INFO - Started process (PID=51584) to work on /home/airflow/.local/lib/python3.12/site-packages/airflow/example_dags/example_workday_timetable.py
[2024-12-01T02:19:05.829+0000] {processor.py:914} INFO - Processing file /home/airflow/.local/lib/python3.12/site-packages/airflow/example_dags/example_workday_timetable.py for tasks to queue
[2024-12-01T02:19:05.831+0000] {logging_mixin.py:190} INFO - [2024-12-01T02:19:05.831+0000] {dagbag.py:588} INFO - Filling up the DagBag from /home/airflow/.local/lib/python3.12/site-packages/airflow/example_dags/example_workday_timetable.py
[2024-12-01T02:19:05.837+0000] {processor.py:925} INFO - DAG(s) 'example_workday_timetable' retrieved from /home/airflow/.local/lib/python3.12/site-packages/airflow/example_dags/example_workday_timetable.py
[2024-12-01T02:19:05.855+0000] {logging_mixin.py:190} INFO - [2024-12-01T02:19:05.855+0000] {dag.py:3239} INFO - Sync 1 DAGs
[2024-12-01T02:19:05.911+0000] {logging_mixin.py:190} INFO - [2024-12-01T02:19:05.911+0000] {dag.py:4180} INFO - Setting next_dagrun for example_workday_timetable to 2021-01-04 00:00:00+00:00, run_after=2021-01-05 00:00:00+00:00
[2024-12-01T02:19:05.929+0000] {processor.py:208} INFO - Processing /home/airflow/.local/lib/python3.12/site-packages/airflow/example_dags/example_workday_timetable.py took 0.106 seconds
[2024-12-01T02:19:36.109+0000] {processor.py:186} INFO - Started process (PID=51650) to work on /home/airflow/.local/lib/python3.12/site-packages/airflow/example_dags/example_workday_timetable.py
[2024-12-01T02:19:36.110+0000] {processor.py:914} INFO - Processing file /home/airflow/.local/lib/python3.12/site-packages/airflow/example_dags/example_workday_timetable.py for tasks to queue
[2024-12-01T02:19:36.113+0000] {logging_mixin.py:190} INFO - [2024-12-01T02:19:36.112+0000] {dagbag.py:588} INFO - Filling up the DagBag from /home/airflow/.local/lib/python3.12/site-packages/airflow/example_dags/example_workday_timetable.py
[2024-12-01T02:19:36.118+0000] {processor.py:925} INFO - DAG(s) 'example_workday_timetable' retrieved from /home/airflow/.local/lib/python3.12/site-packages/airflow/example_dags/example_workday_timetable.py
[2024-12-01T02:19:36.134+0000] {logging_mixin.py:190} INFO - [2024-12-01T02:19:36.133+0000] {dag.py:3239} INFO - Sync 1 DAGs
[2024-12-01T02:19:36.209+0000] {logging_mixin.py:190} INFO - [2024-12-01T02:19:36.209+0000] {dag.py:4180} INFO - Setting next_dagrun for example_workday_timetable to 2021-01-04 00:00:00+00:00, run_after=2021-01-05 00:00:00+00:00
[2024-12-01T02:19:36.226+0000] {processor.py:208} INFO - Processing /home/airflow/.local/lib/python3.12/site-packages/airflow/example_dags/example_workday_timetable.py took 0.121 seconds
[2024-12-01T02:20:07.023+0000] {processor.py:186} INFO - Started process (PID=51716) to work on /home/airflow/.local/lib/python3.12/site-packages/airflow/example_dags/example_workday_timetable.py
[2024-12-01T02:20:07.024+0000] {processor.py:914} INFO - Processing file /home/airflow/.local/lib/python3.12/site-packages/airflow/example_dags/example_workday_timetable.py for tasks to queue
[2024-12-01T02:20:07.026+0000] {logging_mixin.py:190} INFO - [2024-12-01T02:20:07.026+0000] {dagbag.py:588} INFO - Filling up the DagBag from /home/airflow/.local/lib/python3.12/site-packages/airflow/example_dags/example_workday_timetable.py
[2024-12-01T02:20:07.032+0000] {processor.py:925} INFO - DAG(s) 'example_workday_timetable' retrieved from /home/airflow/.local/lib/python3.12/site-packages/airflow/example_dags/example_workday_timetable.py
[2024-12-01T02:20:07.050+0000] {logging_mixin.py:190} INFO - [2024-12-01T02:20:07.049+0000] {dag.py:3239} INFO - Sync 1 DAGs
[2024-12-01T02:20:07.247+0000] {logging_mixin.py:190} INFO - [2024-12-01T02:20:07.247+0000] {dag.py:4180} INFO - Setting next_dagrun for example_workday_timetable to 2021-01-04 00:00:00+00:00, run_after=2021-01-05 00:00:00+00:00
[2024-12-01T02:20:07.263+0000] {processor.py:208} INFO - Processing /home/airflow/.local/lib/python3.12/site-packages/airflow/example_dags/example_workday_timetable.py took 0.245 seconds
[2024-12-01T02:20:37.429+0000] {processor.py:186} INFO - Started process (PID=51782) to work on /home/airflow/.local/lib/python3.12/site-packages/airflow/example_dags/example_workday_timetable.py
[2024-12-01T02:20:37.430+0000] {processor.py:914} INFO - Processing file /home/airflow/.local/lib/python3.12/site-packages/airflow/example_dags/example_workday_timetable.py for tasks to queue
[2024-12-01T02:20:37.433+0000] {logging_mixin.py:190} INFO - [2024-12-01T02:20:37.432+0000] {dagbag.py:588} INFO - Filling up the DagBag from /home/airflow/.local/lib/python3.12/site-packages/airflow/example_dags/example_workday_timetable.py
[2024-12-01T02:20:37.438+0000] {processor.py:925} INFO - DAG(s) 'example_workday_timetable' retrieved from /home/airflow/.local/lib/python3.12/site-packages/airflow/example_dags/example_workday_timetable.py
[2024-12-01T02:20:37.458+0000] {logging_mixin.py:190} INFO - [2024-12-01T02:20:37.458+0000] {dag.py:3239} INFO - Sync 1 DAGs
[2024-12-01T02:20:37.515+0000] {logging_mixin.py:190} INFO - [2024-12-01T02:20:37.515+0000] {dag.py:4180} INFO - Setting next_dagrun for example_workday_timetable to 2021-01-04 00:00:00+00:00, run_after=2021-01-05 00:00:00+00:00
[2024-12-01T02:20:37.531+0000] {processor.py:208} INFO - Processing /home/airflow/.local/lib/python3.12/site-packages/airflow/example_dags/example_workday_timetable.py took 0.108 seconds
[2024-12-01T02:21:07.672+0000] {processor.py:186} INFO - Started process (PID=51849) to work on /home/airflow/.local/lib/python3.12/site-packages/airflow/example_dags/example_workday_timetable.py
[2024-12-01T02:21:07.673+0000] {processor.py:914} INFO - Processing file /home/airflow/.local/lib/python3.12/site-packages/airflow/example_dags/example_workday_timetable.py for tasks to queue
[2024-12-01T02:21:07.676+0000] {logging_mixin.py:190} INFO - [2024-12-01T02:21:07.676+0000] {dagbag.py:588} INFO - Filling up the DagBag from /home/airflow/.local/lib/python3.12/site-packages/airflow/example_dags/example_workday_timetable.py
[2024-12-01T02:21:07.681+0000] {processor.py:925} INFO - DAG(s) 'example_workday_timetable' retrieved from /home/airflow/.local/lib/python3.12/site-packages/airflow/example_dags/example_workday_timetable.py
[2024-12-01T02:21:07.699+0000] {logging_mixin.py:190} INFO - [2024-12-01T02:21:07.699+0000] {dag.py:3239} INFO - Sync 1 DAGs
[2024-12-01T02:21:07.752+0000] {logging_mixin.py:190} INFO - [2024-12-01T02:21:07.752+0000] {dag.py:4180} INFO - Setting next_dagrun for example_workday_timetable to 2021-01-04 00:00:00+00:00, run_after=2021-01-05 00:00:00+00:00
[2024-12-01T02:21:07.769+0000] {processor.py:208} INFO - Processing /home/airflow/.local/lib/python3.12/site-packages/airflow/example_dags/example_workday_timetable.py took 0.102 seconds
[2024-12-01T02:21:38.729+0000] {processor.py:186} INFO - Started process (PID=51915) to work on /home/airflow/.local/lib/python3.12/site-packages/airflow/example_dags/example_workday_timetable.py
[2024-12-01T02:21:38.730+0000] {processor.py:914} INFO - Processing file /home/airflow/.local/lib/python3.12/site-packages/airflow/example_dags/example_workday_timetable.py for tasks to queue
[2024-12-01T02:21:38.732+0000] {logging_mixin.py:190} INFO - [2024-12-01T02:21:38.732+0000] {dagbag.py:588} INFO - Filling up the DagBag from /home/airflow/.local/lib/python3.12/site-packages/airflow/example_dags/example_workday_timetable.py
[2024-12-01T02:21:38.738+0000] {processor.py:925} INFO - DAG(s) 'example_workday_timetable' retrieved from /home/airflow/.local/lib/python3.12/site-packages/airflow/example_dags/example_workday_timetable.py
[2024-12-01T02:21:38.754+0000] {logging_mixin.py:190} INFO - [2024-12-01T02:21:38.754+0000] {dag.py:3239} INFO - Sync 1 DAGs
[2024-12-01T02:21:38.810+0000] {logging_mixin.py:190} INFO - [2024-12-01T02:21:38.810+0000] {dag.py:4180} INFO - Setting next_dagrun for example_workday_timetable to 2021-01-04 00:00:00+00:00, run_after=2021-01-05 00:00:00+00:00
[2024-12-01T02:21:38.824+0000] {processor.py:208} INFO - Processing /home/airflow/.local/lib/python3.12/site-packages/airflow/example_dags/example_workday_timetable.py took 0.100 seconds
[2024-12-01T02:22:08.884+0000] {processor.py:186} INFO - Started process (PID=51981) to work on /home/airflow/.local/lib/python3.12/site-packages/airflow/example_dags/example_workday_timetable.py
[2024-12-01T02:22:08.885+0000] {processor.py:914} INFO - Processing file /home/airflow/.local/lib/python3.12/site-packages/airflow/example_dags/example_workday_timetable.py for tasks to queue
[2024-12-01T02:22:08.887+0000] {logging_mixin.py:190} INFO - [2024-12-01T02:22:08.887+0000] {dagbag.py:588} INFO - Filling up the DagBag from /home/airflow/.local/lib/python3.12/site-packages/airflow/example_dags/example_workday_timetable.py
[2024-12-01T02:22:08.893+0000] {processor.py:925} INFO - DAG(s) 'example_workday_timetable' retrieved from /home/airflow/.local/lib/python3.12/site-packages/airflow/example_dags/example_workday_timetable.py
[2024-12-01T02:22:08.909+0000] {logging_mixin.py:190} INFO - [2024-12-01T02:22:08.909+0000] {dag.py:3239} INFO - Sync 1 DAGs
[2024-12-01T02:22:08.963+0000] {logging_mixin.py:190} INFO - [2024-12-01T02:22:08.963+0000] {dag.py:4180} INFO - Setting next_dagrun for example_workday_timetable to 2021-01-04 00:00:00+00:00, run_after=2021-01-05 00:00:00+00:00
[2024-12-01T02:22:08.980+0000] {processor.py:208} INFO - Processing /home/airflow/.local/lib/python3.12/site-packages/airflow/example_dags/example_workday_timetable.py took 0.101 seconds
[2024-12-01T02:22:39.406+0000] {processor.py:186} INFO - Started process (PID=52046) to work on /home/airflow/.local/lib/python3.12/site-packages/airflow/example_dags/example_workday_timetable.py
[2024-12-01T02:22:39.407+0000] {processor.py:914} INFO - Processing file /home/airflow/.local/lib/python3.12/site-packages/airflow/example_dags/example_workday_timetable.py for tasks to queue
[2024-12-01T02:22:39.411+0000] {logging_mixin.py:190} INFO - [2024-12-01T02:22:39.410+0000] {dagbag.py:588} INFO - Filling up the DagBag from /home/airflow/.local/lib/python3.12/site-packages/airflow/example_dags/example_workday_timetable.py
[2024-12-01T02:22:39.419+0000] {processor.py:925} INFO - DAG(s) 'example_workday_timetable' retrieved from /home/airflow/.local/lib/python3.12/site-packages/airflow/example_dags/example_workday_timetable.py
[2024-12-01T02:22:39.443+0000] {logging_mixin.py:190} INFO - [2024-12-01T02:22:39.442+0000] {dag.py:3239} INFO - Sync 1 DAGs
[2024-12-01T02:22:39.508+0000] {logging_mixin.py:190} INFO - [2024-12-01T02:22:39.508+0000] {dag.py:4180} INFO - Setting next_dagrun for example_workday_timetable to 2021-01-04 00:00:00+00:00, run_after=2021-01-05 00:00:00+00:00
[2024-12-01T02:22:39.524+0000] {processor.py:208} INFO - Processing /home/airflow/.local/lib/python3.12/site-packages/airflow/example_dags/example_workday_timetable.py took 0.124 seconds
[2024-12-01T02:23:10.043+0000] {processor.py:186} INFO - Started process (PID=52112) to work on /home/airflow/.local/lib/python3.12/site-packages/airflow/example_dags/example_workday_timetable.py
[2024-12-01T02:23:10.044+0000] {processor.py:914} INFO - Processing file /home/airflow/.local/lib/python3.12/site-packages/airflow/example_dags/example_workday_timetable.py for tasks to queue
[2024-12-01T02:23:10.047+0000] {logging_mixin.py:190} INFO - [2024-12-01T02:23:10.046+0000] {dagbag.py:588} INFO - Filling up the DagBag from /home/airflow/.local/lib/python3.12/site-packages/airflow/example_dags/example_workday_timetable.py
[2024-12-01T02:23:10.052+0000] {processor.py:925} INFO - DAG(s) 'example_workday_timetable' retrieved from /home/airflow/.local/lib/python3.12/site-packages/airflow/example_dags/example_workday_timetable.py
[2024-12-01T02:23:10.070+0000] {logging_mixin.py:190} INFO - [2024-12-01T02:23:10.070+0000] {dag.py:3239} INFO - Sync 1 DAGs
[2024-12-01T02:23:10.290+0000] {logging_mixin.py:190} INFO - [2024-12-01T02:23:10.289+0000] {dag.py:4180} INFO - Setting next_dagrun for example_workday_timetable to 2021-01-04 00:00:00+00:00, run_after=2021-01-05 00:00:00+00:00
[2024-12-01T02:23:10.306+0000] {processor.py:208} INFO - Processing /home/airflow/.local/lib/python3.12/site-packages/airflow/example_dags/example_workday_timetable.py took 0.268 seconds
[2024-12-01T02:23:41.104+0000] {processor.py:186} INFO - Started process (PID=52178) to work on /home/airflow/.local/lib/python3.12/site-packages/airflow/example_dags/example_workday_timetable.py
[2024-12-01T02:23:41.105+0000] {processor.py:914} INFO - Processing file /home/airflow/.local/lib/python3.12/site-packages/airflow/example_dags/example_workday_timetable.py for tasks to queue
[2024-12-01T02:23:41.108+0000] {logging_mixin.py:190} INFO - [2024-12-01T02:23:41.108+0000] {dagbag.py:588} INFO - Filling up the DagBag from /home/airflow/.local/lib/python3.12/site-packages/airflow/example_dags/example_workday_timetable.py
[2024-12-01T02:23:41.116+0000] {processor.py:925} INFO - DAG(s) 'example_workday_timetable' retrieved from /home/airflow/.local/lib/python3.12/site-packages/airflow/example_dags/example_workday_timetable.py
[2024-12-01T02:23:41.132+0000] {logging_mixin.py:190} INFO - [2024-12-01T02:23:41.132+0000] {dag.py:3239} INFO - Sync 1 DAGs
[2024-12-01T02:23:41.188+0000] {logging_mixin.py:190} INFO - [2024-12-01T02:23:41.188+0000] {dag.py:4180} INFO - Setting next_dagrun for example_workday_timetable to 2021-01-04 00:00:00+00:00, run_after=2021-01-05 00:00:00+00:00
[2024-12-01T02:23:41.204+0000] {processor.py:208} INFO - Processing /home/airflow/.local/lib/python3.12/site-packages/airflow/example_dags/example_workday_timetable.py took 0.110 seconds
[2024-12-01T02:24:11.270+0000] {processor.py:186} INFO - Started process (PID=52244) to work on /home/airflow/.local/lib/python3.12/site-packages/airflow/example_dags/example_workday_timetable.py
[2024-12-01T02:24:11.271+0000] {processor.py:914} INFO - Processing file /home/airflow/.local/lib/python3.12/site-packages/airflow/example_dags/example_workday_timetable.py for tasks to queue
[2024-12-01T02:24:11.273+0000] {logging_mixin.py:190} INFO - [2024-12-01T02:24:11.273+0000] {dagbag.py:588} INFO - Filling up the DagBag from /home/airflow/.local/lib/python3.12/site-packages/airflow/example_dags/example_workday_timetable.py
[2024-12-01T02:24:11.280+0000] {processor.py:925} INFO - DAG(s) 'example_workday_timetable' retrieved from /home/airflow/.local/lib/python3.12/site-packages/airflow/example_dags/example_workday_timetable.py
[2024-12-01T02:24:11.296+0000] {logging_mixin.py:190} INFO - [2024-12-01T02:24:11.295+0000] {dag.py:3239} INFO - Sync 1 DAGs
[2024-12-01T02:24:11.353+0000] {logging_mixin.py:190} INFO - [2024-12-01T02:24:11.353+0000] {dag.py:4180} INFO - Setting next_dagrun for example_workday_timetable to 2021-01-04 00:00:00+00:00, run_after=2021-01-05 00:00:00+00:00
[2024-12-01T02:24:11.372+0000] {processor.py:208} INFO - Processing /home/airflow/.local/lib/python3.12/site-packages/airflow/example_dags/example_workday_timetable.py took 0.107 seconds
[2024-12-01T02:24:41.858+0000] {processor.py:186} INFO - Started process (PID=52310) to work on /home/airflow/.local/lib/python3.12/site-packages/airflow/example_dags/example_workday_timetable.py
[2024-12-01T02:24:41.859+0000] {processor.py:914} INFO - Processing file /home/airflow/.local/lib/python3.12/site-packages/airflow/example_dags/example_workday_timetable.py for tasks to queue
[2024-12-01T02:24:41.861+0000] {logging_mixin.py:190} INFO - [2024-12-01T02:24:41.861+0000] {dagbag.py:588} INFO - Filling up the DagBag from /home/airflow/.local/lib/python3.12/site-packages/airflow/example_dags/example_workday_timetable.py
[2024-12-01T02:24:41.866+0000] {processor.py:925} INFO - DAG(s) 'example_workday_timetable' retrieved from /home/airflow/.local/lib/python3.12/site-packages/airflow/example_dags/example_workday_timetable.py
[2024-12-01T02:24:41.882+0000] {logging_mixin.py:190} INFO - [2024-12-01T02:24:41.882+0000] {dag.py:3239} INFO - Sync 1 DAGs
[2024-12-01T02:24:41.939+0000] {logging_mixin.py:190} INFO - [2024-12-01T02:24:41.939+0000] {dag.py:4180} INFO - Setting next_dagrun for example_workday_timetable to 2021-01-04 00:00:00+00:00, run_after=2021-01-05 00:00:00+00:00
[2024-12-01T02:24:41.959+0000] {processor.py:208} INFO - Processing /home/airflow/.local/lib/python3.12/site-packages/airflow/example_dags/example_workday_timetable.py took 0.106 seconds
[2024-12-01T02:25:12.282+0000] {processor.py:186} INFO - Started process (PID=52376) to work on /home/airflow/.local/lib/python3.12/site-packages/airflow/example_dags/example_workday_timetable.py
[2024-12-01T02:25:12.283+0000] {processor.py:914} INFO - Processing file /home/airflow/.local/lib/python3.12/site-packages/airflow/example_dags/example_workday_timetable.py for tasks to queue
[2024-12-01T02:25:12.285+0000] {logging_mixin.py:190} INFO - [2024-12-01T02:25:12.285+0000] {dagbag.py:588} INFO - Filling up the DagBag from /home/airflow/.local/lib/python3.12/site-packages/airflow/example_dags/example_workday_timetable.py
[2024-12-01T02:25:12.290+0000] {processor.py:925} INFO - DAG(s) 'example_workday_timetable' retrieved from /home/airflow/.local/lib/python3.12/site-packages/airflow/example_dags/example_workday_timetable.py
[2024-12-01T02:25:12.307+0000] {logging_mixin.py:190} INFO - [2024-12-01T02:25:12.307+0000] {dag.py:3239} INFO - Sync 1 DAGs
[2024-12-01T02:25:12.362+0000] {logging_mixin.py:190} INFO - [2024-12-01T02:25:12.362+0000] {dag.py:4180} INFO - Setting next_dagrun for example_workday_timetable to 2021-01-04 00:00:00+00:00, run_after=2021-01-05 00:00:00+00:00
[2024-12-01T02:25:12.379+0000] {processor.py:208} INFO - Processing /home/airflow/.local/lib/python3.12/site-packages/airflow/example_dags/example_workday_timetable.py took 0.102 seconds
[2024-12-01T02:25:42.813+0000] {processor.py:186} INFO - Started process (PID=52442) to work on /home/airflow/.local/lib/python3.12/site-packages/airflow/example_dags/example_workday_timetable.py
[2024-12-01T02:25:42.814+0000] {processor.py:914} INFO - Processing file /home/airflow/.local/lib/python3.12/site-packages/airflow/example_dags/example_workday_timetable.py for tasks to queue
[2024-12-01T02:25:42.817+0000] {logging_mixin.py:190} INFO - [2024-12-01T02:25:42.816+0000] {dagbag.py:588} INFO - Filling up the DagBag from /home/airflow/.local/lib/python3.12/site-packages/airflow/example_dags/example_workday_timetable.py
[2024-12-01T02:25:42.822+0000] {processor.py:925} INFO - DAG(s) 'example_workday_timetable' retrieved from /home/airflow/.local/lib/python3.12/site-packages/airflow/example_dags/example_workday_timetable.py
[2024-12-01T02:25:42.840+0000] {logging_mixin.py:190} INFO - [2024-12-01T02:25:42.839+0000] {dag.py:3239} INFO - Sync 1 DAGs
[2024-12-01T02:25:42.895+0000] {logging_mixin.py:190} INFO - [2024-12-01T02:25:42.895+0000] {dag.py:4180} INFO - Setting next_dagrun for example_workday_timetable to 2021-01-04 00:00:00+00:00, run_after=2021-01-05 00:00:00+00:00
[2024-12-01T02:25:42.913+0000] {processor.py:208} INFO - Processing /home/airflow/.local/lib/python3.12/site-packages/airflow/example_dags/example_workday_timetable.py took 0.105 seconds
[2024-12-01T02:26:13.505+0000] {processor.py:186} INFO - Started process (PID=52508) to work on /home/airflow/.local/lib/python3.12/site-packages/airflow/example_dags/example_workday_timetable.py
[2024-12-01T02:26:13.506+0000] {processor.py:914} INFO - Processing file /home/airflow/.local/lib/python3.12/site-packages/airflow/example_dags/example_workday_timetable.py for tasks to queue
[2024-12-01T02:26:13.509+0000] {logging_mixin.py:190} INFO - [2024-12-01T02:26:13.509+0000] {dagbag.py:588} INFO - Filling up the DagBag from /home/airflow/.local/lib/python3.12/site-packages/airflow/example_dags/example_workday_timetable.py
[2024-12-01T02:26:13.515+0000] {processor.py:925} INFO - DAG(s) 'example_workday_timetable' retrieved from /home/airflow/.local/lib/python3.12/site-packages/airflow/example_dags/example_workday_timetable.py
[2024-12-01T02:26:13.533+0000] {logging_mixin.py:190} INFO - [2024-12-01T02:26:13.533+0000] {dag.py:3239} INFO - Sync 1 DAGs
[2024-12-01T02:26:13.588+0000] {logging_mixin.py:190} INFO - [2024-12-01T02:26:13.588+0000] {dag.py:4180} INFO - Setting next_dagrun for example_workday_timetable to 2021-01-04 00:00:00+00:00, run_after=2021-01-05 00:00:00+00:00
[2024-12-01T02:26:13.604+0000] {processor.py:208} INFO - Processing /home/airflow/.local/lib/python3.12/site-packages/airflow/example_dags/example_workday_timetable.py took 0.105 seconds
[2024-12-01T02:26:44.109+0000] {processor.py:186} INFO - Started process (PID=52574) to work on /home/airflow/.local/lib/python3.12/site-packages/airflow/example_dags/example_workday_timetable.py
[2024-12-01T02:26:44.110+0000] {processor.py:914} INFO - Processing file /home/airflow/.local/lib/python3.12/site-packages/airflow/example_dags/example_workday_timetable.py for tasks to queue
[2024-12-01T02:26:44.112+0000] {logging_mixin.py:190} INFO - [2024-12-01T02:26:44.112+0000] {dagbag.py:588} INFO - Filling up the DagBag from /home/airflow/.local/lib/python3.12/site-packages/airflow/example_dags/example_workday_timetable.py
[2024-12-01T02:26:44.117+0000] {processor.py:925} INFO - DAG(s) 'example_workday_timetable' retrieved from /home/airflow/.local/lib/python3.12/site-packages/airflow/example_dags/example_workday_timetable.py
[2024-12-01T02:26:44.133+0000] {logging_mixin.py:190} INFO - [2024-12-01T02:26:44.132+0000] {dag.py:3239} INFO - Sync 1 DAGs
[2024-12-01T02:26:44.189+0000] {logging_mixin.py:190} INFO - [2024-12-01T02:26:44.188+0000] {dag.py:4180} INFO - Setting next_dagrun for example_workday_timetable to 2021-01-04 00:00:00+00:00, run_after=2021-01-05 00:00:00+00:00
[2024-12-01T02:26:44.206+0000] {processor.py:208} INFO - Processing /home/airflow/.local/lib/python3.12/site-packages/airflow/example_dags/example_workday_timetable.py took 0.103 seconds
[2024-12-01T02:27:14.656+0000] {processor.py:186} INFO - Started process (PID=52640) to work on /home/airflow/.local/lib/python3.12/site-packages/airflow/example_dags/example_workday_timetable.py
[2024-12-01T02:27:14.656+0000] {processor.py:914} INFO - Processing file /home/airflow/.local/lib/python3.12/site-packages/airflow/example_dags/example_workday_timetable.py for tasks to queue
[2024-12-01T02:27:14.659+0000] {logging_mixin.py:190} INFO - [2024-12-01T02:27:14.658+0000] {dagbag.py:588} INFO - Filling up the DagBag from /home/airflow/.local/lib/python3.12/site-packages/airflow/example_dags/example_workday_timetable.py
[2024-12-01T02:27:14.664+0000] {processor.py:925} INFO - DAG(s) 'example_workday_timetable' retrieved from /home/airflow/.local/lib/python3.12/site-packages/airflow/example_dags/example_workday_timetable.py
[2024-12-01T02:27:14.680+0000] {logging_mixin.py:190} INFO - [2024-12-01T02:27:14.680+0000] {dag.py:3239} INFO - Sync 1 DAGs
[2024-12-01T02:27:14.736+0000] {logging_mixin.py:190} INFO - [2024-12-01T02:27:14.735+0000] {dag.py:4180} INFO - Setting next_dagrun for example_workday_timetable to 2021-01-04 00:00:00+00:00, run_after=2021-01-05 00:00:00+00:00
[2024-12-01T02:27:14.753+0000] {processor.py:208} INFO - Processing /home/airflow/.local/lib/python3.12/site-packages/airflow/example_dags/example_workday_timetable.py took 0.102 seconds
[2024-12-01T02:27:45.102+0000] {processor.py:186} INFO - Started process (PID=52706) to work on /home/airflow/.local/lib/python3.12/site-packages/airflow/example_dags/example_workday_timetable.py
[2024-12-01T02:27:45.102+0000] {processor.py:914} INFO - Processing file /home/airflow/.local/lib/python3.12/site-packages/airflow/example_dags/example_workday_timetable.py for tasks to queue
[2024-12-01T02:27:45.105+0000] {logging_mixin.py:190} INFO - [2024-12-01T02:27:45.104+0000] {dagbag.py:588} INFO - Filling up the DagBag from /home/airflow/.local/lib/python3.12/site-packages/airflow/example_dags/example_workday_timetable.py
[2024-12-01T02:27:45.110+0000] {processor.py:925} INFO - DAG(s) 'example_workday_timetable' retrieved from /home/airflow/.local/lib/python3.12/site-packages/airflow/example_dags/example_workday_timetable.py
[2024-12-01T02:27:45.127+0000] {logging_mixin.py:190} INFO - [2024-12-01T02:27:45.127+0000] {dag.py:3239} INFO - Sync 1 DAGs
[2024-12-01T02:27:45.185+0000] {logging_mixin.py:190} INFO - [2024-12-01T02:27:45.185+0000] {dag.py:4180} INFO - Setting next_dagrun for example_workday_timetable to 2021-01-04 00:00:00+00:00, run_after=2021-01-05 00:00:00+00:00
[2024-12-01T02:27:45.203+0000] {processor.py:208} INFO - Processing /home/airflow/.local/lib/python3.12/site-packages/airflow/example_dags/example_workday_timetable.py took 0.107 seconds
[2024-12-01T02:28:15.499+0000] {processor.py:186} INFO - Started process (PID=52772) to work on /home/airflow/.local/lib/python3.12/site-packages/airflow/example_dags/example_workday_timetable.py
[2024-12-01T02:28:15.500+0000] {processor.py:914} INFO - Processing file /home/airflow/.local/lib/python3.12/site-packages/airflow/example_dags/example_workday_timetable.py for tasks to queue
[2024-12-01T02:28:15.502+0000] {logging_mixin.py:190} INFO - [2024-12-01T02:28:15.502+0000] {dagbag.py:588} INFO - Filling up the DagBag from /home/airflow/.local/lib/python3.12/site-packages/airflow/example_dags/example_workday_timetable.py
[2024-12-01T02:28:15.508+0000] {processor.py:925} INFO - DAG(s) 'example_workday_timetable' retrieved from /home/airflow/.local/lib/python3.12/site-packages/airflow/example_dags/example_workday_timetable.py
[2024-12-01T02:28:15.524+0000] {logging_mixin.py:190} INFO - [2024-12-01T02:28:15.524+0000] {dag.py:3239} INFO - Sync 1 DAGs
[2024-12-01T02:28:15.582+0000] {logging_mixin.py:190} INFO - [2024-12-01T02:28:15.581+0000] {dag.py:4180} INFO - Setting next_dagrun for example_workday_timetable to 2021-01-04 00:00:00+00:00, run_after=2021-01-05 00:00:00+00:00
[2024-12-01T02:28:15.598+0000] {processor.py:208} INFO - Processing /home/airflow/.local/lib/python3.12/site-packages/airflow/example_dags/example_workday_timetable.py took 0.106 seconds
[2024-12-01T02:28:46.092+0000] {processor.py:186} INFO - Started process (PID=52838) to work on /home/airflow/.local/lib/python3.12/site-packages/airflow/example_dags/example_workday_timetable.py
[2024-12-01T02:28:46.093+0000] {processor.py:914} INFO - Processing file /home/airflow/.local/lib/python3.12/site-packages/airflow/example_dags/example_workday_timetable.py for tasks to queue
[2024-12-01T02:28:46.096+0000] {logging_mixin.py:190} INFO - [2024-12-01T02:28:46.095+0000] {dagbag.py:588} INFO - Filling up the DagBag from /home/airflow/.local/lib/python3.12/site-packages/airflow/example_dags/example_workday_timetable.py
[2024-12-01T02:28:46.102+0000] {processor.py:925} INFO - DAG(s) 'example_workday_timetable' retrieved from /home/airflow/.local/lib/python3.12/site-packages/airflow/example_dags/example_workday_timetable.py
[2024-12-01T02:28:46.119+0000] {logging_mixin.py:190} INFO - [2024-12-01T02:28:46.119+0000] {dag.py:3239} INFO - Sync 1 DAGs
[2024-12-01T02:28:46.177+0000] {logging_mixin.py:190} INFO - [2024-12-01T02:28:46.177+0000] {dag.py:4180} INFO - Setting next_dagrun for example_workday_timetable to 2021-01-04 00:00:00+00:00, run_after=2021-01-05 00:00:00+00:00
[2024-12-01T02:28:46.194+0000] {processor.py:208} INFO - Processing /home/airflow/.local/lib/python3.12/site-packages/airflow/example_dags/example_workday_timetable.py took 0.107 seconds
[2024-12-01T02:29:16.626+0000] {processor.py:186} INFO - Started process (PID=52904) to work on /home/airflow/.local/lib/python3.12/site-packages/airflow/example_dags/example_workday_timetable.py
[2024-12-01T02:29:16.627+0000] {processor.py:914} INFO - Processing file /home/airflow/.local/lib/python3.12/site-packages/airflow/example_dags/example_workday_timetable.py for tasks to queue
[2024-12-01T02:29:16.629+0000] {logging_mixin.py:190} INFO - [2024-12-01T02:29:16.629+0000] {dagbag.py:588} INFO - Filling up the DagBag from /home/airflow/.local/lib/python3.12/site-packages/airflow/example_dags/example_workday_timetable.py
[2024-12-01T02:29:16.634+0000] {processor.py:925} INFO - DAG(s) 'example_workday_timetable' retrieved from /home/airflow/.local/lib/python3.12/site-packages/airflow/example_dags/example_workday_timetable.py
[2024-12-01T02:29:16.650+0000] {logging_mixin.py:190} INFO - [2024-12-01T02:29:16.650+0000] {dag.py:3239} INFO - Sync 1 DAGs
[2024-12-01T02:29:16.707+0000] {logging_mixin.py:190} INFO - [2024-12-01T02:29:16.707+0000] {dag.py:4180} INFO - Setting next_dagrun for example_workday_timetable to 2021-01-04 00:00:00+00:00, run_after=2021-01-05 00:00:00+00:00
[2024-12-01T02:29:16.724+0000] {processor.py:208} INFO - Processing /home/airflow/.local/lib/python3.12/site-packages/airflow/example_dags/example_workday_timetable.py took 0.104 seconds
[2024-12-01T02:29:47.168+0000] {processor.py:186} INFO - Started process (PID=52970) to work on /home/airflow/.local/lib/python3.12/site-packages/airflow/example_dags/example_workday_timetable.py
[2024-12-01T02:29:47.168+0000] {processor.py:914} INFO - Processing file /home/airflow/.local/lib/python3.12/site-packages/airflow/example_dags/example_workday_timetable.py for tasks to queue
[2024-12-01T02:29:47.171+0000] {logging_mixin.py:190} INFO - [2024-12-01T02:29:47.171+0000] {dagbag.py:588} INFO - Filling up the DagBag from /home/airflow/.local/lib/python3.12/site-packages/airflow/example_dags/example_workday_timetable.py
[2024-12-01T02:29:47.177+0000] {processor.py:925} INFO - DAG(s) 'example_workday_timetable' retrieved from /home/airflow/.local/lib/python3.12/site-packages/airflow/example_dags/example_workday_timetable.py
[2024-12-01T02:29:47.197+0000] {logging_mixin.py:190} INFO - [2024-12-01T02:29:47.197+0000] {dag.py:3239} INFO - Sync 1 DAGs
[2024-12-01T02:29:47.265+0000] {logging_mixin.py:190} INFO - [2024-12-01T02:29:47.265+0000] {dag.py:4180} INFO - Setting next_dagrun for example_workday_timetable to 2021-01-04 00:00:00+00:00, run_after=2021-01-05 00:00:00+00:00
[2024-12-01T02:29:47.283+0000] {processor.py:208} INFO - Processing /home/airflow/.local/lib/python3.12/site-packages/airflow/example_dags/example_workday_timetable.py took 0.121 seconds
[2024-12-01T02:30:17.564+0000] {processor.py:186} INFO - Started process (PID=53036) to work on /home/airflow/.local/lib/python3.12/site-packages/airflow/example_dags/example_workday_timetable.py
[2024-12-01T02:30:17.565+0000] {processor.py:914} INFO - Processing file /home/airflow/.local/lib/python3.12/site-packages/airflow/example_dags/example_workday_timetable.py for tasks to queue
[2024-12-01T02:30:17.567+0000] {logging_mixin.py:190} INFO - [2024-12-01T02:30:17.567+0000] {dagbag.py:588} INFO - Filling up the DagBag from /home/airflow/.local/lib/python3.12/site-packages/airflow/example_dags/example_workday_timetable.py
[2024-12-01T02:30:17.574+0000] {processor.py:925} INFO - DAG(s) 'example_workday_timetable' retrieved from /home/airflow/.local/lib/python3.12/site-packages/airflow/example_dags/example_workday_timetable.py
[2024-12-01T02:30:17.606+0000] {logging_mixin.py:190} INFO - [2024-12-01T02:30:17.605+0000] {dag.py:3239} INFO - Sync 1 DAGs
[2024-12-01T02:30:17.727+0000] {logging_mixin.py:190} INFO - [2024-12-01T02:30:17.727+0000] {dag.py:4180} INFO - Setting next_dagrun for example_workday_timetable to 2021-01-04 00:00:00+00:00, run_after=2021-01-05 00:00:00+00:00
[2024-12-01T02:30:17.746+0000] {processor.py:208} INFO - Processing /home/airflow/.local/lib/python3.12/site-packages/airflow/example_dags/example_workday_timetable.py took 0.187 seconds
[2024-12-01T02:30:48.362+0000] {processor.py:186} INFO - Started process (PID=53102) to work on /home/airflow/.local/lib/python3.12/site-packages/airflow/example_dags/example_workday_timetable.py
[2024-12-01T02:30:48.363+0000] {processor.py:914} INFO - Processing file /home/airflow/.local/lib/python3.12/site-packages/airflow/example_dags/example_workday_timetable.py for tasks to queue
[2024-12-01T02:30:48.366+0000] {logging_mixin.py:190} INFO - [2024-12-01T02:30:48.366+0000] {dagbag.py:588} INFO - Filling up the DagBag from /home/airflow/.local/lib/python3.12/site-packages/airflow/example_dags/example_workday_timetable.py
[2024-12-01T02:30:48.371+0000] {processor.py:925} INFO - DAG(s) 'example_workday_timetable' retrieved from /home/airflow/.local/lib/python3.12/site-packages/airflow/example_dags/example_workday_timetable.py
[2024-12-01T02:30:48.387+0000] {logging_mixin.py:190} INFO - [2024-12-01T02:30:48.387+0000] {dag.py:3239} INFO - Sync 1 DAGs
[2024-12-01T02:30:48.448+0000] {logging_mixin.py:190} INFO - [2024-12-01T02:30:48.448+0000] {dag.py:4180} INFO - Setting next_dagrun for example_workday_timetable to 2021-01-04 00:00:00+00:00, run_after=2021-01-05 00:00:00+00:00
[2024-12-01T02:30:48.464+0000] {processor.py:208} INFO - Processing /home/airflow/.local/lib/python3.12/site-packages/airflow/example_dags/example_workday_timetable.py took 0.107 seconds
[2024-12-01T02:31:18.661+0000] {processor.py:186} INFO - Started process (PID=53168) to work on /home/airflow/.local/lib/python3.12/site-packages/airflow/example_dags/example_workday_timetable.py
[2024-12-01T02:31:18.662+0000] {processor.py:914} INFO - Processing file /home/airflow/.local/lib/python3.12/site-packages/airflow/example_dags/example_workday_timetable.py for tasks to queue
[2024-12-01T02:31:18.664+0000] {logging_mixin.py:190} INFO - [2024-12-01T02:31:18.664+0000] {dagbag.py:588} INFO - Filling up the DagBag from /home/airflow/.local/lib/python3.12/site-packages/airflow/example_dags/example_workday_timetable.py
[2024-12-01T02:31:18.671+0000] {processor.py:925} INFO - DAG(s) 'example_workday_timetable' retrieved from /home/airflow/.local/lib/python3.12/site-packages/airflow/example_dags/example_workday_timetable.py
[2024-12-01T02:31:18.689+0000] {logging_mixin.py:190} INFO - [2024-12-01T02:31:18.689+0000] {dag.py:3239} INFO - Sync 1 DAGs
[2024-12-01T02:31:18.745+0000] {logging_mixin.py:190} INFO - [2024-12-01T02:31:18.745+0000] {dag.py:4180} INFO - Setting next_dagrun for example_workday_timetable to 2021-01-04 00:00:00+00:00, run_after=2021-01-05 00:00:00+00:00
[2024-12-01T02:31:18.765+0000] {processor.py:208} INFO - Processing /home/airflow/.local/lib/python3.12/site-packages/airflow/example_dags/example_workday_timetable.py took 0.111 seconds
[2024-12-01T02:31:49.050+0000] {processor.py:186} INFO - Started process (PID=53234) to work on /home/airflow/.local/lib/python3.12/site-packages/airflow/example_dags/example_workday_timetable.py
[2024-12-01T02:31:49.051+0000] {processor.py:914} INFO - Processing file /home/airflow/.local/lib/python3.12/site-packages/airflow/example_dags/example_workday_timetable.py for tasks to queue
[2024-12-01T02:31:49.053+0000] {logging_mixin.py:190} INFO - [2024-12-01T02:31:49.053+0000] {dagbag.py:588} INFO - Filling up the DagBag from /home/airflow/.local/lib/python3.12/site-packages/airflow/example_dags/example_workday_timetable.py
[2024-12-01T02:31:49.058+0000] {processor.py:925} INFO - DAG(s) 'example_workday_timetable' retrieved from /home/airflow/.local/lib/python3.12/site-packages/airflow/example_dags/example_workday_timetable.py
[2024-12-01T02:31:49.076+0000] {logging_mixin.py:190} INFO - [2024-12-01T02:31:49.075+0000] {dag.py:3239} INFO - Sync 1 DAGs
[2024-12-01T02:31:49.134+0000] {logging_mixin.py:190} INFO - [2024-12-01T02:31:49.134+0000] {dag.py:4180} INFO - Setting next_dagrun for example_workday_timetable to 2021-01-04 00:00:00+00:00, run_after=2021-01-05 00:00:00+00:00
[2024-12-01T02:31:49.150+0000] {processor.py:208} INFO - Processing /home/airflow/.local/lib/python3.12/site-packages/airflow/example_dags/example_workday_timetable.py took 0.106 seconds
[2024-12-01T02:32:19.548+0000] {processor.py:186} INFO - Started process (PID=53300) to work on /home/airflow/.local/lib/python3.12/site-packages/airflow/example_dags/example_workday_timetable.py
[2024-12-01T02:32:19.549+0000] {processor.py:914} INFO - Processing file /home/airflow/.local/lib/python3.12/site-packages/airflow/example_dags/example_workday_timetable.py for tasks to queue
[2024-12-01T02:32:19.551+0000] {logging_mixin.py:190} INFO - [2024-12-01T02:32:19.551+0000] {dagbag.py:588} INFO - Filling up the DagBag from /home/airflow/.local/lib/python3.12/site-packages/airflow/example_dags/example_workday_timetable.py
[2024-12-01T02:32:19.559+0000] {processor.py:925} INFO - DAG(s) 'example_workday_timetable' retrieved from /home/airflow/.local/lib/python3.12/site-packages/airflow/example_dags/example_workday_timetable.py
[2024-12-01T02:32:19.577+0000] {logging_mixin.py:190} INFO - [2024-12-01T02:32:19.577+0000] {dag.py:3239} INFO - Sync 1 DAGs
[2024-12-01T02:32:19.652+0000] {logging_mixin.py:190} INFO - [2024-12-01T02:32:19.652+0000] {dag.py:4180} INFO - Setting next_dagrun for example_workday_timetable to 2021-01-04 00:00:00+00:00, run_after=2021-01-05 00:00:00+00:00
[2024-12-01T02:32:19.672+0000] {processor.py:208} INFO - Processing /home/airflow/.local/lib/python3.12/site-packages/airflow/example_dags/example_workday_timetable.py took 0.131 seconds
[2024-12-01T02:32:49.904+0000] {processor.py:186} INFO - Started process (PID=53366) to work on /home/airflow/.local/lib/python3.12/site-packages/airflow/example_dags/example_workday_timetable.py
[2024-12-01T02:32:49.906+0000] {processor.py:914} INFO - Processing file /home/airflow/.local/lib/python3.12/site-packages/airflow/example_dags/example_workday_timetable.py for tasks to queue
[2024-12-01T02:32:49.909+0000] {logging_mixin.py:190} INFO - [2024-12-01T02:32:49.908+0000] {dagbag.py:588} INFO - Filling up the DagBag from /home/airflow/.local/lib/python3.12/site-packages/airflow/example_dags/example_workday_timetable.py
[2024-12-01T02:32:49.917+0000] {processor.py:925} INFO - DAG(s) 'example_workday_timetable' retrieved from /home/airflow/.local/lib/python3.12/site-packages/airflow/example_dags/example_workday_timetable.py
[2024-12-01T02:32:49.943+0000] {logging_mixin.py:190} INFO - [2024-12-01T02:32:49.942+0000] {dag.py:3239} INFO - Sync 1 DAGs
[2024-12-01T02:32:50.020+0000] {logging_mixin.py:190} INFO - [2024-12-01T02:32:50.020+0000] {dag.py:4180} INFO - Setting next_dagrun for example_workday_timetable to 2021-01-04 00:00:00+00:00, run_after=2021-01-05 00:00:00+00:00
[2024-12-01T02:32:50.053+0000] {processor.py:208} INFO - Processing /home/airflow/.local/lib/python3.12/site-packages/airflow/example_dags/example_workday_timetable.py took 0.156 seconds
[2024-12-01T02:33:20.922+0000] {processor.py:186} INFO - Started process (PID=53432) to work on /home/airflow/.local/lib/python3.12/site-packages/airflow/example_dags/example_workday_timetable.py
[2024-12-01T02:33:20.922+0000] {processor.py:914} INFO - Processing file /home/airflow/.local/lib/python3.12/site-packages/airflow/example_dags/example_workday_timetable.py for tasks to queue
[2024-12-01T02:33:20.925+0000] {logging_mixin.py:190} INFO - [2024-12-01T02:33:20.924+0000] {dagbag.py:588} INFO - Filling up the DagBag from /home/airflow/.local/lib/python3.12/site-packages/airflow/example_dags/example_workday_timetable.py
[2024-12-01T02:33:20.937+0000] {processor.py:925} INFO - DAG(s) 'example_workday_timetable' retrieved from /home/airflow/.local/lib/python3.12/site-packages/airflow/example_dags/example_workday_timetable.py
[2024-12-01T02:33:20.956+0000] {logging_mixin.py:190} INFO - [2024-12-01T02:33:20.956+0000] {dag.py:3239} INFO - Sync 1 DAGs
[2024-12-01T02:33:21.022+0000] {logging_mixin.py:190} INFO - [2024-12-01T02:33:21.021+0000] {dag.py:4180} INFO - Setting next_dagrun for example_workday_timetable to 2021-01-04 00:00:00+00:00, run_after=2021-01-05 00:00:00+00:00
[2024-12-01T02:33:21.043+0000] {processor.py:208} INFO - Processing /home/airflow/.local/lib/python3.12/site-packages/airflow/example_dags/example_workday_timetable.py took 0.129 seconds
[2024-12-01T02:33:51.730+0000] {processor.py:186} INFO - Started process (PID=53498) to work on /home/airflow/.local/lib/python3.12/site-packages/airflow/example_dags/example_workday_timetable.py
[2024-12-01T02:33:51.731+0000] {processor.py:914} INFO - Processing file /home/airflow/.local/lib/python3.12/site-packages/airflow/example_dags/example_workday_timetable.py for tasks to queue
[2024-12-01T02:33:51.733+0000] {logging_mixin.py:190} INFO - [2024-12-01T02:33:51.733+0000] {dagbag.py:588} INFO - Filling up the DagBag from /home/airflow/.local/lib/python3.12/site-packages/airflow/example_dags/example_workday_timetable.py
[2024-12-01T02:33:51.738+0000] {processor.py:925} INFO - DAG(s) 'example_workday_timetable' retrieved from /home/airflow/.local/lib/python3.12/site-packages/airflow/example_dags/example_workday_timetable.py
[2024-12-01T02:33:51.755+0000] {logging_mixin.py:190} INFO - [2024-12-01T02:33:51.755+0000] {dag.py:3239} INFO - Sync 1 DAGs
[2024-12-01T02:33:51.813+0000] {logging_mixin.py:190} INFO - [2024-12-01T02:33:51.813+0000] {dag.py:4180} INFO - Setting next_dagrun for example_workday_timetable to 2021-01-04 00:00:00+00:00, run_after=2021-01-05 00:00:00+00:00
[2024-12-01T02:33:51.831+0000] {processor.py:208} INFO - Processing /home/airflow/.local/lib/python3.12/site-packages/airflow/example_dags/example_workday_timetable.py took 0.107 seconds
[2024-12-01T02:34:22.384+0000] {processor.py:186} INFO - Started process (PID=53564) to work on /home/airflow/.local/lib/python3.12/site-packages/airflow/example_dags/example_workday_timetable.py
[2024-12-01T02:34:22.385+0000] {processor.py:914} INFO - Processing file /home/airflow/.local/lib/python3.12/site-packages/airflow/example_dags/example_workday_timetable.py for tasks to queue
[2024-12-01T02:34:22.387+0000] {logging_mixin.py:190} INFO - [2024-12-01T02:34:22.387+0000] {dagbag.py:588} INFO - Filling up the DagBag from /home/airflow/.local/lib/python3.12/site-packages/airflow/example_dags/example_workday_timetable.py
[2024-12-01T02:34:22.394+0000] {processor.py:925} INFO - DAG(s) 'example_workday_timetable' retrieved from /home/airflow/.local/lib/python3.12/site-packages/airflow/example_dags/example_workday_timetable.py
[2024-12-01T02:34:22.410+0000] {logging_mixin.py:190} INFO - [2024-12-01T02:34:22.410+0000] {dag.py:3239} INFO - Sync 1 DAGs
[2024-12-01T02:34:22.469+0000] {logging_mixin.py:190} INFO - [2024-12-01T02:34:22.468+0000] {dag.py:4180} INFO - Setting next_dagrun for example_workday_timetable to 2021-01-04 00:00:00+00:00, run_after=2021-01-05 00:00:00+00:00
[2024-12-01T02:34:22.488+0000] {processor.py:208} INFO - Processing /home/airflow/.local/lib/python3.12/site-packages/airflow/example_dags/example_workday_timetable.py took 0.111 seconds
