[2024-12-01T02:11:02.645+0000] {processor.py:186} INFO - Started process (PID=50570) to work on /home/airflow/.local/lib/python3.12/site-packages/airflow/example_dags/example_latest_only_with_trigger.py
[2024-12-01T02:11:02.646+0000] {processor.py:914} INFO - Processing file /home/airflow/.local/lib/python3.12/site-packages/airflow/example_dags/example_latest_only_with_trigger.py for tasks to queue
[2024-12-01T02:11:02.649+0000] {logging_mixin.py:190} INFO - [2024-12-01T02:11:02.648+0000] {dagbag.py:588} INFO - Filling up the DagBag from /home/airflow/.local/lib/python3.12/site-packages/airflow/example_dags/example_latest_only_with_trigger.py
[2024-12-01T02:11:02.656+0000] {processor.py:925} INFO - DAG(s) 'latest_only_with_trigger' retrieved from /home/airflow/.local/lib/python3.12/site-packages/airflow/example_dags/example_latest_only_with_trigger.py
[2024-12-01T02:11:02.675+0000] {logging_mixin.py:190} INFO - [2024-12-01T02:11:02.675+0000] {dag.py:3239} INFO - Sync 1 DAGs
[2024-12-01T02:11:02.699+0000] {logging_mixin.py:190} INFO - [2024-12-01T02:11:02.699+0000] {dag.py:4180} INFO - Setting next_dagrun for latest_only_with_trigger to 2024-11-30 20:00:00+00:00, run_after=2024-12-01 00:00:00+00:00
[2024-12-01T02:11:02.716+0000] {processor.py:208} INFO - Processing /home/airflow/.local/lib/python3.12/site-packages/airflow/example_dags/example_latest_only_with_trigger.py took 0.076 seconds
[2024-12-01T02:11:33.533+0000] {processor.py:186} INFO - Started process (PID=50637) to work on /home/airflow/.local/lib/python3.12/site-packages/airflow/example_dags/example_latest_only_with_trigger.py
[2024-12-01T02:11:33.534+0000] {processor.py:914} INFO - Processing file /home/airflow/.local/lib/python3.12/site-packages/airflow/example_dags/example_latest_only_with_trigger.py for tasks to queue
[2024-12-01T02:11:33.536+0000] {logging_mixin.py:190} INFO - [2024-12-01T02:11:33.536+0000] {dagbag.py:588} INFO - Filling up the DagBag from /home/airflow/.local/lib/python3.12/site-packages/airflow/example_dags/example_latest_only_with_trigger.py
[2024-12-01T02:11:33.543+0000] {processor.py:925} INFO - DAG(s) 'latest_only_with_trigger' retrieved from /home/airflow/.local/lib/python3.12/site-packages/airflow/example_dags/example_latest_only_with_trigger.py
[2024-12-01T02:11:33.561+0000] {logging_mixin.py:190} INFO - [2024-12-01T02:11:33.561+0000] {dag.py:3239} INFO - Sync 1 DAGs
[2024-12-01T02:11:33.583+0000] {logging_mixin.py:190} INFO - [2024-12-01T02:11:33.583+0000] {dag.py:4180} INFO - Setting next_dagrun for latest_only_with_trigger to 2024-11-30 20:00:00+00:00, run_after=2024-12-01 00:00:00+00:00
[2024-12-01T02:11:33.601+0000] {processor.py:208} INFO - Processing /home/airflow/.local/lib/python3.12/site-packages/airflow/example_dags/example_latest_only_with_trigger.py took 0.074 seconds
[2024-12-01T02:12:04.023+0000] {processor.py:186} INFO - Started process (PID=50703) to work on /home/airflow/.local/lib/python3.12/site-packages/airflow/example_dags/example_latest_only_with_trigger.py
[2024-12-01T02:12:04.025+0000] {processor.py:914} INFO - Processing file /home/airflow/.local/lib/python3.12/site-packages/airflow/example_dags/example_latest_only_with_trigger.py for tasks to queue
[2024-12-01T02:12:04.028+0000] {logging_mixin.py:190} INFO - [2024-12-01T02:12:04.027+0000] {dagbag.py:588} INFO - Filling up the DagBag from /home/airflow/.local/lib/python3.12/site-packages/airflow/example_dags/example_latest_only_with_trigger.py
[2024-12-01T02:12:04.038+0000] {processor.py:925} INFO - DAG(s) 'latest_only_with_trigger' retrieved from /home/airflow/.local/lib/python3.12/site-packages/airflow/example_dags/example_latest_only_with_trigger.py
[2024-12-01T02:12:04.061+0000] {logging_mixin.py:190} INFO - [2024-12-01T02:12:04.061+0000] {dag.py:3239} INFO - Sync 1 DAGs
[2024-12-01T02:12:04.086+0000] {logging_mixin.py:190} INFO - [2024-12-01T02:12:04.086+0000] {dag.py:4180} INFO - Setting next_dagrun for latest_only_with_trigger to 2024-11-30 20:00:00+00:00, run_after=2024-12-01 00:00:00+00:00
[2024-12-01T02:12:04.105+0000] {processor.py:208} INFO - Processing /home/airflow/.local/lib/python3.12/site-packages/airflow/example_dags/example_latest_only_with_trigger.py took 0.089 seconds
[2024-12-01T02:12:34.688+0000] {processor.py:186} INFO - Started process (PID=50769) to work on /home/airflow/.local/lib/python3.12/site-packages/airflow/example_dags/example_latest_only_with_trigger.py
[2024-12-01T02:12:34.689+0000] {processor.py:914} INFO - Processing file /home/airflow/.local/lib/python3.12/site-packages/airflow/example_dags/example_latest_only_with_trigger.py for tasks to queue
[2024-12-01T02:12:34.691+0000] {logging_mixin.py:190} INFO - [2024-12-01T02:12:34.691+0000] {dagbag.py:588} INFO - Filling up the DagBag from /home/airflow/.local/lib/python3.12/site-packages/airflow/example_dags/example_latest_only_with_trigger.py
[2024-12-01T02:12:34.698+0000] {processor.py:925} INFO - DAG(s) 'latest_only_with_trigger' retrieved from /home/airflow/.local/lib/python3.12/site-packages/airflow/example_dags/example_latest_only_with_trigger.py
[2024-12-01T02:12:34.716+0000] {logging_mixin.py:190} INFO - [2024-12-01T02:12:34.715+0000] {dag.py:3239} INFO - Sync 1 DAGs
[2024-12-01T02:12:34.736+0000] {logging_mixin.py:190} INFO - [2024-12-01T02:12:34.736+0000] {dag.py:4180} INFO - Setting next_dagrun for latest_only_with_trigger to 2024-11-30 20:00:00+00:00, run_after=2024-12-01 00:00:00+00:00
[2024-12-01T02:12:34.753+0000] {processor.py:208} INFO - Processing /home/airflow/.local/lib/python3.12/site-packages/airflow/example_dags/example_latest_only_with_trigger.py took 0.070 seconds
[2024-12-01T02:13:05.579+0000] {processor.py:186} INFO - Started process (PID=50835) to work on /home/airflow/.local/lib/python3.12/site-packages/airflow/example_dags/example_latest_only_with_trigger.py
[2024-12-01T02:13:05.580+0000] {processor.py:914} INFO - Processing file /home/airflow/.local/lib/python3.12/site-packages/airflow/example_dags/example_latest_only_with_trigger.py for tasks to queue
[2024-12-01T02:13:05.583+0000] {logging_mixin.py:190} INFO - [2024-12-01T02:13:05.582+0000] {dagbag.py:588} INFO - Filling up the DagBag from /home/airflow/.local/lib/python3.12/site-packages/airflow/example_dags/example_latest_only_with_trigger.py
[2024-12-01T02:13:05.591+0000] {processor.py:925} INFO - DAG(s) 'latest_only_with_trigger' retrieved from /home/airflow/.local/lib/python3.12/site-packages/airflow/example_dags/example_latest_only_with_trigger.py
[2024-12-01T02:13:05.613+0000] {logging_mixin.py:190} INFO - [2024-12-01T02:13:05.613+0000] {dag.py:3239} INFO - Sync 1 DAGs
[2024-12-01T02:13:05.635+0000] {logging_mixin.py:190} INFO - [2024-12-01T02:13:05.634+0000] {dag.py:4180} INFO - Setting next_dagrun for latest_only_with_trigger to 2024-11-30 20:00:00+00:00, run_after=2024-12-01 00:00:00+00:00
[2024-12-01T02:13:05.652+0000] {processor.py:208} INFO - Processing /home/airflow/.local/lib/python3.12/site-packages/airflow/example_dags/example_latest_only_with_trigger.py took 0.080 seconds
[2024-12-01T02:13:36.262+0000] {processor.py:186} INFO - Started process (PID=50901) to work on /home/airflow/.local/lib/python3.12/site-packages/airflow/example_dags/example_latest_only_with_trigger.py
[2024-12-01T02:13:36.263+0000] {processor.py:914} INFO - Processing file /home/airflow/.local/lib/python3.12/site-packages/airflow/example_dags/example_latest_only_with_trigger.py for tasks to queue
[2024-12-01T02:13:36.265+0000] {logging_mixin.py:190} INFO - [2024-12-01T02:13:36.265+0000] {dagbag.py:588} INFO - Filling up the DagBag from /home/airflow/.local/lib/python3.12/site-packages/airflow/example_dags/example_latest_only_with_trigger.py
[2024-12-01T02:13:36.272+0000] {processor.py:925} INFO - DAG(s) 'latest_only_with_trigger' retrieved from /home/airflow/.local/lib/python3.12/site-packages/airflow/example_dags/example_latest_only_with_trigger.py
[2024-12-01T02:13:36.290+0000] {logging_mixin.py:190} INFO - [2024-12-01T02:13:36.289+0000] {dag.py:3239} INFO - Sync 1 DAGs
[2024-12-01T02:13:36.311+0000] {logging_mixin.py:190} INFO - [2024-12-01T02:13:36.310+0000] {dag.py:4180} INFO - Setting next_dagrun for latest_only_with_trigger to 2024-11-30 20:00:00+00:00, run_after=2024-12-01 00:00:00+00:00
[2024-12-01T02:13:36.326+0000] {processor.py:208} INFO - Processing /home/airflow/.local/lib/python3.12/site-packages/airflow/example_dags/example_latest_only_with_trigger.py took 0.069 seconds
[2024-12-01T02:14:07.546+0000] {processor.py:186} INFO - Started process (PID=50967) to work on /home/airflow/.local/lib/python3.12/site-packages/airflow/example_dags/example_latest_only_with_trigger.py
[2024-12-01T02:14:07.547+0000] {processor.py:914} INFO - Processing file /home/airflow/.local/lib/python3.12/site-packages/airflow/example_dags/example_latest_only_with_trigger.py for tasks to queue
[2024-12-01T02:14:07.549+0000] {logging_mixin.py:190} INFO - [2024-12-01T02:14:07.548+0000] {dagbag.py:588} INFO - Filling up the DagBag from /home/airflow/.local/lib/python3.12/site-packages/airflow/example_dags/example_latest_only_with_trigger.py
[2024-12-01T02:14:07.556+0000] {processor.py:925} INFO - DAG(s) 'latest_only_with_trigger' retrieved from /home/airflow/.local/lib/python3.12/site-packages/airflow/example_dags/example_latest_only_with_trigger.py
[2024-12-01T02:14:07.573+0000] {logging_mixin.py:190} INFO - [2024-12-01T02:14:07.573+0000] {dag.py:3239} INFO - Sync 1 DAGs
[2024-12-01T02:14:07.593+0000] {logging_mixin.py:190} INFO - [2024-12-01T02:14:07.593+0000] {dag.py:4180} INFO - Setting next_dagrun for latest_only_with_trigger to 2024-11-30 20:00:00+00:00, run_after=2024-12-01 00:00:00+00:00
[2024-12-01T02:14:07.611+0000] {processor.py:208} INFO - Processing /home/airflow/.local/lib/python3.12/site-packages/airflow/example_dags/example_latest_only_with_trigger.py took 0.071 seconds
[2024-12-01T02:14:38.372+0000] {processor.py:186} INFO - Started process (PID=51033) to work on /home/airflow/.local/lib/python3.12/site-packages/airflow/example_dags/example_latest_only_with_trigger.py
[2024-12-01T02:14:38.373+0000] {processor.py:914} INFO - Processing file /home/airflow/.local/lib/python3.12/site-packages/airflow/example_dags/example_latest_only_with_trigger.py for tasks to queue
[2024-12-01T02:14:38.377+0000] {logging_mixin.py:190} INFO - [2024-12-01T02:14:38.376+0000] {dagbag.py:588} INFO - Filling up the DagBag from /home/airflow/.local/lib/python3.12/site-packages/airflow/example_dags/example_latest_only_with_trigger.py
[2024-12-01T02:14:38.386+0000] {processor.py:925} INFO - DAG(s) 'latest_only_with_trigger' retrieved from /home/airflow/.local/lib/python3.12/site-packages/airflow/example_dags/example_latest_only_with_trigger.py
[2024-12-01T02:14:38.404+0000] {logging_mixin.py:190} INFO - [2024-12-01T02:14:38.404+0000] {dag.py:3239} INFO - Sync 1 DAGs
[2024-12-01T02:14:38.426+0000] {logging_mixin.py:190} INFO - [2024-12-01T02:14:38.426+0000] {dag.py:4180} INFO - Setting next_dagrun for latest_only_with_trigger to 2024-11-30 20:00:00+00:00, run_after=2024-12-01 00:00:00+00:00
[2024-12-01T02:14:38.441+0000] {processor.py:208} INFO - Processing /home/airflow/.local/lib/python3.12/site-packages/airflow/example_dags/example_latest_only_with_trigger.py took 0.083 seconds
[2024-12-01T02:15:09.330+0000] {processor.py:186} INFO - Started process (PID=51099) to work on /home/airflow/.local/lib/python3.12/site-packages/airflow/example_dags/example_latest_only_with_trigger.py
[2024-12-01T02:15:09.331+0000] {processor.py:914} INFO - Processing file /home/airflow/.local/lib/python3.12/site-packages/airflow/example_dags/example_latest_only_with_trigger.py for tasks to queue
[2024-12-01T02:15:09.333+0000] {logging_mixin.py:190} INFO - [2024-12-01T02:15:09.333+0000] {dagbag.py:588} INFO - Filling up the DagBag from /home/airflow/.local/lib/python3.12/site-packages/airflow/example_dags/example_latest_only_with_trigger.py
[2024-12-01T02:15:09.340+0000] {processor.py:925} INFO - DAG(s) 'latest_only_with_trigger' retrieved from /home/airflow/.local/lib/python3.12/site-packages/airflow/example_dags/example_latest_only_with_trigger.py
[2024-12-01T02:15:09.357+0000] {logging_mixin.py:190} INFO - [2024-12-01T02:15:09.357+0000] {dag.py:3239} INFO - Sync 1 DAGs
[2024-12-01T02:15:09.378+0000] {logging_mixin.py:190} INFO - [2024-12-01T02:15:09.378+0000] {dag.py:4180} INFO - Setting next_dagrun for latest_only_with_trigger to 2024-11-30 20:00:00+00:00, run_after=2024-12-01 00:00:00+00:00
[2024-12-01T02:15:09.393+0000] {processor.py:208} INFO - Processing /home/airflow/.local/lib/python3.12/site-packages/airflow/example_dags/example_latest_only_with_trigger.py took 0.069 seconds
[2024-12-01T02:15:40.094+0000] {processor.py:186} INFO - Started process (PID=51165) to work on /home/airflow/.local/lib/python3.12/site-packages/airflow/example_dags/example_latest_only_with_trigger.py
[2024-12-01T02:15:40.095+0000] {processor.py:914} INFO - Processing file /home/airflow/.local/lib/python3.12/site-packages/airflow/example_dags/example_latest_only_with_trigger.py for tasks to queue
[2024-12-01T02:15:40.099+0000] {logging_mixin.py:190} INFO - [2024-12-01T02:15:40.098+0000] {dagbag.py:588} INFO - Filling up the DagBag from /home/airflow/.local/lib/python3.12/site-packages/airflow/example_dags/example_latest_only_with_trigger.py
[2024-12-01T02:15:40.109+0000] {processor.py:925} INFO - DAG(s) 'latest_only_with_trigger' retrieved from /home/airflow/.local/lib/python3.12/site-packages/airflow/example_dags/example_latest_only_with_trigger.py
[2024-12-01T02:15:40.128+0000] {logging_mixin.py:190} INFO - [2024-12-01T02:15:40.128+0000] {dag.py:3239} INFO - Sync 1 DAGs
[2024-12-01T02:15:40.158+0000] {logging_mixin.py:190} INFO - [2024-12-01T02:15:40.158+0000] {dag.py:4180} INFO - Setting next_dagrun for latest_only_with_trigger to 2024-11-30 20:00:00+00:00, run_after=2024-12-01 00:00:00+00:00
[2024-12-01T02:15:40.180+0000] {processor.py:208} INFO - Processing /home/airflow/.local/lib/python3.12/site-packages/airflow/example_dags/example_latest_only_with_trigger.py took 0.091 seconds
[2024-12-01T02:16:10.963+0000] {processor.py:186} INFO - Started process (PID=51231) to work on /home/airflow/.local/lib/python3.12/site-packages/airflow/example_dags/example_latest_only_with_trigger.py
[2024-12-01T02:16:10.964+0000] {processor.py:914} INFO - Processing file /home/airflow/.local/lib/python3.12/site-packages/airflow/example_dags/example_latest_only_with_trigger.py for tasks to queue
[2024-12-01T02:16:10.966+0000] {logging_mixin.py:190} INFO - [2024-12-01T02:16:10.965+0000] {dagbag.py:588} INFO - Filling up the DagBag from /home/airflow/.local/lib/python3.12/site-packages/airflow/example_dags/example_latest_only_with_trigger.py
[2024-12-01T02:16:10.973+0000] {processor.py:925} INFO - DAG(s) 'latest_only_with_trigger' retrieved from /home/airflow/.local/lib/python3.12/site-packages/airflow/example_dags/example_latest_only_with_trigger.py
[2024-12-01T02:16:10.994+0000] {logging_mixin.py:190} INFO - [2024-12-01T02:16:10.994+0000] {dag.py:3239} INFO - Sync 1 DAGs
[2024-12-01T02:16:11.015+0000] {logging_mixin.py:190} INFO - [2024-12-01T02:16:11.015+0000] {dag.py:4180} INFO - Setting next_dagrun for latest_only_with_trigger to 2024-11-30 20:00:00+00:00, run_after=2024-12-01 00:00:00+00:00
[2024-12-01T02:16:11.033+0000] {processor.py:208} INFO - Processing /home/airflow/.local/lib/python3.12/site-packages/airflow/example_dags/example_latest_only_with_trigger.py took 0.077 seconds
[2024-12-01T02:16:41.901+0000] {processor.py:186} INFO - Started process (PID=51297) to work on /home/airflow/.local/lib/python3.12/site-packages/airflow/example_dags/example_latest_only_with_trigger.py
[2024-12-01T02:16:41.902+0000] {processor.py:914} INFO - Processing file /home/airflow/.local/lib/python3.12/site-packages/airflow/example_dags/example_latest_only_with_trigger.py for tasks to queue
[2024-12-01T02:16:41.904+0000] {logging_mixin.py:190} INFO - [2024-12-01T02:16:41.904+0000] {dagbag.py:588} INFO - Filling up the DagBag from /home/airflow/.local/lib/python3.12/site-packages/airflow/example_dags/example_latest_only_with_trigger.py
[2024-12-01T02:16:41.911+0000] {processor.py:925} INFO - DAG(s) 'latest_only_with_trigger' retrieved from /home/airflow/.local/lib/python3.12/site-packages/airflow/example_dags/example_latest_only_with_trigger.py
[2024-12-01T02:16:41.929+0000] {logging_mixin.py:190} INFO - [2024-12-01T02:16:41.929+0000] {dag.py:3239} INFO - Sync 1 DAGs
[2024-12-01T02:16:41.951+0000] {logging_mixin.py:190} INFO - [2024-12-01T02:16:41.951+0000] {dag.py:4180} INFO - Setting next_dagrun for latest_only_with_trigger to 2024-11-30 20:00:00+00:00, run_after=2024-12-01 00:00:00+00:00
[2024-12-01T02:16:41.969+0000] {processor.py:208} INFO - Processing /home/airflow/.local/lib/python3.12/site-packages/airflow/example_dags/example_latest_only_with_trigger.py took 0.073 seconds
[2024-12-01T02:17:12.957+0000] {processor.py:186} INFO - Started process (PID=51363) to work on /home/airflow/.local/lib/python3.12/site-packages/airflow/example_dags/example_latest_only_with_trigger.py
[2024-12-01T02:17:12.958+0000] {processor.py:914} INFO - Processing file /home/airflow/.local/lib/python3.12/site-packages/airflow/example_dags/example_latest_only_with_trigger.py for tasks to queue
[2024-12-01T02:17:12.960+0000] {logging_mixin.py:190} INFO - [2024-12-01T02:17:12.959+0000] {dagbag.py:588} INFO - Filling up the DagBag from /home/airflow/.local/lib/python3.12/site-packages/airflow/example_dags/example_latest_only_with_trigger.py
[2024-12-01T02:17:12.970+0000] {processor.py:925} INFO - DAG(s) 'latest_only_with_trigger' retrieved from /home/airflow/.local/lib/python3.12/site-packages/airflow/example_dags/example_latest_only_with_trigger.py
[2024-12-01T02:17:12.989+0000] {logging_mixin.py:190} INFO - [2024-12-01T02:17:12.988+0000] {dag.py:3239} INFO - Sync 1 DAGs
[2024-12-01T02:17:13.015+0000] {logging_mixin.py:190} INFO - [2024-12-01T02:17:13.014+0000] {dag.py:4180} INFO - Setting next_dagrun for latest_only_with_trigger to 2024-11-30 20:00:00+00:00, run_after=2024-12-01 00:00:00+00:00
[2024-12-01T02:17:13.031+0000] {processor.py:208} INFO - Processing /home/airflow/.local/lib/python3.12/site-packages/airflow/example_dags/example_latest_only_with_trigger.py took 0.080 seconds
[2024-12-01T02:17:44.012+0000] {processor.py:186} INFO - Started process (PID=51429) to work on /home/airflow/.local/lib/python3.12/site-packages/airflow/example_dags/example_latest_only_with_trigger.py
[2024-12-01T02:17:44.013+0000] {processor.py:914} INFO - Processing file /home/airflow/.local/lib/python3.12/site-packages/airflow/example_dags/example_latest_only_with_trigger.py for tasks to queue
[2024-12-01T02:17:44.016+0000] {logging_mixin.py:190} INFO - [2024-12-01T02:17:44.015+0000] {dagbag.py:588} INFO - Filling up the DagBag from /home/airflow/.local/lib/python3.12/site-packages/airflow/example_dags/example_latest_only_with_trigger.py
[2024-12-01T02:17:44.022+0000] {processor.py:925} INFO - DAG(s) 'latest_only_with_trigger' retrieved from /home/airflow/.local/lib/python3.12/site-packages/airflow/example_dags/example_latest_only_with_trigger.py
[2024-12-01T02:17:44.041+0000] {logging_mixin.py:190} INFO - [2024-12-01T02:17:44.041+0000] {dag.py:3239} INFO - Sync 1 DAGs
[2024-12-01T02:17:44.061+0000] {logging_mixin.py:190} INFO - [2024-12-01T02:17:44.061+0000] {dag.py:4180} INFO - Setting next_dagrun for latest_only_with_trigger to 2024-11-30 20:00:00+00:00, run_after=2024-12-01 00:00:00+00:00
[2024-12-01T02:17:44.080+0000] {processor.py:208} INFO - Processing /home/airflow/.local/lib/python3.12/site-packages/airflow/example_dags/example_latest_only_with_trigger.py took 0.073 seconds
[2024-12-01T02:18:15.034+0000] {processor.py:186} INFO - Started process (PID=51495) to work on /home/airflow/.local/lib/python3.12/site-packages/airflow/example_dags/example_latest_only_with_trigger.py
[2024-12-01T02:18:15.035+0000] {processor.py:914} INFO - Processing file /home/airflow/.local/lib/python3.12/site-packages/airflow/example_dags/example_latest_only_with_trigger.py for tasks to queue
[2024-12-01T02:18:15.037+0000] {logging_mixin.py:190} INFO - [2024-12-01T02:18:15.037+0000] {dagbag.py:588} INFO - Filling up the DagBag from /home/airflow/.local/lib/python3.12/site-packages/airflow/example_dags/example_latest_only_with_trigger.py
[2024-12-01T02:18:15.044+0000] {processor.py:925} INFO - DAG(s) 'latest_only_with_trigger' retrieved from /home/airflow/.local/lib/python3.12/site-packages/airflow/example_dags/example_latest_only_with_trigger.py
[2024-12-01T02:18:15.064+0000] {logging_mixin.py:190} INFO - [2024-12-01T02:18:15.063+0000] {dag.py:3239} INFO - Sync 1 DAGs
[2024-12-01T02:18:15.088+0000] {logging_mixin.py:190} INFO - [2024-12-01T02:18:15.088+0000] {dag.py:4180} INFO - Setting next_dagrun for latest_only_with_trigger to 2024-11-30 20:00:00+00:00, run_after=2024-12-01 00:00:00+00:00
[2024-12-01T02:18:15.104+0000] {processor.py:208} INFO - Processing /home/airflow/.local/lib/python3.12/site-packages/airflow/example_dags/example_latest_only_with_trigger.py took 0.076 seconds
[2024-12-01T02:18:45.818+0000] {processor.py:186} INFO - Started process (PID=51561) to work on /home/airflow/.local/lib/python3.12/site-packages/airflow/example_dags/example_latest_only_with_trigger.py
[2024-12-01T02:18:45.819+0000] {processor.py:914} INFO - Processing file /home/airflow/.local/lib/python3.12/site-packages/airflow/example_dags/example_latest_only_with_trigger.py for tasks to queue
[2024-12-01T02:18:45.821+0000] {logging_mixin.py:190} INFO - [2024-12-01T02:18:45.821+0000] {dagbag.py:588} INFO - Filling up the DagBag from /home/airflow/.local/lib/python3.12/site-packages/airflow/example_dags/example_latest_only_with_trigger.py
[2024-12-01T02:18:45.828+0000] {processor.py:925} INFO - DAG(s) 'latest_only_with_trigger' retrieved from /home/airflow/.local/lib/python3.12/site-packages/airflow/example_dags/example_latest_only_with_trigger.py
[2024-12-01T02:18:45.847+0000] {logging_mixin.py:190} INFO - [2024-12-01T02:18:45.847+0000] {dag.py:3239} INFO - Sync 1 DAGs
[2024-12-01T02:18:45.868+0000] {logging_mixin.py:190} INFO - [2024-12-01T02:18:45.868+0000] {dag.py:4180} INFO - Setting next_dagrun for latest_only_with_trigger to 2024-11-30 20:00:00+00:00, run_after=2024-12-01 00:00:00+00:00
[2024-12-01T02:18:45.886+0000] {processor.py:208} INFO - Processing /home/airflow/.local/lib/python3.12/site-packages/airflow/example_dags/example_latest_only_with_trigger.py took 0.073 seconds
[2024-12-01T02:19:16.958+0000] {processor.py:186} INFO - Started process (PID=51628) to work on /home/airflow/.local/lib/python3.12/site-packages/airflow/example_dags/example_latest_only_with_trigger.py
[2024-12-01T02:19:16.959+0000] {processor.py:914} INFO - Processing file /home/airflow/.local/lib/python3.12/site-packages/airflow/example_dags/example_latest_only_with_trigger.py for tasks to queue
[2024-12-01T02:19:16.961+0000] {logging_mixin.py:190} INFO - [2024-12-01T02:19:16.961+0000] {dagbag.py:588} INFO - Filling up the DagBag from /home/airflow/.local/lib/python3.12/site-packages/airflow/example_dags/example_latest_only_with_trigger.py
[2024-12-01T02:19:16.967+0000] {processor.py:925} INFO - DAG(s) 'latest_only_with_trigger' retrieved from /home/airflow/.local/lib/python3.12/site-packages/airflow/example_dags/example_latest_only_with_trigger.py
[2024-12-01T02:19:16.990+0000] {logging_mixin.py:190} INFO - [2024-12-01T02:19:16.990+0000] {dag.py:3239} INFO - Sync 1 DAGs
[2024-12-01T02:19:17.037+0000] {logging_mixin.py:190} INFO - [2024-12-01T02:19:17.037+0000] {dag.py:4180} INFO - Setting next_dagrun for latest_only_with_trigger to 2024-11-30 20:00:00+00:00, run_after=2024-12-01 00:00:00+00:00
[2024-12-01T02:19:17.091+0000] {processor.py:208} INFO - Processing /home/airflow/.local/lib/python3.12/site-packages/airflow/example_dags/example_latest_only_with_trigger.py took 0.139 seconds
[2024-12-01T02:19:47.847+0000] {processor.py:186} INFO - Started process (PID=51694) to work on /home/airflow/.local/lib/python3.12/site-packages/airflow/example_dags/example_latest_only_with_trigger.py
[2024-12-01T02:19:47.848+0000] {processor.py:914} INFO - Processing file /home/airflow/.local/lib/python3.12/site-packages/airflow/example_dags/example_latest_only_with_trigger.py for tasks to queue
[2024-12-01T02:19:47.850+0000] {logging_mixin.py:190} INFO - [2024-12-01T02:19:47.850+0000] {dagbag.py:588} INFO - Filling up the DagBag from /home/airflow/.local/lib/python3.12/site-packages/airflow/example_dags/example_latest_only_with_trigger.py
[2024-12-01T02:19:47.858+0000] {processor.py:925} INFO - DAG(s) 'latest_only_with_trigger' retrieved from /home/airflow/.local/lib/python3.12/site-packages/airflow/example_dags/example_latest_only_with_trigger.py
[2024-12-01T02:19:47.877+0000] {logging_mixin.py:190} INFO - [2024-12-01T02:19:47.877+0000] {dag.py:3239} INFO - Sync 1 DAGs
[2024-12-01T02:19:47.898+0000] {logging_mixin.py:190} INFO - [2024-12-01T02:19:47.897+0000] {dag.py:4180} INFO - Setting next_dagrun for latest_only_with_trigger to 2024-11-30 20:00:00+00:00, run_after=2024-12-01 00:00:00+00:00
[2024-12-01T02:19:47.913+0000] {processor.py:208} INFO - Processing /home/airflow/.local/lib/python3.12/site-packages/airflow/example_dags/example_latest_only_with_trigger.py took 0.071 seconds
[2024-12-01T02:20:18.996+0000] {processor.py:186} INFO - Started process (PID=51760) to work on /home/airflow/.local/lib/python3.12/site-packages/airflow/example_dags/example_latest_only_with_trigger.py
[2024-12-01T02:20:18.997+0000] {processor.py:914} INFO - Processing file /home/airflow/.local/lib/python3.12/site-packages/airflow/example_dags/example_latest_only_with_trigger.py for tasks to queue
[2024-12-01T02:20:18.999+0000] {logging_mixin.py:190} INFO - [2024-12-01T02:20:18.999+0000] {dagbag.py:588} INFO - Filling up the DagBag from /home/airflow/.local/lib/python3.12/site-packages/airflow/example_dags/example_latest_only_with_trigger.py
[2024-12-01T02:20:19.008+0000] {processor.py:925} INFO - DAG(s) 'latest_only_with_trigger' retrieved from /home/airflow/.local/lib/python3.12/site-packages/airflow/example_dags/example_latest_only_with_trigger.py
[2024-12-01T02:20:19.025+0000] {logging_mixin.py:190} INFO - [2024-12-01T02:20:19.025+0000] {dag.py:3239} INFO - Sync 1 DAGs
[2024-12-01T02:20:19.047+0000] {logging_mixin.py:190} INFO - [2024-12-01T02:20:19.046+0000] {dag.py:4180} INFO - Setting next_dagrun for latest_only_with_trigger to 2024-11-30 20:00:00+00:00, run_after=2024-12-01 00:00:00+00:00
[2024-12-01T02:20:19.063+0000] {processor.py:208} INFO - Processing /home/airflow/.local/lib/python3.12/site-packages/airflow/example_dags/example_latest_only_with_trigger.py took 0.072 seconds
[2024-12-01T02:20:50.597+0000] {processor.py:186} INFO - Started process (PID=51826) to work on /home/airflow/.local/lib/python3.12/site-packages/airflow/example_dags/example_latest_only_with_trigger.py
[2024-12-01T02:20:50.598+0000] {processor.py:914} INFO - Processing file /home/airflow/.local/lib/python3.12/site-packages/airflow/example_dags/example_latest_only_with_trigger.py for tasks to queue
[2024-12-01T02:20:50.600+0000] {logging_mixin.py:190} INFO - [2024-12-01T02:20:50.600+0000] {dagbag.py:588} INFO - Filling up the DagBag from /home/airflow/.local/lib/python3.12/site-packages/airflow/example_dags/example_latest_only_with_trigger.py
[2024-12-01T02:20:50.607+0000] {processor.py:925} INFO - DAG(s) 'latest_only_with_trigger' retrieved from /home/airflow/.local/lib/python3.12/site-packages/airflow/example_dags/example_latest_only_with_trigger.py
[2024-12-01T02:20:50.626+0000] {logging_mixin.py:190} INFO - [2024-12-01T02:20:50.626+0000] {dag.py:3239} INFO - Sync 1 DAGs
[2024-12-01T02:20:50.647+0000] {logging_mixin.py:190} INFO - [2024-12-01T02:20:50.647+0000] {dag.py:4180} INFO - Setting next_dagrun for latest_only_with_trigger to 2024-11-30 20:00:00+00:00, run_after=2024-12-01 00:00:00+00:00
[2024-12-01T02:20:50.661+0000] {processor.py:208} INFO - Processing /home/airflow/.local/lib/python3.12/site-packages/airflow/example_dags/example_latest_only_with_trigger.py took 0.069 seconds
[2024-12-01T02:21:22.742+0000] {processor.py:186} INFO - Started process (PID=51892) to work on /home/airflow/.local/lib/python3.12/site-packages/airflow/example_dags/example_latest_only_with_trigger.py
[2024-12-01T02:21:22.743+0000] {processor.py:914} INFO - Processing file /home/airflow/.local/lib/python3.12/site-packages/airflow/example_dags/example_latest_only_with_trigger.py for tasks to queue
[2024-12-01T02:21:22.745+0000] {logging_mixin.py:190} INFO - [2024-12-01T02:21:22.744+0000] {dagbag.py:588} INFO - Filling up the DagBag from /home/airflow/.local/lib/python3.12/site-packages/airflow/example_dags/example_latest_only_with_trigger.py
[2024-12-01T02:21:22.751+0000] {processor.py:925} INFO - DAG(s) 'latest_only_with_trigger' retrieved from /home/airflow/.local/lib/python3.12/site-packages/airflow/example_dags/example_latest_only_with_trigger.py
[2024-12-01T02:21:22.770+0000] {logging_mixin.py:190} INFO - [2024-12-01T02:21:22.770+0000] {dag.py:3239} INFO - Sync 1 DAGs
[2024-12-01T02:21:22.794+0000] {logging_mixin.py:190} INFO - [2024-12-01T02:21:22.794+0000] {dag.py:4180} INFO - Setting next_dagrun for latest_only_with_trigger to 2024-11-30 20:00:00+00:00, run_after=2024-12-01 00:00:00+00:00
[2024-12-01T02:21:22.811+0000] {processor.py:208} INFO - Processing /home/airflow/.local/lib/python3.12/site-packages/airflow/example_dags/example_latest_only_with_trigger.py took 0.075 seconds
[2024-12-01T02:21:54.452+0000] {processor.py:186} INFO - Started process (PID=51958) to work on /home/airflow/.local/lib/python3.12/site-packages/airflow/example_dags/example_latest_only_with_trigger.py
[2024-12-01T02:21:54.453+0000] {processor.py:914} INFO - Processing file /home/airflow/.local/lib/python3.12/site-packages/airflow/example_dags/example_latest_only_with_trigger.py for tasks to queue
[2024-12-01T02:21:54.456+0000] {logging_mixin.py:190} INFO - [2024-12-01T02:21:54.455+0000] {dagbag.py:588} INFO - Filling up the DagBag from /home/airflow/.local/lib/python3.12/site-packages/airflow/example_dags/example_latest_only_with_trigger.py
[2024-12-01T02:21:54.463+0000] {processor.py:925} INFO - DAG(s) 'latest_only_with_trigger' retrieved from /home/airflow/.local/lib/python3.12/site-packages/airflow/example_dags/example_latest_only_with_trigger.py
[2024-12-01T02:21:54.481+0000] {logging_mixin.py:190} INFO - [2024-12-01T02:21:54.480+0000] {dag.py:3239} INFO - Sync 1 DAGs
[2024-12-01T02:21:54.642+0000] {logging_mixin.py:190} INFO - [2024-12-01T02:21:54.642+0000] {dag.py:4180} INFO - Setting next_dagrun for latest_only_with_trigger to 2024-11-30 20:00:00+00:00, run_after=2024-12-01 00:00:00+00:00
[2024-12-01T02:21:54.658+0000] {processor.py:208} INFO - Processing /home/airflow/.local/lib/python3.12/site-packages/airflow/example_dags/example_latest_only_with_trigger.py took 0.212 seconds
[2024-12-01T02:22:24.876+0000] {processor.py:186} INFO - Started process (PID=52024) to work on /home/airflow/.local/lib/python3.12/site-packages/airflow/example_dags/example_latest_only_with_trigger.py
[2024-12-01T02:22:24.877+0000] {processor.py:914} INFO - Processing file /home/airflow/.local/lib/python3.12/site-packages/airflow/example_dags/example_latest_only_with_trigger.py for tasks to queue
[2024-12-01T02:22:24.879+0000] {logging_mixin.py:190} INFO - [2024-12-01T02:22:24.879+0000] {dagbag.py:588} INFO - Filling up the DagBag from /home/airflow/.local/lib/python3.12/site-packages/airflow/example_dags/example_latest_only_with_trigger.py
[2024-12-01T02:22:24.887+0000] {processor.py:925} INFO - DAG(s) 'latest_only_with_trigger' retrieved from /home/airflow/.local/lib/python3.12/site-packages/airflow/example_dags/example_latest_only_with_trigger.py
[2024-12-01T02:22:24.905+0000] {logging_mixin.py:190} INFO - [2024-12-01T02:22:24.905+0000] {dag.py:3239} INFO - Sync 1 DAGs
[2024-12-01T02:22:24.927+0000] {logging_mixin.py:190} INFO - [2024-12-01T02:22:24.927+0000] {dag.py:4180} INFO - Setting next_dagrun for latest_only_with_trigger to 2024-11-30 20:00:00+00:00, run_after=2024-12-01 00:00:00+00:00
[2024-12-01T02:22:25.085+0000] {processor.py:208} INFO - Processing /home/airflow/.local/lib/python3.12/site-packages/airflow/example_dags/example_latest_only_with_trigger.py took 0.215 seconds
[2024-12-01T02:22:55.577+0000] {processor.py:186} INFO - Started process (PID=52090) to work on /home/airflow/.local/lib/python3.12/site-packages/airflow/example_dags/example_latest_only_with_trigger.py
[2024-12-01T02:22:55.578+0000] {processor.py:914} INFO - Processing file /home/airflow/.local/lib/python3.12/site-packages/airflow/example_dags/example_latest_only_with_trigger.py for tasks to queue
[2024-12-01T02:22:55.580+0000] {logging_mixin.py:190} INFO - [2024-12-01T02:22:55.580+0000] {dagbag.py:588} INFO - Filling up the DagBag from /home/airflow/.local/lib/python3.12/site-packages/airflow/example_dags/example_latest_only_with_trigger.py
[2024-12-01T02:22:55.587+0000] {processor.py:925} INFO - DAG(s) 'latest_only_with_trigger' retrieved from /home/airflow/.local/lib/python3.12/site-packages/airflow/example_dags/example_latest_only_with_trigger.py
[2024-12-01T02:22:55.605+0000] {logging_mixin.py:190} INFO - [2024-12-01T02:22:55.605+0000] {dag.py:3239} INFO - Sync 1 DAGs
[2024-12-01T02:22:55.625+0000] {logging_mixin.py:190} INFO - [2024-12-01T02:22:55.625+0000] {dag.py:4180} INFO - Setting next_dagrun for latest_only_with_trigger to 2024-11-30 20:00:00+00:00, run_after=2024-12-01 00:00:00+00:00
[2024-12-01T02:22:55.643+0000] {processor.py:208} INFO - Processing /home/airflow/.local/lib/python3.12/site-packages/airflow/example_dags/example_latest_only_with_trigger.py took 0.072 seconds
[2024-12-01T02:23:26.101+0000] {processor.py:186} INFO - Started process (PID=52156) to work on /home/airflow/.local/lib/python3.12/site-packages/airflow/example_dags/example_latest_only_with_trigger.py
[2024-12-01T02:23:26.102+0000] {processor.py:914} INFO - Processing file /home/airflow/.local/lib/python3.12/site-packages/airflow/example_dags/example_latest_only_with_trigger.py for tasks to queue
[2024-12-01T02:23:26.104+0000] {logging_mixin.py:190} INFO - [2024-12-01T02:23:26.104+0000] {dagbag.py:588} INFO - Filling up the DagBag from /home/airflow/.local/lib/python3.12/site-packages/airflow/example_dags/example_latest_only_with_trigger.py
[2024-12-01T02:23:26.113+0000] {processor.py:925} INFO - DAG(s) 'latest_only_with_trigger' retrieved from /home/airflow/.local/lib/python3.12/site-packages/airflow/example_dags/example_latest_only_with_trigger.py
[2024-12-01T02:23:26.131+0000] {logging_mixin.py:190} INFO - [2024-12-01T02:23:26.131+0000] {dag.py:3239} INFO - Sync 1 DAGs
[2024-12-01T02:23:26.151+0000] {logging_mixin.py:190} INFO - [2024-12-01T02:23:26.151+0000] {dag.py:4180} INFO - Setting next_dagrun for latest_only_with_trigger to 2024-11-30 20:00:00+00:00, run_after=2024-12-01 00:00:00+00:00
[2024-12-01T02:23:26.167+0000] {processor.py:208} INFO - Processing /home/airflow/.local/lib/python3.12/site-packages/airflow/example_dags/example_latest_only_with_trigger.py took 0.072 seconds
[2024-12-01T02:23:56.249+0000] {processor.py:186} INFO - Started process (PID=52222) to work on /home/airflow/.local/lib/python3.12/site-packages/airflow/example_dags/example_latest_only_with_trigger.py
[2024-12-01T02:23:56.249+0000] {processor.py:914} INFO - Processing file /home/airflow/.local/lib/python3.12/site-packages/airflow/example_dags/example_latest_only_with_trigger.py for tasks to queue
[2024-12-01T02:23:56.252+0000] {logging_mixin.py:190} INFO - [2024-12-01T02:23:56.252+0000] {dagbag.py:588} INFO - Filling up the DagBag from /home/airflow/.local/lib/python3.12/site-packages/airflow/example_dags/example_latest_only_with_trigger.py
[2024-12-01T02:23:56.258+0000] {processor.py:925} INFO - DAG(s) 'latest_only_with_trigger' retrieved from /home/airflow/.local/lib/python3.12/site-packages/airflow/example_dags/example_latest_only_with_trigger.py
[2024-12-01T02:23:56.276+0000] {logging_mixin.py:190} INFO - [2024-12-01T02:23:56.276+0000] {dag.py:3239} INFO - Sync 1 DAGs
[2024-12-01T02:23:56.297+0000] {logging_mixin.py:190} INFO - [2024-12-01T02:23:56.297+0000] {dag.py:4180} INFO - Setting next_dagrun for latest_only_with_trigger to 2024-11-30 20:00:00+00:00, run_after=2024-12-01 00:00:00+00:00
[2024-12-01T02:23:56.313+0000] {processor.py:208} INFO - Processing /home/airflow/.local/lib/python3.12/site-packages/airflow/example_dags/example_latest_only_with_trigger.py took 0.070 seconds
[2024-12-01T02:24:27.816+0000] {processor.py:186} INFO - Started process (PID=52288) to work on /home/airflow/.local/lib/python3.12/site-packages/airflow/example_dags/example_latest_only_with_trigger.py
[2024-12-01T02:24:27.817+0000] {processor.py:914} INFO - Processing file /home/airflow/.local/lib/python3.12/site-packages/airflow/example_dags/example_latest_only_with_trigger.py for tasks to queue
[2024-12-01T02:24:27.820+0000] {logging_mixin.py:190} INFO - [2024-12-01T02:24:27.820+0000] {dagbag.py:588} INFO - Filling up the DagBag from /home/airflow/.local/lib/python3.12/site-packages/airflow/example_dags/example_latest_only_with_trigger.py
[2024-12-01T02:24:27.826+0000] {processor.py:925} INFO - DAG(s) 'latest_only_with_trigger' retrieved from /home/airflow/.local/lib/python3.12/site-packages/airflow/example_dags/example_latest_only_with_trigger.py
[2024-12-01T02:24:27.846+0000] {logging_mixin.py:190} INFO - [2024-12-01T02:24:27.845+0000] {dag.py:3239} INFO - Sync 1 DAGs
[2024-12-01T02:24:27.866+0000] {logging_mixin.py:190} INFO - [2024-12-01T02:24:27.866+0000] {dag.py:4180} INFO - Setting next_dagrun for latest_only_with_trigger to 2024-11-30 20:00:00+00:00, run_after=2024-12-01 00:00:00+00:00
[2024-12-01T02:24:27.882+0000] {processor.py:208} INFO - Processing /home/airflow/.local/lib/python3.12/site-packages/airflow/example_dags/example_latest_only_with_trigger.py took 0.071 seconds
[2024-12-01T02:24:59.245+0000] {processor.py:186} INFO - Started process (PID=52354) to work on /home/airflow/.local/lib/python3.12/site-packages/airflow/example_dags/example_latest_only_with_trigger.py
[2024-12-01T02:24:59.246+0000] {processor.py:914} INFO - Processing file /home/airflow/.local/lib/python3.12/site-packages/airflow/example_dags/example_latest_only_with_trigger.py for tasks to queue
[2024-12-01T02:24:59.249+0000] {logging_mixin.py:190} INFO - [2024-12-01T02:24:59.248+0000] {dagbag.py:588} INFO - Filling up the DagBag from /home/airflow/.local/lib/python3.12/site-packages/airflow/example_dags/example_latest_only_with_trigger.py
[2024-12-01T02:24:59.256+0000] {processor.py:925} INFO - DAG(s) 'latest_only_with_trigger' retrieved from /home/airflow/.local/lib/python3.12/site-packages/airflow/example_dags/example_latest_only_with_trigger.py
[2024-12-01T02:24:59.274+0000] {logging_mixin.py:190} INFO - [2024-12-01T02:24:59.274+0000] {dag.py:3239} INFO - Sync 1 DAGs
[2024-12-01T02:24:59.295+0000] {logging_mixin.py:190} INFO - [2024-12-01T02:24:59.295+0000] {dag.py:4180} INFO - Setting next_dagrun for latest_only_with_trigger to 2024-11-30 20:00:00+00:00, run_after=2024-12-01 00:00:00+00:00
[2024-12-01T02:24:59.313+0000] {processor.py:208} INFO - Processing /home/airflow/.local/lib/python3.12/site-packages/airflow/example_dags/example_latest_only_with_trigger.py took 0.074 seconds
[2024-12-01T02:25:29.836+0000] {processor.py:186} INFO - Started process (PID=52426) to work on /home/airflow/.local/lib/python3.12/site-packages/airflow/example_dags/example_latest_only_with_trigger.py
[2024-12-01T02:25:29.837+0000] {processor.py:914} INFO - Processing file /home/airflow/.local/lib/python3.12/site-packages/airflow/example_dags/example_latest_only_with_trigger.py for tasks to queue
[2024-12-01T02:25:29.840+0000] {logging_mixin.py:190} INFO - [2024-12-01T02:25:29.840+0000] {dagbag.py:588} INFO - Filling up the DagBag from /home/airflow/.local/lib/python3.12/site-packages/airflow/example_dags/example_latest_only_with_trigger.py
[2024-12-01T02:25:29.846+0000] {processor.py:925} INFO - DAG(s) 'latest_only_with_trigger' retrieved from /home/airflow/.local/lib/python3.12/site-packages/airflow/example_dags/example_latest_only_with_trigger.py
[2024-12-01T02:25:29.865+0000] {logging_mixin.py:190} INFO - [2024-12-01T02:25:29.865+0000] {dag.py:3239} INFO - Sync 1 DAGs
[2024-12-01T02:25:29.885+0000] {logging_mixin.py:190} INFO - [2024-12-01T02:25:29.885+0000] {dag.py:4180} INFO - Setting next_dagrun for latest_only_with_trigger to 2024-11-30 20:00:00+00:00, run_after=2024-12-01 00:00:00+00:00
[2024-12-01T02:25:29.902+0000] {processor.py:208} INFO - Processing /home/airflow/.local/lib/python3.12/site-packages/airflow/example_dags/example_latest_only_with_trigger.py took 0.071 seconds
[2024-12-01T02:26:00.600+0000] {processor.py:186} INFO - Started process (PID=52492) to work on /home/airflow/.local/lib/python3.12/site-packages/airflow/example_dags/example_latest_only_with_trigger.py
[2024-12-01T02:26:00.600+0000] {processor.py:914} INFO - Processing file /home/airflow/.local/lib/python3.12/site-packages/airflow/example_dags/example_latest_only_with_trigger.py for tasks to queue
[2024-12-01T02:26:00.602+0000] {logging_mixin.py:190} INFO - [2024-12-01T02:26:00.602+0000] {dagbag.py:588} INFO - Filling up the DagBag from /home/airflow/.local/lib/python3.12/site-packages/airflow/example_dags/example_latest_only_with_trigger.py
[2024-12-01T02:26:00.609+0000] {processor.py:925} INFO - DAG(s) 'latest_only_with_trigger' retrieved from /home/airflow/.local/lib/python3.12/site-packages/airflow/example_dags/example_latest_only_with_trigger.py
[2024-12-01T02:26:00.626+0000] {logging_mixin.py:190} INFO - [2024-12-01T02:26:00.625+0000] {dag.py:3239} INFO - Sync 1 DAGs
[2024-12-01T02:26:00.647+0000] {logging_mixin.py:190} INFO - [2024-12-01T02:26:00.647+0000] {dag.py:4180} INFO - Setting next_dagrun for latest_only_with_trigger to 2024-11-30 20:00:00+00:00, run_after=2024-12-01 00:00:00+00:00
[2024-12-01T02:26:00.665+0000] {processor.py:208} INFO - Processing /home/airflow/.local/lib/python3.12/site-packages/airflow/example_dags/example_latest_only_with_trigger.py took 0.071 seconds
[2024-12-01T02:26:31.206+0000] {processor.py:186} INFO - Started process (PID=52558) to work on /home/airflow/.local/lib/python3.12/site-packages/airflow/example_dags/example_latest_only_with_trigger.py
[2024-12-01T02:26:31.207+0000] {processor.py:914} INFO - Processing file /home/airflow/.local/lib/python3.12/site-packages/airflow/example_dags/example_latest_only_with_trigger.py for tasks to queue
[2024-12-01T02:26:31.210+0000] {logging_mixin.py:190} INFO - [2024-12-01T02:26:31.209+0000] {dagbag.py:588} INFO - Filling up the DagBag from /home/airflow/.local/lib/python3.12/site-packages/airflow/example_dags/example_latest_only_with_trigger.py
[2024-12-01T02:26:31.218+0000] {processor.py:925} INFO - DAG(s) 'latest_only_with_trigger' retrieved from /home/airflow/.local/lib/python3.12/site-packages/airflow/example_dags/example_latest_only_with_trigger.py
[2024-12-01T02:26:31.237+0000] {logging_mixin.py:190} INFO - [2024-12-01T02:26:31.237+0000] {dag.py:3239} INFO - Sync 1 DAGs
[2024-12-01T02:26:31.259+0000] {logging_mixin.py:190} INFO - [2024-12-01T02:26:31.259+0000] {dag.py:4180} INFO - Setting next_dagrun for latest_only_with_trigger to 2024-11-30 20:00:00+00:00, run_after=2024-12-01 00:00:00+00:00
[2024-12-01T02:26:31.276+0000] {processor.py:208} INFO - Processing /home/airflow/.local/lib/python3.12/site-packages/airflow/example_dags/example_latest_only_with_trigger.py took 0.078 seconds
[2024-12-01T02:27:01.605+0000] {processor.py:186} INFO - Started process (PID=52624) to work on /home/airflow/.local/lib/python3.12/site-packages/airflow/example_dags/example_latest_only_with_trigger.py
[2024-12-01T02:27:01.606+0000] {processor.py:914} INFO - Processing file /home/airflow/.local/lib/python3.12/site-packages/airflow/example_dags/example_latest_only_with_trigger.py for tasks to queue
[2024-12-01T02:27:01.609+0000] {logging_mixin.py:190} INFO - [2024-12-01T02:27:01.609+0000] {dagbag.py:588} INFO - Filling up the DagBag from /home/airflow/.local/lib/python3.12/site-packages/airflow/example_dags/example_latest_only_with_trigger.py
[2024-12-01T02:27:01.616+0000] {processor.py:925} INFO - DAG(s) 'latest_only_with_trigger' retrieved from /home/airflow/.local/lib/python3.12/site-packages/airflow/example_dags/example_latest_only_with_trigger.py
[2024-12-01T02:27:01.634+0000] {logging_mixin.py:190} INFO - [2024-12-01T02:27:01.633+0000] {dag.py:3239} INFO - Sync 1 DAGs
[2024-12-01T02:27:01.662+0000] {logging_mixin.py:190} INFO - [2024-12-01T02:27:01.662+0000] {dag.py:4180} INFO - Setting next_dagrun for latest_only_with_trigger to 2024-11-30 20:00:00+00:00, run_after=2024-12-01 00:00:00+00:00
[2024-12-01T02:27:01.678+0000] {processor.py:208} INFO - Processing /home/airflow/.local/lib/python3.12/site-packages/airflow/example_dags/example_latest_only_with_trigger.py took 0.078 seconds
[2024-12-01T02:27:31.970+0000] {processor.py:186} INFO - Started process (PID=52690) to work on /home/airflow/.local/lib/python3.12/site-packages/airflow/example_dags/example_latest_only_with_trigger.py
[2024-12-01T02:27:31.971+0000] {processor.py:914} INFO - Processing file /home/airflow/.local/lib/python3.12/site-packages/airflow/example_dags/example_latest_only_with_trigger.py for tasks to queue
[2024-12-01T02:27:31.973+0000] {logging_mixin.py:190} INFO - [2024-12-01T02:27:31.973+0000] {dagbag.py:588} INFO - Filling up the DagBag from /home/airflow/.local/lib/python3.12/site-packages/airflow/example_dags/example_latest_only_with_trigger.py
[2024-12-01T02:27:31.980+0000] {processor.py:925} INFO - DAG(s) 'latest_only_with_trigger' retrieved from /home/airflow/.local/lib/python3.12/site-packages/airflow/example_dags/example_latest_only_with_trigger.py
[2024-12-01T02:27:32.000+0000] {logging_mixin.py:190} INFO - [2024-12-01T02:27:32.000+0000] {dag.py:3239} INFO - Sync 1 DAGs
[2024-12-01T02:27:32.020+0000] {logging_mixin.py:190} INFO - [2024-12-01T02:27:32.020+0000] {dag.py:4180} INFO - Setting next_dagrun for latest_only_with_trigger to 2024-11-30 20:00:00+00:00, run_after=2024-12-01 00:00:00+00:00
[2024-12-01T02:27:32.039+0000] {processor.py:208} INFO - Processing /home/airflow/.local/lib/python3.12/site-packages/airflow/example_dags/example_latest_only_with_trigger.py took 0.074 seconds
[2024-12-01T02:28:03.580+0000] {processor.py:186} INFO - Started process (PID=52756) to work on /home/airflow/.local/lib/python3.12/site-packages/airflow/example_dags/example_latest_only_with_trigger.py
[2024-12-01T02:28:03.581+0000] {processor.py:914} INFO - Processing file /home/airflow/.local/lib/python3.12/site-packages/airflow/example_dags/example_latest_only_with_trigger.py for tasks to queue
[2024-12-01T02:28:03.583+0000] {logging_mixin.py:190} INFO - [2024-12-01T02:28:03.583+0000] {dagbag.py:588} INFO - Filling up the DagBag from /home/airflow/.local/lib/python3.12/site-packages/airflow/example_dags/example_latest_only_with_trigger.py
[2024-12-01T02:28:03.590+0000] {processor.py:925} INFO - DAG(s) 'latest_only_with_trigger' retrieved from /home/airflow/.local/lib/python3.12/site-packages/airflow/example_dags/example_latest_only_with_trigger.py
[2024-12-01T02:28:03.608+0000] {logging_mixin.py:190} INFO - [2024-12-01T02:28:03.607+0000] {dag.py:3239} INFO - Sync 1 DAGs
[2024-12-01T02:28:03.628+0000] {logging_mixin.py:190} INFO - [2024-12-01T02:28:03.627+0000] {dag.py:4180} INFO - Setting next_dagrun for latest_only_with_trigger to 2024-11-30 20:00:00+00:00, run_after=2024-12-01 00:00:00+00:00
[2024-12-01T02:28:03.644+0000] {processor.py:208} INFO - Processing /home/airflow/.local/lib/python3.12/site-packages/airflow/example_dags/example_latest_only_with_trigger.py took 0.070 seconds
[2024-12-01T02:28:34.184+0000] {processor.py:186} INFO - Started process (PID=52822) to work on /home/airflow/.local/lib/python3.12/site-packages/airflow/example_dags/example_latest_only_with_trigger.py
[2024-12-01T02:28:34.185+0000] {processor.py:914} INFO - Processing file /home/airflow/.local/lib/python3.12/site-packages/airflow/example_dags/example_latest_only_with_trigger.py for tasks to queue
[2024-12-01T02:28:34.187+0000] {logging_mixin.py:190} INFO - [2024-12-01T02:28:34.187+0000] {dagbag.py:588} INFO - Filling up the DagBag from /home/airflow/.local/lib/python3.12/site-packages/airflow/example_dags/example_latest_only_with_trigger.py
[2024-12-01T02:28:34.194+0000] {processor.py:925} INFO - DAG(s) 'latest_only_with_trigger' retrieved from /home/airflow/.local/lib/python3.12/site-packages/airflow/example_dags/example_latest_only_with_trigger.py
[2024-12-01T02:28:34.213+0000] {logging_mixin.py:190} INFO - [2024-12-01T02:28:34.212+0000] {dag.py:3239} INFO - Sync 1 DAGs
[2024-12-01T02:28:34.233+0000] {logging_mixin.py:190} INFO - [2024-12-01T02:28:34.233+0000] {dag.py:4180} INFO - Setting next_dagrun for latest_only_with_trigger to 2024-11-30 20:00:00+00:00, run_after=2024-12-01 00:00:00+00:00
[2024-12-01T02:28:34.251+0000] {processor.py:208} INFO - Processing /home/airflow/.local/lib/python3.12/site-packages/airflow/example_dags/example_latest_only_with_trigger.py took 0.072 seconds
[2024-12-01T02:29:04.755+0000] {processor.py:186} INFO - Started process (PID=52888) to work on /home/airflow/.local/lib/python3.12/site-packages/airflow/example_dags/example_latest_only_with_trigger.py
[2024-12-01T02:29:04.756+0000] {processor.py:914} INFO - Processing file /home/airflow/.local/lib/python3.12/site-packages/airflow/example_dags/example_latest_only_with_trigger.py for tasks to queue
[2024-12-01T02:29:04.758+0000] {logging_mixin.py:190} INFO - [2024-12-01T02:29:04.758+0000] {dagbag.py:588} INFO - Filling up the DagBag from /home/airflow/.local/lib/python3.12/site-packages/airflow/example_dags/example_latest_only_with_trigger.py
[2024-12-01T02:29:04.765+0000] {processor.py:925} INFO - DAG(s) 'latest_only_with_trigger' retrieved from /home/airflow/.local/lib/python3.12/site-packages/airflow/example_dags/example_latest_only_with_trigger.py
[2024-12-01T02:29:04.782+0000] {logging_mixin.py:190} INFO - [2024-12-01T02:29:04.782+0000] {dag.py:3239} INFO - Sync 1 DAGs
[2024-12-01T02:29:04.803+0000] {logging_mixin.py:190} INFO - [2024-12-01T02:29:04.803+0000] {dag.py:4180} INFO - Setting next_dagrun for latest_only_with_trigger to 2024-11-30 20:00:00+00:00, run_after=2024-12-01 00:00:00+00:00
[2024-12-01T02:29:04.818+0000] {processor.py:208} INFO - Processing /home/airflow/.local/lib/python3.12/site-packages/airflow/example_dags/example_latest_only_with_trigger.py took 0.068 seconds
[2024-12-01T02:29:35.270+0000] {processor.py:186} INFO - Started process (PID=52954) to work on /home/airflow/.local/lib/python3.12/site-packages/airflow/example_dags/example_latest_only_with_trigger.py
[2024-12-01T02:29:35.271+0000] {processor.py:914} INFO - Processing file /home/airflow/.local/lib/python3.12/site-packages/airflow/example_dags/example_latest_only_with_trigger.py for tasks to queue
[2024-12-01T02:29:35.274+0000] {logging_mixin.py:190} INFO - [2024-12-01T02:29:35.273+0000] {dagbag.py:588} INFO - Filling up the DagBag from /home/airflow/.local/lib/python3.12/site-packages/airflow/example_dags/example_latest_only_with_trigger.py
[2024-12-01T02:29:35.280+0000] {processor.py:925} INFO - DAG(s) 'latest_only_with_trigger' retrieved from /home/airflow/.local/lib/python3.12/site-packages/airflow/example_dags/example_latest_only_with_trigger.py
[2024-12-01T02:29:35.299+0000] {logging_mixin.py:190} INFO - [2024-12-01T02:29:35.299+0000] {dag.py:3239} INFO - Sync 1 DAGs
[2024-12-01T02:29:35.320+0000] {logging_mixin.py:190} INFO - [2024-12-01T02:29:35.320+0000] {dag.py:4180} INFO - Setting next_dagrun for latest_only_with_trigger to 2024-11-30 20:00:00+00:00, run_after=2024-12-01 00:00:00+00:00
[2024-12-01T02:29:35.337+0000] {processor.py:208} INFO - Processing /home/airflow/.local/lib/python3.12/site-packages/airflow/example_dags/example_latest_only_with_trigger.py took 0.072 seconds
[2024-12-01T02:30:06.571+0000] {processor.py:186} INFO - Started process (PID=53020) to work on /home/airflow/.local/lib/python3.12/site-packages/airflow/example_dags/example_latest_only_with_trigger.py
[2024-12-01T02:30:06.572+0000] {processor.py:914} INFO - Processing file /home/airflow/.local/lib/python3.12/site-packages/airflow/example_dags/example_latest_only_with_trigger.py for tasks to queue
[2024-12-01T02:30:06.575+0000] {logging_mixin.py:190} INFO - [2024-12-01T02:30:06.574+0000] {dagbag.py:588} INFO - Filling up the DagBag from /home/airflow/.local/lib/python3.12/site-packages/airflow/example_dags/example_latest_only_with_trigger.py
[2024-12-01T02:30:06.582+0000] {processor.py:925} INFO - DAG(s) 'latest_only_with_trigger' retrieved from /home/airflow/.local/lib/python3.12/site-packages/airflow/example_dags/example_latest_only_with_trigger.py
[2024-12-01T02:30:06.600+0000] {logging_mixin.py:190} INFO - [2024-12-01T02:30:06.600+0000] {dag.py:3239} INFO - Sync 1 DAGs
[2024-12-01T02:30:06.620+0000] {logging_mixin.py:190} INFO - [2024-12-01T02:30:06.620+0000] {dag.py:4180} INFO - Setting next_dagrun for latest_only_with_trigger to 2024-11-30 20:00:00+00:00, run_after=2024-12-01 00:00:00+00:00
[2024-12-01T02:30:06.637+0000] {processor.py:208} INFO - Processing /home/airflow/.local/lib/python3.12/site-packages/airflow/example_dags/example_latest_only_with_trigger.py took 0.071 seconds
[2024-12-01T02:30:37.436+0000] {processor.py:186} INFO - Started process (PID=53086) to work on /home/airflow/.local/lib/python3.12/site-packages/airflow/example_dags/example_latest_only_with_trigger.py
[2024-12-01T02:30:37.437+0000] {processor.py:914} INFO - Processing file /home/airflow/.local/lib/python3.12/site-packages/airflow/example_dags/example_latest_only_with_trigger.py for tasks to queue
[2024-12-01T02:30:37.439+0000] {logging_mixin.py:190} INFO - [2024-12-01T02:30:37.439+0000] {dagbag.py:588} INFO - Filling up the DagBag from /home/airflow/.local/lib/python3.12/site-packages/airflow/example_dags/example_latest_only_with_trigger.py
[2024-12-01T02:30:37.446+0000] {processor.py:925} INFO - DAG(s) 'latest_only_with_trigger' retrieved from /home/airflow/.local/lib/python3.12/site-packages/airflow/example_dags/example_latest_only_with_trigger.py
[2024-12-01T02:30:37.465+0000] {logging_mixin.py:190} INFO - [2024-12-01T02:30:37.465+0000] {dag.py:3239} INFO - Sync 1 DAGs
[2024-12-01T02:30:37.485+0000] {logging_mixin.py:190} INFO - [2024-12-01T02:30:37.485+0000] {dag.py:4180} INFO - Setting next_dagrun for latest_only_with_trigger to 2024-11-30 20:00:00+00:00, run_after=2024-12-01 00:00:00+00:00
[2024-12-01T02:30:37.502+0000] {processor.py:208} INFO - Processing /home/airflow/.local/lib/python3.12/site-packages/airflow/example_dags/example_latest_only_with_trigger.py took 0.071 seconds
[2024-12-01T02:31:07.832+0000] {processor.py:186} INFO - Started process (PID=53152) to work on /home/airflow/.local/lib/python3.12/site-packages/airflow/example_dags/example_latest_only_with_trigger.py
[2024-12-01T02:31:07.833+0000] {processor.py:914} INFO - Processing file /home/airflow/.local/lib/python3.12/site-packages/airflow/example_dags/example_latest_only_with_trigger.py for tasks to queue
[2024-12-01T02:31:07.836+0000] {logging_mixin.py:190} INFO - [2024-12-01T02:31:07.836+0000] {dagbag.py:588} INFO - Filling up the DagBag from /home/airflow/.local/lib/python3.12/site-packages/airflow/example_dags/example_latest_only_with_trigger.py
[2024-12-01T02:31:07.842+0000] {processor.py:925} INFO - DAG(s) 'latest_only_with_trigger' retrieved from /home/airflow/.local/lib/python3.12/site-packages/airflow/example_dags/example_latest_only_with_trigger.py
[2024-12-01T02:31:07.861+0000] {logging_mixin.py:190} INFO - [2024-12-01T02:31:07.861+0000] {dag.py:3239} INFO - Sync 1 DAGs
[2024-12-01T02:31:07.881+0000] {logging_mixin.py:190} INFO - [2024-12-01T02:31:07.881+0000] {dag.py:4180} INFO - Setting next_dagrun for latest_only_with_trigger to 2024-11-30 20:00:00+00:00, run_after=2024-12-01 00:00:00+00:00
[2024-12-01T02:31:07.898+0000] {processor.py:208} INFO - Processing /home/airflow/.local/lib/python3.12/site-packages/airflow/example_dags/example_latest_only_with_trigger.py took 0.071 seconds
[2024-12-01T02:31:39.258+0000] {processor.py:186} INFO - Started process (PID=53218) to work on /home/airflow/.local/lib/python3.12/site-packages/airflow/example_dags/example_latest_only_with_trigger.py
[2024-12-01T02:31:39.259+0000] {processor.py:914} INFO - Processing file /home/airflow/.local/lib/python3.12/site-packages/airflow/example_dags/example_latest_only_with_trigger.py for tasks to queue
[2024-12-01T02:31:39.261+0000] {logging_mixin.py:190} INFO - [2024-12-01T02:31:39.260+0000] {dagbag.py:588} INFO - Filling up the DagBag from /home/airflow/.local/lib/python3.12/site-packages/airflow/example_dags/example_latest_only_with_trigger.py
[2024-12-01T02:31:39.268+0000] {processor.py:925} INFO - DAG(s) 'latest_only_with_trigger' retrieved from /home/airflow/.local/lib/python3.12/site-packages/airflow/example_dags/example_latest_only_with_trigger.py
[2024-12-01T02:31:39.286+0000] {logging_mixin.py:190} INFO - [2024-12-01T02:31:39.285+0000] {dag.py:3239} INFO - Sync 1 DAGs
[2024-12-01T02:31:39.305+0000] {logging_mixin.py:190} INFO - [2024-12-01T02:31:39.305+0000] {dag.py:4180} INFO - Setting next_dagrun for latest_only_with_trigger to 2024-11-30 20:00:00+00:00, run_after=2024-12-01 00:00:00+00:00
[2024-12-01T02:31:39.321+0000] {processor.py:208} INFO - Processing /home/airflow/.local/lib/python3.12/site-packages/airflow/example_dags/example_latest_only_with_trigger.py took 0.068 seconds
[2024-12-01T02:32:09.672+0000] {processor.py:186} INFO - Started process (PID=53284) to work on /home/airflow/.local/lib/python3.12/site-packages/airflow/example_dags/example_latest_only_with_trigger.py
[2024-12-01T02:32:09.673+0000] {processor.py:914} INFO - Processing file /home/airflow/.local/lib/python3.12/site-packages/airflow/example_dags/example_latest_only_with_trigger.py for tasks to queue
[2024-12-01T02:32:09.675+0000] {logging_mixin.py:190} INFO - [2024-12-01T02:32:09.675+0000] {dagbag.py:588} INFO - Filling up the DagBag from /home/airflow/.local/lib/python3.12/site-packages/airflow/example_dags/example_latest_only_with_trigger.py
[2024-12-01T02:32:09.682+0000] {processor.py:925} INFO - DAG(s) 'latest_only_with_trigger' retrieved from /home/airflow/.local/lib/python3.12/site-packages/airflow/example_dags/example_latest_only_with_trigger.py
[2024-12-01T02:32:09.702+0000] {logging_mixin.py:190} INFO - [2024-12-01T02:32:09.702+0000] {dag.py:3239} INFO - Sync 1 DAGs
[2024-12-01T02:32:09.730+0000] {logging_mixin.py:190} INFO - [2024-12-01T02:32:09.730+0000] {dag.py:4180} INFO - Setting next_dagrun for latest_only_with_trigger to 2024-11-30 20:00:00+00:00, run_after=2024-12-01 00:00:00+00:00
[2024-12-01T02:32:09.750+0000] {processor.py:208} INFO - Processing /home/airflow/.local/lib/python3.12/site-packages/airflow/example_dags/example_latest_only_with_trigger.py took 0.084 seconds
[2024-12-01T02:32:41.334+0000] {processor.py:186} INFO - Started process (PID=53350) to work on /home/airflow/.local/lib/python3.12/site-packages/airflow/example_dags/example_latest_only_with_trigger.py
[2024-12-01T02:32:41.335+0000] {processor.py:914} INFO - Processing file /home/airflow/.local/lib/python3.12/site-packages/airflow/example_dags/example_latest_only_with_trigger.py for tasks to queue
[2024-12-01T02:32:41.337+0000] {logging_mixin.py:190} INFO - [2024-12-01T02:32:41.337+0000] {dagbag.py:588} INFO - Filling up the DagBag from /home/airflow/.local/lib/python3.12/site-packages/airflow/example_dags/example_latest_only_with_trigger.py
[2024-12-01T02:32:41.346+0000] {processor.py:925} INFO - DAG(s) 'latest_only_with_trigger' retrieved from /home/airflow/.local/lib/python3.12/site-packages/airflow/example_dags/example_latest_only_with_trigger.py
[2024-12-01T02:32:41.364+0000] {logging_mixin.py:190} INFO - [2024-12-01T02:32:41.364+0000] {dag.py:3239} INFO - Sync 1 DAGs
[2024-12-01T02:32:41.385+0000] {logging_mixin.py:190} INFO - [2024-12-01T02:32:41.385+0000] {dag.py:4180} INFO - Setting next_dagrun for latest_only_with_trigger to 2024-11-30 20:00:00+00:00, run_after=2024-12-01 00:00:00+00:00
[2024-12-01T02:32:41.411+0000] {processor.py:208} INFO - Processing /home/airflow/.local/lib/python3.12/site-packages/airflow/example_dags/example_latest_only_with_trigger.py took 0.082 seconds
[2024-12-01T02:33:11.842+0000] {processor.py:186} INFO - Started process (PID=53416) to work on /home/airflow/.local/lib/python3.12/site-packages/airflow/example_dags/example_latest_only_with_trigger.py
[2024-12-01T02:33:11.843+0000] {processor.py:914} INFO - Processing file /home/airflow/.local/lib/python3.12/site-packages/airflow/example_dags/example_latest_only_with_trigger.py for tasks to queue
[2024-12-01T02:33:11.845+0000] {logging_mixin.py:190} INFO - [2024-12-01T02:33:11.845+0000] {dagbag.py:588} INFO - Filling up the DagBag from /home/airflow/.local/lib/python3.12/site-packages/airflow/example_dags/example_latest_only_with_trigger.py
[2024-12-01T02:33:11.852+0000] {processor.py:925} INFO - DAG(s) 'latest_only_with_trigger' retrieved from /home/airflow/.local/lib/python3.12/site-packages/airflow/example_dags/example_latest_only_with_trigger.py
[2024-12-01T02:33:11.870+0000] {logging_mixin.py:190} INFO - [2024-12-01T02:33:11.870+0000] {dag.py:3239} INFO - Sync 1 DAGs
[2024-12-01T02:33:11.902+0000] {logging_mixin.py:190} INFO - [2024-12-01T02:33:11.902+0000] {dag.py:4180} INFO - Setting next_dagrun for latest_only_with_trigger to 2024-11-30 20:00:00+00:00, run_after=2024-12-01 00:00:00+00:00
[2024-12-01T02:33:11.944+0000] {processor.py:208} INFO - Processing /home/airflow/.local/lib/python3.12/site-packages/airflow/example_dags/example_latest_only_with_trigger.py took 0.107 seconds
[2024-12-01T02:33:42.832+0000] {processor.py:186} INFO - Started process (PID=53482) to work on /home/airflow/.local/lib/python3.12/site-packages/airflow/example_dags/example_latest_only_with_trigger.py
[2024-12-01T02:33:42.833+0000] {processor.py:914} INFO - Processing file /home/airflow/.local/lib/python3.12/site-packages/airflow/example_dags/example_latest_only_with_trigger.py for tasks to queue
[2024-12-01T02:33:42.835+0000] {logging_mixin.py:190} INFO - [2024-12-01T02:33:42.835+0000] {dagbag.py:588} INFO - Filling up the DagBag from /home/airflow/.local/lib/python3.12/site-packages/airflow/example_dags/example_latest_only_with_trigger.py
[2024-12-01T02:33:42.842+0000] {processor.py:925} INFO - DAG(s) 'latest_only_with_trigger' retrieved from /home/airflow/.local/lib/python3.12/site-packages/airflow/example_dags/example_latest_only_with_trigger.py
[2024-12-01T02:33:42.862+0000] {logging_mixin.py:190} INFO - [2024-12-01T02:33:42.862+0000] {dag.py:3239} INFO - Sync 1 DAGs
[2024-12-01T02:33:42.883+0000] {logging_mixin.py:190} INFO - [2024-12-01T02:33:42.883+0000] {dag.py:4180} INFO - Setting next_dagrun for latest_only_with_trigger to 2024-11-30 20:00:00+00:00, run_after=2024-12-01 00:00:00+00:00
[2024-12-01T02:33:42.902+0000] {processor.py:208} INFO - Processing /home/airflow/.local/lib/python3.12/site-packages/airflow/example_dags/example_latest_only_with_trigger.py took 0.075 seconds
[2024-12-01T02:34:13.255+0000] {processor.py:186} INFO - Started process (PID=53548) to work on /home/airflow/.local/lib/python3.12/site-packages/airflow/example_dags/example_latest_only_with_trigger.py
[2024-12-01T02:34:13.255+0000] {processor.py:914} INFO - Processing file /home/airflow/.local/lib/python3.12/site-packages/airflow/example_dags/example_latest_only_with_trigger.py for tasks to queue
[2024-12-01T02:34:13.258+0000] {logging_mixin.py:190} INFO - [2024-12-01T02:34:13.257+0000] {dagbag.py:588} INFO - Filling up the DagBag from /home/airflow/.local/lib/python3.12/site-packages/airflow/example_dags/example_latest_only_with_trigger.py
[2024-12-01T02:34:13.269+0000] {processor.py:925} INFO - DAG(s) 'latest_only_with_trigger' retrieved from /home/airflow/.local/lib/python3.12/site-packages/airflow/example_dags/example_latest_only_with_trigger.py
[2024-12-01T02:34:13.312+0000] {logging_mixin.py:190} INFO - [2024-12-01T02:34:13.311+0000] {dag.py:3239} INFO - Sync 1 DAGs
[2024-12-01T02:34:13.368+0000] {logging_mixin.py:190} INFO - [2024-12-01T02:34:13.368+0000] {dag.py:4180} INFO - Setting next_dagrun for latest_only_with_trigger to 2024-11-30 20:00:00+00:00, run_after=2024-12-01 00:00:00+00:00
[2024-12-01T02:34:13.420+0000] {processor.py:208} INFO - Processing /home/airflow/.local/lib/python3.12/site-packages/airflow/example_dags/example_latest_only_with_trigger.py took 0.172 seconds
