[2024-12-01T02:11:01.378+0000] {processor.py:186} INFO - Started process (PID=50550) to work on /home/airflow/.local/lib/python3.12/site-packages/airflow/example_dags/example_sensor_decorator.py
[2024-12-01T02:11:01.379+0000] {processor.py:914} INFO - Processing file /home/airflow/.local/lib/python3.12/site-packages/airflow/example_dags/example_sensor_decorator.py for tasks to queue
[2024-12-01T02:11:01.382+0000] {logging_mixin.py:190} INFO - [2024-12-01T02:11:01.381+0000] {dagbag.py:588} INFO - Filling up the DagBag from /home/airflow/.local/lib/python3.12/site-packages/airflow/example_dags/example_sensor_decorator.py
[2024-12-01T02:11:01.392+0000] {processor.py:925} INFO - DAG(s) 'example_sensor_decorator' retrieved from /home/airflow/.local/lib/python3.12/site-packages/airflow/example_dags/example_sensor_decorator.py
[2024-12-01T02:11:01.416+0000] {logging_mixin.py:190} INFO - [2024-12-01T02:11:01.416+0000] {dag.py:3239} INFO - Sync 1 DAGs
[2024-12-01T02:11:01.436+0000] {logging_mixin.py:190} INFO - [2024-12-01T02:11:01.436+0000] {dag.py:4180} INFO - Setting next_dagrun for example_sensor_decorator to None, run_after=None
[2024-12-01T02:11:01.462+0000] {processor.py:208} INFO - Processing /home/airflow/.local/lib/python3.12/site-packages/airflow/example_dags/example_sensor_decorator.py took 0.090 seconds
[2024-12-01T02:11:32.010+0000] {processor.py:186} INFO - Started process (PID=50617) to work on /home/airflow/.local/lib/python3.12/site-packages/airflow/example_dags/example_sensor_decorator.py
[2024-12-01T02:11:32.011+0000] {processor.py:914} INFO - Processing file /home/airflow/.local/lib/python3.12/site-packages/airflow/example_dags/example_sensor_decorator.py for tasks to queue
[2024-12-01T02:11:32.014+0000] {logging_mixin.py:190} INFO - [2024-12-01T02:11:32.013+0000] {dagbag.py:588} INFO - Filling up the DagBag from /home/airflow/.local/lib/python3.12/site-packages/airflow/example_dags/example_sensor_decorator.py
[2024-12-01T02:11:32.024+0000] {processor.py:925} INFO - DAG(s) 'example_sensor_decorator' retrieved from /home/airflow/.local/lib/python3.12/site-packages/airflow/example_dags/example_sensor_decorator.py
[2024-12-01T02:11:32.044+0000] {logging_mixin.py:190} INFO - [2024-12-01T02:11:32.044+0000] {dag.py:3239} INFO - Sync 1 DAGs
[2024-12-01T02:11:32.058+0000] {logging_mixin.py:190} INFO - [2024-12-01T02:11:32.058+0000] {dag.py:4180} INFO - Setting next_dagrun for example_sensor_decorator to None, run_after=None
[2024-12-01T02:11:32.077+0000] {processor.py:208} INFO - Processing /home/airflow/.local/lib/python3.12/site-packages/airflow/example_dags/example_sensor_decorator.py took 0.073 seconds
[2024-12-01T02:12:02.654+0000] {processor.py:186} INFO - Started process (PID=50683) to work on /home/airflow/.local/lib/python3.12/site-packages/airflow/example_dags/example_sensor_decorator.py
[2024-12-01T02:12:02.655+0000] {processor.py:914} INFO - Processing file /home/airflow/.local/lib/python3.12/site-packages/airflow/example_dags/example_sensor_decorator.py for tasks to queue
[2024-12-01T02:12:02.657+0000] {logging_mixin.py:190} INFO - [2024-12-01T02:12:02.657+0000] {dagbag.py:588} INFO - Filling up the DagBag from /home/airflow/.local/lib/python3.12/site-packages/airflow/example_dags/example_sensor_decorator.py
[2024-12-01T02:12:02.665+0000] {processor.py:925} INFO - DAG(s) 'example_sensor_decorator' retrieved from /home/airflow/.local/lib/python3.12/site-packages/airflow/example_dags/example_sensor_decorator.py
[2024-12-01T02:12:02.684+0000] {logging_mixin.py:190} INFO - [2024-12-01T02:12:02.684+0000] {dag.py:3239} INFO - Sync 1 DAGs
[2024-12-01T02:12:02.700+0000] {logging_mixin.py:190} INFO - [2024-12-01T02:12:02.700+0000] {dag.py:4180} INFO - Setting next_dagrun for example_sensor_decorator to None, run_after=None
[2024-12-01T02:12:02.717+0000] {processor.py:208} INFO - Processing /home/airflow/.local/lib/python3.12/site-packages/airflow/example_dags/example_sensor_decorator.py took 0.068 seconds
[2024-12-01T02:12:33.463+0000] {processor.py:186} INFO - Started process (PID=50749) to work on /home/airflow/.local/lib/python3.12/site-packages/airflow/example_dags/example_sensor_decorator.py
[2024-12-01T02:12:33.464+0000] {processor.py:914} INFO - Processing file /home/airflow/.local/lib/python3.12/site-packages/airflow/example_dags/example_sensor_decorator.py for tasks to queue
[2024-12-01T02:12:33.466+0000] {logging_mixin.py:190} INFO - [2024-12-01T02:12:33.466+0000] {dagbag.py:588} INFO - Filling up the DagBag from /home/airflow/.local/lib/python3.12/site-packages/airflow/example_dags/example_sensor_decorator.py
[2024-12-01T02:12:33.474+0000] {processor.py:925} INFO - DAG(s) 'example_sensor_decorator' retrieved from /home/airflow/.local/lib/python3.12/site-packages/airflow/example_dags/example_sensor_decorator.py
[2024-12-01T02:12:33.492+0000] {logging_mixin.py:190} INFO - [2024-12-01T02:12:33.492+0000] {dag.py:3239} INFO - Sync 1 DAGs
[2024-12-01T02:12:33.505+0000] {logging_mixin.py:190} INFO - [2024-12-01T02:12:33.505+0000] {dag.py:4180} INFO - Setting next_dagrun for example_sensor_decorator to None, run_after=None
[2024-12-01T02:12:33.524+0000] {processor.py:208} INFO - Processing /home/airflow/.local/lib/python3.12/site-packages/airflow/example_dags/example_sensor_decorator.py took 0.067 seconds
[2024-12-01T02:13:04.426+0000] {processor.py:186} INFO - Started process (PID=50815) to work on /home/airflow/.local/lib/python3.12/site-packages/airflow/example_dags/example_sensor_decorator.py
[2024-12-01T02:13:04.427+0000] {processor.py:914} INFO - Processing file /home/airflow/.local/lib/python3.12/site-packages/airflow/example_dags/example_sensor_decorator.py for tasks to queue
[2024-12-01T02:13:04.429+0000] {logging_mixin.py:190} INFO - [2024-12-01T02:13:04.429+0000] {dagbag.py:588} INFO - Filling up the DagBag from /home/airflow/.local/lib/python3.12/site-packages/airflow/example_dags/example_sensor_decorator.py
[2024-12-01T02:13:04.437+0000] {processor.py:925} INFO - DAG(s) 'example_sensor_decorator' retrieved from /home/airflow/.local/lib/python3.12/site-packages/airflow/example_dags/example_sensor_decorator.py
[2024-12-01T02:13:04.454+0000] {logging_mixin.py:190} INFO - [2024-12-01T02:13:04.454+0000] {dag.py:3239} INFO - Sync 1 DAGs
[2024-12-01T02:13:04.467+0000] {logging_mixin.py:190} INFO - [2024-12-01T02:13:04.467+0000] {dag.py:4180} INFO - Setting next_dagrun for example_sensor_decorator to None, run_after=None
[2024-12-01T02:13:04.483+0000] {processor.py:208} INFO - Processing /home/airflow/.local/lib/python3.12/site-packages/airflow/example_dags/example_sensor_decorator.py took 0.062 seconds
[2024-12-01T02:13:34.890+0000] {processor.py:186} INFO - Started process (PID=50880) to work on /home/airflow/.local/lib/python3.12/site-packages/airflow/example_dags/example_sensor_decorator.py
[2024-12-01T02:13:34.891+0000] {processor.py:914} INFO - Processing file /home/airflow/.local/lib/python3.12/site-packages/airflow/example_dags/example_sensor_decorator.py for tasks to queue
[2024-12-01T02:13:34.893+0000] {logging_mixin.py:190} INFO - [2024-12-01T02:13:34.892+0000] {dagbag.py:588} INFO - Filling up the DagBag from /home/airflow/.local/lib/python3.12/site-packages/airflow/example_dags/example_sensor_decorator.py
[2024-12-01T02:13:34.900+0000] {processor.py:925} INFO - DAG(s) 'example_sensor_decorator' retrieved from /home/airflow/.local/lib/python3.12/site-packages/airflow/example_dags/example_sensor_decorator.py
[2024-12-01T02:13:34.924+0000] {logging_mixin.py:190} INFO - [2024-12-01T02:13:34.924+0000] {dag.py:3239} INFO - Sync 1 DAGs
[2024-12-01T02:13:34.940+0000] {logging_mixin.py:190} INFO - [2024-12-01T02:13:34.940+0000] {dag.py:4180} INFO - Setting next_dagrun for example_sensor_decorator to None, run_after=None
[2024-12-01T02:13:34.959+0000] {processor.py:208} INFO - Processing /home/airflow/.local/lib/python3.12/site-packages/airflow/example_dags/example_sensor_decorator.py took 0.074 seconds
[2024-12-01T02:14:05.708+0000] {processor.py:186} INFO - Started process (PID=50946) to work on /home/airflow/.local/lib/python3.12/site-packages/airflow/example_dags/example_sensor_decorator.py
[2024-12-01T02:14:05.709+0000] {processor.py:914} INFO - Processing file /home/airflow/.local/lib/python3.12/site-packages/airflow/example_dags/example_sensor_decorator.py for tasks to queue
[2024-12-01T02:14:05.711+0000] {logging_mixin.py:190} INFO - [2024-12-01T02:14:05.711+0000] {dagbag.py:588} INFO - Filling up the DagBag from /home/airflow/.local/lib/python3.12/site-packages/airflow/example_dags/example_sensor_decorator.py
[2024-12-01T02:14:05.718+0000] {processor.py:925} INFO - DAG(s) 'example_sensor_decorator' retrieved from /home/airflow/.local/lib/python3.12/site-packages/airflow/example_dags/example_sensor_decorator.py
[2024-12-01T02:14:05.735+0000] {logging_mixin.py:190} INFO - [2024-12-01T02:14:05.735+0000] {dag.py:3239} INFO - Sync 1 DAGs
[2024-12-01T02:14:05.747+0000] {logging_mixin.py:190} INFO - [2024-12-01T02:14:05.747+0000] {dag.py:4180} INFO - Setting next_dagrun for example_sensor_decorator to None, run_after=None
[2024-12-01T02:14:05.764+0000] {processor.py:208} INFO - Processing /home/airflow/.local/lib/python3.12/site-packages/airflow/example_dags/example_sensor_decorator.py took 0.061 seconds
[2024-12-01T02:14:37.048+0000] {processor.py:186} INFO - Started process (PID=51012) to work on /home/airflow/.local/lib/python3.12/site-packages/airflow/example_dags/example_sensor_decorator.py
[2024-12-01T02:14:37.049+0000] {processor.py:914} INFO - Processing file /home/airflow/.local/lib/python3.12/site-packages/airflow/example_dags/example_sensor_decorator.py for tasks to queue
[2024-12-01T02:14:37.051+0000] {logging_mixin.py:190} INFO - [2024-12-01T02:14:37.051+0000] {dagbag.py:588} INFO - Filling up the DagBag from /home/airflow/.local/lib/python3.12/site-packages/airflow/example_dags/example_sensor_decorator.py
[2024-12-01T02:14:37.059+0000] {processor.py:925} INFO - DAG(s) 'example_sensor_decorator' retrieved from /home/airflow/.local/lib/python3.12/site-packages/airflow/example_dags/example_sensor_decorator.py
[2024-12-01T02:14:37.076+0000] {logging_mixin.py:190} INFO - [2024-12-01T02:14:37.076+0000] {dag.py:3239} INFO - Sync 1 DAGs
[2024-12-01T02:14:37.090+0000] {logging_mixin.py:190} INFO - [2024-12-01T02:14:37.089+0000] {dag.py:4180} INFO - Setting next_dagrun for example_sensor_decorator to None, run_after=None
[2024-12-01T02:14:37.107+0000] {processor.py:208} INFO - Processing /home/airflow/.local/lib/python3.12/site-packages/airflow/example_dags/example_sensor_decorator.py took 0.064 seconds
[2024-12-01T02:15:07.911+0000] {processor.py:186} INFO - Started process (PID=51078) to work on /home/airflow/.local/lib/python3.12/site-packages/airflow/example_dags/example_sensor_decorator.py
[2024-12-01T02:15:07.912+0000] {processor.py:914} INFO - Processing file /home/airflow/.local/lib/python3.12/site-packages/airflow/example_dags/example_sensor_decorator.py for tasks to queue
[2024-12-01T02:15:07.914+0000] {logging_mixin.py:190} INFO - [2024-12-01T02:15:07.913+0000] {dagbag.py:588} INFO - Filling up the DagBag from /home/airflow/.local/lib/python3.12/site-packages/airflow/example_dags/example_sensor_decorator.py
[2024-12-01T02:15:07.921+0000] {processor.py:925} INFO - DAG(s) 'example_sensor_decorator' retrieved from /home/airflow/.local/lib/python3.12/site-packages/airflow/example_dags/example_sensor_decorator.py
[2024-12-01T02:15:07.940+0000] {logging_mixin.py:190} INFO - [2024-12-01T02:15:07.939+0000] {dag.py:3239} INFO - Sync 1 DAGs
[2024-12-01T02:15:07.954+0000] {logging_mixin.py:190} INFO - [2024-12-01T02:15:07.953+0000] {dag.py:4180} INFO - Setting next_dagrun for example_sensor_decorator to None, run_after=None
[2024-12-01T02:15:07.969+0000] {processor.py:208} INFO - Processing /home/airflow/.local/lib/python3.12/site-packages/airflow/example_dags/example_sensor_decorator.py took 0.064 seconds
[2024-12-01T02:15:38.627+0000] {processor.py:186} INFO - Started process (PID=51144) to work on /home/airflow/.local/lib/python3.12/site-packages/airflow/example_dags/example_sensor_decorator.py
[2024-12-01T02:15:38.628+0000] {processor.py:914} INFO - Processing file /home/airflow/.local/lib/python3.12/site-packages/airflow/example_dags/example_sensor_decorator.py for tasks to queue
[2024-12-01T02:15:38.630+0000] {logging_mixin.py:190} INFO - [2024-12-01T02:15:38.629+0000] {dagbag.py:588} INFO - Filling up the DagBag from /home/airflow/.local/lib/python3.12/site-packages/airflow/example_dags/example_sensor_decorator.py
[2024-12-01T02:15:38.637+0000] {processor.py:925} INFO - DAG(s) 'example_sensor_decorator' retrieved from /home/airflow/.local/lib/python3.12/site-packages/airflow/example_dags/example_sensor_decorator.py
[2024-12-01T02:15:38.654+0000] {logging_mixin.py:190} INFO - [2024-12-01T02:15:38.654+0000] {dag.py:3239} INFO - Sync 1 DAGs
[2024-12-01T02:15:38.667+0000] {logging_mixin.py:190} INFO - [2024-12-01T02:15:38.667+0000] {dag.py:4180} INFO - Setting next_dagrun for example_sensor_decorator to None, run_after=None
[2024-12-01T02:15:38.682+0000] {processor.py:208} INFO - Processing /home/airflow/.local/lib/python3.12/site-packages/airflow/example_dags/example_sensor_decorator.py took 0.061 seconds
[2024-12-01T02:16:09.301+0000] {processor.py:186} INFO - Started process (PID=51210) to work on /home/airflow/.local/lib/python3.12/site-packages/airflow/example_dags/example_sensor_decorator.py
[2024-12-01T02:16:09.302+0000] {processor.py:914} INFO - Processing file /home/airflow/.local/lib/python3.12/site-packages/airflow/example_dags/example_sensor_decorator.py for tasks to queue
[2024-12-01T02:16:09.304+0000] {logging_mixin.py:190} INFO - [2024-12-01T02:16:09.304+0000] {dagbag.py:588} INFO - Filling up the DagBag from /home/airflow/.local/lib/python3.12/site-packages/airflow/example_dags/example_sensor_decorator.py
[2024-12-01T02:16:09.312+0000] {processor.py:925} INFO - DAG(s) 'example_sensor_decorator' retrieved from /home/airflow/.local/lib/python3.12/site-packages/airflow/example_dags/example_sensor_decorator.py
[2024-12-01T02:16:09.329+0000] {logging_mixin.py:190} INFO - [2024-12-01T02:16:09.329+0000] {dag.py:3239} INFO - Sync 1 DAGs
[2024-12-01T02:16:09.343+0000] {logging_mixin.py:190} INFO - [2024-12-01T02:16:09.343+0000] {dag.py:4180} INFO - Setting next_dagrun for example_sensor_decorator to None, run_after=None
[2024-12-01T02:16:09.359+0000] {processor.py:208} INFO - Processing /home/airflow/.local/lib/python3.12/site-packages/airflow/example_dags/example_sensor_decorator.py took 0.063 seconds
[2024-12-01T02:16:40.552+0000] {processor.py:186} INFO - Started process (PID=51276) to work on /home/airflow/.local/lib/python3.12/site-packages/airflow/example_dags/example_sensor_decorator.py
[2024-12-01T02:16:40.553+0000] {processor.py:914} INFO - Processing file /home/airflow/.local/lib/python3.12/site-packages/airflow/example_dags/example_sensor_decorator.py for tasks to queue
[2024-12-01T02:16:40.556+0000] {logging_mixin.py:190} INFO - [2024-12-01T02:16:40.556+0000] {dagbag.py:588} INFO - Filling up the DagBag from /home/airflow/.local/lib/python3.12/site-packages/airflow/example_dags/example_sensor_decorator.py
[2024-12-01T02:16:40.564+0000] {processor.py:925} INFO - DAG(s) 'example_sensor_decorator' retrieved from /home/airflow/.local/lib/python3.12/site-packages/airflow/example_dags/example_sensor_decorator.py
[2024-12-01T02:16:40.580+0000] {logging_mixin.py:190} INFO - [2024-12-01T02:16:40.580+0000] {dag.py:3239} INFO - Sync 1 DAGs
[2024-12-01T02:16:40.593+0000] {logging_mixin.py:190} INFO - [2024-12-01T02:16:40.593+0000] {dag.py:4180} INFO - Setting next_dagrun for example_sensor_decorator to None, run_after=None
[2024-12-01T02:16:40.608+0000] {processor.py:208} INFO - Processing /home/airflow/.local/lib/python3.12/site-packages/airflow/example_dags/example_sensor_decorator.py took 0.064 seconds
[2024-12-01T02:17:11.555+0000] {processor.py:186} INFO - Started process (PID=51342) to work on /home/airflow/.local/lib/python3.12/site-packages/airflow/example_dags/example_sensor_decorator.py
[2024-12-01T02:17:11.556+0000] {processor.py:914} INFO - Processing file /home/airflow/.local/lib/python3.12/site-packages/airflow/example_dags/example_sensor_decorator.py for tasks to queue
[2024-12-01T02:17:11.558+0000] {logging_mixin.py:190} INFO - [2024-12-01T02:17:11.558+0000] {dagbag.py:588} INFO - Filling up the DagBag from /home/airflow/.local/lib/python3.12/site-packages/airflow/example_dags/example_sensor_decorator.py
[2024-12-01T02:17:11.565+0000] {processor.py:925} INFO - DAG(s) 'example_sensor_decorator' retrieved from /home/airflow/.local/lib/python3.12/site-packages/airflow/example_dags/example_sensor_decorator.py
[2024-12-01T02:17:11.584+0000] {logging_mixin.py:190} INFO - [2024-12-01T02:17:11.583+0000] {dag.py:3239} INFO - Sync 1 DAGs
[2024-12-01T02:17:11.598+0000] {logging_mixin.py:190} INFO - [2024-12-01T02:17:11.597+0000] {dag.py:4180} INFO - Setting next_dagrun for example_sensor_decorator to None, run_after=None
[2024-12-01T02:17:11.616+0000] {processor.py:208} INFO - Processing /home/airflow/.local/lib/python3.12/site-packages/airflow/example_dags/example_sensor_decorator.py took 0.068 seconds
[2024-12-01T02:17:42.513+0000] {processor.py:186} INFO - Started process (PID=51408) to work on /home/airflow/.local/lib/python3.12/site-packages/airflow/example_dags/example_sensor_decorator.py
[2024-12-01T02:17:42.513+0000] {processor.py:914} INFO - Processing file /home/airflow/.local/lib/python3.12/site-packages/airflow/example_dags/example_sensor_decorator.py for tasks to queue
[2024-12-01T02:17:42.516+0000] {logging_mixin.py:190} INFO - [2024-12-01T02:17:42.515+0000] {dagbag.py:588} INFO - Filling up the DagBag from /home/airflow/.local/lib/python3.12/site-packages/airflow/example_dags/example_sensor_decorator.py
[2024-12-01T02:17:42.523+0000] {processor.py:925} INFO - DAG(s) 'example_sensor_decorator' retrieved from /home/airflow/.local/lib/python3.12/site-packages/airflow/example_dags/example_sensor_decorator.py
[2024-12-01T02:17:42.555+0000] {logging_mixin.py:190} INFO - [2024-12-01T02:17:42.555+0000] {dag.py:3239} INFO - Sync 1 DAGs
[2024-12-01T02:17:42.596+0000] {logging_mixin.py:190} INFO - [2024-12-01T02:17:42.595+0000] {dag.py:4180} INFO - Setting next_dagrun for example_sensor_decorator to None, run_after=None
[2024-12-01T02:17:42.636+0000] {processor.py:208} INFO - Processing /home/airflow/.local/lib/python3.12/site-packages/airflow/example_dags/example_sensor_decorator.py took 0.129 seconds
[2024-12-01T02:18:13.641+0000] {processor.py:186} INFO - Started process (PID=51474) to work on /home/airflow/.local/lib/python3.12/site-packages/airflow/example_dags/example_sensor_decorator.py
[2024-12-01T02:18:13.642+0000] {processor.py:914} INFO - Processing file /home/airflow/.local/lib/python3.12/site-packages/airflow/example_dags/example_sensor_decorator.py for tasks to queue
[2024-12-01T02:18:13.645+0000] {logging_mixin.py:190} INFO - [2024-12-01T02:18:13.644+0000] {dagbag.py:588} INFO - Filling up the DagBag from /home/airflow/.local/lib/python3.12/site-packages/airflow/example_dags/example_sensor_decorator.py
[2024-12-01T02:18:13.652+0000] {processor.py:925} INFO - DAG(s) 'example_sensor_decorator' retrieved from /home/airflow/.local/lib/python3.12/site-packages/airflow/example_dags/example_sensor_decorator.py
[2024-12-01T02:18:13.669+0000] {logging_mixin.py:190} INFO - [2024-12-01T02:18:13.668+0000] {dag.py:3239} INFO - Sync 1 DAGs
[2024-12-01T02:18:13.683+0000] {logging_mixin.py:190} INFO - [2024-12-01T02:18:13.683+0000] {dag.py:4180} INFO - Setting next_dagrun for example_sensor_decorator to None, run_after=None
[2024-12-01T02:18:13.702+0000] {processor.py:208} INFO - Processing /home/airflow/.local/lib/python3.12/site-packages/airflow/example_dags/example_sensor_decorator.py took 0.066 seconds
[2024-12-01T02:18:44.301+0000] {processor.py:186} INFO - Started process (PID=51540) to work on /home/airflow/.local/lib/python3.12/site-packages/airflow/example_dags/example_sensor_decorator.py
[2024-12-01T02:18:44.302+0000] {processor.py:914} INFO - Processing file /home/airflow/.local/lib/python3.12/site-packages/airflow/example_dags/example_sensor_decorator.py for tasks to queue
[2024-12-01T02:18:44.304+0000] {logging_mixin.py:190} INFO - [2024-12-01T02:18:44.303+0000] {dagbag.py:588} INFO - Filling up the DagBag from /home/airflow/.local/lib/python3.12/site-packages/airflow/example_dags/example_sensor_decorator.py
[2024-12-01T02:18:44.311+0000] {processor.py:925} INFO - DAG(s) 'example_sensor_decorator' retrieved from /home/airflow/.local/lib/python3.12/site-packages/airflow/example_dags/example_sensor_decorator.py
[2024-12-01T02:18:44.328+0000] {logging_mixin.py:190} INFO - [2024-12-01T02:18:44.328+0000] {dag.py:3239} INFO - Sync 1 DAGs
[2024-12-01T02:18:44.341+0000] {logging_mixin.py:190} INFO - [2024-12-01T02:18:44.341+0000] {dag.py:4180} INFO - Setting next_dagrun for example_sensor_decorator to None, run_after=None
[2024-12-01T02:18:44.359+0000] {processor.py:208} INFO - Processing /home/airflow/.local/lib/python3.12/site-packages/airflow/example_dags/example_sensor_decorator.py took 0.064 seconds
[2024-12-01T02:19:15.404+0000] {processor.py:186} INFO - Started process (PID=51607) to work on /home/airflow/.local/lib/python3.12/site-packages/airflow/example_dags/example_sensor_decorator.py
[2024-12-01T02:19:15.404+0000] {processor.py:914} INFO - Processing file /home/airflow/.local/lib/python3.12/site-packages/airflow/example_dags/example_sensor_decorator.py for tasks to queue
[2024-12-01T02:19:15.407+0000] {logging_mixin.py:190} INFO - [2024-12-01T02:19:15.406+0000] {dagbag.py:588} INFO - Filling up the DagBag from /home/airflow/.local/lib/python3.12/site-packages/airflow/example_dags/example_sensor_decorator.py
[2024-12-01T02:19:15.414+0000] {processor.py:925} INFO - DAG(s) 'example_sensor_decorator' retrieved from /home/airflow/.local/lib/python3.12/site-packages/airflow/example_dags/example_sensor_decorator.py
[2024-12-01T02:19:15.431+0000] {logging_mixin.py:190} INFO - [2024-12-01T02:19:15.431+0000] {dag.py:3239} INFO - Sync 1 DAGs
[2024-12-01T02:19:15.447+0000] {logging_mixin.py:190} INFO - [2024-12-01T02:19:15.447+0000] {dag.py:4180} INFO - Setting next_dagrun for example_sensor_decorator to None, run_after=None
[2024-12-01T02:19:15.463+0000] {processor.py:208} INFO - Processing /home/airflow/.local/lib/python3.12/site-packages/airflow/example_dags/example_sensor_decorator.py took 0.065 seconds
[2024-12-01T02:19:46.496+0000] {processor.py:186} INFO - Started process (PID=51673) to work on /home/airflow/.local/lib/python3.12/site-packages/airflow/example_dags/example_sensor_decorator.py
[2024-12-01T02:19:46.497+0000] {processor.py:914} INFO - Processing file /home/airflow/.local/lib/python3.12/site-packages/airflow/example_dags/example_sensor_decorator.py for tasks to queue
[2024-12-01T02:19:46.499+0000] {logging_mixin.py:190} INFO - [2024-12-01T02:19:46.499+0000] {dagbag.py:588} INFO - Filling up the DagBag from /home/airflow/.local/lib/python3.12/site-packages/airflow/example_dags/example_sensor_decorator.py
[2024-12-01T02:19:46.506+0000] {processor.py:925} INFO - DAG(s) 'example_sensor_decorator' retrieved from /home/airflow/.local/lib/python3.12/site-packages/airflow/example_dags/example_sensor_decorator.py
[2024-12-01T02:19:46.523+0000] {logging_mixin.py:190} INFO - [2024-12-01T02:19:46.523+0000] {dag.py:3239} INFO - Sync 1 DAGs
[2024-12-01T02:19:46.536+0000] {logging_mixin.py:190} INFO - [2024-12-01T02:19:46.536+0000] {dag.py:4180} INFO - Setting next_dagrun for example_sensor_decorator to None, run_after=None
[2024-12-01T02:19:46.552+0000] {processor.py:208} INFO - Processing /home/airflow/.local/lib/python3.12/site-packages/airflow/example_dags/example_sensor_decorator.py took 0.062 seconds
[2024-12-01T02:20:17.546+0000] {processor.py:186} INFO - Started process (PID=51739) to work on /home/airflow/.local/lib/python3.12/site-packages/airflow/example_dags/example_sensor_decorator.py
[2024-12-01T02:20:17.547+0000] {processor.py:914} INFO - Processing file /home/airflow/.local/lib/python3.12/site-packages/airflow/example_dags/example_sensor_decorator.py for tasks to queue
[2024-12-01T02:20:17.550+0000] {logging_mixin.py:190} INFO - [2024-12-01T02:20:17.549+0000] {dagbag.py:588} INFO - Filling up the DagBag from /home/airflow/.local/lib/python3.12/site-packages/airflow/example_dags/example_sensor_decorator.py
[2024-12-01T02:20:17.557+0000] {processor.py:925} INFO - DAG(s) 'example_sensor_decorator' retrieved from /home/airflow/.local/lib/python3.12/site-packages/airflow/example_dags/example_sensor_decorator.py
[2024-12-01T02:20:17.574+0000] {logging_mixin.py:190} INFO - [2024-12-01T02:20:17.574+0000] {dag.py:3239} INFO - Sync 1 DAGs
[2024-12-01T02:20:17.587+0000] {logging_mixin.py:190} INFO - [2024-12-01T02:20:17.587+0000] {dag.py:4180} INFO - Setting next_dagrun for example_sensor_decorator to None, run_after=None
[2024-12-01T02:20:17.605+0000] {processor.py:208} INFO - Processing /home/airflow/.local/lib/python3.12/site-packages/airflow/example_dags/example_sensor_decorator.py took 0.064 seconds
[2024-12-01T02:20:48.976+0000] {processor.py:186} INFO - Started process (PID=51805) to work on /home/airflow/.local/lib/python3.12/site-packages/airflow/example_dags/example_sensor_decorator.py
[2024-12-01T02:20:48.977+0000] {processor.py:914} INFO - Processing file /home/airflow/.local/lib/python3.12/site-packages/airflow/example_dags/example_sensor_decorator.py for tasks to queue
[2024-12-01T02:20:48.979+0000] {logging_mixin.py:190} INFO - [2024-12-01T02:20:48.979+0000] {dagbag.py:588} INFO - Filling up the DagBag from /home/airflow/.local/lib/python3.12/site-packages/airflow/example_dags/example_sensor_decorator.py
[2024-12-01T02:20:48.987+0000] {processor.py:925} INFO - DAG(s) 'example_sensor_decorator' retrieved from /home/airflow/.local/lib/python3.12/site-packages/airflow/example_dags/example_sensor_decorator.py
[2024-12-01T02:20:49.003+0000] {logging_mixin.py:190} INFO - [2024-12-01T02:20:49.003+0000] {dag.py:3239} INFO - Sync 1 DAGs
[2024-12-01T02:20:49.017+0000] {logging_mixin.py:190} INFO - [2024-12-01T02:20:49.017+0000] {dag.py:4180} INFO - Setting next_dagrun for example_sensor_decorator to None, run_after=None
[2024-12-01T02:20:49.034+0000] {processor.py:208} INFO - Processing /home/airflow/.local/lib/python3.12/site-packages/airflow/example_dags/example_sensor_decorator.py took 0.063 seconds
[2024-12-01T02:21:20.640+0000] {processor.py:186} INFO - Started process (PID=51871) to work on /home/airflow/.local/lib/python3.12/site-packages/airflow/example_dags/example_sensor_decorator.py
[2024-12-01T02:21:20.641+0000] {processor.py:914} INFO - Processing file /home/airflow/.local/lib/python3.12/site-packages/airflow/example_dags/example_sensor_decorator.py for tasks to queue
[2024-12-01T02:21:20.643+0000] {logging_mixin.py:190} INFO - [2024-12-01T02:21:20.643+0000] {dagbag.py:588} INFO - Filling up the DagBag from /home/airflow/.local/lib/python3.12/site-packages/airflow/example_dags/example_sensor_decorator.py
[2024-12-01T02:21:20.651+0000] {processor.py:925} INFO - DAG(s) 'example_sensor_decorator' retrieved from /home/airflow/.local/lib/python3.12/site-packages/airflow/example_dags/example_sensor_decorator.py
[2024-12-01T02:21:20.668+0000] {logging_mixin.py:190} INFO - [2024-12-01T02:21:20.668+0000] {dag.py:3239} INFO - Sync 1 DAGs
[2024-12-01T02:21:20.822+0000] {logging_mixin.py:190} INFO - [2024-12-01T02:21:20.822+0000] {dag.py:4180} INFO - Setting next_dagrun for example_sensor_decorator to None, run_after=None
[2024-12-01T02:21:20.840+0000] {processor.py:208} INFO - Processing /home/airflow/.local/lib/python3.12/site-packages/airflow/example_dags/example_sensor_decorator.py took 0.206 seconds
[2024-12-01T02:21:51.555+0000] {processor.py:186} INFO - Started process (PID=51937) to work on /home/airflow/.local/lib/python3.12/site-packages/airflow/example_dags/example_sensor_decorator.py
[2024-12-01T02:21:51.557+0000] {processor.py:914} INFO - Processing file /home/airflow/.local/lib/python3.12/site-packages/airflow/example_dags/example_sensor_decorator.py for tasks to queue
[2024-12-01T02:21:51.560+0000] {logging_mixin.py:190} INFO - [2024-12-01T02:21:51.559+0000] {dagbag.py:588} INFO - Filling up the DagBag from /home/airflow/.local/lib/python3.12/site-packages/airflow/example_dags/example_sensor_decorator.py
[2024-12-01T02:21:51.569+0000] {processor.py:925} INFO - DAG(s) 'example_sensor_decorator' retrieved from /home/airflow/.local/lib/python3.12/site-packages/airflow/example_dags/example_sensor_decorator.py
[2024-12-01T02:21:51.586+0000] {logging_mixin.py:190} INFO - [2024-12-01T02:21:51.586+0000] {dag.py:3239} INFO - Sync 1 DAGs
[2024-12-01T02:21:51.599+0000] {logging_mixin.py:190} INFO - [2024-12-01T02:21:51.599+0000] {dag.py:4180} INFO - Setting next_dagrun for example_sensor_decorator to None, run_after=None
[2024-12-01T02:21:51.756+0000] {processor.py:208} INFO - Processing /home/airflow/.local/lib/python3.12/site-packages/airflow/example_dags/example_sensor_decorator.py took 0.210 seconds
[2024-12-01T02:22:22.384+0000] {processor.py:186} INFO - Started process (PID=52003) to work on /home/airflow/.local/lib/python3.12/site-packages/airflow/example_dags/example_sensor_decorator.py
[2024-12-01T02:22:22.385+0000] {processor.py:914} INFO - Processing file /home/airflow/.local/lib/python3.12/site-packages/airflow/example_dags/example_sensor_decorator.py for tasks to queue
[2024-12-01T02:22:22.387+0000] {logging_mixin.py:190} INFO - [2024-12-01T02:22:22.387+0000] {dagbag.py:588} INFO - Filling up the DagBag from /home/airflow/.local/lib/python3.12/site-packages/airflow/example_dags/example_sensor_decorator.py
[2024-12-01T02:22:22.395+0000] {processor.py:925} INFO - DAG(s) 'example_sensor_decorator' retrieved from /home/airflow/.local/lib/python3.12/site-packages/airflow/example_dags/example_sensor_decorator.py
[2024-12-01T02:22:22.412+0000] {logging_mixin.py:190} INFO - [2024-12-01T02:22:22.411+0000] {dag.py:3239} INFO - Sync 1 DAGs
[2024-12-01T02:22:22.424+0000] {logging_mixin.py:190} INFO - [2024-12-01T02:22:22.424+0000] {dag.py:4180} INFO - Setting next_dagrun for example_sensor_decorator to None, run_after=None
[2024-12-01T02:22:22.440+0000] {processor.py:208} INFO - Processing /home/airflow/.local/lib/python3.12/site-packages/airflow/example_dags/example_sensor_decorator.py took 0.061 seconds
[2024-12-01T02:22:53.008+0000] {processor.py:186} INFO - Started process (PID=52069) to work on /home/airflow/.local/lib/python3.12/site-packages/airflow/example_dags/example_sensor_decorator.py
[2024-12-01T02:22:53.009+0000] {processor.py:914} INFO - Processing file /home/airflow/.local/lib/python3.12/site-packages/airflow/example_dags/example_sensor_decorator.py for tasks to queue
[2024-12-01T02:22:53.011+0000] {logging_mixin.py:190} INFO - [2024-12-01T02:22:53.011+0000] {dagbag.py:588} INFO - Filling up the DagBag from /home/airflow/.local/lib/python3.12/site-packages/airflow/example_dags/example_sensor_decorator.py
[2024-12-01T02:22:53.018+0000] {processor.py:925} INFO - DAG(s) 'example_sensor_decorator' retrieved from /home/airflow/.local/lib/python3.12/site-packages/airflow/example_dags/example_sensor_decorator.py
[2024-12-01T02:22:53.036+0000] {logging_mixin.py:190} INFO - [2024-12-01T02:22:53.035+0000] {dag.py:3239} INFO - Sync 1 DAGs
[2024-12-01T02:22:53.050+0000] {logging_mixin.py:190} INFO - [2024-12-01T02:22:53.049+0000] {dag.py:4180} INFO - Setting next_dagrun for example_sensor_decorator to None, run_after=None
[2024-12-01T02:22:53.067+0000] {processor.py:208} INFO - Processing /home/airflow/.local/lib/python3.12/site-packages/airflow/example_dags/example_sensor_decorator.py took 0.064 seconds
[2024-12-01T02:23:23.997+0000] {processor.py:186} INFO - Started process (PID=52135) to work on /home/airflow/.local/lib/python3.12/site-packages/airflow/example_dags/example_sensor_decorator.py
[2024-12-01T02:23:23.998+0000] {processor.py:914} INFO - Processing file /home/airflow/.local/lib/python3.12/site-packages/airflow/example_dags/example_sensor_decorator.py for tasks to queue
[2024-12-01T02:23:24.000+0000] {logging_mixin.py:190} INFO - [2024-12-01T02:23:24.000+0000] {dagbag.py:588} INFO - Filling up the DagBag from /home/airflow/.local/lib/python3.12/site-packages/airflow/example_dags/example_sensor_decorator.py
[2024-12-01T02:23:24.152+0000] {processor.py:925} INFO - DAG(s) 'example_sensor_decorator' retrieved from /home/airflow/.local/lib/python3.12/site-packages/airflow/example_dags/example_sensor_decorator.py
[2024-12-01T02:23:24.167+0000] {logging_mixin.py:190} INFO - [2024-12-01T02:23:24.167+0000] {dag.py:3239} INFO - Sync 1 DAGs
[2024-12-01T02:23:24.179+0000] {logging_mixin.py:190} INFO - [2024-12-01T02:23:24.178+0000] {dag.py:4180} INFO - Setting next_dagrun for example_sensor_decorator to None, run_after=None
[2024-12-01T02:23:24.194+0000] {processor.py:208} INFO - Processing /home/airflow/.local/lib/python3.12/site-packages/airflow/example_dags/example_sensor_decorator.py took 0.202 seconds
[2024-12-01T02:23:55.140+0000] {processor.py:186} INFO - Started process (PID=52201) to work on /home/airflow/.local/lib/python3.12/site-packages/airflow/example_dags/example_sensor_decorator.py
[2024-12-01T02:23:55.141+0000] {processor.py:914} INFO - Processing file /home/airflow/.local/lib/python3.12/site-packages/airflow/example_dags/example_sensor_decorator.py for tasks to queue
[2024-12-01T02:23:55.143+0000] {logging_mixin.py:190} INFO - [2024-12-01T02:23:55.142+0000] {dagbag.py:588} INFO - Filling up the DagBag from /home/airflow/.local/lib/python3.12/site-packages/airflow/example_dags/example_sensor_decorator.py
[2024-12-01T02:23:55.150+0000] {processor.py:925} INFO - DAG(s) 'example_sensor_decorator' retrieved from /home/airflow/.local/lib/python3.12/site-packages/airflow/example_dags/example_sensor_decorator.py
[2024-12-01T02:23:55.167+0000] {logging_mixin.py:190} INFO - [2024-12-01T02:23:55.167+0000] {dag.py:3239} INFO - Sync 1 DAGs
[2024-12-01T02:23:55.180+0000] {logging_mixin.py:190} INFO - [2024-12-01T02:23:55.180+0000] {dag.py:4180} INFO - Setting next_dagrun for example_sensor_decorator to None, run_after=None
[2024-12-01T02:23:55.198+0000] {processor.py:208} INFO - Processing /home/airflow/.local/lib/python3.12/site-packages/airflow/example_dags/example_sensor_decorator.py took 0.064 seconds
[2024-12-01T02:24:26.538+0000] {processor.py:186} INFO - Started process (PID=52267) to work on /home/airflow/.local/lib/python3.12/site-packages/airflow/example_dags/example_sensor_decorator.py
[2024-12-01T02:24:26.539+0000] {processor.py:914} INFO - Processing file /home/airflow/.local/lib/python3.12/site-packages/airflow/example_dags/example_sensor_decorator.py for tasks to queue
[2024-12-01T02:24:26.541+0000] {logging_mixin.py:190} INFO - [2024-12-01T02:24:26.541+0000] {dagbag.py:588} INFO - Filling up the DagBag from /home/airflow/.local/lib/python3.12/site-packages/airflow/example_dags/example_sensor_decorator.py
[2024-12-01T02:24:26.549+0000] {processor.py:925} INFO - DAG(s) 'example_sensor_decorator' retrieved from /home/airflow/.local/lib/python3.12/site-packages/airflow/example_dags/example_sensor_decorator.py
[2024-12-01T02:24:26.566+0000] {logging_mixin.py:190} INFO - [2024-12-01T02:24:26.566+0000] {dag.py:3239} INFO - Sync 1 DAGs
[2024-12-01T02:24:26.580+0000] {logging_mixin.py:190} INFO - [2024-12-01T02:24:26.579+0000] {dag.py:4180} INFO - Setting next_dagrun for example_sensor_decorator to None, run_after=None
[2024-12-01T02:24:26.597+0000] {processor.py:208} INFO - Processing /home/airflow/.local/lib/python3.12/site-packages/airflow/example_dags/example_sensor_decorator.py took 0.064 seconds
[2024-12-01T02:24:57.948+0000] {processor.py:186} INFO - Started process (PID=52333) to work on /home/airflow/.local/lib/python3.12/site-packages/airflow/example_dags/example_sensor_decorator.py
[2024-12-01T02:24:57.949+0000] {processor.py:914} INFO - Processing file /home/airflow/.local/lib/python3.12/site-packages/airflow/example_dags/example_sensor_decorator.py for tasks to queue
[2024-12-01T02:24:57.951+0000] {logging_mixin.py:190} INFO - [2024-12-01T02:24:57.951+0000] {dagbag.py:588} INFO - Filling up the DagBag from /home/airflow/.local/lib/python3.12/site-packages/airflow/example_dags/example_sensor_decorator.py
[2024-12-01T02:24:57.958+0000] {processor.py:925} INFO - DAG(s) 'example_sensor_decorator' retrieved from /home/airflow/.local/lib/python3.12/site-packages/airflow/example_dags/example_sensor_decorator.py
[2024-12-01T02:24:57.979+0000] {logging_mixin.py:190} INFO - [2024-12-01T02:24:57.979+0000] {dag.py:3239} INFO - Sync 1 DAGs
[2024-12-01T02:24:57.993+0000] {logging_mixin.py:190} INFO - [2024-12-01T02:24:57.993+0000] {dag.py:4180} INFO - Setting next_dagrun for example_sensor_decorator to None, run_after=None
[2024-12-01T02:24:58.010+0000] {processor.py:208} INFO - Processing /home/airflow/.local/lib/python3.12/site-packages/airflow/example_dags/example_sensor_decorator.py took 0.068 seconds
[2024-12-01T02:25:28.523+0000] {processor.py:186} INFO - Started process (PID=52399) to work on /home/airflow/.local/lib/python3.12/site-packages/airflow/example_dags/example_sensor_decorator.py
[2024-12-01T02:25:28.523+0000] {processor.py:914} INFO - Processing file /home/airflow/.local/lib/python3.12/site-packages/airflow/example_dags/example_sensor_decorator.py for tasks to queue
[2024-12-01T02:25:28.525+0000] {logging_mixin.py:190} INFO - [2024-12-01T02:25:28.525+0000] {dagbag.py:588} INFO - Filling up the DagBag from /home/airflow/.local/lib/python3.12/site-packages/airflow/example_dags/example_sensor_decorator.py
[2024-12-01T02:25:28.533+0000] {processor.py:925} INFO - DAG(s) 'example_sensor_decorator' retrieved from /home/airflow/.local/lib/python3.12/site-packages/airflow/example_dags/example_sensor_decorator.py
[2024-12-01T02:25:28.550+0000] {logging_mixin.py:190} INFO - [2024-12-01T02:25:28.550+0000] {dag.py:3239} INFO - Sync 1 DAGs
[2024-12-01T02:25:28.563+0000] {logging_mixin.py:190} INFO - [2024-12-01T02:25:28.563+0000] {dag.py:4180} INFO - Setting next_dagrun for example_sensor_decorator to None, run_after=None
[2024-12-01T02:25:28.579+0000] {processor.py:208} INFO - Processing /home/airflow/.local/lib/python3.12/site-packages/airflow/example_dags/example_sensor_decorator.py took 0.062 seconds
[2024-12-01T02:25:59.191+0000] {processor.py:186} INFO - Started process (PID=52465) to work on /home/airflow/.local/lib/python3.12/site-packages/airflow/example_dags/example_sensor_decorator.py
[2024-12-01T02:25:59.192+0000] {processor.py:914} INFO - Processing file /home/airflow/.local/lib/python3.12/site-packages/airflow/example_dags/example_sensor_decorator.py for tasks to queue
[2024-12-01T02:25:59.194+0000] {logging_mixin.py:190} INFO - [2024-12-01T02:25:59.194+0000] {dagbag.py:588} INFO - Filling up the DagBag from /home/airflow/.local/lib/python3.12/site-packages/airflow/example_dags/example_sensor_decorator.py
[2024-12-01T02:25:59.201+0000] {processor.py:925} INFO - DAG(s) 'example_sensor_decorator' retrieved from /home/airflow/.local/lib/python3.12/site-packages/airflow/example_dags/example_sensor_decorator.py
[2024-12-01T02:25:59.219+0000] {logging_mixin.py:190} INFO - [2024-12-01T02:25:59.219+0000] {dag.py:3239} INFO - Sync 1 DAGs
[2024-12-01T02:25:59.232+0000] {logging_mixin.py:190} INFO - [2024-12-01T02:25:59.232+0000] {dag.py:4180} INFO - Setting next_dagrun for example_sensor_decorator to None, run_after=None
[2024-12-01T02:25:59.250+0000] {processor.py:208} INFO - Processing /home/airflow/.local/lib/python3.12/site-packages/airflow/example_dags/example_sensor_decorator.py took 0.064 seconds
[2024-12-01T02:26:29.749+0000] {processor.py:186} INFO - Started process (PID=52531) to work on /home/airflow/.local/lib/python3.12/site-packages/airflow/example_dags/example_sensor_decorator.py
[2024-12-01T02:26:29.750+0000] {processor.py:914} INFO - Processing file /home/airflow/.local/lib/python3.12/site-packages/airflow/example_dags/example_sensor_decorator.py for tasks to queue
[2024-12-01T02:26:29.752+0000] {logging_mixin.py:190} INFO - [2024-12-01T02:26:29.752+0000] {dagbag.py:588} INFO - Filling up the DagBag from /home/airflow/.local/lib/python3.12/site-packages/airflow/example_dags/example_sensor_decorator.py
[2024-12-01T02:26:29.759+0000] {processor.py:925} INFO - DAG(s) 'example_sensor_decorator' retrieved from /home/airflow/.local/lib/python3.12/site-packages/airflow/example_dags/example_sensor_decorator.py
[2024-12-01T02:26:29.779+0000] {logging_mixin.py:190} INFO - [2024-12-01T02:26:29.779+0000] {dag.py:3239} INFO - Sync 1 DAGs
[2024-12-01T02:26:29.807+0000] {logging_mixin.py:190} INFO - [2024-12-01T02:26:29.806+0000] {dag.py:4180} INFO - Setting next_dagrun for example_sensor_decorator to None, run_after=None
[2024-12-01T02:26:29.831+0000] {processor.py:208} INFO - Processing /home/airflow/.local/lib/python3.12/site-packages/airflow/example_dags/example_sensor_decorator.py took 0.089 seconds
[2024-12-01T02:27:00.202+0000] {processor.py:186} INFO - Started process (PID=52603) to work on /home/airflow/.local/lib/python3.12/site-packages/airflow/example_dags/example_sensor_decorator.py
[2024-12-01T02:27:00.203+0000] {processor.py:914} INFO - Processing file /home/airflow/.local/lib/python3.12/site-packages/airflow/example_dags/example_sensor_decorator.py for tasks to queue
[2024-12-01T02:27:00.206+0000] {logging_mixin.py:190} INFO - [2024-12-01T02:27:00.206+0000] {dagbag.py:588} INFO - Filling up the DagBag from /home/airflow/.local/lib/python3.12/site-packages/airflow/example_dags/example_sensor_decorator.py
[2024-12-01T02:27:00.213+0000] {processor.py:925} INFO - DAG(s) 'example_sensor_decorator' retrieved from /home/airflow/.local/lib/python3.12/site-packages/airflow/example_dags/example_sensor_decorator.py
[2024-12-01T02:27:00.229+0000] {logging_mixin.py:190} INFO - [2024-12-01T02:27:00.229+0000] {dag.py:3239} INFO - Sync 1 DAGs
[2024-12-01T02:27:00.241+0000] {logging_mixin.py:190} INFO - [2024-12-01T02:27:00.241+0000] {dag.py:4180} INFO - Setting next_dagrun for example_sensor_decorator to None, run_after=None
[2024-12-01T02:27:00.258+0000] {processor.py:208} INFO - Processing /home/airflow/.local/lib/python3.12/site-packages/airflow/example_dags/example_sensor_decorator.py took 0.062 seconds
[2024-12-01T02:27:30.894+0000] {processor.py:186} INFO - Started process (PID=52669) to work on /home/airflow/.local/lib/python3.12/site-packages/airflow/example_dags/example_sensor_decorator.py
[2024-12-01T02:27:30.895+0000] {processor.py:914} INFO - Processing file /home/airflow/.local/lib/python3.12/site-packages/airflow/example_dags/example_sensor_decorator.py for tasks to queue
[2024-12-01T02:27:30.898+0000] {logging_mixin.py:190} INFO - [2024-12-01T02:27:30.897+0000] {dagbag.py:588} INFO - Filling up the DagBag from /home/airflow/.local/lib/python3.12/site-packages/airflow/example_dags/example_sensor_decorator.py
[2024-12-01T02:27:30.907+0000] {processor.py:925} INFO - DAG(s) 'example_sensor_decorator' retrieved from /home/airflow/.local/lib/python3.12/site-packages/airflow/example_dags/example_sensor_decorator.py
[2024-12-01T02:27:30.925+0000] {logging_mixin.py:190} INFO - [2024-12-01T02:27:30.925+0000] {dag.py:3239} INFO - Sync 1 DAGs
[2024-12-01T02:27:30.949+0000] {logging_mixin.py:190} INFO - [2024-12-01T02:27:30.949+0000] {dag.py:4180} INFO - Setting next_dagrun for example_sensor_decorator to None, run_after=None
[2024-12-01T02:27:30.968+0000] {processor.py:208} INFO - Processing /home/airflow/.local/lib/python3.12/site-packages/airflow/example_dags/example_sensor_decorator.py took 0.081 seconds
[2024-12-01T02:28:02.257+0000] {processor.py:186} INFO - Started process (PID=52735) to work on /home/airflow/.local/lib/python3.12/site-packages/airflow/example_dags/example_sensor_decorator.py
[2024-12-01T02:28:02.257+0000] {processor.py:914} INFO - Processing file /home/airflow/.local/lib/python3.12/site-packages/airflow/example_dags/example_sensor_decorator.py for tasks to queue
[2024-12-01T02:28:02.259+0000] {logging_mixin.py:190} INFO - [2024-12-01T02:28:02.259+0000] {dagbag.py:588} INFO - Filling up the DagBag from /home/airflow/.local/lib/python3.12/site-packages/airflow/example_dags/example_sensor_decorator.py
[2024-12-01T02:28:02.267+0000] {processor.py:925} INFO - DAG(s) 'example_sensor_decorator' retrieved from /home/airflow/.local/lib/python3.12/site-packages/airflow/example_dags/example_sensor_decorator.py
[2024-12-01T02:28:02.286+0000] {logging_mixin.py:190} INFO - [2024-12-01T02:28:02.285+0000] {dag.py:3239} INFO - Sync 1 DAGs
[2024-12-01T02:28:02.301+0000] {logging_mixin.py:190} INFO - [2024-12-01T02:28:02.301+0000] {dag.py:4180} INFO - Setting next_dagrun for example_sensor_decorator to None, run_after=None
[2024-12-01T02:28:02.320+0000] {processor.py:208} INFO - Processing /home/airflow/.local/lib/python3.12/site-packages/airflow/example_dags/example_sensor_decorator.py took 0.068 seconds
[2024-12-01T02:28:32.851+0000] {processor.py:186} INFO - Started process (PID=52801) to work on /home/airflow/.local/lib/python3.12/site-packages/airflow/example_dags/example_sensor_decorator.py
[2024-12-01T02:28:32.852+0000] {processor.py:914} INFO - Processing file /home/airflow/.local/lib/python3.12/site-packages/airflow/example_dags/example_sensor_decorator.py for tasks to queue
[2024-12-01T02:28:32.855+0000] {logging_mixin.py:190} INFO - [2024-12-01T02:28:32.854+0000] {dagbag.py:588} INFO - Filling up the DagBag from /home/airflow/.local/lib/python3.12/site-packages/airflow/example_dags/example_sensor_decorator.py
[2024-12-01T02:28:32.862+0000] {processor.py:925} INFO - DAG(s) 'example_sensor_decorator' retrieved from /home/airflow/.local/lib/python3.12/site-packages/airflow/example_dags/example_sensor_decorator.py
[2024-12-01T02:28:32.878+0000] {logging_mixin.py:190} INFO - [2024-12-01T02:28:32.878+0000] {dag.py:3239} INFO - Sync 1 DAGs
[2024-12-01T02:28:32.892+0000] {logging_mixin.py:190} INFO - [2024-12-01T02:28:32.892+0000] {dag.py:4180} INFO - Setting next_dagrun for example_sensor_decorator to None, run_after=None
[2024-12-01T02:28:32.909+0000] {processor.py:208} INFO - Processing /home/airflow/.local/lib/python3.12/site-packages/airflow/example_dags/example_sensor_decorator.py took 0.063 seconds
[2024-12-01T02:29:03.302+0000] {processor.py:186} INFO - Started process (PID=52867) to work on /home/airflow/.local/lib/python3.12/site-packages/airflow/example_dags/example_sensor_decorator.py
[2024-12-01T02:29:03.302+0000] {processor.py:914} INFO - Processing file /home/airflow/.local/lib/python3.12/site-packages/airflow/example_dags/example_sensor_decorator.py for tasks to queue
[2024-12-01T02:29:03.305+0000] {logging_mixin.py:190} INFO - [2024-12-01T02:29:03.305+0000] {dagbag.py:588} INFO - Filling up the DagBag from /home/airflow/.local/lib/python3.12/site-packages/airflow/example_dags/example_sensor_decorator.py
[2024-12-01T02:29:03.313+0000] {processor.py:925} INFO - DAG(s) 'example_sensor_decorator' retrieved from /home/airflow/.local/lib/python3.12/site-packages/airflow/example_dags/example_sensor_decorator.py
[2024-12-01T02:29:03.336+0000] {logging_mixin.py:190} INFO - [2024-12-01T02:29:03.336+0000] {dag.py:3239} INFO - Sync 1 DAGs
[2024-12-01T02:29:03.351+0000] {logging_mixin.py:190} INFO - [2024-12-01T02:29:03.350+0000] {dag.py:4180} INFO - Setting next_dagrun for example_sensor_decorator to None, run_after=None
[2024-12-01T02:29:03.372+0000] {processor.py:208} INFO - Processing /home/airflow/.local/lib/python3.12/site-packages/airflow/example_dags/example_sensor_decorator.py took 0.076 seconds
[2024-12-01T02:29:33.997+0000] {processor.py:186} INFO - Started process (PID=52933) to work on /home/airflow/.local/lib/python3.12/site-packages/airflow/example_dags/example_sensor_decorator.py
[2024-12-01T02:29:33.998+0000] {processor.py:914} INFO - Processing file /home/airflow/.local/lib/python3.12/site-packages/airflow/example_dags/example_sensor_decorator.py for tasks to queue
[2024-12-01T02:29:34.000+0000] {logging_mixin.py:190} INFO - [2024-12-01T02:29:34.000+0000] {dagbag.py:588} INFO - Filling up the DagBag from /home/airflow/.local/lib/python3.12/site-packages/airflow/example_dags/example_sensor_decorator.py
[2024-12-01T02:29:34.008+0000] {processor.py:925} INFO - DAG(s) 'example_sensor_decorator' retrieved from /home/airflow/.local/lib/python3.12/site-packages/airflow/example_dags/example_sensor_decorator.py
[2024-12-01T02:29:34.026+0000] {logging_mixin.py:190} INFO - [2024-12-01T02:29:34.025+0000] {dag.py:3239} INFO - Sync 1 DAGs
[2024-12-01T02:29:34.039+0000] {logging_mixin.py:190} INFO - [2024-12-01T02:29:34.039+0000] {dag.py:4180} INFO - Setting next_dagrun for example_sensor_decorator to None, run_after=None
[2024-12-01T02:29:34.056+0000] {processor.py:208} INFO - Processing /home/airflow/.local/lib/python3.12/site-packages/airflow/example_dags/example_sensor_decorator.py took 0.065 seconds
[2024-12-01T02:30:05.367+0000] {processor.py:186} INFO - Started process (PID=52999) to work on /home/airflow/.local/lib/python3.12/site-packages/airflow/example_dags/example_sensor_decorator.py
[2024-12-01T02:30:05.368+0000] {processor.py:914} INFO - Processing file /home/airflow/.local/lib/python3.12/site-packages/airflow/example_dags/example_sensor_decorator.py for tasks to queue
[2024-12-01T02:30:05.370+0000] {logging_mixin.py:190} INFO - [2024-12-01T02:30:05.369+0000] {dagbag.py:588} INFO - Filling up the DagBag from /home/airflow/.local/lib/python3.12/site-packages/airflow/example_dags/example_sensor_decorator.py
[2024-12-01T02:30:05.378+0000] {processor.py:925} INFO - DAG(s) 'example_sensor_decorator' retrieved from /home/airflow/.local/lib/python3.12/site-packages/airflow/example_dags/example_sensor_decorator.py
[2024-12-01T02:30:05.396+0000] {logging_mixin.py:190} INFO - [2024-12-01T02:30:05.396+0000] {dag.py:3239} INFO - Sync 1 DAGs
[2024-12-01T02:30:05.411+0000] {logging_mixin.py:190} INFO - [2024-12-01T02:30:05.410+0000] {dag.py:4180} INFO - Setting next_dagrun for example_sensor_decorator to None, run_after=None
[2024-12-01T02:30:05.428+0000] {processor.py:208} INFO - Processing /home/airflow/.local/lib/python3.12/site-packages/airflow/example_dags/example_sensor_decorator.py took 0.067 seconds
[2024-12-01T02:30:35.796+0000] {processor.py:186} INFO - Started process (PID=53065) to work on /home/airflow/.local/lib/python3.12/site-packages/airflow/example_dags/example_sensor_decorator.py
[2024-12-01T02:30:35.797+0000] {processor.py:914} INFO - Processing file /home/airflow/.local/lib/python3.12/site-packages/airflow/example_dags/example_sensor_decorator.py for tasks to queue
[2024-12-01T02:30:35.799+0000] {logging_mixin.py:190} INFO - [2024-12-01T02:30:35.799+0000] {dagbag.py:588} INFO - Filling up the DagBag from /home/airflow/.local/lib/python3.12/site-packages/airflow/example_dags/example_sensor_decorator.py
[2024-12-01T02:30:35.807+0000] {processor.py:925} INFO - DAG(s) 'example_sensor_decorator' retrieved from /home/airflow/.local/lib/python3.12/site-packages/airflow/example_dags/example_sensor_decorator.py
[2024-12-01T02:30:35.825+0000] {logging_mixin.py:190} INFO - [2024-12-01T02:30:35.825+0000] {dag.py:3239} INFO - Sync 1 DAGs
[2024-12-01T02:30:35.838+0000] {logging_mixin.py:190} INFO - [2024-12-01T02:30:35.837+0000] {dag.py:4180} INFO - Setting next_dagrun for example_sensor_decorator to None, run_after=None
[2024-12-01T02:30:35.855+0000] {processor.py:208} INFO - Processing /home/airflow/.local/lib/python3.12/site-packages/airflow/example_dags/example_sensor_decorator.py took 0.064 seconds
[2024-12-01T02:31:06.564+0000] {processor.py:186} INFO - Started process (PID=53131) to work on /home/airflow/.local/lib/python3.12/site-packages/airflow/example_dags/example_sensor_decorator.py
[2024-12-01T02:31:06.565+0000] {processor.py:914} INFO - Processing file /home/airflow/.local/lib/python3.12/site-packages/airflow/example_dags/example_sensor_decorator.py for tasks to queue
[2024-12-01T02:31:06.567+0000] {logging_mixin.py:190} INFO - [2024-12-01T02:31:06.567+0000] {dagbag.py:588} INFO - Filling up the DagBag from /home/airflow/.local/lib/python3.12/site-packages/airflow/example_dags/example_sensor_decorator.py
[2024-12-01T02:31:06.574+0000] {processor.py:925} INFO - DAG(s) 'example_sensor_decorator' retrieved from /home/airflow/.local/lib/python3.12/site-packages/airflow/example_dags/example_sensor_decorator.py
[2024-12-01T02:31:06.592+0000] {logging_mixin.py:190} INFO - [2024-12-01T02:31:06.592+0000] {dag.py:3239} INFO - Sync 1 DAGs
[2024-12-01T02:31:06.605+0000] {logging_mixin.py:190} INFO - [2024-12-01T02:31:06.605+0000] {dag.py:4180} INFO - Setting next_dagrun for example_sensor_decorator to None, run_after=None
[2024-12-01T02:31:06.623+0000] {processor.py:208} INFO - Processing /home/airflow/.local/lib/python3.12/site-packages/airflow/example_dags/example_sensor_decorator.py took 0.065 seconds
[2024-12-01T02:31:37.861+0000] {processor.py:186} INFO - Started process (PID=53197) to work on /home/airflow/.local/lib/python3.12/site-packages/airflow/example_dags/example_sensor_decorator.py
[2024-12-01T02:31:37.862+0000] {processor.py:914} INFO - Processing file /home/airflow/.local/lib/python3.12/site-packages/airflow/example_dags/example_sensor_decorator.py for tasks to queue
[2024-12-01T02:31:37.864+0000] {logging_mixin.py:190} INFO - [2024-12-01T02:31:37.864+0000] {dagbag.py:588} INFO - Filling up the DagBag from /home/airflow/.local/lib/python3.12/site-packages/airflow/example_dags/example_sensor_decorator.py
[2024-12-01T02:31:37.871+0000] {processor.py:925} INFO - DAG(s) 'example_sensor_decorator' retrieved from /home/airflow/.local/lib/python3.12/site-packages/airflow/example_dags/example_sensor_decorator.py
[2024-12-01T02:31:37.888+0000] {logging_mixin.py:190} INFO - [2024-12-01T02:31:37.888+0000] {dag.py:3239} INFO - Sync 1 DAGs
[2024-12-01T02:31:37.902+0000] {logging_mixin.py:190} INFO - [2024-12-01T02:31:37.902+0000] {dag.py:4180} INFO - Setting next_dagrun for example_sensor_decorator to None, run_after=None
[2024-12-01T02:31:37.923+0000] {processor.py:208} INFO - Processing /home/airflow/.local/lib/python3.12/site-packages/airflow/example_dags/example_sensor_decorator.py took 0.066 seconds
[2024-12-01T02:32:08.433+0000] {processor.py:186} INFO - Started process (PID=53263) to work on /home/airflow/.local/lib/python3.12/site-packages/airflow/example_dags/example_sensor_decorator.py
[2024-12-01T02:32:08.434+0000] {processor.py:914} INFO - Processing file /home/airflow/.local/lib/python3.12/site-packages/airflow/example_dags/example_sensor_decorator.py for tasks to queue
[2024-12-01T02:32:08.437+0000] {logging_mixin.py:190} INFO - [2024-12-01T02:32:08.436+0000] {dagbag.py:588} INFO - Filling up the DagBag from /home/airflow/.local/lib/python3.12/site-packages/airflow/example_dags/example_sensor_decorator.py
[2024-12-01T02:32:08.444+0000] {processor.py:925} INFO - DAG(s) 'example_sensor_decorator' retrieved from /home/airflow/.local/lib/python3.12/site-packages/airflow/example_dags/example_sensor_decorator.py
[2024-12-01T02:32:08.461+0000] {logging_mixin.py:190} INFO - [2024-12-01T02:32:08.461+0000] {dag.py:3239} INFO - Sync 1 DAGs
[2024-12-01T02:32:08.475+0000] {logging_mixin.py:190} INFO - [2024-12-01T02:32:08.475+0000] {dag.py:4180} INFO - Setting next_dagrun for example_sensor_decorator to None, run_after=None
[2024-12-01T02:32:08.490+0000] {processor.py:208} INFO - Processing /home/airflow/.local/lib/python3.12/site-packages/airflow/example_dags/example_sensor_decorator.py took 0.063 seconds
[2024-12-01T02:32:38.961+0000] {processor.py:186} INFO - Started process (PID=53329) to work on /home/airflow/.local/lib/python3.12/site-packages/airflow/example_dags/example_sensor_decorator.py
[2024-12-01T02:32:38.962+0000] {processor.py:914} INFO - Processing file /home/airflow/.local/lib/python3.12/site-packages/airflow/example_dags/example_sensor_decorator.py for tasks to queue
[2024-12-01T02:32:38.964+0000] {logging_mixin.py:190} INFO - [2024-12-01T02:32:38.964+0000] {dagbag.py:588} INFO - Filling up the DagBag from /home/airflow/.local/lib/python3.12/site-packages/airflow/example_dags/example_sensor_decorator.py
[2024-12-01T02:32:38.973+0000] {processor.py:925} INFO - DAG(s) 'example_sensor_decorator' retrieved from /home/airflow/.local/lib/python3.12/site-packages/airflow/example_dags/example_sensor_decorator.py
[2024-12-01T02:32:38.994+0000] {logging_mixin.py:190} INFO - [2024-12-01T02:32:38.993+0000] {dag.py:3239} INFO - Sync 1 DAGs
[2024-12-01T02:32:39.009+0000] {logging_mixin.py:190} INFO - [2024-12-01T02:32:39.009+0000] {dag.py:4180} INFO - Setting next_dagrun for example_sensor_decorator to None, run_after=None
[2024-12-01T02:32:39.030+0000] {processor.py:208} INFO - Processing /home/airflow/.local/lib/python3.12/site-packages/airflow/example_dags/example_sensor_decorator.py took 0.076 seconds
[2024-12-01T02:33:09.471+0000] {processor.py:186} INFO - Started process (PID=53395) to work on /home/airflow/.local/lib/python3.12/site-packages/airflow/example_dags/example_sensor_decorator.py
[2024-12-01T02:33:09.472+0000] {processor.py:914} INFO - Processing file /home/airflow/.local/lib/python3.12/site-packages/airflow/example_dags/example_sensor_decorator.py for tasks to queue
[2024-12-01T02:33:09.474+0000] {logging_mixin.py:190} INFO - [2024-12-01T02:33:09.474+0000] {dagbag.py:588} INFO - Filling up the DagBag from /home/airflow/.local/lib/python3.12/site-packages/airflow/example_dags/example_sensor_decorator.py
[2024-12-01T02:33:09.481+0000] {processor.py:925} INFO - DAG(s) 'example_sensor_decorator' retrieved from /home/airflow/.local/lib/python3.12/site-packages/airflow/example_dags/example_sensor_decorator.py
[2024-12-01T02:33:09.498+0000] {logging_mixin.py:190} INFO - [2024-12-01T02:33:09.498+0000] {dag.py:3239} INFO - Sync 1 DAGs
[2024-12-01T02:33:09.512+0000] {logging_mixin.py:190} INFO - [2024-12-01T02:33:09.512+0000] {dag.py:4180} INFO - Setting next_dagrun for example_sensor_decorator to None, run_after=None
[2024-12-01T02:33:09.529+0000] {processor.py:208} INFO - Processing /home/airflow/.local/lib/python3.12/site-packages/airflow/example_dags/example_sensor_decorator.py took 0.064 seconds
[2024-12-01T02:33:40.308+0000] {processor.py:186} INFO - Started process (PID=53461) to work on /home/airflow/.local/lib/python3.12/site-packages/airflow/example_dags/example_sensor_decorator.py
[2024-12-01T02:33:40.309+0000] {processor.py:914} INFO - Processing file /home/airflow/.local/lib/python3.12/site-packages/airflow/example_dags/example_sensor_decorator.py for tasks to queue
[2024-12-01T02:33:40.311+0000] {logging_mixin.py:190} INFO - [2024-12-01T02:33:40.311+0000] {dagbag.py:588} INFO - Filling up the DagBag from /home/airflow/.local/lib/python3.12/site-packages/airflow/example_dags/example_sensor_decorator.py
[2024-12-01T02:33:40.318+0000] {processor.py:925} INFO - DAG(s) 'example_sensor_decorator' retrieved from /home/airflow/.local/lib/python3.12/site-packages/airflow/example_dags/example_sensor_decorator.py
[2024-12-01T02:33:40.334+0000] {logging_mixin.py:190} INFO - [2024-12-01T02:33:40.334+0000] {dag.py:3239} INFO - Sync 1 DAGs
[2024-12-01T02:33:40.348+0000] {logging_mixin.py:190} INFO - [2024-12-01T02:33:40.348+0000] {dag.py:4180} INFO - Setting next_dagrun for example_sensor_decorator to None, run_after=None
[2024-12-01T02:33:40.366+0000] {processor.py:208} INFO - Processing /home/airflow/.local/lib/python3.12/site-packages/airflow/example_dags/example_sensor_decorator.py took 0.064 seconds
[2024-12-01T02:34:10.829+0000] {processor.py:186} INFO - Started process (PID=53527) to work on /home/airflow/.local/lib/python3.12/site-packages/airflow/example_dags/example_sensor_decorator.py
[2024-12-01T02:34:10.830+0000] {processor.py:914} INFO - Processing file /home/airflow/.local/lib/python3.12/site-packages/airflow/example_dags/example_sensor_decorator.py for tasks to queue
[2024-12-01T02:34:10.833+0000] {logging_mixin.py:190} INFO - [2024-12-01T02:34:10.832+0000] {dagbag.py:588} INFO - Filling up the DagBag from /home/airflow/.local/lib/python3.12/site-packages/airflow/example_dags/example_sensor_decorator.py
[2024-12-01T02:34:10.840+0000] {processor.py:925} INFO - DAG(s) 'example_sensor_decorator' retrieved from /home/airflow/.local/lib/python3.12/site-packages/airflow/example_dags/example_sensor_decorator.py
[2024-12-01T02:34:10.858+0000] {logging_mixin.py:190} INFO - [2024-12-01T02:34:10.858+0000] {dag.py:3239} INFO - Sync 1 DAGs
[2024-12-01T02:34:10.873+0000] {logging_mixin.py:190} INFO - [2024-12-01T02:34:10.872+0000] {dag.py:4180} INFO - Setting next_dagrun for example_sensor_decorator to None, run_after=None
[2024-12-01T02:34:10.894+0000] {processor.py:208} INFO - Processing /home/airflow/.local/lib/python3.12/site-packages/airflow/example_dags/example_sensor_decorator.py took 0.070 seconds
