[2024-12-01T02:11:01.963+0000] {processor.py:186} INFO - Started process (PID=50559) to work on /home/airflow/.local/lib/python3.12/site-packages/airflow/example_dags/example_sla_dag.py
[2024-12-01T02:11:01.964+0000] {processor.py:914} INFO - Processing file /home/airflow/.local/lib/python3.12/site-packages/airflow/example_dags/example_sla_dag.py for tasks to queue
[2024-12-01T02:11:01.967+0000] {logging_mixin.py:190} INFO - [2024-12-01T02:11:01.967+0000] {dagbag.py:588} INFO - Filling up the DagBag from /home/airflow/.local/lib/python3.12/site-packages/airflow/example_dags/example_sla_dag.py
[2024-12-01T02:11:01.980+0000] {processor.py:925} INFO - DAG(s) 'example_sla_dag' retrieved from /home/airflow/.local/lib/python3.12/site-packages/airflow/example_dags/example_sla_dag.py
[2024-12-01T02:11:02.002+0000] {logging_mixin.py:190} INFO - [2024-12-01T02:11:02.002+0000] {dag.py:3239} INFO - Sync 1 DAGs
[2024-12-01T02:11:02.029+0000] {logging_mixin.py:190} INFO - [2024-12-01T02:11:02.028+0000] {dag.py:4180} INFO - Setting next_dagrun for example_sla_dag to 2024-12-01 02:08:00+00:00, run_after=2024-12-01 02:10:00+00:00
[2024-12-01T02:11:02.046+0000] {processor.py:208} INFO - Processing /home/airflow/.local/lib/python3.12/site-packages/airflow/example_dags/example_sla_dag.py took 0.090 seconds
[2024-12-01T02:11:32.682+0000] {processor.py:186} INFO - Started process (PID=50626) to work on /home/airflow/.local/lib/python3.12/site-packages/airflow/example_dags/example_sla_dag.py
[2024-12-01T02:11:32.682+0000] {processor.py:914} INFO - Processing file /home/airflow/.local/lib/python3.12/site-packages/airflow/example_dags/example_sla_dag.py for tasks to queue
[2024-12-01T02:11:32.685+0000] {logging_mixin.py:190} INFO - [2024-12-01T02:11:32.684+0000] {dagbag.py:588} INFO - Filling up the DagBag from /home/airflow/.local/lib/python3.12/site-packages/airflow/example_dags/example_sla_dag.py
[2024-12-01T02:11:32.694+0000] {processor.py:925} INFO - DAG(s) 'example_sla_dag' retrieved from /home/airflow/.local/lib/python3.12/site-packages/airflow/example_dags/example_sla_dag.py
[2024-12-01T02:11:32.714+0000] {logging_mixin.py:190} INFO - [2024-12-01T02:11:32.714+0000] {dag.py:3239} INFO - Sync 1 DAGs
[2024-12-01T02:11:32.758+0000] {logging_mixin.py:190} INFO - [2024-12-01T02:11:32.758+0000] {dag.py:4180} INFO - Setting next_dagrun for example_sla_dag to 2024-12-01 02:08:00+00:00, run_after=2024-12-01 02:10:00+00:00
[2024-12-01T02:11:32.792+0000] {processor.py:208} INFO - Processing /home/airflow/.local/lib/python3.12/site-packages/airflow/example_dags/example_sla_dag.py took 0.116 seconds
[2024-12-01T02:12:03.330+0000] {processor.py:186} INFO - Started process (PID=50692) to work on /home/airflow/.local/lib/python3.12/site-packages/airflow/example_dags/example_sla_dag.py
[2024-12-01T02:12:03.330+0000] {processor.py:914} INFO - Processing file /home/airflow/.local/lib/python3.12/site-packages/airflow/example_dags/example_sla_dag.py for tasks to queue
[2024-12-01T02:12:03.332+0000] {logging_mixin.py:190} INFO - [2024-12-01T02:12:03.332+0000] {dagbag.py:588} INFO - Filling up the DagBag from /home/airflow/.local/lib/python3.12/site-packages/airflow/example_dags/example_sla_dag.py
[2024-12-01T02:12:03.341+0000] {processor.py:925} INFO - DAG(s) 'example_sla_dag' retrieved from /home/airflow/.local/lib/python3.12/site-packages/airflow/example_dags/example_sla_dag.py
[2024-12-01T02:12:03.364+0000] {logging_mixin.py:190} INFO - [2024-12-01T02:12:03.364+0000] {dag.py:3239} INFO - Sync 1 DAGs
[2024-12-01T02:12:03.393+0000] {logging_mixin.py:190} INFO - [2024-12-01T02:12:03.392+0000] {dag.py:4180} INFO - Setting next_dagrun for example_sla_dag to 2024-12-01 02:10:00+00:00, run_after=2024-12-01 02:12:00+00:00
[2024-12-01T02:12:03.410+0000] {processor.py:208} INFO - Processing /home/airflow/.local/lib/python3.12/site-packages/airflow/example_dags/example_sla_dag.py took 0.086 seconds
[2024-12-01T02:12:34.066+0000] {processor.py:186} INFO - Started process (PID=50758) to work on /home/airflow/.local/lib/python3.12/site-packages/airflow/example_dags/example_sla_dag.py
[2024-12-01T02:12:34.067+0000] {processor.py:914} INFO - Processing file /home/airflow/.local/lib/python3.12/site-packages/airflow/example_dags/example_sla_dag.py for tasks to queue
[2024-12-01T02:12:34.069+0000] {logging_mixin.py:190} INFO - [2024-12-01T02:12:34.069+0000] {dagbag.py:588} INFO - Filling up the DagBag from /home/airflow/.local/lib/python3.12/site-packages/airflow/example_dags/example_sla_dag.py
[2024-12-01T02:12:34.079+0000] {processor.py:925} INFO - DAG(s) 'example_sla_dag' retrieved from /home/airflow/.local/lib/python3.12/site-packages/airflow/example_dags/example_sla_dag.py
[2024-12-01T02:12:34.099+0000] {logging_mixin.py:190} INFO - [2024-12-01T02:12:34.099+0000] {dag.py:3239} INFO - Sync 1 DAGs
[2024-12-01T02:12:34.123+0000] {logging_mixin.py:190} INFO - [2024-12-01T02:12:34.122+0000] {dag.py:4180} INFO - Setting next_dagrun for example_sla_dag to 2024-12-01 02:10:00+00:00, run_after=2024-12-01 02:12:00+00:00
[2024-12-01T02:12:34.139+0000] {processor.py:208} INFO - Processing /home/airflow/.local/lib/python3.12/site-packages/airflow/example_dags/example_sla_dag.py took 0.078 seconds
[2024-12-01T02:13:05.006+0000] {processor.py:186} INFO - Started process (PID=50824) to work on /home/airflow/.local/lib/python3.12/site-packages/airflow/example_dags/example_sla_dag.py
[2024-12-01T02:13:05.007+0000] {processor.py:914} INFO - Processing file /home/airflow/.local/lib/python3.12/site-packages/airflow/example_dags/example_sla_dag.py for tasks to queue
[2024-12-01T02:13:05.009+0000] {logging_mixin.py:190} INFO - [2024-12-01T02:13:05.009+0000] {dagbag.py:588} INFO - Filling up the DagBag from /home/airflow/.local/lib/python3.12/site-packages/airflow/example_dags/example_sla_dag.py
[2024-12-01T02:13:05.019+0000] {processor.py:925} INFO - DAG(s) 'example_sla_dag' retrieved from /home/airflow/.local/lib/python3.12/site-packages/airflow/example_dags/example_sla_dag.py
[2024-12-01T02:13:05.035+0000] {logging_mixin.py:190} INFO - [2024-12-01T02:13:05.035+0000] {dag.py:3239} INFO - Sync 1 DAGs
[2024-12-01T02:13:05.059+0000] {logging_mixin.py:190} INFO - [2024-12-01T02:13:05.058+0000] {dag.py:4180} INFO - Setting next_dagrun for example_sla_dag to 2024-12-01 02:10:00+00:00, run_after=2024-12-01 02:12:00+00:00
[2024-12-01T02:13:05.074+0000] {processor.py:208} INFO - Processing /home/airflow/.local/lib/python3.12/site-packages/airflow/example_dags/example_sla_dag.py took 0.073 seconds
[2024-12-01T02:13:35.639+0000] {processor.py:186} INFO - Started process (PID=50890) to work on /home/airflow/.local/lib/python3.12/site-packages/airflow/example_dags/example_sla_dag.py
[2024-12-01T02:13:35.640+0000] {processor.py:914} INFO - Processing file /home/airflow/.local/lib/python3.12/site-packages/airflow/example_dags/example_sla_dag.py for tasks to queue
[2024-12-01T02:13:35.643+0000] {logging_mixin.py:190} INFO - [2024-12-01T02:13:35.642+0000] {dagbag.py:588} INFO - Filling up the DagBag from /home/airflow/.local/lib/python3.12/site-packages/airflow/example_dags/example_sla_dag.py
[2024-12-01T02:13:35.652+0000] {processor.py:925} INFO - DAG(s) 'example_sla_dag' retrieved from /home/airflow/.local/lib/python3.12/site-packages/airflow/example_dags/example_sla_dag.py
[2024-12-01T02:13:35.670+0000] {logging_mixin.py:190} INFO - [2024-12-01T02:13:35.669+0000] {dag.py:3239} INFO - Sync 1 DAGs
[2024-12-01T02:13:35.694+0000] {logging_mixin.py:190} INFO - [2024-12-01T02:13:35.694+0000] {dag.py:4180} INFO - Setting next_dagrun for example_sla_dag to 2024-12-01 02:10:00+00:00, run_after=2024-12-01 02:12:00+00:00
[2024-12-01T02:13:35.709+0000] {processor.py:208} INFO - Processing /home/airflow/.local/lib/python3.12/site-packages/airflow/example_dags/example_sla_dag.py took 0.075 seconds
[2024-12-01T02:14:06.899+0000] {processor.py:186} INFO - Started process (PID=50956) to work on /home/airflow/.local/lib/python3.12/site-packages/airflow/example_dags/example_sla_dag.py
[2024-12-01T02:14:06.900+0000] {processor.py:914} INFO - Processing file /home/airflow/.local/lib/python3.12/site-packages/airflow/example_dags/example_sla_dag.py for tasks to queue
[2024-12-01T02:14:06.902+0000] {logging_mixin.py:190} INFO - [2024-12-01T02:14:06.902+0000] {dagbag.py:588} INFO - Filling up the DagBag from /home/airflow/.local/lib/python3.12/site-packages/airflow/example_dags/example_sla_dag.py
[2024-12-01T02:14:06.911+0000] {processor.py:925} INFO - DAG(s) 'example_sla_dag' retrieved from /home/airflow/.local/lib/python3.12/site-packages/airflow/example_dags/example_sla_dag.py
[2024-12-01T02:14:06.929+0000] {logging_mixin.py:190} INFO - [2024-12-01T02:14:06.929+0000] {dag.py:3239} INFO - Sync 1 DAGs
[2024-12-01T02:14:06.955+0000] {logging_mixin.py:190} INFO - [2024-12-01T02:14:06.955+0000] {dag.py:4180} INFO - Setting next_dagrun for example_sla_dag to 2024-12-01 02:12:00+00:00, run_after=2024-12-01 02:14:00+00:00
[2024-12-01T02:14:06.971+0000] {processor.py:208} INFO - Processing /home/airflow/.local/lib/python3.12/site-packages/airflow/example_dags/example_sla_dag.py took 0.077 seconds
[2024-12-01T02:14:37.685+0000] {processor.py:186} INFO - Started process (PID=51022) to work on /home/airflow/.local/lib/python3.12/site-packages/airflow/example_dags/example_sla_dag.py
[2024-12-01T02:14:37.686+0000] {processor.py:914} INFO - Processing file /home/airflow/.local/lib/python3.12/site-packages/airflow/example_dags/example_sla_dag.py for tasks to queue
[2024-12-01T02:14:37.688+0000] {logging_mixin.py:190} INFO - [2024-12-01T02:14:37.688+0000] {dagbag.py:588} INFO - Filling up the DagBag from /home/airflow/.local/lib/python3.12/site-packages/airflow/example_dags/example_sla_dag.py
[2024-12-01T02:14:37.697+0000] {processor.py:925} INFO - DAG(s) 'example_sla_dag' retrieved from /home/airflow/.local/lib/python3.12/site-packages/airflow/example_dags/example_sla_dag.py
[2024-12-01T02:14:37.714+0000] {logging_mixin.py:190} INFO - [2024-12-01T02:14:37.713+0000] {dag.py:3239} INFO - Sync 1 DAGs
[2024-12-01T02:14:37.736+0000] {logging_mixin.py:190} INFO - [2024-12-01T02:14:37.736+0000] {dag.py:4180} INFO - Setting next_dagrun for example_sla_dag to 2024-12-01 02:12:00+00:00, run_after=2024-12-01 02:14:00+00:00
[2024-12-01T02:14:37.753+0000] {processor.py:208} INFO - Processing /home/airflow/.local/lib/python3.12/site-packages/airflow/example_dags/example_sla_dag.py took 0.073 seconds
[2024-12-01T02:15:08.639+0000] {processor.py:186} INFO - Started process (PID=51088) to work on /home/airflow/.local/lib/python3.12/site-packages/airflow/example_dags/example_sla_dag.py
[2024-12-01T02:15:08.640+0000] {processor.py:914} INFO - Processing file /home/airflow/.local/lib/python3.12/site-packages/airflow/example_dags/example_sla_dag.py for tasks to queue
[2024-12-01T02:15:08.642+0000] {logging_mixin.py:190} INFO - [2024-12-01T02:15:08.642+0000] {dagbag.py:588} INFO - Filling up the DagBag from /home/airflow/.local/lib/python3.12/site-packages/airflow/example_dags/example_sla_dag.py
[2024-12-01T02:15:08.652+0000] {processor.py:925} INFO - DAG(s) 'example_sla_dag' retrieved from /home/airflow/.local/lib/python3.12/site-packages/airflow/example_dags/example_sla_dag.py
[2024-12-01T02:15:08.669+0000] {logging_mixin.py:190} INFO - [2024-12-01T02:15:08.669+0000] {dag.py:3239} INFO - Sync 1 DAGs
[2024-12-01T02:15:08.693+0000] {logging_mixin.py:190} INFO - [2024-12-01T02:15:08.693+0000] {dag.py:4180} INFO - Setting next_dagrun for example_sla_dag to 2024-12-01 02:12:00+00:00, run_after=2024-12-01 02:14:00+00:00
[2024-12-01T02:15:08.711+0000] {processor.py:208} INFO - Processing /home/airflow/.local/lib/python3.12/site-packages/airflow/example_dags/example_sla_dag.py took 0.076 seconds
[2024-12-01T02:15:39.472+0000] {processor.py:186} INFO - Started process (PID=51154) to work on /home/airflow/.local/lib/python3.12/site-packages/airflow/example_dags/example_sla_dag.py
[2024-12-01T02:15:39.473+0000] {processor.py:914} INFO - Processing file /home/airflow/.local/lib/python3.12/site-packages/airflow/example_dags/example_sla_dag.py for tasks to queue
[2024-12-01T02:15:39.475+0000] {logging_mixin.py:190} INFO - [2024-12-01T02:15:39.475+0000] {dagbag.py:588} INFO - Filling up the DagBag from /home/airflow/.local/lib/python3.12/site-packages/airflow/example_dags/example_sla_dag.py
[2024-12-01T02:15:39.484+0000] {processor.py:925} INFO - DAG(s) 'example_sla_dag' retrieved from /home/airflow/.local/lib/python3.12/site-packages/airflow/example_dags/example_sla_dag.py
[2024-12-01T02:15:39.502+0000] {logging_mixin.py:190} INFO - [2024-12-01T02:15:39.501+0000] {dag.py:3239} INFO - Sync 1 DAGs
[2024-12-01T02:15:39.524+0000] {logging_mixin.py:190} INFO - [2024-12-01T02:15:39.524+0000] {dag.py:4180} INFO - Setting next_dagrun for example_sla_dag to 2024-12-01 02:12:00+00:00, run_after=2024-12-01 02:14:00+00:00
[2024-12-01T02:15:39.540+0000] {processor.py:208} INFO - Processing /home/airflow/.local/lib/python3.12/site-packages/airflow/example_dags/example_sla_dag.py took 0.073 seconds
[2024-12-01T02:16:10.233+0000] {processor.py:186} INFO - Started process (PID=51220) to work on /home/airflow/.local/lib/python3.12/site-packages/airflow/example_dags/example_sla_dag.py
[2024-12-01T02:16:10.235+0000] {processor.py:914} INFO - Processing file /home/airflow/.local/lib/python3.12/site-packages/airflow/example_dags/example_sla_dag.py for tasks to queue
[2024-12-01T02:16:10.238+0000] {logging_mixin.py:190} INFO - [2024-12-01T02:16:10.237+0000] {dagbag.py:588} INFO - Filling up the DagBag from /home/airflow/.local/lib/python3.12/site-packages/airflow/example_dags/example_sla_dag.py
[2024-12-01T02:16:10.251+0000] {processor.py:925} INFO - DAG(s) 'example_sla_dag' retrieved from /home/airflow/.local/lib/python3.12/site-packages/airflow/example_dags/example_sla_dag.py
[2024-12-01T02:16:10.276+0000] {logging_mixin.py:190} INFO - [2024-12-01T02:16:10.276+0000] {dag.py:3239} INFO - Sync 1 DAGs
[2024-12-01T02:16:10.302+0000] {logging_mixin.py:190} INFO - [2024-12-01T02:16:10.301+0000] {dag.py:4180} INFO - Setting next_dagrun for example_sla_dag to 2024-12-01 02:14:00+00:00, run_after=2024-12-01 02:16:00+00:00
[2024-12-01T02:16:10.318+0000] {processor.py:208} INFO - Processing /home/airflow/.local/lib/python3.12/site-packages/airflow/example_dags/example_sla_dag.py took 0.091 seconds
[2024-12-01T02:16:41.289+0000] {processor.py:186} INFO - Started process (PID=51286) to work on /home/airflow/.local/lib/python3.12/site-packages/airflow/example_dags/example_sla_dag.py
[2024-12-01T02:16:41.290+0000] {processor.py:914} INFO - Processing file /home/airflow/.local/lib/python3.12/site-packages/airflow/example_dags/example_sla_dag.py for tasks to queue
[2024-12-01T02:16:41.292+0000] {logging_mixin.py:190} INFO - [2024-12-01T02:16:41.292+0000] {dagbag.py:588} INFO - Filling up the DagBag from /home/airflow/.local/lib/python3.12/site-packages/airflow/example_dags/example_sla_dag.py
[2024-12-01T02:16:41.302+0000] {processor.py:925} INFO - DAG(s) 'example_sla_dag' retrieved from /home/airflow/.local/lib/python3.12/site-packages/airflow/example_dags/example_sla_dag.py
[2024-12-01T02:16:41.320+0000] {logging_mixin.py:190} INFO - [2024-12-01T02:16:41.320+0000] {dag.py:3239} INFO - Sync 1 DAGs
[2024-12-01T02:16:41.342+0000] {logging_mixin.py:190} INFO - [2024-12-01T02:16:41.342+0000] {dag.py:4180} INFO - Setting next_dagrun for example_sla_dag to 2024-12-01 02:14:00+00:00, run_after=2024-12-01 02:16:00+00:00
[2024-12-01T02:16:41.357+0000] {processor.py:208} INFO - Processing /home/airflow/.local/lib/python3.12/site-packages/airflow/example_dags/example_sla_dag.py took 0.074 seconds
[2024-12-01T02:17:12.292+0000] {processor.py:186} INFO - Started process (PID=51352) to work on /home/airflow/.local/lib/python3.12/site-packages/airflow/example_dags/example_sla_dag.py
[2024-12-01T02:17:12.293+0000] {processor.py:914} INFO - Processing file /home/airflow/.local/lib/python3.12/site-packages/airflow/example_dags/example_sla_dag.py for tasks to queue
[2024-12-01T02:17:12.295+0000] {logging_mixin.py:190} INFO - [2024-12-01T02:17:12.295+0000] {dagbag.py:588} INFO - Filling up the DagBag from /home/airflow/.local/lib/python3.12/site-packages/airflow/example_dags/example_sla_dag.py
[2024-12-01T02:17:12.304+0000] {processor.py:925} INFO - DAG(s) 'example_sla_dag' retrieved from /home/airflow/.local/lib/python3.12/site-packages/airflow/example_dags/example_sla_dag.py
[2024-12-01T02:17:12.321+0000] {logging_mixin.py:190} INFO - [2024-12-01T02:17:12.321+0000] {dag.py:3239} INFO - Sync 1 DAGs
[2024-12-01T02:17:12.344+0000] {logging_mixin.py:190} INFO - [2024-12-01T02:17:12.344+0000] {dag.py:4180} INFO - Setting next_dagrun for example_sla_dag to 2024-12-01 02:14:00+00:00, run_after=2024-12-01 02:16:00+00:00
[2024-12-01T02:17:12.360+0000] {processor.py:208} INFO - Processing /home/airflow/.local/lib/python3.12/site-packages/airflow/example_dags/example_sla_dag.py took 0.074 seconds
[2024-12-01T02:17:43.380+0000] {processor.py:186} INFO - Started process (PID=51418) to work on /home/airflow/.local/lib/python3.12/site-packages/airflow/example_dags/example_sla_dag.py
[2024-12-01T02:17:43.382+0000] {processor.py:914} INFO - Processing file /home/airflow/.local/lib/python3.12/site-packages/airflow/example_dags/example_sla_dag.py for tasks to queue
[2024-12-01T02:17:43.384+0000] {logging_mixin.py:190} INFO - [2024-12-01T02:17:43.383+0000] {dagbag.py:588} INFO - Filling up the DagBag from /home/airflow/.local/lib/python3.12/site-packages/airflow/example_dags/example_sla_dag.py
[2024-12-01T02:17:43.393+0000] {processor.py:925} INFO - DAG(s) 'example_sla_dag' retrieved from /home/airflow/.local/lib/python3.12/site-packages/airflow/example_dags/example_sla_dag.py
[2024-12-01T02:17:43.411+0000] {logging_mixin.py:190} INFO - [2024-12-01T02:17:43.410+0000] {dag.py:3239} INFO - Sync 1 DAGs
[2024-12-01T02:17:43.433+0000] {logging_mixin.py:190} INFO - [2024-12-01T02:17:43.433+0000] {dag.py:4180} INFO - Setting next_dagrun for example_sla_dag to 2024-12-01 02:14:00+00:00, run_after=2024-12-01 02:16:00+00:00
[2024-12-01T02:17:43.450+0000] {processor.py:208} INFO - Processing /home/airflow/.local/lib/python3.12/site-packages/airflow/example_dags/example_sla_dag.py took 0.075 seconds
[2024-12-01T02:18:14.381+0000] {processor.py:186} INFO - Started process (PID=51484) to work on /home/airflow/.local/lib/python3.12/site-packages/airflow/example_dags/example_sla_dag.py
[2024-12-01T02:18:14.382+0000] {processor.py:914} INFO - Processing file /home/airflow/.local/lib/python3.12/site-packages/airflow/example_dags/example_sla_dag.py for tasks to queue
[2024-12-01T02:18:14.384+0000] {logging_mixin.py:190} INFO - [2024-12-01T02:18:14.384+0000] {dagbag.py:588} INFO - Filling up the DagBag from /home/airflow/.local/lib/python3.12/site-packages/airflow/example_dags/example_sla_dag.py
[2024-12-01T02:18:14.394+0000] {processor.py:925} INFO - DAG(s) 'example_sla_dag' retrieved from /home/airflow/.local/lib/python3.12/site-packages/airflow/example_dags/example_sla_dag.py
[2024-12-01T02:18:14.411+0000] {logging_mixin.py:190} INFO - [2024-12-01T02:18:14.411+0000] {dag.py:3239} INFO - Sync 1 DAGs
[2024-12-01T02:18:14.437+0000] {logging_mixin.py:190} INFO - [2024-12-01T02:18:14.437+0000] {dag.py:4180} INFO - Setting next_dagrun for example_sla_dag to 2024-12-01 02:16:00+00:00, run_after=2024-12-01 02:18:00+00:00
[2024-12-01T02:18:14.453+0000] {processor.py:208} INFO - Processing /home/airflow/.local/lib/python3.12/site-packages/airflow/example_dags/example_sla_dag.py took 0.077 seconds
[2024-12-01T02:18:45.078+0000] {processor.py:186} INFO - Started process (PID=51550) to work on /home/airflow/.local/lib/python3.12/site-packages/airflow/example_dags/example_sla_dag.py
[2024-12-01T02:18:45.079+0000] {processor.py:914} INFO - Processing file /home/airflow/.local/lib/python3.12/site-packages/airflow/example_dags/example_sla_dag.py for tasks to queue
[2024-12-01T02:18:45.081+0000] {logging_mixin.py:190} INFO - [2024-12-01T02:18:45.081+0000] {dagbag.py:588} INFO - Filling up the DagBag from /home/airflow/.local/lib/python3.12/site-packages/airflow/example_dags/example_sla_dag.py
[2024-12-01T02:18:45.091+0000] {processor.py:925} INFO - DAG(s) 'example_sla_dag' retrieved from /home/airflow/.local/lib/python3.12/site-packages/airflow/example_dags/example_sla_dag.py
[2024-12-01T02:18:45.108+0000] {logging_mixin.py:190} INFO - [2024-12-01T02:18:45.107+0000] {dag.py:3239} INFO - Sync 1 DAGs
[2024-12-01T02:18:45.133+0000] {logging_mixin.py:190} INFO - [2024-12-01T02:18:45.133+0000] {dag.py:4180} INFO - Setting next_dagrun for example_sla_dag to 2024-12-01 02:16:00+00:00, run_after=2024-12-01 02:18:00+00:00
[2024-12-01T02:18:45.150+0000] {processor.py:208} INFO - Processing /home/airflow/.local/lib/python3.12/site-packages/airflow/example_dags/example_sla_dag.py took 0.077 seconds
[2024-12-01T02:19:16.130+0000] {processor.py:186} INFO - Started process (PID=51617) to work on /home/airflow/.local/lib/python3.12/site-packages/airflow/example_dags/example_sla_dag.py
[2024-12-01T02:19:16.131+0000] {processor.py:914} INFO - Processing file /home/airflow/.local/lib/python3.12/site-packages/airflow/example_dags/example_sla_dag.py for tasks to queue
[2024-12-01T02:19:16.133+0000] {logging_mixin.py:190} INFO - [2024-12-01T02:19:16.133+0000] {dagbag.py:588} INFO - Filling up the DagBag from /home/airflow/.local/lib/python3.12/site-packages/airflow/example_dags/example_sla_dag.py
[2024-12-01T02:19:16.143+0000] {processor.py:925} INFO - DAG(s) 'example_sla_dag' retrieved from /home/airflow/.local/lib/python3.12/site-packages/airflow/example_dags/example_sla_dag.py
[2024-12-01T02:19:16.159+0000] {logging_mixin.py:190} INFO - [2024-12-01T02:19:16.159+0000] {dag.py:3239} INFO - Sync 1 DAGs
[2024-12-01T02:19:16.182+0000] {logging_mixin.py:190} INFO - [2024-12-01T02:19:16.182+0000] {dag.py:4180} INFO - Setting next_dagrun for example_sla_dag to 2024-12-01 02:16:00+00:00, run_after=2024-12-01 02:18:00+00:00
[2024-12-01T02:19:16.196+0000] {processor.py:208} INFO - Processing /home/airflow/.local/lib/python3.12/site-packages/airflow/example_dags/example_sla_dag.py took 0.073 seconds
[2024-12-01T02:19:47.157+0000] {processor.py:186} INFO - Started process (PID=51683) to work on /home/airflow/.local/lib/python3.12/site-packages/airflow/example_dags/example_sla_dag.py
[2024-12-01T02:19:47.159+0000] {processor.py:914} INFO - Processing file /home/airflow/.local/lib/python3.12/site-packages/airflow/example_dags/example_sla_dag.py for tasks to queue
[2024-12-01T02:19:47.163+0000] {logging_mixin.py:190} INFO - [2024-12-01T02:19:47.162+0000] {dagbag.py:588} INFO - Filling up the DagBag from /home/airflow/.local/lib/python3.12/site-packages/airflow/example_dags/example_sla_dag.py
[2024-12-01T02:19:47.194+0000] {processor.py:925} INFO - DAG(s) 'example_sla_dag' retrieved from /home/airflow/.local/lib/python3.12/site-packages/airflow/example_dags/example_sla_dag.py
[2024-12-01T02:19:47.224+0000] {logging_mixin.py:190} INFO - [2024-12-01T02:19:47.224+0000] {dag.py:3239} INFO - Sync 1 DAGs
[2024-12-01T02:19:47.276+0000] {logging_mixin.py:190} INFO - [2024-12-01T02:19:47.276+0000] {dag.py:4180} INFO - Setting next_dagrun for example_sla_dag to 2024-12-01 02:16:00+00:00, run_after=2024-12-01 02:18:00+00:00
[2024-12-01T02:19:47.293+0000] {processor.py:208} INFO - Processing /home/airflow/.local/lib/python3.12/site-packages/airflow/example_dags/example_sla_dag.py took 0.148 seconds
[2024-12-01T02:20:18.369+0000] {processor.py:186} INFO - Started process (PID=51749) to work on /home/airflow/.local/lib/python3.12/site-packages/airflow/example_dags/example_sla_dag.py
[2024-12-01T02:20:18.370+0000] {processor.py:914} INFO - Processing file /home/airflow/.local/lib/python3.12/site-packages/airflow/example_dags/example_sla_dag.py for tasks to queue
[2024-12-01T02:20:18.372+0000] {logging_mixin.py:190} INFO - [2024-12-01T02:20:18.372+0000] {dagbag.py:588} INFO - Filling up the DagBag from /home/airflow/.local/lib/python3.12/site-packages/airflow/example_dags/example_sla_dag.py
[2024-12-01T02:20:18.381+0000] {processor.py:925} INFO - DAG(s) 'example_sla_dag' retrieved from /home/airflow/.local/lib/python3.12/site-packages/airflow/example_dags/example_sla_dag.py
[2024-12-01T02:20:18.399+0000] {logging_mixin.py:190} INFO - [2024-12-01T02:20:18.399+0000] {dag.py:3239} INFO - Sync 1 DAGs
[2024-12-01T02:20:18.423+0000] {logging_mixin.py:190} INFO - [2024-12-01T02:20:18.423+0000] {dag.py:4180} INFO - Setting next_dagrun for example_sla_dag to 2024-12-01 02:18:00+00:00, run_after=2024-12-01 02:20:00+00:00
[2024-12-01T02:20:18.440+0000] {processor.py:208} INFO - Processing /home/airflow/.local/lib/python3.12/site-packages/airflow/example_dags/example_sla_dag.py took 0.076 seconds
[2024-12-01T02:20:49.642+0000] {processor.py:186} INFO - Started process (PID=51815) to work on /home/airflow/.local/lib/python3.12/site-packages/airflow/example_dags/example_sla_dag.py
[2024-12-01T02:20:49.643+0000] {processor.py:914} INFO - Processing file /home/airflow/.local/lib/python3.12/site-packages/airflow/example_dags/example_sla_dag.py for tasks to queue
[2024-12-01T02:20:49.646+0000] {logging_mixin.py:190} INFO - [2024-12-01T02:20:49.646+0000] {dagbag.py:588} INFO - Filling up the DagBag from /home/airflow/.local/lib/python3.12/site-packages/airflow/example_dags/example_sla_dag.py
[2024-12-01T02:20:49.656+0000] {processor.py:925} INFO - DAG(s) 'example_sla_dag' retrieved from /home/airflow/.local/lib/python3.12/site-packages/airflow/example_dags/example_sla_dag.py
[2024-12-01T02:20:49.674+0000] {logging_mixin.py:190} INFO - [2024-12-01T02:20:49.674+0000] {dag.py:3239} INFO - Sync 1 DAGs
[2024-12-01T02:20:49.698+0000] {logging_mixin.py:190} INFO - [2024-12-01T02:20:49.697+0000] {dag.py:4180} INFO - Setting next_dagrun for example_sla_dag to 2024-12-01 02:18:00+00:00, run_after=2024-12-01 02:20:00+00:00
[2024-12-01T02:20:49.714+0000] {processor.py:208} INFO - Processing /home/airflow/.local/lib/python3.12/site-packages/airflow/example_dags/example_sla_dag.py took 0.077 seconds
[2024-12-01T02:21:21.744+0000] {processor.py:186} INFO - Started process (PID=51880) to work on /home/airflow/.local/lib/python3.12/site-packages/airflow/example_dags/example_sla_dag.py
[2024-12-01T02:21:21.745+0000] {processor.py:914} INFO - Processing file /home/airflow/.local/lib/python3.12/site-packages/airflow/example_dags/example_sla_dag.py for tasks to queue
[2024-12-01T02:21:21.747+0000] {logging_mixin.py:190} INFO - [2024-12-01T02:21:21.747+0000] {dagbag.py:588} INFO - Filling up the DagBag from /home/airflow/.local/lib/python3.12/site-packages/airflow/example_dags/example_sla_dag.py
[2024-12-01T02:21:21.756+0000] {processor.py:925} INFO - DAG(s) 'example_sla_dag' retrieved from /home/airflow/.local/lib/python3.12/site-packages/airflow/example_dags/example_sla_dag.py
[2024-12-01T02:21:21.774+0000] {logging_mixin.py:190} INFO - [2024-12-01T02:21:21.774+0000] {dag.py:3239} INFO - Sync 1 DAGs
[2024-12-01T02:21:21.941+0000] {logging_mixin.py:190} INFO - [2024-12-01T02:21:21.941+0000] {dag.py:4180} INFO - Setting next_dagrun for example_sla_dag to 2024-12-01 02:18:00+00:00, run_after=2024-12-01 02:20:00+00:00
[2024-12-01T02:21:21.956+0000] {processor.py:208} INFO - Processing /home/airflow/.local/lib/python3.12/site-packages/airflow/example_dags/example_sla_dag.py took 0.217 seconds
[2024-12-01T02:21:52.587+0000] {processor.py:186} INFO - Started process (PID=51946) to work on /home/airflow/.local/lib/python3.12/site-packages/airflow/example_dags/example_sla_dag.py
[2024-12-01T02:21:52.588+0000] {processor.py:914} INFO - Processing file /home/airflow/.local/lib/python3.12/site-packages/airflow/example_dags/example_sla_dag.py for tasks to queue
[2024-12-01T02:21:52.591+0000] {logging_mixin.py:190} INFO - [2024-12-01T02:21:52.590+0000] {dagbag.py:588} INFO - Filling up the DagBag from /home/airflow/.local/lib/python3.12/site-packages/airflow/example_dags/example_sla_dag.py
[2024-12-01T02:21:52.600+0000] {processor.py:925} INFO - DAG(s) 'example_sla_dag' retrieved from /home/airflow/.local/lib/python3.12/site-packages/airflow/example_dags/example_sla_dag.py
[2024-12-01T02:21:52.618+0000] {logging_mixin.py:190} INFO - [2024-12-01T02:21:52.618+0000] {dag.py:3239} INFO - Sync 1 DAGs
[2024-12-01T02:21:52.783+0000] {logging_mixin.py:190} INFO - [2024-12-01T02:21:52.783+0000] {dag.py:4180} INFO - Setting next_dagrun for example_sla_dag to 2024-12-01 02:18:00+00:00, run_after=2024-12-01 02:20:00+00:00
[2024-12-01T02:21:52.799+0000] {processor.py:208} INFO - Processing /home/airflow/.local/lib/python3.12/site-packages/airflow/example_dags/example_sla_dag.py took 0.217 seconds
[2024-12-01T02:22:23.136+0000] {processor.py:186} INFO - Started process (PID=52012) to work on /home/airflow/.local/lib/python3.12/site-packages/airflow/example_dags/example_sla_dag.py
[2024-12-01T02:22:23.137+0000] {processor.py:914} INFO - Processing file /home/airflow/.local/lib/python3.12/site-packages/airflow/example_dags/example_sla_dag.py for tasks to queue
[2024-12-01T02:22:23.139+0000] {logging_mixin.py:190} INFO - [2024-12-01T02:22:23.139+0000] {dagbag.py:588} INFO - Filling up the DagBag from /home/airflow/.local/lib/python3.12/site-packages/airflow/example_dags/example_sla_dag.py
[2024-12-01T02:22:23.149+0000] {processor.py:925} INFO - DAG(s) 'example_sla_dag' retrieved from /home/airflow/.local/lib/python3.12/site-packages/airflow/example_dags/example_sla_dag.py
[2024-12-01T02:22:23.179+0000] {logging_mixin.py:190} INFO - [2024-12-01T02:22:23.178+0000] {dag.py:3239} INFO - Sync 1 DAGs
[2024-12-01T02:22:23.206+0000] {logging_mixin.py:190} INFO - [2024-12-01T02:22:23.206+0000] {dag.py:4180} INFO - Setting next_dagrun for example_sla_dag to 2024-12-01 02:20:00+00:00, run_after=2024-12-01 02:22:00+00:00
[2024-12-01T02:22:23.364+0000] {processor.py:208} INFO - Processing /home/airflow/.local/lib/python3.12/site-packages/airflow/example_dags/example_sla_dag.py took 0.234 seconds
[2024-12-01T02:22:53.594+0000] {processor.py:186} INFO - Started process (PID=52078) to work on /home/airflow/.local/lib/python3.12/site-packages/airflow/example_dags/example_sla_dag.py
[2024-12-01T02:22:53.595+0000] {processor.py:914} INFO - Processing file /home/airflow/.local/lib/python3.12/site-packages/airflow/example_dags/example_sla_dag.py for tasks to queue
[2024-12-01T02:22:53.598+0000] {logging_mixin.py:190} INFO - [2024-12-01T02:22:53.598+0000] {dagbag.py:588} INFO - Filling up the DagBag from /home/airflow/.local/lib/python3.12/site-packages/airflow/example_dags/example_sla_dag.py
[2024-12-01T02:22:53.608+0000] {processor.py:925} INFO - DAG(s) 'example_sla_dag' retrieved from /home/airflow/.local/lib/python3.12/site-packages/airflow/example_dags/example_sla_dag.py
[2024-12-01T02:22:53.624+0000] {logging_mixin.py:190} INFO - [2024-12-01T02:22:53.624+0000] {dag.py:3239} INFO - Sync 1 DAGs
[2024-12-01T02:22:53.647+0000] {logging_mixin.py:190} INFO - [2024-12-01T02:22:53.647+0000] {dag.py:4180} INFO - Setting next_dagrun for example_sla_dag to 2024-12-01 02:20:00+00:00, run_after=2024-12-01 02:22:00+00:00
[2024-12-01T02:22:53.668+0000] {processor.py:208} INFO - Processing /home/airflow/.local/lib/python3.12/site-packages/airflow/example_dags/example_sla_dag.py took 0.079 seconds
[2024-12-01T02:23:25.197+0000] {processor.py:186} INFO - Started process (PID=52144) to work on /home/airflow/.local/lib/python3.12/site-packages/airflow/example_dags/example_sla_dag.py
[2024-12-01T02:23:25.198+0000] {processor.py:914} INFO - Processing file /home/airflow/.local/lib/python3.12/site-packages/airflow/example_dags/example_sla_dag.py for tasks to queue
[2024-12-01T02:23:25.200+0000] {logging_mixin.py:190} INFO - [2024-12-01T02:23:25.200+0000] {dagbag.py:588} INFO - Filling up the DagBag from /home/airflow/.local/lib/python3.12/site-packages/airflow/example_dags/example_sla_dag.py
[2024-12-01T02:23:25.209+0000] {processor.py:925} INFO - DAG(s) 'example_sla_dag' retrieved from /home/airflow/.local/lib/python3.12/site-packages/airflow/example_dags/example_sla_dag.py
[2024-12-01T02:23:25.227+0000] {logging_mixin.py:190} INFO - [2024-12-01T02:23:25.227+0000] {dag.py:3239} INFO - Sync 1 DAGs
[2024-12-01T02:23:25.250+0000] {logging_mixin.py:190} INFO - [2024-12-01T02:23:25.249+0000] {dag.py:4180} INFO - Setting next_dagrun for example_sla_dag to 2024-12-01 02:20:00+00:00, run_after=2024-12-01 02:22:00+00:00
[2024-12-01T02:23:25.266+0000] {processor.py:208} INFO - Processing /home/airflow/.local/lib/python3.12/site-packages/airflow/example_dags/example_sla_dag.py took 0.075 seconds
[2024-12-01T02:23:55.577+0000] {processor.py:186} INFO - Started process (PID=52210) to work on /home/airflow/.local/lib/python3.12/site-packages/airflow/example_dags/example_sla_dag.py
[2024-12-01T02:23:55.578+0000] {processor.py:914} INFO - Processing file /home/airflow/.local/lib/python3.12/site-packages/airflow/example_dags/example_sla_dag.py for tasks to queue
[2024-12-01T02:23:55.581+0000] {logging_mixin.py:190} INFO - [2024-12-01T02:23:55.580+0000] {dagbag.py:588} INFO - Filling up the DagBag from /home/airflow/.local/lib/python3.12/site-packages/airflow/example_dags/example_sla_dag.py
[2024-12-01T02:23:55.591+0000] {processor.py:925} INFO - DAG(s) 'example_sla_dag' retrieved from /home/airflow/.local/lib/python3.12/site-packages/airflow/example_dags/example_sla_dag.py
[2024-12-01T02:23:55.607+0000] {logging_mixin.py:190} INFO - [2024-12-01T02:23:55.607+0000] {dag.py:3239} INFO - Sync 1 DAGs
[2024-12-01T02:23:55.630+0000] {logging_mixin.py:190} INFO - [2024-12-01T02:23:55.630+0000] {dag.py:4180} INFO - Setting next_dagrun for example_sla_dag to 2024-12-01 02:20:00+00:00, run_after=2024-12-01 02:22:00+00:00
[2024-12-01T02:23:55.646+0000] {processor.py:208} INFO - Processing /home/airflow/.local/lib/python3.12/site-packages/airflow/example_dags/example_sla_dag.py took 0.075 seconds
[2024-12-01T02:24:26.982+0000] {processor.py:186} INFO - Started process (PID=52276) to work on /home/airflow/.local/lib/python3.12/site-packages/airflow/example_dags/example_sla_dag.py
[2024-12-01T02:24:26.982+0000] {processor.py:914} INFO - Processing file /home/airflow/.local/lib/python3.12/site-packages/airflow/example_dags/example_sla_dag.py for tasks to queue
[2024-12-01T02:24:26.985+0000] {logging_mixin.py:190} INFO - [2024-12-01T02:24:26.985+0000] {dagbag.py:588} INFO - Filling up the DagBag from /home/airflow/.local/lib/python3.12/site-packages/airflow/example_dags/example_sla_dag.py
[2024-12-01T02:24:26.994+0000] {processor.py:925} INFO - DAG(s) 'example_sla_dag' retrieved from /home/airflow/.local/lib/python3.12/site-packages/airflow/example_dags/example_sla_dag.py
[2024-12-01T02:24:27.010+0000] {logging_mixin.py:190} INFO - [2024-12-01T02:24:27.010+0000] {dag.py:3239} INFO - Sync 1 DAGs
[2024-12-01T02:24:27.033+0000] {logging_mixin.py:190} INFO - [2024-12-01T02:24:27.033+0000] {dag.py:4180} INFO - Setting next_dagrun for example_sla_dag to 2024-12-01 02:22:00+00:00, run_after=2024-12-01 02:24:00+00:00
[2024-12-01T02:24:27.049+0000] {processor.py:208} INFO - Processing /home/airflow/.local/lib/python3.12/site-packages/airflow/example_dags/example_sla_dag.py took 0.074 seconds
[2024-12-01T02:24:58.466+0000] {processor.py:186} INFO - Started process (PID=52342) to work on /home/airflow/.local/lib/python3.12/site-packages/airflow/example_dags/example_sla_dag.py
[2024-12-01T02:24:58.467+0000] {processor.py:914} INFO - Processing file /home/airflow/.local/lib/python3.12/site-packages/airflow/example_dags/example_sla_dag.py for tasks to queue
[2024-12-01T02:24:58.470+0000] {logging_mixin.py:190} INFO - [2024-12-01T02:24:58.469+0000] {dagbag.py:588} INFO - Filling up the DagBag from /home/airflow/.local/lib/python3.12/site-packages/airflow/example_dags/example_sla_dag.py
[2024-12-01T02:24:58.479+0000] {processor.py:925} INFO - DAG(s) 'example_sla_dag' retrieved from /home/airflow/.local/lib/python3.12/site-packages/airflow/example_dags/example_sla_dag.py
[2024-12-01T02:24:58.496+0000] {logging_mixin.py:190} INFO - [2024-12-01T02:24:58.495+0000] {dag.py:3239} INFO - Sync 1 DAGs
[2024-12-01T02:24:58.518+0000] {logging_mixin.py:190} INFO - [2024-12-01T02:24:58.518+0000] {dag.py:4180} INFO - Setting next_dagrun for example_sla_dag to 2024-12-01 02:22:00+00:00, run_after=2024-12-01 02:24:00+00:00
[2024-12-01T02:24:58.534+0000] {processor.py:208} INFO - Processing /home/airflow/.local/lib/python3.12/site-packages/airflow/example_dags/example_sla_dag.py took 0.074 seconds
[2024-12-01T02:25:28.960+0000] {processor.py:186} INFO - Started process (PID=52408) to work on /home/airflow/.local/lib/python3.12/site-packages/airflow/example_dags/example_sla_dag.py
[2024-12-01T02:25:28.961+0000] {processor.py:914} INFO - Processing file /home/airflow/.local/lib/python3.12/site-packages/airflow/example_dags/example_sla_dag.py for tasks to queue
[2024-12-01T02:25:28.963+0000] {logging_mixin.py:190} INFO - [2024-12-01T02:25:28.963+0000] {dagbag.py:588} INFO - Filling up the DagBag from /home/airflow/.local/lib/python3.12/site-packages/airflow/example_dags/example_sla_dag.py
[2024-12-01T02:25:28.973+0000] {processor.py:925} INFO - DAG(s) 'example_sla_dag' retrieved from /home/airflow/.local/lib/python3.12/site-packages/airflow/example_dags/example_sla_dag.py
[2024-12-01T02:25:28.990+0000] {logging_mixin.py:190} INFO - [2024-12-01T02:25:28.990+0000] {dag.py:3239} INFO - Sync 1 DAGs
[2024-12-01T02:25:29.014+0000] {logging_mixin.py:190} INFO - [2024-12-01T02:25:29.014+0000] {dag.py:4180} INFO - Setting next_dagrun for example_sla_dag to 2024-12-01 02:22:00+00:00, run_after=2024-12-01 02:24:00+00:00
[2024-12-01T02:25:29.030+0000] {processor.py:208} INFO - Processing /home/airflow/.local/lib/python3.12/site-packages/airflow/example_dags/example_sla_dag.py took 0.076 seconds
[2024-12-01T02:25:59.659+0000] {processor.py:186} INFO - Started process (PID=52474) to work on /home/airflow/.local/lib/python3.12/site-packages/airflow/example_dags/example_sla_dag.py
[2024-12-01T02:25:59.660+0000] {processor.py:914} INFO - Processing file /home/airflow/.local/lib/python3.12/site-packages/airflow/example_dags/example_sla_dag.py for tasks to queue
[2024-12-01T02:25:59.662+0000] {logging_mixin.py:190} INFO - [2024-12-01T02:25:59.662+0000] {dagbag.py:588} INFO - Filling up the DagBag from /home/airflow/.local/lib/python3.12/site-packages/airflow/example_dags/example_sla_dag.py
[2024-12-01T02:25:59.671+0000] {processor.py:925} INFO - DAG(s) 'example_sla_dag' retrieved from /home/airflow/.local/lib/python3.12/site-packages/airflow/example_dags/example_sla_dag.py
[2024-12-01T02:25:59.688+0000] {logging_mixin.py:190} INFO - [2024-12-01T02:25:59.687+0000] {dag.py:3239} INFO - Sync 1 DAGs
[2024-12-01T02:25:59.711+0000] {logging_mixin.py:190} INFO - [2024-12-01T02:25:59.710+0000] {dag.py:4180} INFO - Setting next_dagrun for example_sla_dag to 2024-12-01 02:22:00+00:00, run_after=2024-12-01 02:24:00+00:00
[2024-12-01T02:25:59.726+0000] {processor.py:208} INFO - Processing /home/airflow/.local/lib/python3.12/site-packages/airflow/example_dags/example_sla_dag.py took 0.073 seconds
[2024-12-01T02:26:30.227+0000] {processor.py:186} INFO - Started process (PID=52546) to work on /home/airflow/.local/lib/python3.12/site-packages/airflow/example_dags/example_sla_dag.py
[2024-12-01T02:26:30.228+0000] {processor.py:914} INFO - Processing file /home/airflow/.local/lib/python3.12/site-packages/airflow/example_dags/example_sla_dag.py for tasks to queue
[2024-12-01T02:26:30.230+0000] {logging_mixin.py:190} INFO - [2024-12-01T02:26:30.230+0000] {dagbag.py:588} INFO - Filling up the DagBag from /home/airflow/.local/lib/python3.12/site-packages/airflow/example_dags/example_sla_dag.py
[2024-12-01T02:26:30.240+0000] {processor.py:925} INFO - DAG(s) 'example_sla_dag' retrieved from /home/airflow/.local/lib/python3.12/site-packages/airflow/example_dags/example_sla_dag.py
[2024-12-01T02:26:30.258+0000] {logging_mixin.py:190} INFO - [2024-12-01T02:26:30.258+0000] {dag.py:3239} INFO - Sync 1 DAGs
[2024-12-01T02:26:30.282+0000] {logging_mixin.py:190} INFO - [2024-12-01T02:26:30.281+0000] {dag.py:4180} INFO - Setting next_dagrun for example_sla_dag to 2024-12-01 02:24:00+00:00, run_after=2024-12-01 02:26:00+00:00
[2024-12-01T02:26:30.298+0000] {processor.py:208} INFO - Processing /home/airflow/.local/lib/python3.12/site-packages/airflow/example_dags/example_sla_dag.py took 0.077 seconds
[2024-12-01T02:27:00.895+0000] {processor.py:186} INFO - Started process (PID=52612) to work on /home/airflow/.local/lib/python3.12/site-packages/airflow/example_dags/example_sla_dag.py
[2024-12-01T02:27:00.896+0000] {processor.py:914} INFO - Processing file /home/airflow/.local/lib/python3.12/site-packages/airflow/example_dags/example_sla_dag.py for tasks to queue
[2024-12-01T02:27:00.899+0000] {logging_mixin.py:190} INFO - [2024-12-01T02:27:00.898+0000] {dagbag.py:588} INFO - Filling up the DagBag from /home/airflow/.local/lib/python3.12/site-packages/airflow/example_dags/example_sla_dag.py
[2024-12-01T02:27:00.908+0000] {processor.py:925} INFO - DAG(s) 'example_sla_dag' retrieved from /home/airflow/.local/lib/python3.12/site-packages/airflow/example_dags/example_sla_dag.py
[2024-12-01T02:27:00.925+0000] {logging_mixin.py:190} INFO - [2024-12-01T02:27:00.925+0000] {dag.py:3239} INFO - Sync 1 DAGs
[2024-12-01T02:27:00.951+0000] {logging_mixin.py:190} INFO - [2024-12-01T02:27:00.951+0000] {dag.py:4180} INFO - Setting next_dagrun for example_sla_dag to 2024-12-01 02:24:00+00:00, run_after=2024-12-01 02:26:00+00:00
[2024-12-01T02:27:00.964+0000] {processor.py:208} INFO - Processing /home/airflow/.local/lib/python3.12/site-packages/airflow/example_dags/example_sla_dag.py took 0.075 seconds
[2024-12-01T02:27:31.361+0000] {processor.py:186} INFO - Started process (PID=52678) to work on /home/airflow/.local/lib/python3.12/site-packages/airflow/example_dags/example_sla_dag.py
[2024-12-01T02:27:31.362+0000] {processor.py:914} INFO - Processing file /home/airflow/.local/lib/python3.12/site-packages/airflow/example_dags/example_sla_dag.py for tasks to queue
[2024-12-01T02:27:31.365+0000] {logging_mixin.py:190} INFO - [2024-12-01T02:27:31.364+0000] {dagbag.py:588} INFO - Filling up the DagBag from /home/airflow/.local/lib/python3.12/site-packages/airflow/example_dags/example_sla_dag.py
[2024-12-01T02:27:31.374+0000] {processor.py:925} INFO - DAG(s) 'example_sla_dag' retrieved from /home/airflow/.local/lib/python3.12/site-packages/airflow/example_dags/example_sla_dag.py
[2024-12-01T02:27:31.391+0000] {logging_mixin.py:190} INFO - [2024-12-01T02:27:31.391+0000] {dag.py:3239} INFO - Sync 1 DAGs
[2024-12-01T02:27:31.414+0000] {logging_mixin.py:190} INFO - [2024-12-01T02:27:31.414+0000] {dag.py:4180} INFO - Setting next_dagrun for example_sla_dag to 2024-12-01 02:24:00+00:00, run_after=2024-12-01 02:26:00+00:00
[2024-12-01T02:27:31.431+0000] {processor.py:208} INFO - Processing /home/airflow/.local/lib/python3.12/site-packages/airflow/example_dags/example_sla_dag.py took 0.075 seconds
[2024-12-01T02:28:02.799+0000] {processor.py:186} INFO - Started process (PID=52744) to work on /home/airflow/.local/lib/python3.12/site-packages/airflow/example_dags/example_sla_dag.py
[2024-12-01T02:28:02.800+0000] {processor.py:914} INFO - Processing file /home/airflow/.local/lib/python3.12/site-packages/airflow/example_dags/example_sla_dag.py for tasks to queue
[2024-12-01T02:28:02.803+0000] {logging_mixin.py:190} INFO - [2024-12-01T02:28:02.802+0000] {dagbag.py:588} INFO - Filling up the DagBag from /home/airflow/.local/lib/python3.12/site-packages/airflow/example_dags/example_sla_dag.py
[2024-12-01T02:28:02.812+0000] {processor.py:925} INFO - DAG(s) 'example_sla_dag' retrieved from /home/airflow/.local/lib/python3.12/site-packages/airflow/example_dags/example_sla_dag.py
[2024-12-01T02:28:02.828+0000] {logging_mixin.py:190} INFO - [2024-12-01T02:28:02.828+0000] {dag.py:3239} INFO - Sync 1 DAGs
[2024-12-01T02:28:02.851+0000] {logging_mixin.py:190} INFO - [2024-12-01T02:28:02.851+0000] {dag.py:4180} INFO - Setting next_dagrun for example_sla_dag to 2024-12-01 02:26:00+00:00, run_after=2024-12-01 02:28:00+00:00
[2024-12-01T02:28:02.866+0000] {processor.py:208} INFO - Processing /home/airflow/.local/lib/python3.12/site-packages/airflow/example_dags/example_sla_dag.py took 0.074 seconds
[2024-12-01T02:28:33.305+0000] {processor.py:186} INFO - Started process (PID=52810) to work on /home/airflow/.local/lib/python3.12/site-packages/airflow/example_dags/example_sla_dag.py
[2024-12-01T02:28:33.307+0000] {processor.py:914} INFO - Processing file /home/airflow/.local/lib/python3.12/site-packages/airflow/example_dags/example_sla_dag.py for tasks to queue
[2024-12-01T02:28:33.309+0000] {logging_mixin.py:190} INFO - [2024-12-01T02:28:33.309+0000] {dagbag.py:588} INFO - Filling up the DagBag from /home/airflow/.local/lib/python3.12/site-packages/airflow/example_dags/example_sla_dag.py
[2024-12-01T02:28:33.322+0000] {processor.py:925} INFO - DAG(s) 'example_sla_dag' retrieved from /home/airflow/.local/lib/python3.12/site-packages/airflow/example_dags/example_sla_dag.py
[2024-12-01T02:28:33.341+0000] {logging_mixin.py:190} INFO - [2024-12-01T02:28:33.341+0000] {dag.py:3239} INFO - Sync 1 DAGs
[2024-12-01T02:28:33.366+0000] {logging_mixin.py:190} INFO - [2024-12-01T02:28:33.366+0000] {dag.py:4180} INFO - Setting next_dagrun for example_sla_dag to 2024-12-01 02:26:00+00:00, run_after=2024-12-01 02:28:00+00:00
[2024-12-01T02:28:33.384+0000] {processor.py:208} INFO - Processing /home/airflow/.local/lib/python3.12/site-packages/airflow/example_dags/example_sla_dag.py took 0.087 seconds
[2024-12-01T02:29:03.801+0000] {processor.py:186} INFO - Started process (PID=52876) to work on /home/airflow/.local/lib/python3.12/site-packages/airflow/example_dags/example_sla_dag.py
[2024-12-01T02:29:03.802+0000] {processor.py:914} INFO - Processing file /home/airflow/.local/lib/python3.12/site-packages/airflow/example_dags/example_sla_dag.py for tasks to queue
[2024-12-01T02:29:03.804+0000] {logging_mixin.py:190} INFO - [2024-12-01T02:29:03.804+0000] {dagbag.py:588} INFO - Filling up the DagBag from /home/airflow/.local/lib/python3.12/site-packages/airflow/example_dags/example_sla_dag.py
[2024-12-01T02:29:03.813+0000] {processor.py:925} INFO - DAG(s) 'example_sla_dag' retrieved from /home/airflow/.local/lib/python3.12/site-packages/airflow/example_dags/example_sla_dag.py
[2024-12-01T02:29:03.830+0000] {logging_mixin.py:190} INFO - [2024-12-01T02:29:03.830+0000] {dag.py:3239} INFO - Sync 1 DAGs
[2024-12-01T02:29:03.852+0000] {logging_mixin.py:190} INFO - [2024-12-01T02:29:03.852+0000] {dag.py:4180} INFO - Setting next_dagrun for example_sla_dag to 2024-12-01 02:26:00+00:00, run_after=2024-12-01 02:28:00+00:00
[2024-12-01T02:29:03.868+0000] {processor.py:208} INFO - Processing /home/airflow/.local/lib/python3.12/site-packages/airflow/example_dags/example_sla_dag.py took 0.071 seconds
[2024-12-01T02:29:34.448+0000] {processor.py:186} INFO - Started process (PID=52942) to work on /home/airflow/.local/lib/python3.12/site-packages/airflow/example_dags/example_sla_dag.py
[2024-12-01T02:29:34.449+0000] {processor.py:914} INFO - Processing file /home/airflow/.local/lib/python3.12/site-packages/airflow/example_dags/example_sla_dag.py for tasks to queue
[2024-12-01T02:29:34.452+0000] {logging_mixin.py:190} INFO - [2024-12-01T02:29:34.451+0000] {dagbag.py:588} INFO - Filling up the DagBag from /home/airflow/.local/lib/python3.12/site-packages/airflow/example_dags/example_sla_dag.py
[2024-12-01T02:29:34.464+0000] {processor.py:925} INFO - DAG(s) 'example_sla_dag' retrieved from /home/airflow/.local/lib/python3.12/site-packages/airflow/example_dags/example_sla_dag.py
[2024-12-01T02:29:34.481+0000] {logging_mixin.py:190} INFO - [2024-12-01T02:29:34.480+0000] {dag.py:3239} INFO - Sync 1 DAGs
[2024-12-01T02:29:34.503+0000] {logging_mixin.py:190} INFO - [2024-12-01T02:29:34.503+0000] {dag.py:4180} INFO - Setting next_dagrun for example_sla_dag to 2024-12-01 02:26:00+00:00, run_after=2024-12-01 02:28:00+00:00
[2024-12-01T02:29:34.519+0000] {processor.py:208} INFO - Processing /home/airflow/.local/lib/python3.12/site-packages/airflow/example_dags/example_sla_dag.py took 0.077 seconds
[2024-12-01T02:30:05.804+0000] {processor.py:186} INFO - Started process (PID=53008) to work on /home/airflow/.local/lib/python3.12/site-packages/airflow/example_dags/example_sla_dag.py
[2024-12-01T02:30:05.805+0000] {processor.py:914} INFO - Processing file /home/airflow/.local/lib/python3.12/site-packages/airflow/example_dags/example_sla_dag.py for tasks to queue
[2024-12-01T02:30:05.807+0000] {logging_mixin.py:190} INFO - [2024-12-01T02:30:05.807+0000] {dagbag.py:588} INFO - Filling up the DagBag from /home/airflow/.local/lib/python3.12/site-packages/airflow/example_dags/example_sla_dag.py
[2024-12-01T02:30:05.817+0000] {processor.py:925} INFO - DAG(s) 'example_sla_dag' retrieved from /home/airflow/.local/lib/python3.12/site-packages/airflow/example_dags/example_sla_dag.py
[2024-12-01T02:30:05.833+0000] {logging_mixin.py:190} INFO - [2024-12-01T02:30:05.833+0000] {dag.py:3239} INFO - Sync 1 DAGs
[2024-12-01T02:30:05.856+0000] {logging_mixin.py:190} INFO - [2024-12-01T02:30:05.856+0000] {dag.py:4180} INFO - Setting next_dagrun for example_sla_dag to 2024-12-01 02:28:00+00:00, run_after=2024-12-01 02:30:00+00:00
[2024-12-01T02:30:05.872+0000] {processor.py:208} INFO - Processing /home/airflow/.local/lib/python3.12/site-packages/airflow/example_dags/example_sla_dag.py took 0.074 seconds
[2024-12-01T02:30:36.401+0000] {processor.py:186} INFO - Started process (PID=53074) to work on /home/airflow/.local/lib/python3.12/site-packages/airflow/example_dags/example_sla_dag.py
[2024-12-01T02:30:36.401+0000] {processor.py:914} INFO - Processing file /home/airflow/.local/lib/python3.12/site-packages/airflow/example_dags/example_sla_dag.py for tasks to queue
[2024-12-01T02:30:36.404+0000] {logging_mixin.py:190} INFO - [2024-12-01T02:30:36.403+0000] {dagbag.py:588} INFO - Filling up the DagBag from /home/airflow/.local/lib/python3.12/site-packages/airflow/example_dags/example_sla_dag.py
[2024-12-01T02:30:36.413+0000] {processor.py:925} INFO - DAG(s) 'example_sla_dag' retrieved from /home/airflow/.local/lib/python3.12/site-packages/airflow/example_dags/example_sla_dag.py
[2024-12-01T02:30:36.430+0000] {logging_mixin.py:190} INFO - [2024-12-01T02:30:36.429+0000] {dag.py:3239} INFO - Sync 1 DAGs
[2024-12-01T02:30:36.453+0000] {logging_mixin.py:190} INFO - [2024-12-01T02:30:36.453+0000] {dag.py:4180} INFO - Setting next_dagrun for example_sla_dag to 2024-12-01 02:28:00+00:00, run_after=2024-12-01 02:30:00+00:00
[2024-12-01T02:30:36.468+0000] {processor.py:208} INFO - Processing /home/airflow/.local/lib/python3.12/site-packages/airflow/example_dags/example_sla_dag.py took 0.073 seconds
[2024-12-01T02:31:07.062+0000] {processor.py:186} INFO - Started process (PID=53140) to work on /home/airflow/.local/lib/python3.12/site-packages/airflow/example_dags/example_sla_dag.py
[2024-12-01T02:31:07.063+0000] {processor.py:914} INFO - Processing file /home/airflow/.local/lib/python3.12/site-packages/airflow/example_dags/example_sla_dag.py for tasks to queue
[2024-12-01T02:31:07.065+0000] {logging_mixin.py:190} INFO - [2024-12-01T02:31:07.065+0000] {dagbag.py:588} INFO - Filling up the DagBag from /home/airflow/.local/lib/python3.12/site-packages/airflow/example_dags/example_sla_dag.py
[2024-12-01T02:31:07.075+0000] {processor.py:925} INFO - DAG(s) 'example_sla_dag' retrieved from /home/airflow/.local/lib/python3.12/site-packages/airflow/example_dags/example_sla_dag.py
[2024-12-01T02:31:07.091+0000] {logging_mixin.py:190} INFO - [2024-12-01T02:31:07.090+0000] {dag.py:3239} INFO - Sync 1 DAGs
[2024-12-01T02:31:07.112+0000] {logging_mixin.py:190} INFO - [2024-12-01T02:31:07.112+0000] {dag.py:4180} INFO - Setting next_dagrun for example_sla_dag to 2024-12-01 02:28:00+00:00, run_after=2024-12-01 02:30:00+00:00
[2024-12-01T02:31:07.127+0000] {processor.py:208} INFO - Processing /home/airflow/.local/lib/python3.12/site-packages/airflow/example_dags/example_sla_dag.py took 0.070 seconds
[2024-12-01T02:31:38.359+0000] {processor.py:186} INFO - Started process (PID=53206) to work on /home/airflow/.local/lib/python3.12/site-packages/airflow/example_dags/example_sla_dag.py
[2024-12-01T02:31:38.360+0000] {processor.py:914} INFO - Processing file /home/airflow/.local/lib/python3.12/site-packages/airflow/example_dags/example_sla_dag.py for tasks to queue
[2024-12-01T02:31:38.362+0000] {logging_mixin.py:190} INFO - [2024-12-01T02:31:38.362+0000] {dagbag.py:588} INFO - Filling up the DagBag from /home/airflow/.local/lib/python3.12/site-packages/airflow/example_dags/example_sla_dag.py
[2024-12-01T02:31:38.375+0000] {processor.py:925} INFO - DAG(s) 'example_sla_dag' retrieved from /home/airflow/.local/lib/python3.12/site-packages/airflow/example_dags/example_sla_dag.py
[2024-12-01T02:31:38.391+0000] {logging_mixin.py:190} INFO - [2024-12-01T02:31:38.391+0000] {dag.py:3239} INFO - Sync 1 DAGs
[2024-12-01T02:31:38.422+0000] {logging_mixin.py:190} INFO - [2024-12-01T02:31:38.422+0000] {dag.py:4180} INFO - Setting next_dagrun for example_sla_dag to 2024-12-01 02:28:00+00:00, run_after=2024-12-01 02:30:00+00:00
[2024-12-01T02:31:38.438+0000] {processor.py:208} INFO - Processing /home/airflow/.local/lib/python3.12/site-packages/airflow/example_dags/example_sla_dag.py took 0.085 seconds
[2024-12-01T02:32:08.854+0000] {processor.py:186} INFO - Started process (PID=53272) to work on /home/airflow/.local/lib/python3.12/site-packages/airflow/example_dags/example_sla_dag.py
[2024-12-01T02:32:08.855+0000] {processor.py:914} INFO - Processing file /home/airflow/.local/lib/python3.12/site-packages/airflow/example_dags/example_sla_dag.py for tasks to queue
[2024-12-01T02:32:08.857+0000] {logging_mixin.py:190} INFO - [2024-12-01T02:32:08.857+0000] {dagbag.py:588} INFO - Filling up the DagBag from /home/airflow/.local/lib/python3.12/site-packages/airflow/example_dags/example_sla_dag.py
[2024-12-01T02:32:08.867+0000] {processor.py:925} INFO - DAG(s) 'example_sla_dag' retrieved from /home/airflow/.local/lib/python3.12/site-packages/airflow/example_dags/example_sla_dag.py
[2024-12-01T02:32:08.883+0000] {logging_mixin.py:190} INFO - [2024-12-01T02:32:08.883+0000] {dag.py:3239} INFO - Sync 1 DAGs
[2024-12-01T02:32:08.906+0000] {logging_mixin.py:190} INFO - [2024-12-01T02:32:08.906+0000] {dag.py:4180} INFO - Setting next_dagrun for example_sla_dag to 2024-12-01 02:30:00+00:00, run_after=2024-12-01 02:32:00+00:00
[2024-12-01T02:32:08.921+0000] {processor.py:208} INFO - Processing /home/airflow/.local/lib/python3.12/site-packages/airflow/example_dags/example_sla_dag.py took 0.073 seconds
[2024-12-01T02:32:40.493+0000] {processor.py:186} INFO - Started process (PID=53339) to work on /home/airflow/.local/lib/python3.12/site-packages/airflow/example_dags/example_sla_dag.py
[2024-12-01T02:32:40.493+0000] {processor.py:914} INFO - Processing file /home/airflow/.local/lib/python3.12/site-packages/airflow/example_dags/example_sla_dag.py for tasks to queue
[2024-12-01T02:32:40.496+0000] {logging_mixin.py:190} INFO - [2024-12-01T02:32:40.495+0000] {dagbag.py:588} INFO - Filling up the DagBag from /home/airflow/.local/lib/python3.12/site-packages/airflow/example_dags/example_sla_dag.py
[2024-12-01T02:32:40.505+0000] {processor.py:925} INFO - DAG(s) 'example_sla_dag' retrieved from /home/airflow/.local/lib/python3.12/site-packages/airflow/example_dags/example_sla_dag.py
[2024-12-01T02:32:40.523+0000] {logging_mixin.py:190} INFO - [2024-12-01T02:32:40.523+0000] {dag.py:3239} INFO - Sync 1 DAGs
[2024-12-01T02:32:40.548+0000] {logging_mixin.py:190} INFO - [2024-12-01T02:32:40.548+0000] {dag.py:4180} INFO - Setting next_dagrun for example_sla_dag to 2024-12-01 02:30:00+00:00, run_after=2024-12-01 02:32:00+00:00
[2024-12-01T02:32:40.574+0000] {processor.py:208} INFO - Processing /home/airflow/.local/lib/python3.12/site-packages/airflow/example_dags/example_sla_dag.py took 0.087 seconds
[2024-12-01T02:33:11.051+0000] {processor.py:186} INFO - Started process (PID=53405) to work on /home/airflow/.local/lib/python3.12/site-packages/airflow/example_dags/example_sla_dag.py
[2024-12-01T02:33:11.052+0000] {processor.py:914} INFO - Processing file /home/airflow/.local/lib/python3.12/site-packages/airflow/example_dags/example_sla_dag.py for tasks to queue
[2024-12-01T02:33:11.054+0000] {logging_mixin.py:190} INFO - [2024-12-01T02:33:11.054+0000] {dagbag.py:588} INFO - Filling up the DagBag from /home/airflow/.local/lib/python3.12/site-packages/airflow/example_dags/example_sla_dag.py
[2024-12-01T02:33:11.063+0000] {processor.py:925} INFO - DAG(s) 'example_sla_dag' retrieved from /home/airflow/.local/lib/python3.12/site-packages/airflow/example_dags/example_sla_dag.py
[2024-12-01T02:33:11.084+0000] {logging_mixin.py:190} INFO - [2024-12-01T02:33:11.083+0000] {dag.py:3239} INFO - Sync 1 DAGs
[2024-12-01T02:33:11.113+0000] {logging_mixin.py:190} INFO - [2024-12-01T02:33:11.113+0000] {dag.py:4180} INFO - Setting next_dagrun for example_sla_dag to 2024-12-01 02:30:00+00:00, run_after=2024-12-01 02:32:00+00:00
[2024-12-01T02:33:11.135+0000] {processor.py:208} INFO - Processing /home/airflow/.local/lib/python3.12/site-packages/airflow/example_dags/example_sla_dag.py took 0.089 seconds
[2024-12-01T02:33:41.845+0000] {processor.py:186} INFO - Started process (PID=53471) to work on /home/airflow/.local/lib/python3.12/site-packages/airflow/example_dags/example_sla_dag.py
[2024-12-01T02:33:41.846+0000] {processor.py:914} INFO - Processing file /home/airflow/.local/lib/python3.12/site-packages/airflow/example_dags/example_sla_dag.py for tasks to queue
[2024-12-01T02:33:41.848+0000] {logging_mixin.py:190} INFO - [2024-12-01T02:33:41.847+0000] {dagbag.py:588} INFO - Filling up the DagBag from /home/airflow/.local/lib/python3.12/site-packages/airflow/example_dags/example_sla_dag.py
[2024-12-01T02:33:41.856+0000] {processor.py:925} INFO - DAG(s) 'example_sla_dag' retrieved from /home/airflow/.local/lib/python3.12/site-packages/airflow/example_dags/example_sla_dag.py
[2024-12-01T02:33:41.872+0000] {logging_mixin.py:190} INFO - [2024-12-01T02:33:41.872+0000] {dag.py:3239} INFO - Sync 1 DAGs
[2024-12-01T02:33:41.895+0000] {logging_mixin.py:190} INFO - [2024-12-01T02:33:41.895+0000] {dag.py:4180} INFO - Setting next_dagrun for example_sla_dag to 2024-12-01 02:30:00+00:00, run_after=2024-12-01 02:32:00+00:00
[2024-12-01T02:33:41.911+0000] {processor.py:208} INFO - Processing /home/airflow/.local/lib/python3.12/site-packages/airflow/example_dags/example_sla_dag.py took 0.072 seconds
[2024-12-01T02:34:12.544+0000] {processor.py:186} INFO - Started process (PID=53537) to work on /home/airflow/.local/lib/python3.12/site-packages/airflow/example_dags/example_sla_dag.py
[2024-12-01T02:34:12.545+0000] {processor.py:914} INFO - Processing file /home/airflow/.local/lib/python3.12/site-packages/airflow/example_dags/example_sla_dag.py for tasks to queue
[2024-12-01T02:34:12.547+0000] {logging_mixin.py:190} INFO - [2024-12-01T02:34:12.547+0000] {dagbag.py:588} INFO - Filling up the DagBag from /home/airflow/.local/lib/python3.12/site-packages/airflow/example_dags/example_sla_dag.py
[2024-12-01T02:34:12.561+0000] {processor.py:925} INFO - DAG(s) 'example_sla_dag' retrieved from /home/airflow/.local/lib/python3.12/site-packages/airflow/example_dags/example_sla_dag.py
[2024-12-01T02:34:12.582+0000] {logging_mixin.py:190} INFO - [2024-12-01T02:34:12.581+0000] {dag.py:3239} INFO - Sync 1 DAGs
[2024-12-01T02:34:12.609+0000] {logging_mixin.py:190} INFO - [2024-12-01T02:34:12.608+0000] {dag.py:4180} INFO - Setting next_dagrun for example_sla_dag to 2024-12-01 02:32:00+00:00, run_after=2024-12-01 02:34:00+00:00
[2024-12-01T02:34:12.626+0000] {processor.py:208} INFO - Processing /home/airflow/.local/lib/python3.12/site-packages/airflow/example_dags/example_sla_dag.py took 0.088 seconds
