[2024-12-01T02:11:02.246+0000] {processor.py:186} INFO - Started process (PID=50563) to work on /home/airflow/.local/lib/python3.12/site-packages/airflow/example_dags/example_bash_operator.py
[2024-12-01T02:11:02.247+0000] {processor.py:914} INFO - Processing file /home/airflow/.local/lib/python3.12/site-packages/airflow/example_dags/example_bash_operator.py for tasks to queue
[2024-12-01T02:11:02.250+0000] {logging_mixin.py:190} INFO - [2024-12-01T02:11:02.250+0000] {dagbag.py:588} INFO - Filling up the DagBag from /home/airflow/.local/lib/python3.12/site-packages/airflow/example_dags/example_bash_operator.py
[2024-12-01T02:11:02.268+0000] {processor.py:925} INFO - DAG(s) 'example_bash_operator' retrieved from /home/airflow/.local/lib/python3.12/site-packages/airflow/example_dags/example_bash_operator.py
[2024-12-01T02:11:02.302+0000] {logging_mixin.py:190} INFO - [2024-12-01T02:11:02.302+0000] {dag.py:3239} INFO - Sync 1 DAGs
[2024-12-01T02:11:02.326+0000] {logging_mixin.py:190} INFO - [2024-12-01T02:11:02.326+0000] {dag.py:4180} INFO - Setting next_dagrun for example_bash_operator to 2024-11-30 00:00:00+00:00, run_after=2024-12-01 00:00:00+00:00
[2024-12-01T02:11:02.344+0000] {processor.py:208} INFO - Processing /home/airflow/.local/lib/python3.12/site-packages/airflow/example_dags/example_bash_operator.py took 0.108 seconds
[2024-12-01T02:11:33.070+0000] {processor.py:186} INFO - Started process (PID=50630) to work on /home/airflow/.local/lib/python3.12/site-packages/airflow/example_dags/example_bash_operator.py
[2024-12-01T02:11:33.071+0000] {processor.py:914} INFO - Processing file /home/airflow/.local/lib/python3.12/site-packages/airflow/example_dags/example_bash_operator.py for tasks to queue
[2024-12-01T02:11:33.073+0000] {logging_mixin.py:190} INFO - [2024-12-01T02:11:33.073+0000] {dagbag.py:588} INFO - Filling up the DagBag from /home/airflow/.local/lib/python3.12/site-packages/airflow/example_dags/example_bash_operator.py
[2024-12-01T02:11:33.090+0000] {processor.py:925} INFO - DAG(s) 'example_bash_operator' retrieved from /home/airflow/.local/lib/python3.12/site-packages/airflow/example_dags/example_bash_operator.py
[2024-12-01T02:11:33.122+0000] {logging_mixin.py:190} INFO - [2024-12-01T02:11:33.122+0000] {dag.py:3239} INFO - Sync 1 DAGs
[2024-12-01T02:11:33.151+0000] {logging_mixin.py:190} INFO - [2024-12-01T02:11:33.151+0000] {dag.py:4180} INFO - Setting next_dagrun for example_bash_operator to 2024-11-30 00:00:00+00:00, run_after=2024-12-01 00:00:00+00:00
[2024-12-01T02:11:33.171+0000] {processor.py:208} INFO - Processing /home/airflow/.local/lib/python3.12/site-packages/airflow/example_dags/example_bash_operator.py took 0.107 seconds
[2024-12-01T02:12:03.581+0000] {processor.py:186} INFO - Started process (PID=50696) to work on /home/airflow/.local/lib/python3.12/site-packages/airflow/example_dags/example_bash_operator.py
[2024-12-01T02:12:03.581+0000] {processor.py:914} INFO - Processing file /home/airflow/.local/lib/python3.12/site-packages/airflow/example_dags/example_bash_operator.py for tasks to queue
[2024-12-01T02:12:03.584+0000] {logging_mixin.py:190} INFO - [2024-12-01T02:12:03.584+0000] {dagbag.py:588} INFO - Filling up the DagBag from /home/airflow/.local/lib/python3.12/site-packages/airflow/example_dags/example_bash_operator.py
[2024-12-01T02:12:03.600+0000] {processor.py:925} INFO - DAG(s) 'example_bash_operator' retrieved from /home/airflow/.local/lib/python3.12/site-packages/airflow/example_dags/example_bash_operator.py
[2024-12-01T02:12:03.629+0000] {logging_mixin.py:190} INFO - [2024-12-01T02:12:03.629+0000] {dag.py:3239} INFO - Sync 1 DAGs
[2024-12-01T02:12:03.658+0000] {logging_mixin.py:190} INFO - [2024-12-01T02:12:03.658+0000] {dag.py:4180} INFO - Setting next_dagrun for example_bash_operator to 2024-11-30 00:00:00+00:00, run_after=2024-12-01 00:00:00+00:00
[2024-12-01T02:12:03.677+0000] {processor.py:208} INFO - Processing /home/airflow/.local/lib/python3.12/site-packages/airflow/example_dags/example_bash_operator.py took 0.102 seconds
[2024-12-01T02:12:34.290+0000] {processor.py:186} INFO - Started process (PID=50762) to work on /home/airflow/.local/lib/python3.12/site-packages/airflow/example_dags/example_bash_operator.py
[2024-12-01T02:12:34.291+0000] {processor.py:914} INFO - Processing file /home/airflow/.local/lib/python3.12/site-packages/airflow/example_dags/example_bash_operator.py for tasks to queue
[2024-12-01T02:12:34.293+0000] {logging_mixin.py:190} INFO - [2024-12-01T02:12:34.293+0000] {dagbag.py:588} INFO - Filling up the DagBag from /home/airflow/.local/lib/python3.12/site-packages/airflow/example_dags/example_bash_operator.py
[2024-12-01T02:12:34.311+0000] {processor.py:925} INFO - DAG(s) 'example_bash_operator' retrieved from /home/airflow/.local/lib/python3.12/site-packages/airflow/example_dags/example_bash_operator.py
[2024-12-01T02:12:34.349+0000] {logging_mixin.py:190} INFO - [2024-12-01T02:12:34.349+0000] {dag.py:3239} INFO - Sync 1 DAGs
[2024-12-01T02:12:34.373+0000] {logging_mixin.py:190} INFO - [2024-12-01T02:12:34.373+0000] {dag.py:4180} INFO - Setting next_dagrun for example_bash_operator to 2024-11-30 00:00:00+00:00, run_after=2024-12-01 00:00:00+00:00
[2024-12-01T02:12:34.388+0000] {processor.py:208} INFO - Processing /home/airflow/.local/lib/python3.12/site-packages/airflow/example_dags/example_bash_operator.py took 0.105 seconds
[2024-12-01T02:13:05.209+0000] {processor.py:186} INFO - Started process (PID=50828) to work on /home/airflow/.local/lib/python3.12/site-packages/airflow/example_dags/example_bash_operator.py
[2024-12-01T02:13:05.210+0000] {processor.py:914} INFO - Processing file /home/airflow/.local/lib/python3.12/site-packages/airflow/example_dags/example_bash_operator.py for tasks to queue
[2024-12-01T02:13:05.212+0000] {logging_mixin.py:190} INFO - [2024-12-01T02:13:05.212+0000] {dagbag.py:588} INFO - Filling up the DagBag from /home/airflow/.local/lib/python3.12/site-packages/airflow/example_dags/example_bash_operator.py
[2024-12-01T02:13:05.224+0000] {processor.py:925} INFO - DAG(s) 'example_bash_operator' retrieved from /home/airflow/.local/lib/python3.12/site-packages/airflow/example_dags/example_bash_operator.py
[2024-12-01T02:13:05.249+0000] {logging_mixin.py:190} INFO - [2024-12-01T02:13:05.249+0000] {dag.py:3239} INFO - Sync 1 DAGs
[2024-12-01T02:13:05.271+0000] {logging_mixin.py:190} INFO - [2024-12-01T02:13:05.271+0000] {dag.py:4180} INFO - Setting next_dagrun for example_bash_operator to 2024-11-30 00:00:00+00:00, run_after=2024-12-01 00:00:00+00:00
[2024-12-01T02:13:05.287+0000] {processor.py:208} INFO - Processing /home/airflow/.local/lib/python3.12/site-packages/airflow/example_dags/example_bash_operator.py took 0.083 seconds
[2024-12-01T02:13:35.844+0000] {processor.py:186} INFO - Started process (PID=50894) to work on /home/airflow/.local/lib/python3.12/site-packages/airflow/example_dags/example_bash_operator.py
[2024-12-01T02:13:35.845+0000] {processor.py:914} INFO - Processing file /home/airflow/.local/lib/python3.12/site-packages/airflow/example_dags/example_bash_operator.py for tasks to queue
[2024-12-01T02:13:35.847+0000] {logging_mixin.py:190} INFO - [2024-12-01T02:13:35.847+0000] {dagbag.py:588} INFO - Filling up the DagBag from /home/airflow/.local/lib/python3.12/site-packages/airflow/example_dags/example_bash_operator.py
[2024-12-01T02:13:35.860+0000] {processor.py:925} INFO - DAG(s) 'example_bash_operator' retrieved from /home/airflow/.local/lib/python3.12/site-packages/airflow/example_dags/example_bash_operator.py
[2024-12-01T02:13:35.884+0000] {logging_mixin.py:190} INFO - [2024-12-01T02:13:35.884+0000] {dag.py:3239} INFO - Sync 1 DAGs
[2024-12-01T02:13:35.905+0000] {logging_mixin.py:190} INFO - [2024-12-01T02:13:35.905+0000] {dag.py:4180} INFO - Setting next_dagrun for example_bash_operator to 2024-11-30 00:00:00+00:00, run_after=2024-12-01 00:00:00+00:00
[2024-12-01T02:13:35.922+0000] {processor.py:208} INFO - Processing /home/airflow/.local/lib/python3.12/site-packages/airflow/example_dags/example_bash_operator.py took 0.083 seconds
[2024-12-01T02:14:07.115+0000] {processor.py:186} INFO - Started process (PID=50960) to work on /home/airflow/.local/lib/python3.12/site-packages/airflow/example_dags/example_bash_operator.py
[2024-12-01T02:14:07.115+0000] {processor.py:914} INFO - Processing file /home/airflow/.local/lib/python3.12/site-packages/airflow/example_dags/example_bash_operator.py for tasks to queue
[2024-12-01T02:14:07.118+0000] {logging_mixin.py:190} INFO - [2024-12-01T02:14:07.117+0000] {dagbag.py:588} INFO - Filling up the DagBag from /home/airflow/.local/lib/python3.12/site-packages/airflow/example_dags/example_bash_operator.py
[2024-12-01T02:14:07.129+0000] {processor.py:925} INFO - DAG(s) 'example_bash_operator' retrieved from /home/airflow/.local/lib/python3.12/site-packages/airflow/example_dags/example_bash_operator.py
[2024-12-01T02:14:07.154+0000] {logging_mixin.py:190} INFO - [2024-12-01T02:14:07.154+0000] {dag.py:3239} INFO - Sync 1 DAGs
[2024-12-01T02:14:07.175+0000] {logging_mixin.py:190} INFO - [2024-12-01T02:14:07.175+0000] {dag.py:4180} INFO - Setting next_dagrun for example_bash_operator to 2024-11-30 00:00:00+00:00, run_after=2024-12-01 00:00:00+00:00
[2024-12-01T02:14:07.192+0000] {processor.py:208} INFO - Processing /home/airflow/.local/lib/python3.12/site-packages/airflow/example_dags/example_bash_operator.py took 0.083 seconds
[2024-12-01T02:14:37.973+0000] {processor.py:186} INFO - Started process (PID=51026) to work on /home/airflow/.local/lib/python3.12/site-packages/airflow/example_dags/example_bash_operator.py
[2024-12-01T02:14:37.974+0000] {processor.py:914} INFO - Processing file /home/airflow/.local/lib/python3.12/site-packages/airflow/example_dags/example_bash_operator.py for tasks to queue
[2024-12-01T02:14:37.976+0000] {logging_mixin.py:190} INFO - [2024-12-01T02:14:37.975+0000] {dagbag.py:588} INFO - Filling up the DagBag from /home/airflow/.local/lib/python3.12/site-packages/airflow/example_dags/example_bash_operator.py
[2024-12-01T02:14:37.988+0000] {processor.py:925} INFO - DAG(s) 'example_bash_operator' retrieved from /home/airflow/.local/lib/python3.12/site-packages/airflow/example_dags/example_bash_operator.py
[2024-12-01T02:14:38.011+0000] {logging_mixin.py:190} INFO - [2024-12-01T02:14:38.011+0000] {dag.py:3239} INFO - Sync 1 DAGs
[2024-12-01T02:14:38.033+0000] {logging_mixin.py:190} INFO - [2024-12-01T02:14:38.032+0000] {dag.py:4180} INFO - Setting next_dagrun for example_bash_operator to 2024-11-30 00:00:00+00:00, run_after=2024-12-01 00:00:00+00:00
[2024-12-01T02:14:38.049+0000] {processor.py:208} INFO - Processing /home/airflow/.local/lib/python3.12/site-packages/airflow/example_dags/example_bash_operator.py took 0.082 seconds
[2024-12-01T02:15:08.872+0000] {processor.py:186} INFO - Started process (PID=51092) to work on /home/airflow/.local/lib/python3.12/site-packages/airflow/example_dags/example_bash_operator.py
[2024-12-01T02:15:08.873+0000] {processor.py:914} INFO - Processing file /home/airflow/.local/lib/python3.12/site-packages/airflow/example_dags/example_bash_operator.py for tasks to queue
[2024-12-01T02:15:08.876+0000] {logging_mixin.py:190} INFO - [2024-12-01T02:15:08.875+0000] {dagbag.py:588} INFO - Filling up the DagBag from /home/airflow/.local/lib/python3.12/site-packages/airflow/example_dags/example_bash_operator.py
[2024-12-01T02:15:08.890+0000] {processor.py:925} INFO - DAG(s) 'example_bash_operator' retrieved from /home/airflow/.local/lib/python3.12/site-packages/airflow/example_dags/example_bash_operator.py
[2024-12-01T02:15:08.928+0000] {logging_mixin.py:190} INFO - [2024-12-01T02:15:08.927+0000] {dag.py:3239} INFO - Sync 1 DAGs
[2024-12-01T02:15:08.963+0000] {logging_mixin.py:190} INFO - [2024-12-01T02:15:08.963+0000] {dag.py:4180} INFO - Setting next_dagrun for example_bash_operator to 2024-11-30 00:00:00+00:00, run_after=2024-12-01 00:00:00+00:00
[2024-12-01T02:15:08.985+0000] {processor.py:208} INFO - Processing /home/airflow/.local/lib/python3.12/site-packages/airflow/example_dags/example_bash_operator.py took 0.119 seconds
[2024-12-01T02:15:39.711+0000] {processor.py:186} INFO - Started process (PID=51158) to work on /home/airflow/.local/lib/python3.12/site-packages/airflow/example_dags/example_bash_operator.py
[2024-12-01T02:15:39.712+0000] {processor.py:914} INFO - Processing file /home/airflow/.local/lib/python3.12/site-packages/airflow/example_dags/example_bash_operator.py for tasks to queue
[2024-12-01T02:15:39.714+0000] {logging_mixin.py:190} INFO - [2024-12-01T02:15:39.714+0000] {dagbag.py:588} INFO - Filling up the DagBag from /home/airflow/.local/lib/python3.12/site-packages/airflow/example_dags/example_bash_operator.py
[2024-12-01T02:15:39.727+0000] {processor.py:925} INFO - DAG(s) 'example_bash_operator' retrieved from /home/airflow/.local/lib/python3.12/site-packages/airflow/example_dags/example_bash_operator.py
[2024-12-01T02:15:39.752+0000] {logging_mixin.py:190} INFO - [2024-12-01T02:15:39.751+0000] {dag.py:3239} INFO - Sync 1 DAGs
[2024-12-01T02:15:39.773+0000] {logging_mixin.py:190} INFO - [2024-12-01T02:15:39.773+0000] {dag.py:4180} INFO - Setting next_dagrun for example_bash_operator to 2024-11-30 00:00:00+00:00, run_after=2024-12-01 00:00:00+00:00
[2024-12-01T02:15:39.791+0000] {processor.py:208} INFO - Processing /home/airflow/.local/lib/python3.12/site-packages/airflow/example_dags/example_bash_operator.py took 0.085 seconds
[2024-12-01T02:16:10.572+0000] {processor.py:186} INFO - Started process (PID=51224) to work on /home/airflow/.local/lib/python3.12/site-packages/airflow/example_dags/example_bash_operator.py
[2024-12-01T02:16:10.574+0000] {processor.py:914} INFO - Processing file /home/airflow/.local/lib/python3.12/site-packages/airflow/example_dags/example_bash_operator.py for tasks to queue
[2024-12-01T02:16:10.577+0000] {logging_mixin.py:190} INFO - [2024-12-01T02:16:10.576+0000] {dagbag.py:588} INFO - Filling up the DagBag from /home/airflow/.local/lib/python3.12/site-packages/airflow/example_dags/example_bash_operator.py
[2024-12-01T02:16:10.598+0000] {processor.py:925} INFO - DAG(s) 'example_bash_operator' retrieved from /home/airflow/.local/lib/python3.12/site-packages/airflow/example_dags/example_bash_operator.py
[2024-12-01T02:16:10.628+0000] {logging_mixin.py:190} INFO - [2024-12-01T02:16:10.628+0000] {dag.py:3239} INFO - Sync 1 DAGs
[2024-12-01T02:16:10.666+0000] {logging_mixin.py:190} INFO - [2024-12-01T02:16:10.666+0000] {dag.py:4180} INFO - Setting next_dagrun for example_bash_operator to 2024-11-30 00:00:00+00:00, run_after=2024-12-01 00:00:00+00:00
[2024-12-01T02:16:10.685+0000] {processor.py:208} INFO - Processing /home/airflow/.local/lib/python3.12/site-packages/airflow/example_dags/example_bash_operator.py took 0.124 seconds
[2024-12-01T02:16:41.509+0000] {processor.py:186} INFO - Started process (PID=51290) to work on /home/airflow/.local/lib/python3.12/site-packages/airflow/example_dags/example_bash_operator.py
[2024-12-01T02:16:41.510+0000] {processor.py:914} INFO - Processing file /home/airflow/.local/lib/python3.12/site-packages/airflow/example_dags/example_bash_operator.py for tasks to queue
[2024-12-01T02:16:41.512+0000] {logging_mixin.py:190} INFO - [2024-12-01T02:16:41.512+0000] {dagbag.py:588} INFO - Filling up the DagBag from /home/airflow/.local/lib/python3.12/site-packages/airflow/example_dags/example_bash_operator.py
[2024-12-01T02:16:41.524+0000] {processor.py:925} INFO - DAG(s) 'example_bash_operator' retrieved from /home/airflow/.local/lib/python3.12/site-packages/airflow/example_dags/example_bash_operator.py
[2024-12-01T02:16:41.549+0000] {logging_mixin.py:190} INFO - [2024-12-01T02:16:41.549+0000] {dag.py:3239} INFO - Sync 1 DAGs
[2024-12-01T02:16:41.572+0000] {logging_mixin.py:190} INFO - [2024-12-01T02:16:41.571+0000] {dag.py:4180} INFO - Setting next_dagrun for example_bash_operator to 2024-11-30 00:00:00+00:00, run_after=2024-12-01 00:00:00+00:00
[2024-12-01T02:16:41.589+0000] {processor.py:208} INFO - Processing /home/airflow/.local/lib/python3.12/site-packages/airflow/example_dags/example_bash_operator.py took 0.086 seconds
[2024-12-01T02:17:12.526+0000] {processor.py:186} INFO - Started process (PID=51356) to work on /home/airflow/.local/lib/python3.12/site-packages/airflow/example_dags/example_bash_operator.py
[2024-12-01T02:17:12.527+0000] {processor.py:914} INFO - Processing file /home/airflow/.local/lib/python3.12/site-packages/airflow/example_dags/example_bash_operator.py for tasks to queue
[2024-12-01T02:17:12.536+0000] {logging_mixin.py:190} INFO - [2024-12-01T02:17:12.536+0000] {dagbag.py:588} INFO - Filling up the DagBag from /home/airflow/.local/lib/python3.12/site-packages/airflow/example_dags/example_bash_operator.py
[2024-12-01T02:17:12.567+0000] {processor.py:925} INFO - DAG(s) 'example_bash_operator' retrieved from /home/airflow/.local/lib/python3.12/site-packages/airflow/example_dags/example_bash_operator.py
[2024-12-01T02:17:12.615+0000] {logging_mixin.py:190} INFO - [2024-12-01T02:17:12.615+0000] {dag.py:3239} INFO - Sync 1 DAGs
[2024-12-01T02:17:12.636+0000] {logging_mixin.py:190} INFO - [2024-12-01T02:17:12.636+0000] {dag.py:4180} INFO - Setting next_dagrun for example_bash_operator to 2024-11-30 00:00:00+00:00, run_after=2024-12-01 00:00:00+00:00
[2024-12-01T02:17:12.652+0000] {processor.py:208} INFO - Processing /home/airflow/.local/lib/python3.12/site-packages/airflow/example_dags/example_bash_operator.py took 0.135 seconds
[2024-12-01T02:17:43.603+0000] {processor.py:186} INFO - Started process (PID=51422) to work on /home/airflow/.local/lib/python3.12/site-packages/airflow/example_dags/example_bash_operator.py
[2024-12-01T02:17:43.604+0000] {processor.py:914} INFO - Processing file /home/airflow/.local/lib/python3.12/site-packages/airflow/example_dags/example_bash_operator.py for tasks to queue
[2024-12-01T02:17:43.606+0000] {logging_mixin.py:190} INFO - [2024-12-01T02:17:43.606+0000] {dagbag.py:588} INFO - Filling up the DagBag from /home/airflow/.local/lib/python3.12/site-packages/airflow/example_dags/example_bash_operator.py
[2024-12-01T02:17:43.618+0000] {processor.py:925} INFO - DAG(s) 'example_bash_operator' retrieved from /home/airflow/.local/lib/python3.12/site-packages/airflow/example_dags/example_bash_operator.py
[2024-12-01T02:17:43.643+0000] {logging_mixin.py:190} INFO - [2024-12-01T02:17:43.643+0000] {dag.py:3239} INFO - Sync 1 DAGs
[2024-12-01T02:17:43.667+0000] {logging_mixin.py:190} INFO - [2024-12-01T02:17:43.667+0000] {dag.py:4180} INFO - Setting next_dagrun for example_bash_operator to 2024-11-30 00:00:00+00:00, run_after=2024-12-01 00:00:00+00:00
[2024-12-01T02:17:43.683+0000] {processor.py:208} INFO - Processing /home/airflow/.local/lib/python3.12/site-packages/airflow/example_dags/example_bash_operator.py took 0.085 seconds
[2024-12-01T02:18:14.590+0000] {processor.py:186} INFO - Started process (PID=51488) to work on /home/airflow/.local/lib/python3.12/site-packages/airflow/example_dags/example_bash_operator.py
[2024-12-01T02:18:14.590+0000] {processor.py:914} INFO - Processing file /home/airflow/.local/lib/python3.12/site-packages/airflow/example_dags/example_bash_operator.py for tasks to queue
[2024-12-01T02:18:14.593+0000] {logging_mixin.py:190} INFO - [2024-12-01T02:18:14.593+0000] {dagbag.py:588} INFO - Filling up the DagBag from /home/airflow/.local/lib/python3.12/site-packages/airflow/example_dags/example_bash_operator.py
[2024-12-01T02:18:14.608+0000] {processor.py:925} INFO - DAG(s) 'example_bash_operator' retrieved from /home/airflow/.local/lib/python3.12/site-packages/airflow/example_dags/example_bash_operator.py
[2024-12-01T02:18:14.634+0000] {logging_mixin.py:190} INFO - [2024-12-01T02:18:14.634+0000] {dag.py:3239} INFO - Sync 1 DAGs
[2024-12-01T02:18:14.656+0000] {logging_mixin.py:190} INFO - [2024-12-01T02:18:14.656+0000] {dag.py:4180} INFO - Setting next_dagrun for example_bash_operator to 2024-11-30 00:00:00+00:00, run_after=2024-12-01 00:00:00+00:00
[2024-12-01T02:18:14.671+0000] {processor.py:208} INFO - Processing /home/airflow/.local/lib/python3.12/site-packages/airflow/example_dags/example_bash_operator.py took 0.087 seconds
[2024-12-01T02:18:45.438+0000] {processor.py:186} INFO - Started process (PID=51554) to work on /home/airflow/.local/lib/python3.12/site-packages/airflow/example_dags/example_bash_operator.py
[2024-12-01T02:18:45.439+0000] {processor.py:914} INFO - Processing file /home/airflow/.local/lib/python3.12/site-packages/airflow/example_dags/example_bash_operator.py for tasks to queue
[2024-12-01T02:18:45.442+0000] {logging_mixin.py:190} INFO - [2024-12-01T02:18:45.441+0000] {dagbag.py:588} INFO - Filling up the DagBag from /home/airflow/.local/lib/python3.12/site-packages/airflow/example_dags/example_bash_operator.py
[2024-12-01T02:18:45.454+0000] {processor.py:925} INFO - DAG(s) 'example_bash_operator' retrieved from /home/airflow/.local/lib/python3.12/site-packages/airflow/example_dags/example_bash_operator.py
[2024-12-01T02:18:45.480+0000] {logging_mixin.py:190} INFO - [2024-12-01T02:18:45.480+0000] {dag.py:3239} INFO - Sync 1 DAGs
[2024-12-01T02:18:45.503+0000] {logging_mixin.py:190} INFO - [2024-12-01T02:18:45.503+0000] {dag.py:4180} INFO - Setting next_dagrun for example_bash_operator to 2024-11-30 00:00:00+00:00, run_after=2024-12-01 00:00:00+00:00
[2024-12-01T02:18:45.520+0000] {processor.py:208} INFO - Processing /home/airflow/.local/lib/python3.12/site-packages/airflow/example_dags/example_bash_operator.py took 0.087 seconds
[2024-12-01T02:19:16.425+0000] {processor.py:186} INFO - Started process (PID=51621) to work on /home/airflow/.local/lib/python3.12/site-packages/airflow/example_dags/example_bash_operator.py
[2024-12-01T02:19:16.426+0000] {processor.py:914} INFO - Processing file /home/airflow/.local/lib/python3.12/site-packages/airflow/example_dags/example_bash_operator.py for tasks to queue
[2024-12-01T02:19:16.428+0000] {logging_mixin.py:190} INFO - [2024-12-01T02:19:16.428+0000] {dagbag.py:588} INFO - Filling up the DagBag from /home/airflow/.local/lib/python3.12/site-packages/airflow/example_dags/example_bash_operator.py
[2024-12-01T02:19:16.441+0000] {processor.py:925} INFO - DAG(s) 'example_bash_operator' retrieved from /home/airflow/.local/lib/python3.12/site-packages/airflow/example_dags/example_bash_operator.py
[2024-12-01T02:19:16.465+0000] {logging_mixin.py:190} INFO - [2024-12-01T02:19:16.465+0000] {dag.py:3239} INFO - Sync 1 DAGs
[2024-12-01T02:19:16.486+0000] {logging_mixin.py:190} INFO - [2024-12-01T02:19:16.485+0000] {dag.py:4180} INFO - Setting next_dagrun for example_bash_operator to 2024-11-30 00:00:00+00:00, run_after=2024-12-01 00:00:00+00:00
[2024-12-01T02:19:16.502+0000] {processor.py:208} INFO - Processing /home/airflow/.local/lib/python3.12/site-packages/airflow/example_dags/example_bash_operator.py took 0.082 seconds
[2024-12-01T02:19:47.469+0000] {processor.py:186} INFO - Started process (PID=51687) to work on /home/airflow/.local/lib/python3.12/site-packages/airflow/example_dags/example_bash_operator.py
[2024-12-01T02:19:47.470+0000] {processor.py:914} INFO - Processing file /home/airflow/.local/lib/python3.12/site-packages/airflow/example_dags/example_bash_operator.py for tasks to queue
[2024-12-01T02:19:47.472+0000] {logging_mixin.py:190} INFO - [2024-12-01T02:19:47.472+0000] {dagbag.py:588} INFO - Filling up the DagBag from /home/airflow/.local/lib/python3.12/site-packages/airflow/example_dags/example_bash_operator.py
[2024-12-01T02:19:47.484+0000] {processor.py:925} INFO - DAG(s) 'example_bash_operator' retrieved from /home/airflow/.local/lib/python3.12/site-packages/airflow/example_dags/example_bash_operator.py
[2024-12-01T02:19:47.509+0000] {logging_mixin.py:190} INFO - [2024-12-01T02:19:47.508+0000] {dag.py:3239} INFO - Sync 1 DAGs
[2024-12-01T02:19:47.531+0000] {logging_mixin.py:190} INFO - [2024-12-01T02:19:47.530+0000] {dag.py:4180} INFO - Setting next_dagrun for example_bash_operator to 2024-11-30 00:00:00+00:00, run_after=2024-12-01 00:00:00+00:00
[2024-12-01T02:19:47.547+0000] {processor.py:208} INFO - Processing /home/airflow/.local/lib/python3.12/site-packages/airflow/example_dags/example_bash_operator.py took 0.083 seconds
[2024-12-01T02:20:18.633+0000] {processor.py:186} INFO - Started process (PID=51753) to work on /home/airflow/.local/lib/python3.12/site-packages/airflow/example_dags/example_bash_operator.py
[2024-12-01T02:20:18.634+0000] {processor.py:914} INFO - Processing file /home/airflow/.local/lib/python3.12/site-packages/airflow/example_dags/example_bash_operator.py for tasks to queue
[2024-12-01T02:20:18.636+0000] {logging_mixin.py:190} INFO - [2024-12-01T02:20:18.636+0000] {dagbag.py:588} INFO - Filling up the DagBag from /home/airflow/.local/lib/python3.12/site-packages/airflow/example_dags/example_bash_operator.py
[2024-12-01T02:20:18.649+0000] {processor.py:925} INFO - DAG(s) 'example_bash_operator' retrieved from /home/airflow/.local/lib/python3.12/site-packages/airflow/example_dags/example_bash_operator.py
[2024-12-01T02:20:18.674+0000] {logging_mixin.py:190} INFO - [2024-12-01T02:20:18.674+0000] {dag.py:3239} INFO - Sync 1 DAGs
[2024-12-01T02:20:18.695+0000] {logging_mixin.py:190} INFO - [2024-12-01T02:20:18.695+0000] {dag.py:4180} INFO - Setting next_dagrun for example_bash_operator to 2024-11-30 00:00:00+00:00, run_after=2024-12-01 00:00:00+00:00
[2024-12-01T02:20:18.712+0000] {processor.py:208} INFO - Processing /home/airflow/.local/lib/python3.12/site-packages/airflow/example_dags/example_bash_operator.py took 0.084 seconds
[2024-12-01T02:20:50.142+0000] {processor.py:186} INFO - Started process (PID=51819) to work on /home/airflow/.local/lib/python3.12/site-packages/airflow/example_dags/example_bash_operator.py
[2024-12-01T02:20:50.143+0000] {processor.py:914} INFO - Processing file /home/airflow/.local/lib/python3.12/site-packages/airflow/example_dags/example_bash_operator.py for tasks to queue
[2024-12-01T02:20:50.146+0000] {logging_mixin.py:190} INFO - [2024-12-01T02:20:50.146+0000] {dagbag.py:588} INFO - Filling up the DagBag from /home/airflow/.local/lib/python3.12/site-packages/airflow/example_dags/example_bash_operator.py
[2024-12-01T02:20:50.159+0000] {processor.py:925} INFO - DAG(s) 'example_bash_operator' retrieved from /home/airflow/.local/lib/python3.12/site-packages/airflow/example_dags/example_bash_operator.py
[2024-12-01T02:20:50.184+0000] {logging_mixin.py:190} INFO - [2024-12-01T02:20:50.184+0000] {dag.py:3239} INFO - Sync 1 DAGs
[2024-12-01T02:20:50.206+0000] {logging_mixin.py:190} INFO - [2024-12-01T02:20:50.205+0000] {dag.py:4180} INFO - Setting next_dagrun for example_bash_operator to 2024-11-30 00:00:00+00:00, run_after=2024-12-01 00:00:00+00:00
[2024-12-01T02:20:50.222+0000] {processor.py:208} INFO - Processing /home/airflow/.local/lib/python3.12/site-packages/airflow/example_dags/example_bash_operator.py took 0.086 seconds
[2024-12-01T02:21:22.314+0000] {processor.py:186} INFO - Started process (PID=51885) to work on /home/airflow/.local/lib/python3.12/site-packages/airflow/example_dags/example_bash_operator.py
[2024-12-01T02:21:22.315+0000] {processor.py:914} INFO - Processing file /home/airflow/.local/lib/python3.12/site-packages/airflow/example_dags/example_bash_operator.py for tasks to queue
[2024-12-01T02:21:22.317+0000] {logging_mixin.py:190} INFO - [2024-12-01T02:21:22.317+0000] {dagbag.py:588} INFO - Filling up the DagBag from /home/airflow/.local/lib/python3.12/site-packages/airflow/example_dags/example_bash_operator.py
[2024-12-01T02:21:22.329+0000] {processor.py:925} INFO - DAG(s) 'example_bash_operator' retrieved from /home/airflow/.local/lib/python3.12/site-packages/airflow/example_dags/example_bash_operator.py
[2024-12-01T02:21:22.354+0000] {logging_mixin.py:190} INFO - [2024-12-01T02:21:22.354+0000] {dag.py:3239} INFO - Sync 1 DAGs
[2024-12-01T02:21:22.384+0000] {logging_mixin.py:190} INFO - [2024-12-01T02:21:22.384+0000] {dag.py:4180} INFO - Setting next_dagrun for example_bash_operator to 2024-11-30 00:00:00+00:00, run_after=2024-12-01 00:00:00+00:00
[2024-12-01T02:21:22.401+0000] {processor.py:208} INFO - Processing /home/airflow/.local/lib/python3.12/site-packages/airflow/example_dags/example_bash_operator.py took 0.092 seconds
[2024-12-01T02:21:53.344+0000] {processor.py:186} INFO - Started process (PID=51951) to work on /home/airflow/.local/lib/python3.12/site-packages/airflow/example_dags/example_bash_operator.py
[2024-12-01T02:21:53.345+0000] {processor.py:914} INFO - Processing file /home/airflow/.local/lib/python3.12/site-packages/airflow/example_dags/example_bash_operator.py for tasks to queue
[2024-12-01T02:21:53.347+0000] {logging_mixin.py:190} INFO - [2024-12-01T02:21:53.347+0000] {dagbag.py:588} INFO - Filling up the DagBag from /home/airflow/.local/lib/python3.12/site-packages/airflow/example_dags/example_bash_operator.py
[2024-12-01T02:21:53.359+0000] {processor.py:925} INFO - DAG(s) 'example_bash_operator' retrieved from /home/airflow/.local/lib/python3.12/site-packages/airflow/example_dags/example_bash_operator.py
[2024-12-01T02:21:53.384+0000] {logging_mixin.py:190} INFO - [2024-12-01T02:21:53.384+0000] {dag.py:3239} INFO - Sync 1 DAGs
[2024-12-01T02:21:53.544+0000] {logging_mixin.py:190} INFO - [2024-12-01T02:21:53.544+0000] {dag.py:4180} INFO - Setting next_dagrun for example_bash_operator to 2024-11-30 00:00:00+00:00, run_after=2024-12-01 00:00:00+00:00
[2024-12-01T02:21:53.563+0000] {processor.py:208} INFO - Processing /home/airflow/.local/lib/python3.12/site-packages/airflow/example_dags/example_bash_operator.py took 0.224 seconds
[2024-12-01T02:22:23.718+0000] {processor.py:186} INFO - Started process (PID=52016) to work on /home/airflow/.local/lib/python3.12/site-packages/airflow/example_dags/example_bash_operator.py
[2024-12-01T02:22:23.719+0000] {processor.py:914} INFO - Processing file /home/airflow/.local/lib/python3.12/site-packages/airflow/example_dags/example_bash_operator.py for tasks to queue
[2024-12-01T02:22:23.721+0000] {logging_mixin.py:190} INFO - [2024-12-01T02:22:23.721+0000] {dagbag.py:588} INFO - Filling up the DagBag from /home/airflow/.local/lib/python3.12/site-packages/airflow/example_dags/example_bash_operator.py
[2024-12-01T02:22:23.733+0000] {processor.py:925} INFO - DAG(s) 'example_bash_operator' retrieved from /home/airflow/.local/lib/python3.12/site-packages/airflow/example_dags/example_bash_operator.py
[2024-12-01T02:22:23.756+0000] {logging_mixin.py:190} INFO - [2024-12-01T02:22:23.756+0000] {dag.py:3239} INFO - Sync 1 DAGs
[2024-12-01T02:22:23.777+0000] {logging_mixin.py:190} INFO - [2024-12-01T02:22:23.777+0000] {dag.py:4180} INFO - Setting next_dagrun for example_bash_operator to 2024-11-30 00:00:00+00:00, run_after=2024-12-01 00:00:00+00:00
[2024-12-01T02:22:23.931+0000] {processor.py:208} INFO - Processing /home/airflow/.local/lib/python3.12/site-packages/airflow/example_dags/example_bash_operator.py took 0.219 seconds
[2024-12-01T02:22:54.967+0000] {processor.py:186} INFO - Started process (PID=52083) to work on /home/airflow/.local/lib/python3.12/site-packages/airflow/example_dags/example_bash_operator.py
[2024-12-01T02:22:54.968+0000] {processor.py:914} INFO - Processing file /home/airflow/.local/lib/python3.12/site-packages/airflow/example_dags/example_bash_operator.py for tasks to queue
[2024-12-01T02:22:54.970+0000] {logging_mixin.py:190} INFO - [2024-12-01T02:22:54.970+0000] {dagbag.py:588} INFO - Filling up the DagBag from /home/airflow/.local/lib/python3.12/site-packages/airflow/example_dags/example_bash_operator.py
[2024-12-01T02:22:54.982+0000] {processor.py:925} INFO - DAG(s) 'example_bash_operator' retrieved from /home/airflow/.local/lib/python3.12/site-packages/airflow/example_dags/example_bash_operator.py
[2024-12-01T02:22:55.007+0000] {logging_mixin.py:190} INFO - [2024-12-01T02:22:55.007+0000] {dag.py:3239} INFO - Sync 1 DAGs
[2024-12-01T02:22:55.029+0000] {logging_mixin.py:190} INFO - [2024-12-01T02:22:55.029+0000] {dag.py:4180} INFO - Setting next_dagrun for example_bash_operator to 2024-11-30 00:00:00+00:00, run_after=2024-12-01 00:00:00+00:00
[2024-12-01T02:22:55.047+0000] {processor.py:208} INFO - Processing /home/airflow/.local/lib/python3.12/site-packages/airflow/example_dags/example_bash_operator.py took 0.086 seconds
[2024-12-01T02:23:25.406+0000] {processor.py:186} INFO - Started process (PID=52148) to work on /home/airflow/.local/lib/python3.12/site-packages/airflow/example_dags/example_bash_operator.py
[2024-12-01T02:23:25.407+0000] {processor.py:914} INFO - Processing file /home/airflow/.local/lib/python3.12/site-packages/airflow/example_dags/example_bash_operator.py for tasks to queue
[2024-12-01T02:23:25.410+0000] {logging_mixin.py:190} INFO - [2024-12-01T02:23:25.409+0000] {dagbag.py:588} INFO - Filling up the DagBag from /home/airflow/.local/lib/python3.12/site-packages/airflow/example_dags/example_bash_operator.py
[2024-12-01T02:23:25.421+0000] {processor.py:925} INFO - DAG(s) 'example_bash_operator' retrieved from /home/airflow/.local/lib/python3.12/site-packages/airflow/example_dags/example_bash_operator.py
[2024-12-01T02:23:25.447+0000] {logging_mixin.py:190} INFO - [2024-12-01T02:23:25.447+0000] {dag.py:3239} INFO - Sync 1 DAGs
[2024-12-01T02:23:25.468+0000] {logging_mixin.py:190} INFO - [2024-12-01T02:23:25.468+0000] {dag.py:4180} INFO - Setting next_dagrun for example_bash_operator to 2024-11-30 00:00:00+00:00, run_after=2024-12-01 00:00:00+00:00
[2024-12-01T02:23:25.485+0000] {processor.py:208} INFO - Processing /home/airflow/.local/lib/python3.12/site-packages/airflow/example_dags/example_bash_operator.py took 0.084 seconds
[2024-12-01T02:23:55.779+0000] {processor.py:186} INFO - Started process (PID=52214) to work on /home/airflow/.local/lib/python3.12/site-packages/airflow/example_dags/example_bash_operator.py
[2024-12-01T02:23:55.780+0000] {processor.py:914} INFO - Processing file /home/airflow/.local/lib/python3.12/site-packages/airflow/example_dags/example_bash_operator.py for tasks to queue
[2024-12-01T02:23:55.783+0000] {logging_mixin.py:190} INFO - [2024-12-01T02:23:55.782+0000] {dagbag.py:588} INFO - Filling up the DagBag from /home/airflow/.local/lib/python3.12/site-packages/airflow/example_dags/example_bash_operator.py
[2024-12-01T02:23:55.794+0000] {processor.py:925} INFO - DAG(s) 'example_bash_operator' retrieved from /home/airflow/.local/lib/python3.12/site-packages/airflow/example_dags/example_bash_operator.py
[2024-12-01T02:23:55.818+0000] {logging_mixin.py:190} INFO - [2024-12-01T02:23:55.817+0000] {dag.py:3239} INFO - Sync 1 DAGs
[2024-12-01T02:23:55.839+0000] {logging_mixin.py:190} INFO - [2024-12-01T02:23:55.839+0000] {dag.py:4180} INFO - Setting next_dagrun for example_bash_operator to 2024-11-30 00:00:00+00:00, run_after=2024-12-01 00:00:00+00:00
[2024-12-01T02:23:55.855+0000] {processor.py:208} INFO - Processing /home/airflow/.local/lib/python3.12/site-packages/airflow/example_dags/example_bash_operator.py took 0.081 seconds
[2024-12-01T02:24:27.191+0000] {processor.py:186} INFO - Started process (PID=52280) to work on /home/airflow/.local/lib/python3.12/site-packages/airflow/example_dags/example_bash_operator.py
[2024-12-01T02:24:27.192+0000] {processor.py:914} INFO - Processing file /home/airflow/.local/lib/python3.12/site-packages/airflow/example_dags/example_bash_operator.py for tasks to queue
[2024-12-01T02:24:27.194+0000] {logging_mixin.py:190} INFO - [2024-12-01T02:24:27.194+0000] {dagbag.py:588} INFO - Filling up the DagBag from /home/airflow/.local/lib/python3.12/site-packages/airflow/example_dags/example_bash_operator.py
[2024-12-01T02:24:27.207+0000] {processor.py:925} INFO - DAG(s) 'example_bash_operator' retrieved from /home/airflow/.local/lib/python3.12/site-packages/airflow/example_dags/example_bash_operator.py
[2024-12-01T02:24:27.231+0000] {logging_mixin.py:190} INFO - [2024-12-01T02:24:27.231+0000] {dag.py:3239} INFO - Sync 1 DAGs
[2024-12-01T02:24:27.253+0000] {logging_mixin.py:190} INFO - [2024-12-01T02:24:27.253+0000] {dag.py:4180} INFO - Setting next_dagrun for example_bash_operator to 2024-11-30 00:00:00+00:00, run_after=2024-12-01 00:00:00+00:00
[2024-12-01T02:24:27.269+0000] {processor.py:208} INFO - Processing /home/airflow/.local/lib/python3.12/site-packages/airflow/example_dags/example_bash_operator.py took 0.083 seconds
[2024-12-01T02:24:58.669+0000] {processor.py:186} INFO - Started process (PID=52346) to work on /home/airflow/.local/lib/python3.12/site-packages/airflow/example_dags/example_bash_operator.py
[2024-12-01T02:24:58.670+0000] {processor.py:914} INFO - Processing file /home/airflow/.local/lib/python3.12/site-packages/airflow/example_dags/example_bash_operator.py for tasks to queue
[2024-12-01T02:24:58.672+0000] {logging_mixin.py:190} INFO - [2024-12-01T02:24:58.672+0000] {dagbag.py:588} INFO - Filling up the DagBag from /home/airflow/.local/lib/python3.12/site-packages/airflow/example_dags/example_bash_operator.py
[2024-12-01T02:24:58.685+0000] {processor.py:925} INFO - DAG(s) 'example_bash_operator' retrieved from /home/airflow/.local/lib/python3.12/site-packages/airflow/example_dags/example_bash_operator.py
[2024-12-01T02:24:58.709+0000] {logging_mixin.py:190} INFO - [2024-12-01T02:24:58.709+0000] {dag.py:3239} INFO - Sync 1 DAGs
[2024-12-01T02:24:58.731+0000] {logging_mixin.py:190} INFO - [2024-12-01T02:24:58.731+0000] {dag.py:4180} INFO - Setting next_dagrun for example_bash_operator to 2024-11-30 00:00:00+00:00, run_after=2024-12-01 00:00:00+00:00
[2024-12-01T02:24:58.748+0000] {processor.py:208} INFO - Processing /home/airflow/.local/lib/python3.12/site-packages/airflow/example_dags/example_bash_operator.py took 0.084 seconds
[2024-12-01T02:25:29.172+0000] {processor.py:186} INFO - Started process (PID=52412) to work on /home/airflow/.local/lib/python3.12/site-packages/airflow/example_dags/example_bash_operator.py
[2024-12-01T02:25:29.173+0000] {processor.py:914} INFO - Processing file /home/airflow/.local/lib/python3.12/site-packages/airflow/example_dags/example_bash_operator.py for tasks to queue
[2024-12-01T02:25:29.175+0000] {logging_mixin.py:190} INFO - [2024-12-01T02:25:29.175+0000] {dagbag.py:588} INFO - Filling up the DagBag from /home/airflow/.local/lib/python3.12/site-packages/airflow/example_dags/example_bash_operator.py
[2024-12-01T02:25:29.188+0000] {processor.py:925} INFO - DAG(s) 'example_bash_operator' retrieved from /home/airflow/.local/lib/python3.12/site-packages/airflow/example_dags/example_bash_operator.py
[2024-12-01T02:25:29.212+0000] {logging_mixin.py:190} INFO - [2024-12-01T02:25:29.211+0000] {dag.py:3239} INFO - Sync 1 DAGs
[2024-12-01T02:25:29.233+0000] {logging_mixin.py:190} INFO - [2024-12-01T02:25:29.233+0000] {dag.py:4180} INFO - Setting next_dagrun for example_bash_operator to 2024-11-30 00:00:00+00:00, run_after=2024-12-01 00:00:00+00:00
[2024-12-01T02:25:29.249+0000] {processor.py:208} INFO - Processing /home/airflow/.local/lib/python3.12/site-packages/airflow/example_dags/example_bash_operator.py took 0.083 seconds
[2024-12-01T02:25:59.871+0000] {processor.py:186} INFO - Started process (PID=52484) to work on /home/airflow/.local/lib/python3.12/site-packages/airflow/example_dags/example_bash_operator.py
[2024-12-01T02:25:59.871+0000] {processor.py:914} INFO - Processing file /home/airflow/.local/lib/python3.12/site-packages/airflow/example_dags/example_bash_operator.py for tasks to queue
[2024-12-01T02:25:59.874+0000] {logging_mixin.py:190} INFO - [2024-12-01T02:25:59.873+0000] {dagbag.py:588} INFO - Filling up the DagBag from /home/airflow/.local/lib/python3.12/site-packages/airflow/example_dags/example_bash_operator.py
[2024-12-01T02:25:59.886+0000] {processor.py:925} INFO - DAG(s) 'example_bash_operator' retrieved from /home/airflow/.local/lib/python3.12/site-packages/airflow/example_dags/example_bash_operator.py
[2024-12-01T02:25:59.911+0000] {logging_mixin.py:190} INFO - [2024-12-01T02:25:59.911+0000] {dag.py:3239} INFO - Sync 1 DAGs
[2024-12-01T02:25:59.933+0000] {logging_mixin.py:190} INFO - [2024-12-01T02:25:59.933+0000] {dag.py:4180} INFO - Setting next_dagrun for example_bash_operator to 2024-11-30 00:00:00+00:00, run_after=2024-12-01 00:00:00+00:00
[2024-12-01T02:25:59.949+0000] {processor.py:208} INFO - Processing /home/airflow/.local/lib/python3.12/site-packages/airflow/example_dags/example_bash_operator.py took 0.084 seconds
[2024-12-01T02:26:30.552+0000] {processor.py:186} INFO - Started process (PID=52550) to work on /home/airflow/.local/lib/python3.12/site-packages/airflow/example_dags/example_bash_operator.py
[2024-12-01T02:26:30.553+0000] {processor.py:914} INFO - Processing file /home/airflow/.local/lib/python3.12/site-packages/airflow/example_dags/example_bash_operator.py for tasks to queue
[2024-12-01T02:26:30.555+0000] {logging_mixin.py:190} INFO - [2024-12-01T02:26:30.554+0000] {dagbag.py:588} INFO - Filling up the DagBag from /home/airflow/.local/lib/python3.12/site-packages/airflow/example_dags/example_bash_operator.py
[2024-12-01T02:26:30.567+0000] {processor.py:925} INFO - DAG(s) 'example_bash_operator' retrieved from /home/airflow/.local/lib/python3.12/site-packages/airflow/example_dags/example_bash_operator.py
[2024-12-01T02:26:30.593+0000] {logging_mixin.py:190} INFO - [2024-12-01T02:26:30.593+0000] {dag.py:3239} INFO - Sync 1 DAGs
[2024-12-01T02:26:30.624+0000] {logging_mixin.py:190} INFO - [2024-12-01T02:26:30.624+0000] {dag.py:4180} INFO - Setting next_dagrun for example_bash_operator to 2024-11-30 00:00:00+00:00, run_after=2024-12-01 00:00:00+00:00
[2024-12-01T02:26:30.641+0000] {processor.py:208} INFO - Processing /home/airflow/.local/lib/python3.12/site-packages/airflow/example_dags/example_bash_operator.py took 0.095 seconds
[2024-12-01T02:27:01.096+0000] {processor.py:186} INFO - Started process (PID=52616) to work on /home/airflow/.local/lib/python3.12/site-packages/airflow/example_dags/example_bash_operator.py
[2024-12-01T02:27:01.097+0000] {processor.py:914} INFO - Processing file /home/airflow/.local/lib/python3.12/site-packages/airflow/example_dags/example_bash_operator.py for tasks to queue
[2024-12-01T02:27:01.099+0000] {logging_mixin.py:190} INFO - [2024-12-01T02:27:01.099+0000] {dagbag.py:588} INFO - Filling up the DagBag from /home/airflow/.local/lib/python3.12/site-packages/airflow/example_dags/example_bash_operator.py
[2024-12-01T02:27:01.112+0000] {processor.py:925} INFO - DAG(s) 'example_bash_operator' retrieved from /home/airflow/.local/lib/python3.12/site-packages/airflow/example_dags/example_bash_operator.py
[2024-12-01T02:27:01.136+0000] {logging_mixin.py:190} INFO - [2024-12-01T02:27:01.136+0000] {dag.py:3239} INFO - Sync 1 DAGs
[2024-12-01T02:27:01.161+0000] {logging_mixin.py:190} INFO - [2024-12-01T02:27:01.160+0000] {dag.py:4180} INFO - Setting next_dagrun for example_bash_operator to 2024-11-30 00:00:00+00:00, run_after=2024-12-01 00:00:00+00:00
[2024-12-01T02:27:01.177+0000] {processor.py:208} INFO - Processing /home/airflow/.local/lib/python3.12/site-packages/airflow/example_dags/example_bash_operator.py took 0.087 seconds
[2024-12-01T02:27:31.567+0000] {processor.py:186} INFO - Started process (PID=52682) to work on /home/airflow/.local/lib/python3.12/site-packages/airflow/example_dags/example_bash_operator.py
[2024-12-01T02:27:31.568+0000] {processor.py:914} INFO - Processing file /home/airflow/.local/lib/python3.12/site-packages/airflow/example_dags/example_bash_operator.py for tasks to queue
[2024-12-01T02:27:31.571+0000] {logging_mixin.py:190} INFO - [2024-12-01T02:27:31.570+0000] {dagbag.py:588} INFO - Filling up the DagBag from /home/airflow/.local/lib/python3.12/site-packages/airflow/example_dags/example_bash_operator.py
[2024-12-01T02:27:31.583+0000] {processor.py:925} INFO - DAG(s) 'example_bash_operator' retrieved from /home/airflow/.local/lib/python3.12/site-packages/airflow/example_dags/example_bash_operator.py
[2024-12-01T02:27:31.606+0000] {logging_mixin.py:190} INFO - [2024-12-01T02:27:31.606+0000] {dag.py:3239} INFO - Sync 1 DAGs
[2024-12-01T02:27:31.628+0000] {logging_mixin.py:190} INFO - [2024-12-01T02:27:31.628+0000] {dag.py:4180} INFO - Setting next_dagrun for example_bash_operator to 2024-11-30 00:00:00+00:00, run_after=2024-12-01 00:00:00+00:00
[2024-12-01T02:27:31.652+0000] {processor.py:208} INFO - Processing /home/airflow/.local/lib/python3.12/site-packages/airflow/example_dags/example_bash_operator.py took 0.091 seconds
[2024-12-01T02:28:03.003+0000] {processor.py:186} INFO - Started process (PID=52748) to work on /home/airflow/.local/lib/python3.12/site-packages/airflow/example_dags/example_bash_operator.py
[2024-12-01T02:28:03.004+0000] {processor.py:914} INFO - Processing file /home/airflow/.local/lib/python3.12/site-packages/airflow/example_dags/example_bash_operator.py for tasks to queue
[2024-12-01T02:28:03.006+0000] {logging_mixin.py:190} INFO - [2024-12-01T02:28:03.006+0000] {dagbag.py:588} INFO - Filling up the DagBag from /home/airflow/.local/lib/python3.12/site-packages/airflow/example_dags/example_bash_operator.py
[2024-12-01T02:28:03.018+0000] {processor.py:925} INFO - DAG(s) 'example_bash_operator' retrieved from /home/airflow/.local/lib/python3.12/site-packages/airflow/example_dags/example_bash_operator.py
[2024-12-01T02:28:03.042+0000] {logging_mixin.py:190} INFO - [2024-12-01T02:28:03.042+0000] {dag.py:3239} INFO - Sync 1 DAGs
[2024-12-01T02:28:03.063+0000] {logging_mixin.py:190} INFO - [2024-12-01T02:28:03.063+0000] {dag.py:4180} INFO - Setting next_dagrun for example_bash_operator to 2024-11-30 00:00:00+00:00, run_after=2024-12-01 00:00:00+00:00
[2024-12-01T02:28:03.082+0000] {processor.py:208} INFO - Processing /home/airflow/.local/lib/python3.12/site-packages/airflow/example_dags/example_bash_operator.py took 0.085 seconds
[2024-12-01T02:28:33.545+0000] {processor.py:186} INFO - Started process (PID=52814) to work on /home/airflow/.local/lib/python3.12/site-packages/airflow/example_dags/example_bash_operator.py
[2024-12-01T02:28:33.546+0000] {processor.py:914} INFO - Processing file /home/airflow/.local/lib/python3.12/site-packages/airflow/example_dags/example_bash_operator.py for tasks to queue
[2024-12-01T02:28:33.549+0000] {logging_mixin.py:190} INFO - [2024-12-01T02:28:33.548+0000] {dagbag.py:588} INFO - Filling up the DagBag from /home/airflow/.local/lib/python3.12/site-packages/airflow/example_dags/example_bash_operator.py
[2024-12-01T02:28:33.561+0000] {processor.py:925} INFO - DAG(s) 'example_bash_operator' retrieved from /home/airflow/.local/lib/python3.12/site-packages/airflow/example_dags/example_bash_operator.py
[2024-12-01T02:28:33.585+0000] {logging_mixin.py:190} INFO - [2024-12-01T02:28:33.584+0000] {dag.py:3239} INFO - Sync 1 DAGs
[2024-12-01T02:28:33.607+0000] {logging_mixin.py:190} INFO - [2024-12-01T02:28:33.606+0000] {dag.py:4180} INFO - Setting next_dagrun for example_bash_operator to 2024-11-30 00:00:00+00:00, run_after=2024-12-01 00:00:00+00:00
[2024-12-01T02:28:33.623+0000] {processor.py:208} INFO - Processing /home/airflow/.local/lib/python3.12/site-packages/airflow/example_dags/example_bash_operator.py took 0.083 seconds
[2024-12-01T02:29:04.133+0000] {processor.py:186} INFO - Started process (PID=52881) to work on /home/airflow/.local/lib/python3.12/site-packages/airflow/example_dags/example_bash_operator.py
[2024-12-01T02:29:04.134+0000] {processor.py:914} INFO - Processing file /home/airflow/.local/lib/python3.12/site-packages/airflow/example_dags/example_bash_operator.py for tasks to queue
[2024-12-01T02:29:04.136+0000] {logging_mixin.py:190} INFO - [2024-12-01T02:29:04.136+0000] {dagbag.py:588} INFO - Filling up the DagBag from /home/airflow/.local/lib/python3.12/site-packages/airflow/example_dags/example_bash_operator.py
[2024-12-01T02:29:04.149+0000] {processor.py:925} INFO - DAG(s) 'example_bash_operator' retrieved from /home/airflow/.local/lib/python3.12/site-packages/airflow/example_dags/example_bash_operator.py
[2024-12-01T02:29:04.180+0000] {logging_mixin.py:190} INFO - [2024-12-01T02:29:04.179+0000] {dag.py:3239} INFO - Sync 1 DAGs
[2024-12-01T02:29:04.203+0000] {logging_mixin.py:190} INFO - [2024-12-01T02:29:04.202+0000] {dag.py:4180} INFO - Setting next_dagrun for example_bash_operator to 2024-11-30 00:00:00+00:00, run_after=2024-12-01 00:00:00+00:00
[2024-12-01T02:29:04.218+0000] {processor.py:208} INFO - Processing /home/airflow/.local/lib/python3.12/site-packages/airflow/example_dags/example_bash_operator.py took 0.091 seconds
[2024-12-01T02:29:34.838+0000] {processor.py:186} INFO - Started process (PID=52947) to work on /home/airflow/.local/lib/python3.12/site-packages/airflow/example_dags/example_bash_operator.py
[2024-12-01T02:29:34.839+0000] {processor.py:914} INFO - Processing file /home/airflow/.local/lib/python3.12/site-packages/airflow/example_dags/example_bash_operator.py for tasks to queue
[2024-12-01T02:29:34.841+0000] {logging_mixin.py:190} INFO - [2024-12-01T02:29:34.841+0000] {dagbag.py:588} INFO - Filling up the DagBag from /home/airflow/.local/lib/python3.12/site-packages/airflow/example_dags/example_bash_operator.py
[2024-12-01T02:29:34.853+0000] {processor.py:925} INFO - DAG(s) 'example_bash_operator' retrieved from /home/airflow/.local/lib/python3.12/site-packages/airflow/example_dags/example_bash_operator.py
[2024-12-01T02:29:34.877+0000] {logging_mixin.py:190} INFO - [2024-12-01T02:29:34.877+0000] {dag.py:3239} INFO - Sync 1 DAGs
[2024-12-01T02:29:34.899+0000] {logging_mixin.py:190} INFO - [2024-12-01T02:29:34.898+0000] {dag.py:4180} INFO - Setting next_dagrun for example_bash_operator to 2024-11-30 00:00:00+00:00, run_after=2024-12-01 00:00:00+00:00
[2024-12-01T02:29:34.915+0000] {processor.py:208} INFO - Processing /home/airflow/.local/lib/python3.12/site-packages/airflow/example_dags/example_bash_operator.py took 0.083 seconds
[2024-12-01T02:30:06.093+0000] {processor.py:186} INFO - Started process (PID=53013) to work on /home/airflow/.local/lib/python3.12/site-packages/airflow/example_dags/example_bash_operator.py
[2024-12-01T02:30:06.094+0000] {processor.py:914} INFO - Processing file /home/airflow/.local/lib/python3.12/site-packages/airflow/example_dags/example_bash_operator.py for tasks to queue
[2024-12-01T02:30:06.096+0000] {logging_mixin.py:190} INFO - [2024-12-01T02:30:06.096+0000] {dagbag.py:588} INFO - Filling up the DagBag from /home/airflow/.local/lib/python3.12/site-packages/airflow/example_dags/example_bash_operator.py
[2024-12-01T02:30:06.108+0000] {processor.py:925} INFO - DAG(s) 'example_bash_operator' retrieved from /home/airflow/.local/lib/python3.12/site-packages/airflow/example_dags/example_bash_operator.py
[2024-12-01T02:30:06.133+0000] {logging_mixin.py:190} INFO - [2024-12-01T02:30:06.133+0000] {dag.py:3239} INFO - Sync 1 DAGs
[2024-12-01T02:30:06.154+0000] {logging_mixin.py:190} INFO - [2024-12-01T02:30:06.154+0000] {dag.py:4180} INFO - Setting next_dagrun for example_bash_operator to 2024-11-30 00:00:00+00:00, run_after=2024-12-01 00:00:00+00:00
[2024-12-01T02:30:06.170+0000] {processor.py:208} INFO - Processing /home/airflow/.local/lib/python3.12/site-packages/airflow/example_dags/example_bash_operator.py took 0.082 seconds
[2024-12-01T02:30:36.697+0000] {processor.py:186} INFO - Started process (PID=53079) to work on /home/airflow/.local/lib/python3.12/site-packages/airflow/example_dags/example_bash_operator.py
[2024-12-01T02:30:36.698+0000] {processor.py:914} INFO - Processing file /home/airflow/.local/lib/python3.12/site-packages/airflow/example_dags/example_bash_operator.py for tasks to queue
[2024-12-01T02:30:36.700+0000] {logging_mixin.py:190} INFO - [2024-12-01T02:30:36.700+0000] {dagbag.py:588} INFO - Filling up the DagBag from /home/airflow/.local/lib/python3.12/site-packages/airflow/example_dags/example_bash_operator.py
[2024-12-01T02:30:36.712+0000] {processor.py:925} INFO - DAG(s) 'example_bash_operator' retrieved from /home/airflow/.local/lib/python3.12/site-packages/airflow/example_dags/example_bash_operator.py
[2024-12-01T02:30:36.738+0000] {logging_mixin.py:190} INFO - [2024-12-01T02:30:36.738+0000] {dag.py:3239} INFO - Sync 1 DAGs
[2024-12-01T02:30:36.760+0000] {logging_mixin.py:190} INFO - [2024-12-01T02:30:36.760+0000] {dag.py:4180} INFO - Setting next_dagrun for example_bash_operator to 2024-11-30 00:00:00+00:00, run_after=2024-12-01 00:00:00+00:00
[2024-12-01T02:30:36.777+0000] {processor.py:208} INFO - Processing /home/airflow/.local/lib/python3.12/site-packages/airflow/example_dags/example_bash_operator.py took 0.085 seconds
[2024-12-01T02:31:07.285+0000] {processor.py:186} INFO - Started process (PID=53145) to work on /home/airflow/.local/lib/python3.12/site-packages/airflow/example_dags/example_bash_operator.py
[2024-12-01T02:31:07.286+0000] {processor.py:914} INFO - Processing file /home/airflow/.local/lib/python3.12/site-packages/airflow/example_dags/example_bash_operator.py for tasks to queue
[2024-12-01T02:31:07.288+0000] {logging_mixin.py:190} INFO - [2024-12-01T02:31:07.288+0000] {dagbag.py:588} INFO - Filling up the DagBag from /home/airflow/.local/lib/python3.12/site-packages/airflow/example_dags/example_bash_operator.py
[2024-12-01T02:31:07.300+0000] {processor.py:925} INFO - DAG(s) 'example_bash_operator' retrieved from /home/airflow/.local/lib/python3.12/site-packages/airflow/example_dags/example_bash_operator.py
[2024-12-01T02:31:07.332+0000] {logging_mixin.py:190} INFO - [2024-12-01T02:31:07.332+0000] {dag.py:3239} INFO - Sync 1 DAGs
[2024-12-01T02:31:07.354+0000] {logging_mixin.py:190} INFO - [2024-12-01T02:31:07.354+0000] {dag.py:4180} INFO - Setting next_dagrun for example_bash_operator to 2024-11-30 00:00:00+00:00, run_after=2024-12-01 00:00:00+00:00
[2024-12-01T02:31:07.372+0000] {processor.py:208} INFO - Processing /home/airflow/.local/lib/python3.12/site-packages/airflow/example_dags/example_bash_operator.py took 0.092 seconds
[2024-12-01T02:31:38.678+0000] {processor.py:186} INFO - Started process (PID=53211) to work on /home/airflow/.local/lib/python3.12/site-packages/airflow/example_dags/example_bash_operator.py
[2024-12-01T02:31:38.678+0000] {processor.py:914} INFO - Processing file /home/airflow/.local/lib/python3.12/site-packages/airflow/example_dags/example_bash_operator.py for tasks to queue
[2024-12-01T02:31:38.681+0000] {logging_mixin.py:190} INFO - [2024-12-01T02:31:38.680+0000] {dagbag.py:588} INFO - Filling up the DagBag from /home/airflow/.local/lib/python3.12/site-packages/airflow/example_dags/example_bash_operator.py
[2024-12-01T02:31:38.697+0000] {processor.py:925} INFO - DAG(s) 'example_bash_operator' retrieved from /home/airflow/.local/lib/python3.12/site-packages/airflow/example_dags/example_bash_operator.py
[2024-12-01T02:31:38.727+0000] {logging_mixin.py:190} INFO - [2024-12-01T02:31:38.727+0000] {dag.py:3239} INFO - Sync 1 DAGs
[2024-12-01T02:31:38.749+0000] {logging_mixin.py:190} INFO - [2024-12-01T02:31:38.749+0000] {dag.py:4180} INFO - Setting next_dagrun for example_bash_operator to 2024-11-30 00:00:00+00:00, run_after=2024-12-01 00:00:00+00:00
[2024-12-01T02:31:38.766+0000] {processor.py:208} INFO - Processing /home/airflow/.local/lib/python3.12/site-packages/airflow/example_dags/example_bash_operator.py took 0.094 seconds
[2024-12-01T02:32:09.053+0000] {processor.py:186} INFO - Started process (PID=53276) to work on /home/airflow/.local/lib/python3.12/site-packages/airflow/example_dags/example_bash_operator.py
[2024-12-01T02:32:09.054+0000] {processor.py:914} INFO - Processing file /home/airflow/.local/lib/python3.12/site-packages/airflow/example_dags/example_bash_operator.py for tasks to queue
[2024-12-01T02:32:09.056+0000] {logging_mixin.py:190} INFO - [2024-12-01T02:32:09.056+0000] {dagbag.py:588} INFO - Filling up the DagBag from /home/airflow/.local/lib/python3.12/site-packages/airflow/example_dags/example_bash_operator.py
[2024-12-01T02:32:09.069+0000] {processor.py:925} INFO - DAG(s) 'example_bash_operator' retrieved from /home/airflow/.local/lib/python3.12/site-packages/airflow/example_dags/example_bash_operator.py
[2024-12-01T02:32:09.093+0000] {logging_mixin.py:190} INFO - [2024-12-01T02:32:09.093+0000] {dag.py:3239} INFO - Sync 1 DAGs
[2024-12-01T02:32:09.115+0000] {logging_mixin.py:190} INFO - [2024-12-01T02:32:09.114+0000] {dag.py:4180} INFO - Setting next_dagrun for example_bash_operator to 2024-11-30 00:00:00+00:00, run_after=2024-12-01 00:00:00+00:00
[2024-12-01T02:32:09.130+0000] {processor.py:208} INFO - Processing /home/airflow/.local/lib/python3.12/site-packages/airflow/example_dags/example_bash_operator.py took 0.082 seconds
[2024-12-01T02:32:40.897+0000] {processor.py:186} INFO - Started process (PID=53343) to work on /home/airflow/.local/lib/python3.12/site-packages/airflow/example_dags/example_bash_operator.py
[2024-12-01T02:32:40.899+0000] {processor.py:914} INFO - Processing file /home/airflow/.local/lib/python3.12/site-packages/airflow/example_dags/example_bash_operator.py for tasks to queue
[2024-12-01T02:32:40.902+0000] {logging_mixin.py:190} INFO - [2024-12-01T02:32:40.901+0000] {dagbag.py:588} INFO - Filling up the DagBag from /home/airflow/.local/lib/python3.12/site-packages/airflow/example_dags/example_bash_operator.py
[2024-12-01T02:32:40.923+0000] {processor.py:925} INFO - DAG(s) 'example_bash_operator' retrieved from /home/airflow/.local/lib/python3.12/site-packages/airflow/example_dags/example_bash_operator.py
[2024-12-01T02:32:40.951+0000] {logging_mixin.py:190} INFO - [2024-12-01T02:32:40.951+0000] {dag.py:3239} INFO - Sync 1 DAGs
[2024-12-01T02:32:40.974+0000] {logging_mixin.py:190} INFO - [2024-12-01T02:32:40.974+0000] {dag.py:4180} INFO - Setting next_dagrun for example_bash_operator to 2024-11-30 00:00:00+00:00, run_after=2024-12-01 00:00:00+00:00
[2024-12-01T02:32:41.009+0000] {processor.py:208} INFO - Processing /home/airflow/.local/lib/python3.12/site-packages/airflow/example_dags/example_bash_operator.py took 0.129 seconds
[2024-12-01T02:33:11.423+0000] {processor.py:186} INFO - Started process (PID=53409) to work on /home/airflow/.local/lib/python3.12/site-packages/airflow/example_dags/example_bash_operator.py
[2024-12-01T02:33:11.423+0000] {processor.py:914} INFO - Processing file /home/airflow/.local/lib/python3.12/site-packages/airflow/example_dags/example_bash_operator.py for tasks to queue
[2024-12-01T02:33:11.425+0000] {logging_mixin.py:190} INFO - [2024-12-01T02:33:11.425+0000] {dagbag.py:588} INFO - Filling up the DagBag from /home/airflow/.local/lib/python3.12/site-packages/airflow/example_dags/example_bash_operator.py
[2024-12-01T02:33:11.438+0000] {processor.py:925} INFO - DAG(s) 'example_bash_operator' retrieved from /home/airflow/.local/lib/python3.12/site-packages/airflow/example_dags/example_bash_operator.py
[2024-12-01T02:33:11.463+0000] {logging_mixin.py:190} INFO - [2024-12-01T02:33:11.463+0000] {dag.py:3239} INFO - Sync 1 DAGs
[2024-12-01T02:33:11.486+0000] {logging_mixin.py:190} INFO - [2024-12-01T02:33:11.486+0000] {dag.py:4180} INFO - Setting next_dagrun for example_bash_operator to 2024-11-30 00:00:00+00:00, run_after=2024-12-01 00:00:00+00:00
[2024-12-01T02:33:11.502+0000] {processor.py:208} INFO - Processing /home/airflow/.local/lib/python3.12/site-packages/airflow/example_dags/example_bash_operator.py took 0.085 seconds
[2024-12-01T02:33:42.184+0000] {processor.py:186} INFO - Started process (PID=53475) to work on /home/airflow/.local/lib/python3.12/site-packages/airflow/example_dags/example_bash_operator.py
[2024-12-01T02:33:42.185+0000] {processor.py:914} INFO - Processing file /home/airflow/.local/lib/python3.12/site-packages/airflow/example_dags/example_bash_operator.py for tasks to queue
[2024-12-01T02:33:42.187+0000] {logging_mixin.py:190} INFO - [2024-12-01T02:33:42.187+0000] {dagbag.py:588} INFO - Filling up the DagBag from /home/airflow/.local/lib/python3.12/site-packages/airflow/example_dags/example_bash_operator.py
[2024-12-01T02:33:42.200+0000] {processor.py:925} INFO - DAG(s) 'example_bash_operator' retrieved from /home/airflow/.local/lib/python3.12/site-packages/airflow/example_dags/example_bash_operator.py
[2024-12-01T02:33:42.234+0000] {logging_mixin.py:190} INFO - [2024-12-01T02:33:42.234+0000] {dag.py:3239} INFO - Sync 1 DAGs
[2024-12-01T02:33:42.296+0000] {logging_mixin.py:190} INFO - [2024-12-01T02:33:42.296+0000] {dag.py:4180} INFO - Setting next_dagrun for example_bash_operator to 2024-11-30 00:00:00+00:00, run_after=2024-12-01 00:00:00+00:00
[2024-12-01T02:33:42.349+0000] {processor.py:208} INFO - Processing /home/airflow/.local/lib/python3.12/site-packages/airflow/example_dags/example_bash_operator.py took 0.170 seconds
[2024-12-01T02:34:12.898+0000] {processor.py:186} INFO - Started process (PID=53541) to work on /home/airflow/.local/lib/python3.12/site-packages/airflow/example_dags/example_bash_operator.py
[2024-12-01T02:34:12.899+0000] {processor.py:914} INFO - Processing file /home/airflow/.local/lib/python3.12/site-packages/airflow/example_dags/example_bash_operator.py for tasks to queue
[2024-12-01T02:34:12.902+0000] {logging_mixin.py:190} INFO - [2024-12-01T02:34:12.901+0000] {dagbag.py:588} INFO - Filling up the DagBag from /home/airflow/.local/lib/python3.12/site-packages/airflow/example_dags/example_bash_operator.py
[2024-12-01T02:34:12.919+0000] {processor.py:925} INFO - DAG(s) 'example_bash_operator' retrieved from /home/airflow/.local/lib/python3.12/site-packages/airflow/example_dags/example_bash_operator.py
[2024-12-01T02:34:12.946+0000] {logging_mixin.py:190} INFO - [2024-12-01T02:34:12.946+0000] {dag.py:3239} INFO - Sync 1 DAGs
[2024-12-01T02:34:12.969+0000] {logging_mixin.py:190} INFO - [2024-12-01T02:34:12.969+0000] {dag.py:4180} INFO - Setting next_dagrun for example_bash_operator to 2024-11-30 00:00:00+00:00, run_after=2024-12-01 00:00:00+00:00
[2024-12-01T02:34:12.987+0000] {processor.py:208} INFO - Processing /home/airflow/.local/lib/python3.12/site-packages/airflow/example_dags/example_bash_operator.py took 0.096 seconds
