[2024-12-01T02:11:01.837+0000] {processor.py:186} INFO - Started process (PID=50557) to work on /home/airflow/.local/lib/python3.12/site-packages/airflow/example_dags/example_latest_only.py
[2024-12-01T02:11:01.839+0000] {processor.py:914} INFO - Processing file /home/airflow/.local/lib/python3.12/site-packages/airflow/example_dags/example_latest_only.py for tasks to queue
[2024-12-01T02:11:01.842+0000] {logging_mixin.py:190} INFO - [2024-12-01T02:11:01.841+0000] {dagbag.py:588} INFO - Filling up the DagBag from /home/airflow/.local/lib/python3.12/site-packages/airflow/example_dags/example_latest_only.py
[2024-12-01T02:11:01.851+0000] {processor.py:925} INFO - DAG(s) 'latest_only' retrieved from /home/airflow/.local/lib/python3.12/site-packages/airflow/example_dags/example_latest_only.py
[2024-12-01T02:11:01.874+0000] {logging_mixin.py:190} INFO - [2024-12-01T02:11:01.874+0000] {dag.py:3239} INFO - Sync 1 DAGs
[2024-12-01T02:11:01.907+0000] {logging_mixin.py:190} INFO - [2024-12-01T02:11:01.907+0000] {dag.py:4180} INFO - Setting next_dagrun for latest_only to 2024-11-30 20:00:00+00:00, run_after=2024-12-01 00:00:00+00:00
[2024-12-01T02:11:01.927+0000] {processor.py:208} INFO - Processing /home/airflow/.local/lib/python3.12/site-packages/airflow/example_dags/example_latest_only.py took 0.097 seconds
[2024-12-01T02:11:32.566+0000] {processor.py:186} INFO - Started process (PID=50624) to work on /home/airflow/.local/lib/python3.12/site-packages/airflow/example_dags/example_latest_only.py
[2024-12-01T02:11:32.567+0000] {processor.py:914} INFO - Processing file /home/airflow/.local/lib/python3.12/site-packages/airflow/example_dags/example_latest_only.py for tasks to queue
[2024-12-01T02:11:32.569+0000] {logging_mixin.py:190} INFO - [2024-12-01T02:11:32.569+0000] {dagbag.py:588} INFO - Filling up the DagBag from /home/airflow/.local/lib/python3.12/site-packages/airflow/example_dags/example_latest_only.py
[2024-12-01T02:11:32.580+0000] {processor.py:925} INFO - DAG(s) 'latest_only' retrieved from /home/airflow/.local/lib/python3.12/site-packages/airflow/example_dags/example_latest_only.py
[2024-12-01T02:11:32.601+0000] {logging_mixin.py:190} INFO - [2024-12-01T02:11:32.601+0000] {dag.py:3239} INFO - Sync 1 DAGs
[2024-12-01T02:11:32.626+0000] {logging_mixin.py:190} INFO - [2024-12-01T02:11:32.626+0000] {dag.py:4180} INFO - Setting next_dagrun for latest_only to 2024-11-30 20:00:00+00:00, run_after=2024-12-01 00:00:00+00:00
[2024-12-01T02:11:32.643+0000] {processor.py:208} INFO - Processing /home/airflow/.local/lib/python3.12/site-packages/airflow/example_dags/example_latest_only.py took 0.095 seconds
[2024-12-01T02:12:03.204+0000] {processor.py:186} INFO - Started process (PID=50690) to work on /home/airflow/.local/lib/python3.12/site-packages/airflow/example_dags/example_latest_only.py
[2024-12-01T02:12:03.205+0000] {processor.py:914} INFO - Processing file /home/airflow/.local/lib/python3.12/site-packages/airflow/example_dags/example_latest_only.py for tasks to queue
[2024-12-01T02:12:03.208+0000] {logging_mixin.py:190} INFO - [2024-12-01T02:12:03.207+0000] {dagbag.py:588} INFO - Filling up the DagBag from /home/airflow/.local/lib/python3.12/site-packages/airflow/example_dags/example_latest_only.py
[2024-12-01T02:12:03.218+0000] {processor.py:925} INFO - DAG(s) 'latest_only' retrieved from /home/airflow/.local/lib/python3.12/site-packages/airflow/example_dags/example_latest_only.py
[2024-12-01T02:12:03.241+0000] {logging_mixin.py:190} INFO - [2024-12-01T02:12:03.240+0000] {dag.py:3239} INFO - Sync 1 DAGs
[2024-12-01T02:12:03.272+0000] {logging_mixin.py:190} INFO - [2024-12-01T02:12:03.272+0000] {dag.py:4180} INFO - Setting next_dagrun for latest_only to 2024-11-30 20:00:00+00:00, run_after=2024-12-01 00:00:00+00:00
[2024-12-01T02:12:03.294+0000] {processor.py:208} INFO - Processing /home/airflow/.local/lib/python3.12/site-packages/airflow/example_dags/example_latest_only.py took 0.095 seconds
[2024-12-01T02:12:33.967+0000] {processor.py:186} INFO - Started process (PID=50756) to work on /home/airflow/.local/lib/python3.12/site-packages/airflow/example_dags/example_latest_only.py
[2024-12-01T02:12:33.968+0000] {processor.py:914} INFO - Processing file /home/airflow/.local/lib/python3.12/site-packages/airflow/example_dags/example_latest_only.py for tasks to queue
[2024-12-01T02:12:33.970+0000] {logging_mixin.py:190} INFO - [2024-12-01T02:12:33.970+0000] {dagbag.py:588} INFO - Filling up the DagBag from /home/airflow/.local/lib/python3.12/site-packages/airflow/example_dags/example_latest_only.py
[2024-12-01T02:12:33.977+0000] {processor.py:925} INFO - DAG(s) 'latest_only' retrieved from /home/airflow/.local/lib/python3.12/site-packages/airflow/example_dags/example_latest_only.py
[2024-12-01T02:12:33.996+0000] {logging_mixin.py:190} INFO - [2024-12-01T02:12:33.996+0000] {dag.py:3239} INFO - Sync 1 DAGs
[2024-12-01T02:12:34.017+0000] {logging_mixin.py:190} INFO - [2024-12-01T02:12:34.017+0000] {dag.py:4180} INFO - Setting next_dagrun for latest_only to 2024-11-30 20:00:00+00:00, run_after=2024-12-01 00:00:00+00:00
[2024-12-01T02:12:34.035+0000] {processor.py:208} INFO - Processing /home/airflow/.local/lib/python3.12/site-packages/airflow/example_dags/example_latest_only.py took 0.073 seconds
[2024-12-01T02:13:04.912+0000] {processor.py:186} INFO - Started process (PID=50822) to work on /home/airflow/.local/lib/python3.12/site-packages/airflow/example_dags/example_latest_only.py
[2024-12-01T02:13:04.913+0000] {processor.py:914} INFO - Processing file /home/airflow/.local/lib/python3.12/site-packages/airflow/example_dags/example_latest_only.py for tasks to queue
[2024-12-01T02:13:04.916+0000] {logging_mixin.py:190} INFO - [2024-12-01T02:13:04.916+0000] {dagbag.py:588} INFO - Filling up the DagBag from /home/airflow/.local/lib/python3.12/site-packages/airflow/example_dags/example_latest_only.py
[2024-12-01T02:13:04.923+0000] {processor.py:925} INFO - DAG(s) 'latest_only' retrieved from /home/airflow/.local/lib/python3.12/site-packages/airflow/example_dags/example_latest_only.py
[2024-12-01T02:13:04.940+0000] {logging_mixin.py:190} INFO - [2024-12-01T02:13:04.940+0000] {dag.py:3239} INFO - Sync 1 DAGs
[2024-12-01T02:13:04.961+0000] {logging_mixin.py:190} INFO - [2024-12-01T02:13:04.961+0000] {dag.py:4180} INFO - Setting next_dagrun for latest_only to 2024-11-30 20:00:00+00:00, run_after=2024-12-01 00:00:00+00:00
[2024-12-01T02:13:04.976+0000] {processor.py:208} INFO - Processing /home/airflow/.local/lib/python3.12/site-packages/airflow/example_dags/example_latest_only.py took 0.069 seconds
[2024-12-01T02:13:35.530+0000] {processor.py:186} INFO - Started process (PID=50888) to work on /home/airflow/.local/lib/python3.12/site-packages/airflow/example_dags/example_latest_only.py
[2024-12-01T02:13:35.531+0000] {processor.py:914} INFO - Processing file /home/airflow/.local/lib/python3.12/site-packages/airflow/example_dags/example_latest_only.py for tasks to queue
[2024-12-01T02:13:35.534+0000] {logging_mixin.py:190} INFO - [2024-12-01T02:13:35.534+0000] {dagbag.py:588} INFO - Filling up the DagBag from /home/airflow/.local/lib/python3.12/site-packages/airflow/example_dags/example_latest_only.py
[2024-12-01T02:13:35.541+0000] {processor.py:925} INFO - DAG(s) 'latest_only' retrieved from /home/airflow/.local/lib/python3.12/site-packages/airflow/example_dags/example_latest_only.py
[2024-12-01T02:13:35.567+0000] {logging_mixin.py:190} INFO - [2024-12-01T02:13:35.567+0000] {dag.py:3239} INFO - Sync 1 DAGs
[2024-12-01T02:13:35.592+0000] {logging_mixin.py:190} INFO - [2024-12-01T02:13:35.591+0000] {dag.py:4180} INFO - Setting next_dagrun for latest_only to 2024-11-30 20:00:00+00:00, run_after=2024-12-01 00:00:00+00:00
[2024-12-01T02:13:35.609+0000] {processor.py:208} INFO - Processing /home/airflow/.local/lib/python3.12/site-packages/airflow/example_dags/example_latest_only.py took 0.084 seconds
[2024-12-01T02:14:06.694+0000] {processor.py:186} INFO - Started process (PID=50954) to work on /home/airflow/.local/lib/python3.12/site-packages/airflow/example_dags/example_latest_only.py
[2024-12-01T02:14:06.695+0000] {processor.py:914} INFO - Processing file /home/airflow/.local/lib/python3.12/site-packages/airflow/example_dags/example_latest_only.py for tasks to queue
[2024-12-01T02:14:06.697+0000] {logging_mixin.py:190} INFO - [2024-12-01T02:14:06.697+0000] {dagbag.py:588} INFO - Filling up the DagBag from /home/airflow/.local/lib/python3.12/site-packages/airflow/example_dags/example_latest_only.py
[2024-12-01T02:14:06.704+0000] {processor.py:925} INFO - DAG(s) 'latest_only' retrieved from /home/airflow/.local/lib/python3.12/site-packages/airflow/example_dags/example_latest_only.py
[2024-12-01T02:14:06.721+0000] {logging_mixin.py:190} INFO - [2024-12-01T02:14:06.721+0000] {dag.py:3239} INFO - Sync 1 DAGs
[2024-12-01T02:14:06.743+0000] {logging_mixin.py:190} INFO - [2024-12-01T02:14:06.743+0000] {dag.py:4180} INFO - Setting next_dagrun for latest_only to 2024-11-30 20:00:00+00:00, run_after=2024-12-01 00:00:00+00:00
[2024-12-01T02:14:06.760+0000] {processor.py:208} INFO - Processing /home/airflow/.local/lib/python3.12/site-packages/airflow/example_dags/example_latest_only.py took 0.071 seconds
[2024-12-01T02:14:37.491+0000] {processor.py:186} INFO - Started process (PID=51020) to work on /home/airflow/.local/lib/python3.12/site-packages/airflow/example_dags/example_latest_only.py
[2024-12-01T02:14:37.492+0000] {processor.py:914} INFO - Processing file /home/airflow/.local/lib/python3.12/site-packages/airflow/example_dags/example_latest_only.py for tasks to queue
[2024-12-01T02:14:37.494+0000] {logging_mixin.py:190} INFO - [2024-12-01T02:14:37.494+0000] {dagbag.py:588} INFO - Filling up the DagBag from /home/airflow/.local/lib/python3.12/site-packages/airflow/example_dags/example_latest_only.py
[2024-12-01T02:14:37.501+0000] {processor.py:925} INFO - DAG(s) 'latest_only' retrieved from /home/airflow/.local/lib/python3.12/site-packages/airflow/example_dags/example_latest_only.py
[2024-12-01T02:14:37.519+0000] {logging_mixin.py:190} INFO - [2024-12-01T02:14:37.519+0000] {dag.py:3239} INFO - Sync 1 DAGs
[2024-12-01T02:14:37.540+0000] {logging_mixin.py:190} INFO - [2024-12-01T02:14:37.540+0000] {dag.py:4180} INFO - Setting next_dagrun for latest_only to 2024-11-30 20:00:00+00:00, run_after=2024-12-01 00:00:00+00:00
[2024-12-01T02:14:37.558+0000] {processor.py:208} INFO - Processing /home/airflow/.local/lib/python3.12/site-packages/airflow/example_dags/example_latest_only.py took 0.072 seconds
[2024-12-01T02:15:08.455+0000] {processor.py:186} INFO - Started process (PID=51086) to work on /home/airflow/.local/lib/python3.12/site-packages/airflow/example_dags/example_latest_only.py
[2024-12-01T02:15:08.455+0000] {processor.py:914} INFO - Processing file /home/airflow/.local/lib/python3.12/site-packages/airflow/example_dags/example_latest_only.py for tasks to queue
[2024-12-01T02:15:08.458+0000] {logging_mixin.py:190} INFO - [2024-12-01T02:15:08.457+0000] {dagbag.py:588} INFO - Filling up the DagBag from /home/airflow/.local/lib/python3.12/site-packages/airflow/example_dags/example_latest_only.py
[2024-12-01T02:15:08.464+0000] {processor.py:925} INFO - DAG(s) 'latest_only' retrieved from /home/airflow/.local/lib/python3.12/site-packages/airflow/example_dags/example_latest_only.py
[2024-12-01T02:15:08.480+0000] {logging_mixin.py:190} INFO - [2024-12-01T02:15:08.480+0000] {dag.py:3239} INFO - Sync 1 DAGs
[2024-12-01T02:15:08.500+0000] {logging_mixin.py:190} INFO - [2024-12-01T02:15:08.500+0000] {dag.py:4180} INFO - Setting next_dagrun for latest_only to 2024-11-30 20:00:00+00:00, run_after=2024-12-01 00:00:00+00:00
[2024-12-01T02:15:08.516+0000] {processor.py:208} INFO - Processing /home/airflow/.local/lib/python3.12/site-packages/airflow/example_dags/example_latest_only.py took 0.067 seconds
[2024-12-01T02:15:39.244+0000] {processor.py:186} INFO - Started process (PID=51152) to work on /home/airflow/.local/lib/python3.12/site-packages/airflow/example_dags/example_latest_only.py
[2024-12-01T02:15:39.245+0000] {processor.py:914} INFO - Processing file /home/airflow/.local/lib/python3.12/site-packages/airflow/example_dags/example_latest_only.py for tasks to queue
[2024-12-01T02:15:39.247+0000] {logging_mixin.py:190} INFO - [2024-12-01T02:15:39.247+0000] {dagbag.py:588} INFO - Filling up the DagBag from /home/airflow/.local/lib/python3.12/site-packages/airflow/example_dags/example_latest_only.py
[2024-12-01T02:15:39.254+0000] {processor.py:925} INFO - DAG(s) 'latest_only' retrieved from /home/airflow/.local/lib/python3.12/site-packages/airflow/example_dags/example_latest_only.py
[2024-12-01T02:15:39.271+0000] {logging_mixin.py:190} INFO - [2024-12-01T02:15:39.271+0000] {dag.py:3239} INFO - Sync 1 DAGs
[2024-12-01T02:15:39.291+0000] {logging_mixin.py:190} INFO - [2024-12-01T02:15:39.291+0000] {dag.py:4180} INFO - Setting next_dagrun for latest_only to 2024-11-30 20:00:00+00:00, run_after=2024-12-01 00:00:00+00:00
[2024-12-01T02:15:39.345+0000] {processor.py:208} INFO - Processing /home/airflow/.local/lib/python3.12/site-packages/airflow/example_dags/example_latest_only.py took 0.106 seconds
[2024-12-01T02:16:09.994+0000] {processor.py:186} INFO - Started process (PID=51218) to work on /home/airflow/.local/lib/python3.12/site-packages/airflow/example_dags/example_latest_only.py
[2024-12-01T02:16:09.995+0000] {processor.py:914} INFO - Processing file /home/airflow/.local/lib/python3.12/site-packages/airflow/example_dags/example_latest_only.py for tasks to queue
[2024-12-01T02:16:09.997+0000] {logging_mixin.py:190} INFO - [2024-12-01T02:16:09.997+0000] {dagbag.py:588} INFO - Filling up the DagBag from /home/airflow/.local/lib/python3.12/site-packages/airflow/example_dags/example_latest_only.py
[2024-12-01T02:16:10.004+0000] {processor.py:925} INFO - DAG(s) 'latest_only' retrieved from /home/airflow/.local/lib/python3.12/site-packages/airflow/example_dags/example_latest_only.py
[2024-12-01T02:16:10.024+0000] {logging_mixin.py:190} INFO - [2024-12-01T02:16:10.024+0000] {dag.py:3239} INFO - Sync 1 DAGs
[2024-12-01T02:16:10.049+0000] {logging_mixin.py:190} INFO - [2024-12-01T02:16:10.048+0000] {dag.py:4180} INFO - Setting next_dagrun for latest_only to 2024-11-30 20:00:00+00:00, run_after=2024-12-01 00:00:00+00:00
[2024-12-01T02:16:10.070+0000] {processor.py:208} INFO - Processing /home/airflow/.local/lib/python3.12/site-packages/airflow/example_dags/example_latest_only.py took 0.081 seconds
[2024-12-01T02:16:41.082+0000] {processor.py:186} INFO - Started process (PID=51284) to work on /home/airflow/.local/lib/python3.12/site-packages/airflow/example_dags/example_latest_only.py
[2024-12-01T02:16:41.083+0000] {processor.py:914} INFO - Processing file /home/airflow/.local/lib/python3.12/site-packages/airflow/example_dags/example_latest_only.py for tasks to queue
[2024-12-01T02:16:41.085+0000] {logging_mixin.py:190} INFO - [2024-12-01T02:16:41.085+0000] {dagbag.py:588} INFO - Filling up the DagBag from /home/airflow/.local/lib/python3.12/site-packages/airflow/example_dags/example_latest_only.py
[2024-12-01T02:16:41.091+0000] {processor.py:925} INFO - DAG(s) 'latest_only' retrieved from /home/airflow/.local/lib/python3.12/site-packages/airflow/example_dags/example_latest_only.py
[2024-12-01T02:16:41.116+0000] {logging_mixin.py:190} INFO - [2024-12-01T02:16:41.115+0000] {dag.py:3239} INFO - Sync 1 DAGs
[2024-12-01T02:16:41.136+0000] {logging_mixin.py:190} INFO - [2024-12-01T02:16:41.136+0000] {dag.py:4180} INFO - Setting next_dagrun for latest_only to 2024-11-30 20:00:00+00:00, run_after=2024-12-01 00:00:00+00:00
[2024-12-01T02:16:41.153+0000] {processor.py:208} INFO - Processing /home/airflow/.local/lib/python3.12/site-packages/airflow/example_dags/example_latest_only.py took 0.076 seconds
[2024-12-01T02:17:12.099+0000] {processor.py:186} INFO - Started process (PID=51350) to work on /home/airflow/.local/lib/python3.12/site-packages/airflow/example_dags/example_latest_only.py
[2024-12-01T02:17:12.100+0000] {processor.py:914} INFO - Processing file /home/airflow/.local/lib/python3.12/site-packages/airflow/example_dags/example_latest_only.py for tasks to queue
[2024-12-01T02:17:12.103+0000] {logging_mixin.py:190} INFO - [2024-12-01T02:17:12.102+0000] {dagbag.py:588} INFO - Filling up the DagBag from /home/airflow/.local/lib/python3.12/site-packages/airflow/example_dags/example_latest_only.py
[2024-12-01T02:17:12.109+0000] {processor.py:925} INFO - DAG(s) 'latest_only' retrieved from /home/airflow/.local/lib/python3.12/site-packages/airflow/example_dags/example_latest_only.py
[2024-12-01T02:17:12.125+0000] {logging_mixin.py:190} INFO - [2024-12-01T02:17:12.125+0000] {dag.py:3239} INFO - Sync 1 DAGs
[2024-12-01T02:17:12.146+0000] {logging_mixin.py:190} INFO - [2024-12-01T02:17:12.146+0000] {dag.py:4180} INFO - Setting next_dagrun for latest_only to 2024-11-30 20:00:00+00:00, run_after=2024-12-01 00:00:00+00:00
[2024-12-01T02:17:12.162+0000] {processor.py:208} INFO - Processing /home/airflow/.local/lib/python3.12/site-packages/airflow/example_dags/example_latest_only.py took 0.068 seconds
[2024-12-01T02:17:43.183+0000] {processor.py:186} INFO - Started process (PID=51416) to work on /home/airflow/.local/lib/python3.12/site-packages/airflow/example_dags/example_latest_only.py
[2024-12-01T02:17:43.184+0000] {processor.py:914} INFO - Processing file /home/airflow/.local/lib/python3.12/site-packages/airflow/example_dags/example_latest_only.py for tasks to queue
[2024-12-01T02:17:43.187+0000] {logging_mixin.py:190} INFO - [2024-12-01T02:17:43.186+0000] {dagbag.py:588} INFO - Filling up the DagBag from /home/airflow/.local/lib/python3.12/site-packages/airflow/example_dags/example_latest_only.py
[2024-12-01T02:17:43.193+0000] {processor.py:925} INFO - DAG(s) 'latest_only' retrieved from /home/airflow/.local/lib/python3.12/site-packages/airflow/example_dags/example_latest_only.py
[2024-12-01T02:17:43.211+0000] {logging_mixin.py:190} INFO - [2024-12-01T02:17:43.211+0000] {dag.py:3239} INFO - Sync 1 DAGs
[2024-12-01T02:17:43.232+0000] {logging_mixin.py:190} INFO - [2024-12-01T02:17:43.232+0000] {dag.py:4180} INFO - Setting next_dagrun for latest_only to 2024-11-30 20:00:00+00:00, run_after=2024-12-01 00:00:00+00:00
[2024-12-01T02:17:43.250+0000] {processor.py:208} INFO - Processing /home/airflow/.local/lib/python3.12/site-packages/airflow/example_dags/example_latest_only.py took 0.071 seconds
[2024-12-01T02:18:14.187+0000] {processor.py:186} INFO - Started process (PID=51482) to work on /home/airflow/.local/lib/python3.12/site-packages/airflow/example_dags/example_latest_only.py
[2024-12-01T02:18:14.188+0000] {processor.py:914} INFO - Processing file /home/airflow/.local/lib/python3.12/site-packages/airflow/example_dags/example_latest_only.py for tasks to queue
[2024-12-01T02:18:14.191+0000] {logging_mixin.py:190} INFO - [2024-12-01T02:18:14.190+0000] {dagbag.py:588} INFO - Filling up the DagBag from /home/airflow/.local/lib/python3.12/site-packages/airflow/example_dags/example_latest_only.py
[2024-12-01T02:18:14.197+0000] {processor.py:925} INFO - DAG(s) 'latest_only' retrieved from /home/airflow/.local/lib/python3.12/site-packages/airflow/example_dags/example_latest_only.py
[2024-12-01T02:18:14.216+0000] {logging_mixin.py:190} INFO - [2024-12-01T02:18:14.215+0000] {dag.py:3239} INFO - Sync 1 DAGs
[2024-12-01T02:18:14.239+0000] {logging_mixin.py:190} INFO - [2024-12-01T02:18:14.239+0000] {dag.py:4180} INFO - Setting next_dagrun for latest_only to 2024-11-30 20:00:00+00:00, run_after=2024-12-01 00:00:00+00:00
[2024-12-01T02:18:14.256+0000] {processor.py:208} INFO - Processing /home/airflow/.local/lib/python3.12/site-packages/airflow/example_dags/example_latest_only.py took 0.074 seconds
[2024-12-01T02:18:44.776+0000] {processor.py:186} INFO - Started process (PID=51548) to work on /home/airflow/.local/lib/python3.12/site-packages/airflow/example_dags/example_latest_only.py
[2024-12-01T02:18:44.777+0000] {processor.py:914} INFO - Processing file /home/airflow/.local/lib/python3.12/site-packages/airflow/example_dags/example_latest_only.py for tasks to queue
[2024-12-01T02:18:44.779+0000] {logging_mixin.py:190} INFO - [2024-12-01T02:18:44.778+0000] {dagbag.py:588} INFO - Filling up the DagBag from /home/airflow/.local/lib/python3.12/site-packages/airflow/example_dags/example_latest_only.py
[2024-12-01T02:18:44.785+0000] {processor.py:925} INFO - DAG(s) 'latest_only' retrieved from /home/airflow/.local/lib/python3.12/site-packages/airflow/example_dags/example_latest_only.py
[2024-12-01T02:18:44.817+0000] {logging_mixin.py:190} INFO - [2024-12-01T02:18:44.817+0000] {dag.py:3239} INFO - Sync 1 DAGs
[2024-12-01T02:18:44.873+0000] {logging_mixin.py:190} INFO - [2024-12-01T02:18:44.872+0000] {dag.py:4180} INFO - Setting next_dagrun for latest_only to 2024-11-30 20:00:00+00:00, run_after=2024-12-01 00:00:00+00:00
[2024-12-01T02:18:44.917+0000] {processor.py:208} INFO - Processing /home/airflow/.local/lib/python3.12/site-packages/airflow/example_dags/example_latest_only.py took 0.146 seconds
[2024-12-01T02:19:15.940+0000] {processor.py:186} INFO - Started process (PID=51615) to work on /home/airflow/.local/lib/python3.12/site-packages/airflow/example_dags/example_latest_only.py
[2024-12-01T02:19:15.941+0000] {processor.py:914} INFO - Processing file /home/airflow/.local/lib/python3.12/site-packages/airflow/example_dags/example_latest_only.py for tasks to queue
[2024-12-01T02:19:15.943+0000] {logging_mixin.py:190} INFO - [2024-12-01T02:19:15.943+0000] {dagbag.py:588} INFO - Filling up the DagBag from /home/airflow/.local/lib/python3.12/site-packages/airflow/example_dags/example_latest_only.py
[2024-12-01T02:19:15.949+0000] {processor.py:925} INFO - DAG(s) 'latest_only' retrieved from /home/airflow/.local/lib/python3.12/site-packages/airflow/example_dags/example_latest_only.py
[2024-12-01T02:19:15.966+0000] {logging_mixin.py:190} INFO - [2024-12-01T02:19:15.966+0000] {dag.py:3239} INFO - Sync 1 DAGs
[2024-12-01T02:19:15.987+0000] {logging_mixin.py:190} INFO - [2024-12-01T02:19:15.987+0000] {dag.py:4180} INFO - Setting next_dagrun for latest_only to 2024-11-30 20:00:00+00:00, run_after=2024-12-01 00:00:00+00:00
[2024-12-01T02:19:16.004+0000] {processor.py:208} INFO - Processing /home/airflow/.local/lib/python3.12/site-packages/airflow/example_dags/example_latest_only.py took 0.070 seconds
[2024-12-01T02:19:46.965+0000] {processor.py:186} INFO - Started process (PID=51681) to work on /home/airflow/.local/lib/python3.12/site-packages/airflow/example_dags/example_latest_only.py
[2024-12-01T02:19:46.965+0000] {processor.py:914} INFO - Processing file /home/airflow/.local/lib/python3.12/site-packages/airflow/example_dags/example_latest_only.py for tasks to queue
[2024-12-01T02:19:46.967+0000] {logging_mixin.py:190} INFO - [2024-12-01T02:19:46.967+0000] {dagbag.py:588} INFO - Filling up the DagBag from /home/airflow/.local/lib/python3.12/site-packages/airflow/example_dags/example_latest_only.py
[2024-12-01T02:19:46.974+0000] {processor.py:925} INFO - DAG(s) 'latest_only' retrieved from /home/airflow/.local/lib/python3.12/site-packages/airflow/example_dags/example_latest_only.py
[2024-12-01T02:19:46.991+0000] {logging_mixin.py:190} INFO - [2024-12-01T02:19:46.991+0000] {dag.py:3239} INFO - Sync 1 DAGs
[2024-12-01T02:19:47.013+0000] {logging_mixin.py:190} INFO - [2024-12-01T02:19:47.012+0000] {dag.py:4180} INFO - Setting next_dagrun for latest_only to 2024-11-30 20:00:00+00:00, run_after=2024-12-01 00:00:00+00:00
[2024-12-01T02:19:47.029+0000] {processor.py:208} INFO - Processing /home/airflow/.local/lib/python3.12/site-packages/airflow/example_dags/example_latest_only.py took 0.070 seconds
[2024-12-01T02:20:18.170+0000] {processor.py:186} INFO - Started process (PID=51747) to work on /home/airflow/.local/lib/python3.12/site-packages/airflow/example_dags/example_latest_only.py
[2024-12-01T02:20:18.171+0000] {processor.py:914} INFO - Processing file /home/airflow/.local/lib/python3.12/site-packages/airflow/example_dags/example_latest_only.py for tasks to queue
[2024-12-01T02:20:18.173+0000] {logging_mixin.py:190} INFO - [2024-12-01T02:20:18.173+0000] {dagbag.py:588} INFO - Filling up the DagBag from /home/airflow/.local/lib/python3.12/site-packages/airflow/example_dags/example_latest_only.py
[2024-12-01T02:20:18.181+0000] {processor.py:925} INFO - DAG(s) 'latest_only' retrieved from /home/airflow/.local/lib/python3.12/site-packages/airflow/example_dags/example_latest_only.py
[2024-12-01T02:20:18.199+0000] {logging_mixin.py:190} INFO - [2024-12-01T02:20:18.199+0000] {dag.py:3239} INFO - Sync 1 DAGs
[2024-12-01T02:20:18.222+0000] {logging_mixin.py:190} INFO - [2024-12-01T02:20:18.221+0000] {dag.py:4180} INFO - Setting next_dagrun for latest_only to 2024-11-30 20:00:00+00:00, run_after=2024-12-01 00:00:00+00:00
[2024-12-01T02:20:18.240+0000] {processor.py:208} INFO - Processing /home/airflow/.local/lib/python3.12/site-packages/airflow/example_dags/example_latest_only.py took 0.077 seconds
[2024-12-01T02:20:49.448+0000] {processor.py:186} INFO - Started process (PID=51812) to work on /home/airflow/.local/lib/python3.12/site-packages/airflow/example_dags/example_latest_only.py
[2024-12-01T02:20:49.449+0000] {processor.py:914} INFO - Processing file /home/airflow/.local/lib/python3.12/site-packages/airflow/example_dags/example_latest_only.py for tasks to queue
[2024-12-01T02:20:49.451+0000] {logging_mixin.py:190} INFO - [2024-12-01T02:20:49.450+0000] {dagbag.py:588} INFO - Filling up the DagBag from /home/airflow/.local/lib/python3.12/site-packages/airflow/example_dags/example_latest_only.py
[2024-12-01T02:20:49.458+0000] {processor.py:925} INFO - DAG(s) 'latest_only' retrieved from /home/airflow/.local/lib/python3.12/site-packages/airflow/example_dags/example_latest_only.py
[2024-12-01T02:20:49.476+0000] {logging_mixin.py:190} INFO - [2024-12-01T02:20:49.476+0000] {dag.py:3239} INFO - Sync 1 DAGs
[2024-12-01T02:20:49.501+0000] {logging_mixin.py:190} INFO - [2024-12-01T02:20:49.501+0000] {dag.py:4180} INFO - Setting next_dagrun for latest_only to 2024-11-30 20:00:00+00:00, run_after=2024-12-01 00:00:00+00:00
[2024-12-01T02:20:49.517+0000] {processor.py:208} INFO - Processing /home/airflow/.local/lib/python3.12/site-packages/airflow/example_dags/example_latest_only.py took 0.077 seconds
[2024-12-01T02:21:21.436+0000] {processor.py:186} INFO - Started process (PID=51878) to work on /home/airflow/.local/lib/python3.12/site-packages/airflow/example_dags/example_latest_only.py
[2024-12-01T02:21:21.437+0000] {processor.py:914} INFO - Processing file /home/airflow/.local/lib/python3.12/site-packages/airflow/example_dags/example_latest_only.py for tasks to queue
[2024-12-01T02:21:21.439+0000] {logging_mixin.py:190} INFO - [2024-12-01T02:21:21.439+0000] {dagbag.py:588} INFO - Filling up the DagBag from /home/airflow/.local/lib/python3.12/site-packages/airflow/example_dags/example_latest_only.py
[2024-12-01T02:21:21.446+0000] {processor.py:925} INFO - DAG(s) 'latest_only' retrieved from /home/airflow/.local/lib/python3.12/site-packages/airflow/example_dags/example_latest_only.py
[2024-12-01T02:21:21.467+0000] {logging_mixin.py:190} INFO - [2024-12-01T02:21:21.467+0000] {dag.py:3239} INFO - Sync 1 DAGs
[2024-12-01T02:21:21.693+0000] {logging_mixin.py:190} INFO - [2024-12-01T02:21:21.693+0000] {dag.py:4180} INFO - Setting next_dagrun for latest_only to 2024-11-30 20:00:00+00:00, run_after=2024-12-01 00:00:00+00:00
[2024-12-01T02:21:21.709+0000] {processor.py:208} INFO - Processing /home/airflow/.local/lib/python3.12/site-packages/airflow/example_dags/example_latest_only.py took 0.279 seconds
[2024-12-01T02:21:52.341+0000] {processor.py:186} INFO - Started process (PID=51944) to work on /home/airflow/.local/lib/python3.12/site-packages/airflow/example_dags/example_latest_only.py
[2024-12-01T02:21:52.342+0000] {processor.py:914} INFO - Processing file /home/airflow/.local/lib/python3.12/site-packages/airflow/example_dags/example_latest_only.py for tasks to queue
[2024-12-01T02:21:52.344+0000] {logging_mixin.py:190} INFO - [2024-12-01T02:21:52.344+0000] {dagbag.py:588} INFO - Filling up the DagBag from /home/airflow/.local/lib/python3.12/site-packages/airflow/example_dags/example_latest_only.py
[2024-12-01T02:21:52.351+0000] {processor.py:925} INFO - DAG(s) 'latest_only' retrieved from /home/airflow/.local/lib/python3.12/site-packages/airflow/example_dags/example_latest_only.py
[2024-12-01T02:21:52.368+0000] {logging_mixin.py:190} INFO - [2024-12-01T02:21:52.368+0000] {dag.py:3239} INFO - Sync 1 DAGs
[2024-12-01T02:21:52.537+0000] {logging_mixin.py:190} INFO - [2024-12-01T02:21:52.536+0000] {dag.py:4180} INFO - Setting next_dagrun for latest_only to 2024-11-30 20:00:00+00:00, run_after=2024-12-01 00:00:00+00:00
[2024-12-01T02:21:52.552+0000] {processor.py:208} INFO - Processing /home/airflow/.local/lib/python3.12/site-packages/airflow/example_dags/example_latest_only.py took 0.216 seconds
[2024-12-01T02:22:22.871+0000] {processor.py:186} INFO - Started process (PID=52010) to work on /home/airflow/.local/lib/python3.12/site-packages/airflow/example_dags/example_latest_only.py
[2024-12-01T02:22:22.872+0000] {processor.py:914} INFO - Processing file /home/airflow/.local/lib/python3.12/site-packages/airflow/example_dags/example_latest_only.py for tasks to queue
[2024-12-01T02:22:22.874+0000] {logging_mixin.py:190} INFO - [2024-12-01T02:22:22.874+0000] {dagbag.py:588} INFO - Filling up the DagBag from /home/airflow/.local/lib/python3.12/site-packages/airflow/example_dags/example_latest_only.py
[2024-12-01T02:22:22.881+0000] {processor.py:925} INFO - DAG(s) 'latest_only' retrieved from /home/airflow/.local/lib/python3.12/site-packages/airflow/example_dags/example_latest_only.py
[2024-12-01T02:22:22.899+0000] {logging_mixin.py:190} INFO - [2024-12-01T02:22:22.899+0000] {dag.py:3239} INFO - Sync 1 DAGs
[2024-12-01T02:22:22.920+0000] {logging_mixin.py:190} INFO - [2024-12-01T02:22:22.920+0000] {dag.py:4180} INFO - Setting next_dagrun for latest_only to 2024-11-30 20:00:00+00:00, run_after=2024-12-01 00:00:00+00:00
[2024-12-01T02:22:23.096+0000] {processor.py:208} INFO - Processing /home/airflow/.local/lib/python3.12/site-packages/airflow/example_dags/example_latest_only.py took 0.230 seconds
[2024-12-01T02:22:53.386+0000] {processor.py:186} INFO - Started process (PID=52076) to work on /home/airflow/.local/lib/python3.12/site-packages/airflow/example_dags/example_latest_only.py
[2024-12-01T02:22:53.387+0000] {processor.py:914} INFO - Processing file /home/airflow/.local/lib/python3.12/site-packages/airflow/example_dags/example_latest_only.py for tasks to queue
[2024-12-01T02:22:53.389+0000] {logging_mixin.py:190} INFO - [2024-12-01T02:22:53.389+0000] {dagbag.py:588} INFO - Filling up the DagBag from /home/airflow/.local/lib/python3.12/site-packages/airflow/example_dags/example_latest_only.py
[2024-12-01T02:22:53.396+0000] {processor.py:925} INFO - DAG(s) 'latest_only' retrieved from /home/airflow/.local/lib/python3.12/site-packages/airflow/example_dags/example_latest_only.py
[2024-12-01T02:22:53.412+0000] {logging_mixin.py:190} INFO - [2024-12-01T02:22:53.412+0000] {dag.py:3239} INFO - Sync 1 DAGs
[2024-12-01T02:22:53.432+0000] {logging_mixin.py:190} INFO - [2024-12-01T02:22:53.432+0000] {dag.py:4180} INFO - Setting next_dagrun for latest_only to 2024-11-30 20:00:00+00:00, run_after=2024-12-01 00:00:00+00:00
[2024-12-01T02:22:53.449+0000] {processor.py:208} INFO - Processing /home/airflow/.local/lib/python3.12/site-packages/airflow/example_dags/example_latest_only.py took 0.068 seconds
[2024-12-01T02:23:24.772+0000] {processor.py:186} INFO - Started process (PID=52142) to work on /home/airflow/.local/lib/python3.12/site-packages/airflow/example_dags/example_latest_only.py
[2024-12-01T02:23:24.773+0000] {processor.py:914} INFO - Processing file /home/airflow/.local/lib/python3.12/site-packages/airflow/example_dags/example_latest_only.py for tasks to queue
[2024-12-01T02:23:24.775+0000] {logging_mixin.py:190} INFO - [2024-12-01T02:23:24.775+0000] {dagbag.py:588} INFO - Filling up the DagBag from /home/airflow/.local/lib/python3.12/site-packages/airflow/example_dags/example_latest_only.py
[2024-12-01T02:23:24.923+0000] {processor.py:925} INFO - DAG(s) 'latest_only' retrieved from /home/airflow/.local/lib/python3.12/site-packages/airflow/example_dags/example_latest_only.py
[2024-12-01T02:23:24.937+0000] {logging_mixin.py:190} INFO - [2024-12-01T02:23:24.937+0000] {dag.py:3239} INFO - Sync 1 DAGs
[2024-12-01T02:23:24.955+0000] {logging_mixin.py:190} INFO - [2024-12-01T02:23:24.955+0000] {dag.py:4180} INFO - Setting next_dagrun for latest_only to 2024-11-30 20:00:00+00:00, run_after=2024-12-01 00:00:00+00:00
[2024-12-01T02:23:24.971+0000] {processor.py:208} INFO - Processing /home/airflow/.local/lib/python3.12/site-packages/airflow/example_dags/example_latest_only.py took 0.204 seconds
[2024-12-01T02:23:55.478+0000] {processor.py:186} INFO - Started process (PID=52208) to work on /home/airflow/.local/lib/python3.12/site-packages/airflow/example_dags/example_latest_only.py
[2024-12-01T02:23:55.479+0000] {processor.py:914} INFO - Processing file /home/airflow/.local/lib/python3.12/site-packages/airflow/example_dags/example_latest_only.py for tasks to queue
[2024-12-01T02:23:55.481+0000] {logging_mixin.py:190} INFO - [2024-12-01T02:23:55.481+0000] {dagbag.py:588} INFO - Filling up the DagBag from /home/airflow/.local/lib/python3.12/site-packages/airflow/example_dags/example_latest_only.py
[2024-12-01T02:23:55.487+0000] {processor.py:925} INFO - DAG(s) 'latest_only' retrieved from /home/airflow/.local/lib/python3.12/site-packages/airflow/example_dags/example_latest_only.py
[2024-12-01T02:23:55.505+0000] {logging_mixin.py:190} INFO - [2024-12-01T02:23:55.504+0000] {dag.py:3239} INFO - Sync 1 DAGs
[2024-12-01T02:23:55.525+0000] {logging_mixin.py:190} INFO - [2024-12-01T02:23:55.525+0000] {dag.py:4180} INFO - Setting next_dagrun for latest_only to 2024-11-30 20:00:00+00:00, run_after=2024-12-01 00:00:00+00:00
[2024-12-01T02:23:55.543+0000] {processor.py:208} INFO - Processing /home/airflow/.local/lib/python3.12/site-packages/airflow/example_dags/example_latest_only.py took 0.071 seconds
[2024-12-01T02:24:26.884+0000] {processor.py:186} INFO - Started process (PID=52274) to work on /home/airflow/.local/lib/python3.12/site-packages/airflow/example_dags/example_latest_only.py
[2024-12-01T02:24:26.885+0000] {processor.py:914} INFO - Processing file /home/airflow/.local/lib/python3.12/site-packages/airflow/example_dags/example_latest_only.py for tasks to queue
[2024-12-01T02:24:26.888+0000] {logging_mixin.py:190} INFO - [2024-12-01T02:24:26.887+0000] {dagbag.py:588} INFO - Filling up the DagBag from /home/airflow/.local/lib/python3.12/site-packages/airflow/example_dags/example_latest_only.py
[2024-12-01T02:24:26.894+0000] {processor.py:925} INFO - DAG(s) 'latest_only' retrieved from /home/airflow/.local/lib/python3.12/site-packages/airflow/example_dags/example_latest_only.py
[2024-12-01T02:24:26.913+0000] {logging_mixin.py:190} INFO - [2024-12-01T02:24:26.912+0000] {dag.py:3239} INFO - Sync 1 DAGs
[2024-12-01T02:24:26.935+0000] {logging_mixin.py:190} INFO - [2024-12-01T02:24:26.934+0000] {dag.py:4180} INFO - Setting next_dagrun for latest_only to 2024-11-30 20:00:00+00:00, run_after=2024-12-01 00:00:00+00:00
[2024-12-01T02:24:26.951+0000] {processor.py:208} INFO - Processing /home/airflow/.local/lib/python3.12/site-packages/airflow/example_dags/example_latest_only.py took 0.073 seconds
[2024-12-01T02:24:58.373+0000] {processor.py:186} INFO - Started process (PID=52340) to work on /home/airflow/.local/lib/python3.12/site-packages/airflow/example_dags/example_latest_only.py
[2024-12-01T02:24:58.374+0000] {processor.py:914} INFO - Processing file /home/airflow/.local/lib/python3.12/site-packages/airflow/example_dags/example_latest_only.py for tasks to queue
[2024-12-01T02:24:58.376+0000] {logging_mixin.py:190} INFO - [2024-12-01T02:24:58.376+0000] {dagbag.py:588} INFO - Filling up the DagBag from /home/airflow/.local/lib/python3.12/site-packages/airflow/example_dags/example_latest_only.py
[2024-12-01T02:24:58.383+0000] {processor.py:925} INFO - DAG(s) 'latest_only' retrieved from /home/airflow/.local/lib/python3.12/site-packages/airflow/example_dags/example_latest_only.py
[2024-12-01T02:24:58.400+0000] {logging_mixin.py:190} INFO - [2024-12-01T02:24:58.400+0000] {dag.py:3239} INFO - Sync 1 DAGs
[2024-12-01T02:24:58.420+0000] {logging_mixin.py:190} INFO - [2024-12-01T02:24:58.420+0000] {dag.py:4180} INFO - Setting next_dagrun for latest_only to 2024-11-30 20:00:00+00:00, run_after=2024-12-01 00:00:00+00:00
[2024-12-01T02:24:58.437+0000] {processor.py:208} INFO - Processing /home/airflow/.local/lib/python3.12/site-packages/airflow/example_dags/example_latest_only.py took 0.069 seconds
[2024-12-01T02:25:28.865+0000] {processor.py:186} INFO - Started process (PID=52406) to work on /home/airflow/.local/lib/python3.12/site-packages/airflow/example_dags/example_latest_only.py
[2024-12-01T02:25:28.866+0000] {processor.py:914} INFO - Processing file /home/airflow/.local/lib/python3.12/site-packages/airflow/example_dags/example_latest_only.py for tasks to queue
[2024-12-01T02:25:28.869+0000] {logging_mixin.py:190} INFO - [2024-12-01T02:25:28.868+0000] {dagbag.py:588} INFO - Filling up the DagBag from /home/airflow/.local/lib/python3.12/site-packages/airflow/example_dags/example_latest_only.py
[2024-12-01T02:25:28.875+0000] {processor.py:925} INFO - DAG(s) 'latest_only' retrieved from /home/airflow/.local/lib/python3.12/site-packages/airflow/example_dags/example_latest_only.py
[2024-12-01T02:25:28.891+0000] {logging_mixin.py:190} INFO - [2024-12-01T02:25:28.891+0000] {dag.py:3239} INFO - Sync 1 DAGs
[2024-12-01T02:25:28.912+0000] {logging_mixin.py:190} INFO - [2024-12-01T02:25:28.912+0000] {dag.py:4180} INFO - Setting next_dagrun for latest_only to 2024-11-30 20:00:00+00:00, run_after=2024-12-01 00:00:00+00:00
[2024-12-01T02:25:28.929+0000] {processor.py:208} INFO - Processing /home/airflow/.local/lib/python3.12/site-packages/airflow/example_dags/example_latest_only.py took 0.069 seconds
[2024-12-01T02:25:59.557+0000] {processor.py:186} INFO - Started process (PID=52472) to work on /home/airflow/.local/lib/python3.12/site-packages/airflow/example_dags/example_latest_only.py
[2024-12-01T02:25:59.558+0000] {processor.py:914} INFO - Processing file /home/airflow/.local/lib/python3.12/site-packages/airflow/example_dags/example_latest_only.py for tasks to queue
[2024-12-01T02:25:59.560+0000] {logging_mixin.py:190} INFO - [2024-12-01T02:25:59.560+0000] {dagbag.py:588} INFO - Filling up the DagBag from /home/airflow/.local/lib/python3.12/site-packages/airflow/example_dags/example_latest_only.py
[2024-12-01T02:25:59.571+0000] {processor.py:925} INFO - DAG(s) 'latest_only' retrieved from /home/airflow/.local/lib/python3.12/site-packages/airflow/example_dags/example_latest_only.py
[2024-12-01T02:25:59.591+0000] {logging_mixin.py:190} INFO - [2024-12-01T02:25:59.591+0000] {dag.py:3239} INFO - Sync 1 DAGs
[2024-12-01T02:25:59.614+0000] {logging_mixin.py:190} INFO - [2024-12-01T02:25:59.614+0000] {dag.py:4180} INFO - Setting next_dagrun for latest_only to 2024-11-30 20:00:00+00:00, run_after=2024-12-01 00:00:00+00:00
[2024-12-01T02:25:59.631+0000] {processor.py:208} INFO - Processing /home/airflow/.local/lib/python3.12/site-packages/airflow/example_dags/example_latest_only.py took 0.081 seconds
[2024-12-01T02:26:30.123+0000] {processor.py:186} INFO - Started process (PID=52544) to work on /home/airflow/.local/lib/python3.12/site-packages/airflow/example_dags/example_latest_only.py
[2024-12-01T02:26:30.124+0000] {processor.py:914} INFO - Processing file /home/airflow/.local/lib/python3.12/site-packages/airflow/example_dags/example_latest_only.py for tasks to queue
[2024-12-01T02:26:30.127+0000] {logging_mixin.py:190} INFO - [2024-12-01T02:26:30.127+0000] {dagbag.py:588} INFO - Filling up the DagBag from /home/airflow/.local/lib/python3.12/site-packages/airflow/example_dags/example_latest_only.py
[2024-12-01T02:26:30.134+0000] {processor.py:925} INFO - DAG(s) 'latest_only' retrieved from /home/airflow/.local/lib/python3.12/site-packages/airflow/example_dags/example_latest_only.py
[2024-12-01T02:26:30.151+0000] {logging_mixin.py:190} INFO - [2024-12-01T02:26:30.151+0000] {dag.py:3239} INFO - Sync 1 DAGs
[2024-12-01T02:26:30.173+0000] {logging_mixin.py:190} INFO - [2024-12-01T02:26:30.173+0000] {dag.py:4180} INFO - Setting next_dagrun for latest_only to 2024-11-30 20:00:00+00:00, run_after=2024-12-01 00:00:00+00:00
[2024-12-01T02:26:30.191+0000] {processor.py:208} INFO - Processing /home/airflow/.local/lib/python3.12/site-packages/airflow/example_dags/example_latest_only.py took 0.076 seconds
[2024-12-01T02:27:00.767+0000] {processor.py:186} INFO - Started process (PID=52610) to work on /home/airflow/.local/lib/python3.12/site-packages/airflow/example_dags/example_latest_only.py
[2024-12-01T02:27:00.769+0000] {processor.py:914} INFO - Processing file /home/airflow/.local/lib/python3.12/site-packages/airflow/example_dags/example_latest_only.py for tasks to queue
[2024-12-01T02:27:00.772+0000] {logging_mixin.py:190} INFO - [2024-12-01T02:27:00.771+0000] {dagbag.py:588} INFO - Filling up the DagBag from /home/airflow/.local/lib/python3.12/site-packages/airflow/example_dags/example_latest_only.py
[2024-12-01T02:27:00.781+0000] {processor.py:925} INFO - DAG(s) 'latest_only' retrieved from /home/airflow/.local/lib/python3.12/site-packages/airflow/example_dags/example_latest_only.py
[2024-12-01T02:27:00.807+0000] {logging_mixin.py:190} INFO - [2024-12-01T02:27:00.807+0000] {dag.py:3239} INFO - Sync 1 DAGs
[2024-12-01T02:27:00.837+0000] {logging_mixin.py:190} INFO - [2024-12-01T02:27:00.837+0000] {dag.py:4180} INFO - Setting next_dagrun for latest_only to 2024-11-30 20:00:00+00:00, run_after=2024-12-01 00:00:00+00:00
[2024-12-01T02:27:00.858+0000] {processor.py:208} INFO - Processing /home/airflow/.local/lib/python3.12/site-packages/airflow/example_dags/example_latest_only.py took 0.100 seconds
[2024-12-01T02:27:31.268+0000] {processor.py:186} INFO - Started process (PID=52676) to work on /home/airflow/.local/lib/python3.12/site-packages/airflow/example_dags/example_latest_only.py
[2024-12-01T02:27:31.269+0000] {processor.py:914} INFO - Processing file /home/airflow/.local/lib/python3.12/site-packages/airflow/example_dags/example_latest_only.py for tasks to queue
[2024-12-01T02:27:31.271+0000] {logging_mixin.py:190} INFO - [2024-12-01T02:27:31.271+0000] {dagbag.py:588} INFO - Filling up the DagBag from /home/airflow/.local/lib/python3.12/site-packages/airflow/example_dags/example_latest_only.py
[2024-12-01T02:27:31.278+0000] {processor.py:925} INFO - DAG(s) 'latest_only' retrieved from /home/airflow/.local/lib/python3.12/site-packages/airflow/example_dags/example_latest_only.py
[2024-12-01T02:27:31.293+0000] {logging_mixin.py:190} INFO - [2024-12-01T02:27:31.293+0000] {dag.py:3239} INFO - Sync 1 DAGs
[2024-12-01T02:27:31.314+0000] {logging_mixin.py:190} INFO - [2024-12-01T02:27:31.314+0000] {dag.py:4180} INFO - Setting next_dagrun for latest_only to 2024-11-30 20:00:00+00:00, run_after=2024-12-01 00:00:00+00:00
[2024-12-01T02:27:31.331+0000] {processor.py:208} INFO - Processing /home/airflow/.local/lib/python3.12/site-packages/airflow/example_dags/example_latest_only.py took 0.068 seconds
[2024-12-01T02:28:02.697+0000] {processor.py:186} INFO - Started process (PID=52742) to work on /home/airflow/.local/lib/python3.12/site-packages/airflow/example_dags/example_latest_only.py
[2024-12-01T02:28:02.698+0000] {processor.py:914} INFO - Processing file /home/airflow/.local/lib/python3.12/site-packages/airflow/example_dags/example_latest_only.py for tasks to queue
[2024-12-01T02:28:02.701+0000] {logging_mixin.py:190} INFO - [2024-12-01T02:28:02.701+0000] {dagbag.py:588} INFO - Filling up the DagBag from /home/airflow/.local/lib/python3.12/site-packages/airflow/example_dags/example_latest_only.py
[2024-12-01T02:28:02.714+0000] {processor.py:925} INFO - DAG(s) 'latest_only' retrieved from /home/airflow/.local/lib/python3.12/site-packages/airflow/example_dags/example_latest_only.py
[2024-12-01T02:28:02.731+0000] {logging_mixin.py:190} INFO - [2024-12-01T02:28:02.731+0000] {dag.py:3239} INFO - Sync 1 DAGs
[2024-12-01T02:28:02.752+0000] {logging_mixin.py:190} INFO - [2024-12-01T02:28:02.751+0000] {dag.py:4180} INFO - Setting next_dagrun for latest_only to 2024-11-30 20:00:00+00:00, run_after=2024-12-01 00:00:00+00:00
[2024-12-01T02:28:02.767+0000] {processor.py:208} INFO - Processing /home/airflow/.local/lib/python3.12/site-packages/airflow/example_dags/example_latest_only.py took 0.081 seconds
[2024-12-01T02:28:33.205+0000] {processor.py:186} INFO - Started process (PID=52808) to work on /home/airflow/.local/lib/python3.12/site-packages/airflow/example_dags/example_latest_only.py
[2024-12-01T02:28:33.206+0000] {processor.py:914} INFO - Processing file /home/airflow/.local/lib/python3.12/site-packages/airflow/example_dags/example_latest_only.py for tasks to queue
[2024-12-01T02:28:33.209+0000] {logging_mixin.py:190} INFO - [2024-12-01T02:28:33.208+0000] {dagbag.py:588} INFO - Filling up the DagBag from /home/airflow/.local/lib/python3.12/site-packages/airflow/example_dags/example_latest_only.py
[2024-12-01T02:28:33.215+0000] {processor.py:925} INFO - DAG(s) 'latest_only' retrieved from /home/airflow/.local/lib/python3.12/site-packages/airflow/example_dags/example_latest_only.py
[2024-12-01T02:28:33.234+0000] {logging_mixin.py:190} INFO - [2024-12-01T02:28:33.234+0000] {dag.py:3239} INFO - Sync 1 DAGs
[2024-12-01T02:28:33.257+0000] {logging_mixin.py:190} INFO - [2024-12-01T02:28:33.257+0000] {dag.py:4180} INFO - Setting next_dagrun for latest_only to 2024-11-30 20:00:00+00:00, run_after=2024-12-01 00:00:00+00:00
[2024-12-01T02:28:33.273+0000] {processor.py:208} INFO - Processing /home/airflow/.local/lib/python3.12/site-packages/airflow/example_dags/example_latest_only.py took 0.073 seconds
[2024-12-01T02:29:03.693+0000] {processor.py:186} INFO - Started process (PID=52874) to work on /home/airflow/.local/lib/python3.12/site-packages/airflow/example_dags/example_latest_only.py
[2024-12-01T02:29:03.694+0000] {processor.py:914} INFO - Processing file /home/airflow/.local/lib/python3.12/site-packages/airflow/example_dags/example_latest_only.py for tasks to queue
[2024-12-01T02:29:03.696+0000] {logging_mixin.py:190} INFO - [2024-12-01T02:29:03.695+0000] {dagbag.py:588} INFO - Filling up the DagBag from /home/airflow/.local/lib/python3.12/site-packages/airflow/example_dags/example_latest_only.py
[2024-12-01T02:29:03.702+0000] {processor.py:925} INFO - DAG(s) 'latest_only' retrieved from /home/airflow/.local/lib/python3.12/site-packages/airflow/example_dags/example_latest_only.py
[2024-12-01T02:29:03.718+0000] {logging_mixin.py:190} INFO - [2024-12-01T02:29:03.718+0000] {dag.py:3239} INFO - Sync 1 DAGs
[2024-12-01T02:29:03.738+0000] {logging_mixin.py:190} INFO - [2024-12-01T02:29:03.738+0000] {dag.py:4180} INFO - Setting next_dagrun for latest_only to 2024-11-30 20:00:00+00:00, run_after=2024-12-01 00:00:00+00:00
[2024-12-01T02:29:03.759+0000] {processor.py:208} INFO - Processing /home/airflow/.local/lib/python3.12/site-packages/airflow/example_dags/example_latest_only.py took 0.072 seconds
[2024-12-01T02:29:34.351+0000] {processor.py:186} INFO - Started process (PID=52940) to work on /home/airflow/.local/lib/python3.12/site-packages/airflow/example_dags/example_latest_only.py
[2024-12-01T02:29:34.352+0000] {processor.py:914} INFO - Processing file /home/airflow/.local/lib/python3.12/site-packages/airflow/example_dags/example_latest_only.py for tasks to queue
[2024-12-01T02:29:34.355+0000] {logging_mixin.py:190} INFO - [2024-12-01T02:29:34.354+0000] {dagbag.py:588} INFO - Filling up the DagBag from /home/airflow/.local/lib/python3.12/site-packages/airflow/example_dags/example_latest_only.py
[2024-12-01T02:29:34.361+0000] {processor.py:925} INFO - DAG(s) 'latest_only' retrieved from /home/airflow/.local/lib/python3.12/site-packages/airflow/example_dags/example_latest_only.py
[2024-12-01T02:29:34.378+0000] {logging_mixin.py:190} INFO - [2024-12-01T02:29:34.377+0000] {dag.py:3239} INFO - Sync 1 DAGs
[2024-12-01T02:29:34.399+0000] {logging_mixin.py:190} INFO - [2024-12-01T02:29:34.399+0000] {dag.py:4180} INFO - Setting next_dagrun for latest_only to 2024-11-30 20:00:00+00:00, run_after=2024-12-01 00:00:00+00:00
[2024-12-01T02:29:34.416+0000] {processor.py:208} INFO - Processing /home/airflow/.local/lib/python3.12/site-packages/airflow/example_dags/example_latest_only.py took 0.071 seconds
[2024-12-01T02:30:05.710+0000] {processor.py:186} INFO - Started process (PID=53006) to work on /home/airflow/.local/lib/python3.12/site-packages/airflow/example_dags/example_latest_only.py
[2024-12-01T02:30:05.711+0000] {processor.py:914} INFO - Processing file /home/airflow/.local/lib/python3.12/site-packages/airflow/example_dags/example_latest_only.py for tasks to queue
[2024-12-01T02:30:05.713+0000] {logging_mixin.py:190} INFO - [2024-12-01T02:30:05.713+0000] {dagbag.py:588} INFO - Filling up the DagBag from /home/airflow/.local/lib/python3.12/site-packages/airflow/example_dags/example_latest_only.py
[2024-12-01T02:30:05.720+0000] {processor.py:925} INFO - DAG(s) 'latest_only' retrieved from /home/airflow/.local/lib/python3.12/site-packages/airflow/example_dags/example_latest_only.py
[2024-12-01T02:30:05.737+0000] {logging_mixin.py:190} INFO - [2024-12-01T02:30:05.737+0000] {dag.py:3239} INFO - Sync 1 DAGs
[2024-12-01T02:30:05.758+0000] {logging_mixin.py:190} INFO - [2024-12-01T02:30:05.757+0000] {dag.py:4180} INFO - Setting next_dagrun for latest_only to 2024-11-30 20:00:00+00:00, run_after=2024-12-01 00:00:00+00:00
[2024-12-01T02:30:05.774+0000] {processor.py:208} INFO - Processing /home/airflow/.local/lib/python3.12/site-packages/airflow/example_dags/example_latest_only.py took 0.069 seconds
[2024-12-01T02:30:36.299+0000] {processor.py:186} INFO - Started process (PID=53072) to work on /home/airflow/.local/lib/python3.12/site-packages/airflow/example_dags/example_latest_only.py
[2024-12-01T02:30:36.300+0000] {processor.py:914} INFO - Processing file /home/airflow/.local/lib/python3.12/site-packages/airflow/example_dags/example_latest_only.py for tasks to queue
[2024-12-01T02:30:36.302+0000] {logging_mixin.py:190} INFO - [2024-12-01T02:30:36.302+0000] {dagbag.py:588} INFO - Filling up the DagBag from /home/airflow/.local/lib/python3.12/site-packages/airflow/example_dags/example_latest_only.py
[2024-12-01T02:30:36.309+0000] {processor.py:925} INFO - DAG(s) 'latest_only' retrieved from /home/airflow/.local/lib/python3.12/site-packages/airflow/example_dags/example_latest_only.py
[2024-12-01T02:30:36.325+0000] {logging_mixin.py:190} INFO - [2024-12-01T02:30:36.325+0000] {dag.py:3239} INFO - Sync 1 DAGs
[2024-12-01T02:30:36.346+0000] {logging_mixin.py:190} INFO - [2024-12-01T02:30:36.346+0000] {dag.py:4180} INFO - Setting next_dagrun for latest_only to 2024-11-30 20:00:00+00:00, run_after=2024-12-01 00:00:00+00:00
[2024-12-01T02:30:36.364+0000] {processor.py:208} INFO - Processing /home/airflow/.local/lib/python3.12/site-packages/airflow/example_dags/example_latest_only.py took 0.069 seconds
[2024-12-01T02:31:06.894+0000] {processor.py:186} INFO - Started process (PID=53138) to work on /home/airflow/.local/lib/python3.12/site-packages/airflow/example_dags/example_latest_only.py
[2024-12-01T02:31:06.895+0000] {processor.py:914} INFO - Processing file /home/airflow/.local/lib/python3.12/site-packages/airflow/example_dags/example_latest_only.py for tasks to queue
[2024-12-01T02:31:06.897+0000] {logging_mixin.py:190} INFO - [2024-12-01T02:31:06.897+0000] {dagbag.py:588} INFO - Filling up the DagBag from /home/airflow/.local/lib/python3.12/site-packages/airflow/example_dags/example_latest_only.py
[2024-12-01T02:31:06.913+0000] {processor.py:925} INFO - DAG(s) 'latest_only' retrieved from /home/airflow/.local/lib/python3.12/site-packages/airflow/example_dags/example_latest_only.py
[2024-12-01T02:31:06.953+0000] {logging_mixin.py:190} INFO - [2024-12-01T02:31:06.953+0000] {dag.py:3239} INFO - Sync 1 DAGs
[2024-12-01T02:31:06.999+0000] {logging_mixin.py:190} INFO - [2024-12-01T02:31:06.999+0000] {dag.py:4180} INFO - Setting next_dagrun for latest_only to 2024-11-30 20:00:00+00:00, run_after=2024-12-01 00:00:00+00:00
[2024-12-01T02:31:07.034+0000] {processor.py:208} INFO - Processing /home/airflow/.local/lib/python3.12/site-packages/airflow/example_dags/example_latest_only.py took 0.145 seconds
[2024-12-01T02:31:38.238+0000] {processor.py:186} INFO - Started process (PID=53204) to work on /home/airflow/.local/lib/python3.12/site-packages/airflow/example_dags/example_latest_only.py
[2024-12-01T02:31:38.238+0000] {processor.py:914} INFO - Processing file /home/airflow/.local/lib/python3.12/site-packages/airflow/example_dags/example_latest_only.py for tasks to queue
[2024-12-01T02:31:38.241+0000] {logging_mixin.py:190} INFO - [2024-12-01T02:31:38.240+0000] {dagbag.py:588} INFO - Filling up the DagBag from /home/airflow/.local/lib/python3.12/site-packages/airflow/example_dags/example_latest_only.py
[2024-12-01T02:31:38.247+0000] {processor.py:925} INFO - DAG(s) 'latest_only' retrieved from /home/airflow/.local/lib/python3.12/site-packages/airflow/example_dags/example_latest_only.py
[2024-12-01T02:31:38.268+0000] {logging_mixin.py:190} INFO - [2024-12-01T02:31:38.268+0000] {dag.py:3239} INFO - Sync 1 DAGs
[2024-12-01T02:31:38.292+0000] {logging_mixin.py:190} INFO - [2024-12-01T02:31:38.292+0000] {dag.py:4180} INFO - Setting next_dagrun for latest_only to 2024-11-30 20:00:00+00:00, run_after=2024-12-01 00:00:00+00:00
[2024-12-01T02:31:38.312+0000] {processor.py:208} INFO - Processing /home/airflow/.local/lib/python3.12/site-packages/airflow/example_dags/example_latest_only.py took 0.081 seconds
[2024-12-01T02:32:08.759+0000] {processor.py:186} INFO - Started process (PID=53270) to work on /home/airflow/.local/lib/python3.12/site-packages/airflow/example_dags/example_latest_only.py
[2024-12-01T02:32:08.760+0000] {processor.py:914} INFO - Processing file /home/airflow/.local/lib/python3.12/site-packages/airflow/example_dags/example_latest_only.py for tasks to queue
[2024-12-01T02:32:08.762+0000] {logging_mixin.py:190} INFO - [2024-12-01T02:32:08.762+0000] {dagbag.py:588} INFO - Filling up the DagBag from /home/airflow/.local/lib/python3.12/site-packages/airflow/example_dags/example_latest_only.py
[2024-12-01T02:32:08.769+0000] {processor.py:925} INFO - DAG(s) 'latest_only' retrieved from /home/airflow/.local/lib/python3.12/site-packages/airflow/example_dags/example_latest_only.py
[2024-12-01T02:32:08.786+0000] {logging_mixin.py:190} INFO - [2024-12-01T02:32:08.786+0000] {dag.py:3239} INFO - Sync 1 DAGs
[2024-12-01T02:32:08.806+0000] {logging_mixin.py:190} INFO - [2024-12-01T02:32:08.806+0000] {dag.py:4180} INFO - Setting next_dagrun for latest_only to 2024-11-30 20:00:00+00:00, run_after=2024-12-01 00:00:00+00:00
[2024-12-01T02:32:08.822+0000] {processor.py:208} INFO - Processing /home/airflow/.local/lib/python3.12/site-packages/airflow/example_dags/example_latest_only.py took 0.069 seconds
[2024-12-01T02:32:39.709+0000] {processor.py:186} INFO - Started process (PID=53336) to work on /home/airflow/.local/lib/python3.12/site-packages/airflow/example_dags/example_latest_only.py
[2024-12-01T02:32:39.710+0000] {processor.py:914} INFO - Processing file /home/airflow/.local/lib/python3.12/site-packages/airflow/example_dags/example_latest_only.py for tasks to queue
[2024-12-01T02:32:39.712+0000] {logging_mixin.py:190} INFO - [2024-12-01T02:32:39.712+0000] {dagbag.py:588} INFO - Filling up the DagBag from /home/airflow/.local/lib/python3.12/site-packages/airflow/example_dags/example_latest_only.py
[2024-12-01T02:32:39.719+0000] {processor.py:925} INFO - DAG(s) 'latest_only' retrieved from /home/airflow/.local/lib/python3.12/site-packages/airflow/example_dags/example_latest_only.py
[2024-12-01T02:32:39.738+0000] {logging_mixin.py:190} INFO - [2024-12-01T02:32:39.738+0000] {dag.py:3239} INFO - Sync 1 DAGs
[2024-12-01T02:32:39.764+0000] {logging_mixin.py:190} INFO - [2024-12-01T02:32:39.763+0000] {dag.py:4180} INFO - Setting next_dagrun for latest_only to 2024-11-30 20:00:00+00:00, run_after=2024-12-01 00:00:00+00:00
[2024-12-01T02:32:40.351+0000] {processor.py:208} INFO - Processing /home/airflow/.local/lib/python3.12/site-packages/airflow/example_dags/example_latest_only.py took 0.648 seconds
[2024-12-01T02:33:10.847+0000] {processor.py:186} INFO - Started process (PID=53403) to work on /home/airflow/.local/lib/python3.12/site-packages/airflow/example_dags/example_latest_only.py
[2024-12-01T02:33:10.848+0000] {processor.py:914} INFO - Processing file /home/airflow/.local/lib/python3.12/site-packages/airflow/example_dags/example_latest_only.py for tasks to queue
[2024-12-01T02:33:10.851+0000] {logging_mixin.py:190} INFO - [2024-12-01T02:33:10.850+0000] {dagbag.py:588} INFO - Filling up the DagBag from /home/airflow/.local/lib/python3.12/site-packages/airflow/example_dags/example_latest_only.py
[2024-12-01T02:33:10.858+0000] {processor.py:925} INFO - DAG(s) 'latest_only' retrieved from /home/airflow/.local/lib/python3.12/site-packages/airflow/example_dags/example_latest_only.py
[2024-12-01T02:33:10.877+0000] {logging_mixin.py:190} INFO - [2024-12-01T02:33:10.876+0000] {dag.py:3239} INFO - Sync 1 DAGs
[2024-12-01T02:33:10.899+0000] {logging_mixin.py:190} INFO - [2024-12-01T02:33:10.898+0000] {dag.py:4180} INFO - Setting next_dagrun for latest_only to 2024-11-30 20:00:00+00:00, run_after=2024-12-01 00:00:00+00:00
[2024-12-01T02:33:10.916+0000] {processor.py:208} INFO - Processing /home/airflow/.local/lib/python3.12/site-packages/airflow/example_dags/example_latest_only.py took 0.075 seconds
[2024-12-01T02:33:41.608+0000] {processor.py:186} INFO - Started process (PID=53469) to work on /home/airflow/.local/lib/python3.12/site-packages/airflow/example_dags/example_latest_only.py
[2024-12-01T02:33:41.609+0000] {processor.py:914} INFO - Processing file /home/airflow/.local/lib/python3.12/site-packages/airflow/example_dags/example_latest_only.py for tasks to queue
[2024-12-01T02:33:41.612+0000] {logging_mixin.py:190} INFO - [2024-12-01T02:33:41.611+0000] {dagbag.py:588} INFO - Filling up the DagBag from /home/airflow/.local/lib/python3.12/site-packages/airflow/example_dags/example_latest_only.py
[2024-12-01T02:33:41.619+0000] {processor.py:925} INFO - DAG(s) 'latest_only' retrieved from /home/airflow/.local/lib/python3.12/site-packages/airflow/example_dags/example_latest_only.py
[2024-12-01T02:33:41.637+0000] {logging_mixin.py:190} INFO - [2024-12-01T02:33:41.637+0000] {dag.py:3239} INFO - Sync 1 DAGs
[2024-12-01T02:33:41.659+0000] {logging_mixin.py:190} INFO - [2024-12-01T02:33:41.658+0000] {dag.py:4180} INFO - Setting next_dagrun for latest_only to 2024-11-30 20:00:00+00:00, run_after=2024-12-01 00:00:00+00:00
[2024-12-01T02:33:41.677+0000] {processor.py:208} INFO - Processing /home/airflow/.local/lib/python3.12/site-packages/airflow/example_dags/example_latest_only.py took 0.074 seconds
[2024-12-01T02:34:12.264+0000] {processor.py:186} INFO - Started process (PID=53535) to work on /home/airflow/.local/lib/python3.12/site-packages/airflow/example_dags/example_latest_only.py
[2024-12-01T02:34:12.265+0000] {processor.py:914} INFO - Processing file /home/airflow/.local/lib/python3.12/site-packages/airflow/example_dags/example_latest_only.py for tasks to queue
[2024-12-01T02:34:12.268+0000] {logging_mixin.py:190} INFO - [2024-12-01T02:34:12.267+0000] {dagbag.py:588} INFO - Filling up the DagBag from /home/airflow/.local/lib/python3.12/site-packages/airflow/example_dags/example_latest_only.py
[2024-12-01T02:34:12.277+0000] {processor.py:925} INFO - DAG(s) 'latest_only' retrieved from /home/airflow/.local/lib/python3.12/site-packages/airflow/example_dags/example_latest_only.py
[2024-12-01T02:34:12.314+0000] {logging_mixin.py:190} INFO - [2024-12-01T02:34:12.313+0000] {dag.py:3239} INFO - Sync 1 DAGs
[2024-12-01T02:34:12.365+0000] {logging_mixin.py:190} INFO - [2024-12-01T02:34:12.365+0000] {dag.py:4180} INFO - Setting next_dagrun for latest_only to 2024-11-30 20:00:00+00:00, run_after=2024-12-01 00:00:00+00:00
[2024-12-01T02:34:12.406+0000] {processor.py:208} INFO - Processing /home/airflow/.local/lib/python3.12/site-packages/airflow/example_dags/example_latest_only.py took 0.147 seconds
