[2024-12-01T02:11:00.600+0000] {processor.py:186} INFO - Started process (PID=50546) to work on /home/airflow/.local/lib/python3.12/site-packages/airflow/example_dags/example_sensors.py
[2024-12-01T02:11:00.601+0000] {processor.py:914} INFO - Processing file /home/airflow/.local/lib/python3.12/site-packages/airflow/example_dags/example_sensors.py for tasks to queue
[2024-12-01T02:11:00.608+0000] {logging_mixin.py:190} INFO - [2024-12-01T02:11:00.608+0000] {dagbag.py:588} INFO - Filling up the DagBag from /home/airflow/.local/lib/python3.12/site-packages/airflow/example_dags/example_sensors.py
[2024-12-01T02:11:00.634+0000] {processor.py:925} INFO - DAG(s) 'example_sensors' retrieved from /home/airflow/.local/lib/python3.12/site-packages/airflow/example_dags/example_sensors.py
[2024-12-01T02:11:00.680+0000] {logging_mixin.py:190} INFO - [2024-12-01T02:11:00.680+0000] {dag.py:3239} INFO - Sync 1 DAGs
[2024-12-01T02:11:00.717+0000] {logging_mixin.py:190} INFO - [2024-12-01T02:11:00.717+0000] {dag.py:4180} INFO - Setting next_dagrun for example_sensors to None, run_after=None
[2024-12-01T02:11:00.773+0000] {processor.py:208} INFO - Processing /home/airflow/.local/lib/python3.12/site-packages/airflow/example_dags/example_sensors.py took 0.180 seconds
[2024-12-01T02:11:31.066+0000] {processor.py:186} INFO - Started process (PID=50612) to work on /home/airflow/.local/lib/python3.12/site-packages/airflow/example_dags/example_sensors.py
[2024-12-01T02:11:31.067+0000] {processor.py:914} INFO - Processing file /home/airflow/.local/lib/python3.12/site-packages/airflow/example_dags/example_sensors.py for tasks to queue
[2024-12-01T02:11:31.069+0000] {logging_mixin.py:190} INFO - [2024-12-01T02:11:31.069+0000] {dagbag.py:588} INFO - Filling up the DagBag from /home/airflow/.local/lib/python3.12/site-packages/airflow/example_dags/example_sensors.py
[2024-12-01T02:11:31.079+0000] {processor.py:925} INFO - DAG(s) 'example_sensors' retrieved from /home/airflow/.local/lib/python3.12/site-packages/airflow/example_dags/example_sensors.py
[2024-12-01T02:11:31.108+0000] {logging_mixin.py:190} INFO - [2024-12-01T02:11:31.107+0000] {dag.py:3239} INFO - Sync 1 DAGs
[2024-12-01T02:11:31.122+0000] {logging_mixin.py:190} INFO - [2024-12-01T02:11:31.122+0000] {dag.py:4180} INFO - Setting next_dagrun for example_sensors to None, run_after=None
[2024-12-01T02:11:31.150+0000] {processor.py:208} INFO - Processing /home/airflow/.local/lib/python3.12/site-packages/airflow/example_dags/example_sensors.py took 0.091 seconds
[2024-12-01T02:12:01.794+0000] {processor.py:186} INFO - Started process (PID=50678) to work on /home/airflow/.local/lib/python3.12/site-packages/airflow/example_dags/example_sensors.py
[2024-12-01T02:12:01.795+0000] {processor.py:914} INFO - Processing file /home/airflow/.local/lib/python3.12/site-packages/airflow/example_dags/example_sensors.py for tasks to queue
[2024-12-01T02:12:01.797+0000] {logging_mixin.py:190} INFO - [2024-12-01T02:12:01.797+0000] {dagbag.py:588} INFO - Filling up the DagBag from /home/airflow/.local/lib/python3.12/site-packages/airflow/example_dags/example_sensors.py
[2024-12-01T02:12:01.806+0000] {processor.py:925} INFO - DAG(s) 'example_sensors' retrieved from /home/airflow/.local/lib/python3.12/site-packages/airflow/example_dags/example_sensors.py
[2024-12-01T02:12:01.832+0000] {logging_mixin.py:190} INFO - [2024-12-01T02:12:01.832+0000] {dag.py:3239} INFO - Sync 1 DAGs
[2024-12-01T02:12:01.847+0000] {logging_mixin.py:190} INFO - [2024-12-01T02:12:01.847+0000] {dag.py:4180} INFO - Setting next_dagrun for example_sensors to None, run_after=None
[2024-12-01T02:12:01.865+0000] {processor.py:208} INFO - Processing /home/airflow/.local/lib/python3.12/site-packages/airflow/example_dags/example_sensors.py took 0.076 seconds
[2024-12-01T02:12:33.163+0000] {processor.py:186} INFO - Started process (PID=50744) to work on /home/airflow/.local/lib/python3.12/site-packages/airflow/example_dags/example_sensors.py
[2024-12-01T02:12:33.164+0000] {processor.py:914} INFO - Processing file /home/airflow/.local/lib/python3.12/site-packages/airflow/example_dags/example_sensors.py for tasks to queue
[2024-12-01T02:12:33.166+0000] {logging_mixin.py:190} INFO - [2024-12-01T02:12:33.166+0000] {dagbag.py:588} INFO - Filling up the DagBag from /home/airflow/.local/lib/python3.12/site-packages/airflow/example_dags/example_sensors.py
[2024-12-01T02:12:33.176+0000] {processor.py:925} INFO - DAG(s) 'example_sensors' retrieved from /home/airflow/.local/lib/python3.12/site-packages/airflow/example_dags/example_sensors.py
[2024-12-01T02:12:33.200+0000] {logging_mixin.py:190} INFO - [2024-12-01T02:12:33.200+0000] {dag.py:3239} INFO - Sync 1 DAGs
[2024-12-01T02:12:33.213+0000] {logging_mixin.py:190} INFO - [2024-12-01T02:12:33.213+0000] {dag.py:4180} INFO - Setting next_dagrun for example_sensors to None, run_after=None
[2024-12-01T02:12:33.228+0000] {processor.py:208} INFO - Processing /home/airflow/.local/lib/python3.12/site-packages/airflow/example_dags/example_sensors.py took 0.071 seconds
[2024-12-01T02:13:04.045+0000] {processor.py:186} INFO - Started process (PID=50810) to work on /home/airflow/.local/lib/python3.12/site-packages/airflow/example_dags/example_sensors.py
[2024-12-01T02:13:04.046+0000] {processor.py:914} INFO - Processing file /home/airflow/.local/lib/python3.12/site-packages/airflow/example_dags/example_sensors.py for tasks to queue
[2024-12-01T02:13:04.050+0000] {logging_mixin.py:190} INFO - [2024-12-01T02:13:04.049+0000] {dagbag.py:588} INFO - Filling up the DagBag from /home/airflow/.local/lib/python3.12/site-packages/airflow/example_dags/example_sensors.py
[2024-12-01T02:13:04.069+0000] {processor.py:925} INFO - DAG(s) 'example_sensors' retrieved from /home/airflow/.local/lib/python3.12/site-packages/airflow/example_dags/example_sensors.py
[2024-12-01T02:13:04.114+0000] {logging_mixin.py:190} INFO - [2024-12-01T02:13:04.114+0000] {dag.py:3239} INFO - Sync 1 DAGs
[2024-12-01T02:13:04.129+0000] {logging_mixin.py:190} INFO - [2024-12-01T02:13:04.129+0000] {dag.py:4180} INFO - Setting next_dagrun for example_sensors to None, run_after=None
[2024-12-01T02:13:04.145+0000] {processor.py:208} INFO - Processing /home/airflow/.local/lib/python3.12/site-packages/airflow/example_dags/example_sensors.py took 0.112 seconds
[2024-12-01T02:13:34.693+0000] {processor.py:186} INFO - Started process (PID=50876) to work on /home/airflow/.local/lib/python3.12/site-packages/airflow/example_dags/example_sensors.py
[2024-12-01T02:13:34.694+0000] {processor.py:914} INFO - Processing file /home/airflow/.local/lib/python3.12/site-packages/airflow/example_dags/example_sensors.py for tasks to queue
[2024-12-01T02:13:34.697+0000] {logging_mixin.py:190} INFO - [2024-12-01T02:13:34.696+0000] {dagbag.py:588} INFO - Filling up the DagBag from /home/airflow/.local/lib/python3.12/site-packages/airflow/example_dags/example_sensors.py
[2024-12-01T02:13:34.708+0000] {processor.py:925} INFO - DAG(s) 'example_sensors' retrieved from /home/airflow/.local/lib/python3.12/site-packages/airflow/example_dags/example_sensors.py
[2024-12-01T02:13:34.732+0000] {logging_mixin.py:190} INFO - [2024-12-01T02:13:34.732+0000] {dag.py:3239} INFO - Sync 1 DAGs
[2024-12-01T02:13:34.746+0000] {logging_mixin.py:190} INFO - [2024-12-01T02:13:34.746+0000] {dag.py:4180} INFO - Setting next_dagrun for example_sensors to None, run_after=None
[2024-12-01T02:13:34.761+0000] {processor.py:208} INFO - Processing /home/airflow/.local/lib/python3.12/site-packages/airflow/example_dags/example_sensors.py took 0.072 seconds
[2024-12-01T02:14:05.462+0000] {processor.py:186} INFO - Started process (PID=50942) to work on /home/airflow/.local/lib/python3.12/site-packages/airflow/example_dags/example_sensors.py
[2024-12-01T02:14:05.464+0000] {processor.py:914} INFO - Processing file /home/airflow/.local/lib/python3.12/site-packages/airflow/example_dags/example_sensors.py for tasks to queue
[2024-12-01T02:14:05.466+0000] {logging_mixin.py:190} INFO - [2024-12-01T02:14:05.465+0000] {dagbag.py:588} INFO - Filling up the DagBag from /home/airflow/.local/lib/python3.12/site-packages/airflow/example_dags/example_sensors.py
[2024-12-01T02:14:05.476+0000] {processor.py:925} INFO - DAG(s) 'example_sensors' retrieved from /home/airflow/.local/lib/python3.12/site-packages/airflow/example_dags/example_sensors.py
[2024-12-01T02:14:05.500+0000] {logging_mixin.py:190} INFO - [2024-12-01T02:14:05.500+0000] {dag.py:3239} INFO - Sync 1 DAGs
[2024-12-01T02:14:05.513+0000] {logging_mixin.py:190} INFO - [2024-12-01T02:14:05.512+0000] {dag.py:4180} INFO - Setting next_dagrun for example_sensors to None, run_after=None
[2024-12-01T02:14:05.530+0000] {processor.py:208} INFO - Processing /home/airflow/.local/lib/python3.12/site-packages/airflow/example_dags/example_sensors.py took 0.073 seconds
[2024-12-01T02:14:36.853+0000] {processor.py:186} INFO - Started process (PID=51008) to work on /home/airflow/.local/lib/python3.12/site-packages/airflow/example_dags/example_sensors.py
[2024-12-01T02:14:36.854+0000] {processor.py:914} INFO - Processing file /home/airflow/.local/lib/python3.12/site-packages/airflow/example_dags/example_sensors.py for tasks to queue
[2024-12-01T02:14:36.856+0000] {logging_mixin.py:190} INFO - [2024-12-01T02:14:36.856+0000] {dagbag.py:588} INFO - Filling up the DagBag from /home/airflow/.local/lib/python3.12/site-packages/airflow/example_dags/example_sensors.py
[2024-12-01T02:14:36.866+0000] {processor.py:925} INFO - DAG(s) 'example_sensors' retrieved from /home/airflow/.local/lib/python3.12/site-packages/airflow/example_dags/example_sensors.py
[2024-12-01T02:14:36.890+0000] {logging_mixin.py:190} INFO - [2024-12-01T02:14:36.890+0000] {dag.py:3239} INFO - Sync 1 DAGs
[2024-12-01T02:14:36.903+0000] {logging_mixin.py:190} INFO - [2024-12-01T02:14:36.903+0000] {dag.py:4180} INFO - Setting next_dagrun for example_sensors to None, run_after=None
[2024-12-01T02:14:36.920+0000] {processor.py:208} INFO - Processing /home/airflow/.local/lib/python3.12/site-packages/airflow/example_dags/example_sensors.py took 0.073 seconds
[2024-12-01T02:15:07.543+0000] {processor.py:186} INFO - Started process (PID=51074) to work on /home/airflow/.local/lib/python3.12/site-packages/airflow/example_dags/example_sensors.py
[2024-12-01T02:15:07.544+0000] {processor.py:914} INFO - Processing file /home/airflow/.local/lib/python3.12/site-packages/airflow/example_dags/example_sensors.py for tasks to queue
[2024-12-01T02:15:07.546+0000] {logging_mixin.py:190} INFO - [2024-12-01T02:15:07.546+0000] {dagbag.py:588} INFO - Filling up the DagBag from /home/airflow/.local/lib/python3.12/site-packages/airflow/example_dags/example_sensors.py
[2024-12-01T02:15:07.556+0000] {processor.py:925} INFO - DAG(s) 'example_sensors' retrieved from /home/airflow/.local/lib/python3.12/site-packages/airflow/example_dags/example_sensors.py
[2024-12-01T02:15:07.581+0000] {logging_mixin.py:190} INFO - [2024-12-01T02:15:07.581+0000] {dag.py:3239} INFO - Sync 1 DAGs
[2024-12-01T02:15:07.594+0000] {logging_mixin.py:190} INFO - [2024-12-01T02:15:07.593+0000] {dag.py:4180} INFO - Setting next_dagrun for example_sensors to None, run_after=None
[2024-12-01T02:15:07.610+0000] {processor.py:208} INFO - Processing /home/airflow/.local/lib/python3.12/site-packages/airflow/example_dags/example_sensors.py took 0.072 seconds
[2024-12-01T02:15:38.041+0000] {processor.py:186} INFO - Started process (PID=51139) to work on /home/airflow/.local/lib/python3.12/site-packages/airflow/example_dags/example_sensors.py
[2024-12-01T02:15:38.041+0000] {processor.py:914} INFO - Processing file /home/airflow/.local/lib/python3.12/site-packages/airflow/example_dags/example_sensors.py for tasks to queue
[2024-12-01T02:15:38.044+0000] {logging_mixin.py:190} INFO - [2024-12-01T02:15:38.043+0000] {dagbag.py:588} INFO - Filling up the DagBag from /home/airflow/.local/lib/python3.12/site-packages/airflow/example_dags/example_sensors.py
[2024-12-01T02:15:38.056+0000] {processor.py:925} INFO - DAG(s) 'example_sensors' retrieved from /home/airflow/.local/lib/python3.12/site-packages/airflow/example_dags/example_sensors.py
[2024-12-01T02:15:38.081+0000] {logging_mixin.py:190} INFO - [2024-12-01T02:15:38.081+0000] {dag.py:3239} INFO - Sync 1 DAGs
[2024-12-01T02:15:38.093+0000] {logging_mixin.py:190} INFO - [2024-12-01T02:15:38.093+0000] {dag.py:4180} INFO - Setting next_dagrun for example_sensors to None, run_after=None
[2024-12-01T02:15:38.111+0000] {processor.py:208} INFO - Processing /home/airflow/.local/lib/python3.12/site-packages/airflow/example_dags/example_sensors.py took 0.075 seconds
[2024-12-01T02:16:08.203+0000] {processor.py:186} INFO - Started process (PID=51204) to work on /home/airflow/.local/lib/python3.12/site-packages/airflow/example_dags/example_sensors.py
[2024-12-01T02:16:08.204+0000] {processor.py:914} INFO - Processing file /home/airflow/.local/lib/python3.12/site-packages/airflow/example_dags/example_sensors.py for tasks to queue
[2024-12-01T02:16:08.206+0000] {logging_mixin.py:190} INFO - [2024-12-01T02:16:08.206+0000] {dagbag.py:588} INFO - Filling up the DagBag from /home/airflow/.local/lib/python3.12/site-packages/airflow/example_dags/example_sensors.py
[2024-12-01T02:16:08.216+0000] {processor.py:925} INFO - DAG(s) 'example_sensors' retrieved from /home/airflow/.local/lib/python3.12/site-packages/airflow/example_dags/example_sensors.py
[2024-12-01T02:16:08.242+0000] {logging_mixin.py:190} INFO - [2024-12-01T02:16:08.242+0000] {dag.py:3239} INFO - Sync 1 DAGs
[2024-12-01T02:16:08.255+0000] {logging_mixin.py:190} INFO - [2024-12-01T02:16:08.255+0000] {dag.py:4180} INFO - Setting next_dagrun for example_sensors to None, run_after=None
[2024-12-01T02:16:08.271+0000] {processor.py:208} INFO - Processing /home/airflow/.local/lib/python3.12/site-packages/airflow/example_dags/example_sensors.py took 0.074 seconds
[2024-12-01T02:16:38.654+0000] {processor.py:186} INFO - Started process (PID=51270) to work on /home/airflow/.local/lib/python3.12/site-packages/airflow/example_dags/example_sensors.py
[2024-12-01T02:16:38.655+0000] {processor.py:914} INFO - Processing file /home/airflow/.local/lib/python3.12/site-packages/airflow/example_dags/example_sensors.py for tasks to queue
[2024-12-01T02:16:38.658+0000] {logging_mixin.py:190} INFO - [2024-12-01T02:16:38.657+0000] {dagbag.py:588} INFO - Filling up the DagBag from /home/airflow/.local/lib/python3.12/site-packages/airflow/example_dags/example_sensors.py
[2024-12-01T02:16:38.668+0000] {processor.py:925} INFO - DAG(s) 'example_sensors' retrieved from /home/airflow/.local/lib/python3.12/site-packages/airflow/example_dags/example_sensors.py
[2024-12-01T02:16:38.694+0000] {logging_mixin.py:190} INFO - [2024-12-01T02:16:38.694+0000] {dag.py:3239} INFO - Sync 1 DAGs
[2024-12-01T02:16:38.707+0000] {logging_mixin.py:190} INFO - [2024-12-01T02:16:38.707+0000] {dag.py:4180} INFO - Setting next_dagrun for example_sensors to None, run_after=None
[2024-12-01T02:16:38.724+0000] {processor.py:208} INFO - Processing /home/airflow/.local/lib/python3.12/site-packages/airflow/example_dags/example_sensors.py took 0.075 seconds
[2024-12-01T02:17:09.732+0000] {processor.py:186} INFO - Started process (PID=51336) to work on /home/airflow/.local/lib/python3.12/site-packages/airflow/example_dags/example_sensors.py
[2024-12-01T02:17:09.733+0000] {processor.py:914} INFO - Processing file /home/airflow/.local/lib/python3.12/site-packages/airflow/example_dags/example_sensors.py for tasks to queue
[2024-12-01T02:17:09.735+0000] {logging_mixin.py:190} INFO - [2024-12-01T02:17:09.734+0000] {dagbag.py:588} INFO - Filling up the DagBag from /home/airflow/.local/lib/python3.12/site-packages/airflow/example_dags/example_sensors.py
[2024-12-01T02:17:09.745+0000] {processor.py:925} INFO - DAG(s) 'example_sensors' retrieved from /home/airflow/.local/lib/python3.12/site-packages/airflow/example_dags/example_sensors.py
[2024-12-01T02:17:09.770+0000] {logging_mixin.py:190} INFO - [2024-12-01T02:17:09.770+0000] {dag.py:3239} INFO - Sync 1 DAGs
[2024-12-01T02:17:09.784+0000] {logging_mixin.py:190} INFO - [2024-12-01T02:17:09.783+0000] {dag.py:4180} INFO - Setting next_dagrun for example_sensors to None, run_after=None
[2024-12-01T02:17:09.800+0000] {processor.py:208} INFO - Processing /home/airflow/.local/lib/python3.12/site-packages/airflow/example_dags/example_sensors.py took 0.074 seconds
[2024-12-01T02:17:40.732+0000] {processor.py:186} INFO - Started process (PID=51402) to work on /home/airflow/.local/lib/python3.12/site-packages/airflow/example_dags/example_sensors.py
[2024-12-01T02:17:40.733+0000] {processor.py:914} INFO - Processing file /home/airflow/.local/lib/python3.12/site-packages/airflow/example_dags/example_sensors.py for tasks to queue
[2024-12-01T02:17:40.736+0000] {logging_mixin.py:190} INFO - [2024-12-01T02:17:40.735+0000] {dagbag.py:588} INFO - Filling up the DagBag from /home/airflow/.local/lib/python3.12/site-packages/airflow/example_dags/example_sensors.py
[2024-12-01T02:17:40.747+0000] {processor.py:925} INFO - DAG(s) 'example_sensors' retrieved from /home/airflow/.local/lib/python3.12/site-packages/airflow/example_dags/example_sensors.py
[2024-12-01T02:17:40.772+0000] {logging_mixin.py:190} INFO - [2024-12-01T02:17:40.772+0000] {dag.py:3239} INFO - Sync 1 DAGs
[2024-12-01T02:17:40.786+0000] {logging_mixin.py:190} INFO - [2024-12-01T02:17:40.785+0000] {dag.py:4180} INFO - Setting next_dagrun for example_sensors to None, run_after=None
[2024-12-01T02:17:40.801+0000] {processor.py:208} INFO - Processing /home/airflow/.local/lib/python3.12/site-packages/airflow/example_dags/example_sensors.py took 0.074 seconds
[2024-12-01T02:18:11.848+0000] {processor.py:186} INFO - Started process (PID=51468) to work on /home/airflow/.local/lib/python3.12/site-packages/airflow/example_dags/example_sensors.py
[2024-12-01T02:18:11.849+0000] {processor.py:914} INFO - Processing file /home/airflow/.local/lib/python3.12/site-packages/airflow/example_dags/example_sensors.py for tasks to queue
[2024-12-01T02:18:11.851+0000] {logging_mixin.py:190} INFO - [2024-12-01T02:18:11.851+0000] {dagbag.py:588} INFO - Filling up the DagBag from /home/airflow/.local/lib/python3.12/site-packages/airflow/example_dags/example_sensors.py
[2024-12-01T02:18:11.861+0000] {processor.py:925} INFO - DAG(s) 'example_sensors' retrieved from /home/airflow/.local/lib/python3.12/site-packages/airflow/example_dags/example_sensors.py
[2024-12-01T02:18:11.884+0000] {logging_mixin.py:190} INFO - [2024-12-01T02:18:11.884+0000] {dag.py:3239} INFO - Sync 1 DAGs
[2024-12-01T02:18:11.911+0000] {logging_mixin.py:190} INFO - [2024-12-01T02:18:11.911+0000] {dag.py:4180} INFO - Setting next_dagrun for example_sensors to None, run_after=None
[2024-12-01T02:18:11.933+0000] {processor.py:208} INFO - Processing /home/airflow/.local/lib/python3.12/site-packages/airflow/example_dags/example_sensors.py took 0.090 seconds
[2024-12-01T02:18:42.522+0000] {processor.py:186} INFO - Started process (PID=51534) to work on /home/airflow/.local/lib/python3.12/site-packages/airflow/example_dags/example_sensors.py
[2024-12-01T02:18:42.523+0000] {processor.py:914} INFO - Processing file /home/airflow/.local/lib/python3.12/site-packages/airflow/example_dags/example_sensors.py for tasks to queue
[2024-12-01T02:18:42.525+0000] {logging_mixin.py:190} INFO - [2024-12-01T02:18:42.525+0000] {dagbag.py:588} INFO - Filling up the DagBag from /home/airflow/.local/lib/python3.12/site-packages/airflow/example_dags/example_sensors.py
[2024-12-01T02:18:42.535+0000] {processor.py:925} INFO - DAG(s) 'example_sensors' retrieved from /home/airflow/.local/lib/python3.12/site-packages/airflow/example_dags/example_sensors.py
[2024-12-01T02:18:42.560+0000] {logging_mixin.py:190} INFO - [2024-12-01T02:18:42.559+0000] {dag.py:3239} INFO - Sync 1 DAGs
[2024-12-01T02:18:42.572+0000] {logging_mixin.py:190} INFO - [2024-12-01T02:18:42.572+0000] {dag.py:4180} INFO - Setting next_dagrun for example_sensors to None, run_after=None
[2024-12-01T02:18:42.588+0000] {processor.py:208} INFO - Processing /home/airflow/.local/lib/python3.12/site-packages/airflow/example_dags/example_sensors.py took 0.072 seconds
[2024-12-01T02:19:13.559+0000] {processor.py:186} INFO - Started process (PID=51601) to work on /home/airflow/.local/lib/python3.12/site-packages/airflow/example_dags/example_sensors.py
[2024-12-01T02:19:13.559+0000] {processor.py:914} INFO - Processing file /home/airflow/.local/lib/python3.12/site-packages/airflow/example_dags/example_sensors.py for tasks to queue
[2024-12-01T02:19:13.562+0000] {logging_mixin.py:190} INFO - [2024-12-01T02:19:13.562+0000] {dagbag.py:588} INFO - Filling up the DagBag from /home/airflow/.local/lib/python3.12/site-packages/airflow/example_dags/example_sensors.py
[2024-12-01T02:19:13.572+0000] {processor.py:925} INFO - DAG(s) 'example_sensors' retrieved from /home/airflow/.local/lib/python3.12/site-packages/airflow/example_dags/example_sensors.py
[2024-12-01T02:19:13.596+0000] {logging_mixin.py:190} INFO - [2024-12-01T02:19:13.596+0000] {dag.py:3239} INFO - Sync 1 DAGs
[2024-12-01T02:19:13.609+0000] {logging_mixin.py:190} INFO - [2024-12-01T02:19:13.609+0000] {dag.py:4180} INFO - Setting next_dagrun for example_sensors to None, run_after=None
[2024-12-01T02:19:13.626+0000] {processor.py:208} INFO - Processing /home/airflow/.local/lib/python3.12/site-packages/airflow/example_dags/example_sensors.py took 0.072 seconds
[2024-12-01T02:19:44.709+0000] {processor.py:186} INFO - Started process (PID=51667) to work on /home/airflow/.local/lib/python3.12/site-packages/airflow/example_dags/example_sensors.py
[2024-12-01T02:19:44.710+0000] {processor.py:914} INFO - Processing file /home/airflow/.local/lib/python3.12/site-packages/airflow/example_dags/example_sensors.py for tasks to queue
[2024-12-01T02:19:44.712+0000] {logging_mixin.py:190} INFO - [2024-12-01T02:19:44.712+0000] {dagbag.py:588} INFO - Filling up the DagBag from /home/airflow/.local/lib/python3.12/site-packages/airflow/example_dags/example_sensors.py
[2024-12-01T02:19:44.723+0000] {processor.py:925} INFO - DAG(s) 'example_sensors' retrieved from /home/airflow/.local/lib/python3.12/site-packages/airflow/example_dags/example_sensors.py
[2024-12-01T02:19:44.750+0000] {logging_mixin.py:190} INFO - [2024-12-01T02:19:44.750+0000] {dag.py:3239} INFO - Sync 1 DAGs
[2024-12-01T02:19:44.763+0000] {logging_mixin.py:190} INFO - [2024-12-01T02:19:44.763+0000] {dag.py:4180} INFO - Setting next_dagrun for example_sensors to None, run_after=None
[2024-12-01T02:19:44.780+0000] {processor.py:208} INFO - Processing /home/airflow/.local/lib/python3.12/site-packages/airflow/example_dags/example_sensors.py took 0.076 seconds
[2024-12-01T02:20:15.669+0000] {processor.py:186} INFO - Started process (PID=51733) to work on /home/airflow/.local/lib/python3.12/site-packages/airflow/example_dags/example_sensors.py
[2024-12-01T02:20:15.670+0000] {processor.py:914} INFO - Processing file /home/airflow/.local/lib/python3.12/site-packages/airflow/example_dags/example_sensors.py for tasks to queue
[2024-12-01T02:20:15.672+0000] {logging_mixin.py:190} INFO - [2024-12-01T02:20:15.672+0000] {dagbag.py:588} INFO - Filling up the DagBag from /home/airflow/.local/lib/python3.12/site-packages/airflow/example_dags/example_sensors.py
[2024-12-01T02:20:15.683+0000] {processor.py:925} INFO - DAG(s) 'example_sensors' retrieved from /home/airflow/.local/lib/python3.12/site-packages/airflow/example_dags/example_sensors.py
[2024-12-01T02:20:15.707+0000] {logging_mixin.py:190} INFO - [2024-12-01T02:20:15.707+0000] {dag.py:3239} INFO - Sync 1 DAGs
[2024-12-01T02:20:15.734+0000] {logging_mixin.py:190} INFO - [2024-12-01T02:20:15.734+0000] {dag.py:4180} INFO - Setting next_dagrun for example_sensors to None, run_after=None
[2024-12-01T02:20:15.761+0000] {processor.py:208} INFO - Processing /home/airflow/.local/lib/python3.12/site-packages/airflow/example_dags/example_sensors.py took 0.098 seconds
[2024-12-01T02:20:47.098+0000] {processor.py:186} INFO - Started process (PID=51799) to work on /home/airflow/.local/lib/python3.12/site-packages/airflow/example_dags/example_sensors.py
[2024-12-01T02:20:47.099+0000] {processor.py:914} INFO - Processing file /home/airflow/.local/lib/python3.12/site-packages/airflow/example_dags/example_sensors.py for tasks to queue
[2024-12-01T02:20:47.101+0000] {logging_mixin.py:190} INFO - [2024-12-01T02:20:47.101+0000] {dagbag.py:588} INFO - Filling up the DagBag from /home/airflow/.local/lib/python3.12/site-packages/airflow/example_dags/example_sensors.py
[2024-12-01T02:20:47.112+0000] {processor.py:925} INFO - DAG(s) 'example_sensors' retrieved from /home/airflow/.local/lib/python3.12/site-packages/airflow/example_dags/example_sensors.py
[2024-12-01T02:20:47.160+0000] {logging_mixin.py:190} INFO - [2024-12-01T02:20:47.159+0000] {dag.py:3239} INFO - Sync 1 DAGs
[2024-12-01T02:20:47.203+0000] {logging_mixin.py:190} INFO - [2024-12-01T02:20:47.203+0000] {dag.py:4180} INFO - Setting next_dagrun for example_sensors to None, run_after=None
[2024-12-01T02:20:47.238+0000] {processor.py:208} INFO - Processing /home/airflow/.local/lib/python3.12/site-packages/airflow/example_dags/example_sensors.py took 0.146 seconds
[2024-12-01T02:21:17.510+0000] {processor.py:186} INFO - Started process (PID=51865) to work on /home/airflow/.local/lib/python3.12/site-packages/airflow/example_dags/example_sensors.py
[2024-12-01T02:21:17.511+0000] {processor.py:914} INFO - Processing file /home/airflow/.local/lib/python3.12/site-packages/airflow/example_dags/example_sensors.py for tasks to queue
[2024-12-01T02:21:17.513+0000] {logging_mixin.py:190} INFO - [2024-12-01T02:21:17.513+0000] {dagbag.py:588} INFO - Filling up the DagBag from /home/airflow/.local/lib/python3.12/site-packages/airflow/example_dags/example_sensors.py
[2024-12-01T02:21:17.523+0000] {processor.py:925} INFO - DAG(s) 'example_sensors' retrieved from /home/airflow/.local/lib/python3.12/site-packages/airflow/example_dags/example_sensors.py
[2024-12-01T02:21:17.547+0000] {logging_mixin.py:190} INFO - [2024-12-01T02:21:17.547+0000] {dag.py:3239} INFO - Sync 1 DAGs
[2024-12-01T02:21:17.714+0000] {logging_mixin.py:190} INFO - [2024-12-01T02:21:17.714+0000] {dag.py:4180} INFO - Setting next_dagrun for example_sensors to None, run_after=None
[2024-12-01T02:21:17.732+0000] {processor.py:208} INFO - Processing /home/airflow/.local/lib/python3.12/site-packages/airflow/example_dags/example_sensors.py took 0.228 seconds
[2024-12-01T02:21:48.391+0000] {processor.py:186} INFO - Started process (PID=51931) to work on /home/airflow/.local/lib/python3.12/site-packages/airflow/example_dags/example_sensors.py
[2024-12-01T02:21:48.392+0000] {processor.py:914} INFO - Processing file /home/airflow/.local/lib/python3.12/site-packages/airflow/example_dags/example_sensors.py for tasks to queue
[2024-12-01T02:21:48.394+0000] {logging_mixin.py:190} INFO - [2024-12-01T02:21:48.394+0000] {dagbag.py:588} INFO - Filling up the DagBag from /home/airflow/.local/lib/python3.12/site-packages/airflow/example_dags/example_sensors.py
[2024-12-01T02:21:48.408+0000] {processor.py:925} INFO - DAG(s) 'example_sensors' retrieved from /home/airflow/.local/lib/python3.12/site-packages/airflow/example_dags/example_sensors.py
[2024-12-01T02:21:48.433+0000] {logging_mixin.py:190} INFO - [2024-12-01T02:21:48.433+0000] {dag.py:3239} INFO - Sync 1 DAGs
[2024-12-01T02:21:48.447+0000] {logging_mixin.py:190} INFO - [2024-12-01T02:21:48.447+0000] {dag.py:4180} INFO - Setting next_dagrun for example_sensors to None, run_after=None
[2024-12-01T02:21:48.645+0000] {processor.py:208} INFO - Processing /home/airflow/.local/lib/python3.12/site-packages/airflow/example_dags/example_sensors.py took 0.259 seconds
[2024-12-01T02:22:19.591+0000] {processor.py:186} INFO - Started process (PID=51997) to work on /home/airflow/.local/lib/python3.12/site-packages/airflow/example_dags/example_sensors.py
[2024-12-01T02:22:19.592+0000] {processor.py:914} INFO - Processing file /home/airflow/.local/lib/python3.12/site-packages/airflow/example_dags/example_sensors.py for tasks to queue
[2024-12-01T02:22:19.594+0000] {logging_mixin.py:190} INFO - [2024-12-01T02:22:19.593+0000] {dagbag.py:588} INFO - Filling up the DagBag from /home/airflow/.local/lib/python3.12/site-packages/airflow/example_dags/example_sensors.py
[2024-12-01T02:22:19.604+0000] {processor.py:925} INFO - DAG(s) 'example_sensors' retrieved from /home/airflow/.local/lib/python3.12/site-packages/airflow/example_dags/example_sensors.py
[2024-12-01T02:22:19.626+0000] {logging_mixin.py:190} INFO - [2024-12-01T02:22:19.625+0000] {dag.py:3239} INFO - Sync 1 DAGs
[2024-12-01T02:22:19.639+0000] {logging_mixin.py:190} INFO - [2024-12-01T02:22:19.639+0000] {dag.py:4180} INFO - Setting next_dagrun for example_sensors to None, run_after=None
[2024-12-01T02:22:19.661+0000] {processor.py:208} INFO - Processing /home/airflow/.local/lib/python3.12/site-packages/airflow/example_dags/example_sensors.py took 0.076 seconds
[2024-12-01T02:22:50.136+0000] {processor.py:186} INFO - Started process (PID=52063) to work on /home/airflow/.local/lib/python3.12/site-packages/airflow/example_dags/example_sensors.py
[2024-12-01T02:22:50.137+0000] {processor.py:914} INFO - Processing file /home/airflow/.local/lib/python3.12/site-packages/airflow/example_dags/example_sensors.py for tasks to queue
[2024-12-01T02:22:50.139+0000] {logging_mixin.py:190} INFO - [2024-12-01T02:22:50.139+0000] {dagbag.py:588} INFO - Filling up the DagBag from /home/airflow/.local/lib/python3.12/site-packages/airflow/example_dags/example_sensors.py
[2024-12-01T02:22:50.149+0000] {processor.py:925} INFO - DAG(s) 'example_sensors' retrieved from /home/airflow/.local/lib/python3.12/site-packages/airflow/example_dags/example_sensors.py
[2024-12-01T02:22:50.178+0000] {logging_mixin.py:190} INFO - [2024-12-01T02:22:50.177+0000] {dag.py:3239} INFO - Sync 1 DAGs
[2024-12-01T02:22:50.191+0000] {logging_mixin.py:190} INFO - [2024-12-01T02:22:50.190+0000] {dag.py:4180} INFO - Setting next_dagrun for example_sensors to None, run_after=None
[2024-12-01T02:22:50.208+0000] {processor.py:208} INFO - Processing /home/airflow/.local/lib/python3.12/site-packages/airflow/example_dags/example_sensors.py took 0.077 seconds
[2024-12-01T02:23:21.959+0000] {processor.py:186} INFO - Started process (PID=52129) to work on /home/airflow/.local/lib/python3.12/site-packages/airflow/example_dags/example_sensors.py
[2024-12-01T02:23:21.960+0000] {processor.py:914} INFO - Processing file /home/airflow/.local/lib/python3.12/site-packages/airflow/example_dags/example_sensors.py for tasks to queue
[2024-12-01T02:23:21.962+0000] {logging_mixin.py:190} INFO - [2024-12-01T02:23:21.962+0000] {dagbag.py:588} INFO - Filling up the DagBag from /home/airflow/.local/lib/python3.12/site-packages/airflow/example_dags/example_sensors.py
[2024-12-01T02:23:22.121+0000] {processor.py:925} INFO - DAG(s) 'example_sensors' retrieved from /home/airflow/.local/lib/python3.12/site-packages/airflow/example_dags/example_sensors.py
[2024-12-01T02:23:22.142+0000] {logging_mixin.py:190} INFO - [2024-12-01T02:23:22.142+0000] {dag.py:3239} INFO - Sync 1 DAGs
[2024-12-01T02:23:22.153+0000] {logging_mixin.py:190} INFO - [2024-12-01T02:23:22.153+0000] {dag.py:4180} INFO - Setting next_dagrun for example_sensors to None, run_after=None
[2024-12-01T02:23:22.168+0000] {processor.py:208} INFO - Processing /home/airflow/.local/lib/python3.12/site-packages/airflow/example_dags/example_sensors.py took 0.215 seconds
[2024-12-01T02:23:52.449+0000] {processor.py:186} INFO - Started process (PID=52195) to work on /home/airflow/.local/lib/python3.12/site-packages/airflow/example_dags/example_sensors.py
[2024-12-01T02:23:52.450+0000] {processor.py:914} INFO - Processing file /home/airflow/.local/lib/python3.12/site-packages/airflow/example_dags/example_sensors.py for tasks to queue
[2024-12-01T02:23:52.452+0000] {logging_mixin.py:190} INFO - [2024-12-01T02:23:52.452+0000] {dagbag.py:588} INFO - Filling up the DagBag from /home/airflow/.local/lib/python3.12/site-packages/airflow/example_dags/example_sensors.py
[2024-12-01T02:23:52.462+0000] {processor.py:925} INFO - DAG(s) 'example_sensors' retrieved from /home/airflow/.local/lib/python3.12/site-packages/airflow/example_dags/example_sensors.py
[2024-12-01T02:23:52.487+0000] {logging_mixin.py:190} INFO - [2024-12-01T02:23:52.487+0000] {dag.py:3239} INFO - Sync 1 DAGs
[2024-12-01T02:23:52.501+0000] {logging_mixin.py:190} INFO - [2024-12-01T02:23:52.501+0000] {dag.py:4180} INFO - Setting next_dagrun for example_sensors to None, run_after=None
[2024-12-01T02:23:52.517+0000] {processor.py:208} INFO - Processing /home/airflow/.local/lib/python3.12/site-packages/airflow/example_dags/example_sensors.py took 0.073 seconds
[2024-12-01T02:24:22.787+0000] {processor.py:186} INFO - Started process (PID=52261) to work on /home/airflow/.local/lib/python3.12/site-packages/airflow/example_dags/example_sensors.py
[2024-12-01T02:24:22.788+0000] {processor.py:914} INFO - Processing file /home/airflow/.local/lib/python3.12/site-packages/airflow/example_dags/example_sensors.py for tasks to queue
[2024-12-01T02:24:22.791+0000] {logging_mixin.py:190} INFO - [2024-12-01T02:24:22.790+0000] {dagbag.py:588} INFO - Filling up the DagBag from /home/airflow/.local/lib/python3.12/site-packages/airflow/example_dags/example_sensors.py
[2024-12-01T02:24:22.803+0000] {processor.py:925} INFO - DAG(s) 'example_sensors' retrieved from /home/airflow/.local/lib/python3.12/site-packages/airflow/example_dags/example_sensors.py
[2024-12-01T02:24:22.827+0000] {logging_mixin.py:190} INFO - [2024-12-01T02:24:22.827+0000] {dag.py:3239} INFO - Sync 1 DAGs
[2024-12-01T02:24:22.840+0000] {logging_mixin.py:190} INFO - [2024-12-01T02:24:22.840+0000] {dag.py:4180} INFO - Setting next_dagrun for example_sensors to None, run_after=None
[2024-12-01T02:24:22.856+0000] {processor.py:208} INFO - Processing /home/airflow/.local/lib/python3.12/site-packages/airflow/example_dags/example_sensors.py took 0.075 seconds
[2024-12-01T02:24:53.206+0000] {processor.py:186} INFO - Started process (PID=52327) to work on /home/airflow/.local/lib/python3.12/site-packages/airflow/example_dags/example_sensors.py
[2024-12-01T02:24:53.207+0000] {processor.py:914} INFO - Processing file /home/airflow/.local/lib/python3.12/site-packages/airflow/example_dags/example_sensors.py for tasks to queue
[2024-12-01T02:24:53.209+0000] {logging_mixin.py:190} INFO - [2024-12-01T02:24:53.209+0000] {dagbag.py:588} INFO - Filling up the DagBag from /home/airflow/.local/lib/python3.12/site-packages/airflow/example_dags/example_sensors.py
[2024-12-01T02:24:53.222+0000] {processor.py:925} INFO - DAG(s) 'example_sensors' retrieved from /home/airflow/.local/lib/python3.12/site-packages/airflow/example_dags/example_sensors.py
[2024-12-01T02:24:53.245+0000] {logging_mixin.py:190} INFO - [2024-12-01T02:24:53.245+0000] {dag.py:3239} INFO - Sync 1 DAGs
[2024-12-01T02:24:53.259+0000] {logging_mixin.py:190} INFO - [2024-12-01T02:24:53.258+0000] {dag.py:4180} INFO - Setting next_dagrun for example_sensors to None, run_after=None
[2024-12-01T02:24:53.274+0000] {processor.py:208} INFO - Processing /home/airflow/.local/lib/python3.12/site-packages/airflow/example_dags/example_sensors.py took 0.075 seconds
[2024-12-01T02:25:23.737+0000] {processor.py:186} INFO - Started process (PID=52393) to work on /home/airflow/.local/lib/python3.12/site-packages/airflow/example_dags/example_sensors.py
[2024-12-01T02:25:23.738+0000] {processor.py:914} INFO - Processing file /home/airflow/.local/lib/python3.12/site-packages/airflow/example_dags/example_sensors.py for tasks to queue
[2024-12-01T02:25:23.740+0000] {logging_mixin.py:190} INFO - [2024-12-01T02:25:23.740+0000] {dagbag.py:588} INFO - Filling up the DagBag from /home/airflow/.local/lib/python3.12/site-packages/airflow/example_dags/example_sensors.py
[2024-12-01T02:25:23.750+0000] {processor.py:925} INFO - DAG(s) 'example_sensors' retrieved from /home/airflow/.local/lib/python3.12/site-packages/airflow/example_dags/example_sensors.py
[2024-12-01T02:25:23.778+0000] {logging_mixin.py:190} INFO - [2024-12-01T02:25:23.777+0000] {dag.py:3239} INFO - Sync 1 DAGs
[2024-12-01T02:25:23.791+0000] {logging_mixin.py:190} INFO - [2024-12-01T02:25:23.791+0000] {dag.py:4180} INFO - Setting next_dagrun for example_sensors to None, run_after=None
[2024-12-01T02:25:23.806+0000] {processor.py:208} INFO - Processing /home/airflow/.local/lib/python3.12/site-packages/airflow/example_dags/example_sensors.py took 0.074 seconds
[2024-12-01T02:25:54.530+0000] {processor.py:186} INFO - Started process (PID=52459) to work on /home/airflow/.local/lib/python3.12/site-packages/airflow/example_dags/example_sensors.py
[2024-12-01T02:25:54.531+0000] {processor.py:914} INFO - Processing file /home/airflow/.local/lib/python3.12/site-packages/airflow/example_dags/example_sensors.py for tasks to queue
[2024-12-01T02:25:54.533+0000] {logging_mixin.py:190} INFO - [2024-12-01T02:25:54.533+0000] {dagbag.py:588} INFO - Filling up the DagBag from /home/airflow/.local/lib/python3.12/site-packages/airflow/example_dags/example_sensors.py
[2024-12-01T02:25:54.543+0000] {processor.py:925} INFO - DAG(s) 'example_sensors' retrieved from /home/airflow/.local/lib/python3.12/site-packages/airflow/example_dags/example_sensors.py
[2024-12-01T02:25:54.567+0000] {logging_mixin.py:190} INFO - [2024-12-01T02:25:54.567+0000] {dag.py:3239} INFO - Sync 1 DAGs
[2024-12-01T02:25:54.580+0000] {logging_mixin.py:190} INFO - [2024-12-01T02:25:54.579+0000] {dag.py:4180} INFO - Setting next_dagrun for example_sensors to None, run_after=None
[2024-12-01T02:25:54.597+0000] {processor.py:208} INFO - Processing /home/airflow/.local/lib/python3.12/site-packages/airflow/example_dags/example_sensors.py took 0.072 seconds
[2024-12-01T02:26:24.997+0000] {processor.py:186} INFO - Started process (PID=52525) to work on /home/airflow/.local/lib/python3.12/site-packages/airflow/example_dags/example_sensors.py
[2024-12-01T02:26:24.998+0000] {processor.py:914} INFO - Processing file /home/airflow/.local/lib/python3.12/site-packages/airflow/example_dags/example_sensors.py for tasks to queue
[2024-12-01T02:26:25.000+0000] {logging_mixin.py:190} INFO - [2024-12-01T02:26:25.000+0000] {dagbag.py:588} INFO - Filling up the DagBag from /home/airflow/.local/lib/python3.12/site-packages/airflow/example_dags/example_sensors.py
[2024-12-01T02:26:25.010+0000] {processor.py:925} INFO - DAG(s) 'example_sensors' retrieved from /home/airflow/.local/lib/python3.12/site-packages/airflow/example_dags/example_sensors.py
[2024-12-01T02:26:25.034+0000] {logging_mixin.py:190} INFO - [2024-12-01T02:26:25.034+0000] {dag.py:3239} INFO - Sync 1 DAGs
[2024-12-01T02:26:25.048+0000] {logging_mixin.py:190} INFO - [2024-12-01T02:26:25.048+0000] {dag.py:4180} INFO - Setting next_dagrun for example_sensors to None, run_after=None
[2024-12-01T02:26:25.066+0000] {processor.py:208} INFO - Processing /home/airflow/.local/lib/python3.12/site-packages/airflow/example_dags/example_sensors.py took 0.074 seconds
[2024-12-01T02:26:55.497+0000] {processor.py:186} INFO - Started process (PID=52591) to work on /home/airflow/.local/lib/python3.12/site-packages/airflow/example_dags/example_sensors.py
[2024-12-01T02:26:55.498+0000] {processor.py:914} INFO - Processing file /home/airflow/.local/lib/python3.12/site-packages/airflow/example_dags/example_sensors.py for tasks to queue
[2024-12-01T02:26:55.501+0000] {logging_mixin.py:190} INFO - [2024-12-01T02:26:55.500+0000] {dagbag.py:588} INFO - Filling up the DagBag from /home/airflow/.local/lib/python3.12/site-packages/airflow/example_dags/example_sensors.py
[2024-12-01T02:26:55.514+0000] {processor.py:925} INFO - DAG(s) 'example_sensors' retrieved from /home/airflow/.local/lib/python3.12/site-packages/airflow/example_dags/example_sensors.py
[2024-12-01T02:26:55.537+0000] {logging_mixin.py:190} INFO - [2024-12-01T02:26:55.537+0000] {dag.py:3239} INFO - Sync 1 DAGs
[2024-12-01T02:26:55.550+0000] {logging_mixin.py:190} INFO - [2024-12-01T02:26:55.550+0000] {dag.py:4180} INFO - Setting next_dagrun for example_sensors to None, run_after=None
[2024-12-01T02:26:55.565+0000] {processor.py:208} INFO - Processing /home/airflow/.local/lib/python3.12/site-packages/airflow/example_dags/example_sensors.py took 0.074 seconds
[2024-12-01T02:27:26.060+0000] {processor.py:186} INFO - Started process (PID=52657) to work on /home/airflow/.local/lib/python3.12/site-packages/airflow/example_dags/example_sensors.py
[2024-12-01T02:27:26.063+0000] {processor.py:914} INFO - Processing file /home/airflow/.local/lib/python3.12/site-packages/airflow/example_dags/example_sensors.py for tasks to queue
[2024-12-01T02:27:26.070+0000] {logging_mixin.py:190} INFO - [2024-12-01T02:27:26.069+0000] {dagbag.py:588} INFO - Filling up the DagBag from /home/airflow/.local/lib/python3.12/site-packages/airflow/example_dags/example_sensors.py
[2024-12-01T02:27:26.092+0000] {processor.py:925} INFO - DAG(s) 'example_sensors' retrieved from /home/airflow/.local/lib/python3.12/site-packages/airflow/example_dags/example_sensors.py
[2024-12-01T02:27:26.133+0000] {logging_mixin.py:190} INFO - [2024-12-01T02:27:26.133+0000] {dag.py:3239} INFO - Sync 1 DAGs
[2024-12-01T02:27:26.166+0000] {logging_mixin.py:190} INFO - [2024-12-01T02:27:26.166+0000] {dag.py:4180} INFO - Setting next_dagrun for example_sensors to None, run_after=None
[2024-12-01T02:27:26.184+0000] {processor.py:208} INFO - Processing /home/airflow/.local/lib/python3.12/site-packages/airflow/example_dags/example_sensors.py took 0.132 seconds
[2024-12-01T02:27:56.548+0000] {processor.py:186} INFO - Started process (PID=52723) to work on /home/airflow/.local/lib/python3.12/site-packages/airflow/example_dags/example_sensors.py
[2024-12-01T02:27:56.549+0000] {processor.py:914} INFO - Processing file /home/airflow/.local/lib/python3.12/site-packages/airflow/example_dags/example_sensors.py for tasks to queue
[2024-12-01T02:27:56.552+0000] {logging_mixin.py:190} INFO - [2024-12-01T02:27:56.551+0000] {dagbag.py:588} INFO - Filling up the DagBag from /home/airflow/.local/lib/python3.12/site-packages/airflow/example_dags/example_sensors.py
[2024-12-01T02:27:56.564+0000] {processor.py:925} INFO - DAG(s) 'example_sensors' retrieved from /home/airflow/.local/lib/python3.12/site-packages/airflow/example_dags/example_sensors.py
[2024-12-01T02:27:56.588+0000] {logging_mixin.py:190} INFO - [2024-12-01T02:27:56.587+0000] {dag.py:3239} INFO - Sync 1 DAGs
[2024-12-01T02:27:56.600+0000] {logging_mixin.py:190} INFO - [2024-12-01T02:27:56.600+0000] {dag.py:4180} INFO - Setting next_dagrun for example_sensors to None, run_after=None
[2024-12-01T02:27:56.615+0000] {processor.py:208} INFO - Processing /home/airflow/.local/lib/python3.12/site-packages/airflow/example_dags/example_sensors.py took 0.073 seconds
[2024-12-01T02:28:27.029+0000] {processor.py:186} INFO - Started process (PID=52789) to work on /home/airflow/.local/lib/python3.12/site-packages/airflow/example_dags/example_sensors.py
[2024-12-01T02:28:27.031+0000] {processor.py:914} INFO - Processing file /home/airflow/.local/lib/python3.12/site-packages/airflow/example_dags/example_sensors.py for tasks to queue
[2024-12-01T02:28:27.033+0000] {logging_mixin.py:190} INFO - [2024-12-01T02:28:27.032+0000] {dagbag.py:588} INFO - Filling up the DagBag from /home/airflow/.local/lib/python3.12/site-packages/airflow/example_dags/example_sensors.py
[2024-12-01T02:28:27.043+0000] {processor.py:925} INFO - DAG(s) 'example_sensors' retrieved from /home/airflow/.local/lib/python3.12/site-packages/airflow/example_dags/example_sensors.py
[2024-12-01T02:28:27.067+0000] {logging_mixin.py:190} INFO - [2024-12-01T02:28:27.066+0000] {dag.py:3239} INFO - Sync 1 DAGs
[2024-12-01T02:28:27.079+0000] {logging_mixin.py:190} INFO - [2024-12-01T02:28:27.079+0000] {dag.py:4180} INFO - Setting next_dagrun for example_sensors to None, run_after=None
[2024-12-01T02:28:27.096+0000] {processor.py:208} INFO - Processing /home/airflow/.local/lib/python3.12/site-packages/airflow/example_dags/example_sensors.py took 0.072 seconds
[2024-12-01T02:28:57.591+0000] {processor.py:186} INFO - Started process (PID=52855) to work on /home/airflow/.local/lib/python3.12/site-packages/airflow/example_dags/example_sensors.py
[2024-12-01T02:28:57.592+0000] {processor.py:914} INFO - Processing file /home/airflow/.local/lib/python3.12/site-packages/airflow/example_dags/example_sensors.py for tasks to queue
[2024-12-01T02:28:57.594+0000] {logging_mixin.py:190} INFO - [2024-12-01T02:28:57.594+0000] {dagbag.py:588} INFO - Filling up the DagBag from /home/airflow/.local/lib/python3.12/site-packages/airflow/example_dags/example_sensors.py
[2024-12-01T02:28:57.605+0000] {processor.py:925} INFO - DAG(s) 'example_sensors' retrieved from /home/airflow/.local/lib/python3.12/site-packages/airflow/example_dags/example_sensors.py
[2024-12-01T02:28:57.628+0000] {logging_mixin.py:190} INFO - [2024-12-01T02:28:57.628+0000] {dag.py:3239} INFO - Sync 1 DAGs
[2024-12-01T02:28:57.641+0000] {logging_mixin.py:190} INFO - [2024-12-01T02:28:57.641+0000] {dag.py:4180} INFO - Setting next_dagrun for example_sensors to None, run_after=None
[2024-12-01T02:28:57.659+0000] {processor.py:208} INFO - Processing /home/airflow/.local/lib/python3.12/site-packages/airflow/example_dags/example_sensors.py took 0.073 seconds
[2024-12-01T02:29:28.233+0000] {processor.py:186} INFO - Started process (PID=52921) to work on /home/airflow/.local/lib/python3.12/site-packages/airflow/example_dags/example_sensors.py
[2024-12-01T02:29:28.235+0000] {processor.py:914} INFO - Processing file /home/airflow/.local/lib/python3.12/site-packages/airflow/example_dags/example_sensors.py for tasks to queue
[2024-12-01T02:29:28.243+0000] {logging_mixin.py:190} INFO - [2024-12-01T02:29:28.242+0000] {dagbag.py:588} INFO - Filling up the DagBag from /home/airflow/.local/lib/python3.12/site-packages/airflow/example_dags/example_sensors.py
[2024-12-01T02:29:28.268+0000] {processor.py:925} INFO - DAG(s) 'example_sensors' retrieved from /home/airflow/.local/lib/python3.12/site-packages/airflow/example_dags/example_sensors.py
[2024-12-01T02:29:28.327+0000] {logging_mixin.py:190} INFO - [2024-12-01T02:29:28.327+0000] {dag.py:3239} INFO - Sync 1 DAGs
[2024-12-01T02:29:28.341+0000] {logging_mixin.py:190} INFO - [2024-12-01T02:29:28.340+0000] {dag.py:4180} INFO - Setting next_dagrun for example_sensors to None, run_after=None
[2024-12-01T02:29:28.356+0000] {processor.py:208} INFO - Processing /home/airflow/.local/lib/python3.12/site-packages/airflow/example_dags/example_sensors.py took 0.142 seconds
[2024-12-01T02:29:58.590+0000] {processor.py:186} INFO - Started process (PID=52987) to work on /home/airflow/.local/lib/python3.12/site-packages/airflow/example_dags/example_sensors.py
[2024-12-01T02:29:58.591+0000] {processor.py:914} INFO - Processing file /home/airflow/.local/lib/python3.12/site-packages/airflow/example_dags/example_sensors.py for tasks to queue
[2024-12-01T02:29:58.593+0000] {logging_mixin.py:190} INFO - [2024-12-01T02:29:58.593+0000] {dagbag.py:588} INFO - Filling up the DagBag from /home/airflow/.local/lib/python3.12/site-packages/airflow/example_dags/example_sensors.py
[2024-12-01T02:29:58.603+0000] {processor.py:925} INFO - DAG(s) 'example_sensors' retrieved from /home/airflow/.local/lib/python3.12/site-packages/airflow/example_dags/example_sensors.py
[2024-12-01T02:29:58.628+0000] {logging_mixin.py:190} INFO - [2024-12-01T02:29:58.628+0000] {dag.py:3239} INFO - Sync 1 DAGs
[2024-12-01T02:29:58.642+0000] {logging_mixin.py:190} INFO - [2024-12-01T02:29:58.641+0000] {dag.py:4180} INFO - Setting next_dagrun for example_sensors to None, run_after=None
[2024-12-01T02:29:58.659+0000] {processor.py:208} INFO - Processing /home/airflow/.local/lib/python3.12/site-packages/airflow/example_dags/example_sensors.py took 0.075 seconds
[2024-12-01T02:30:29.114+0000] {processor.py:186} INFO - Started process (PID=53053) to work on /home/airflow/.local/lib/python3.12/site-packages/airflow/example_dags/example_sensors.py
[2024-12-01T02:30:29.115+0000] {processor.py:914} INFO - Processing file /home/airflow/.local/lib/python3.12/site-packages/airflow/example_dags/example_sensors.py for tasks to queue
[2024-12-01T02:30:29.117+0000] {logging_mixin.py:190} INFO - [2024-12-01T02:30:29.117+0000] {dagbag.py:588} INFO - Filling up the DagBag from /home/airflow/.local/lib/python3.12/site-packages/airflow/example_dags/example_sensors.py
[2024-12-01T02:30:29.128+0000] {processor.py:925} INFO - DAG(s) 'example_sensors' retrieved from /home/airflow/.local/lib/python3.12/site-packages/airflow/example_dags/example_sensors.py
[2024-12-01T02:30:29.152+0000] {logging_mixin.py:190} INFO - [2024-12-01T02:30:29.152+0000] {dag.py:3239} INFO - Sync 1 DAGs
[2024-12-01T02:30:29.165+0000] {logging_mixin.py:190} INFO - [2024-12-01T02:30:29.165+0000] {dag.py:4180} INFO - Setting next_dagrun for example_sensors to None, run_after=None
[2024-12-01T02:30:29.180+0000] {processor.py:208} INFO - Processing /home/airflow/.local/lib/python3.12/site-packages/airflow/example_dags/example_sensors.py took 0.072 seconds
[2024-12-01T02:30:59.872+0000] {processor.py:186} INFO - Started process (PID=53119) to work on /home/airflow/.local/lib/python3.12/site-packages/airflow/example_dags/example_sensors.py
[2024-12-01T02:30:59.872+0000] {processor.py:914} INFO - Processing file /home/airflow/.local/lib/python3.12/site-packages/airflow/example_dags/example_sensors.py for tasks to queue
[2024-12-01T02:30:59.875+0000] {logging_mixin.py:190} INFO - [2024-12-01T02:30:59.874+0000] {dagbag.py:588} INFO - Filling up the DagBag from /home/airflow/.local/lib/python3.12/site-packages/airflow/example_dags/example_sensors.py
[2024-12-01T02:30:59.886+0000] {processor.py:925} INFO - DAG(s) 'example_sensors' retrieved from /home/airflow/.local/lib/python3.12/site-packages/airflow/example_dags/example_sensors.py
[2024-12-01T02:30:59.912+0000] {logging_mixin.py:190} INFO - [2024-12-01T02:30:59.912+0000] {dag.py:3239} INFO - Sync 1 DAGs
[2024-12-01T02:30:59.927+0000] {logging_mixin.py:190} INFO - [2024-12-01T02:30:59.927+0000] {dag.py:4180} INFO - Setting next_dagrun for example_sensors to None, run_after=None
[2024-12-01T02:30:59.945+0000] {processor.py:208} INFO - Processing /home/airflow/.local/lib/python3.12/site-packages/airflow/example_dags/example_sensors.py took 0.079 seconds
[2024-12-01T02:31:31.091+0000] {processor.py:186} INFO - Started process (PID=53191) to work on /home/airflow/.local/lib/python3.12/site-packages/airflow/example_dags/example_sensors.py
[2024-12-01T02:31:31.092+0000] {processor.py:914} INFO - Processing file /home/airflow/.local/lib/python3.12/site-packages/airflow/example_dags/example_sensors.py for tasks to queue
[2024-12-01T02:31:31.095+0000] {logging_mixin.py:190} INFO - [2024-12-01T02:31:31.094+0000] {dagbag.py:588} INFO - Filling up the DagBag from /home/airflow/.local/lib/python3.12/site-packages/airflow/example_dags/example_sensors.py
[2024-12-01T02:31:31.109+0000] {processor.py:925} INFO - DAG(s) 'example_sensors' retrieved from /home/airflow/.local/lib/python3.12/site-packages/airflow/example_dags/example_sensors.py
[2024-12-01T02:31:31.144+0000] {logging_mixin.py:190} INFO - [2024-12-01T02:31:31.144+0000] {dag.py:3239} INFO - Sync 1 DAGs
[2024-12-01T02:31:31.159+0000] {logging_mixin.py:190} INFO - [2024-12-01T02:31:31.158+0000] {dag.py:4180} INFO - Setting next_dagrun for example_sensors to None, run_after=None
[2024-12-01T02:31:31.175+0000] {processor.py:208} INFO - Processing /home/airflow/.local/lib/python3.12/site-packages/airflow/example_dags/example_sensors.py took 0.091 seconds
[2024-12-01T02:32:01.733+0000] {processor.py:186} INFO - Started process (PID=53257) to work on /home/airflow/.local/lib/python3.12/site-packages/airflow/example_dags/example_sensors.py
[2024-12-01T02:32:01.734+0000] {processor.py:914} INFO - Processing file /home/airflow/.local/lib/python3.12/site-packages/airflow/example_dags/example_sensors.py for tasks to queue
[2024-12-01T02:32:01.736+0000] {logging_mixin.py:190} INFO - [2024-12-01T02:32:01.736+0000] {dagbag.py:588} INFO - Filling up the DagBag from /home/airflow/.local/lib/python3.12/site-packages/airflow/example_dags/example_sensors.py
[2024-12-01T02:32:01.747+0000] {processor.py:925} INFO - DAG(s) 'example_sensors' retrieved from /home/airflow/.local/lib/python3.12/site-packages/airflow/example_dags/example_sensors.py
[2024-12-01T02:32:01.771+0000] {logging_mixin.py:190} INFO - [2024-12-01T02:32:01.770+0000] {dag.py:3239} INFO - Sync 1 DAGs
[2024-12-01T02:32:01.784+0000] {logging_mixin.py:190} INFO - [2024-12-01T02:32:01.784+0000] {dag.py:4180} INFO - Setting next_dagrun for example_sensors to None, run_after=None
[2024-12-01T02:32:01.802+0000] {processor.py:208} INFO - Processing /home/airflow/.local/lib/python3.12/site-packages/airflow/example_dags/example_sensors.py took 0.075 seconds
[2024-12-01T02:32:33.102+0000] {processor.py:186} INFO - Started process (PID=53323) to work on /home/airflow/.local/lib/python3.12/site-packages/airflow/example_dags/example_sensors.py
[2024-12-01T02:32:33.103+0000] {processor.py:914} INFO - Processing file /home/airflow/.local/lib/python3.12/site-packages/airflow/example_dags/example_sensors.py for tasks to queue
[2024-12-01T02:32:33.105+0000] {logging_mixin.py:190} INFO - [2024-12-01T02:32:33.104+0000] {dagbag.py:588} INFO - Filling up the DagBag from /home/airflow/.local/lib/python3.12/site-packages/airflow/example_dags/example_sensors.py
[2024-12-01T02:32:33.116+0000] {processor.py:925} INFO - DAG(s) 'example_sensors' retrieved from /home/airflow/.local/lib/python3.12/site-packages/airflow/example_dags/example_sensors.py
[2024-12-01T02:32:33.143+0000] {logging_mixin.py:190} INFO - [2024-12-01T02:32:33.142+0000] {dag.py:3239} INFO - Sync 1 DAGs
[2024-12-01T02:32:33.156+0000] {logging_mixin.py:190} INFO - [2024-12-01T02:32:33.156+0000] {dag.py:4180} INFO - Setting next_dagrun for example_sensors to None, run_after=None
[2024-12-01T02:32:33.174+0000] {processor.py:208} INFO - Processing /home/airflow/.local/lib/python3.12/site-packages/airflow/example_dags/example_sensors.py took 0.078 seconds
[2024-12-01T02:33:03.748+0000] {processor.py:186} INFO - Started process (PID=53389) to work on /home/airflow/.local/lib/python3.12/site-packages/airflow/example_dags/example_sensors.py
[2024-12-01T02:33:03.749+0000] {processor.py:914} INFO - Processing file /home/airflow/.local/lib/python3.12/site-packages/airflow/example_dags/example_sensors.py for tasks to queue
[2024-12-01T02:33:03.752+0000] {logging_mixin.py:190} INFO - [2024-12-01T02:33:03.751+0000] {dagbag.py:588} INFO - Filling up the DagBag from /home/airflow/.local/lib/python3.12/site-packages/airflow/example_dags/example_sensors.py
[2024-12-01T02:33:03.763+0000] {processor.py:925} INFO - DAG(s) 'example_sensors' retrieved from /home/airflow/.local/lib/python3.12/site-packages/airflow/example_dags/example_sensors.py
[2024-12-01T02:33:03.791+0000] {logging_mixin.py:190} INFO - [2024-12-01T02:33:03.791+0000] {dag.py:3239} INFO - Sync 1 DAGs
[2024-12-01T02:33:03.804+0000] {logging_mixin.py:190} INFO - [2024-12-01T02:33:03.804+0000] {dag.py:4180} INFO - Setting next_dagrun for example_sensors to None, run_after=None
[2024-12-01T02:33:03.820+0000] {processor.py:208} INFO - Processing /home/airflow/.local/lib/python3.12/site-packages/airflow/example_dags/example_sensors.py took 0.077 seconds
[2024-12-01T02:33:34.436+0000] {processor.py:186} INFO - Started process (PID=53455) to work on /home/airflow/.local/lib/python3.12/site-packages/airflow/example_dags/example_sensors.py
[2024-12-01T02:33:34.437+0000] {processor.py:914} INFO - Processing file /home/airflow/.local/lib/python3.12/site-packages/airflow/example_dags/example_sensors.py for tasks to queue
[2024-12-01T02:33:34.439+0000] {logging_mixin.py:190} INFO - [2024-12-01T02:33:34.439+0000] {dagbag.py:588} INFO - Filling up the DagBag from /home/airflow/.local/lib/python3.12/site-packages/airflow/example_dags/example_sensors.py
[2024-12-01T02:33:34.450+0000] {processor.py:925} INFO - DAG(s) 'example_sensors' retrieved from /home/airflow/.local/lib/python3.12/site-packages/airflow/example_dags/example_sensors.py
[2024-12-01T02:33:34.478+0000] {logging_mixin.py:190} INFO - [2024-12-01T02:33:34.478+0000] {dag.py:3239} INFO - Sync 1 DAGs
[2024-12-01T02:33:34.492+0000] {logging_mixin.py:190} INFO - [2024-12-01T02:33:34.492+0000] {dag.py:4180} INFO - Setting next_dagrun for example_sensors to None, run_after=None
[2024-12-01T02:33:34.514+0000] {processor.py:208} INFO - Processing /home/airflow/.local/lib/python3.12/site-packages/airflow/example_dags/example_sensors.py took 0.083 seconds
