[2024-12-01T02:11:01.879+0000] {processor.py:186} INFO - Started process (PID=50558) to work on /home/airflow/.local/lib/python3.12/site-packages/airflow/example_dags/example_python_operator.py
[2024-12-01T02:11:01.880+0000] {processor.py:914} INFO - Processing file /home/airflow/.local/lib/python3.12/site-packages/airflow/example_dags/example_python_operator.py for tasks to queue
[2024-12-01T02:11:01.885+0000] {logging_mixin.py:190} INFO - [2024-12-01T02:11:01.884+0000] {dagbag.py:588} INFO - Filling up the DagBag from /home/airflow/.local/lib/python3.12/site-packages/airflow/example_dags/example_python_operator.py
[2024-12-01T02:11:01.903+0000] {processor.py:925} INFO - DAG(s) 'example_python_operator' retrieved from /home/airflow/.local/lib/python3.12/site-packages/airflow/example_dags/example_python_operator.py
[2024-12-01T02:11:01.931+0000] {logging_mixin.py:190} INFO - [2024-12-01T02:11:01.930+0000] {dag.py:3239} INFO - Sync 1 DAGs
[2024-12-01T02:11:01.949+0000] {logging_mixin.py:190} INFO - [2024-12-01T02:11:01.949+0000] {dag.py:4180} INFO - Setting next_dagrun for example_python_operator to None, run_after=None
[2024-12-01T02:11:01.970+0000] {processor.py:208} INFO - Processing /home/airflow/.local/lib/python3.12/site-packages/airflow/example_dags/example_python_operator.py took 0.100 seconds
[2024-12-01T02:11:32.680+0000] {processor.py:186} INFO - Started process (PID=50625) to work on /home/airflow/.local/lib/python3.12/site-packages/airflow/example_dags/example_python_operator.py
[2024-12-01T02:11:32.681+0000] {processor.py:914} INFO - Processing file /home/airflow/.local/lib/python3.12/site-packages/airflow/example_dags/example_python_operator.py for tasks to queue
[2024-12-01T02:11:32.684+0000] {logging_mixin.py:190} INFO - [2024-12-01T02:11:32.683+0000] {dagbag.py:588} INFO - Filling up the DagBag from /home/airflow/.local/lib/python3.12/site-packages/airflow/example_dags/example_python_operator.py
[2024-12-01T02:11:32.695+0000] {processor.py:925} INFO - DAG(s) 'example_python_operator' retrieved from /home/airflow/.local/lib/python3.12/site-packages/airflow/example_dags/example_python_operator.py
[2024-12-01T02:11:32.721+0000] {logging_mixin.py:190} INFO - [2024-12-01T02:11:32.721+0000] {dag.py:3239} INFO - Sync 1 DAGs
[2024-12-01T02:11:32.745+0000] {logging_mixin.py:190} INFO - [2024-12-01T02:11:32.745+0000] {dag.py:4180} INFO - Setting next_dagrun for example_python_operator to None, run_after=None
[2024-12-01T02:11:32.782+0000] {processor.py:208} INFO - Processing /home/airflow/.local/lib/python3.12/site-packages/airflow/example_dags/example_python_operator.py took 0.107 seconds
[2024-12-01T02:12:03.209+0000] {processor.py:186} INFO - Started process (PID=50691) to work on /home/airflow/.local/lib/python3.12/site-packages/airflow/example_dags/example_python_operator.py
[2024-12-01T02:12:03.210+0000] {processor.py:914} INFO - Processing file /home/airflow/.local/lib/python3.12/site-packages/airflow/example_dags/example_python_operator.py for tasks to queue
[2024-12-01T02:12:03.212+0000] {logging_mixin.py:190} INFO - [2024-12-01T02:12:03.212+0000] {dagbag.py:588} INFO - Filling up the DagBag from /home/airflow/.local/lib/python3.12/site-packages/airflow/example_dags/example_python_operator.py
[2024-12-01T02:12:03.230+0000] {processor.py:925} INFO - DAG(s) 'example_python_operator' retrieved from /home/airflow/.local/lib/python3.12/site-packages/airflow/example_dags/example_python_operator.py
[2024-12-01T02:12:03.261+0000] {logging_mixin.py:190} INFO - [2024-12-01T02:12:03.260+0000] {dag.py:3239} INFO - Sync 1 DAGs
[2024-12-01T02:12:03.279+0000] {logging_mixin.py:190} INFO - [2024-12-01T02:12:03.278+0000] {dag.py:4180} INFO - Setting next_dagrun for example_python_operator to None, run_after=None
[2024-12-01T02:12:03.299+0000] {processor.py:208} INFO - Processing /home/airflow/.local/lib/python3.12/site-packages/airflow/example_dags/example_python_operator.py took 0.098 seconds
[2024-12-01T02:12:34.011+0000] {processor.py:186} INFO - Started process (PID=50757) to work on /home/airflow/.local/lib/python3.12/site-packages/airflow/example_dags/example_python_operator.py
[2024-12-01T02:12:34.012+0000] {processor.py:914} INFO - Processing file /home/airflow/.local/lib/python3.12/site-packages/airflow/example_dags/example_python_operator.py for tasks to queue
[2024-12-01T02:12:34.015+0000] {logging_mixin.py:190} INFO - [2024-12-01T02:12:34.015+0000] {dagbag.py:588} INFO - Filling up the DagBag from /home/airflow/.local/lib/python3.12/site-packages/airflow/example_dags/example_python_operator.py
[2024-12-01T02:12:34.026+0000] {processor.py:925} INFO - DAG(s) 'example_python_operator' retrieved from /home/airflow/.local/lib/python3.12/site-packages/airflow/example_dags/example_python_operator.py
[2024-12-01T02:12:34.048+0000] {logging_mixin.py:190} INFO - [2024-12-01T02:12:34.048+0000] {dag.py:3239} INFO - Sync 1 DAGs
[2024-12-01T02:12:34.061+0000] {logging_mixin.py:190} INFO - [2024-12-01T02:12:34.061+0000] {dag.py:4180} INFO - Setting next_dagrun for example_python_operator to None, run_after=None
[2024-12-01T02:12:34.080+0000] {processor.py:208} INFO - Processing /home/airflow/.local/lib/python3.12/site-packages/airflow/example_dags/example_python_operator.py took 0.075 seconds
[2024-12-01T02:13:04.940+0000] {processor.py:186} INFO - Started process (PID=50823) to work on /home/airflow/.local/lib/python3.12/site-packages/airflow/example_dags/example_python_operator.py
[2024-12-01T02:13:04.941+0000] {processor.py:914} INFO - Processing file /home/airflow/.local/lib/python3.12/site-packages/airflow/example_dags/example_python_operator.py for tasks to queue
[2024-12-01T02:13:04.943+0000] {logging_mixin.py:190} INFO - [2024-12-01T02:13:04.943+0000] {dagbag.py:588} INFO - Filling up the DagBag from /home/airflow/.local/lib/python3.12/site-packages/airflow/example_dags/example_python_operator.py
[2024-12-01T02:13:04.954+0000] {processor.py:925} INFO - DAG(s) 'example_python_operator' retrieved from /home/airflow/.local/lib/python3.12/site-packages/airflow/example_dags/example_python_operator.py
[2024-12-01T02:13:04.974+0000] {logging_mixin.py:190} INFO - [2024-12-01T02:13:04.974+0000] {dag.py:3239} INFO - Sync 1 DAGs
[2024-12-01T02:13:04.987+0000] {logging_mixin.py:190} INFO - [2024-12-01T02:13:04.987+0000] {dag.py:4180} INFO - Setting next_dagrun for example_python_operator to None, run_after=None
[2024-12-01T02:13:05.004+0000] {processor.py:208} INFO - Processing /home/airflow/.local/lib/python3.12/site-packages/airflow/example_dags/example_python_operator.py took 0.070 seconds
[2024-12-01T02:13:35.577+0000] {processor.py:186} INFO - Started process (PID=50889) to work on /home/airflow/.local/lib/python3.12/site-packages/airflow/example_dags/example_python_operator.py
[2024-12-01T02:13:35.578+0000] {processor.py:914} INFO - Processing file /home/airflow/.local/lib/python3.12/site-packages/airflow/example_dags/example_python_operator.py for tasks to queue
[2024-12-01T02:13:35.580+0000] {logging_mixin.py:190} INFO - [2024-12-01T02:13:35.580+0000] {dagbag.py:588} INFO - Filling up the DagBag from /home/airflow/.local/lib/python3.12/site-packages/airflow/example_dags/example_python_operator.py
[2024-12-01T02:13:35.596+0000] {processor.py:925} INFO - DAG(s) 'example_python_operator' retrieved from /home/airflow/.local/lib/python3.12/site-packages/airflow/example_dags/example_python_operator.py
[2024-12-01T02:13:35.616+0000] {logging_mixin.py:190} INFO - [2024-12-01T02:13:35.615+0000] {dag.py:3239} INFO - Sync 1 DAGs
[2024-12-01T02:13:35.629+0000] {logging_mixin.py:190} INFO - [2024-12-01T02:13:35.629+0000] {dag.py:4180} INFO - Setting next_dagrun for example_python_operator to None, run_after=None
[2024-12-01T02:13:35.645+0000] {processor.py:208} INFO - Processing /home/airflow/.local/lib/python3.12/site-packages/airflow/example_dags/example_python_operator.py took 0.075 seconds
[2024-12-01T02:14:06.793+0000] {processor.py:186} INFO - Started process (PID=50955) to work on /home/airflow/.local/lib/python3.12/site-packages/airflow/example_dags/example_python_operator.py
[2024-12-01T02:14:06.794+0000] {processor.py:914} INFO - Processing file /home/airflow/.local/lib/python3.12/site-packages/airflow/example_dags/example_python_operator.py for tasks to queue
[2024-12-01T02:14:06.796+0000] {logging_mixin.py:190} INFO - [2024-12-01T02:14:06.796+0000] {dagbag.py:588} INFO - Filling up the DagBag from /home/airflow/.local/lib/python3.12/site-packages/airflow/example_dags/example_python_operator.py
[2024-12-01T02:14:06.807+0000] {processor.py:925} INFO - DAG(s) 'example_python_operator' retrieved from /home/airflow/.local/lib/python3.12/site-packages/airflow/example_dags/example_python_operator.py
[2024-12-01T02:14:06.829+0000] {logging_mixin.py:190} INFO - [2024-12-01T02:14:06.828+0000] {dag.py:3239} INFO - Sync 1 DAGs
[2024-12-01T02:14:06.842+0000] {logging_mixin.py:190} INFO - [2024-12-01T02:14:06.842+0000] {dag.py:4180} INFO - Setting next_dagrun for example_python_operator to None, run_after=None
[2024-12-01T02:14:06.861+0000] {processor.py:208} INFO - Processing /home/airflow/.local/lib/python3.12/site-packages/airflow/example_dags/example_python_operator.py took 0.074 seconds
[2024-12-01T02:14:37.589+0000] {processor.py:186} INFO - Started process (PID=51021) to work on /home/airflow/.local/lib/python3.12/site-packages/airflow/example_dags/example_python_operator.py
[2024-12-01T02:14:37.590+0000] {processor.py:914} INFO - Processing file /home/airflow/.local/lib/python3.12/site-packages/airflow/example_dags/example_python_operator.py for tasks to queue
[2024-12-01T02:14:37.592+0000] {logging_mixin.py:190} INFO - [2024-12-01T02:14:37.592+0000] {dagbag.py:588} INFO - Filling up the DagBag from /home/airflow/.local/lib/python3.12/site-packages/airflow/example_dags/example_python_operator.py
[2024-12-01T02:14:37.604+0000] {processor.py:925} INFO - DAG(s) 'example_python_operator' retrieved from /home/airflow/.local/lib/python3.12/site-packages/airflow/example_dags/example_python_operator.py
[2024-12-01T02:14:37.624+0000] {logging_mixin.py:190} INFO - [2024-12-01T02:14:37.624+0000] {dag.py:3239} INFO - Sync 1 DAGs
[2024-12-01T02:14:37.637+0000] {logging_mixin.py:190} INFO - [2024-12-01T02:14:37.637+0000] {dag.py:4180} INFO - Setting next_dagrun for example_python_operator to None, run_after=None
[2024-12-01T02:14:37.655+0000] {processor.py:208} INFO - Processing /home/airflow/.local/lib/python3.12/site-packages/airflow/example_dags/example_python_operator.py took 0.072 seconds
[2024-12-01T02:15:08.545+0000] {processor.py:186} INFO - Started process (PID=51087) to work on /home/airflow/.local/lib/python3.12/site-packages/airflow/example_dags/example_python_operator.py
[2024-12-01T02:15:08.546+0000] {processor.py:914} INFO - Processing file /home/airflow/.local/lib/python3.12/site-packages/airflow/example_dags/example_python_operator.py for tasks to queue
[2024-12-01T02:15:08.549+0000] {logging_mixin.py:190} INFO - [2024-12-01T02:15:08.548+0000] {dagbag.py:588} INFO - Filling up the DagBag from /home/airflow/.local/lib/python3.12/site-packages/airflow/example_dags/example_python_operator.py
[2024-12-01T02:15:08.560+0000] {processor.py:925} INFO - DAG(s) 'example_python_operator' retrieved from /home/airflow/.local/lib/python3.12/site-packages/airflow/example_dags/example_python_operator.py
[2024-12-01T02:15:08.582+0000] {logging_mixin.py:190} INFO - [2024-12-01T02:15:08.582+0000] {dag.py:3239} INFO - Sync 1 DAGs
[2024-12-01T02:15:08.595+0000] {logging_mixin.py:190} INFO - [2024-12-01T02:15:08.595+0000] {dag.py:4180} INFO - Setting next_dagrun for example_python_operator to None, run_after=None
[2024-12-01T02:15:08.611+0000] {processor.py:208} INFO - Processing /home/airflow/.local/lib/python3.12/site-packages/airflow/example_dags/example_python_operator.py took 0.072 seconds
[2024-12-01T02:15:39.379+0000] {processor.py:186} INFO - Started process (PID=51153) to work on /home/airflow/.local/lib/python3.12/site-packages/airflow/example_dags/example_python_operator.py
[2024-12-01T02:15:39.379+0000] {processor.py:914} INFO - Processing file /home/airflow/.local/lib/python3.12/site-packages/airflow/example_dags/example_python_operator.py for tasks to queue
[2024-12-01T02:15:39.381+0000] {logging_mixin.py:190} INFO - [2024-12-01T02:15:39.381+0000] {dagbag.py:588} INFO - Filling up the DagBag from /home/airflow/.local/lib/python3.12/site-packages/airflow/example_dags/example_python_operator.py
[2024-12-01T02:15:39.395+0000] {processor.py:925} INFO - DAG(s) 'example_python_operator' retrieved from /home/airflow/.local/lib/python3.12/site-packages/airflow/example_dags/example_python_operator.py
[2024-12-01T02:15:39.414+0000] {logging_mixin.py:190} INFO - [2024-12-01T02:15:39.413+0000] {dag.py:3239} INFO - Sync 1 DAGs
[2024-12-01T02:15:39.426+0000] {logging_mixin.py:190} INFO - [2024-12-01T02:15:39.426+0000] {dag.py:4180} INFO - Setting next_dagrun for example_python_operator to None, run_after=None
[2024-12-01T02:15:39.442+0000] {processor.py:208} INFO - Processing /home/airflow/.local/lib/python3.12/site-packages/airflow/example_dags/example_python_operator.py took 0.068 seconds
[2024-12-01T02:16:10.106+0000] {processor.py:186} INFO - Started process (PID=51219) to work on /home/airflow/.local/lib/python3.12/site-packages/airflow/example_dags/example_python_operator.py
[2024-12-01T02:16:10.108+0000] {processor.py:914} INFO - Processing file /home/airflow/.local/lib/python3.12/site-packages/airflow/example_dags/example_python_operator.py for tasks to queue
[2024-12-01T02:16:10.112+0000] {logging_mixin.py:190} INFO - [2024-12-01T02:16:10.112+0000] {dagbag.py:588} INFO - Filling up the DagBag from /home/airflow/.local/lib/python3.12/site-packages/airflow/example_dags/example_python_operator.py
[2024-12-01T02:16:10.127+0000] {processor.py:925} INFO - DAG(s) 'example_python_operator' retrieved from /home/airflow/.local/lib/python3.12/site-packages/airflow/example_dags/example_python_operator.py
[2024-12-01T02:16:10.151+0000] {logging_mixin.py:190} INFO - [2024-12-01T02:16:10.151+0000] {dag.py:3239} INFO - Sync 1 DAGs
[2024-12-01T02:16:10.168+0000] {logging_mixin.py:190} INFO - [2024-12-01T02:16:10.168+0000] {dag.py:4180} INFO - Setting next_dagrun for example_python_operator to None, run_after=None
[2024-12-01T02:16:10.194+0000] {processor.py:208} INFO - Processing /home/airflow/.local/lib/python3.12/site-packages/airflow/example_dags/example_python_operator.py took 0.096 seconds
[2024-12-01T02:16:41.182+0000] {processor.py:186} INFO - Started process (PID=51285) to work on /home/airflow/.local/lib/python3.12/site-packages/airflow/example_dags/example_python_operator.py
[2024-12-01T02:16:41.183+0000] {processor.py:914} INFO - Processing file /home/airflow/.local/lib/python3.12/site-packages/airflow/example_dags/example_python_operator.py for tasks to queue
[2024-12-01T02:16:41.185+0000] {logging_mixin.py:190} INFO - [2024-12-01T02:16:41.185+0000] {dagbag.py:588} INFO - Filling up the DagBag from /home/airflow/.local/lib/python3.12/site-packages/airflow/example_dags/example_python_operator.py
[2024-12-01T02:16:41.198+0000] {processor.py:925} INFO - DAG(s) 'example_python_operator' retrieved from /home/airflow/.local/lib/python3.12/site-packages/airflow/example_dags/example_python_operator.py
[2024-12-01T02:16:41.219+0000] {logging_mixin.py:190} INFO - [2024-12-01T02:16:41.218+0000] {dag.py:3239} INFO - Sync 1 DAGs
[2024-12-01T02:16:41.232+0000] {logging_mixin.py:190} INFO - [2024-12-01T02:16:41.232+0000] {dag.py:4180} INFO - Setting next_dagrun for example_python_operator to None, run_after=None
[2024-12-01T02:16:41.249+0000] {processor.py:208} INFO - Processing /home/airflow/.local/lib/python3.12/site-packages/airflow/example_dags/example_python_operator.py took 0.072 seconds
[2024-12-01T02:17:12.197+0000] {processor.py:186} INFO - Started process (PID=51351) to work on /home/airflow/.local/lib/python3.12/site-packages/airflow/example_dags/example_python_operator.py
[2024-12-01T02:17:12.198+0000] {processor.py:914} INFO - Processing file /home/airflow/.local/lib/python3.12/site-packages/airflow/example_dags/example_python_operator.py for tasks to queue
[2024-12-01T02:17:12.200+0000] {logging_mixin.py:190} INFO - [2024-12-01T02:17:12.200+0000] {dagbag.py:588} INFO - Filling up the DagBag from /home/airflow/.local/lib/python3.12/site-packages/airflow/example_dags/example_python_operator.py
[2024-12-01T02:17:12.211+0000] {processor.py:925} INFO - DAG(s) 'example_python_operator' retrieved from /home/airflow/.local/lib/python3.12/site-packages/airflow/example_dags/example_python_operator.py
[2024-12-01T02:17:12.232+0000] {logging_mixin.py:190} INFO - [2024-12-01T02:17:12.231+0000] {dag.py:3239} INFO - Sync 1 DAGs
[2024-12-01T02:17:12.244+0000] {logging_mixin.py:190} INFO - [2024-12-01T02:17:12.244+0000] {dag.py:4180} INFO - Setting next_dagrun for example_python_operator to None, run_after=None
[2024-12-01T02:17:12.262+0000] {processor.py:208} INFO - Processing /home/airflow/.local/lib/python3.12/site-packages/airflow/example_dags/example_python_operator.py took 0.070 seconds
[2024-12-01T02:17:43.280+0000] {processor.py:186} INFO - Started process (PID=51417) to work on /home/airflow/.local/lib/python3.12/site-packages/airflow/example_dags/example_python_operator.py
[2024-12-01T02:17:43.281+0000] {processor.py:914} INFO - Processing file /home/airflow/.local/lib/python3.12/site-packages/airflow/example_dags/example_python_operator.py for tasks to queue
[2024-12-01T02:17:43.284+0000] {logging_mixin.py:190} INFO - [2024-12-01T02:17:43.283+0000] {dagbag.py:588} INFO - Filling up the DagBag from /home/airflow/.local/lib/python3.12/site-packages/airflow/example_dags/example_python_operator.py
[2024-12-01T02:17:43.295+0000] {processor.py:925} INFO - DAG(s) 'example_python_operator' retrieved from /home/airflow/.local/lib/python3.12/site-packages/airflow/example_dags/example_python_operator.py
[2024-12-01T02:17:43.315+0000] {logging_mixin.py:190} INFO - [2024-12-01T02:17:43.315+0000] {dag.py:3239} INFO - Sync 1 DAGs
[2024-12-01T02:17:43.328+0000] {logging_mixin.py:190} INFO - [2024-12-01T02:17:43.328+0000] {dag.py:4180} INFO - Setting next_dagrun for example_python_operator to None, run_after=None
[2024-12-01T02:17:43.345+0000] {processor.py:208} INFO - Processing /home/airflow/.local/lib/python3.12/site-packages/airflow/example_dags/example_python_operator.py took 0.070 seconds
[2024-12-01T02:18:14.287+0000] {processor.py:186} INFO - Started process (PID=51483) to work on /home/airflow/.local/lib/python3.12/site-packages/airflow/example_dags/example_python_operator.py
[2024-12-01T02:18:14.288+0000] {processor.py:914} INFO - Processing file /home/airflow/.local/lib/python3.12/site-packages/airflow/example_dags/example_python_operator.py for tasks to queue
[2024-12-01T02:18:14.290+0000] {logging_mixin.py:190} INFO - [2024-12-01T02:18:14.290+0000] {dagbag.py:588} INFO - Filling up the DagBag from /home/airflow/.local/lib/python3.12/site-packages/airflow/example_dags/example_python_operator.py
[2024-12-01T02:18:14.301+0000] {processor.py:925} INFO - DAG(s) 'example_python_operator' retrieved from /home/airflow/.local/lib/python3.12/site-packages/airflow/example_dags/example_python_operator.py
[2024-12-01T02:18:14.321+0000] {logging_mixin.py:190} INFO - [2024-12-01T02:18:14.321+0000] {dag.py:3239} INFO - Sync 1 DAGs
[2024-12-01T02:18:14.335+0000] {logging_mixin.py:190} INFO - [2024-12-01T02:18:14.335+0000] {dag.py:4180} INFO - Setting next_dagrun for example_python_operator to None, run_after=None
[2024-12-01T02:18:14.352+0000] {processor.py:208} INFO - Processing /home/airflow/.local/lib/python3.12/site-packages/airflow/example_dags/example_python_operator.py took 0.070 seconds
[2024-12-01T02:18:44.976+0000] {processor.py:186} INFO - Started process (PID=51549) to work on /home/airflow/.local/lib/python3.12/site-packages/airflow/example_dags/example_python_operator.py
[2024-12-01T02:18:44.977+0000] {processor.py:914} INFO - Processing file /home/airflow/.local/lib/python3.12/site-packages/airflow/example_dags/example_python_operator.py for tasks to queue
[2024-12-01T02:18:44.979+0000] {logging_mixin.py:190} INFO - [2024-12-01T02:18:44.979+0000] {dagbag.py:588} INFO - Filling up the DagBag from /home/airflow/.local/lib/python3.12/site-packages/airflow/example_dags/example_python_operator.py
[2024-12-01T02:18:44.991+0000] {processor.py:925} INFO - DAG(s) 'example_python_operator' retrieved from /home/airflow/.local/lib/python3.12/site-packages/airflow/example_dags/example_python_operator.py
[2024-12-01T02:18:45.015+0000] {logging_mixin.py:190} INFO - [2024-12-01T02:18:45.015+0000] {dag.py:3239} INFO - Sync 1 DAGs
[2024-12-01T02:18:45.030+0000] {logging_mixin.py:190} INFO - [2024-12-01T02:18:45.029+0000] {dag.py:4180} INFO - Setting next_dagrun for example_python_operator to None, run_after=None
[2024-12-01T02:18:45.048+0000] {processor.py:208} INFO - Processing /home/airflow/.local/lib/python3.12/site-packages/airflow/example_dags/example_python_operator.py took 0.078 seconds
[2024-12-01T02:19:16.035+0000] {processor.py:186} INFO - Started process (PID=51616) to work on /home/airflow/.local/lib/python3.12/site-packages/airflow/example_dags/example_python_operator.py
[2024-12-01T02:19:16.035+0000] {processor.py:914} INFO - Processing file /home/airflow/.local/lib/python3.12/site-packages/airflow/example_dags/example_python_operator.py for tasks to queue
[2024-12-01T02:19:16.038+0000] {logging_mixin.py:190} INFO - [2024-12-01T02:19:16.037+0000] {dagbag.py:588} INFO - Filling up the DagBag from /home/airflow/.local/lib/python3.12/site-packages/airflow/example_dags/example_python_operator.py
[2024-12-01T02:19:16.052+0000] {processor.py:925} INFO - DAG(s) 'example_python_operator' retrieved from /home/airflow/.local/lib/python3.12/site-packages/airflow/example_dags/example_python_operator.py
[2024-12-01T02:19:16.071+0000] {logging_mixin.py:190} INFO - [2024-12-01T02:19:16.071+0000] {dag.py:3239} INFO - Sync 1 DAGs
[2024-12-01T02:19:16.084+0000] {logging_mixin.py:190} INFO - [2024-12-01T02:19:16.084+0000] {dag.py:4180} INFO - Setting next_dagrun for example_python_operator to None, run_after=None
[2024-12-01T02:19:16.100+0000] {processor.py:208} INFO - Processing /home/airflow/.local/lib/python3.12/site-packages/airflow/example_dags/example_python_operator.py took 0.071 seconds
[2024-12-01T02:19:47.057+0000] {processor.py:186} INFO - Started process (PID=51682) to work on /home/airflow/.local/lib/python3.12/site-packages/airflow/example_dags/example_python_operator.py
[2024-12-01T02:19:47.058+0000] {processor.py:914} INFO - Processing file /home/airflow/.local/lib/python3.12/site-packages/airflow/example_dags/example_python_operator.py for tasks to queue
[2024-12-01T02:19:47.060+0000] {logging_mixin.py:190} INFO - [2024-12-01T02:19:47.060+0000] {dagbag.py:588} INFO - Filling up the DagBag from /home/airflow/.local/lib/python3.12/site-packages/airflow/example_dags/example_python_operator.py
[2024-12-01T02:19:47.072+0000] {processor.py:925} INFO - DAG(s) 'example_python_operator' retrieved from /home/airflow/.local/lib/python3.12/site-packages/airflow/example_dags/example_python_operator.py
[2024-12-01T02:19:47.091+0000] {logging_mixin.py:190} INFO - [2024-12-01T02:19:47.091+0000] {dag.py:3239} INFO - Sync 1 DAGs
[2024-12-01T02:19:47.105+0000] {logging_mixin.py:190} INFO - [2024-12-01T02:19:47.105+0000] {dag.py:4180} INFO - Setting next_dagrun for example_python_operator to None, run_after=None
[2024-12-01T02:19:47.120+0000] {processor.py:208} INFO - Processing /home/airflow/.local/lib/python3.12/site-packages/airflow/example_dags/example_python_operator.py took 0.068 seconds
[2024-12-01T02:20:18.276+0000] {processor.py:186} INFO - Started process (PID=51748) to work on /home/airflow/.local/lib/python3.12/site-packages/airflow/example_dags/example_python_operator.py
[2024-12-01T02:20:18.277+0000] {processor.py:914} INFO - Processing file /home/airflow/.local/lib/python3.12/site-packages/airflow/example_dags/example_python_operator.py for tasks to queue
[2024-12-01T02:20:18.279+0000] {logging_mixin.py:190} INFO - [2024-12-01T02:20:18.279+0000] {dagbag.py:588} INFO - Filling up the DagBag from /home/airflow/.local/lib/python3.12/site-packages/airflow/example_dags/example_python_operator.py
[2024-12-01T02:20:18.290+0000] {processor.py:925} INFO - DAG(s) 'example_python_operator' retrieved from /home/airflow/.local/lib/python3.12/site-packages/airflow/example_dags/example_python_operator.py
[2024-12-01T02:20:18.310+0000] {logging_mixin.py:190} INFO - [2024-12-01T02:20:18.310+0000] {dag.py:3239} INFO - Sync 1 DAGs
[2024-12-01T02:20:18.322+0000] {logging_mixin.py:190} INFO - [2024-12-01T02:20:18.322+0000] {dag.py:4180} INFO - Setting next_dagrun for example_python_operator to None, run_after=None
[2024-12-01T02:20:18.339+0000] {processor.py:208} INFO - Processing /home/airflow/.local/lib/python3.12/site-packages/airflow/example_dags/example_python_operator.py took 0.068 seconds
[2024-12-01T02:20:49.546+0000] {processor.py:186} INFO - Started process (PID=51814) to work on /home/airflow/.local/lib/python3.12/site-packages/airflow/example_dags/example_python_operator.py
[2024-12-01T02:20:49.547+0000] {processor.py:914} INFO - Processing file /home/airflow/.local/lib/python3.12/site-packages/airflow/example_dags/example_python_operator.py for tasks to queue
[2024-12-01T02:20:49.550+0000] {logging_mixin.py:190} INFO - [2024-12-01T02:20:49.549+0000] {dagbag.py:588} INFO - Filling up the DagBag from /home/airflow/.local/lib/python3.12/site-packages/airflow/example_dags/example_python_operator.py
[2024-12-01T02:20:49.561+0000] {processor.py:925} INFO - DAG(s) 'example_python_operator' retrieved from /home/airflow/.local/lib/python3.12/site-packages/airflow/example_dags/example_python_operator.py
[2024-12-01T02:20:49.581+0000] {logging_mixin.py:190} INFO - [2024-12-01T02:20:49.580+0000] {dag.py:3239} INFO - Sync 1 DAGs
[2024-12-01T02:20:49.593+0000] {logging_mixin.py:190} INFO - [2024-12-01T02:20:49.593+0000] {dag.py:4180} INFO - Setting next_dagrun for example_python_operator to None, run_after=None
[2024-12-01T02:20:49.610+0000] {processor.py:208} INFO - Processing /home/airflow/.local/lib/python3.12/site-packages/airflow/example_dags/example_python_operator.py took 0.069 seconds
[2024-12-01T02:21:21.692+0000] {processor.py:186} INFO - Started process (PID=51879) to work on /home/airflow/.local/lib/python3.12/site-packages/airflow/example_dags/example_python_operator.py
[2024-12-01T02:21:21.693+0000] {processor.py:914} INFO - Processing file /home/airflow/.local/lib/python3.12/site-packages/airflow/example_dags/example_python_operator.py for tasks to queue
[2024-12-01T02:21:21.695+0000] {logging_mixin.py:190} INFO - [2024-12-01T02:21:21.695+0000] {dagbag.py:588} INFO - Filling up the DagBag from /home/airflow/.local/lib/python3.12/site-packages/airflow/example_dags/example_python_operator.py
[2024-12-01T02:21:21.707+0000] {processor.py:925} INFO - DAG(s) 'example_python_operator' retrieved from /home/airflow/.local/lib/python3.12/site-packages/airflow/example_dags/example_python_operator.py
[2024-12-01T02:21:21.729+0000] {logging_mixin.py:190} INFO - [2024-12-01T02:21:21.729+0000] {dag.py:3239} INFO - Sync 1 DAGs
[2024-12-01T02:21:21.892+0000] {logging_mixin.py:190} INFO - [2024-12-01T02:21:21.892+0000] {dag.py:4180} INFO - Setting next_dagrun for example_python_operator to None, run_after=None
[2024-12-01T02:21:21.908+0000] {processor.py:208} INFO - Processing /home/airflow/.local/lib/python3.12/site-packages/airflow/example_dags/example_python_operator.py took 0.221 seconds
[2024-12-01T02:21:52.549+0000] {processor.py:186} INFO - Started process (PID=51945) to work on /home/airflow/.local/lib/python3.12/site-packages/airflow/example_dags/example_python_operator.py
[2024-12-01T02:21:52.550+0000] {processor.py:914} INFO - Processing file /home/airflow/.local/lib/python3.12/site-packages/airflow/example_dags/example_python_operator.py for tasks to queue
[2024-12-01T02:21:52.552+0000] {logging_mixin.py:190} INFO - [2024-12-01T02:21:52.552+0000] {dagbag.py:588} INFO - Filling up the DagBag from /home/airflow/.local/lib/python3.12/site-packages/airflow/example_dags/example_python_operator.py
[2024-12-01T02:21:52.564+0000] {processor.py:925} INFO - DAG(s) 'example_python_operator' retrieved from /home/airflow/.local/lib/python3.12/site-packages/airflow/example_dags/example_python_operator.py
[2024-12-01T02:21:52.584+0000] {logging_mixin.py:190} INFO - [2024-12-01T02:21:52.584+0000] {dag.py:3239} INFO - Sync 1 DAGs
[2024-12-01T02:21:52.740+0000] {logging_mixin.py:190} INFO - [2024-12-01T02:21:52.740+0000] {dag.py:4180} INFO - Setting next_dagrun for example_python_operator to None, run_after=None
[2024-12-01T02:21:52.757+0000] {processor.py:208} INFO - Processing /home/airflow/.local/lib/python3.12/site-packages/airflow/example_dags/example_python_operator.py took 0.213 seconds
[2024-12-01T02:22:22.913+0000] {processor.py:186} INFO - Started process (PID=52011) to work on /home/airflow/.local/lib/python3.12/site-packages/airflow/example_dags/example_python_operator.py
[2024-12-01T02:22:22.914+0000] {processor.py:914} INFO - Processing file /home/airflow/.local/lib/python3.12/site-packages/airflow/example_dags/example_python_operator.py for tasks to queue
[2024-12-01T02:22:22.916+0000] {logging_mixin.py:190} INFO - [2024-12-01T02:22:22.916+0000] {dagbag.py:588} INFO - Filling up the DagBag from /home/airflow/.local/lib/python3.12/site-packages/airflow/example_dags/example_python_operator.py
[2024-12-01T02:22:22.928+0000] {processor.py:925} INFO - DAG(s) 'example_python_operator' retrieved from /home/airflow/.local/lib/python3.12/site-packages/airflow/example_dags/example_python_operator.py
[2024-12-01T02:22:22.949+0000] {logging_mixin.py:190} INFO - [2024-12-01T02:22:22.948+0000] {dag.py:3239} INFO - Sync 1 DAGs
[2024-12-01T02:22:22.962+0000] {logging_mixin.py:190} INFO - [2024-12-01T02:22:22.961+0000] {dag.py:4180} INFO - Setting next_dagrun for example_python_operator to None, run_after=None
[2024-12-01T02:22:23.158+0000] {processor.py:208} INFO - Processing /home/airflow/.local/lib/python3.12/site-packages/airflow/example_dags/example_python_operator.py took 0.251 seconds
[2024-12-01T02:22:53.490+0000] {processor.py:186} INFO - Started process (PID=52077) to work on /home/airflow/.local/lib/python3.12/site-packages/airflow/example_dags/example_python_operator.py
[2024-12-01T02:22:53.491+0000] {processor.py:914} INFO - Processing file /home/airflow/.local/lib/python3.12/site-packages/airflow/example_dags/example_python_operator.py for tasks to queue
[2024-12-01T02:22:53.493+0000] {logging_mixin.py:190} INFO - [2024-12-01T02:22:53.493+0000] {dagbag.py:588} INFO - Filling up the DagBag from /home/airflow/.local/lib/python3.12/site-packages/airflow/example_dags/example_python_operator.py
[2024-12-01T02:22:53.504+0000] {processor.py:925} INFO - DAG(s) 'example_python_operator' retrieved from /home/airflow/.local/lib/python3.12/site-packages/airflow/example_dags/example_python_operator.py
[2024-12-01T02:22:53.525+0000] {logging_mixin.py:190} INFO - [2024-12-01T02:22:53.525+0000] {dag.py:3239} INFO - Sync 1 DAGs
[2024-12-01T02:22:53.538+0000] {logging_mixin.py:190} INFO - [2024-12-01T02:22:53.537+0000] {dag.py:4180} INFO - Setting next_dagrun for example_python_operator to None, run_after=None
[2024-12-01T02:22:53.555+0000] {processor.py:208} INFO - Processing /home/airflow/.local/lib/python3.12/site-packages/airflow/example_dags/example_python_operator.py took 0.070 seconds
[2024-12-01T02:23:25.068+0000] {processor.py:186} INFO - Started process (PID=52143) to work on /home/airflow/.local/lib/python3.12/site-packages/airflow/example_dags/example_python_operator.py
[2024-12-01T02:23:25.069+0000] {processor.py:914} INFO - Processing file /home/airflow/.local/lib/python3.12/site-packages/airflow/example_dags/example_python_operator.py for tasks to queue
[2024-12-01T02:23:25.071+0000] {logging_mixin.py:190} INFO - [2024-12-01T02:23:25.071+0000] {dagbag.py:588} INFO - Filling up the DagBag from /home/airflow/.local/lib/python3.12/site-packages/airflow/example_dags/example_python_operator.py
[2024-12-01T02:23:25.082+0000] {processor.py:925} INFO - DAG(s) 'example_python_operator' retrieved from /home/airflow/.local/lib/python3.12/site-packages/airflow/example_dags/example_python_operator.py
[2024-12-01T02:23:25.122+0000] {logging_mixin.py:190} INFO - [2024-12-01T02:23:25.121+0000] {dag.py:3239} INFO - Sync 1 DAGs
[2024-12-01T02:23:25.140+0000] {logging_mixin.py:190} INFO - [2024-12-01T02:23:25.140+0000] {dag.py:4180} INFO - Setting next_dagrun for example_python_operator to None, run_after=None
[2024-12-01T02:23:25.161+0000] {processor.py:208} INFO - Processing /home/airflow/.local/lib/python3.12/site-packages/airflow/example_dags/example_python_operator.py took 0.098 seconds
[2024-12-01T02:23:55.505+0000] {processor.py:186} INFO - Started process (PID=52209) to work on /home/airflow/.local/lib/python3.12/site-packages/airflow/example_dags/example_python_operator.py
[2024-12-01T02:23:55.506+0000] {processor.py:914} INFO - Processing file /home/airflow/.local/lib/python3.12/site-packages/airflow/example_dags/example_python_operator.py for tasks to queue
[2024-12-01T02:23:55.508+0000] {logging_mixin.py:190} INFO - [2024-12-01T02:23:55.508+0000] {dagbag.py:588} INFO - Filling up the DagBag from /home/airflow/.local/lib/python3.12/site-packages/airflow/example_dags/example_python_operator.py
[2024-12-01T02:23:55.519+0000] {processor.py:925} INFO - DAG(s) 'example_python_operator' retrieved from /home/airflow/.local/lib/python3.12/site-packages/airflow/example_dags/example_python_operator.py
[2024-12-01T02:23:55.540+0000] {logging_mixin.py:190} INFO - [2024-12-01T02:23:55.540+0000] {dag.py:3239} INFO - Sync 1 DAGs
[2024-12-01T02:23:55.554+0000] {logging_mixin.py:190} INFO - [2024-12-01T02:23:55.554+0000] {dag.py:4180} INFO - Setting next_dagrun for example_python_operator to None, run_after=None
[2024-12-01T02:23:55.571+0000] {processor.py:208} INFO - Processing /home/airflow/.local/lib/python3.12/site-packages/airflow/example_dags/example_python_operator.py took 0.071 seconds
[2024-12-01T02:24:26.908+0000] {processor.py:186} INFO - Started process (PID=52275) to work on /home/airflow/.local/lib/python3.12/site-packages/airflow/example_dags/example_python_operator.py
[2024-12-01T02:24:26.909+0000] {processor.py:914} INFO - Processing file /home/airflow/.local/lib/python3.12/site-packages/airflow/example_dags/example_python_operator.py for tasks to queue
[2024-12-01T02:24:26.911+0000] {logging_mixin.py:190} INFO - [2024-12-01T02:24:26.911+0000] {dagbag.py:588} INFO - Filling up the DagBag from /home/airflow/.local/lib/python3.12/site-packages/airflow/example_dags/example_python_operator.py
[2024-12-01T02:24:26.922+0000] {processor.py:925} INFO - DAG(s) 'example_python_operator' retrieved from /home/airflow/.local/lib/python3.12/site-packages/airflow/example_dags/example_python_operator.py
[2024-12-01T02:24:26.942+0000] {logging_mixin.py:190} INFO - [2024-12-01T02:24:26.942+0000] {dag.py:3239} INFO - Sync 1 DAGs
[2024-12-01T02:24:26.955+0000] {logging_mixin.py:190} INFO - [2024-12-01T02:24:26.955+0000] {dag.py:4180} INFO - Setting next_dagrun for example_python_operator to None, run_after=None
[2024-12-01T02:24:26.972+0000] {processor.py:208} INFO - Processing /home/airflow/.local/lib/python3.12/site-packages/airflow/example_dags/example_python_operator.py took 0.070 seconds
[2024-12-01T02:24:58.401+0000] {processor.py:186} INFO - Started process (PID=52341) to work on /home/airflow/.local/lib/python3.12/site-packages/airflow/example_dags/example_python_operator.py
[2024-12-01T02:24:58.402+0000] {processor.py:914} INFO - Processing file /home/airflow/.local/lib/python3.12/site-packages/airflow/example_dags/example_python_operator.py for tasks to queue
[2024-12-01T02:24:58.404+0000] {logging_mixin.py:190} INFO - [2024-12-01T02:24:58.404+0000] {dagbag.py:588} INFO - Filling up the DagBag from /home/airflow/.local/lib/python3.12/site-packages/airflow/example_dags/example_python_operator.py
[2024-12-01T02:24:58.415+0000] {processor.py:925} INFO - DAG(s) 'example_python_operator' retrieved from /home/airflow/.local/lib/python3.12/site-packages/airflow/example_dags/example_python_operator.py
[2024-12-01T02:24:58.434+0000] {logging_mixin.py:190} INFO - [2024-12-01T02:24:58.434+0000] {dag.py:3239} INFO - Sync 1 DAGs
[2024-12-01T02:24:58.447+0000] {logging_mixin.py:190} INFO - [2024-12-01T02:24:58.447+0000] {dag.py:4180} INFO - Setting next_dagrun for example_python_operator to None, run_after=None
[2024-12-01T02:24:58.463+0000] {processor.py:208} INFO - Processing /home/airflow/.local/lib/python3.12/site-packages/airflow/example_dags/example_python_operator.py took 0.067 seconds
[2024-12-01T02:25:28.885+0000] {processor.py:186} INFO - Started process (PID=52407) to work on /home/airflow/.local/lib/python3.12/site-packages/airflow/example_dags/example_python_operator.py
[2024-12-01T02:25:28.886+0000] {processor.py:914} INFO - Processing file /home/airflow/.local/lib/python3.12/site-packages/airflow/example_dags/example_python_operator.py for tasks to queue
[2024-12-01T02:25:28.888+0000] {logging_mixin.py:190} INFO - [2024-12-01T02:25:28.888+0000] {dagbag.py:588} INFO - Filling up the DagBag from /home/airflow/.local/lib/python3.12/site-packages/airflow/example_dags/example_python_operator.py
[2024-12-01T02:25:28.899+0000] {processor.py:925} INFO - DAG(s) 'example_python_operator' retrieved from /home/airflow/.local/lib/python3.12/site-packages/airflow/example_dags/example_python_operator.py
[2024-12-01T02:25:28.921+0000] {logging_mixin.py:190} INFO - [2024-12-01T02:25:28.920+0000] {dag.py:3239} INFO - Sync 1 DAGs
[2024-12-01T02:25:28.935+0000] {logging_mixin.py:190} INFO - [2024-12-01T02:25:28.934+0000] {dag.py:4180} INFO - Setting next_dagrun for example_python_operator to None, run_after=None
[2024-12-01T02:25:28.952+0000] {processor.py:208} INFO - Processing /home/airflow/.local/lib/python3.12/site-packages/airflow/example_dags/example_python_operator.py took 0.072 seconds
[2024-12-01T02:25:59.600+0000] {processor.py:186} INFO - Started process (PID=52473) to work on /home/airflow/.local/lib/python3.12/site-packages/airflow/example_dags/example_python_operator.py
[2024-12-01T02:25:59.601+0000] {processor.py:914} INFO - Processing file /home/airflow/.local/lib/python3.12/site-packages/airflow/example_dags/example_python_operator.py for tasks to queue
[2024-12-01T02:25:59.603+0000] {logging_mixin.py:190} INFO - [2024-12-01T02:25:59.603+0000] {dagbag.py:588} INFO - Filling up the DagBag from /home/airflow/.local/lib/python3.12/site-packages/airflow/example_dags/example_python_operator.py
[2024-12-01T02:25:59.615+0000] {processor.py:925} INFO - DAG(s) 'example_python_operator' retrieved from /home/airflow/.local/lib/python3.12/site-packages/airflow/example_dags/example_python_operator.py
[2024-12-01T02:25:59.635+0000] {logging_mixin.py:190} INFO - [2024-12-01T02:25:59.635+0000] {dag.py:3239} INFO - Sync 1 DAGs
[2024-12-01T02:25:59.650+0000] {logging_mixin.py:190} INFO - [2024-12-01T02:25:59.650+0000] {dag.py:4180} INFO - Setting next_dagrun for example_python_operator to None, run_after=None
[2024-12-01T02:25:59.664+0000] {processor.py:208} INFO - Processing /home/airflow/.local/lib/python3.12/site-packages/airflow/example_dags/example_python_operator.py took 0.070 seconds
[2024-12-01T02:26:30.134+0000] {processor.py:186} INFO - Started process (PID=52545) to work on /home/airflow/.local/lib/python3.12/site-packages/airflow/example_dags/example_python_operator.py
[2024-12-01T02:26:30.135+0000] {processor.py:914} INFO - Processing file /home/airflow/.local/lib/python3.12/site-packages/airflow/example_dags/example_python_operator.py for tasks to queue
[2024-12-01T02:26:30.138+0000] {logging_mixin.py:190} INFO - [2024-12-01T02:26:30.137+0000] {dagbag.py:588} INFO - Filling up the DagBag from /home/airflow/.local/lib/python3.12/site-packages/airflow/example_dags/example_python_operator.py
[2024-12-01T02:26:30.149+0000] {processor.py:925} INFO - DAG(s) 'example_python_operator' retrieved from /home/airflow/.local/lib/python3.12/site-packages/airflow/example_dags/example_python_operator.py
[2024-12-01T02:26:30.169+0000] {logging_mixin.py:190} INFO - [2024-12-01T02:26:30.169+0000] {dag.py:3239} INFO - Sync 1 DAGs
[2024-12-01T02:26:30.185+0000] {logging_mixin.py:190} INFO - [2024-12-01T02:26:30.184+0000] {dag.py:4180} INFO - Setting next_dagrun for example_python_operator to None, run_after=None
[2024-12-01T02:26:30.202+0000] {processor.py:208} INFO - Processing /home/airflow/.local/lib/python3.12/site-packages/airflow/example_dags/example_python_operator.py took 0.073 seconds
[2024-12-01T02:27:00.784+0000] {processor.py:186} INFO - Started process (PID=52611) to work on /home/airflow/.local/lib/python3.12/site-packages/airflow/example_dags/example_python_operator.py
[2024-12-01T02:27:00.785+0000] {processor.py:914} INFO - Processing file /home/airflow/.local/lib/python3.12/site-packages/airflow/example_dags/example_python_operator.py for tasks to queue
[2024-12-01T02:27:00.789+0000] {logging_mixin.py:190} INFO - [2024-12-01T02:27:00.788+0000] {dagbag.py:588} INFO - Filling up the DagBag from /home/airflow/.local/lib/python3.12/site-packages/airflow/example_dags/example_python_operator.py
[2024-12-01T02:27:00.809+0000] {processor.py:925} INFO - DAG(s) 'example_python_operator' retrieved from /home/airflow/.local/lib/python3.12/site-packages/airflow/example_dags/example_python_operator.py
[2024-12-01T02:27:00.836+0000] {logging_mixin.py:190} INFO - [2024-12-01T02:27:00.835+0000] {dag.py:3239} INFO - Sync 1 DAGs
[2024-12-01T02:27:00.854+0000] {logging_mixin.py:190} INFO - [2024-12-01T02:27:00.854+0000] {dag.py:4180} INFO - Setting next_dagrun for example_python_operator to None, run_after=None
[2024-12-01T02:27:00.879+0000] {processor.py:208} INFO - Processing /home/airflow/.local/lib/python3.12/site-packages/airflow/example_dags/example_python_operator.py took 0.103 seconds
[2024-12-01T02:27:31.288+0000] {processor.py:186} INFO - Started process (PID=52677) to work on /home/airflow/.local/lib/python3.12/site-packages/airflow/example_dags/example_python_operator.py
[2024-12-01T02:27:31.289+0000] {processor.py:914} INFO - Processing file /home/airflow/.local/lib/python3.12/site-packages/airflow/example_dags/example_python_operator.py for tasks to queue
[2024-12-01T02:27:31.291+0000] {logging_mixin.py:190} INFO - [2024-12-01T02:27:31.291+0000] {dagbag.py:588} INFO - Filling up the DagBag from /home/airflow/.local/lib/python3.12/site-packages/airflow/example_dags/example_python_operator.py
[2024-12-01T02:27:31.302+0000] {processor.py:925} INFO - DAG(s) 'example_python_operator' retrieved from /home/airflow/.local/lib/python3.12/site-packages/airflow/example_dags/example_python_operator.py
[2024-12-01T02:27:31.322+0000] {logging_mixin.py:190} INFO - [2024-12-01T02:27:31.322+0000] {dag.py:3239} INFO - Sync 1 DAGs
[2024-12-01T02:27:31.335+0000] {logging_mixin.py:190} INFO - [2024-12-01T02:27:31.335+0000] {dag.py:4180} INFO - Setting next_dagrun for example_python_operator to None, run_after=None
[2024-12-01T02:27:31.353+0000] {processor.py:208} INFO - Processing /home/airflow/.local/lib/python3.12/site-packages/airflow/example_dags/example_python_operator.py took 0.071 seconds
[2024-12-01T02:28:02.727+0000] {processor.py:186} INFO - Started process (PID=52743) to work on /home/airflow/.local/lib/python3.12/site-packages/airflow/example_dags/example_python_operator.py
[2024-12-01T02:28:02.728+0000] {processor.py:914} INFO - Processing file /home/airflow/.local/lib/python3.12/site-packages/airflow/example_dags/example_python_operator.py for tasks to queue
[2024-12-01T02:28:02.730+0000] {logging_mixin.py:190} INFO - [2024-12-01T02:28:02.730+0000] {dagbag.py:588} INFO - Filling up the DagBag from /home/airflow/.local/lib/python3.12/site-packages/airflow/example_dags/example_python_operator.py
[2024-12-01T02:28:02.741+0000] {processor.py:925} INFO - DAG(s) 'example_python_operator' retrieved from /home/airflow/.local/lib/python3.12/site-packages/airflow/example_dags/example_python_operator.py
[2024-12-01T02:28:02.761+0000] {logging_mixin.py:190} INFO - [2024-12-01T02:28:02.761+0000] {dag.py:3239} INFO - Sync 1 DAGs
[2024-12-01T02:28:02.774+0000] {logging_mixin.py:190} INFO - [2024-12-01T02:28:02.774+0000] {dag.py:4180} INFO - Setting next_dagrun for example_python_operator to None, run_after=None
[2024-12-01T02:28:02.792+0000] {processor.py:208} INFO - Processing /home/airflow/.local/lib/python3.12/site-packages/airflow/example_dags/example_python_operator.py took 0.071 seconds
[2024-12-01T02:28:33.227+0000] {processor.py:186} INFO - Started process (PID=52809) to work on /home/airflow/.local/lib/python3.12/site-packages/airflow/example_dags/example_python_operator.py
[2024-12-01T02:28:33.228+0000] {processor.py:914} INFO - Processing file /home/airflow/.local/lib/python3.12/site-packages/airflow/example_dags/example_python_operator.py for tasks to queue
[2024-12-01T02:28:33.231+0000] {logging_mixin.py:190} INFO - [2024-12-01T02:28:33.231+0000] {dagbag.py:588} INFO - Filling up the DagBag from /home/airflow/.local/lib/python3.12/site-packages/airflow/example_dags/example_python_operator.py
[2024-12-01T02:28:33.243+0000] {processor.py:925} INFO - DAG(s) 'example_python_operator' retrieved from /home/airflow/.local/lib/python3.12/site-packages/airflow/example_dags/example_python_operator.py
[2024-12-01T02:28:33.265+0000] {logging_mixin.py:190} INFO - [2024-12-01T02:28:33.265+0000] {dag.py:3239} INFO - Sync 1 DAGs
[2024-12-01T02:28:33.279+0000] {logging_mixin.py:190} INFO - [2024-12-01T02:28:33.279+0000] {dag.py:4180} INFO - Setting next_dagrun for example_python_operator to None, run_after=None
[2024-12-01T02:28:33.298+0000] {processor.py:208} INFO - Processing /home/airflow/.local/lib/python3.12/site-packages/airflow/example_dags/example_python_operator.py took 0.078 seconds
[2024-12-01T02:29:03.801+0000] {processor.py:186} INFO - Started process (PID=52875) to work on /home/airflow/.local/lib/python3.12/site-packages/airflow/example_dags/example_python_operator.py
[2024-12-01T02:29:03.802+0000] {processor.py:914} INFO - Processing file /home/airflow/.local/lib/python3.12/site-packages/airflow/example_dags/example_python_operator.py for tasks to queue
[2024-12-01T02:29:03.804+0000] {logging_mixin.py:190} INFO - [2024-12-01T02:29:03.803+0000] {dagbag.py:588} INFO - Filling up the DagBag from /home/airflow/.local/lib/python3.12/site-packages/airflow/example_dags/example_python_operator.py
[2024-12-01T02:29:03.814+0000] {processor.py:925} INFO - DAG(s) 'example_python_operator' retrieved from /home/airflow/.local/lib/python3.12/site-packages/airflow/example_dags/example_python_operator.py
[2024-12-01T02:29:03.833+0000] {logging_mixin.py:190} INFO - [2024-12-01T02:29:03.833+0000] {dag.py:3239} INFO - Sync 1 DAGs
[2024-12-01T02:29:03.845+0000] {logging_mixin.py:190} INFO - [2024-12-01T02:29:03.845+0000] {dag.py:4180} INFO - Setting next_dagrun for example_python_operator to None, run_after=None
[2024-12-01T02:29:03.861+0000] {processor.py:208} INFO - Processing /home/airflow/.local/lib/python3.12/site-packages/airflow/example_dags/example_python_operator.py took 0.066 seconds
[2024-12-01T02:29:34.368+0000] {processor.py:186} INFO - Started process (PID=52941) to work on /home/airflow/.local/lib/python3.12/site-packages/airflow/example_dags/example_python_operator.py
[2024-12-01T02:29:34.369+0000] {processor.py:914} INFO - Processing file /home/airflow/.local/lib/python3.12/site-packages/airflow/example_dags/example_python_operator.py for tasks to queue
[2024-12-01T02:29:34.371+0000] {logging_mixin.py:190} INFO - [2024-12-01T02:29:34.371+0000] {dagbag.py:588} INFO - Filling up the DagBag from /home/airflow/.local/lib/python3.12/site-packages/airflow/example_dags/example_python_operator.py
[2024-12-01T02:29:34.382+0000] {processor.py:925} INFO - DAG(s) 'example_python_operator' retrieved from /home/airflow/.local/lib/python3.12/site-packages/airflow/example_dags/example_python_operator.py
[2024-12-01T02:29:34.403+0000] {logging_mixin.py:190} INFO - [2024-12-01T02:29:34.403+0000] {dag.py:3239} INFO - Sync 1 DAGs
[2024-12-01T02:29:34.416+0000] {logging_mixin.py:190} INFO - [2024-12-01T02:29:34.416+0000] {dag.py:4180} INFO - Setting next_dagrun for example_python_operator to None, run_after=None
[2024-12-01T02:29:34.434+0000] {processor.py:208} INFO - Processing /home/airflow/.local/lib/python3.12/site-packages/airflow/example_dags/example_python_operator.py took 0.072 seconds
[2024-12-01T02:30:05.733+0000] {processor.py:186} INFO - Started process (PID=53007) to work on /home/airflow/.local/lib/python3.12/site-packages/airflow/example_dags/example_python_operator.py
[2024-12-01T02:30:05.734+0000] {processor.py:914} INFO - Processing file /home/airflow/.local/lib/python3.12/site-packages/airflow/example_dags/example_python_operator.py for tasks to queue
[2024-12-01T02:30:05.736+0000] {logging_mixin.py:190} INFO - [2024-12-01T02:30:05.736+0000] {dagbag.py:588} INFO - Filling up the DagBag from /home/airflow/.local/lib/python3.12/site-packages/airflow/example_dags/example_python_operator.py
[2024-12-01T02:30:05.747+0000] {processor.py:925} INFO - DAG(s) 'example_python_operator' retrieved from /home/airflow/.local/lib/python3.12/site-packages/airflow/example_dags/example_python_operator.py
[2024-12-01T02:30:05.768+0000] {logging_mixin.py:190} INFO - [2024-12-01T02:30:05.767+0000] {dag.py:3239} INFO - Sync 1 DAGs
[2024-12-01T02:30:05.781+0000] {logging_mixin.py:190} INFO - [2024-12-01T02:30:05.780+0000] {dag.py:4180} INFO - Setting next_dagrun for example_python_operator to None, run_after=None
[2024-12-01T02:30:05.797+0000] {processor.py:208} INFO - Processing /home/airflow/.local/lib/python3.12/site-packages/airflow/example_dags/example_python_operator.py took 0.069 seconds
[2024-12-01T02:30:36.310+0000] {processor.py:186} INFO - Started process (PID=53073) to work on /home/airflow/.local/lib/python3.12/site-packages/airflow/example_dags/example_python_operator.py
[2024-12-01T02:30:36.311+0000] {processor.py:914} INFO - Processing file /home/airflow/.local/lib/python3.12/site-packages/airflow/example_dags/example_python_operator.py for tasks to queue
[2024-12-01T02:30:36.313+0000] {logging_mixin.py:190} INFO - [2024-12-01T02:30:36.312+0000] {dagbag.py:588} INFO - Filling up the DagBag from /home/airflow/.local/lib/python3.12/site-packages/airflow/example_dags/example_python_operator.py
[2024-12-01T02:30:36.324+0000] {processor.py:925} INFO - DAG(s) 'example_python_operator' retrieved from /home/airflow/.local/lib/python3.12/site-packages/airflow/example_dags/example_python_operator.py
[2024-12-01T02:30:36.344+0000] {logging_mixin.py:190} INFO - [2024-12-01T02:30:36.344+0000] {dag.py:3239} INFO - Sync 1 DAGs
[2024-12-01T02:30:36.358+0000] {logging_mixin.py:190} INFO - [2024-12-01T02:30:36.357+0000] {dag.py:4180} INFO - Setting next_dagrun for example_python_operator to None, run_after=None
[2024-12-01T02:30:36.377+0000] {processor.py:208} INFO - Processing /home/airflow/.local/lib/python3.12/site-packages/airflow/example_dags/example_python_operator.py took 0.073 seconds
[2024-12-01T02:31:06.961+0000] {processor.py:186} INFO - Started process (PID=53139) to work on /home/airflow/.local/lib/python3.12/site-packages/airflow/example_dags/example_python_operator.py
[2024-12-01T02:31:06.964+0000] {processor.py:914} INFO - Processing file /home/airflow/.local/lib/python3.12/site-packages/airflow/example_dags/example_python_operator.py for tasks to queue
[2024-12-01T02:31:06.967+0000] {logging_mixin.py:190} INFO - [2024-12-01T02:31:06.967+0000] {dagbag.py:588} INFO - Filling up the DagBag from /home/airflow/.local/lib/python3.12/site-packages/airflow/example_dags/example_python_operator.py
[2024-12-01T02:31:06.987+0000] {processor.py:925} INFO - DAG(s) 'example_python_operator' retrieved from /home/airflow/.local/lib/python3.12/site-packages/airflow/example_dags/example_python_operator.py
[2024-12-01T02:31:07.030+0000] {logging_mixin.py:190} INFO - [2024-12-01T02:31:07.029+0000] {dag.py:3239} INFO - Sync 1 DAGs
[2024-12-01T02:31:07.044+0000] {logging_mixin.py:190} INFO - [2024-12-01T02:31:07.044+0000] {dag.py:4180} INFO - Setting next_dagrun for example_python_operator to None, run_after=None
[2024-12-01T02:31:07.060+0000] {processor.py:208} INFO - Processing /home/airflow/.local/lib/python3.12/site-packages/airflow/example_dags/example_python_operator.py took 0.110 seconds
[2024-12-01T02:31:38.248+0000] {processor.py:186} INFO - Started process (PID=53205) to work on /home/airflow/.local/lib/python3.12/site-packages/airflow/example_dags/example_python_operator.py
[2024-12-01T02:31:38.248+0000] {processor.py:914} INFO - Processing file /home/airflow/.local/lib/python3.12/site-packages/airflow/example_dags/example_python_operator.py for tasks to queue
[2024-12-01T02:31:38.251+0000] {logging_mixin.py:190} INFO - [2024-12-01T02:31:38.250+0000] {dagbag.py:588} INFO - Filling up the DagBag from /home/airflow/.local/lib/python3.12/site-packages/airflow/example_dags/example_python_operator.py
[2024-12-01T02:31:38.266+0000] {processor.py:925} INFO - DAG(s) 'example_python_operator' retrieved from /home/airflow/.local/lib/python3.12/site-packages/airflow/example_dags/example_python_operator.py
[2024-12-01T02:31:38.286+0000] {logging_mixin.py:190} INFO - [2024-12-01T02:31:38.286+0000] {dag.py:3239} INFO - Sync 1 DAGs
[2024-12-01T02:31:38.301+0000] {logging_mixin.py:190} INFO - [2024-12-01T02:31:38.300+0000] {dag.py:4180} INFO - Setting next_dagrun for example_python_operator to None, run_after=None
[2024-12-01T02:31:38.331+0000] {processor.py:208} INFO - Processing /home/airflow/.local/lib/python3.12/site-packages/airflow/example_dags/example_python_operator.py took 0.089 seconds
[2024-12-01T02:32:08.788+0000] {processor.py:186} INFO - Started process (PID=53271) to work on /home/airflow/.local/lib/python3.12/site-packages/airflow/example_dags/example_python_operator.py
[2024-12-01T02:32:08.789+0000] {processor.py:914} INFO - Processing file /home/airflow/.local/lib/python3.12/site-packages/airflow/example_dags/example_python_operator.py for tasks to queue
[2024-12-01T02:32:08.791+0000] {logging_mixin.py:190} INFO - [2024-12-01T02:32:08.791+0000] {dagbag.py:588} INFO - Filling up the DagBag from /home/airflow/.local/lib/python3.12/site-packages/airflow/example_dags/example_python_operator.py
[2024-12-01T02:32:08.802+0000] {processor.py:925} INFO - DAG(s) 'example_python_operator' retrieved from /home/airflow/.local/lib/python3.12/site-packages/airflow/example_dags/example_python_operator.py
[2024-12-01T02:32:08.821+0000] {logging_mixin.py:190} INFO - [2024-12-01T02:32:08.821+0000] {dag.py:3239} INFO - Sync 1 DAGs
[2024-12-01T02:32:08.835+0000] {logging_mixin.py:190} INFO - [2024-12-01T02:32:08.835+0000] {dag.py:4180} INFO - Setting next_dagrun for example_python_operator to None, run_after=None
[2024-12-01T02:32:08.850+0000] {processor.py:208} INFO - Processing /home/airflow/.local/lib/python3.12/site-packages/airflow/example_dags/example_python_operator.py took 0.067 seconds
[2024-12-01T02:32:40.385+0000] {processor.py:186} INFO - Started process (PID=53338) to work on /home/airflow/.local/lib/python3.12/site-packages/airflow/example_dags/example_python_operator.py
[2024-12-01T02:32:40.386+0000] {processor.py:914} INFO - Processing file /home/airflow/.local/lib/python3.12/site-packages/airflow/example_dags/example_python_operator.py for tasks to queue
[2024-12-01T02:32:40.388+0000] {logging_mixin.py:190} INFO - [2024-12-01T02:32:40.388+0000] {dagbag.py:588} INFO - Filling up the DagBag from /home/airflow/.local/lib/python3.12/site-packages/airflow/example_dags/example_python_operator.py
[2024-12-01T02:32:40.399+0000] {processor.py:925} INFO - DAG(s) 'example_python_operator' retrieved from /home/airflow/.local/lib/python3.12/site-packages/airflow/example_dags/example_python_operator.py
[2024-12-01T02:32:40.420+0000] {logging_mixin.py:190} INFO - [2024-12-01T02:32:40.420+0000] {dag.py:3239} INFO - Sync 1 DAGs
[2024-12-01T02:32:40.434+0000] {logging_mixin.py:190} INFO - [2024-12-01T02:32:40.434+0000] {dag.py:4180} INFO - Setting next_dagrun for example_python_operator to None, run_after=None
[2024-12-01T02:32:40.462+0000] {processor.py:208} INFO - Processing /home/airflow/.local/lib/python3.12/site-packages/airflow/example_dags/example_python_operator.py took 0.082 seconds
[2024-12-01T02:33:10.953+0000] {processor.py:186} INFO - Started process (PID=53404) to work on /home/airflow/.local/lib/python3.12/site-packages/airflow/example_dags/example_python_operator.py
[2024-12-01T02:33:10.954+0000] {processor.py:914} INFO - Processing file /home/airflow/.local/lib/python3.12/site-packages/airflow/example_dags/example_python_operator.py for tasks to queue
[2024-12-01T02:33:10.956+0000] {logging_mixin.py:190} INFO - [2024-12-01T02:33:10.956+0000] {dagbag.py:588} INFO - Filling up the DagBag from /home/airflow/.local/lib/python3.12/site-packages/airflow/example_dags/example_python_operator.py
[2024-12-01T02:33:10.967+0000] {processor.py:925} INFO - DAG(s) 'example_python_operator' retrieved from /home/airflow/.local/lib/python3.12/site-packages/airflow/example_dags/example_python_operator.py
[2024-12-01T02:33:10.987+0000] {logging_mixin.py:190} INFO - [2024-12-01T02:33:10.987+0000] {dag.py:3239} INFO - Sync 1 DAGs
[2024-12-01T02:33:11.000+0000] {logging_mixin.py:190} INFO - [2024-12-01T02:33:11.000+0000] {dag.py:4180} INFO - Setting next_dagrun for example_python_operator to None, run_after=None
[2024-12-01T02:33:11.022+0000] {processor.py:208} INFO - Processing /home/airflow/.local/lib/python3.12/site-packages/airflow/example_dags/example_python_operator.py took 0.074 seconds
[2024-12-01T02:33:41.713+0000] {processor.py:186} INFO - Started process (PID=53470) to work on /home/airflow/.local/lib/python3.12/site-packages/airflow/example_dags/example_python_operator.py
[2024-12-01T02:33:41.714+0000] {processor.py:914} INFO - Processing file /home/airflow/.local/lib/python3.12/site-packages/airflow/example_dags/example_python_operator.py for tasks to queue
[2024-12-01T02:33:41.716+0000] {logging_mixin.py:190} INFO - [2024-12-01T02:33:41.716+0000] {dagbag.py:588} INFO - Filling up the DagBag from /home/airflow/.local/lib/python3.12/site-packages/airflow/example_dags/example_python_operator.py
[2024-12-01T02:33:41.735+0000] {processor.py:925} INFO - DAG(s) 'example_python_operator' retrieved from /home/airflow/.local/lib/python3.12/site-packages/airflow/example_dags/example_python_operator.py
[2024-12-01T02:33:41.763+0000] {logging_mixin.py:190} INFO - [2024-12-01T02:33:41.763+0000] {dag.py:3239} INFO - Sync 1 DAGs
[2024-12-01T02:33:41.786+0000] {logging_mixin.py:190} INFO - [2024-12-01T02:33:41.786+0000] {dag.py:4180} INFO - Setting next_dagrun for example_python_operator to None, run_after=None
[2024-12-01T02:33:41.810+0000] {processor.py:208} INFO - Processing /home/airflow/.local/lib/python3.12/site-packages/airflow/example_dags/example_python_operator.py took 0.103 seconds
[2024-12-01T02:34:12.452+0000] {processor.py:186} INFO - Started process (PID=53536) to work on /home/airflow/.local/lib/python3.12/site-packages/airflow/example_dags/example_python_operator.py
[2024-12-01T02:34:12.452+0000] {processor.py:914} INFO - Processing file /home/airflow/.local/lib/python3.12/site-packages/airflow/example_dags/example_python_operator.py for tasks to queue
[2024-12-01T02:34:12.454+0000] {logging_mixin.py:190} INFO - [2024-12-01T02:34:12.454+0000] {dagbag.py:588} INFO - Filling up the DagBag from /home/airflow/.local/lib/python3.12/site-packages/airflow/example_dags/example_python_operator.py
[2024-12-01T02:34:12.468+0000] {processor.py:925} INFO - DAG(s) 'example_python_operator' retrieved from /home/airflow/.local/lib/python3.12/site-packages/airflow/example_dags/example_python_operator.py
[2024-12-01T02:34:12.488+0000] {logging_mixin.py:190} INFO - [2024-12-01T02:34:12.487+0000] {dag.py:3239} INFO - Sync 1 DAGs
[2024-12-01T02:34:12.500+0000] {logging_mixin.py:190} INFO - [2024-12-01T02:34:12.500+0000] {dag.py:4180} INFO - Setting next_dagrun for example_python_operator to None, run_after=None
[2024-12-01T02:34:12.516+0000] {processor.py:208} INFO - Processing /home/airflow/.local/lib/python3.12/site-packages/airflow/example_dags/example_python_operator.py took 0.069 seconds
