[2024-12-01T02:11:02.081+0000] {processor.py:186} INFO - Started process (PID=50561) to work on /home/airflow/.local/lib/python3.12/site-packages/airflow/example_dags/example_nested_branch_dag.py
[2024-12-01T02:11:02.082+0000] {processor.py:914} INFO - Processing file /home/airflow/.local/lib/python3.12/site-packages/airflow/example_dags/example_nested_branch_dag.py for tasks to queue
[2024-12-01T02:11:02.085+0000] {logging_mixin.py:190} INFO - [2024-12-01T02:11:02.084+0000] {dagbag.py:588} INFO - Filling up the DagBag from /home/airflow/.local/lib/python3.12/site-packages/airflow/example_dags/example_nested_branch_dag.py
[2024-12-01T02:11:02.097+0000] {processor.py:925} INFO - DAG(s) 'example_nested_branch_dag' retrieved from /home/airflow/.local/lib/python3.12/site-packages/airflow/example_dags/example_nested_branch_dag.py
[2024-12-01T02:11:02.121+0000] {logging_mixin.py:190} INFO - [2024-12-01T02:11:02.121+0000] {dag.py:3239} INFO - Sync 1 DAGs
[2024-12-01T02:11:02.160+0000] {logging_mixin.py:190} INFO - [2024-12-01T02:11:02.160+0000] {dag.py:4180} INFO - Setting next_dagrun for example_nested_branch_dag to 2024-11-30 00:00:00+00:00, run_after=2024-12-01 00:00:00+00:00
[2024-12-01T02:11:02.198+0000] {processor.py:208} INFO - Processing /home/airflow/.local/lib/python3.12/site-packages/airflow/example_dags/example_nested_branch_dag.py took 0.124 seconds
[2024-12-01T02:11:32.973+0000] {processor.py:186} INFO - Started process (PID=50628) to work on /home/airflow/.local/lib/python3.12/site-packages/airflow/example_dags/example_nested_branch_dag.py
[2024-12-01T02:11:32.974+0000] {processor.py:914} INFO - Processing file /home/airflow/.local/lib/python3.12/site-packages/airflow/example_dags/example_nested_branch_dag.py for tasks to queue
[2024-12-01T02:11:32.977+0000] {logging_mixin.py:190} INFO - [2024-12-01T02:11:32.977+0000] {dagbag.py:588} INFO - Filling up the DagBag from /home/airflow/.local/lib/python3.12/site-packages/airflow/example_dags/example_nested_branch_dag.py
[2024-12-01T02:11:32.988+0000] {processor.py:925} INFO - DAG(s) 'example_nested_branch_dag' retrieved from /home/airflow/.local/lib/python3.12/site-packages/airflow/example_dags/example_nested_branch_dag.py
[2024-12-01T02:11:33.007+0000] {logging_mixin.py:190} INFO - [2024-12-01T02:11:33.007+0000] {dag.py:3239} INFO - Sync 1 DAGs
[2024-12-01T02:11:33.036+0000] {logging_mixin.py:190} INFO - [2024-12-01T02:11:33.036+0000] {dag.py:4180} INFO - Setting next_dagrun for example_nested_branch_dag to 2024-11-30 00:00:00+00:00, run_after=2024-12-01 00:00:00+00:00
[2024-12-01T02:11:33.057+0000] {processor.py:208} INFO - Processing /home/airflow/.local/lib/python3.12/site-packages/airflow/example_dags/example_nested_branch_dag.py took 0.090 seconds
[2024-12-01T02:12:03.448+0000] {processor.py:186} INFO - Started process (PID=50694) to work on /home/airflow/.local/lib/python3.12/site-packages/airflow/example_dags/example_nested_branch_dag.py
[2024-12-01T02:12:03.448+0000] {processor.py:914} INFO - Processing file /home/airflow/.local/lib/python3.12/site-packages/airflow/example_dags/example_nested_branch_dag.py for tasks to queue
[2024-12-01T02:12:03.451+0000] {logging_mixin.py:190} INFO - [2024-12-01T02:12:03.451+0000] {dagbag.py:588} INFO - Filling up the DagBag from /home/airflow/.local/lib/python3.12/site-packages/airflow/example_dags/example_nested_branch_dag.py
[2024-12-01T02:12:03.463+0000] {processor.py:925} INFO - DAG(s) 'example_nested_branch_dag' retrieved from /home/airflow/.local/lib/python3.12/site-packages/airflow/example_dags/example_nested_branch_dag.py
[2024-12-01T02:12:03.484+0000] {logging_mixin.py:190} INFO - [2024-12-01T02:12:03.484+0000] {dag.py:3239} INFO - Sync 1 DAGs
[2024-12-01T02:12:03.508+0000] {logging_mixin.py:190} INFO - [2024-12-01T02:12:03.508+0000] {dag.py:4180} INFO - Setting next_dagrun for example_nested_branch_dag to 2024-11-30 00:00:00+00:00, run_after=2024-12-01 00:00:00+00:00
[2024-12-01T02:12:03.526+0000] {processor.py:208} INFO - Processing /home/airflow/.local/lib/python3.12/site-packages/airflow/example_dags/example_nested_branch_dag.py took 0.084 seconds
[2024-12-01T02:12:34.169+0000] {processor.py:186} INFO - Started process (PID=50760) to work on /home/airflow/.local/lib/python3.12/site-packages/airflow/example_dags/example_nested_branch_dag.py
[2024-12-01T02:12:34.169+0000] {processor.py:914} INFO - Processing file /home/airflow/.local/lib/python3.12/site-packages/airflow/example_dags/example_nested_branch_dag.py for tasks to queue
[2024-12-01T02:12:34.172+0000] {logging_mixin.py:190} INFO - [2024-12-01T02:12:34.171+0000] {dagbag.py:588} INFO - Filling up the DagBag from /home/airflow/.local/lib/python3.12/site-packages/airflow/example_dags/example_nested_branch_dag.py
[2024-12-01T02:12:34.182+0000] {processor.py:925} INFO - DAG(s) 'example_nested_branch_dag' retrieved from /home/airflow/.local/lib/python3.12/site-packages/airflow/example_dags/example_nested_branch_dag.py
[2024-12-01T02:12:34.202+0000] {logging_mixin.py:190} INFO - [2024-12-01T02:12:34.201+0000] {dag.py:3239} INFO - Sync 1 DAGs
[2024-12-01T02:12:34.225+0000] {logging_mixin.py:190} INFO - [2024-12-01T02:12:34.225+0000] {dag.py:4180} INFO - Setting next_dagrun for example_nested_branch_dag to 2024-11-30 00:00:00+00:00, run_after=2024-12-01 00:00:00+00:00
[2024-12-01T02:12:34.245+0000] {processor.py:208} INFO - Processing /home/airflow/.local/lib/python3.12/site-packages/airflow/example_dags/example_nested_branch_dag.py took 0.082 seconds
[2024-12-01T02:13:05.103+0000] {processor.py:186} INFO - Started process (PID=50826) to work on /home/airflow/.local/lib/python3.12/site-packages/airflow/example_dags/example_nested_branch_dag.py
[2024-12-01T02:13:05.104+0000] {processor.py:914} INFO - Processing file /home/airflow/.local/lib/python3.12/site-packages/airflow/example_dags/example_nested_branch_dag.py for tasks to queue
[2024-12-01T02:13:05.106+0000] {logging_mixin.py:190} INFO - [2024-12-01T02:13:05.106+0000] {dagbag.py:588} INFO - Filling up the DagBag from /home/airflow/.local/lib/python3.12/site-packages/airflow/example_dags/example_nested_branch_dag.py
[2024-12-01T02:13:05.117+0000] {processor.py:925} INFO - DAG(s) 'example_nested_branch_dag' retrieved from /home/airflow/.local/lib/python3.12/site-packages/airflow/example_dags/example_nested_branch_dag.py
[2024-12-01T02:13:05.137+0000] {logging_mixin.py:190} INFO - [2024-12-01T02:13:05.137+0000] {dag.py:3239} INFO - Sync 1 DAGs
[2024-12-01T02:13:05.159+0000] {logging_mixin.py:190} INFO - [2024-12-01T02:13:05.158+0000] {dag.py:4180} INFO - Setting next_dagrun for example_nested_branch_dag to 2024-11-30 00:00:00+00:00, run_after=2024-12-01 00:00:00+00:00
[2024-12-01T02:13:05.175+0000] {processor.py:208} INFO - Processing /home/airflow/.local/lib/python3.12/site-packages/airflow/example_dags/example_nested_branch_dag.py took 0.078 seconds
[2024-12-01T02:13:35.740+0000] {processor.py:186} INFO - Started process (PID=50892) to work on /home/airflow/.local/lib/python3.12/site-packages/airflow/example_dags/example_nested_branch_dag.py
[2024-12-01T02:13:35.741+0000] {processor.py:914} INFO - Processing file /home/airflow/.local/lib/python3.12/site-packages/airflow/example_dags/example_nested_branch_dag.py for tasks to queue
[2024-12-01T02:13:35.743+0000] {logging_mixin.py:190} INFO - [2024-12-01T02:13:35.743+0000] {dagbag.py:588} INFO - Filling up the DagBag from /home/airflow/.local/lib/python3.12/site-packages/airflow/example_dags/example_nested_branch_dag.py
[2024-12-01T02:13:35.754+0000] {processor.py:925} INFO - DAG(s) 'example_nested_branch_dag' retrieved from /home/airflow/.local/lib/python3.12/site-packages/airflow/example_dags/example_nested_branch_dag.py
[2024-12-01T02:13:35.773+0000] {logging_mixin.py:190} INFO - [2024-12-01T02:13:35.773+0000] {dag.py:3239} INFO - Sync 1 DAGs
[2024-12-01T02:13:35.796+0000] {logging_mixin.py:190} INFO - [2024-12-01T02:13:35.796+0000] {dag.py:4180} INFO - Setting next_dagrun for example_nested_branch_dag to 2024-11-30 00:00:00+00:00, run_after=2024-12-01 00:00:00+00:00
[2024-12-01T02:13:35.814+0000] {processor.py:208} INFO - Processing /home/airflow/.local/lib/python3.12/site-packages/airflow/example_dags/example_nested_branch_dag.py took 0.079 seconds
[2024-12-01T02:14:07.003+0000] {processor.py:186} INFO - Started process (PID=50958) to work on /home/airflow/.local/lib/python3.12/site-packages/airflow/example_dags/example_nested_branch_dag.py
[2024-12-01T02:14:07.004+0000] {processor.py:914} INFO - Processing file /home/airflow/.local/lib/python3.12/site-packages/airflow/example_dags/example_nested_branch_dag.py for tasks to queue
[2024-12-01T02:14:07.007+0000] {logging_mixin.py:190} INFO - [2024-12-01T02:14:07.007+0000] {dagbag.py:588} INFO - Filling up the DagBag from /home/airflow/.local/lib/python3.12/site-packages/airflow/example_dags/example_nested_branch_dag.py
[2024-12-01T02:14:07.020+0000] {processor.py:925} INFO - DAG(s) 'example_nested_branch_dag' retrieved from /home/airflow/.local/lib/python3.12/site-packages/airflow/example_dags/example_nested_branch_dag.py
[2024-12-01T02:14:07.041+0000] {logging_mixin.py:190} INFO - [2024-12-01T02:14:07.041+0000] {dag.py:3239} INFO - Sync 1 DAGs
[2024-12-01T02:14:07.063+0000] {logging_mixin.py:190} INFO - [2024-12-01T02:14:07.062+0000] {dag.py:4180} INFO - Setting next_dagrun for example_nested_branch_dag to 2024-11-30 00:00:00+00:00, run_after=2024-12-01 00:00:00+00:00
[2024-12-01T02:14:07.079+0000] {processor.py:208} INFO - Processing /home/airflow/.local/lib/python3.12/site-packages/airflow/example_dags/example_nested_branch_dag.py took 0.083 seconds
[2024-12-01T02:14:37.871+0000] {processor.py:186} INFO - Started process (PID=51024) to work on /home/airflow/.local/lib/python3.12/site-packages/airflow/example_dags/example_nested_branch_dag.py
[2024-12-01T02:14:37.871+0000] {processor.py:914} INFO - Processing file /home/airflow/.local/lib/python3.12/site-packages/airflow/example_dags/example_nested_branch_dag.py for tasks to queue
[2024-12-01T02:14:37.874+0000] {logging_mixin.py:190} INFO - [2024-12-01T02:14:37.873+0000] {dagbag.py:588} INFO - Filling up the DagBag from /home/airflow/.local/lib/python3.12/site-packages/airflow/example_dags/example_nested_branch_dag.py
[2024-12-01T02:14:37.884+0000] {processor.py:925} INFO - DAG(s) 'example_nested_branch_dag' retrieved from /home/airflow/.local/lib/python3.12/site-packages/airflow/example_dags/example_nested_branch_dag.py
[2024-12-01T02:14:37.904+0000] {logging_mixin.py:190} INFO - [2024-12-01T02:14:37.903+0000] {dag.py:3239} INFO - Sync 1 DAGs
[2024-12-01T02:14:37.925+0000] {logging_mixin.py:190} INFO - [2024-12-01T02:14:37.925+0000] {dag.py:4180} INFO - Setting next_dagrun for example_nested_branch_dag to 2024-11-30 00:00:00+00:00, run_after=2024-12-01 00:00:00+00:00
[2024-12-01T02:14:37.941+0000] {processor.py:208} INFO - Processing /home/airflow/.local/lib/python3.12/site-packages/airflow/example_dags/example_nested_branch_dag.py took 0.076 seconds
[2024-12-01T02:15:08.764+0000] {processor.py:186} INFO - Started process (PID=51090) to work on /home/airflow/.local/lib/python3.12/site-packages/airflow/example_dags/example_nested_branch_dag.py
[2024-12-01T02:15:08.765+0000] {processor.py:914} INFO - Processing file /home/airflow/.local/lib/python3.12/site-packages/airflow/example_dags/example_nested_branch_dag.py for tasks to queue
[2024-12-01T02:15:08.768+0000] {logging_mixin.py:190} INFO - [2024-12-01T02:15:08.768+0000] {dagbag.py:588} INFO - Filling up the DagBag from /home/airflow/.local/lib/python3.12/site-packages/airflow/example_dags/example_nested_branch_dag.py
[2024-12-01T02:15:08.778+0000] {processor.py:925} INFO - DAG(s) 'example_nested_branch_dag' retrieved from /home/airflow/.local/lib/python3.12/site-packages/airflow/example_dags/example_nested_branch_dag.py
[2024-12-01T02:15:08.798+0000] {logging_mixin.py:190} INFO - [2024-12-01T02:15:08.798+0000] {dag.py:3239} INFO - Sync 1 DAGs
[2024-12-01T02:15:08.820+0000] {logging_mixin.py:190} INFO - [2024-12-01T02:15:08.820+0000] {dag.py:4180} INFO - Setting next_dagrun for example_nested_branch_dag to 2024-11-30 00:00:00+00:00, run_after=2024-12-01 00:00:00+00:00
[2024-12-01T02:15:08.837+0000] {processor.py:208} INFO - Processing /home/airflow/.local/lib/python3.12/site-packages/airflow/example_dags/example_nested_branch_dag.py took 0.078 seconds
[2024-12-01T02:15:39.605+0000] {processor.py:186} INFO - Started process (PID=51156) to work on /home/airflow/.local/lib/python3.12/site-packages/airflow/example_dags/example_nested_branch_dag.py
[2024-12-01T02:15:39.606+0000] {processor.py:914} INFO - Processing file /home/airflow/.local/lib/python3.12/site-packages/airflow/example_dags/example_nested_branch_dag.py for tasks to queue
[2024-12-01T02:15:39.609+0000] {logging_mixin.py:190} INFO - [2024-12-01T02:15:39.608+0000] {dagbag.py:588} INFO - Filling up the DagBag from /home/airflow/.local/lib/python3.12/site-packages/airflow/example_dags/example_nested_branch_dag.py
[2024-12-01T02:15:39.619+0000] {processor.py:925} INFO - DAG(s) 'example_nested_branch_dag' retrieved from /home/airflow/.local/lib/python3.12/site-packages/airflow/example_dags/example_nested_branch_dag.py
[2024-12-01T02:15:39.639+0000] {logging_mixin.py:190} INFO - [2024-12-01T02:15:39.639+0000] {dag.py:3239} INFO - Sync 1 DAGs
[2024-12-01T02:15:39.660+0000] {logging_mixin.py:190} INFO - [2024-12-01T02:15:39.660+0000] {dag.py:4180} INFO - Setting next_dagrun for example_nested_branch_dag to 2024-11-30 00:00:00+00:00, run_after=2024-12-01 00:00:00+00:00
[2024-12-01T02:15:39.677+0000] {processor.py:208} INFO - Processing /home/airflow/.local/lib/python3.12/site-packages/airflow/example_dags/example_nested_branch_dag.py took 0.077 seconds
[2024-12-01T02:16:10.386+0000] {processor.py:186} INFO - Started process (PID=51222) to work on /home/airflow/.local/lib/python3.12/site-packages/airflow/example_dags/example_nested_branch_dag.py
[2024-12-01T02:16:10.387+0000] {processor.py:914} INFO - Processing file /home/airflow/.local/lib/python3.12/site-packages/airflow/example_dags/example_nested_branch_dag.py for tasks to queue
[2024-12-01T02:16:10.389+0000] {logging_mixin.py:190} INFO - [2024-12-01T02:16:10.389+0000] {dagbag.py:588} INFO - Filling up the DagBag from /home/airflow/.local/lib/python3.12/site-packages/airflow/example_dags/example_nested_branch_dag.py
[2024-12-01T02:16:10.399+0000] {processor.py:925} INFO - DAG(s) 'example_nested_branch_dag' retrieved from /home/airflow/.local/lib/python3.12/site-packages/airflow/example_dags/example_nested_branch_dag.py
[2024-12-01T02:16:10.419+0000] {logging_mixin.py:190} INFO - [2024-12-01T02:16:10.419+0000] {dag.py:3239} INFO - Sync 1 DAGs
[2024-12-01T02:16:10.453+0000] {logging_mixin.py:190} INFO - [2024-12-01T02:16:10.453+0000] {dag.py:4180} INFO - Setting next_dagrun for example_nested_branch_dag to 2024-11-30 00:00:00+00:00, run_after=2024-12-01 00:00:00+00:00
[2024-12-01T02:16:10.493+0000] {processor.py:208} INFO - Processing /home/airflow/.local/lib/python3.12/site-packages/airflow/example_dags/example_nested_branch_dag.py took 0.112 seconds
[2024-12-01T02:16:41.393+0000] {processor.py:186} INFO - Started process (PID=51288) to work on /home/airflow/.local/lib/python3.12/site-packages/airflow/example_dags/example_nested_branch_dag.py
[2024-12-01T02:16:41.393+0000] {processor.py:914} INFO - Processing file /home/airflow/.local/lib/python3.12/site-packages/airflow/example_dags/example_nested_branch_dag.py for tasks to queue
[2024-12-01T02:16:41.396+0000] {logging_mixin.py:190} INFO - [2024-12-01T02:16:41.395+0000] {dagbag.py:588} INFO - Filling up the DagBag from /home/airflow/.local/lib/python3.12/site-packages/airflow/example_dags/example_nested_branch_dag.py
[2024-12-01T02:16:41.406+0000] {processor.py:925} INFO - DAG(s) 'example_nested_branch_dag' retrieved from /home/airflow/.local/lib/python3.12/site-packages/airflow/example_dags/example_nested_branch_dag.py
[2024-12-01T02:16:41.426+0000] {logging_mixin.py:190} INFO - [2024-12-01T02:16:41.426+0000] {dag.py:3239} INFO - Sync 1 DAGs
[2024-12-01T02:16:41.447+0000] {logging_mixin.py:190} INFO - [2024-12-01T02:16:41.447+0000] {dag.py:4180} INFO - Setting next_dagrun for example_nested_branch_dag to 2024-11-30 00:00:00+00:00, run_after=2024-12-01 00:00:00+00:00
[2024-12-01T02:16:41.464+0000] {processor.py:208} INFO - Processing /home/airflow/.local/lib/python3.12/site-packages/airflow/example_dags/example_nested_branch_dag.py took 0.076 seconds
[2024-12-01T02:17:12.392+0000] {processor.py:186} INFO - Started process (PID=51354) to work on /home/airflow/.local/lib/python3.12/site-packages/airflow/example_dags/example_nested_branch_dag.py
[2024-12-01T02:17:12.393+0000] {processor.py:914} INFO - Processing file /home/airflow/.local/lib/python3.12/site-packages/airflow/example_dags/example_nested_branch_dag.py for tasks to queue
[2024-12-01T02:17:12.395+0000] {logging_mixin.py:190} INFO - [2024-12-01T02:17:12.394+0000] {dagbag.py:588} INFO - Filling up the DagBag from /home/airflow/.local/lib/python3.12/site-packages/airflow/example_dags/example_nested_branch_dag.py
[2024-12-01T02:17:12.406+0000] {processor.py:925} INFO - DAG(s) 'example_nested_branch_dag' retrieved from /home/airflow/.local/lib/python3.12/site-packages/airflow/example_dags/example_nested_branch_dag.py
[2024-12-01T02:17:12.427+0000] {logging_mixin.py:190} INFO - [2024-12-01T02:17:12.426+0000] {dag.py:3239} INFO - Sync 1 DAGs
[2024-12-01T02:17:12.449+0000] {logging_mixin.py:190} INFO - [2024-12-01T02:17:12.448+0000] {dag.py:4180} INFO - Setting next_dagrun for example_nested_branch_dag to 2024-11-30 00:00:00+00:00, run_after=2024-12-01 00:00:00+00:00
[2024-12-01T02:17:12.466+0000] {processor.py:208} INFO - Processing /home/airflow/.local/lib/python3.12/site-packages/airflow/example_dags/example_nested_branch_dag.py took 0.080 seconds
[2024-12-01T02:17:43.488+0000] {processor.py:186} INFO - Started process (PID=51420) to work on /home/airflow/.local/lib/python3.12/site-packages/airflow/example_dags/example_nested_branch_dag.py
[2024-12-01T02:17:43.489+0000] {processor.py:914} INFO - Processing file /home/airflow/.local/lib/python3.12/site-packages/airflow/example_dags/example_nested_branch_dag.py for tasks to queue
[2024-12-01T02:17:43.492+0000] {logging_mixin.py:190} INFO - [2024-12-01T02:17:43.491+0000] {dagbag.py:588} INFO - Filling up the DagBag from /home/airflow/.local/lib/python3.12/site-packages/airflow/example_dags/example_nested_branch_dag.py
[2024-12-01T02:17:43.502+0000] {processor.py:925} INFO - DAG(s) 'example_nested_branch_dag' retrieved from /home/airflow/.local/lib/python3.12/site-packages/airflow/example_dags/example_nested_branch_dag.py
[2024-12-01T02:17:43.522+0000] {logging_mixin.py:190} INFO - [2024-12-01T02:17:43.522+0000] {dag.py:3239} INFO - Sync 1 DAGs
[2024-12-01T02:17:43.542+0000] {logging_mixin.py:190} INFO - [2024-12-01T02:17:43.542+0000] {dag.py:4180} INFO - Setting next_dagrun for example_nested_branch_dag to 2024-11-30 00:00:00+00:00, run_after=2024-12-01 00:00:00+00:00
[2024-12-01T02:17:43.559+0000] {processor.py:208} INFO - Processing /home/airflow/.local/lib/python3.12/site-packages/airflow/example_dags/example_nested_branch_dag.py took 0.078 seconds
[2024-12-01T02:18:14.483+0000] {processor.py:186} INFO - Started process (PID=51486) to work on /home/airflow/.local/lib/python3.12/site-packages/airflow/example_dags/example_nested_branch_dag.py
[2024-12-01T02:18:14.484+0000] {processor.py:914} INFO - Processing file /home/airflow/.local/lib/python3.12/site-packages/airflow/example_dags/example_nested_branch_dag.py for tasks to queue
[2024-12-01T02:18:14.487+0000] {logging_mixin.py:190} INFO - [2024-12-01T02:18:14.486+0000] {dagbag.py:588} INFO - Filling up the DagBag from /home/airflow/.local/lib/python3.12/site-packages/airflow/example_dags/example_nested_branch_dag.py
[2024-12-01T02:18:14.497+0000] {processor.py:925} INFO - DAG(s) 'example_nested_branch_dag' retrieved from /home/airflow/.local/lib/python3.12/site-packages/airflow/example_dags/example_nested_branch_dag.py
[2024-12-01T02:18:14.520+0000] {logging_mixin.py:190} INFO - [2024-12-01T02:18:14.519+0000] {dag.py:3239} INFO - Sync 1 DAGs
[2024-12-01T02:18:14.542+0000] {logging_mixin.py:190} INFO - [2024-12-01T02:18:14.542+0000] {dag.py:4180} INFO - Setting next_dagrun for example_nested_branch_dag to 2024-11-30 00:00:00+00:00, run_after=2024-12-01 00:00:00+00:00
[2024-12-01T02:18:14.560+0000] {processor.py:208} INFO - Processing /home/airflow/.local/lib/python3.12/site-packages/airflow/example_dags/example_nested_branch_dag.py took 0.082 seconds
[2024-12-01T02:18:45.302+0000] {processor.py:186} INFO - Started process (PID=51552) to work on /home/airflow/.local/lib/python3.12/site-packages/airflow/example_dags/example_nested_branch_dag.py
[2024-12-01T02:18:45.302+0000] {processor.py:914} INFO - Processing file /home/airflow/.local/lib/python3.12/site-packages/airflow/example_dags/example_nested_branch_dag.py for tasks to queue
[2024-12-01T02:18:45.305+0000] {logging_mixin.py:190} INFO - [2024-12-01T02:18:45.304+0000] {dagbag.py:588} INFO - Filling up the DagBag from /home/airflow/.local/lib/python3.12/site-packages/airflow/example_dags/example_nested_branch_dag.py
[2024-12-01T02:18:45.315+0000] {processor.py:925} INFO - DAG(s) 'example_nested_branch_dag' retrieved from /home/airflow/.local/lib/python3.12/site-packages/airflow/example_dags/example_nested_branch_dag.py
[2024-12-01T02:18:45.335+0000] {logging_mixin.py:190} INFO - [2024-12-01T02:18:45.334+0000] {dag.py:3239} INFO - Sync 1 DAGs
[2024-12-01T02:18:45.357+0000] {logging_mixin.py:190} INFO - [2024-12-01T02:18:45.357+0000] {dag.py:4180} INFO - Setting next_dagrun for example_nested_branch_dag to 2024-11-30 00:00:00+00:00, run_after=2024-12-01 00:00:00+00:00
[2024-12-01T02:18:45.374+0000] {processor.py:208} INFO - Processing /home/airflow/.local/lib/python3.12/site-packages/airflow/example_dags/example_nested_branch_dag.py took 0.077 seconds
[2024-12-01T02:19:16.226+0000] {processor.py:186} INFO - Started process (PID=51619) to work on /home/airflow/.local/lib/python3.12/site-packages/airflow/example_dags/example_nested_branch_dag.py
[2024-12-01T02:19:16.227+0000] {processor.py:914} INFO - Processing file /home/airflow/.local/lib/python3.12/site-packages/airflow/example_dags/example_nested_branch_dag.py for tasks to queue
[2024-12-01T02:19:16.229+0000] {logging_mixin.py:190} INFO - [2024-12-01T02:19:16.228+0000] {dagbag.py:588} INFO - Filling up the DagBag from /home/airflow/.local/lib/python3.12/site-packages/airflow/example_dags/example_nested_branch_dag.py
[2024-12-01T02:19:16.240+0000] {processor.py:925} INFO - DAG(s) 'example_nested_branch_dag' retrieved from /home/airflow/.local/lib/python3.12/site-packages/airflow/example_dags/example_nested_branch_dag.py
[2024-12-01T02:19:16.260+0000] {logging_mixin.py:190} INFO - [2024-12-01T02:19:16.259+0000] {dag.py:3239} INFO - Sync 1 DAGs
[2024-12-01T02:19:16.282+0000] {logging_mixin.py:190} INFO - [2024-12-01T02:19:16.282+0000] {dag.py:4180} INFO - Setting next_dagrun for example_nested_branch_dag to 2024-11-30 00:00:00+00:00, run_after=2024-12-01 00:00:00+00:00
[2024-12-01T02:19:16.299+0000] {processor.py:208} INFO - Processing /home/airflow/.local/lib/python3.12/site-packages/airflow/example_dags/example_nested_branch_dag.py took 0.079 seconds
[2024-12-01T02:19:47.371+0000] {processor.py:186} INFO - Started process (PID=51685) to work on /home/airflow/.local/lib/python3.12/site-packages/airflow/example_dags/example_nested_branch_dag.py
[2024-12-01T02:19:47.372+0000] {processor.py:914} INFO - Processing file /home/airflow/.local/lib/python3.12/site-packages/airflow/example_dags/example_nested_branch_dag.py for tasks to queue
[2024-12-01T02:19:47.374+0000] {logging_mixin.py:190} INFO - [2024-12-01T02:19:47.374+0000] {dagbag.py:588} INFO - Filling up the DagBag from /home/airflow/.local/lib/python3.12/site-packages/airflow/example_dags/example_nested_branch_dag.py
[2024-12-01T02:19:47.384+0000] {processor.py:925} INFO - DAG(s) 'example_nested_branch_dag' retrieved from /home/airflow/.local/lib/python3.12/site-packages/airflow/example_dags/example_nested_branch_dag.py
[2024-12-01T02:19:47.403+0000] {logging_mixin.py:190} INFO - [2024-12-01T02:19:47.403+0000] {dag.py:3239} INFO - Sync 1 DAGs
[2024-12-01T02:19:47.425+0000] {logging_mixin.py:190} INFO - [2024-12-01T02:19:47.425+0000] {dag.py:4180} INFO - Setting next_dagrun for example_nested_branch_dag to 2024-11-30 00:00:00+00:00, run_after=2024-12-01 00:00:00+00:00
[2024-12-01T02:19:47.439+0000] {processor.py:208} INFO - Processing /home/airflow/.local/lib/python3.12/site-packages/airflow/example_dags/example_nested_branch_dag.py took 0.074 seconds
[2024-12-01T02:20:18.528+0000] {processor.py:186} INFO - Started process (PID=51751) to work on /home/airflow/.local/lib/python3.12/site-packages/airflow/example_dags/example_nested_branch_dag.py
[2024-12-01T02:20:18.529+0000] {processor.py:914} INFO - Processing file /home/airflow/.local/lib/python3.12/site-packages/airflow/example_dags/example_nested_branch_dag.py for tasks to queue
[2024-12-01T02:20:18.531+0000] {logging_mixin.py:190} INFO - [2024-12-01T02:20:18.531+0000] {dagbag.py:588} INFO - Filling up the DagBag from /home/airflow/.local/lib/python3.12/site-packages/airflow/example_dags/example_nested_branch_dag.py
[2024-12-01T02:20:18.542+0000] {processor.py:925} INFO - DAG(s) 'example_nested_branch_dag' retrieved from /home/airflow/.local/lib/python3.12/site-packages/airflow/example_dags/example_nested_branch_dag.py
[2024-12-01T02:20:18.563+0000] {logging_mixin.py:190} INFO - [2024-12-01T02:20:18.562+0000] {dag.py:3239} INFO - Sync 1 DAGs
[2024-12-01T02:20:18.585+0000] {logging_mixin.py:190} INFO - [2024-12-01T02:20:18.585+0000] {dag.py:4180} INFO - Setting next_dagrun for example_nested_branch_dag to 2024-11-30 00:00:00+00:00, run_after=2024-12-01 00:00:00+00:00
[2024-12-01T02:20:18.602+0000] {processor.py:208} INFO - Processing /home/airflow/.local/lib/python3.12/site-packages/airflow/example_dags/example_nested_branch_dag.py took 0.079 seconds
[2024-12-01T02:20:49.939+0000] {processor.py:186} INFO - Started process (PID=51817) to work on /home/airflow/.local/lib/python3.12/site-packages/airflow/example_dags/example_nested_branch_dag.py
[2024-12-01T02:20:49.940+0000] {processor.py:914} INFO - Processing file /home/airflow/.local/lib/python3.12/site-packages/airflow/example_dags/example_nested_branch_dag.py for tasks to queue
[2024-12-01T02:20:49.942+0000] {logging_mixin.py:190} INFO - [2024-12-01T02:20:49.942+0000] {dagbag.py:588} INFO - Filling up the DagBag from /home/airflow/.local/lib/python3.12/site-packages/airflow/example_dags/example_nested_branch_dag.py
[2024-12-01T02:20:49.953+0000] {processor.py:925} INFO - DAG(s) 'example_nested_branch_dag' retrieved from /home/airflow/.local/lib/python3.12/site-packages/airflow/example_dags/example_nested_branch_dag.py
[2024-12-01T02:20:49.973+0000] {logging_mixin.py:190} INFO - [2024-12-01T02:20:49.973+0000] {dag.py:3239} INFO - Sync 1 DAGs
[2024-12-01T02:20:50.000+0000] {logging_mixin.py:190} INFO - [2024-12-01T02:20:49.999+0000] {dag.py:4180} INFO - Setting next_dagrun for example_nested_branch_dag to 2024-11-30 00:00:00+00:00, run_after=2024-12-01 00:00:00+00:00
[2024-12-01T02:20:50.017+0000] {processor.py:208} INFO - Processing /home/airflow/.local/lib/python3.12/site-packages/airflow/example_dags/example_nested_branch_dag.py took 0.083 seconds
[2024-12-01T02:21:22.127+0000] {processor.py:186} INFO - Started process (PID=51883) to work on /home/airflow/.local/lib/python3.12/site-packages/airflow/example_dags/example_nested_branch_dag.py
[2024-12-01T02:21:22.128+0000] {processor.py:914} INFO - Processing file /home/airflow/.local/lib/python3.12/site-packages/airflow/example_dags/example_nested_branch_dag.py for tasks to queue
[2024-12-01T02:21:22.130+0000] {logging_mixin.py:190} INFO - [2024-12-01T02:21:22.130+0000] {dagbag.py:588} INFO - Filling up the DagBag from /home/airflow/.local/lib/python3.12/site-packages/airflow/example_dags/example_nested_branch_dag.py
[2024-12-01T02:21:22.141+0000] {processor.py:925} INFO - DAG(s) 'example_nested_branch_dag' retrieved from /home/airflow/.local/lib/python3.12/site-packages/airflow/example_dags/example_nested_branch_dag.py
[2024-12-01T02:21:22.161+0000] {logging_mixin.py:190} INFO - [2024-12-01T02:21:22.161+0000] {dag.py:3239} INFO - Sync 1 DAGs
[2024-12-01T02:21:22.182+0000] {logging_mixin.py:190} INFO - [2024-12-01T02:21:22.182+0000] {dag.py:4180} INFO - Setting next_dagrun for example_nested_branch_dag to 2024-11-30 00:00:00+00:00, run_after=2024-12-01 00:00:00+00:00
[2024-12-01T02:21:22.198+0000] {processor.py:208} INFO - Processing /home/airflow/.local/lib/python3.12/site-packages/airflow/example_dags/example_nested_branch_dag.py took 0.076 seconds
[2024-12-01T02:21:52.833+0000] {processor.py:186} INFO - Started process (PID=51948) to work on /home/airflow/.local/lib/python3.12/site-packages/airflow/example_dags/example_nested_branch_dag.py
[2024-12-01T02:21:52.834+0000] {processor.py:914} INFO - Processing file /home/airflow/.local/lib/python3.12/site-packages/airflow/example_dags/example_nested_branch_dag.py for tasks to queue
[2024-12-01T02:21:52.836+0000] {logging_mixin.py:190} INFO - [2024-12-01T02:21:52.836+0000] {dagbag.py:588} INFO - Filling up the DagBag from /home/airflow/.local/lib/python3.12/site-packages/airflow/example_dags/example_nested_branch_dag.py
[2024-12-01T02:21:52.847+0000] {processor.py:925} INFO - DAG(s) 'example_nested_branch_dag' retrieved from /home/airflow/.local/lib/python3.12/site-packages/airflow/example_dags/example_nested_branch_dag.py
[2024-12-01T02:21:52.866+0000] {logging_mixin.py:190} INFO - [2024-12-01T02:21:52.866+0000] {dag.py:3239} INFO - Sync 1 DAGs
[2024-12-01T02:21:53.031+0000] {logging_mixin.py:190} INFO - [2024-12-01T02:21:53.031+0000] {dag.py:4180} INFO - Setting next_dagrun for example_nested_branch_dag to 2024-11-30 00:00:00+00:00, run_after=2024-12-01 00:00:00+00:00
[2024-12-01T02:21:53.050+0000] {processor.py:208} INFO - Processing /home/airflow/.local/lib/python3.12/site-packages/airflow/example_dags/example_nested_branch_dag.py took 0.223 seconds
[2024-12-01T02:22:23.401+0000] {processor.py:186} INFO - Started process (PID=52014) to work on /home/airflow/.local/lib/python3.12/site-packages/airflow/example_dags/example_nested_branch_dag.py
[2024-12-01T02:22:23.402+0000] {processor.py:914} INFO - Processing file /home/airflow/.local/lib/python3.12/site-packages/airflow/example_dags/example_nested_branch_dag.py for tasks to queue
[2024-12-01T02:22:23.404+0000] {logging_mixin.py:190} INFO - [2024-12-01T02:22:23.404+0000] {dagbag.py:588} INFO - Filling up the DagBag from /home/airflow/.local/lib/python3.12/site-packages/airflow/example_dags/example_nested_branch_dag.py
[2024-12-01T02:22:23.417+0000] {processor.py:925} INFO - DAG(s) 'example_nested_branch_dag' retrieved from /home/airflow/.local/lib/python3.12/site-packages/airflow/example_dags/example_nested_branch_dag.py
[2024-12-01T02:22:23.437+0000] {logging_mixin.py:190} INFO - [2024-12-01T02:22:23.437+0000] {dag.py:3239} INFO - Sync 1 DAGs
[2024-12-01T02:22:23.461+0000] {logging_mixin.py:190} INFO - [2024-12-01T02:22:23.460+0000] {dag.py:4180} INFO - Setting next_dagrun for example_nested_branch_dag to 2024-11-30 00:00:00+00:00, run_after=2024-12-01 00:00:00+00:00
[2024-12-01T02:22:23.644+0000] {processor.py:208} INFO - Processing /home/airflow/.local/lib/python3.12/site-packages/airflow/example_dags/example_nested_branch_dag.py took 0.249 seconds
[2024-12-01T02:22:53.855+0000] {processor.py:186} INFO - Started process (PID=52081) to work on /home/airflow/.local/lib/python3.12/site-packages/airflow/example_dags/example_nested_branch_dag.py
[2024-12-01T02:22:53.856+0000] {processor.py:914} INFO - Processing file /home/airflow/.local/lib/python3.12/site-packages/airflow/example_dags/example_nested_branch_dag.py for tasks to queue
[2024-12-01T02:22:53.858+0000] {logging_mixin.py:190} INFO - [2024-12-01T02:22:53.857+0000] {dagbag.py:588} INFO - Filling up the DagBag from /home/airflow/.local/lib/python3.12/site-packages/airflow/example_dags/example_nested_branch_dag.py
[2024-12-01T02:22:53.869+0000] {processor.py:925} INFO - DAG(s) 'example_nested_branch_dag' retrieved from /home/airflow/.local/lib/python3.12/site-packages/airflow/example_dags/example_nested_branch_dag.py
[2024-12-01T02:22:53.887+0000] {logging_mixin.py:190} INFO - [2024-12-01T02:22:53.887+0000] {dag.py:3239} INFO - Sync 1 DAGs
[2024-12-01T02:22:53.908+0000] {logging_mixin.py:190} INFO - [2024-12-01T02:22:53.908+0000] {dag.py:4180} INFO - Setting next_dagrun for example_nested_branch_dag to 2024-11-30 00:00:00+00:00, run_after=2024-12-01 00:00:00+00:00
[2024-12-01T02:22:53.926+0000] {processor.py:208} INFO - Processing /home/airflow/.local/lib/python3.12/site-packages/airflow/example_dags/example_nested_branch_dag.py took 0.077 seconds
[2024-12-01T02:23:25.297+0000] {processor.py:186} INFO - Started process (PID=52146) to work on /home/airflow/.local/lib/python3.12/site-packages/airflow/example_dags/example_nested_branch_dag.py
[2024-12-01T02:23:25.297+0000] {processor.py:914} INFO - Processing file /home/airflow/.local/lib/python3.12/site-packages/airflow/example_dags/example_nested_branch_dag.py for tasks to queue
[2024-12-01T02:23:25.300+0000] {logging_mixin.py:190} INFO - [2024-12-01T02:23:25.299+0000] {dagbag.py:588} INFO - Filling up the DagBag from /home/airflow/.local/lib/python3.12/site-packages/airflow/example_dags/example_nested_branch_dag.py
[2024-12-01T02:23:25.311+0000] {processor.py:925} INFO - DAG(s) 'example_nested_branch_dag' retrieved from /home/airflow/.local/lib/python3.12/site-packages/airflow/example_dags/example_nested_branch_dag.py
[2024-12-01T02:23:25.330+0000] {logging_mixin.py:190} INFO - [2024-12-01T02:23:25.329+0000] {dag.py:3239} INFO - Sync 1 DAGs
[2024-12-01T02:23:25.351+0000] {logging_mixin.py:190} INFO - [2024-12-01T02:23:25.351+0000] {dag.py:4180} INFO - Setting next_dagrun for example_nested_branch_dag to 2024-11-30 00:00:00+00:00, run_after=2024-12-01 00:00:00+00:00
[2024-12-01T02:23:25.368+0000] {processor.py:208} INFO - Processing /home/airflow/.local/lib/python3.12/site-packages/airflow/example_dags/example_nested_branch_dag.py took 0.077 seconds
[2024-12-01T02:23:55.679+0000] {processor.py:186} INFO - Started process (PID=52212) to work on /home/airflow/.local/lib/python3.12/site-packages/airflow/example_dags/example_nested_branch_dag.py
[2024-12-01T02:23:55.680+0000] {processor.py:914} INFO - Processing file /home/airflow/.local/lib/python3.12/site-packages/airflow/example_dags/example_nested_branch_dag.py for tasks to queue
[2024-12-01T02:23:55.683+0000] {logging_mixin.py:190} INFO - [2024-12-01T02:23:55.682+0000] {dagbag.py:588} INFO - Filling up the DagBag from /home/airflow/.local/lib/python3.12/site-packages/airflow/example_dags/example_nested_branch_dag.py
[2024-12-01T02:23:55.693+0000] {processor.py:925} INFO - DAG(s) 'example_nested_branch_dag' retrieved from /home/airflow/.local/lib/python3.12/site-packages/airflow/example_dags/example_nested_branch_dag.py
[2024-12-01T02:23:55.713+0000] {logging_mixin.py:190} INFO - [2024-12-01T02:23:55.713+0000] {dag.py:3239} INFO - Sync 1 DAGs
[2024-12-01T02:23:55.734+0000] {logging_mixin.py:190} INFO - [2024-12-01T02:23:55.734+0000] {dag.py:4180} INFO - Setting next_dagrun for example_nested_branch_dag to 2024-11-30 00:00:00+00:00, run_after=2024-12-01 00:00:00+00:00
[2024-12-01T02:23:55.750+0000] {processor.py:208} INFO - Processing /home/airflow/.local/lib/python3.12/site-packages/airflow/example_dags/example_nested_branch_dag.py took 0.076 seconds
[2024-12-01T02:24:27.081+0000] {processor.py:186} INFO - Started process (PID=52278) to work on /home/airflow/.local/lib/python3.12/site-packages/airflow/example_dags/example_nested_branch_dag.py
[2024-12-01T02:24:27.082+0000] {processor.py:914} INFO - Processing file /home/airflow/.local/lib/python3.12/site-packages/airflow/example_dags/example_nested_branch_dag.py for tasks to queue
[2024-12-01T02:24:27.085+0000] {logging_mixin.py:190} INFO - [2024-12-01T02:24:27.085+0000] {dagbag.py:588} INFO - Filling up the DagBag from /home/airflow/.local/lib/python3.12/site-packages/airflow/example_dags/example_nested_branch_dag.py
[2024-12-01T02:24:27.098+0000] {processor.py:925} INFO - DAG(s) 'example_nested_branch_dag' retrieved from /home/airflow/.local/lib/python3.12/site-packages/airflow/example_dags/example_nested_branch_dag.py
[2024-12-01T02:24:27.121+0000] {logging_mixin.py:190} INFO - [2024-12-01T02:24:27.121+0000] {dag.py:3239} INFO - Sync 1 DAGs
[2024-12-01T02:24:27.143+0000] {logging_mixin.py:190} INFO - [2024-12-01T02:24:27.143+0000] {dag.py:4180} INFO - Setting next_dagrun for example_nested_branch_dag to 2024-11-30 00:00:00+00:00, run_after=2024-12-01 00:00:00+00:00
[2024-12-01T02:24:27.160+0000] {processor.py:208} INFO - Processing /home/airflow/.local/lib/python3.12/site-packages/airflow/example_dags/example_nested_branch_dag.py took 0.085 seconds
[2024-12-01T02:24:58.564+0000] {processor.py:186} INFO - Started process (PID=52344) to work on /home/airflow/.local/lib/python3.12/site-packages/airflow/example_dags/example_nested_branch_dag.py
[2024-12-01T02:24:58.565+0000] {processor.py:914} INFO - Processing file /home/airflow/.local/lib/python3.12/site-packages/airflow/example_dags/example_nested_branch_dag.py for tasks to queue
[2024-12-01T02:24:58.567+0000] {logging_mixin.py:190} INFO - [2024-12-01T02:24:58.567+0000] {dagbag.py:588} INFO - Filling up the DagBag from /home/airflow/.local/lib/python3.12/site-packages/airflow/example_dags/example_nested_branch_dag.py
[2024-12-01T02:24:58.578+0000] {processor.py:925} INFO - DAG(s) 'example_nested_branch_dag' retrieved from /home/airflow/.local/lib/python3.12/site-packages/airflow/example_dags/example_nested_branch_dag.py
[2024-12-01T02:24:58.598+0000] {logging_mixin.py:190} INFO - [2024-12-01T02:24:58.598+0000] {dag.py:3239} INFO - Sync 1 DAGs
[2024-12-01T02:24:58.620+0000] {logging_mixin.py:190} INFO - [2024-12-01T02:24:58.619+0000] {dag.py:4180} INFO - Setting next_dagrun for example_nested_branch_dag to 2024-11-30 00:00:00+00:00, run_after=2024-12-01 00:00:00+00:00
[2024-12-01T02:24:58.637+0000] {processor.py:208} INFO - Processing /home/airflow/.local/lib/python3.12/site-packages/airflow/example_dags/example_nested_branch_dag.py took 0.078 seconds
[2024-12-01T02:25:29.063+0000] {processor.py:186} INFO - Started process (PID=52410) to work on /home/airflow/.local/lib/python3.12/site-packages/airflow/example_dags/example_nested_branch_dag.py
[2024-12-01T02:25:29.064+0000] {processor.py:914} INFO - Processing file /home/airflow/.local/lib/python3.12/site-packages/airflow/example_dags/example_nested_branch_dag.py for tasks to queue
[2024-12-01T02:25:29.067+0000] {logging_mixin.py:190} INFO - [2024-12-01T02:25:29.066+0000] {dagbag.py:588} INFO - Filling up the DagBag from /home/airflow/.local/lib/python3.12/site-packages/airflow/example_dags/example_nested_branch_dag.py
[2024-12-01T02:25:29.081+0000] {processor.py:925} INFO - DAG(s) 'example_nested_branch_dag' retrieved from /home/airflow/.local/lib/python3.12/site-packages/airflow/example_dags/example_nested_branch_dag.py
[2024-12-01T02:25:29.102+0000] {logging_mixin.py:190} INFO - [2024-12-01T02:25:29.102+0000] {dag.py:3239} INFO - Sync 1 DAGs
[2024-12-01T02:25:29.124+0000] {logging_mixin.py:190} INFO - [2024-12-01T02:25:29.124+0000] {dag.py:4180} INFO - Setting next_dagrun for example_nested_branch_dag to 2024-11-30 00:00:00+00:00, run_after=2024-12-01 00:00:00+00:00
[2024-12-01T02:25:29.140+0000] {processor.py:208} INFO - Processing /home/airflow/.local/lib/python3.12/site-packages/airflow/example_dags/example_nested_branch_dag.py took 0.083 seconds
[2024-12-01T02:25:59.763+0000] {processor.py:186} INFO - Started process (PID=52476) to work on /home/airflow/.local/lib/python3.12/site-packages/airflow/example_dags/example_nested_branch_dag.py
[2024-12-01T02:25:59.764+0000] {processor.py:914} INFO - Processing file /home/airflow/.local/lib/python3.12/site-packages/airflow/example_dags/example_nested_branch_dag.py for tasks to queue
[2024-12-01T02:25:59.767+0000] {logging_mixin.py:190} INFO - [2024-12-01T02:25:59.767+0000] {dagbag.py:588} INFO - Filling up the DagBag from /home/airflow/.local/lib/python3.12/site-packages/airflow/example_dags/example_nested_branch_dag.py
[2024-12-01T02:25:59.784+0000] {processor.py:925} INFO - DAG(s) 'example_nested_branch_dag' retrieved from /home/airflow/.local/lib/python3.12/site-packages/airflow/example_dags/example_nested_branch_dag.py
[2024-12-01T02:25:59.803+0000] {logging_mixin.py:190} INFO - [2024-12-01T02:25:59.803+0000] {dag.py:3239} INFO - Sync 1 DAGs
[2024-12-01T02:25:59.826+0000] {logging_mixin.py:190} INFO - [2024-12-01T02:25:59.825+0000] {dag.py:4180} INFO - Setting next_dagrun for example_nested_branch_dag to 2024-11-30 00:00:00+00:00, run_after=2024-12-01 00:00:00+00:00
[2024-12-01T02:25:59.842+0000] {processor.py:208} INFO - Processing /home/airflow/.local/lib/python3.12/site-packages/airflow/example_dags/example_nested_branch_dag.py took 0.085 seconds
[2024-12-01T02:26:30.384+0000] {processor.py:186} INFO - Started process (PID=52548) to work on /home/airflow/.local/lib/python3.12/site-packages/airflow/example_dags/example_nested_branch_dag.py
[2024-12-01T02:26:30.386+0000] {processor.py:914} INFO - Processing file /home/airflow/.local/lib/python3.12/site-packages/airflow/example_dags/example_nested_branch_dag.py for tasks to queue
[2024-12-01T02:26:30.390+0000] {logging_mixin.py:190} INFO - [2024-12-01T02:26:30.389+0000] {dagbag.py:588} INFO - Filling up the DagBag from /home/airflow/.local/lib/python3.12/site-packages/airflow/example_dags/example_nested_branch_dag.py
[2024-12-01T02:26:30.412+0000] {processor.py:925} INFO - DAG(s) 'example_nested_branch_dag' retrieved from /home/airflow/.local/lib/python3.12/site-packages/airflow/example_dags/example_nested_branch_dag.py
[2024-12-01T02:26:30.447+0000] {logging_mixin.py:190} INFO - [2024-12-01T02:26:30.446+0000] {dag.py:3239} INFO - Sync 1 DAGs
[2024-12-01T02:26:30.470+0000] {logging_mixin.py:190} INFO - [2024-12-01T02:26:30.469+0000] {dag.py:4180} INFO - Setting next_dagrun for example_nested_branch_dag to 2024-11-30 00:00:00+00:00, run_after=2024-12-01 00:00:00+00:00
[2024-12-01T02:26:30.497+0000] {processor.py:208} INFO - Processing /home/airflow/.local/lib/python3.12/site-packages/airflow/example_dags/example_nested_branch_dag.py took 0.126 seconds
[2024-12-01T02:27:00.993+0000] {processor.py:186} INFO - Started process (PID=52614) to work on /home/airflow/.local/lib/python3.12/site-packages/airflow/example_dags/example_nested_branch_dag.py
[2024-12-01T02:27:00.993+0000] {processor.py:914} INFO - Processing file /home/airflow/.local/lib/python3.12/site-packages/airflow/example_dags/example_nested_branch_dag.py for tasks to queue
[2024-12-01T02:27:00.996+0000] {logging_mixin.py:190} INFO - [2024-12-01T02:27:00.995+0000] {dagbag.py:588} INFO - Filling up the DagBag from /home/airflow/.local/lib/python3.12/site-packages/airflow/example_dags/example_nested_branch_dag.py
[2024-12-01T02:27:01.006+0000] {processor.py:925} INFO - DAG(s) 'example_nested_branch_dag' retrieved from /home/airflow/.local/lib/python3.12/site-packages/airflow/example_dags/example_nested_branch_dag.py
[2024-12-01T02:27:01.026+0000] {logging_mixin.py:190} INFO - [2024-12-01T02:27:01.026+0000] {dag.py:3239} INFO - Sync 1 DAGs
[2024-12-01T02:27:01.048+0000] {logging_mixin.py:190} INFO - [2024-12-01T02:27:01.048+0000] {dag.py:4180} INFO - Setting next_dagrun for example_nested_branch_dag to 2024-11-30 00:00:00+00:00, run_after=2024-12-01 00:00:00+00:00
[2024-12-01T02:27:01.063+0000] {processor.py:208} INFO - Processing /home/airflow/.local/lib/python3.12/site-packages/airflow/example_dags/example_nested_branch_dag.py took 0.076 seconds
[2024-12-01T02:27:31.462+0000] {processor.py:186} INFO - Started process (PID=52680) to work on /home/airflow/.local/lib/python3.12/site-packages/airflow/example_dags/example_nested_branch_dag.py
[2024-12-01T02:27:31.463+0000] {processor.py:914} INFO - Processing file /home/airflow/.local/lib/python3.12/site-packages/airflow/example_dags/example_nested_branch_dag.py for tasks to queue
[2024-12-01T02:27:31.465+0000] {logging_mixin.py:190} INFO - [2024-12-01T02:27:31.465+0000] {dagbag.py:588} INFO - Filling up the DagBag from /home/airflow/.local/lib/python3.12/site-packages/airflow/example_dags/example_nested_branch_dag.py
[2024-12-01T02:27:31.476+0000] {processor.py:925} INFO - DAG(s) 'example_nested_branch_dag' retrieved from /home/airflow/.local/lib/python3.12/site-packages/airflow/example_dags/example_nested_branch_dag.py
[2024-12-01T02:27:31.496+0000] {logging_mixin.py:190} INFO - [2024-12-01T02:27:31.496+0000] {dag.py:3239} INFO - Sync 1 DAGs
[2024-12-01T02:27:31.518+0000] {logging_mixin.py:190} INFO - [2024-12-01T02:27:31.518+0000] {dag.py:4180} INFO - Setting next_dagrun for example_nested_branch_dag to 2024-11-30 00:00:00+00:00, run_after=2024-12-01 00:00:00+00:00
[2024-12-01T02:27:31.536+0000] {processor.py:208} INFO - Processing /home/airflow/.local/lib/python3.12/site-packages/airflow/example_dags/example_nested_branch_dag.py took 0.079 seconds
[2024-12-01T02:28:02.897+0000] {processor.py:186} INFO - Started process (PID=52746) to work on /home/airflow/.local/lib/python3.12/site-packages/airflow/example_dags/example_nested_branch_dag.py
[2024-12-01T02:28:02.898+0000] {processor.py:914} INFO - Processing file /home/airflow/.local/lib/python3.12/site-packages/airflow/example_dags/example_nested_branch_dag.py for tasks to queue
[2024-12-01T02:28:02.901+0000] {logging_mixin.py:190} INFO - [2024-12-01T02:28:02.901+0000] {dagbag.py:588} INFO - Filling up the DagBag from /home/airflow/.local/lib/python3.12/site-packages/airflow/example_dags/example_nested_branch_dag.py
[2024-12-01T02:28:02.912+0000] {processor.py:925} INFO - DAG(s) 'example_nested_branch_dag' retrieved from /home/airflow/.local/lib/python3.12/site-packages/airflow/example_dags/example_nested_branch_dag.py
[2024-12-01T02:28:02.932+0000] {logging_mixin.py:190} INFO - [2024-12-01T02:28:02.932+0000] {dag.py:3239} INFO - Sync 1 DAGs
[2024-12-01T02:28:02.954+0000] {logging_mixin.py:190} INFO - [2024-12-01T02:28:02.954+0000] {dag.py:4180} INFO - Setting next_dagrun for example_nested_branch_dag to 2024-11-30 00:00:00+00:00, run_after=2024-12-01 00:00:00+00:00
[2024-12-01T02:28:02.972+0000] {processor.py:208} INFO - Processing /home/airflow/.local/lib/python3.12/site-packages/airflow/example_dags/example_nested_branch_dag.py took 0.080 seconds
[2024-12-01T02:28:33.417+0000] {processor.py:186} INFO - Started process (PID=52812) to work on /home/airflow/.local/lib/python3.12/site-packages/airflow/example_dags/example_nested_branch_dag.py
[2024-12-01T02:28:33.428+0000] {processor.py:914} INFO - Processing file /home/airflow/.local/lib/python3.12/site-packages/airflow/example_dags/example_nested_branch_dag.py for tasks to queue
[2024-12-01T02:28:33.432+0000] {logging_mixin.py:190} INFO - [2024-12-01T02:28:33.431+0000] {dagbag.py:588} INFO - Filling up the DagBag from /home/airflow/.local/lib/python3.12/site-packages/airflow/example_dags/example_nested_branch_dag.py
[2024-12-01T02:28:33.448+0000] {processor.py:925} INFO - DAG(s) 'example_nested_branch_dag' retrieved from /home/airflow/.local/lib/python3.12/site-packages/airflow/example_dags/example_nested_branch_dag.py
[2024-12-01T02:28:33.475+0000] {logging_mixin.py:190} INFO - [2024-12-01T02:28:33.474+0000] {dag.py:3239} INFO - Sync 1 DAGs
[2024-12-01T02:28:33.499+0000] {logging_mixin.py:190} INFO - [2024-12-01T02:28:33.499+0000] {dag.py:4180} INFO - Setting next_dagrun for example_nested_branch_dag to 2024-11-30 00:00:00+00:00, run_after=2024-12-01 00:00:00+00:00
[2024-12-01T02:28:33.517+0000] {processor.py:208} INFO - Processing /home/airflow/.local/lib/python3.12/site-packages/airflow/example_dags/example_nested_branch_dag.py took 0.106 seconds
[2024-12-01T02:29:04.020+0000] {processor.py:186} INFO - Started process (PID=52878) to work on /home/airflow/.local/lib/python3.12/site-packages/airflow/example_dags/example_nested_branch_dag.py
[2024-12-01T02:29:04.021+0000] {processor.py:914} INFO - Processing file /home/airflow/.local/lib/python3.12/site-packages/airflow/example_dags/example_nested_branch_dag.py for tasks to queue
[2024-12-01T02:29:04.023+0000] {logging_mixin.py:190} INFO - [2024-12-01T02:29:04.023+0000] {dagbag.py:588} INFO - Filling up the DagBag from /home/airflow/.local/lib/python3.12/site-packages/airflow/example_dags/example_nested_branch_dag.py
[2024-12-01T02:29:04.034+0000] {processor.py:925} INFO - DAG(s) 'example_nested_branch_dag' retrieved from /home/airflow/.local/lib/python3.12/site-packages/airflow/example_dags/example_nested_branch_dag.py
[2024-12-01T02:29:04.055+0000] {logging_mixin.py:190} INFO - [2024-12-01T02:29:04.055+0000] {dag.py:3239} INFO - Sync 1 DAGs
[2024-12-01T02:29:04.077+0000] {logging_mixin.py:190} INFO - [2024-12-01T02:29:04.077+0000] {dag.py:4180} INFO - Setting next_dagrun for example_nested_branch_dag to 2024-11-30 00:00:00+00:00, run_after=2024-12-01 00:00:00+00:00
[2024-12-01T02:29:04.098+0000] {processor.py:208} INFO - Processing /home/airflow/.local/lib/python3.12/site-packages/airflow/example_dags/example_nested_branch_dag.py took 0.084 seconds
[2024-12-01T02:29:34.585+0000] {processor.py:186} INFO - Started process (PID=52945) to work on /home/airflow/.local/lib/python3.12/site-packages/airflow/example_dags/example_nested_branch_dag.py
[2024-12-01T02:29:34.586+0000] {processor.py:914} INFO - Processing file /home/airflow/.local/lib/python3.12/site-packages/airflow/example_dags/example_nested_branch_dag.py for tasks to queue
[2024-12-01T02:29:34.588+0000] {logging_mixin.py:190} INFO - [2024-12-01T02:29:34.588+0000] {dagbag.py:588} INFO - Filling up the DagBag from /home/airflow/.local/lib/python3.12/site-packages/airflow/example_dags/example_nested_branch_dag.py
[2024-12-01T02:29:34.598+0000] {processor.py:925} INFO - DAG(s) 'example_nested_branch_dag' retrieved from /home/airflow/.local/lib/python3.12/site-packages/airflow/example_dags/example_nested_branch_dag.py
[2024-12-01T02:29:34.638+0000] {logging_mixin.py:190} INFO - [2024-12-01T02:29:34.638+0000] {dag.py:3239} INFO - Sync 1 DAGs
[2024-12-01T02:29:34.683+0000] {logging_mixin.py:190} INFO - [2024-12-01T02:29:34.683+0000] {dag.py:4180} INFO - Setting next_dagrun for example_nested_branch_dag to 2024-11-30 00:00:00+00:00, run_after=2024-12-01 00:00:00+00:00
[2024-12-01T02:29:34.719+0000] {processor.py:208} INFO - Processing /home/airflow/.local/lib/python3.12/site-packages/airflow/example_dags/example_nested_branch_dag.py took 0.139 seconds
[2024-12-01T02:30:05.902+0000] {processor.py:186} INFO - Started process (PID=53010) to work on /home/airflow/.local/lib/python3.12/site-packages/airflow/example_dags/example_nested_branch_dag.py
[2024-12-01T02:30:05.903+0000] {processor.py:914} INFO - Processing file /home/airflow/.local/lib/python3.12/site-packages/airflow/example_dags/example_nested_branch_dag.py for tasks to queue
[2024-12-01T02:30:05.905+0000] {logging_mixin.py:190} INFO - [2024-12-01T02:30:05.905+0000] {dagbag.py:588} INFO - Filling up the DagBag from /home/airflow/.local/lib/python3.12/site-packages/airflow/example_dags/example_nested_branch_dag.py
[2024-12-01T02:30:05.916+0000] {processor.py:925} INFO - DAG(s) 'example_nested_branch_dag' retrieved from /home/airflow/.local/lib/python3.12/site-packages/airflow/example_dags/example_nested_branch_dag.py
[2024-12-01T02:30:05.935+0000] {logging_mixin.py:190} INFO - [2024-12-01T02:30:05.935+0000] {dag.py:3239} INFO - Sync 1 DAGs
[2024-12-01T02:30:05.959+0000] {logging_mixin.py:190} INFO - [2024-12-01T02:30:05.959+0000] {dag.py:4180} INFO - Setting next_dagrun for example_nested_branch_dag to 2024-11-30 00:00:00+00:00, run_after=2024-12-01 00:00:00+00:00
[2024-12-01T02:30:05.977+0000] {processor.py:208} INFO - Processing /home/airflow/.local/lib/python3.12/site-packages/airflow/example_dags/example_nested_branch_dag.py took 0.081 seconds
[2024-12-01T02:30:36.506+0000] {processor.py:186} INFO - Started process (PID=53076) to work on /home/airflow/.local/lib/python3.12/site-packages/airflow/example_dags/example_nested_branch_dag.py
[2024-12-01T02:30:36.507+0000] {processor.py:914} INFO - Processing file /home/airflow/.local/lib/python3.12/site-packages/airflow/example_dags/example_nested_branch_dag.py for tasks to queue
[2024-12-01T02:30:36.509+0000] {logging_mixin.py:190} INFO - [2024-12-01T02:30:36.509+0000] {dagbag.py:588} INFO - Filling up the DagBag from /home/airflow/.local/lib/python3.12/site-packages/airflow/example_dags/example_nested_branch_dag.py
[2024-12-01T02:30:36.519+0000] {processor.py:925} INFO - DAG(s) 'example_nested_branch_dag' retrieved from /home/airflow/.local/lib/python3.12/site-packages/airflow/example_dags/example_nested_branch_dag.py
[2024-12-01T02:30:36.539+0000] {logging_mixin.py:190} INFO - [2024-12-01T02:30:36.539+0000] {dag.py:3239} INFO - Sync 1 DAGs
[2024-12-01T02:30:36.560+0000] {logging_mixin.py:190} INFO - [2024-12-01T02:30:36.560+0000] {dag.py:4180} INFO - Setting next_dagrun for example_nested_branch_dag to 2024-11-30 00:00:00+00:00, run_after=2024-12-01 00:00:00+00:00
[2024-12-01T02:30:36.576+0000] {processor.py:208} INFO - Processing /home/airflow/.local/lib/python3.12/site-packages/airflow/example_dags/example_nested_branch_dag.py took 0.075 seconds
[2024-12-01T02:31:07.154+0000] {processor.py:186} INFO - Started process (PID=53142) to work on /home/airflow/.local/lib/python3.12/site-packages/airflow/example_dags/example_nested_branch_dag.py
[2024-12-01T02:31:07.155+0000] {processor.py:914} INFO - Processing file /home/airflow/.local/lib/python3.12/site-packages/airflow/example_dags/example_nested_branch_dag.py for tasks to queue
[2024-12-01T02:31:07.157+0000] {logging_mixin.py:190} INFO - [2024-12-01T02:31:07.157+0000] {dagbag.py:588} INFO - Filling up the DagBag from /home/airflow/.local/lib/python3.12/site-packages/airflow/example_dags/example_nested_branch_dag.py
[2024-12-01T02:31:07.168+0000] {processor.py:925} INFO - DAG(s) 'example_nested_branch_dag' retrieved from /home/airflow/.local/lib/python3.12/site-packages/airflow/example_dags/example_nested_branch_dag.py
[2024-12-01T02:31:07.187+0000] {logging_mixin.py:190} INFO - [2024-12-01T02:31:07.187+0000] {dag.py:3239} INFO - Sync 1 DAGs
[2024-12-01T02:31:07.208+0000] {logging_mixin.py:190} INFO - [2024-12-01T02:31:07.208+0000] {dag.py:4180} INFO - Setting next_dagrun for example_nested_branch_dag to 2024-11-30 00:00:00+00:00, run_after=2024-12-01 00:00:00+00:00
[2024-12-01T02:31:07.224+0000] {processor.py:208} INFO - Processing /home/airflow/.local/lib/python3.12/site-packages/airflow/example_dags/example_nested_branch_dag.py took 0.075 seconds
[2024-12-01T02:31:38.465+0000] {processor.py:186} INFO - Started process (PID=53208) to work on /home/airflow/.local/lib/python3.12/site-packages/airflow/example_dags/example_nested_branch_dag.py
[2024-12-01T02:31:38.466+0000] {processor.py:914} INFO - Processing file /home/airflow/.local/lib/python3.12/site-packages/airflow/example_dags/example_nested_branch_dag.py for tasks to queue
[2024-12-01T02:31:38.468+0000] {logging_mixin.py:190} INFO - [2024-12-01T02:31:38.468+0000] {dagbag.py:588} INFO - Filling up the DagBag from /home/airflow/.local/lib/python3.12/site-packages/airflow/example_dags/example_nested_branch_dag.py
[2024-12-01T02:31:38.480+0000] {processor.py:925} INFO - DAG(s) 'example_nested_branch_dag' retrieved from /home/airflow/.local/lib/python3.12/site-packages/airflow/example_dags/example_nested_branch_dag.py
[2024-12-01T02:31:38.508+0000] {logging_mixin.py:190} INFO - [2024-12-01T02:31:38.508+0000] {dag.py:3239} INFO - Sync 1 DAGs
[2024-12-01T02:31:38.536+0000] {logging_mixin.py:190} INFO - [2024-12-01T02:31:38.536+0000] {dag.py:4180} INFO - Setting next_dagrun for example_nested_branch_dag to 2024-11-30 00:00:00+00:00, run_after=2024-12-01 00:00:00+00:00
[2024-12-01T02:31:38.554+0000] {processor.py:208} INFO - Processing /home/airflow/.local/lib/python3.12/site-packages/airflow/example_dags/example_nested_branch_dag.py took 0.094 seconds
[2024-12-01T02:32:08.951+0000] {processor.py:186} INFO - Started process (PID=53274) to work on /home/airflow/.local/lib/python3.12/site-packages/airflow/example_dags/example_nested_branch_dag.py
[2024-12-01T02:32:08.952+0000] {processor.py:914} INFO - Processing file /home/airflow/.local/lib/python3.12/site-packages/airflow/example_dags/example_nested_branch_dag.py for tasks to queue
[2024-12-01T02:32:08.954+0000] {logging_mixin.py:190} INFO - [2024-12-01T02:32:08.954+0000] {dagbag.py:588} INFO - Filling up the DagBag from /home/airflow/.local/lib/python3.12/site-packages/airflow/example_dags/example_nested_branch_dag.py
[2024-12-01T02:32:08.965+0000] {processor.py:925} INFO - DAG(s) 'example_nested_branch_dag' retrieved from /home/airflow/.local/lib/python3.12/site-packages/airflow/example_dags/example_nested_branch_dag.py
[2024-12-01T02:32:08.984+0000] {logging_mixin.py:190} INFO - [2024-12-01T02:32:08.984+0000] {dag.py:3239} INFO - Sync 1 DAGs
[2024-12-01T02:32:09.006+0000] {logging_mixin.py:190} INFO - [2024-12-01T02:32:09.006+0000] {dag.py:4180} INFO - Setting next_dagrun for example_nested_branch_dag to 2024-11-30 00:00:00+00:00, run_after=2024-12-01 00:00:00+00:00
[2024-12-01T02:32:09.023+0000] {processor.py:208} INFO - Processing /home/airflow/.local/lib/python3.12/site-packages/airflow/example_dags/example_nested_branch_dag.py took 0.078 seconds
[2024-12-01T02:32:40.746+0000] {processor.py:186} INFO - Started process (PID=53341) to work on /home/airflow/.local/lib/python3.12/site-packages/airflow/example_dags/example_nested_branch_dag.py
[2024-12-01T02:32:40.747+0000] {processor.py:914} INFO - Processing file /home/airflow/.local/lib/python3.12/site-packages/airflow/example_dags/example_nested_branch_dag.py for tasks to queue
[2024-12-01T02:32:40.750+0000] {logging_mixin.py:190} INFO - [2024-12-01T02:32:40.749+0000] {dagbag.py:588} INFO - Filling up the DagBag from /home/airflow/.local/lib/python3.12/site-packages/airflow/example_dags/example_nested_branch_dag.py
[2024-12-01T02:32:40.762+0000] {processor.py:925} INFO - DAG(s) 'example_nested_branch_dag' retrieved from /home/airflow/.local/lib/python3.12/site-packages/airflow/example_dags/example_nested_branch_dag.py
[2024-12-01T02:32:40.788+0000] {logging_mixin.py:190} INFO - [2024-12-01T02:32:40.788+0000] {dag.py:3239} INFO - Sync 1 DAGs
[2024-12-01T02:32:40.817+0000] {logging_mixin.py:190} INFO - [2024-12-01T02:32:40.817+0000] {dag.py:4180} INFO - Setting next_dagrun for example_nested_branch_dag to 2024-11-30 00:00:00+00:00, run_after=2024-12-01 00:00:00+00:00
[2024-12-01T02:32:40.851+0000] {processor.py:208} INFO - Processing /home/airflow/.local/lib/python3.12/site-packages/airflow/example_dags/example_nested_branch_dag.py took 0.111 seconds
[2024-12-01T02:33:11.319+0000] {processor.py:186} INFO - Started process (PID=53407) to work on /home/airflow/.local/lib/python3.12/site-packages/airflow/example_dags/example_nested_branch_dag.py
[2024-12-01T02:33:11.320+0000] {processor.py:914} INFO - Processing file /home/airflow/.local/lib/python3.12/site-packages/airflow/example_dags/example_nested_branch_dag.py for tasks to queue
[2024-12-01T02:33:11.322+0000] {logging_mixin.py:190} INFO - [2024-12-01T02:33:11.322+0000] {dagbag.py:588} INFO - Filling up the DagBag from /home/airflow/.local/lib/python3.12/site-packages/airflow/example_dags/example_nested_branch_dag.py
[2024-12-01T02:33:11.332+0000] {processor.py:925} INFO - DAG(s) 'example_nested_branch_dag' retrieved from /home/airflow/.local/lib/python3.12/site-packages/airflow/example_dags/example_nested_branch_dag.py
[2024-12-01T02:33:11.350+0000] {logging_mixin.py:190} INFO - [2024-12-01T02:33:11.350+0000] {dag.py:3239} INFO - Sync 1 DAGs
[2024-12-01T02:33:11.371+0000] {logging_mixin.py:190} INFO - [2024-12-01T02:33:11.371+0000] {dag.py:4180} INFO - Setting next_dagrun for example_nested_branch_dag to 2024-11-30 00:00:00+00:00, run_after=2024-12-01 00:00:00+00:00
[2024-12-01T02:33:11.387+0000] {processor.py:208} INFO - Processing /home/airflow/.local/lib/python3.12/site-packages/airflow/example_dags/example_nested_branch_dag.py took 0.073 seconds
[2024-12-01T02:33:42.077+0000] {processor.py:186} INFO - Started process (PID=53473) to work on /home/airflow/.local/lib/python3.12/site-packages/airflow/example_dags/example_nested_branch_dag.py
[2024-12-01T02:33:42.078+0000] {processor.py:914} INFO - Processing file /home/airflow/.local/lib/python3.12/site-packages/airflow/example_dags/example_nested_branch_dag.py for tasks to queue
[2024-12-01T02:33:42.080+0000] {logging_mixin.py:190} INFO - [2024-12-01T02:33:42.080+0000] {dagbag.py:588} INFO - Filling up the DagBag from /home/airflow/.local/lib/python3.12/site-packages/airflow/example_dags/example_nested_branch_dag.py
[2024-12-01T02:33:42.090+0000] {processor.py:925} INFO - DAG(s) 'example_nested_branch_dag' retrieved from /home/airflow/.local/lib/python3.12/site-packages/airflow/example_dags/example_nested_branch_dag.py
[2024-12-01T02:33:42.109+0000] {logging_mixin.py:190} INFO - [2024-12-01T02:33:42.109+0000] {dag.py:3239} INFO - Sync 1 DAGs
[2024-12-01T02:33:42.131+0000] {logging_mixin.py:190} INFO - [2024-12-01T02:33:42.131+0000] {dag.py:4180} INFO - Setting next_dagrun for example_nested_branch_dag to 2024-11-30 00:00:00+00:00, run_after=2024-12-01 00:00:00+00:00
[2024-12-01T02:33:42.148+0000] {processor.py:208} INFO - Processing /home/airflow/.local/lib/python3.12/site-packages/airflow/example_dags/example_nested_branch_dag.py took 0.076 seconds
