[2024-12-01T02:10:55.353+0000] {processor.py:186} INFO - Started process (PID=50522) to work on /home/airflow/.local/lib/python3.12/site-packages/airflow/example_dags/example_xcom.py
[2024-12-01T02:10:55.369+0000] {processor.py:914} INFO - Processing file /home/airflow/.local/lib/python3.12/site-packages/airflow/example_dags/example_xcom.py for tasks to queue
[2024-12-01T02:10:55.372+0000] {logging_mixin.py:190} INFO - [2024-12-01T02:10:55.372+0000] {dagbag.py:588} INFO - Filling up the DagBag from /home/airflow/.local/lib/python3.12/site-packages/airflow/example_dags/example_xcom.py
[2024-12-01T02:10:55.415+0000] {processor.py:925} INFO - DAG(s) 'example_xcom' retrieved from /home/airflow/.local/lib/python3.12/site-packages/airflow/example_dags/example_xcom.py
[2024-12-01T02:10:55.477+0000] {logging_mixin.py:190} INFO - [2024-12-01T02:10:55.477+0000] {dag.py:3239} INFO - Sync 1 DAGs
[2024-12-01T02:10:55.575+0000] {logging_mixin.py:190} INFO - [2024-12-01T02:10:55.574+0000] {dag.py:4180} INFO - Setting next_dagrun for example_xcom to 2021-01-01 00:00:00+00:00, run_after=2021-01-01 00:00:00+00:00
[2024-12-01T02:10:55.647+0000] {processor.py:208} INFO - Processing /home/airflow/.local/lib/python3.12/site-packages/airflow/example_dags/example_xcom.py took 0.309 seconds
[2024-12-01T02:11:25.845+0000] {processor.py:186} INFO - Started process (PID=50588) to work on /home/airflow/.local/lib/python3.12/site-packages/airflow/example_dags/example_xcom.py
[2024-12-01T02:11:25.845+0000] {processor.py:914} INFO - Processing file /home/airflow/.local/lib/python3.12/site-packages/airflow/example_dags/example_xcom.py for tasks to queue
[2024-12-01T02:11:25.848+0000] {logging_mixin.py:190} INFO - [2024-12-01T02:11:25.847+0000] {dagbag.py:588} INFO - Filling up the DagBag from /home/airflow/.local/lib/python3.12/site-packages/airflow/example_dags/example_xcom.py
[2024-12-01T02:11:25.856+0000] {processor.py:925} INFO - DAG(s) 'example_xcom' retrieved from /home/airflow/.local/lib/python3.12/site-packages/airflow/example_dags/example_xcom.py
[2024-12-01T02:11:25.876+0000] {logging_mixin.py:190} INFO - [2024-12-01T02:11:25.876+0000] {dag.py:3239} INFO - Sync 1 DAGs
[2024-12-01T02:11:25.899+0000] {logging_mixin.py:190} INFO - [2024-12-01T02:11:25.899+0000] {dag.py:4180} INFO - Setting next_dagrun for example_xcom to 2021-01-01 00:00:00+00:00, run_after=2021-01-01 00:00:00+00:00
[2024-12-01T02:11:25.918+0000] {processor.py:208} INFO - Processing /home/airflow/.local/lib/python3.12/site-packages/airflow/example_dags/example_xcom.py took 0.079 seconds
[2024-12-01T02:11:56.644+0000] {processor.py:186} INFO - Started process (PID=50655) to work on /home/airflow/.local/lib/python3.12/site-packages/airflow/example_dags/example_xcom.py
[2024-12-01T02:11:56.645+0000] {processor.py:914} INFO - Processing file /home/airflow/.local/lib/python3.12/site-packages/airflow/example_dags/example_xcom.py for tasks to queue
[2024-12-01T02:11:56.648+0000] {logging_mixin.py:190} INFO - [2024-12-01T02:11:56.648+0000] {dagbag.py:588} INFO - Filling up the DagBag from /home/airflow/.local/lib/python3.12/site-packages/airflow/example_dags/example_xcom.py
[2024-12-01T02:11:56.659+0000] {processor.py:925} INFO - DAG(s) 'example_xcom' retrieved from /home/airflow/.local/lib/python3.12/site-packages/airflow/example_dags/example_xcom.py
[2024-12-01T02:11:56.680+0000] {logging_mixin.py:190} INFO - [2024-12-01T02:11:56.679+0000] {dag.py:3239} INFO - Sync 1 DAGs
[2024-12-01T02:11:56.702+0000] {logging_mixin.py:190} INFO - [2024-12-01T02:11:56.702+0000] {dag.py:4180} INFO - Setting next_dagrun for example_xcom to 2021-01-01 00:00:00+00:00, run_after=2021-01-01 00:00:00+00:00
[2024-12-01T02:11:56.719+0000] {processor.py:208} INFO - Processing /home/airflow/.local/lib/python3.12/site-packages/airflow/example_dags/example_xcom.py took 0.081 seconds
[2024-12-01T02:12:27.216+0000] {processor.py:186} INFO - Started process (PID=50721) to work on /home/airflow/.local/lib/python3.12/site-packages/airflow/example_dags/example_xcom.py
[2024-12-01T02:12:27.217+0000] {processor.py:914} INFO - Processing file /home/airflow/.local/lib/python3.12/site-packages/airflow/example_dags/example_xcom.py for tasks to queue
[2024-12-01T02:12:27.220+0000] {logging_mixin.py:190} INFO - [2024-12-01T02:12:27.220+0000] {dagbag.py:588} INFO - Filling up the DagBag from /home/airflow/.local/lib/python3.12/site-packages/airflow/example_dags/example_xcom.py
[2024-12-01T02:12:27.228+0000] {processor.py:925} INFO - DAG(s) 'example_xcom' retrieved from /home/airflow/.local/lib/python3.12/site-packages/airflow/example_dags/example_xcom.py
[2024-12-01T02:12:27.247+0000] {logging_mixin.py:190} INFO - [2024-12-01T02:12:27.247+0000] {dag.py:3239} INFO - Sync 1 DAGs
[2024-12-01T02:12:27.267+0000] {logging_mixin.py:190} INFO - [2024-12-01T02:12:27.267+0000] {dag.py:4180} INFO - Setting next_dagrun for example_xcom to 2021-01-01 00:00:00+00:00, run_after=2021-01-01 00:00:00+00:00
[2024-12-01T02:12:27.283+0000] {processor.py:208} INFO - Processing /home/airflow/.local/lib/python3.12/site-packages/airflow/example_dags/example_xcom.py took 0.072 seconds
[2024-12-01T02:12:57.946+0000] {processor.py:186} INFO - Started process (PID=50787) to work on /home/airflow/.local/lib/python3.12/site-packages/airflow/example_dags/example_xcom.py
[2024-12-01T02:12:57.947+0000] {processor.py:914} INFO - Processing file /home/airflow/.local/lib/python3.12/site-packages/airflow/example_dags/example_xcom.py for tasks to queue
[2024-12-01T02:12:57.949+0000] {logging_mixin.py:190} INFO - [2024-12-01T02:12:57.949+0000] {dagbag.py:588} INFO - Filling up the DagBag from /home/airflow/.local/lib/python3.12/site-packages/airflow/example_dags/example_xcom.py
[2024-12-01T02:12:57.957+0000] {processor.py:925} INFO - DAG(s) 'example_xcom' retrieved from /home/airflow/.local/lib/python3.12/site-packages/airflow/example_dags/example_xcom.py
[2024-12-01T02:12:57.976+0000] {logging_mixin.py:190} INFO - [2024-12-01T02:12:57.976+0000] {dag.py:3239} INFO - Sync 1 DAGs
[2024-12-01T02:12:57.999+0000] {logging_mixin.py:190} INFO - [2024-12-01T02:12:57.999+0000] {dag.py:4180} INFO - Setting next_dagrun for example_xcom to 2021-01-01 00:00:00+00:00, run_after=2021-01-01 00:00:00+00:00
[2024-12-01T02:12:58.022+0000] {processor.py:208} INFO - Processing /home/airflow/.local/lib/python3.12/site-packages/airflow/example_dags/example_xcom.py took 0.081 seconds
[2024-12-01T02:13:28.669+0000] {processor.py:186} INFO - Started process (PID=50853) to work on /home/airflow/.local/lib/python3.12/site-packages/airflow/example_dags/example_xcom.py
[2024-12-01T02:13:28.670+0000] {processor.py:914} INFO - Processing file /home/airflow/.local/lib/python3.12/site-packages/airflow/example_dags/example_xcom.py for tasks to queue
[2024-12-01T02:13:28.672+0000] {logging_mixin.py:190} INFO - [2024-12-01T02:13:28.672+0000] {dagbag.py:588} INFO - Filling up the DagBag from /home/airflow/.local/lib/python3.12/site-packages/airflow/example_dags/example_xcom.py
[2024-12-01T02:13:28.682+0000] {processor.py:925} INFO - DAG(s) 'example_xcom' retrieved from /home/airflow/.local/lib/python3.12/site-packages/airflow/example_dags/example_xcom.py
[2024-12-01T02:13:28.703+0000] {logging_mixin.py:190} INFO - [2024-12-01T02:13:28.703+0000] {dag.py:3239} INFO - Sync 1 DAGs
[2024-12-01T02:13:28.726+0000] {logging_mixin.py:190} INFO - [2024-12-01T02:13:28.726+0000] {dag.py:4180} INFO - Setting next_dagrun for example_xcom to 2021-01-01 00:00:00+00:00, run_after=2021-01-01 00:00:00+00:00
[2024-12-01T02:13:28.747+0000] {processor.py:208} INFO - Processing /home/airflow/.local/lib/python3.12/site-packages/airflow/example_dags/example_xcom.py took 0.084 seconds
[2024-12-01T02:13:59.389+0000] {processor.py:186} INFO - Started process (PID=50925) to work on /home/airflow/.local/lib/python3.12/site-packages/airflow/example_dags/example_xcom.py
[2024-12-01T02:13:59.389+0000] {processor.py:914} INFO - Processing file /home/airflow/.local/lib/python3.12/site-packages/airflow/example_dags/example_xcom.py for tasks to queue
[2024-12-01T02:13:59.392+0000] {logging_mixin.py:190} INFO - [2024-12-01T02:13:59.391+0000] {dagbag.py:588} INFO - Filling up the DagBag from /home/airflow/.local/lib/python3.12/site-packages/airflow/example_dags/example_xcom.py
[2024-12-01T02:13:59.400+0000] {processor.py:925} INFO - DAG(s) 'example_xcom' retrieved from /home/airflow/.local/lib/python3.12/site-packages/airflow/example_dags/example_xcom.py
[2024-12-01T02:13:59.418+0000] {logging_mixin.py:190} INFO - [2024-12-01T02:13:59.418+0000] {dag.py:3239} INFO - Sync 1 DAGs
[2024-12-01T02:13:59.439+0000] {logging_mixin.py:190} INFO - [2024-12-01T02:13:59.438+0000] {dag.py:4180} INFO - Setting next_dagrun for example_xcom to 2021-01-01 00:00:00+00:00, run_after=2021-01-01 00:00:00+00:00
[2024-12-01T02:13:59.454+0000] {processor.py:208} INFO - Processing /home/airflow/.local/lib/python3.12/site-packages/airflow/example_dags/example_xcom.py took 0.071 seconds
[2024-12-01T02:14:29.767+0000] {processor.py:186} INFO - Started process (PID=50991) to work on /home/airflow/.local/lib/python3.12/site-packages/airflow/example_dags/example_xcom.py
[2024-12-01T02:14:29.769+0000] {processor.py:914} INFO - Processing file /home/airflow/.local/lib/python3.12/site-packages/airflow/example_dags/example_xcom.py for tasks to queue
[2024-12-01T02:14:29.772+0000] {logging_mixin.py:190} INFO - [2024-12-01T02:14:29.772+0000] {dagbag.py:588} INFO - Filling up the DagBag from /home/airflow/.local/lib/python3.12/site-packages/airflow/example_dags/example_xcom.py
[2024-12-01T02:14:29.790+0000] {processor.py:925} INFO - DAG(s) 'example_xcom' retrieved from /home/airflow/.local/lib/python3.12/site-packages/airflow/example_dags/example_xcom.py
[2024-12-01T02:14:29.809+0000] {logging_mixin.py:190} INFO - [2024-12-01T02:14:29.809+0000] {dag.py:3239} INFO - Sync 1 DAGs
[2024-12-01T02:14:29.828+0000] {logging_mixin.py:190} INFO - [2024-12-01T02:14:29.828+0000] {dag.py:4180} INFO - Setting next_dagrun for example_xcom to 2021-01-01 00:00:00+00:00, run_after=2021-01-01 00:00:00+00:00
[2024-12-01T02:14:29.843+0000] {processor.py:208} INFO - Processing /home/airflow/.local/lib/python3.12/site-packages/airflow/example_dags/example_xcom.py took 0.086 seconds
[2024-12-01T02:15:00.465+0000] {processor.py:186} INFO - Started process (PID=51057) to work on /home/airflow/.local/lib/python3.12/site-packages/airflow/example_dags/example_xcom.py
[2024-12-01T02:15:00.466+0000] {processor.py:914} INFO - Processing file /home/airflow/.local/lib/python3.12/site-packages/airflow/example_dags/example_xcom.py for tasks to queue
[2024-12-01T02:15:00.468+0000] {logging_mixin.py:190} INFO - [2024-12-01T02:15:00.468+0000] {dagbag.py:588} INFO - Filling up the DagBag from /home/airflow/.local/lib/python3.12/site-packages/airflow/example_dags/example_xcom.py
[2024-12-01T02:15:00.476+0000] {processor.py:925} INFO - DAG(s) 'example_xcom' retrieved from /home/airflow/.local/lib/python3.12/site-packages/airflow/example_dags/example_xcom.py
[2024-12-01T02:15:00.493+0000] {logging_mixin.py:190} INFO - [2024-12-01T02:15:00.493+0000] {dag.py:3239} INFO - Sync 1 DAGs
[2024-12-01T02:15:00.513+0000] {logging_mixin.py:190} INFO - [2024-12-01T02:15:00.513+0000] {dag.py:4180} INFO - Setting next_dagrun for example_xcom to 2021-01-01 00:00:00+00:00, run_after=2021-01-01 00:00:00+00:00
[2024-12-01T02:15:00.534+0000] {processor.py:208} INFO - Processing /home/airflow/.local/lib/python3.12/site-packages/airflow/example_dags/example_xcom.py took 0.075 seconds
[2024-12-01T02:15:31.474+0000] {processor.py:186} INFO - Started process (PID=51123) to work on /home/airflow/.local/lib/python3.12/site-packages/airflow/example_dags/example_xcom.py
[2024-12-01T02:15:31.475+0000] {processor.py:914} INFO - Processing file /home/airflow/.local/lib/python3.12/site-packages/airflow/example_dags/example_xcom.py for tasks to queue
[2024-12-01T02:15:31.477+0000] {logging_mixin.py:190} INFO - [2024-12-01T02:15:31.477+0000] {dagbag.py:588} INFO - Filling up the DagBag from /home/airflow/.local/lib/python3.12/site-packages/airflow/example_dags/example_xcom.py
[2024-12-01T02:15:31.485+0000] {processor.py:925} INFO - DAG(s) 'example_xcom' retrieved from /home/airflow/.local/lib/python3.12/site-packages/airflow/example_dags/example_xcom.py
[2024-12-01T02:15:31.504+0000] {logging_mixin.py:190} INFO - [2024-12-01T02:15:31.504+0000] {dag.py:3239} INFO - Sync 1 DAGs
[2024-12-01T02:15:31.526+0000] {logging_mixin.py:190} INFO - [2024-12-01T02:15:31.525+0000] {dag.py:4180} INFO - Setting next_dagrun for example_xcom to 2021-01-01 00:00:00+00:00, run_after=2021-01-01 00:00:00+00:00
[2024-12-01T02:15:31.544+0000] {processor.py:208} INFO - Processing /home/airflow/.local/lib/python3.12/site-packages/airflow/example_dags/example_xcom.py took 0.076 seconds
[2024-12-01T02:16:02.467+0000] {processor.py:186} INFO - Started process (PID=51189) to work on /home/airflow/.local/lib/python3.12/site-packages/airflow/example_dags/example_xcom.py
[2024-12-01T02:16:02.468+0000] {processor.py:914} INFO - Processing file /home/airflow/.local/lib/python3.12/site-packages/airflow/example_dags/example_xcom.py for tasks to queue
[2024-12-01T02:16:02.471+0000] {logging_mixin.py:190} INFO - [2024-12-01T02:16:02.471+0000] {dagbag.py:588} INFO - Filling up the DagBag from /home/airflow/.local/lib/python3.12/site-packages/airflow/example_dags/example_xcom.py
[2024-12-01T02:16:02.485+0000] {processor.py:925} INFO - DAG(s) 'example_xcom' retrieved from /home/airflow/.local/lib/python3.12/site-packages/airflow/example_dags/example_xcom.py
[2024-12-01T02:16:02.505+0000] {logging_mixin.py:190} INFO - [2024-12-01T02:16:02.505+0000] {dag.py:3239} INFO - Sync 1 DAGs
[2024-12-01T02:16:02.529+0000] {logging_mixin.py:190} INFO - [2024-12-01T02:16:02.528+0000] {dag.py:4180} INFO - Setting next_dagrun for example_xcom to 2021-01-01 00:00:00+00:00, run_after=2021-01-01 00:00:00+00:00
[2024-12-01T02:16:02.545+0000] {processor.py:208} INFO - Processing /home/airflow/.local/lib/python3.12/site-packages/airflow/example_dags/example_xcom.py took 0.083 seconds
[2024-12-01T02:16:33.066+0000] {processor.py:186} INFO - Started process (PID=51255) to work on /home/airflow/.local/lib/python3.12/site-packages/airflow/example_dags/example_xcom.py
[2024-12-01T02:16:33.067+0000] {processor.py:914} INFO - Processing file /home/airflow/.local/lib/python3.12/site-packages/airflow/example_dags/example_xcom.py for tasks to queue
[2024-12-01T02:16:33.069+0000] {logging_mixin.py:190} INFO - [2024-12-01T02:16:33.069+0000] {dagbag.py:588} INFO - Filling up the DagBag from /home/airflow/.local/lib/python3.12/site-packages/airflow/example_dags/example_xcom.py
[2024-12-01T02:16:33.079+0000] {processor.py:925} INFO - DAG(s) 'example_xcom' retrieved from /home/airflow/.local/lib/python3.12/site-packages/airflow/example_dags/example_xcom.py
[2024-12-01T02:16:33.097+0000] {logging_mixin.py:190} INFO - [2024-12-01T02:16:33.097+0000] {dag.py:3239} INFO - Sync 1 DAGs
[2024-12-01T02:16:33.117+0000] {logging_mixin.py:190} INFO - [2024-12-01T02:16:33.117+0000] {dag.py:4180} INFO - Setting next_dagrun for example_xcom to 2021-01-01 00:00:00+00:00, run_after=2021-01-01 00:00:00+00:00
[2024-12-01T02:16:33.135+0000] {processor.py:208} INFO - Processing /home/airflow/.local/lib/python3.12/site-packages/airflow/example_dags/example_xcom.py took 0.075 seconds
[2024-12-01T02:17:03.201+0000] {processor.py:186} INFO - Started process (PID=51321) to work on /home/airflow/.local/lib/python3.12/site-packages/airflow/example_dags/example_xcom.py
[2024-12-01T02:17:03.202+0000] {processor.py:914} INFO - Processing file /home/airflow/.local/lib/python3.12/site-packages/airflow/example_dags/example_xcom.py for tasks to queue
[2024-12-01T02:17:03.205+0000] {logging_mixin.py:190} INFO - [2024-12-01T02:17:03.204+0000] {dagbag.py:588} INFO - Filling up the DagBag from /home/airflow/.local/lib/python3.12/site-packages/airflow/example_dags/example_xcom.py
[2024-12-01T02:17:03.216+0000] {processor.py:925} INFO - DAG(s) 'example_xcom' retrieved from /home/airflow/.local/lib/python3.12/site-packages/airflow/example_dags/example_xcom.py
[2024-12-01T02:17:03.234+0000] {logging_mixin.py:190} INFO - [2024-12-01T02:17:03.234+0000] {dag.py:3239} INFO - Sync 1 DAGs
[2024-12-01T02:17:03.255+0000] {logging_mixin.py:190} INFO - [2024-12-01T02:17:03.254+0000] {dag.py:4180} INFO - Setting next_dagrun for example_xcom to 2021-01-01 00:00:00+00:00, run_after=2021-01-01 00:00:00+00:00
[2024-12-01T02:17:03.273+0000] {processor.py:208} INFO - Processing /home/airflow/.local/lib/python3.12/site-packages/airflow/example_dags/example_xcom.py took 0.077 seconds
[2024-12-01T02:17:34.181+0000] {processor.py:186} INFO - Started process (PID=51387) to work on /home/airflow/.local/lib/python3.12/site-packages/airflow/example_dags/example_xcom.py
[2024-12-01T02:17:34.182+0000] {processor.py:914} INFO - Processing file /home/airflow/.local/lib/python3.12/site-packages/airflow/example_dags/example_xcom.py for tasks to queue
[2024-12-01T02:17:34.184+0000] {logging_mixin.py:190} INFO - [2024-12-01T02:17:34.184+0000] {dagbag.py:588} INFO - Filling up the DagBag from /home/airflow/.local/lib/python3.12/site-packages/airflow/example_dags/example_xcom.py
[2024-12-01T02:17:34.193+0000] {processor.py:925} INFO - DAG(s) 'example_xcom' retrieved from /home/airflow/.local/lib/python3.12/site-packages/airflow/example_dags/example_xcom.py
[2024-12-01T02:17:34.212+0000] {logging_mixin.py:190} INFO - [2024-12-01T02:17:34.212+0000] {dag.py:3239} INFO - Sync 1 DAGs
[2024-12-01T02:17:34.231+0000] {logging_mixin.py:190} INFO - [2024-12-01T02:17:34.230+0000] {dag.py:4180} INFO - Setting next_dagrun for example_xcom to 2021-01-01 00:00:00+00:00, run_after=2021-01-01 00:00:00+00:00
[2024-12-01T02:17:34.244+0000] {processor.py:208} INFO - Processing /home/airflow/.local/lib/python3.12/site-packages/airflow/example_dags/example_xcom.py took 0.068 seconds
[2024-12-01T02:18:04.329+0000] {processor.py:186} INFO - Started process (PID=51453) to work on /home/airflow/.local/lib/python3.12/site-packages/airflow/example_dags/example_xcom.py
[2024-12-01T02:18:04.330+0000] {processor.py:914} INFO - Processing file /home/airflow/.local/lib/python3.12/site-packages/airflow/example_dags/example_xcom.py for tasks to queue
[2024-12-01T02:18:04.332+0000] {logging_mixin.py:190} INFO - [2024-12-01T02:18:04.331+0000] {dagbag.py:588} INFO - Filling up the DagBag from /home/airflow/.local/lib/python3.12/site-packages/airflow/example_dags/example_xcom.py
[2024-12-01T02:18:04.341+0000] {processor.py:925} INFO - DAG(s) 'example_xcom' retrieved from /home/airflow/.local/lib/python3.12/site-packages/airflow/example_dags/example_xcom.py
[2024-12-01T02:18:04.358+0000] {logging_mixin.py:190} INFO - [2024-12-01T02:18:04.358+0000] {dag.py:3239} INFO - Sync 1 DAGs
[2024-12-01T02:18:04.378+0000] {logging_mixin.py:190} INFO - [2024-12-01T02:18:04.378+0000] {dag.py:4180} INFO - Setting next_dagrun for example_xcom to 2021-01-01 00:00:00+00:00, run_after=2021-01-01 00:00:00+00:00
[2024-12-01T02:18:04.393+0000] {processor.py:208} INFO - Processing /home/airflow/.local/lib/python3.12/site-packages/airflow/example_dags/example_xcom.py took 0.070 seconds
[2024-12-01T02:18:35.151+0000] {processor.py:186} INFO - Started process (PID=51519) to work on /home/airflow/.local/lib/python3.12/site-packages/airflow/example_dags/example_xcom.py
[2024-12-01T02:18:35.152+0000] {processor.py:914} INFO - Processing file /home/airflow/.local/lib/python3.12/site-packages/airflow/example_dags/example_xcom.py for tasks to queue
[2024-12-01T02:18:35.154+0000] {logging_mixin.py:190} INFO - [2024-12-01T02:18:35.154+0000] {dagbag.py:588} INFO - Filling up the DagBag from /home/airflow/.local/lib/python3.12/site-packages/airflow/example_dags/example_xcom.py
[2024-12-01T02:18:35.163+0000] {processor.py:925} INFO - DAG(s) 'example_xcom' retrieved from /home/airflow/.local/lib/python3.12/site-packages/airflow/example_dags/example_xcom.py
[2024-12-01T02:18:35.181+0000] {logging_mixin.py:190} INFO - [2024-12-01T02:18:35.181+0000] {dag.py:3239} INFO - Sync 1 DAGs
[2024-12-01T02:18:35.200+0000] {logging_mixin.py:190} INFO - [2024-12-01T02:18:35.200+0000] {dag.py:4180} INFO - Setting next_dagrun for example_xcom to 2021-01-01 00:00:00+00:00, run_after=2021-01-01 00:00:00+00:00
[2024-12-01T02:18:35.216+0000] {processor.py:208} INFO - Processing /home/airflow/.local/lib/python3.12/site-packages/airflow/example_dags/example_xcom.py took 0.070 seconds
[2024-12-01T02:19:05.961+0000] {processor.py:186} INFO - Started process (PID=51586) to work on /home/airflow/.local/lib/python3.12/site-packages/airflow/example_dags/example_xcom.py
[2024-12-01T02:19:05.962+0000] {processor.py:914} INFO - Processing file /home/airflow/.local/lib/python3.12/site-packages/airflow/example_dags/example_xcom.py for tasks to queue
[2024-12-01T02:19:05.965+0000] {logging_mixin.py:190} INFO - [2024-12-01T02:19:05.964+0000] {dagbag.py:588} INFO - Filling up the DagBag from /home/airflow/.local/lib/python3.12/site-packages/airflow/example_dags/example_xcom.py
[2024-12-01T02:19:05.973+0000] {processor.py:925} INFO - DAG(s) 'example_xcom' retrieved from /home/airflow/.local/lib/python3.12/site-packages/airflow/example_dags/example_xcom.py
[2024-12-01T02:19:05.993+0000] {logging_mixin.py:190} INFO - [2024-12-01T02:19:05.993+0000] {dag.py:3239} INFO - Sync 1 DAGs
[2024-12-01T02:19:06.013+0000] {logging_mixin.py:190} INFO - [2024-12-01T02:19:06.013+0000] {dag.py:4180} INFO - Setting next_dagrun for example_xcom to 2021-01-01 00:00:00+00:00, run_after=2021-01-01 00:00:00+00:00
[2024-12-01T02:19:06.031+0000] {processor.py:208} INFO - Processing /home/airflow/.local/lib/python3.12/site-packages/airflow/example_dags/example_xcom.py took 0.075 seconds
[2024-12-01T02:19:36.254+0000] {processor.py:186} INFO - Started process (PID=51652) to work on /home/airflow/.local/lib/python3.12/site-packages/airflow/example_dags/example_xcom.py
[2024-12-01T02:19:36.255+0000] {processor.py:914} INFO - Processing file /home/airflow/.local/lib/python3.12/site-packages/airflow/example_dags/example_xcom.py for tasks to queue
[2024-12-01T02:19:36.257+0000] {logging_mixin.py:190} INFO - [2024-12-01T02:19:36.257+0000] {dagbag.py:588} INFO - Filling up the DagBag from /home/airflow/.local/lib/python3.12/site-packages/airflow/example_dags/example_xcom.py
[2024-12-01T02:19:36.266+0000] {processor.py:925} INFO - DAG(s) 'example_xcom' retrieved from /home/airflow/.local/lib/python3.12/site-packages/airflow/example_dags/example_xcom.py
[2024-12-01T02:19:36.283+0000] {logging_mixin.py:190} INFO - [2024-12-01T02:19:36.283+0000] {dag.py:3239} INFO - Sync 1 DAGs
[2024-12-01T02:19:36.303+0000] {logging_mixin.py:190} INFO - [2024-12-01T02:19:36.302+0000] {dag.py:4180} INFO - Setting next_dagrun for example_xcom to 2021-01-01 00:00:00+00:00, run_after=2021-01-01 00:00:00+00:00
[2024-12-01T02:19:36.317+0000] {processor.py:208} INFO - Processing /home/airflow/.local/lib/python3.12/site-packages/airflow/example_dags/example_xcom.py took 0.068 seconds
[2024-12-01T02:20:07.201+0000] {processor.py:186} INFO - Started process (PID=51718) to work on /home/airflow/.local/lib/python3.12/site-packages/airflow/example_dags/example_xcom.py
[2024-12-01T02:20:07.202+0000] {processor.py:914} INFO - Processing file /home/airflow/.local/lib/python3.12/site-packages/airflow/example_dags/example_xcom.py for tasks to queue
[2024-12-01T02:20:07.204+0000] {logging_mixin.py:190} INFO - [2024-12-01T02:20:07.204+0000] {dagbag.py:588} INFO - Filling up the DagBag from /home/airflow/.local/lib/python3.12/site-packages/airflow/example_dags/example_xcom.py
[2024-12-01T02:20:07.213+0000] {processor.py:925} INFO - DAG(s) 'example_xcom' retrieved from /home/airflow/.local/lib/python3.12/site-packages/airflow/example_dags/example_xcom.py
[2024-12-01T02:20:07.232+0000] {logging_mixin.py:190} INFO - [2024-12-01T02:20:07.232+0000] {dag.py:3239} INFO - Sync 1 DAGs
[2024-12-01T02:20:07.254+0000] {logging_mixin.py:190} INFO - [2024-12-01T02:20:07.253+0000] {dag.py:4180} INFO - Setting next_dagrun for example_xcom to 2021-01-01 00:00:00+00:00, run_after=2021-01-01 00:00:00+00:00
[2024-12-01T02:20:07.272+0000] {processor.py:208} INFO - Processing /home/airflow/.local/lib/python3.12/site-packages/airflow/example_dags/example_xcom.py took 0.077 seconds
[2024-12-01T02:20:37.522+0000] {processor.py:186} INFO - Started process (PID=51784) to work on /home/airflow/.local/lib/python3.12/site-packages/airflow/example_dags/example_xcom.py
[2024-12-01T02:20:37.523+0000] {processor.py:914} INFO - Processing file /home/airflow/.local/lib/python3.12/site-packages/airflow/example_dags/example_xcom.py for tasks to queue
[2024-12-01T02:20:37.526+0000] {logging_mixin.py:190} INFO - [2024-12-01T02:20:37.525+0000] {dagbag.py:588} INFO - Filling up the DagBag from /home/airflow/.local/lib/python3.12/site-packages/airflow/example_dags/example_xcom.py
[2024-12-01T02:20:37.535+0000] {processor.py:925} INFO - DAG(s) 'example_xcom' retrieved from /home/airflow/.local/lib/python3.12/site-packages/airflow/example_dags/example_xcom.py
[2024-12-01T02:20:37.554+0000] {logging_mixin.py:190} INFO - [2024-12-01T02:20:37.554+0000] {dag.py:3239} INFO - Sync 1 DAGs
[2024-12-01T02:20:37.574+0000] {logging_mixin.py:190} INFO - [2024-12-01T02:20:37.573+0000] {dag.py:4180} INFO - Setting next_dagrun for example_xcom to 2021-01-01 00:00:00+00:00, run_after=2021-01-01 00:00:00+00:00
[2024-12-01T02:20:37.727+0000] {processor.py:208} INFO - Processing /home/airflow/.local/lib/python3.12/site-packages/airflow/example_dags/example_xcom.py took 0.210 seconds
[2024-12-01T02:21:07.811+0000] {processor.py:186} INFO - Started process (PID=51850) to work on /home/airflow/.local/lib/python3.12/site-packages/airflow/example_dags/example_xcom.py
[2024-12-01T02:21:07.812+0000] {processor.py:914} INFO - Processing file /home/airflow/.local/lib/python3.12/site-packages/airflow/example_dags/example_xcom.py for tasks to queue
[2024-12-01T02:21:07.814+0000] {logging_mixin.py:190} INFO - [2024-12-01T02:21:07.814+0000] {dagbag.py:588} INFO - Filling up the DagBag from /home/airflow/.local/lib/python3.12/site-packages/airflow/example_dags/example_xcom.py
[2024-12-01T02:21:07.823+0000] {processor.py:925} INFO - DAG(s) 'example_xcom' retrieved from /home/airflow/.local/lib/python3.12/site-packages/airflow/example_dags/example_xcom.py
[2024-12-01T02:21:07.842+0000] {logging_mixin.py:190} INFO - [2024-12-01T02:21:07.842+0000] {dag.py:3239} INFO - Sync 1 DAGs
[2024-12-01T02:21:07.862+0000] {logging_mixin.py:190} INFO - [2024-12-01T02:21:07.862+0000] {dag.py:4180} INFO - Setting next_dagrun for example_xcom to 2021-01-01 00:00:00+00:00, run_after=2021-01-01 00:00:00+00:00
[2024-12-01T02:21:07.879+0000] {processor.py:208} INFO - Processing /home/airflow/.local/lib/python3.12/site-packages/airflow/example_dags/example_xcom.py took 0.074 seconds
[2024-12-01T02:21:38.730+0000] {processor.py:186} INFO - Started process (PID=51916) to work on /home/airflow/.local/lib/python3.12/site-packages/airflow/example_dags/example_xcom.py
[2024-12-01T02:21:38.730+0000] {processor.py:914} INFO - Processing file /home/airflow/.local/lib/python3.12/site-packages/airflow/example_dags/example_xcom.py for tasks to queue
[2024-12-01T02:21:38.732+0000] {logging_mixin.py:190} INFO - [2024-12-01T02:21:38.732+0000] {dagbag.py:588} INFO - Filling up the DagBag from /home/airflow/.local/lib/python3.12/site-packages/airflow/example_dags/example_xcom.py
[2024-12-01T02:21:38.741+0000] {processor.py:925} INFO - DAG(s) 'example_xcom' retrieved from /home/airflow/.local/lib/python3.12/site-packages/airflow/example_dags/example_xcom.py
[2024-12-01T02:21:38.760+0000] {logging_mixin.py:190} INFO - [2024-12-01T02:21:38.760+0000] {dag.py:3239} INFO - Sync 1 DAGs
[2024-12-01T02:21:38.780+0000] {logging_mixin.py:190} INFO - [2024-12-01T02:21:38.780+0000] {dag.py:4180} INFO - Setting next_dagrun for example_xcom to 2021-01-01 00:00:00+00:00, run_after=2021-01-01 00:00:00+00:00
[2024-12-01T02:21:38.796+0000] {processor.py:208} INFO - Processing /home/airflow/.local/lib/python3.12/site-packages/airflow/example_dags/example_xcom.py took 0.071 seconds
[2024-12-01T02:22:08.906+0000] {processor.py:186} INFO - Started process (PID=51982) to work on /home/airflow/.local/lib/python3.12/site-packages/airflow/example_dags/example_xcom.py
[2024-12-01T02:22:08.907+0000] {processor.py:914} INFO - Processing file /home/airflow/.local/lib/python3.12/site-packages/airflow/example_dags/example_xcom.py for tasks to queue
[2024-12-01T02:22:08.909+0000] {logging_mixin.py:190} INFO - [2024-12-01T02:22:08.909+0000] {dagbag.py:588} INFO - Filling up the DagBag from /home/airflow/.local/lib/python3.12/site-packages/airflow/example_dags/example_xcom.py
[2024-12-01T02:22:08.918+0000] {processor.py:925} INFO - DAG(s) 'example_xcom' retrieved from /home/airflow/.local/lib/python3.12/site-packages/airflow/example_dags/example_xcom.py
[2024-12-01T02:22:08.936+0000] {logging_mixin.py:190} INFO - [2024-12-01T02:22:08.936+0000] {dag.py:3239} INFO - Sync 1 DAGs
[2024-12-01T02:22:08.956+0000] {logging_mixin.py:190} INFO - [2024-12-01T02:22:08.955+0000] {dag.py:4180} INFO - Setting next_dagrun for example_xcom to 2021-01-01 00:00:00+00:00, run_after=2021-01-01 00:00:00+00:00
[2024-12-01T02:22:08.972+0000] {processor.py:208} INFO - Processing /home/airflow/.local/lib/python3.12/site-packages/airflow/example_dags/example_xcom.py took 0.071 seconds
[2024-12-01T02:22:39.552+0000] {processor.py:186} INFO - Started process (PID=52048) to work on /home/airflow/.local/lib/python3.12/site-packages/airflow/example_dags/example_xcom.py
[2024-12-01T02:22:39.553+0000] {processor.py:914} INFO - Processing file /home/airflow/.local/lib/python3.12/site-packages/airflow/example_dags/example_xcom.py for tasks to queue
[2024-12-01T02:22:39.555+0000] {logging_mixin.py:190} INFO - [2024-12-01T02:22:39.555+0000] {dagbag.py:588} INFO - Filling up the DagBag from /home/airflow/.local/lib/python3.12/site-packages/airflow/example_dags/example_xcom.py
[2024-12-01T02:22:39.564+0000] {processor.py:925} INFO - DAG(s) 'example_xcom' retrieved from /home/airflow/.local/lib/python3.12/site-packages/airflow/example_dags/example_xcom.py
[2024-12-01T02:22:39.584+0000] {logging_mixin.py:190} INFO - [2024-12-01T02:22:39.584+0000] {dag.py:3239} INFO - Sync 1 DAGs
[2024-12-01T02:22:39.604+0000] {logging_mixin.py:190} INFO - [2024-12-01T02:22:39.604+0000] {dag.py:4180} INFO - Setting next_dagrun for example_xcom to 2021-01-01 00:00:00+00:00, run_after=2021-01-01 00:00:00+00:00
[2024-12-01T02:22:39.620+0000] {processor.py:208} INFO - Processing /home/airflow/.local/lib/python3.12/site-packages/airflow/example_dags/example_xcom.py took 0.073 seconds
[2024-12-01T02:23:10.343+0000] {processor.py:186} INFO - Started process (PID=52114) to work on /home/airflow/.local/lib/python3.12/site-packages/airflow/example_dags/example_xcom.py
[2024-12-01T02:23:10.344+0000] {processor.py:914} INFO - Processing file /home/airflow/.local/lib/python3.12/site-packages/airflow/example_dags/example_xcom.py for tasks to queue
[2024-12-01T02:23:10.347+0000] {logging_mixin.py:190} INFO - [2024-12-01T02:23:10.346+0000] {dagbag.py:588} INFO - Filling up the DagBag from /home/airflow/.local/lib/python3.12/site-packages/airflow/example_dags/example_xcom.py
[2024-12-01T02:23:10.355+0000] {processor.py:925} INFO - DAG(s) 'example_xcom' retrieved from /home/airflow/.local/lib/python3.12/site-packages/airflow/example_dags/example_xcom.py
[2024-12-01T02:23:10.376+0000] {logging_mixin.py:190} INFO - [2024-12-01T02:23:10.376+0000] {dag.py:3239} INFO - Sync 1 DAGs
[2024-12-01T02:23:10.571+0000] {logging_mixin.py:190} INFO - [2024-12-01T02:23:10.571+0000] {dag.py:4180} INFO - Setting next_dagrun for example_xcom to 2021-01-01 00:00:00+00:00, run_after=2021-01-01 00:00:00+00:00
[2024-12-01T02:23:10.591+0000] {processor.py:208} INFO - Processing /home/airflow/.local/lib/python3.12/site-packages/airflow/example_dags/example_xcom.py took 0.254 seconds
[2024-12-01T02:23:41.232+0000] {processor.py:186} INFO - Started process (PID=52180) to work on /home/airflow/.local/lib/python3.12/site-packages/airflow/example_dags/example_xcom.py
[2024-12-01T02:23:41.233+0000] {processor.py:914} INFO - Processing file /home/airflow/.local/lib/python3.12/site-packages/airflow/example_dags/example_xcom.py for tasks to queue
[2024-12-01T02:23:41.235+0000] {logging_mixin.py:190} INFO - [2024-12-01T02:23:41.234+0000] {dagbag.py:588} INFO - Filling up the DagBag from /home/airflow/.local/lib/python3.12/site-packages/airflow/example_dags/example_xcom.py
[2024-12-01T02:23:41.243+0000] {processor.py:925} INFO - DAG(s) 'example_xcom' retrieved from /home/airflow/.local/lib/python3.12/site-packages/airflow/example_dags/example_xcom.py
[2024-12-01T02:23:41.262+0000] {logging_mixin.py:190} INFO - [2024-12-01T02:23:41.261+0000] {dag.py:3239} INFO - Sync 1 DAGs
[2024-12-01T02:23:41.282+0000] {logging_mixin.py:190} INFO - [2024-12-01T02:23:41.282+0000] {dag.py:4180} INFO - Setting next_dagrun for example_xcom to 2021-01-01 00:00:00+00:00, run_after=2021-01-01 00:00:00+00:00
[2024-12-01T02:23:41.299+0000] {processor.py:208} INFO - Processing /home/airflow/.local/lib/python3.12/site-packages/airflow/example_dags/example_xcom.py took 0.072 seconds
[2024-12-01T02:24:11.384+0000] {processor.py:186} INFO - Started process (PID=52246) to work on /home/airflow/.local/lib/python3.12/site-packages/airflow/example_dags/example_xcom.py
[2024-12-01T02:24:11.385+0000] {processor.py:914} INFO - Processing file /home/airflow/.local/lib/python3.12/site-packages/airflow/example_dags/example_xcom.py for tasks to queue
[2024-12-01T02:24:11.388+0000] {logging_mixin.py:190} INFO - [2024-12-01T02:24:11.388+0000] {dagbag.py:588} INFO - Filling up the DagBag from /home/airflow/.local/lib/python3.12/site-packages/airflow/example_dags/example_xcom.py
[2024-12-01T02:24:11.398+0000] {processor.py:925} INFO - DAG(s) 'example_xcom' retrieved from /home/airflow/.local/lib/python3.12/site-packages/airflow/example_dags/example_xcom.py
[2024-12-01T02:24:11.417+0000] {logging_mixin.py:190} INFO - [2024-12-01T02:24:11.417+0000] {dag.py:3239} INFO - Sync 1 DAGs
[2024-12-01T02:24:11.437+0000] {logging_mixin.py:190} INFO - [2024-12-01T02:24:11.437+0000] {dag.py:4180} INFO - Setting next_dagrun for example_xcom to 2021-01-01 00:00:00+00:00, run_after=2021-01-01 00:00:00+00:00
[2024-12-01T02:24:11.455+0000] {processor.py:208} INFO - Processing /home/airflow/.local/lib/python3.12/site-packages/airflow/example_dags/example_xcom.py took 0.076 seconds
[2024-12-01T02:24:41.968+0000] {processor.py:186} INFO - Started process (PID=52312) to work on /home/airflow/.local/lib/python3.12/site-packages/airflow/example_dags/example_xcom.py
[2024-12-01T02:24:41.969+0000] {processor.py:914} INFO - Processing file /home/airflow/.local/lib/python3.12/site-packages/airflow/example_dags/example_xcom.py for tasks to queue
[2024-12-01T02:24:41.971+0000] {logging_mixin.py:190} INFO - [2024-12-01T02:24:41.970+0000] {dagbag.py:588} INFO - Filling up the DagBag from /home/airflow/.local/lib/python3.12/site-packages/airflow/example_dags/example_xcom.py
[2024-12-01T02:24:41.980+0000] {processor.py:925} INFO - DAG(s) 'example_xcom' retrieved from /home/airflow/.local/lib/python3.12/site-packages/airflow/example_dags/example_xcom.py
[2024-12-01T02:24:42.000+0000] {logging_mixin.py:190} INFO - [2024-12-01T02:24:41.999+0000] {dag.py:3239} INFO - Sync 1 DAGs
[2024-12-01T02:24:42.020+0000] {logging_mixin.py:190} INFO - [2024-12-01T02:24:42.019+0000] {dag.py:4180} INFO - Setting next_dagrun for example_xcom to 2021-01-01 00:00:00+00:00, run_after=2021-01-01 00:00:00+00:00
[2024-12-01T02:24:42.038+0000] {processor.py:208} INFO - Processing /home/airflow/.local/lib/python3.12/site-packages/airflow/example_dags/example_xcom.py took 0.076 seconds
[2024-12-01T02:25:12.393+0000] {processor.py:186} INFO - Started process (PID=52378) to work on /home/airflow/.local/lib/python3.12/site-packages/airflow/example_dags/example_xcom.py
[2024-12-01T02:25:12.394+0000] {processor.py:914} INFO - Processing file /home/airflow/.local/lib/python3.12/site-packages/airflow/example_dags/example_xcom.py for tasks to queue
[2024-12-01T02:25:12.396+0000] {logging_mixin.py:190} INFO - [2024-12-01T02:25:12.396+0000] {dagbag.py:588} INFO - Filling up the DagBag from /home/airflow/.local/lib/python3.12/site-packages/airflow/example_dags/example_xcom.py
[2024-12-01T02:25:12.404+0000] {processor.py:925} INFO - DAG(s) 'example_xcom' retrieved from /home/airflow/.local/lib/python3.12/site-packages/airflow/example_dags/example_xcom.py
[2024-12-01T02:25:12.422+0000] {logging_mixin.py:190} INFO - [2024-12-01T02:25:12.422+0000] {dag.py:3239} INFO - Sync 1 DAGs
[2024-12-01T02:25:12.441+0000] {logging_mixin.py:190} INFO - [2024-12-01T02:25:12.441+0000] {dag.py:4180} INFO - Setting next_dagrun for example_xcom to 2021-01-01 00:00:00+00:00, run_after=2021-01-01 00:00:00+00:00
[2024-12-01T02:25:12.459+0000] {processor.py:208} INFO - Processing /home/airflow/.local/lib/python3.12/site-packages/airflow/example_dags/example_xcom.py took 0.071 seconds
[2024-12-01T02:25:42.923+0000] {processor.py:186} INFO - Started process (PID=52444) to work on /home/airflow/.local/lib/python3.12/site-packages/airflow/example_dags/example_xcom.py
[2024-12-01T02:25:42.924+0000] {processor.py:914} INFO - Processing file /home/airflow/.local/lib/python3.12/site-packages/airflow/example_dags/example_xcom.py for tasks to queue
[2024-12-01T02:25:42.926+0000] {logging_mixin.py:190} INFO - [2024-12-01T02:25:42.926+0000] {dagbag.py:588} INFO - Filling up the DagBag from /home/airflow/.local/lib/python3.12/site-packages/airflow/example_dags/example_xcom.py
[2024-12-01T02:25:42.935+0000] {processor.py:925} INFO - DAG(s) 'example_xcom' retrieved from /home/airflow/.local/lib/python3.12/site-packages/airflow/example_dags/example_xcom.py
[2024-12-01T02:25:42.954+0000] {logging_mixin.py:190} INFO - [2024-12-01T02:25:42.954+0000] {dag.py:3239} INFO - Sync 1 DAGs
[2024-12-01T02:25:42.974+0000] {logging_mixin.py:190} INFO - [2024-12-01T02:25:42.974+0000] {dag.py:4180} INFO - Setting next_dagrun for example_xcom to 2021-01-01 00:00:00+00:00, run_after=2021-01-01 00:00:00+00:00
[2024-12-01T02:25:42.991+0000] {processor.py:208} INFO - Processing /home/airflow/.local/lib/python3.12/site-packages/airflow/example_dags/example_xcom.py took 0.073 seconds
[2024-12-01T02:26:13.627+0000] {processor.py:186} INFO - Started process (PID=52510) to work on /home/airflow/.local/lib/python3.12/site-packages/airflow/example_dags/example_xcom.py
[2024-12-01T02:26:13.628+0000] {processor.py:914} INFO - Processing file /home/airflow/.local/lib/python3.12/site-packages/airflow/example_dags/example_xcom.py for tasks to queue
[2024-12-01T02:26:13.630+0000] {logging_mixin.py:190} INFO - [2024-12-01T02:26:13.630+0000] {dagbag.py:588} INFO - Filling up the DagBag from /home/airflow/.local/lib/python3.12/site-packages/airflow/example_dags/example_xcom.py
[2024-12-01T02:26:13.638+0000] {processor.py:925} INFO - DAG(s) 'example_xcom' retrieved from /home/airflow/.local/lib/python3.12/site-packages/airflow/example_dags/example_xcom.py
[2024-12-01T02:26:13.656+0000] {logging_mixin.py:190} INFO - [2024-12-01T02:26:13.656+0000] {dag.py:3239} INFO - Sync 1 DAGs
[2024-12-01T02:26:13.677+0000] {logging_mixin.py:190} INFO - [2024-12-01T02:26:13.677+0000] {dag.py:4180} INFO - Setting next_dagrun for example_xcom to 2021-01-01 00:00:00+00:00, run_after=2021-01-01 00:00:00+00:00
[2024-12-01T02:26:13.694+0000] {processor.py:208} INFO - Processing /home/airflow/.local/lib/python3.12/site-packages/airflow/example_dags/example_xcom.py took 0.072 seconds
[2024-12-01T02:26:44.223+0000] {processor.py:186} INFO - Started process (PID=52576) to work on /home/airflow/.local/lib/python3.12/site-packages/airflow/example_dags/example_xcom.py
[2024-12-01T02:26:44.224+0000] {processor.py:914} INFO - Processing file /home/airflow/.local/lib/python3.12/site-packages/airflow/example_dags/example_xcom.py for tasks to queue
[2024-12-01T02:26:44.226+0000] {logging_mixin.py:190} INFO - [2024-12-01T02:26:44.226+0000] {dagbag.py:588} INFO - Filling up the DagBag from /home/airflow/.local/lib/python3.12/site-packages/airflow/example_dags/example_xcom.py
[2024-12-01T02:26:44.234+0000] {processor.py:925} INFO - DAG(s) 'example_xcom' retrieved from /home/airflow/.local/lib/python3.12/site-packages/airflow/example_dags/example_xcom.py
[2024-12-01T02:26:44.252+0000] {logging_mixin.py:190} INFO - [2024-12-01T02:26:44.251+0000] {dag.py:3239} INFO - Sync 1 DAGs
[2024-12-01T02:26:44.271+0000] {logging_mixin.py:190} INFO - [2024-12-01T02:26:44.271+0000] {dag.py:4180} INFO - Setting next_dagrun for example_xcom to 2021-01-01 00:00:00+00:00, run_after=2021-01-01 00:00:00+00:00
[2024-12-01T02:26:44.287+0000] {processor.py:208} INFO - Processing /home/airflow/.local/lib/python3.12/site-packages/airflow/example_dags/example_xcom.py took 0.069 seconds
[2024-12-01T02:27:14.764+0000] {processor.py:186} INFO - Started process (PID=52642) to work on /home/airflow/.local/lib/python3.12/site-packages/airflow/example_dags/example_xcom.py
[2024-12-01T02:27:14.765+0000] {processor.py:914} INFO - Processing file /home/airflow/.local/lib/python3.12/site-packages/airflow/example_dags/example_xcom.py for tasks to queue
[2024-12-01T02:27:14.767+0000] {logging_mixin.py:190} INFO - [2024-12-01T02:27:14.767+0000] {dagbag.py:588} INFO - Filling up the DagBag from /home/airflow/.local/lib/python3.12/site-packages/airflow/example_dags/example_xcom.py
[2024-12-01T02:27:14.776+0000] {processor.py:925} INFO - DAG(s) 'example_xcom' retrieved from /home/airflow/.local/lib/python3.12/site-packages/airflow/example_dags/example_xcom.py
[2024-12-01T02:27:14.795+0000] {logging_mixin.py:190} INFO - [2024-12-01T02:27:14.795+0000] {dag.py:3239} INFO - Sync 1 DAGs
[2024-12-01T02:27:14.814+0000] {logging_mixin.py:190} INFO - [2024-12-01T02:27:14.814+0000] {dag.py:4180} INFO - Setting next_dagrun for example_xcom to 2021-01-01 00:00:00+00:00, run_after=2021-01-01 00:00:00+00:00
[2024-12-01T02:27:14.832+0000] {processor.py:208} INFO - Processing /home/airflow/.local/lib/python3.12/site-packages/airflow/example_dags/example_xcom.py took 0.073 seconds
[2024-12-01T02:27:45.215+0000] {processor.py:186} INFO - Started process (PID=52708) to work on /home/airflow/.local/lib/python3.12/site-packages/airflow/example_dags/example_xcom.py
[2024-12-01T02:27:45.217+0000] {processor.py:914} INFO - Processing file /home/airflow/.local/lib/python3.12/site-packages/airflow/example_dags/example_xcom.py for tasks to queue
[2024-12-01T02:27:45.225+0000] {logging_mixin.py:190} INFO - [2024-12-01T02:27:45.224+0000] {dagbag.py:588} INFO - Filling up the DagBag from /home/airflow/.local/lib/python3.12/site-packages/airflow/example_dags/example_xcom.py
[2024-12-01T02:27:45.240+0000] {processor.py:925} INFO - DAG(s) 'example_xcom' retrieved from /home/airflow/.local/lib/python3.12/site-packages/airflow/example_dags/example_xcom.py
[2024-12-01T02:27:45.280+0000] {logging_mixin.py:190} INFO - [2024-12-01T02:27:45.279+0000] {dag.py:3239} INFO - Sync 1 DAGs
[2024-12-01T02:27:45.323+0000] {logging_mixin.py:190} INFO - [2024-12-01T02:27:45.322+0000] {dag.py:4180} INFO - Setting next_dagrun for example_xcom to 2021-01-01 00:00:00+00:00, run_after=2021-01-01 00:00:00+00:00
[2024-12-01T02:27:45.350+0000] {processor.py:208} INFO - Processing /home/airflow/.local/lib/python3.12/site-packages/airflow/example_dags/example_xcom.py took 0.142 seconds
[2024-12-01T02:28:15.609+0000] {processor.py:186} INFO - Started process (PID=52774) to work on /home/airflow/.local/lib/python3.12/site-packages/airflow/example_dags/example_xcom.py
[2024-12-01T02:28:15.610+0000] {processor.py:914} INFO - Processing file /home/airflow/.local/lib/python3.12/site-packages/airflow/example_dags/example_xcom.py for tasks to queue
[2024-12-01T02:28:15.613+0000] {logging_mixin.py:190} INFO - [2024-12-01T02:28:15.613+0000] {dagbag.py:588} INFO - Filling up the DagBag from /home/airflow/.local/lib/python3.12/site-packages/airflow/example_dags/example_xcom.py
[2024-12-01T02:28:15.623+0000] {processor.py:925} INFO - DAG(s) 'example_xcom' retrieved from /home/airflow/.local/lib/python3.12/site-packages/airflow/example_dags/example_xcom.py
[2024-12-01T02:28:15.642+0000] {logging_mixin.py:190} INFO - [2024-12-01T02:28:15.641+0000] {dag.py:3239} INFO - Sync 1 DAGs
[2024-12-01T02:28:15.662+0000] {logging_mixin.py:190} INFO - [2024-12-01T02:28:15.661+0000] {dag.py:4180} INFO - Setting next_dagrun for example_xcom to 2021-01-01 00:00:00+00:00, run_after=2021-01-01 00:00:00+00:00
[2024-12-01T02:28:15.678+0000] {processor.py:208} INFO - Processing /home/airflow/.local/lib/python3.12/site-packages/airflow/example_dags/example_xcom.py took 0.074 seconds
[2024-12-01T02:28:46.210+0000] {processor.py:186} INFO - Started process (PID=52840) to work on /home/airflow/.local/lib/python3.12/site-packages/airflow/example_dags/example_xcom.py
[2024-12-01T02:28:46.211+0000] {processor.py:914} INFO - Processing file /home/airflow/.local/lib/python3.12/site-packages/airflow/example_dags/example_xcom.py for tasks to queue
[2024-12-01T02:28:46.213+0000] {logging_mixin.py:190} INFO - [2024-12-01T02:28:46.212+0000] {dagbag.py:588} INFO - Filling up the DagBag from /home/airflow/.local/lib/python3.12/site-packages/airflow/example_dags/example_xcom.py
[2024-12-01T02:28:46.221+0000] {processor.py:925} INFO - DAG(s) 'example_xcom' retrieved from /home/airflow/.local/lib/python3.12/site-packages/airflow/example_dags/example_xcom.py
[2024-12-01T02:28:46.239+0000] {logging_mixin.py:190} INFO - [2024-12-01T02:28:46.239+0000] {dag.py:3239} INFO - Sync 1 DAGs
[2024-12-01T02:28:46.259+0000] {logging_mixin.py:190} INFO - [2024-12-01T02:28:46.259+0000] {dag.py:4180} INFO - Setting next_dagrun for example_xcom to 2021-01-01 00:00:00+00:00, run_after=2021-01-01 00:00:00+00:00
[2024-12-01T02:28:46.276+0000] {processor.py:208} INFO - Processing /home/airflow/.local/lib/python3.12/site-packages/airflow/example_dags/example_xcom.py took 0.072 seconds
[2024-12-01T02:29:16.733+0000] {processor.py:186} INFO - Started process (PID=52906) to work on /home/airflow/.local/lib/python3.12/site-packages/airflow/example_dags/example_xcom.py
[2024-12-01T02:29:16.734+0000] {processor.py:914} INFO - Processing file /home/airflow/.local/lib/python3.12/site-packages/airflow/example_dags/example_xcom.py for tasks to queue
[2024-12-01T02:29:16.736+0000] {logging_mixin.py:190} INFO - [2024-12-01T02:29:16.736+0000] {dagbag.py:588} INFO - Filling up the DagBag from /home/airflow/.local/lib/python3.12/site-packages/airflow/example_dags/example_xcom.py
[2024-12-01T02:29:16.744+0000] {processor.py:925} INFO - DAG(s) 'example_xcom' retrieved from /home/airflow/.local/lib/python3.12/site-packages/airflow/example_dags/example_xcom.py
[2024-12-01T02:29:16.763+0000] {logging_mixin.py:190} INFO - [2024-12-01T02:29:16.763+0000] {dag.py:3239} INFO - Sync 1 DAGs
[2024-12-01T02:29:16.785+0000] {logging_mixin.py:190} INFO - [2024-12-01T02:29:16.785+0000] {dag.py:4180} INFO - Setting next_dagrun for example_xcom to 2021-01-01 00:00:00+00:00, run_after=2021-01-01 00:00:00+00:00
[2024-12-01T02:29:16.803+0000] {processor.py:208} INFO - Processing /home/airflow/.local/lib/python3.12/site-packages/airflow/example_dags/example_xcom.py took 0.076 seconds
[2024-12-01T02:29:47.290+0000] {processor.py:186} INFO - Started process (PID=52972) to work on /home/airflow/.local/lib/python3.12/site-packages/airflow/example_dags/example_xcom.py
[2024-12-01T02:29:47.291+0000] {processor.py:914} INFO - Processing file /home/airflow/.local/lib/python3.12/site-packages/airflow/example_dags/example_xcom.py for tasks to queue
[2024-12-01T02:29:47.293+0000] {logging_mixin.py:190} INFO - [2024-12-01T02:29:47.293+0000] {dagbag.py:588} INFO - Filling up the DagBag from /home/airflow/.local/lib/python3.12/site-packages/airflow/example_dags/example_xcom.py
[2024-12-01T02:29:47.302+0000] {processor.py:925} INFO - DAG(s) 'example_xcom' retrieved from /home/airflow/.local/lib/python3.12/site-packages/airflow/example_dags/example_xcom.py
[2024-12-01T02:29:47.320+0000] {logging_mixin.py:190} INFO - [2024-12-01T02:29:47.320+0000] {dag.py:3239} INFO - Sync 1 DAGs
[2024-12-01T02:29:47.341+0000] {logging_mixin.py:190} INFO - [2024-12-01T02:29:47.340+0000] {dag.py:4180} INFO - Setting next_dagrun for example_xcom to 2021-01-01 00:00:00+00:00, run_after=2021-01-01 00:00:00+00:00
[2024-12-01T02:29:47.357+0000] {processor.py:208} INFO - Processing /home/airflow/.local/lib/python3.12/site-packages/airflow/example_dags/example_xcom.py took 0.075 seconds
[2024-12-01T02:30:17.749+0000] {processor.py:186} INFO - Started process (PID=53038) to work on /home/airflow/.local/lib/python3.12/site-packages/airflow/example_dags/example_xcom.py
[2024-12-01T02:30:17.750+0000] {processor.py:914} INFO - Processing file /home/airflow/.local/lib/python3.12/site-packages/airflow/example_dags/example_xcom.py for tasks to queue
[2024-12-01T02:30:17.752+0000] {logging_mixin.py:190} INFO - [2024-12-01T02:30:17.752+0000] {dagbag.py:588} INFO - Filling up the DagBag from /home/airflow/.local/lib/python3.12/site-packages/airflow/example_dags/example_xcom.py
[2024-12-01T02:30:17.761+0000] {processor.py:925} INFO - DAG(s) 'example_xcom' retrieved from /home/airflow/.local/lib/python3.12/site-packages/airflow/example_dags/example_xcom.py
[2024-12-01T02:30:17.778+0000] {logging_mixin.py:190} INFO - [2024-12-01T02:30:17.778+0000] {dag.py:3239} INFO - Sync 1 DAGs
[2024-12-01T02:30:17.798+0000] {logging_mixin.py:190} INFO - [2024-12-01T02:30:17.797+0000] {dag.py:4180} INFO - Setting next_dagrun for example_xcom to 2021-01-01 00:00:00+00:00, run_after=2021-01-01 00:00:00+00:00
[2024-12-01T02:30:17.815+0000] {processor.py:208} INFO - Processing /home/airflow/.local/lib/python3.12/site-packages/airflow/example_dags/example_xcom.py took 0.071 seconds
[2024-12-01T02:30:48.470+0000] {processor.py:186} INFO - Started process (PID=53104) to work on /home/airflow/.local/lib/python3.12/site-packages/airflow/example_dags/example_xcom.py
[2024-12-01T02:30:48.471+0000] {processor.py:914} INFO - Processing file /home/airflow/.local/lib/python3.12/site-packages/airflow/example_dags/example_xcom.py for tasks to queue
[2024-12-01T02:30:48.473+0000] {logging_mixin.py:190} INFO - [2024-12-01T02:30:48.473+0000] {dagbag.py:588} INFO - Filling up the DagBag from /home/airflow/.local/lib/python3.12/site-packages/airflow/example_dags/example_xcom.py
[2024-12-01T02:30:48.484+0000] {processor.py:925} INFO - DAG(s) 'example_xcom' retrieved from /home/airflow/.local/lib/python3.12/site-packages/airflow/example_dags/example_xcom.py
[2024-12-01T02:30:48.502+0000] {logging_mixin.py:190} INFO - [2024-12-01T02:30:48.502+0000] {dag.py:3239} INFO - Sync 1 DAGs
[2024-12-01T02:30:48.521+0000] {logging_mixin.py:190} INFO - [2024-12-01T02:30:48.521+0000] {dag.py:4180} INFO - Setting next_dagrun for example_xcom to 2021-01-01 00:00:00+00:00, run_after=2021-01-01 00:00:00+00:00
[2024-12-01T02:30:48.537+0000] {processor.py:208} INFO - Processing /home/airflow/.local/lib/python3.12/site-packages/airflow/example_dags/example_xcom.py took 0.072 seconds
[2024-12-01T02:31:18.785+0000] {processor.py:186} INFO - Started process (PID=53170) to work on /home/airflow/.local/lib/python3.12/site-packages/airflow/example_dags/example_xcom.py
[2024-12-01T02:31:18.785+0000] {processor.py:914} INFO - Processing file /home/airflow/.local/lib/python3.12/site-packages/airflow/example_dags/example_xcom.py for tasks to queue
[2024-12-01T02:31:18.788+0000] {logging_mixin.py:190} INFO - [2024-12-01T02:31:18.787+0000] {dagbag.py:588} INFO - Filling up the DagBag from /home/airflow/.local/lib/python3.12/site-packages/airflow/example_dags/example_xcom.py
[2024-12-01T02:31:18.796+0000] {processor.py:925} INFO - DAG(s) 'example_xcom' retrieved from /home/airflow/.local/lib/python3.12/site-packages/airflow/example_dags/example_xcom.py
[2024-12-01T02:31:18.814+0000] {logging_mixin.py:190} INFO - [2024-12-01T02:31:18.814+0000] {dag.py:3239} INFO - Sync 1 DAGs
[2024-12-01T02:31:18.835+0000] {logging_mixin.py:190} INFO - [2024-12-01T02:31:18.835+0000] {dag.py:4180} INFO - Setting next_dagrun for example_xcom to 2021-01-01 00:00:00+00:00, run_after=2021-01-01 00:00:00+00:00
[2024-12-01T02:31:18.852+0000] {processor.py:208} INFO - Processing /home/airflow/.local/lib/python3.12/site-packages/airflow/example_dags/example_xcom.py took 0.073 seconds
[2024-12-01T02:31:49.162+0000] {processor.py:186} INFO - Started process (PID=53236) to work on /home/airflow/.local/lib/python3.12/site-packages/airflow/example_dags/example_xcom.py
[2024-12-01T02:31:49.163+0000] {processor.py:914} INFO - Processing file /home/airflow/.local/lib/python3.12/site-packages/airflow/example_dags/example_xcom.py for tasks to queue
[2024-12-01T02:31:49.165+0000] {logging_mixin.py:190} INFO - [2024-12-01T02:31:49.165+0000] {dagbag.py:588} INFO - Filling up the DagBag from /home/airflow/.local/lib/python3.12/site-packages/airflow/example_dags/example_xcom.py
[2024-12-01T02:31:49.174+0000] {processor.py:925} INFO - DAG(s) 'example_xcom' retrieved from /home/airflow/.local/lib/python3.12/site-packages/airflow/example_dags/example_xcom.py
[2024-12-01T02:31:49.192+0000] {logging_mixin.py:190} INFO - [2024-12-01T02:31:49.192+0000] {dag.py:3239} INFO - Sync 1 DAGs
[2024-12-01T02:31:49.212+0000] {logging_mixin.py:190} INFO - [2024-12-01T02:31:49.211+0000] {dag.py:4180} INFO - Setting next_dagrun for example_xcom to 2021-01-01 00:00:00+00:00, run_after=2021-01-01 00:00:00+00:00
[2024-12-01T02:31:49.229+0000] {processor.py:208} INFO - Processing /home/airflow/.local/lib/python3.12/site-packages/airflow/example_dags/example_xcom.py took 0.073 seconds
[2024-12-01T02:32:19.676+0000] {processor.py:186} INFO - Started process (PID=53302) to work on /home/airflow/.local/lib/python3.12/site-packages/airflow/example_dags/example_xcom.py
[2024-12-01T02:32:19.677+0000] {processor.py:914} INFO - Processing file /home/airflow/.local/lib/python3.12/site-packages/airflow/example_dags/example_xcom.py for tasks to queue
[2024-12-01T02:32:19.680+0000] {logging_mixin.py:190} INFO - [2024-12-01T02:32:19.679+0000] {dagbag.py:588} INFO - Filling up the DagBag from /home/airflow/.local/lib/python3.12/site-packages/airflow/example_dags/example_xcom.py
[2024-12-01T02:32:19.692+0000] {processor.py:925} INFO - DAG(s) 'example_xcom' retrieved from /home/airflow/.local/lib/python3.12/site-packages/airflow/example_dags/example_xcom.py
[2024-12-01T02:32:19.714+0000] {logging_mixin.py:190} INFO - [2024-12-01T02:32:19.714+0000] {dag.py:3239} INFO - Sync 1 DAGs
[2024-12-01T02:32:19.738+0000] {logging_mixin.py:190} INFO - [2024-12-01T02:32:19.738+0000] {dag.py:4180} INFO - Setting next_dagrun for example_xcom to 2021-01-01 00:00:00+00:00, run_after=2021-01-01 00:00:00+00:00
[2024-12-01T02:32:19.763+0000] {processor.py:208} INFO - Processing /home/airflow/.local/lib/python3.12/site-packages/airflow/example_dags/example_xcom.py took 0.093 seconds
[2024-12-01T02:32:50.068+0000] {processor.py:186} INFO - Started process (PID=53368) to work on /home/airflow/.local/lib/python3.12/site-packages/airflow/example_dags/example_xcom.py
[2024-12-01T02:32:50.069+0000] {processor.py:914} INFO - Processing file /home/airflow/.local/lib/python3.12/site-packages/airflow/example_dags/example_xcom.py for tasks to queue
[2024-12-01T02:32:50.071+0000] {logging_mixin.py:190} INFO - [2024-12-01T02:32:50.071+0000] {dagbag.py:588} INFO - Filling up the DagBag from /home/airflow/.local/lib/python3.12/site-packages/airflow/example_dags/example_xcom.py
[2024-12-01T02:32:50.080+0000] {processor.py:925} INFO - DAG(s) 'example_xcom' retrieved from /home/airflow/.local/lib/python3.12/site-packages/airflow/example_dags/example_xcom.py
[2024-12-01T02:32:50.097+0000] {logging_mixin.py:190} INFO - [2024-12-01T02:32:50.097+0000] {dag.py:3239} INFO - Sync 1 DAGs
[2024-12-01T02:32:50.117+0000] {logging_mixin.py:190} INFO - [2024-12-01T02:32:50.117+0000] {dag.py:4180} INFO - Setting next_dagrun for example_xcom to 2021-01-01 00:00:00+00:00, run_after=2021-01-01 00:00:00+00:00
[2024-12-01T02:32:50.142+0000] {processor.py:208} INFO - Processing /home/airflow/.local/lib/python3.12/site-packages/airflow/example_dags/example_xcom.py took 0.081 seconds
[2024-12-01T02:33:21.049+0000] {processor.py:186} INFO - Started process (PID=53434) to work on /home/airflow/.local/lib/python3.12/site-packages/airflow/example_dags/example_xcom.py
[2024-12-01T02:33:21.050+0000] {processor.py:914} INFO - Processing file /home/airflow/.local/lib/python3.12/site-packages/airflow/example_dags/example_xcom.py for tasks to queue
[2024-12-01T02:33:21.052+0000] {logging_mixin.py:190} INFO - [2024-12-01T02:33:21.052+0000] {dagbag.py:588} INFO - Filling up the DagBag from /home/airflow/.local/lib/python3.12/site-packages/airflow/example_dags/example_xcom.py
[2024-12-01T02:33:21.061+0000] {processor.py:925} INFO - DAG(s) 'example_xcom' retrieved from /home/airflow/.local/lib/python3.12/site-packages/airflow/example_dags/example_xcom.py
[2024-12-01T02:33:21.081+0000] {logging_mixin.py:190} INFO - [2024-12-01T02:33:21.081+0000] {dag.py:3239} INFO - Sync 1 DAGs
[2024-12-01T02:33:21.106+0000] {logging_mixin.py:190} INFO - [2024-12-01T02:33:21.106+0000] {dag.py:4180} INFO - Setting next_dagrun for example_xcom to 2021-01-01 00:00:00+00:00, run_after=2021-01-01 00:00:00+00:00
[2024-12-01T02:33:21.130+0000] {processor.py:208} INFO - Processing /home/airflow/.local/lib/python3.12/site-packages/airflow/example_dags/example_xcom.py took 0.087 seconds
[2024-12-01T02:33:51.845+0000] {processor.py:186} INFO - Started process (PID=53500) to work on /home/airflow/.local/lib/python3.12/site-packages/airflow/example_dags/example_xcom.py
[2024-12-01T02:33:51.846+0000] {processor.py:914} INFO - Processing file /home/airflow/.local/lib/python3.12/site-packages/airflow/example_dags/example_xcom.py for tasks to queue
[2024-12-01T02:33:51.848+0000] {logging_mixin.py:190} INFO - [2024-12-01T02:33:51.848+0000] {dagbag.py:588} INFO - Filling up the DagBag from /home/airflow/.local/lib/python3.12/site-packages/airflow/example_dags/example_xcom.py
[2024-12-01T02:33:51.856+0000] {processor.py:925} INFO - DAG(s) 'example_xcom' retrieved from /home/airflow/.local/lib/python3.12/site-packages/airflow/example_dags/example_xcom.py
[2024-12-01T02:33:51.876+0000] {logging_mixin.py:190} INFO - [2024-12-01T02:33:51.876+0000] {dag.py:3239} INFO - Sync 1 DAGs
[2024-12-01T02:33:51.896+0000] {logging_mixin.py:190} INFO - [2024-12-01T02:33:51.895+0000] {dag.py:4180} INFO - Setting next_dagrun for example_xcom to 2021-01-01 00:00:00+00:00, run_after=2021-01-01 00:00:00+00:00
[2024-12-01T02:33:51.912+0000] {processor.py:208} INFO - Processing /home/airflow/.local/lib/python3.12/site-packages/airflow/example_dags/example_xcom.py took 0.073 seconds
