[2024-12-01T02:11:01.619+0000] {processor.py:186} INFO - Started process (PID=50554) to work on /home/airflow/.local/lib/python3.12/site-packages/airflow/example_dags/example_short_circuit_decorator.py
[2024-12-01T02:11:01.620+0000] {processor.py:914} INFO - Processing file /home/airflow/.local/lib/python3.12/site-packages/airflow/example_dags/example_short_circuit_decorator.py for tasks to queue
[2024-12-01T02:11:01.623+0000] {logging_mixin.py:190} INFO - [2024-12-01T02:11:01.622+0000] {dagbag.py:588} INFO - Filling up the DagBag from /home/airflow/.local/lib/python3.12/site-packages/airflow/example_dags/example_short_circuit_decorator.py
[2024-12-01T02:11:01.635+0000] {processor.py:925} INFO - DAG(s) 'example_short_circuit_decorator' retrieved from /home/airflow/.local/lib/python3.12/site-packages/airflow/example_dags/example_short_circuit_decorator.py
[2024-12-01T02:11:01.669+0000] {logging_mixin.py:190} INFO - [2024-12-01T02:11:01.669+0000] {dag.py:3239} INFO - Sync 1 DAGs
[2024-12-01T02:11:01.691+0000] {logging_mixin.py:190} INFO - [2024-12-01T02:11:01.691+0000] {dag.py:4180} INFO - Setting next_dagrun for example_short_circuit_decorator to None, run_after=None
[2024-12-01T02:11:01.714+0000] {processor.py:208} INFO - Processing /home/airflow/.local/lib/python3.12/site-packages/airflow/example_dags/example_short_circuit_decorator.py took 0.101 seconds
[2024-12-01T02:11:32.333+0000] {processor.py:186} INFO - Started process (PID=50621) to work on /home/airflow/.local/lib/python3.12/site-packages/airflow/example_dags/example_short_circuit_decorator.py
[2024-12-01T02:11:32.333+0000] {processor.py:914} INFO - Processing file /home/airflow/.local/lib/python3.12/site-packages/airflow/example_dags/example_short_circuit_decorator.py for tasks to queue
[2024-12-01T02:11:32.336+0000] {logging_mixin.py:190} INFO - [2024-12-01T02:11:32.335+0000] {dagbag.py:588} INFO - Filling up the DagBag from /home/airflow/.local/lib/python3.12/site-packages/airflow/example_dags/example_short_circuit_decorator.py
[2024-12-01T02:11:32.347+0000] {processor.py:925} INFO - DAG(s) 'example_short_circuit_decorator' retrieved from /home/airflow/.local/lib/python3.12/site-packages/airflow/example_dags/example_short_circuit_decorator.py
[2024-12-01T02:11:32.370+0000] {logging_mixin.py:190} INFO - [2024-12-01T02:11:32.370+0000] {dag.py:3239} INFO - Sync 1 DAGs
[2024-12-01T02:11:32.383+0000] {logging_mixin.py:190} INFO - [2024-12-01T02:11:32.383+0000] {dag.py:4180} INFO - Setting next_dagrun for example_short_circuit_decorator to None, run_after=None
[2024-12-01T02:11:32.403+0000] {processor.py:208} INFO - Processing /home/airflow/.local/lib/python3.12/site-packages/airflow/example_dags/example_short_circuit_decorator.py took 0.077 seconds
[2024-12-01T02:12:02.968+0000] {processor.py:186} INFO - Started process (PID=50687) to work on /home/airflow/.local/lib/python3.12/site-packages/airflow/example_dags/example_short_circuit_decorator.py
[2024-12-01T02:12:02.970+0000] {processor.py:914} INFO - Processing file /home/airflow/.local/lib/python3.12/site-packages/airflow/example_dags/example_short_circuit_decorator.py for tasks to queue
[2024-12-01T02:12:02.973+0000] {logging_mixin.py:190} INFO - [2024-12-01T02:12:02.972+0000] {dagbag.py:588} INFO - Filling up the DagBag from /home/airflow/.local/lib/python3.12/site-packages/airflow/example_dags/example_short_circuit_decorator.py
[2024-12-01T02:12:02.993+0000] {processor.py:925} INFO - DAG(s) 'example_short_circuit_decorator' retrieved from /home/airflow/.local/lib/python3.12/site-packages/airflow/example_dags/example_short_circuit_decorator.py
[2024-12-01T02:12:03.025+0000] {logging_mixin.py:190} INFO - [2024-12-01T02:12:03.024+0000] {dag.py:3239} INFO - Sync 1 DAGs
[2024-12-01T02:12:03.039+0000] {logging_mixin.py:190} INFO - [2024-12-01T02:12:03.039+0000] {dag.py:4180} INFO - Setting next_dagrun for example_short_circuit_decorator to None, run_after=None
[2024-12-01T02:12:03.058+0000] {processor.py:208} INFO - Processing /home/airflow/.local/lib/python3.12/site-packages/airflow/example_dags/example_short_circuit_decorator.py took 0.096 seconds
[2024-12-01T02:12:33.825+0000] {processor.py:186} INFO - Started process (PID=50753) to work on /home/airflow/.local/lib/python3.12/site-packages/airflow/example_dags/example_short_circuit_decorator.py
[2024-12-01T02:12:33.826+0000] {processor.py:914} INFO - Processing file /home/airflow/.local/lib/python3.12/site-packages/airflow/example_dags/example_short_circuit_decorator.py for tasks to queue
[2024-12-01T02:12:33.828+0000] {logging_mixin.py:190} INFO - [2024-12-01T02:12:33.828+0000] {dagbag.py:588} INFO - Filling up the DagBag from /home/airflow/.local/lib/python3.12/site-packages/airflow/example_dags/example_short_circuit_decorator.py
[2024-12-01T02:12:33.838+0000] {processor.py:925} INFO - DAG(s) 'example_short_circuit_decorator' retrieved from /home/airflow/.local/lib/python3.12/site-packages/airflow/example_dags/example_short_circuit_decorator.py
[2024-12-01T02:12:33.860+0000] {logging_mixin.py:190} INFO - [2024-12-01T02:12:33.860+0000] {dag.py:3239} INFO - Sync 1 DAGs
[2024-12-01T02:12:33.873+0000] {logging_mixin.py:190} INFO - [2024-12-01T02:12:33.872+0000] {dag.py:4180} INFO - Setting next_dagrun for example_short_circuit_decorator to None, run_after=None
[2024-12-01T02:12:33.889+0000] {processor.py:208} INFO - Processing /home/airflow/.local/lib/python3.12/site-packages/airflow/example_dags/example_short_circuit_decorator.py took 0.069 seconds
[2024-12-01T02:13:04.755+0000] {processor.py:186} INFO - Started process (PID=50819) to work on /home/airflow/.local/lib/python3.12/site-packages/airflow/example_dags/example_short_circuit_decorator.py
[2024-12-01T02:13:04.755+0000] {processor.py:914} INFO - Processing file /home/airflow/.local/lib/python3.12/site-packages/airflow/example_dags/example_short_circuit_decorator.py for tasks to queue
[2024-12-01T02:13:04.757+0000] {logging_mixin.py:190} INFO - [2024-12-01T02:13:04.757+0000] {dagbag.py:588} INFO - Filling up the DagBag from /home/airflow/.local/lib/python3.12/site-packages/airflow/example_dags/example_short_circuit_decorator.py
[2024-12-01T02:13:04.766+0000] {processor.py:925} INFO - DAG(s) 'example_short_circuit_decorator' retrieved from /home/airflow/.local/lib/python3.12/site-packages/airflow/example_dags/example_short_circuit_decorator.py
[2024-12-01T02:13:04.787+0000] {logging_mixin.py:190} INFO - [2024-12-01T02:13:04.787+0000] {dag.py:3239} INFO - Sync 1 DAGs
[2024-12-01T02:13:04.800+0000] {logging_mixin.py:190} INFO - [2024-12-01T02:13:04.800+0000] {dag.py:4180} INFO - Setting next_dagrun for example_short_circuit_decorator to None, run_after=None
[2024-12-01T02:13:04.817+0000] {processor.py:208} INFO - Processing /home/airflow/.local/lib/python3.12/site-packages/airflow/example_dags/example_short_circuit_decorator.py took 0.067 seconds
[2024-12-01T02:13:35.249+0000] {processor.py:186} INFO - Started process (PID=50885) to work on /home/airflow/.local/lib/python3.12/site-packages/airflow/example_dags/example_short_circuit_decorator.py
[2024-12-01T02:13:35.249+0000] {processor.py:914} INFO - Processing file /home/airflow/.local/lib/python3.12/site-packages/airflow/example_dags/example_short_circuit_decorator.py for tasks to queue
[2024-12-01T02:13:35.252+0000] {logging_mixin.py:190} INFO - [2024-12-01T02:13:35.251+0000] {dagbag.py:588} INFO - Filling up the DagBag from /home/airflow/.local/lib/python3.12/site-packages/airflow/example_dags/example_short_circuit_decorator.py
[2024-12-01T02:13:35.261+0000] {processor.py:925} INFO - DAG(s) 'example_short_circuit_decorator' retrieved from /home/airflow/.local/lib/python3.12/site-packages/airflow/example_dags/example_short_circuit_decorator.py
[2024-12-01T02:13:35.282+0000] {logging_mixin.py:190} INFO - [2024-12-01T02:13:35.282+0000] {dag.py:3239} INFO - Sync 1 DAGs
[2024-12-01T02:13:35.295+0000] {logging_mixin.py:190} INFO - [2024-12-01T02:13:35.295+0000] {dag.py:4180} INFO - Setting next_dagrun for example_short_circuit_decorator to None, run_after=None
[2024-12-01T02:13:35.311+0000] {processor.py:208} INFO - Processing /home/airflow/.local/lib/python3.12/site-packages/airflow/example_dags/example_short_circuit_decorator.py took 0.068 seconds
[2024-12-01T02:14:05.979+0000] {processor.py:186} INFO - Started process (PID=50950) to work on /home/airflow/.local/lib/python3.12/site-packages/airflow/example_dags/example_short_circuit_decorator.py
[2024-12-01T02:14:05.980+0000] {processor.py:914} INFO - Processing file /home/airflow/.local/lib/python3.12/site-packages/airflow/example_dags/example_short_circuit_decorator.py for tasks to queue
[2024-12-01T02:14:05.982+0000] {logging_mixin.py:190} INFO - [2024-12-01T02:14:05.982+0000] {dagbag.py:588} INFO - Filling up the DagBag from /home/airflow/.local/lib/python3.12/site-packages/airflow/example_dags/example_short_circuit_decorator.py
[2024-12-01T02:14:05.992+0000] {processor.py:925} INFO - DAG(s) 'example_short_circuit_decorator' retrieved from /home/airflow/.local/lib/python3.12/site-packages/airflow/example_dags/example_short_circuit_decorator.py
[2024-12-01T02:14:06.013+0000] {logging_mixin.py:190} INFO - [2024-12-01T02:14:06.013+0000] {dag.py:3239} INFO - Sync 1 DAGs
[2024-12-01T02:14:06.029+0000] {logging_mixin.py:190} INFO - [2024-12-01T02:14:06.028+0000] {dag.py:4180} INFO - Setting next_dagrun for example_short_circuit_decorator to None, run_after=None
[2024-12-01T02:14:06.045+0000] {processor.py:208} INFO - Processing /home/airflow/.local/lib/python3.12/site-packages/airflow/example_dags/example_short_circuit_decorator.py took 0.071 seconds
[2024-12-01T02:14:37.231+0000] {processor.py:186} INFO - Started process (PID=51016) to work on /home/airflow/.local/lib/python3.12/site-packages/airflow/example_dags/example_short_circuit_decorator.py
[2024-12-01T02:14:37.232+0000] {processor.py:914} INFO - Processing file /home/airflow/.local/lib/python3.12/site-packages/airflow/example_dags/example_short_circuit_decorator.py for tasks to queue
[2024-12-01T02:14:37.234+0000] {logging_mixin.py:190} INFO - [2024-12-01T02:14:37.234+0000] {dagbag.py:588} INFO - Filling up the DagBag from /home/airflow/.local/lib/python3.12/site-packages/airflow/example_dags/example_short_circuit_decorator.py
[2024-12-01T02:14:37.243+0000] {processor.py:925} INFO - DAG(s) 'example_short_circuit_decorator' retrieved from /home/airflow/.local/lib/python3.12/site-packages/airflow/example_dags/example_short_circuit_decorator.py
[2024-12-01T02:14:37.265+0000] {logging_mixin.py:190} INFO - [2024-12-01T02:14:37.265+0000] {dag.py:3239} INFO - Sync 1 DAGs
[2024-12-01T02:14:37.278+0000] {logging_mixin.py:190} INFO - [2024-12-01T02:14:37.278+0000] {dag.py:4180} INFO - Setting next_dagrun for example_short_circuit_decorator to None, run_after=None
[2024-12-01T02:14:37.294+0000] {processor.py:208} INFO - Processing /home/airflow/.local/lib/python3.12/site-packages/airflow/example_dags/example_short_circuit_decorator.py took 0.069 seconds
[2024-12-01T02:15:08.091+0000] {processor.py:186} INFO - Started process (PID=51082) to work on /home/airflow/.local/lib/python3.12/site-packages/airflow/example_dags/example_short_circuit_decorator.py
[2024-12-01T02:15:08.092+0000] {processor.py:914} INFO - Processing file /home/airflow/.local/lib/python3.12/site-packages/airflow/example_dags/example_short_circuit_decorator.py for tasks to queue
[2024-12-01T02:15:08.094+0000] {logging_mixin.py:190} INFO - [2024-12-01T02:15:08.094+0000] {dagbag.py:588} INFO - Filling up the DagBag from /home/airflow/.local/lib/python3.12/site-packages/airflow/example_dags/example_short_circuit_decorator.py
[2024-12-01T02:15:08.104+0000] {processor.py:925} INFO - DAG(s) 'example_short_circuit_decorator' retrieved from /home/airflow/.local/lib/python3.12/site-packages/airflow/example_dags/example_short_circuit_decorator.py
[2024-12-01T02:15:08.127+0000] {logging_mixin.py:190} INFO - [2024-12-01T02:15:08.127+0000] {dag.py:3239} INFO - Sync 1 DAGs
[2024-12-01T02:15:08.140+0000] {logging_mixin.py:190} INFO - [2024-12-01T02:15:08.140+0000] {dag.py:4180} INFO - Setting next_dagrun for example_short_circuit_decorator to None, run_after=None
[2024-12-01T02:15:08.157+0000] {processor.py:208} INFO - Processing /home/airflow/.local/lib/python3.12/site-packages/airflow/example_dags/example_short_circuit_decorator.py took 0.072 seconds
[2024-12-01T02:15:38.921+0000] {processor.py:186} INFO - Started process (PID=51148) to work on /home/airflow/.local/lib/python3.12/site-packages/airflow/example_dags/example_short_circuit_decorator.py
[2024-12-01T02:15:38.922+0000] {processor.py:914} INFO - Processing file /home/airflow/.local/lib/python3.12/site-packages/airflow/example_dags/example_short_circuit_decorator.py for tasks to queue
[2024-12-01T02:15:38.924+0000] {logging_mixin.py:190} INFO - [2024-12-01T02:15:38.924+0000] {dagbag.py:588} INFO - Filling up the DagBag from /home/airflow/.local/lib/python3.12/site-packages/airflow/example_dags/example_short_circuit_decorator.py
[2024-12-01T02:15:38.940+0000] {processor.py:925} INFO - DAG(s) 'example_short_circuit_decorator' retrieved from /home/airflow/.local/lib/python3.12/site-packages/airflow/example_dags/example_short_circuit_decorator.py
[2024-12-01T02:15:38.967+0000] {logging_mixin.py:190} INFO - [2024-12-01T02:15:38.967+0000] {dag.py:3239} INFO - Sync 1 DAGs
[2024-12-01T02:15:38.986+0000] {logging_mixin.py:190} INFO - [2024-12-01T02:15:38.985+0000] {dag.py:4180} INFO - Setting next_dagrun for example_short_circuit_decorator to None, run_after=None
[2024-12-01T02:15:39.009+0000] {processor.py:208} INFO - Processing /home/airflow/.local/lib/python3.12/site-packages/airflow/example_dags/example_short_circuit_decorator.py took 0.094 seconds
[2024-12-01T02:16:09.691+0000] {processor.py:186} INFO - Started process (PID=51214) to work on /home/airflow/.local/lib/python3.12/site-packages/airflow/example_dags/example_short_circuit_decorator.py
[2024-12-01T02:16:09.692+0000] {processor.py:914} INFO - Processing file /home/airflow/.local/lib/python3.12/site-packages/airflow/example_dags/example_short_circuit_decorator.py for tasks to queue
[2024-12-01T02:16:09.694+0000] {logging_mixin.py:190} INFO - [2024-12-01T02:16:09.694+0000] {dagbag.py:588} INFO - Filling up the DagBag from /home/airflow/.local/lib/python3.12/site-packages/airflow/example_dags/example_short_circuit_decorator.py
[2024-12-01T02:16:09.709+0000] {processor.py:925} INFO - DAG(s) 'example_short_circuit_decorator' retrieved from /home/airflow/.local/lib/python3.12/site-packages/airflow/example_dags/example_short_circuit_decorator.py
[2024-12-01T02:16:09.732+0000] {logging_mixin.py:190} INFO - [2024-12-01T02:16:09.732+0000] {dag.py:3239} INFO - Sync 1 DAGs
[2024-12-01T02:16:09.750+0000] {logging_mixin.py:190} INFO - [2024-12-01T02:16:09.750+0000] {dag.py:4180} INFO - Setting next_dagrun for example_short_circuit_decorator to None, run_after=None
[2024-12-01T02:16:09.769+0000] {processor.py:208} INFO - Processing /home/airflow/.local/lib/python3.12/site-packages/airflow/example_dags/example_short_circuit_decorator.py took 0.084 seconds
[2024-12-01T02:16:40.806+0000] {processor.py:186} INFO - Started process (PID=51281) to work on /home/airflow/.local/lib/python3.12/site-packages/airflow/example_dags/example_short_circuit_decorator.py
[2024-12-01T02:16:40.807+0000] {processor.py:914} INFO - Processing file /home/airflow/.local/lib/python3.12/site-packages/airflow/example_dags/example_short_circuit_decorator.py for tasks to queue
[2024-12-01T02:16:40.809+0000] {logging_mixin.py:190} INFO - [2024-12-01T02:16:40.809+0000] {dagbag.py:588} INFO - Filling up the DagBag from /home/airflow/.local/lib/python3.12/site-packages/airflow/example_dags/example_short_circuit_decorator.py
[2024-12-01T02:16:40.818+0000] {processor.py:925} INFO - DAG(s) 'example_short_circuit_decorator' retrieved from /home/airflow/.local/lib/python3.12/site-packages/airflow/example_dags/example_short_circuit_decorator.py
[2024-12-01T02:16:40.839+0000] {logging_mixin.py:190} INFO - [2024-12-01T02:16:40.838+0000] {dag.py:3239} INFO - Sync 1 DAGs
[2024-12-01T02:16:40.851+0000] {logging_mixin.py:190} INFO - [2024-12-01T02:16:40.851+0000] {dag.py:4180} INFO - Setting next_dagrun for example_short_circuit_decorator to None, run_after=None
[2024-12-01T02:16:40.867+0000] {processor.py:208} INFO - Processing /home/airflow/.local/lib/python3.12/site-packages/airflow/example_dags/example_short_circuit_decorator.py took 0.067 seconds
[2024-12-01T02:17:11.793+0000] {processor.py:186} INFO - Started process (PID=51347) to work on /home/airflow/.local/lib/python3.12/site-packages/airflow/example_dags/example_short_circuit_decorator.py
[2024-12-01T02:17:11.794+0000] {processor.py:914} INFO - Processing file /home/airflow/.local/lib/python3.12/site-packages/airflow/example_dags/example_short_circuit_decorator.py for tasks to queue
[2024-12-01T02:17:11.796+0000] {logging_mixin.py:190} INFO - [2024-12-01T02:17:11.796+0000] {dagbag.py:588} INFO - Filling up the DagBag from /home/airflow/.local/lib/python3.12/site-packages/airflow/example_dags/example_short_circuit_decorator.py
[2024-12-01T02:17:11.805+0000] {processor.py:925} INFO - DAG(s) 'example_short_circuit_decorator' retrieved from /home/airflow/.local/lib/python3.12/site-packages/airflow/example_dags/example_short_circuit_decorator.py
[2024-12-01T02:17:11.827+0000] {logging_mixin.py:190} INFO - [2024-12-01T02:17:11.826+0000] {dag.py:3239} INFO - Sync 1 DAGs
[2024-12-01T02:17:11.840+0000] {logging_mixin.py:190} INFO - [2024-12-01T02:17:11.840+0000] {dag.py:4180} INFO - Setting next_dagrun for example_short_circuit_decorator to None, run_after=None
[2024-12-01T02:17:11.857+0000] {processor.py:208} INFO - Processing /home/airflow/.local/lib/python3.12/site-packages/airflow/example_dags/example_short_circuit_decorator.py took 0.069 seconds
[2024-12-01T02:17:42.887+0000] {processor.py:186} INFO - Started process (PID=51413) to work on /home/airflow/.local/lib/python3.12/site-packages/airflow/example_dags/example_short_circuit_decorator.py
[2024-12-01T02:17:42.888+0000] {processor.py:914} INFO - Processing file /home/airflow/.local/lib/python3.12/site-packages/airflow/example_dags/example_short_circuit_decorator.py for tasks to queue
[2024-12-01T02:17:42.891+0000] {logging_mixin.py:190} INFO - [2024-12-01T02:17:42.890+0000] {dagbag.py:588} INFO - Filling up the DagBag from /home/airflow/.local/lib/python3.12/site-packages/airflow/example_dags/example_short_circuit_decorator.py
[2024-12-01T02:17:42.900+0000] {processor.py:925} INFO - DAG(s) 'example_short_circuit_decorator' retrieved from /home/airflow/.local/lib/python3.12/site-packages/airflow/example_dags/example_short_circuit_decorator.py
[2024-12-01T02:17:42.922+0000] {logging_mixin.py:190} INFO - [2024-12-01T02:17:42.922+0000] {dag.py:3239} INFO - Sync 1 DAGs
[2024-12-01T02:17:42.937+0000] {logging_mixin.py:190} INFO - [2024-12-01T02:17:42.936+0000] {dag.py:4180} INFO - Setting next_dagrun for example_short_circuit_decorator to None, run_after=None
[2024-12-01T02:17:42.955+0000] {processor.py:208} INFO - Processing /home/airflow/.local/lib/python3.12/site-packages/airflow/example_dags/example_short_circuit_decorator.py took 0.074 seconds
[2024-12-01T02:18:13.894+0000] {processor.py:186} INFO - Started process (PID=51479) to work on /home/airflow/.local/lib/python3.12/site-packages/airflow/example_dags/example_short_circuit_decorator.py
[2024-12-01T02:18:13.895+0000] {processor.py:914} INFO - Processing file /home/airflow/.local/lib/python3.12/site-packages/airflow/example_dags/example_short_circuit_decorator.py for tasks to queue
[2024-12-01T02:18:13.897+0000] {logging_mixin.py:190} INFO - [2024-12-01T02:18:13.897+0000] {dagbag.py:588} INFO - Filling up the DagBag from /home/airflow/.local/lib/python3.12/site-packages/airflow/example_dags/example_short_circuit_decorator.py
[2024-12-01T02:18:13.907+0000] {processor.py:925} INFO - DAG(s) 'example_short_circuit_decorator' retrieved from /home/airflow/.local/lib/python3.12/site-packages/airflow/example_dags/example_short_circuit_decorator.py
[2024-12-01T02:18:13.928+0000] {logging_mixin.py:190} INFO - [2024-12-01T02:18:13.928+0000] {dag.py:3239} INFO - Sync 1 DAGs
[2024-12-01T02:18:13.942+0000] {logging_mixin.py:190} INFO - [2024-12-01T02:18:13.942+0000] {dag.py:4180} INFO - Setting next_dagrun for example_short_circuit_decorator to None, run_after=None
[2024-12-01T02:18:13.961+0000] {processor.py:208} INFO - Processing /home/airflow/.local/lib/python3.12/site-packages/airflow/example_dags/example_short_circuit_decorator.py took 0.072 seconds
[2024-12-01T02:18:44.574+0000] {processor.py:186} INFO - Started process (PID=51544) to work on /home/airflow/.local/lib/python3.12/site-packages/airflow/example_dags/example_short_circuit_decorator.py
[2024-12-01T02:18:44.575+0000] {processor.py:914} INFO - Processing file /home/airflow/.local/lib/python3.12/site-packages/airflow/example_dags/example_short_circuit_decorator.py for tasks to queue
[2024-12-01T02:18:44.578+0000] {logging_mixin.py:190} INFO - [2024-12-01T02:18:44.577+0000] {dagbag.py:588} INFO - Filling up the DagBag from /home/airflow/.local/lib/python3.12/site-packages/airflow/example_dags/example_short_circuit_decorator.py
[2024-12-01T02:18:44.587+0000] {processor.py:925} INFO - DAG(s) 'example_short_circuit_decorator' retrieved from /home/airflow/.local/lib/python3.12/site-packages/airflow/example_dags/example_short_circuit_decorator.py
[2024-12-01T02:18:44.613+0000] {logging_mixin.py:190} INFO - [2024-12-01T02:18:44.613+0000] {dag.py:3239} INFO - Sync 1 DAGs
[2024-12-01T02:18:44.626+0000] {logging_mixin.py:190} INFO - [2024-12-01T02:18:44.626+0000] {dag.py:4180} INFO - Setting next_dagrun for example_short_circuit_decorator to None, run_after=None
[2024-12-01T02:18:44.643+0000] {processor.py:208} INFO - Processing /home/airflow/.local/lib/python3.12/site-packages/airflow/example_dags/example_short_circuit_decorator.py took 0.074 seconds
[2024-12-01T02:19:15.655+0000] {processor.py:186} INFO - Started process (PID=51612) to work on /home/airflow/.local/lib/python3.12/site-packages/airflow/example_dags/example_short_circuit_decorator.py
[2024-12-01T02:19:15.656+0000] {processor.py:914} INFO - Processing file /home/airflow/.local/lib/python3.12/site-packages/airflow/example_dags/example_short_circuit_decorator.py for tasks to queue
[2024-12-01T02:19:15.658+0000] {logging_mixin.py:190} INFO - [2024-12-01T02:19:15.658+0000] {dagbag.py:588} INFO - Filling up the DagBag from /home/airflow/.local/lib/python3.12/site-packages/airflow/example_dags/example_short_circuit_decorator.py
[2024-12-01T02:19:15.667+0000] {processor.py:925} INFO - DAG(s) 'example_short_circuit_decorator' retrieved from /home/airflow/.local/lib/python3.12/site-packages/airflow/example_dags/example_short_circuit_decorator.py
[2024-12-01T02:19:15.691+0000] {logging_mixin.py:190} INFO - [2024-12-01T02:19:15.691+0000] {dag.py:3239} INFO - Sync 1 DAGs
[2024-12-01T02:19:15.706+0000] {logging_mixin.py:190} INFO - [2024-12-01T02:19:15.706+0000] {dag.py:4180} INFO - Setting next_dagrun for example_short_circuit_decorator to None, run_after=None
[2024-12-01T02:19:15.725+0000] {processor.py:208} INFO - Processing /home/airflow/.local/lib/python3.12/site-packages/airflow/example_dags/example_short_circuit_decorator.py took 0.076 seconds
[2024-12-01T02:19:46.670+0000] {processor.py:186} INFO - Started process (PID=51677) to work on /home/airflow/.local/lib/python3.12/site-packages/airflow/example_dags/example_short_circuit_decorator.py
[2024-12-01T02:19:46.671+0000] {processor.py:914} INFO - Processing file /home/airflow/.local/lib/python3.12/site-packages/airflow/example_dags/example_short_circuit_decorator.py for tasks to queue
[2024-12-01T02:19:46.673+0000] {logging_mixin.py:190} INFO - [2024-12-01T02:19:46.673+0000] {dagbag.py:588} INFO - Filling up the DagBag from /home/airflow/.local/lib/python3.12/site-packages/airflow/example_dags/example_short_circuit_decorator.py
[2024-12-01T02:19:46.684+0000] {processor.py:925} INFO - DAG(s) 'example_short_circuit_decorator' retrieved from /home/airflow/.local/lib/python3.12/site-packages/airflow/example_dags/example_short_circuit_decorator.py
[2024-12-01T02:19:46.706+0000] {logging_mixin.py:190} INFO - [2024-12-01T02:19:46.706+0000] {dag.py:3239} INFO - Sync 1 DAGs
[2024-12-01T02:19:46.720+0000] {logging_mixin.py:190} INFO - [2024-12-01T02:19:46.719+0000] {dag.py:4180} INFO - Setting next_dagrun for example_short_circuit_decorator to None, run_after=None
[2024-12-01T02:19:46.736+0000] {processor.py:208} INFO - Processing /home/airflow/.local/lib/python3.12/site-packages/airflow/example_dags/example_short_circuit_decorator.py took 0.071 seconds
[2024-12-01T02:20:17.849+0000] {processor.py:186} INFO - Started process (PID=51743) to work on /home/airflow/.local/lib/python3.12/site-packages/airflow/example_dags/example_short_circuit_decorator.py
[2024-12-01T02:20:17.850+0000] {processor.py:914} INFO - Processing file /home/airflow/.local/lib/python3.12/site-packages/airflow/example_dags/example_short_circuit_decorator.py for tasks to queue
[2024-12-01T02:20:17.852+0000] {logging_mixin.py:190} INFO - [2024-12-01T02:20:17.852+0000] {dagbag.py:588} INFO - Filling up the DagBag from /home/airflow/.local/lib/python3.12/site-packages/airflow/example_dags/example_short_circuit_decorator.py
[2024-12-01T02:20:17.869+0000] {processor.py:925} INFO - DAG(s) 'example_short_circuit_decorator' retrieved from /home/airflow/.local/lib/python3.12/site-packages/airflow/example_dags/example_short_circuit_decorator.py
[2024-12-01T02:20:17.892+0000] {logging_mixin.py:190} INFO - [2024-12-01T02:20:17.892+0000] {dag.py:3239} INFO - Sync 1 DAGs
[2024-12-01T02:20:17.905+0000] {logging_mixin.py:190} INFO - [2024-12-01T02:20:17.905+0000] {dag.py:4180} INFO - Setting next_dagrun for example_short_circuit_decorator to None, run_after=None
[2024-12-01T02:20:17.927+0000] {processor.py:208} INFO - Processing /home/airflow/.local/lib/python3.12/site-packages/airflow/example_dags/example_short_circuit_decorator.py took 0.083 seconds
[2024-12-01T02:20:49.154+0000] {processor.py:186} INFO - Started process (PID=51809) to work on /home/airflow/.local/lib/python3.12/site-packages/airflow/example_dags/example_short_circuit_decorator.py
[2024-12-01T02:20:49.155+0000] {processor.py:914} INFO - Processing file /home/airflow/.local/lib/python3.12/site-packages/airflow/example_dags/example_short_circuit_decorator.py for tasks to queue
[2024-12-01T02:20:49.157+0000] {logging_mixin.py:190} INFO - [2024-12-01T02:20:49.157+0000] {dagbag.py:588} INFO - Filling up the DagBag from /home/airflow/.local/lib/python3.12/site-packages/airflow/example_dags/example_short_circuit_decorator.py
[2024-12-01T02:20:49.166+0000] {processor.py:925} INFO - DAG(s) 'example_short_circuit_decorator' retrieved from /home/airflow/.local/lib/python3.12/site-packages/airflow/example_dags/example_short_circuit_decorator.py
[2024-12-01T02:20:49.189+0000] {logging_mixin.py:190} INFO - [2024-12-01T02:20:49.189+0000] {dag.py:3239} INFO - Sync 1 DAGs
[2024-12-01T02:20:49.207+0000] {logging_mixin.py:190} INFO - [2024-12-01T02:20:49.207+0000] {dag.py:4180} INFO - Setting next_dagrun for example_short_circuit_decorator to None, run_after=None
[2024-12-01T02:20:49.229+0000] {processor.py:208} INFO - Processing /home/airflow/.local/lib/python3.12/site-packages/airflow/example_dags/example_short_circuit_decorator.py took 0.080 seconds
[2024-12-01T02:21:21.123+0000] {processor.py:186} INFO - Started process (PID=51875) to work on /home/airflow/.local/lib/python3.12/site-packages/airflow/example_dags/example_short_circuit_decorator.py
[2024-12-01T02:21:21.124+0000] {processor.py:914} INFO - Processing file /home/airflow/.local/lib/python3.12/site-packages/airflow/example_dags/example_short_circuit_decorator.py for tasks to queue
[2024-12-01T02:21:21.126+0000] {logging_mixin.py:190} INFO - [2024-12-01T02:21:21.126+0000] {dagbag.py:588} INFO - Filling up the DagBag from /home/airflow/.local/lib/python3.12/site-packages/airflow/example_dags/example_short_circuit_decorator.py
[2024-12-01T02:21:21.135+0000] {processor.py:925} INFO - DAG(s) 'example_short_circuit_decorator' retrieved from /home/airflow/.local/lib/python3.12/site-packages/airflow/example_dags/example_short_circuit_decorator.py
[2024-12-01T02:21:21.158+0000] {logging_mixin.py:190} INFO - [2024-12-01T02:21:21.158+0000] {dag.py:3239} INFO - Sync 1 DAGs
[2024-12-01T02:21:21.311+0000] {logging_mixin.py:190} INFO - [2024-12-01T02:21:21.311+0000] {dag.py:4180} INFO - Setting next_dagrun for example_short_circuit_decorator to None, run_after=None
[2024-12-01T02:21:21.328+0000] {processor.py:208} INFO - Processing /home/airflow/.local/lib/python3.12/site-packages/airflow/example_dags/example_short_circuit_decorator.py took 0.211 seconds
[2024-12-01T02:21:52.044+0000] {processor.py:186} INFO - Started process (PID=51941) to work on /home/airflow/.local/lib/python3.12/site-packages/airflow/example_dags/example_short_circuit_decorator.py
[2024-12-01T02:21:52.045+0000] {processor.py:914} INFO - Processing file /home/airflow/.local/lib/python3.12/site-packages/airflow/example_dags/example_short_circuit_decorator.py for tasks to queue
[2024-12-01T02:21:52.047+0000] {logging_mixin.py:190} INFO - [2024-12-01T02:21:52.047+0000] {dagbag.py:588} INFO - Filling up the DagBag from /home/airflow/.local/lib/python3.12/site-packages/airflow/example_dags/example_short_circuit_decorator.py
[2024-12-01T02:21:52.057+0000] {processor.py:925} INFO - DAG(s) 'example_short_circuit_decorator' retrieved from /home/airflow/.local/lib/python3.12/site-packages/airflow/example_dags/example_short_circuit_decorator.py
[2024-12-01T02:21:52.078+0000] {logging_mixin.py:190} INFO - [2024-12-01T02:21:52.078+0000] {dag.py:3239} INFO - Sync 1 DAGs
[2024-12-01T02:21:52.091+0000] {logging_mixin.py:190} INFO - [2024-12-01T02:21:52.091+0000] {dag.py:4180} INFO - Setting next_dagrun for example_short_circuit_decorator to None, run_after=None
[2024-12-01T02:21:52.273+0000] {processor.py:208} INFO - Processing /home/airflow/.local/lib/python3.12/site-packages/airflow/example_dags/example_short_circuit_decorator.py took 0.234 seconds
[2024-12-01T02:22:22.720+0000] {processor.py:186} INFO - Started process (PID=52007) to work on /home/airflow/.local/lib/python3.12/site-packages/airflow/example_dags/example_short_circuit_decorator.py
[2024-12-01T02:22:22.721+0000] {processor.py:914} INFO - Processing file /home/airflow/.local/lib/python3.12/site-packages/airflow/example_dags/example_short_circuit_decorator.py for tasks to queue
[2024-12-01T02:22:22.723+0000] {logging_mixin.py:190} INFO - [2024-12-01T02:22:22.723+0000] {dagbag.py:588} INFO - Filling up the DagBag from /home/airflow/.local/lib/python3.12/site-packages/airflow/example_dags/example_short_circuit_decorator.py
[2024-12-01T02:22:22.733+0000] {processor.py:925} INFO - DAG(s) 'example_short_circuit_decorator' retrieved from /home/airflow/.local/lib/python3.12/site-packages/airflow/example_dags/example_short_circuit_decorator.py
[2024-12-01T02:22:22.755+0000] {logging_mixin.py:190} INFO - [2024-12-01T02:22:22.755+0000] {dag.py:3239} INFO - Sync 1 DAGs
[2024-12-01T02:22:22.768+0000] {logging_mixin.py:190} INFO - [2024-12-01T02:22:22.768+0000] {dag.py:4180} INFO - Setting next_dagrun for example_short_circuit_decorator to None, run_after=None
[2024-12-01T02:22:22.786+0000] {processor.py:208} INFO - Processing /home/airflow/.local/lib/python3.12/site-packages/airflow/example_dags/example_short_circuit_decorator.py took 0.072 seconds
[2024-12-01T02:22:53.197+0000] {processor.py:186} INFO - Started process (PID=52073) to work on /home/airflow/.local/lib/python3.12/site-packages/airflow/example_dags/example_short_circuit_decorator.py
[2024-12-01T02:22:53.198+0000] {processor.py:914} INFO - Processing file /home/airflow/.local/lib/python3.12/site-packages/airflow/example_dags/example_short_circuit_decorator.py for tasks to queue
[2024-12-01T02:22:53.200+0000] {logging_mixin.py:190} INFO - [2024-12-01T02:22:53.200+0000] {dagbag.py:588} INFO - Filling up the DagBag from /home/airflow/.local/lib/python3.12/site-packages/airflow/example_dags/example_short_circuit_decorator.py
[2024-12-01T02:22:53.210+0000] {processor.py:925} INFO - DAG(s) 'example_short_circuit_decorator' retrieved from /home/airflow/.local/lib/python3.12/site-packages/airflow/example_dags/example_short_circuit_decorator.py
[2024-12-01T02:22:53.242+0000] {logging_mixin.py:190} INFO - [2024-12-01T02:22:53.242+0000] {dag.py:3239} INFO - Sync 1 DAGs
[2024-12-01T02:22:53.258+0000] {logging_mixin.py:190} INFO - [2024-12-01T02:22:53.257+0000] {dag.py:4180} INFO - Setting next_dagrun for example_short_circuit_decorator to None, run_after=None
[2024-12-01T02:22:53.274+0000] {processor.py:208} INFO - Processing /home/airflow/.local/lib/python3.12/site-packages/airflow/example_dags/example_short_circuit_decorator.py took 0.083 seconds
[2024-12-01T02:23:24.465+0000] {processor.py:186} INFO - Started process (PID=52139) to work on /home/airflow/.local/lib/python3.12/site-packages/airflow/example_dags/example_short_circuit_decorator.py
[2024-12-01T02:23:24.466+0000] {processor.py:914} INFO - Processing file /home/airflow/.local/lib/python3.12/site-packages/airflow/example_dags/example_short_circuit_decorator.py for tasks to queue
[2024-12-01T02:23:24.468+0000] {logging_mixin.py:190} INFO - [2024-12-01T02:23:24.468+0000] {dagbag.py:588} INFO - Filling up the DagBag from /home/airflow/.local/lib/python3.12/site-packages/airflow/example_dags/example_short_circuit_decorator.py
[2024-12-01T02:23:24.627+0000] {processor.py:925} INFO - DAG(s) 'example_short_circuit_decorator' retrieved from /home/airflow/.local/lib/python3.12/site-packages/airflow/example_dags/example_short_circuit_decorator.py
[2024-12-01T02:23:24.646+0000] {logging_mixin.py:190} INFO - [2024-12-01T02:23:24.646+0000] {dag.py:3239} INFO - Sync 1 DAGs
[2024-12-01T02:23:24.657+0000] {logging_mixin.py:190} INFO - [2024-12-01T02:23:24.657+0000] {dag.py:4180} INFO - Setting next_dagrun for example_short_circuit_decorator to None, run_after=None
[2024-12-01T02:23:24.674+0000] {processor.py:208} INFO - Processing /home/airflow/.local/lib/python3.12/site-packages/airflow/example_dags/example_short_circuit_decorator.py took 0.214 seconds
[2024-12-01T02:23:55.322+0000] {processor.py:186} INFO - Started process (PID=52205) to work on /home/airflow/.local/lib/python3.12/site-packages/airflow/example_dags/example_short_circuit_decorator.py
[2024-12-01T02:23:55.322+0000] {processor.py:914} INFO - Processing file /home/airflow/.local/lib/python3.12/site-packages/airflow/example_dags/example_short_circuit_decorator.py for tasks to queue
[2024-12-01T02:23:55.325+0000] {logging_mixin.py:190} INFO - [2024-12-01T02:23:55.325+0000] {dagbag.py:588} INFO - Filling up the DagBag from /home/airflow/.local/lib/python3.12/site-packages/airflow/example_dags/example_short_circuit_decorator.py
[2024-12-01T02:23:55.334+0000] {processor.py:925} INFO - DAG(s) 'example_short_circuit_decorator' retrieved from /home/airflow/.local/lib/python3.12/site-packages/airflow/example_dags/example_short_circuit_decorator.py
[2024-12-01T02:23:55.356+0000] {logging_mixin.py:190} INFO - [2024-12-01T02:23:55.356+0000] {dag.py:3239} INFO - Sync 1 DAGs
[2024-12-01T02:23:55.369+0000] {logging_mixin.py:190} INFO - [2024-12-01T02:23:55.369+0000] {dag.py:4180} INFO - Setting next_dagrun for example_short_circuit_decorator to None, run_after=None
[2024-12-01T02:23:55.384+0000] {processor.py:208} INFO - Processing /home/airflow/.local/lib/python3.12/site-packages/airflow/example_dags/example_short_circuit_decorator.py took 0.068 seconds
[2024-12-01T02:24:26.715+0000] {processor.py:186} INFO - Started process (PID=52271) to work on /home/airflow/.local/lib/python3.12/site-packages/airflow/example_dags/example_short_circuit_decorator.py
[2024-12-01T02:24:26.716+0000] {processor.py:914} INFO - Processing file /home/airflow/.local/lib/python3.12/site-packages/airflow/example_dags/example_short_circuit_decorator.py for tasks to queue
[2024-12-01T02:24:26.718+0000] {logging_mixin.py:190} INFO - [2024-12-01T02:24:26.718+0000] {dagbag.py:588} INFO - Filling up the DagBag from /home/airflow/.local/lib/python3.12/site-packages/airflow/example_dags/example_short_circuit_decorator.py
[2024-12-01T02:24:26.727+0000] {processor.py:925} INFO - DAG(s) 'example_short_circuit_decorator' retrieved from /home/airflow/.local/lib/python3.12/site-packages/airflow/example_dags/example_short_circuit_decorator.py
[2024-12-01T02:24:26.749+0000] {logging_mixin.py:190} INFO - [2024-12-01T02:24:26.749+0000] {dag.py:3239} INFO - Sync 1 DAGs
[2024-12-01T02:24:26.763+0000] {logging_mixin.py:190} INFO - [2024-12-01T02:24:26.763+0000] {dag.py:4180} INFO - Setting next_dagrun for example_short_circuit_decorator to None, run_after=None
[2024-12-01T02:24:26.781+0000] {processor.py:208} INFO - Processing /home/airflow/.local/lib/python3.12/site-packages/airflow/example_dags/example_short_circuit_decorator.py took 0.071 seconds
[2024-12-01T02:24:58.134+0000] {processor.py:186} INFO - Started process (PID=52337) to work on /home/airflow/.local/lib/python3.12/site-packages/airflow/example_dags/example_short_circuit_decorator.py
[2024-12-01T02:24:58.135+0000] {processor.py:914} INFO - Processing file /home/airflow/.local/lib/python3.12/site-packages/airflow/example_dags/example_short_circuit_decorator.py for tasks to queue
[2024-12-01T02:24:58.137+0000] {logging_mixin.py:190} INFO - [2024-12-01T02:24:58.137+0000] {dagbag.py:588} INFO - Filling up the DagBag from /home/airflow/.local/lib/python3.12/site-packages/airflow/example_dags/example_short_circuit_decorator.py
[2024-12-01T02:24:58.147+0000] {processor.py:925} INFO - DAG(s) 'example_short_circuit_decorator' retrieved from /home/airflow/.local/lib/python3.12/site-packages/airflow/example_dags/example_short_circuit_decorator.py
[2024-12-01T02:24:58.169+0000] {logging_mixin.py:190} INFO - [2024-12-01T02:24:58.169+0000] {dag.py:3239} INFO - Sync 1 DAGs
[2024-12-01T02:24:58.189+0000] {logging_mixin.py:190} INFO - [2024-12-01T02:24:58.189+0000] {dag.py:4180} INFO - Setting next_dagrun for example_short_circuit_decorator to None, run_after=None
[2024-12-01T02:24:58.231+0000] {processor.py:208} INFO - Processing /home/airflow/.local/lib/python3.12/site-packages/airflow/example_dags/example_short_circuit_decorator.py took 0.103 seconds
[2024-12-01T02:25:28.698+0000] {processor.py:186} INFO - Started process (PID=52403) to work on /home/airflow/.local/lib/python3.12/site-packages/airflow/example_dags/example_short_circuit_decorator.py
[2024-12-01T02:25:28.699+0000] {processor.py:914} INFO - Processing file /home/airflow/.local/lib/python3.12/site-packages/airflow/example_dags/example_short_circuit_decorator.py for tasks to queue
[2024-12-01T02:25:28.701+0000] {logging_mixin.py:190} INFO - [2024-12-01T02:25:28.701+0000] {dagbag.py:588} INFO - Filling up the DagBag from /home/airflow/.local/lib/python3.12/site-packages/airflow/example_dags/example_short_circuit_decorator.py
[2024-12-01T02:25:28.710+0000] {processor.py:925} INFO - DAG(s) 'example_short_circuit_decorator' retrieved from /home/airflow/.local/lib/python3.12/site-packages/airflow/example_dags/example_short_circuit_decorator.py
[2024-12-01T02:25:28.732+0000] {logging_mixin.py:190} INFO - [2024-12-01T02:25:28.731+0000] {dag.py:3239} INFO - Sync 1 DAGs
[2024-12-01T02:25:28.745+0000] {logging_mixin.py:190} INFO - [2024-12-01T02:25:28.745+0000] {dag.py:4180} INFO - Setting next_dagrun for example_short_circuit_decorator to None, run_after=None
[2024-12-01T02:25:28.763+0000] {processor.py:208} INFO - Processing /home/airflow/.local/lib/python3.12/site-packages/airflow/example_dags/example_short_circuit_decorator.py took 0.070 seconds
[2024-12-01T02:25:59.371+0000] {processor.py:186} INFO - Started process (PID=52469) to work on /home/airflow/.local/lib/python3.12/site-packages/airflow/example_dags/example_short_circuit_decorator.py
[2024-12-01T02:25:59.372+0000] {processor.py:914} INFO - Processing file /home/airflow/.local/lib/python3.12/site-packages/airflow/example_dags/example_short_circuit_decorator.py for tasks to queue
[2024-12-01T02:25:59.374+0000] {logging_mixin.py:190} INFO - [2024-12-01T02:25:59.374+0000] {dagbag.py:588} INFO - Filling up the DagBag from /home/airflow/.local/lib/python3.12/site-packages/airflow/example_dags/example_short_circuit_decorator.py
[2024-12-01T02:25:59.384+0000] {processor.py:925} INFO - DAG(s) 'example_short_circuit_decorator' retrieved from /home/airflow/.local/lib/python3.12/site-packages/airflow/example_dags/example_short_circuit_decorator.py
[2024-12-01T02:25:59.409+0000] {logging_mixin.py:190} INFO - [2024-12-01T02:25:59.409+0000] {dag.py:3239} INFO - Sync 1 DAGs
[2024-12-01T02:25:59.424+0000] {logging_mixin.py:190} INFO - [2024-12-01T02:25:59.424+0000] {dag.py:4180} INFO - Setting next_dagrun for example_short_circuit_decorator to None, run_after=None
[2024-12-01T02:25:59.443+0000] {processor.py:208} INFO - Processing /home/airflow/.local/lib/python3.12/site-packages/airflow/example_dags/example_short_circuit_decorator.py took 0.077 seconds
[2024-12-01T02:26:29.949+0000] {processor.py:186} INFO - Started process (PID=52541) to work on /home/airflow/.local/lib/python3.12/site-packages/airflow/example_dags/example_short_circuit_decorator.py
[2024-12-01T02:26:29.950+0000] {processor.py:914} INFO - Processing file /home/airflow/.local/lib/python3.12/site-packages/airflow/example_dags/example_short_circuit_decorator.py for tasks to queue
[2024-12-01T02:26:29.952+0000] {logging_mixin.py:190} INFO - [2024-12-01T02:26:29.952+0000] {dagbag.py:588} INFO - Filling up the DagBag from /home/airflow/.local/lib/python3.12/site-packages/airflow/example_dags/example_short_circuit_decorator.py
[2024-12-01T02:26:29.961+0000] {processor.py:925} INFO - DAG(s) 'example_short_circuit_decorator' retrieved from /home/airflow/.local/lib/python3.12/site-packages/airflow/example_dags/example_short_circuit_decorator.py
[2024-12-01T02:26:29.981+0000] {logging_mixin.py:190} INFO - [2024-12-01T02:26:29.981+0000] {dag.py:3239} INFO - Sync 1 DAGs
[2024-12-01T02:26:29.995+0000] {logging_mixin.py:190} INFO - [2024-12-01T02:26:29.995+0000] {dag.py:4180} INFO - Setting next_dagrun for example_short_circuit_decorator to None, run_after=None
[2024-12-01T02:26:30.012+0000] {processor.py:208} INFO - Processing /home/airflow/.local/lib/python3.12/site-packages/airflow/example_dags/example_short_circuit_decorator.py took 0.068 seconds
[2024-12-01T02:27:00.545+0000] {processor.py:186} INFO - Started process (PID=52607) to work on /home/airflow/.local/lib/python3.12/site-packages/airflow/example_dags/example_short_circuit_decorator.py
[2024-12-01T02:27:00.546+0000] {processor.py:914} INFO - Processing file /home/airflow/.local/lib/python3.12/site-packages/airflow/example_dags/example_short_circuit_decorator.py for tasks to queue
[2024-12-01T02:27:00.549+0000] {logging_mixin.py:190} INFO - [2024-12-01T02:27:00.548+0000] {dagbag.py:588} INFO - Filling up the DagBag from /home/airflow/.local/lib/python3.12/site-packages/airflow/example_dags/example_short_circuit_decorator.py
[2024-12-01T02:27:00.557+0000] {processor.py:925} INFO - DAG(s) 'example_short_circuit_decorator' retrieved from /home/airflow/.local/lib/python3.12/site-packages/airflow/example_dags/example_short_circuit_decorator.py
[2024-12-01T02:27:00.579+0000] {logging_mixin.py:190} INFO - [2024-12-01T02:27:00.579+0000] {dag.py:3239} INFO - Sync 1 DAGs
[2024-12-01T02:27:00.592+0000] {logging_mixin.py:190} INFO - [2024-12-01T02:27:00.592+0000] {dag.py:4180} INFO - Setting next_dagrun for example_short_circuit_decorator to None, run_after=None
[2024-12-01T02:27:00.610+0000] {processor.py:208} INFO - Processing /home/airflow/.local/lib/python3.12/site-packages/airflow/example_dags/example_short_circuit_decorator.py took 0.070 seconds
[2024-12-01T02:27:31.096+0000] {processor.py:186} INFO - Started process (PID=52673) to work on /home/airflow/.local/lib/python3.12/site-packages/airflow/example_dags/example_short_circuit_decorator.py
[2024-12-01T02:27:31.097+0000] {processor.py:914} INFO - Processing file /home/airflow/.local/lib/python3.12/site-packages/airflow/example_dags/example_short_circuit_decorator.py for tasks to queue
[2024-12-01T02:27:31.099+0000] {logging_mixin.py:190} INFO - [2024-12-01T02:27:31.099+0000] {dagbag.py:588} INFO - Filling up the DagBag from /home/airflow/.local/lib/python3.12/site-packages/airflow/example_dags/example_short_circuit_decorator.py
[2024-12-01T02:27:31.111+0000] {processor.py:925} INFO - DAG(s) 'example_short_circuit_decorator' retrieved from /home/airflow/.local/lib/python3.12/site-packages/airflow/example_dags/example_short_circuit_decorator.py
[2024-12-01T02:27:31.132+0000] {logging_mixin.py:190} INFO - [2024-12-01T02:27:31.132+0000] {dag.py:3239} INFO - Sync 1 DAGs
[2024-12-01T02:27:31.146+0000] {logging_mixin.py:190} INFO - [2024-12-01T02:27:31.146+0000] {dag.py:4180} INFO - Setting next_dagrun for example_short_circuit_decorator to None, run_after=None
[2024-12-01T02:27:31.164+0000] {processor.py:208} INFO - Processing /home/airflow/.local/lib/python3.12/site-packages/airflow/example_dags/example_short_circuit_decorator.py took 0.073 seconds
[2024-12-01T02:28:02.486+0000] {processor.py:186} INFO - Started process (PID=52739) to work on /home/airflow/.local/lib/python3.12/site-packages/airflow/example_dags/example_short_circuit_decorator.py
[2024-12-01T02:28:02.493+0000] {processor.py:914} INFO - Processing file /home/airflow/.local/lib/python3.12/site-packages/airflow/example_dags/example_short_circuit_decorator.py for tasks to queue
[2024-12-01T02:28:02.498+0000] {logging_mixin.py:190} INFO - [2024-12-01T02:28:02.497+0000] {dagbag.py:588} INFO - Filling up the DagBag from /home/airflow/.local/lib/python3.12/site-packages/airflow/example_dags/example_short_circuit_decorator.py
[2024-12-01T02:28:02.521+0000] {processor.py:925} INFO - DAG(s) 'example_short_circuit_decorator' retrieved from /home/airflow/.local/lib/python3.12/site-packages/airflow/example_dags/example_short_circuit_decorator.py
[2024-12-01T02:28:02.561+0000] {logging_mixin.py:190} INFO - [2024-12-01T02:28:02.561+0000] {dag.py:3239} INFO - Sync 1 DAGs
[2024-12-01T02:28:02.578+0000] {logging_mixin.py:190} INFO - [2024-12-01T02:28:02.578+0000] {dag.py:4180} INFO - Setting next_dagrun for example_short_circuit_decorator to None, run_after=None
[2024-12-01T02:28:02.595+0000] {processor.py:208} INFO - Processing /home/airflow/.local/lib/python3.12/site-packages/airflow/example_dags/example_short_circuit_decorator.py took 0.118 seconds
[2024-12-01T02:28:33.031+0000] {processor.py:186} INFO - Started process (PID=52805) to work on /home/airflow/.local/lib/python3.12/site-packages/airflow/example_dags/example_short_circuit_decorator.py
[2024-12-01T02:28:33.032+0000] {processor.py:914} INFO - Processing file /home/airflow/.local/lib/python3.12/site-packages/airflow/example_dags/example_short_circuit_decorator.py for tasks to queue
[2024-12-01T02:28:33.034+0000] {logging_mixin.py:190} INFO - [2024-12-01T02:28:33.034+0000] {dagbag.py:588} INFO - Filling up the DagBag from /home/airflow/.local/lib/python3.12/site-packages/airflow/example_dags/example_short_circuit_decorator.py
[2024-12-01T02:28:33.044+0000] {processor.py:925} INFO - DAG(s) 'example_short_circuit_decorator' retrieved from /home/airflow/.local/lib/python3.12/site-packages/airflow/example_dags/example_short_circuit_decorator.py
[2024-12-01T02:28:33.065+0000] {logging_mixin.py:190} INFO - [2024-12-01T02:28:33.065+0000] {dag.py:3239} INFO - Sync 1 DAGs
[2024-12-01T02:28:33.079+0000] {logging_mixin.py:190} INFO - [2024-12-01T02:28:33.079+0000] {dag.py:4180} INFO - Setting next_dagrun for example_short_circuit_decorator to None, run_after=None
[2024-12-01T02:28:33.096+0000] {processor.py:208} INFO - Processing /home/airflow/.local/lib/python3.12/site-packages/airflow/example_dags/example_short_circuit_decorator.py took 0.070 seconds
[2024-12-01T02:29:03.513+0000] {processor.py:186} INFO - Started process (PID=52871) to work on /home/airflow/.local/lib/python3.12/site-packages/airflow/example_dags/example_short_circuit_decorator.py
[2024-12-01T02:29:03.514+0000] {processor.py:914} INFO - Processing file /home/airflow/.local/lib/python3.12/site-packages/airflow/example_dags/example_short_circuit_decorator.py for tasks to queue
[2024-12-01T02:29:03.516+0000] {logging_mixin.py:190} INFO - [2024-12-01T02:29:03.516+0000] {dagbag.py:588} INFO - Filling up the DagBag from /home/airflow/.local/lib/python3.12/site-packages/airflow/example_dags/example_short_circuit_decorator.py
[2024-12-01T02:29:03.525+0000] {processor.py:925} INFO - DAG(s) 'example_short_circuit_decorator' retrieved from /home/airflow/.local/lib/python3.12/site-packages/airflow/example_dags/example_short_circuit_decorator.py
[2024-12-01T02:29:03.546+0000] {logging_mixin.py:190} INFO - [2024-12-01T02:29:03.545+0000] {dag.py:3239} INFO - Sync 1 DAGs
[2024-12-01T02:29:03.558+0000] {logging_mixin.py:190} INFO - [2024-12-01T02:29:03.558+0000] {dag.py:4180} INFO - Setting next_dagrun for example_short_circuit_decorator to None, run_after=None
[2024-12-01T02:29:03.576+0000] {processor.py:208} INFO - Processing /home/airflow/.local/lib/python3.12/site-packages/airflow/example_dags/example_short_circuit_decorator.py took 0.069 seconds
[2024-12-01T02:29:34.180+0000] {processor.py:186} INFO - Started process (PID=52937) to work on /home/airflow/.local/lib/python3.12/site-packages/airflow/example_dags/example_short_circuit_decorator.py
[2024-12-01T02:29:34.181+0000] {processor.py:914} INFO - Processing file /home/airflow/.local/lib/python3.12/site-packages/airflow/example_dags/example_short_circuit_decorator.py for tasks to queue
[2024-12-01T02:29:34.183+0000] {logging_mixin.py:190} INFO - [2024-12-01T02:29:34.183+0000] {dagbag.py:588} INFO - Filling up the DagBag from /home/airflow/.local/lib/python3.12/site-packages/airflow/example_dags/example_short_circuit_decorator.py
[2024-12-01T02:29:34.192+0000] {processor.py:925} INFO - DAG(s) 'example_short_circuit_decorator' retrieved from /home/airflow/.local/lib/python3.12/site-packages/airflow/example_dags/example_short_circuit_decorator.py
[2024-12-01T02:29:34.214+0000] {logging_mixin.py:190} INFO - [2024-12-01T02:29:34.214+0000] {dag.py:3239} INFO - Sync 1 DAGs
[2024-12-01T02:29:34.228+0000] {logging_mixin.py:190} INFO - [2024-12-01T02:29:34.228+0000] {dag.py:4180} INFO - Setting next_dagrun for example_short_circuit_decorator to None, run_after=None
[2024-12-01T02:29:34.245+0000] {processor.py:208} INFO - Processing /home/airflow/.local/lib/python3.12/site-packages/airflow/example_dags/example_short_circuit_decorator.py took 0.070 seconds
[2024-12-01T02:30:05.546+0000] {processor.py:186} INFO - Started process (PID=53003) to work on /home/airflow/.local/lib/python3.12/site-packages/airflow/example_dags/example_short_circuit_decorator.py
[2024-12-01T02:30:05.547+0000] {processor.py:914} INFO - Processing file /home/airflow/.local/lib/python3.12/site-packages/airflow/example_dags/example_short_circuit_decorator.py for tasks to queue
[2024-12-01T02:30:05.549+0000] {logging_mixin.py:190} INFO - [2024-12-01T02:30:05.549+0000] {dagbag.py:588} INFO - Filling up the DagBag from /home/airflow/.local/lib/python3.12/site-packages/airflow/example_dags/example_short_circuit_decorator.py
[2024-12-01T02:30:05.559+0000] {processor.py:925} INFO - DAG(s) 'example_short_circuit_decorator' retrieved from /home/airflow/.local/lib/python3.12/site-packages/airflow/example_dags/example_short_circuit_decorator.py
[2024-12-01T02:30:05.581+0000] {logging_mixin.py:190} INFO - [2024-12-01T02:30:05.581+0000] {dag.py:3239} INFO - Sync 1 DAGs
[2024-12-01T02:30:05.597+0000] {logging_mixin.py:190} INFO - [2024-12-01T02:30:05.596+0000] {dag.py:4180} INFO - Setting next_dagrun for example_short_circuit_decorator to None, run_after=None
[2024-12-01T02:30:05.614+0000] {processor.py:208} INFO - Processing /home/airflow/.local/lib/python3.12/site-packages/airflow/example_dags/example_short_circuit_decorator.py took 0.073 seconds
[2024-12-01T02:30:36.094+0000] {processor.py:186} INFO - Started process (PID=53069) to work on /home/airflow/.local/lib/python3.12/site-packages/airflow/example_dags/example_short_circuit_decorator.py
[2024-12-01T02:30:36.095+0000] {processor.py:914} INFO - Processing file /home/airflow/.local/lib/python3.12/site-packages/airflow/example_dags/example_short_circuit_decorator.py for tasks to queue
[2024-12-01T02:30:36.098+0000] {logging_mixin.py:190} INFO - [2024-12-01T02:30:36.097+0000] {dagbag.py:588} INFO - Filling up the DagBag from /home/airflow/.local/lib/python3.12/site-packages/airflow/example_dags/example_short_circuit_decorator.py
[2024-12-01T02:30:36.107+0000] {processor.py:925} INFO - DAG(s) 'example_short_circuit_decorator' retrieved from /home/airflow/.local/lib/python3.12/site-packages/airflow/example_dags/example_short_circuit_decorator.py
[2024-12-01T02:30:36.130+0000] {logging_mixin.py:190} INFO - [2024-12-01T02:30:36.129+0000] {dag.py:3239} INFO - Sync 1 DAGs
[2024-12-01T02:30:36.142+0000] {logging_mixin.py:190} INFO - [2024-12-01T02:30:36.142+0000] {dag.py:4180} INFO - Setting next_dagrun for example_short_circuit_decorator to None, run_after=None
[2024-12-01T02:30:36.159+0000] {processor.py:208} INFO - Processing /home/airflow/.local/lib/python3.12/site-packages/airflow/example_dags/example_short_circuit_decorator.py took 0.070 seconds
[2024-12-01T02:31:06.743+0000] {processor.py:186} INFO - Started process (PID=53135) to work on /home/airflow/.local/lib/python3.12/site-packages/airflow/example_dags/example_short_circuit_decorator.py
[2024-12-01T02:31:06.744+0000] {processor.py:914} INFO - Processing file /home/airflow/.local/lib/python3.12/site-packages/airflow/example_dags/example_short_circuit_decorator.py for tasks to queue
[2024-12-01T02:31:06.746+0000] {logging_mixin.py:190} INFO - [2024-12-01T02:31:06.746+0000] {dagbag.py:588} INFO - Filling up the DagBag from /home/airflow/.local/lib/python3.12/site-packages/airflow/example_dags/example_short_circuit_decorator.py
[2024-12-01T02:31:06.755+0000] {processor.py:925} INFO - DAG(s) 'example_short_circuit_decorator' retrieved from /home/airflow/.local/lib/python3.12/site-packages/airflow/example_dags/example_short_circuit_decorator.py
[2024-12-01T02:31:06.777+0000] {logging_mixin.py:190} INFO - [2024-12-01T02:31:06.777+0000] {dag.py:3239} INFO - Sync 1 DAGs
[2024-12-01T02:31:06.791+0000] {logging_mixin.py:190} INFO - [2024-12-01T02:31:06.791+0000] {dag.py:4180} INFO - Setting next_dagrun for example_short_circuit_decorator to None, run_after=None
[2024-12-01T02:31:06.806+0000] {processor.py:208} INFO - Processing /home/airflow/.local/lib/python3.12/site-packages/airflow/example_dags/example_short_circuit_decorator.py took 0.069 seconds
[2024-12-01T02:31:38.045+0000] {processor.py:186} INFO - Started process (PID=53201) to work on /home/airflow/.local/lib/python3.12/site-packages/airflow/example_dags/example_short_circuit_decorator.py
[2024-12-01T02:31:38.046+0000] {processor.py:914} INFO - Processing file /home/airflow/.local/lib/python3.12/site-packages/airflow/example_dags/example_short_circuit_decorator.py for tasks to queue
[2024-12-01T02:31:38.048+0000] {logging_mixin.py:190} INFO - [2024-12-01T02:31:38.048+0000] {dagbag.py:588} INFO - Filling up the DagBag from /home/airflow/.local/lib/python3.12/site-packages/airflow/example_dags/example_short_circuit_decorator.py
[2024-12-01T02:31:38.058+0000] {processor.py:925} INFO - DAG(s) 'example_short_circuit_decorator' retrieved from /home/airflow/.local/lib/python3.12/site-packages/airflow/example_dags/example_short_circuit_decorator.py
[2024-12-01T02:31:38.078+0000] {logging_mixin.py:190} INFO - [2024-12-01T02:31:38.078+0000] {dag.py:3239} INFO - Sync 1 DAGs
[2024-12-01T02:31:38.093+0000] {logging_mixin.py:190} INFO - [2024-12-01T02:31:38.093+0000] {dag.py:4180} INFO - Setting next_dagrun for example_short_circuit_decorator to None, run_after=None
[2024-12-01T02:31:38.112+0000] {processor.py:208} INFO - Processing /home/airflow/.local/lib/python3.12/site-packages/airflow/example_dags/example_short_circuit_decorator.py took 0.072 seconds
[2024-12-01T02:32:08.607+0000] {processor.py:186} INFO - Started process (PID=53267) to work on /home/airflow/.local/lib/python3.12/site-packages/airflow/example_dags/example_short_circuit_decorator.py
[2024-12-01T02:32:08.608+0000] {processor.py:914} INFO - Processing file /home/airflow/.local/lib/python3.12/site-packages/airflow/example_dags/example_short_circuit_decorator.py for tasks to queue
[2024-12-01T02:32:08.610+0000] {logging_mixin.py:190} INFO - [2024-12-01T02:32:08.610+0000] {dagbag.py:588} INFO - Filling up the DagBag from /home/airflow/.local/lib/python3.12/site-packages/airflow/example_dags/example_short_circuit_decorator.py
[2024-12-01T02:32:08.619+0000] {processor.py:925} INFO - DAG(s) 'example_short_circuit_decorator' retrieved from /home/airflow/.local/lib/python3.12/site-packages/airflow/example_dags/example_short_circuit_decorator.py
[2024-12-01T02:32:08.640+0000] {logging_mixin.py:190} INFO - [2024-12-01T02:32:08.640+0000] {dag.py:3239} INFO - Sync 1 DAGs
[2024-12-01T02:32:08.654+0000] {logging_mixin.py:190} INFO - [2024-12-01T02:32:08.654+0000] {dag.py:4180} INFO - Setting next_dagrun for example_short_circuit_decorator to None, run_after=None
[2024-12-01T02:32:08.669+0000] {processor.py:208} INFO - Processing /home/airflow/.local/lib/python3.12/site-packages/airflow/example_dags/example_short_circuit_decorator.py took 0.068 seconds
[2024-12-01T02:32:39.192+0000] {processor.py:186} INFO - Started process (PID=53333) to work on /home/airflow/.local/lib/python3.12/site-packages/airflow/example_dags/example_short_circuit_decorator.py
[2024-12-01T02:32:39.193+0000] {processor.py:914} INFO - Processing file /home/airflow/.local/lib/python3.12/site-packages/airflow/example_dags/example_short_circuit_decorator.py for tasks to queue
[2024-12-01T02:32:39.197+0000] {logging_mixin.py:190} INFO - [2024-12-01T02:32:39.196+0000] {dagbag.py:588} INFO - Filling up the DagBag from /home/airflow/.local/lib/python3.12/site-packages/airflow/example_dags/example_short_circuit_decorator.py
[2024-12-01T02:32:39.210+0000] {processor.py:925} INFO - DAG(s) 'example_short_circuit_decorator' retrieved from /home/airflow/.local/lib/python3.12/site-packages/airflow/example_dags/example_short_circuit_decorator.py
[2024-12-01T02:32:39.236+0000] {logging_mixin.py:190} INFO - [2024-12-01T02:32:39.235+0000] {dag.py:3239} INFO - Sync 1 DAGs
[2024-12-01T02:32:39.249+0000] {logging_mixin.py:190} INFO - [2024-12-01T02:32:39.249+0000] {dag.py:4180} INFO - Setting next_dagrun for example_short_circuit_decorator to None, run_after=None
[2024-12-01T02:32:39.268+0000] {processor.py:208} INFO - Processing /home/airflow/.local/lib/python3.12/site-packages/airflow/example_dags/example_short_circuit_decorator.py took 0.083 seconds
[2024-12-01T02:33:09.655+0000] {processor.py:186} INFO - Started process (PID=53399) to work on /home/airflow/.local/lib/python3.12/site-packages/airflow/example_dags/example_short_circuit_decorator.py
[2024-12-01T02:33:09.656+0000] {processor.py:914} INFO - Processing file /home/airflow/.local/lib/python3.12/site-packages/airflow/example_dags/example_short_circuit_decorator.py for tasks to queue
[2024-12-01T02:33:09.658+0000] {logging_mixin.py:190} INFO - [2024-12-01T02:33:09.658+0000] {dagbag.py:588} INFO - Filling up the DagBag from /home/airflow/.local/lib/python3.12/site-packages/airflow/example_dags/example_short_circuit_decorator.py
[2024-12-01T02:33:09.668+0000] {processor.py:925} INFO - DAG(s) 'example_short_circuit_decorator' retrieved from /home/airflow/.local/lib/python3.12/site-packages/airflow/example_dags/example_short_circuit_decorator.py
[2024-12-01T02:33:09.691+0000] {logging_mixin.py:190} INFO - [2024-12-01T02:33:09.691+0000] {dag.py:3239} INFO - Sync 1 DAGs
[2024-12-01T02:33:09.707+0000] {logging_mixin.py:190} INFO - [2024-12-01T02:33:09.706+0000] {dag.py:4180} INFO - Setting next_dagrun for example_short_circuit_decorator to None, run_after=None
[2024-12-01T02:33:09.723+0000] {processor.py:208} INFO - Processing /home/airflow/.local/lib/python3.12/site-packages/airflow/example_dags/example_short_circuit_decorator.py took 0.074 seconds
[2024-12-01T02:33:40.493+0000] {processor.py:186} INFO - Started process (PID=53465) to work on /home/airflow/.local/lib/python3.12/site-packages/airflow/example_dags/example_short_circuit_decorator.py
[2024-12-01T02:33:40.494+0000] {processor.py:914} INFO - Processing file /home/airflow/.local/lib/python3.12/site-packages/airflow/example_dags/example_short_circuit_decorator.py for tasks to queue
[2024-12-01T02:33:40.496+0000] {logging_mixin.py:190} INFO - [2024-12-01T02:33:40.495+0000] {dagbag.py:588} INFO - Filling up the DagBag from /home/airflow/.local/lib/python3.12/site-packages/airflow/example_dags/example_short_circuit_decorator.py
[2024-12-01T02:33:40.505+0000] {processor.py:925} INFO - DAG(s) 'example_short_circuit_decorator' retrieved from /home/airflow/.local/lib/python3.12/site-packages/airflow/example_dags/example_short_circuit_decorator.py
[2024-12-01T02:33:40.526+0000] {logging_mixin.py:190} INFO - [2024-12-01T02:33:40.525+0000] {dag.py:3239} INFO - Sync 1 DAGs
[2024-12-01T02:33:40.538+0000] {logging_mixin.py:190} INFO - [2024-12-01T02:33:40.538+0000] {dag.py:4180} INFO - Setting next_dagrun for example_short_circuit_decorator to None, run_after=None
[2024-12-01T02:33:40.556+0000] {processor.py:208} INFO - Processing /home/airflow/.local/lib/python3.12/site-packages/airflow/example_dags/example_short_circuit_decorator.py took 0.068 seconds
