[2024-12-01T02:11:00.444+0000] {processor.py:186} INFO - Started process (PID=50545) to work on /home/airflow/.local/lib/python3.12/site-packages/airflow/example_dags/example_skip_dag.py
[2024-12-01T02:11:00.445+0000] {processor.py:914} INFO - Processing file /home/airflow/.local/lib/python3.12/site-packages/airflow/example_dags/example_skip_dag.py for tasks to queue
[2024-12-01T02:11:00.448+0000] {logging_mixin.py:190} INFO - [2024-12-01T02:11:00.448+0000] {dagbag.py:588} INFO - Filling up the DagBag from /home/airflow/.local/lib/python3.12/site-packages/airflow/example_dags/example_skip_dag.py
[2024-12-01T02:11:00.459+0000] {processor.py:925} INFO - DAG(s) 'example_skip_dag' retrieved from /home/airflow/.local/lib/python3.12/site-packages/airflow/example_dags/example_skip_dag.py
[2024-12-01T02:11:00.488+0000] {logging_mixin.py:190} INFO - [2024-12-01T02:11:00.488+0000] {dag.py:3239} INFO - Sync 1 DAGs
[2024-12-01T02:11:00.524+0000] {logging_mixin.py:190} INFO - [2024-12-01T02:11:00.524+0000] {dag.py:4180} INFO - Setting next_dagrun for example_skip_dag to 2024-11-30 00:00:00+00:00, run_after=2024-12-01 00:00:00+00:00
[2024-12-01T02:11:00.551+0000] {processor.py:208} INFO - Processing /home/airflow/.local/lib/python3.12/site-packages/airflow/example_dags/example_skip_dag.py took 0.115 seconds
[2024-12-01T02:11:30.976+0000] {processor.py:186} INFO - Started process (PID=50611) to work on /home/airflow/.local/lib/python3.12/site-packages/airflow/example_dags/example_skip_dag.py
[2024-12-01T02:11:30.977+0000] {processor.py:914} INFO - Processing file /home/airflow/.local/lib/python3.12/site-packages/airflow/example_dags/example_skip_dag.py for tasks to queue
[2024-12-01T02:11:30.979+0000] {logging_mixin.py:190} INFO - [2024-12-01T02:11:30.979+0000] {dagbag.py:588} INFO - Filling up the DagBag from /home/airflow/.local/lib/python3.12/site-packages/airflow/example_dags/example_skip_dag.py
[2024-12-01T02:11:30.987+0000] {processor.py:925} INFO - DAG(s) 'example_skip_dag' retrieved from /home/airflow/.local/lib/python3.12/site-packages/airflow/example_dags/example_skip_dag.py
[2024-12-01T02:11:31.007+0000] {logging_mixin.py:190} INFO - [2024-12-01T02:11:31.006+0000] {dag.py:3239} INFO - Sync 1 DAGs
[2024-12-01T02:11:31.028+0000] {logging_mixin.py:190} INFO - [2024-12-01T02:11:31.027+0000] {dag.py:4180} INFO - Setting next_dagrun for example_skip_dag to 2024-11-30 00:00:00+00:00, run_after=2024-12-01 00:00:00+00:00
[2024-12-01T02:11:31.049+0000] {processor.py:208} INFO - Processing /home/airflow/.local/lib/python3.12/site-packages/airflow/example_dags/example_skip_dag.py took 0.078 seconds
[2024-12-01T02:12:01.698+0000] {processor.py:186} INFO - Started process (PID=50677) to work on /home/airflow/.local/lib/python3.12/site-packages/airflow/example_dags/example_skip_dag.py
[2024-12-01T02:12:01.699+0000] {processor.py:914} INFO - Processing file /home/airflow/.local/lib/python3.12/site-packages/airflow/example_dags/example_skip_dag.py for tasks to queue
[2024-12-01T02:12:01.701+0000] {logging_mixin.py:190} INFO - [2024-12-01T02:12:01.701+0000] {dagbag.py:588} INFO - Filling up the DagBag from /home/airflow/.local/lib/python3.12/site-packages/airflow/example_dags/example_skip_dag.py
[2024-12-01T02:12:01.714+0000] {processor.py:925} INFO - DAG(s) 'example_skip_dag' retrieved from /home/airflow/.local/lib/python3.12/site-packages/airflow/example_dags/example_skip_dag.py
[2024-12-01T02:12:01.737+0000] {logging_mixin.py:190} INFO - [2024-12-01T02:12:01.736+0000] {dag.py:3239} INFO - Sync 1 DAGs
[2024-12-01T02:12:01.765+0000] {logging_mixin.py:190} INFO - [2024-12-01T02:12:01.764+0000] {dag.py:4180} INFO - Setting next_dagrun for example_skip_dag to 2024-11-30 00:00:00+00:00, run_after=2024-12-01 00:00:00+00:00
[2024-12-01T02:12:01.817+0000] {processor.py:208} INFO - Processing /home/airflow/.local/lib/python3.12/site-packages/airflow/example_dags/example_skip_dag.py took 0.126 seconds
[2024-12-01T02:12:33.098+0000] {processor.py:186} INFO - Started process (PID=50743) to work on /home/airflow/.local/lib/python3.12/site-packages/airflow/example_dags/example_skip_dag.py
[2024-12-01T02:12:33.099+0000] {processor.py:914} INFO - Processing file /home/airflow/.local/lib/python3.12/site-packages/airflow/example_dags/example_skip_dag.py for tasks to queue
[2024-12-01T02:12:33.102+0000] {logging_mixin.py:190} INFO - [2024-12-01T02:12:33.102+0000] {dagbag.py:588} INFO - Filling up the DagBag from /home/airflow/.local/lib/python3.12/site-packages/airflow/example_dags/example_skip_dag.py
[2024-12-01T02:12:33.110+0000] {processor.py:925} INFO - DAG(s) 'example_skip_dag' retrieved from /home/airflow/.local/lib/python3.12/site-packages/airflow/example_dags/example_skip_dag.py
[2024-12-01T02:12:33.129+0000] {logging_mixin.py:190} INFO - [2024-12-01T02:12:33.128+0000] {dag.py:3239} INFO - Sync 1 DAGs
[2024-12-01T02:12:33.150+0000] {logging_mixin.py:190} INFO - [2024-12-01T02:12:33.150+0000] {dag.py:4180} INFO - Setting next_dagrun for example_skip_dag to 2024-11-30 00:00:00+00:00, run_after=2024-12-01 00:00:00+00:00
[2024-12-01T02:12:33.169+0000] {processor.py:208} INFO - Processing /home/airflow/.local/lib/python3.12/site-packages/airflow/example_dags/example_skip_dag.py took 0.077 seconds
[2024-12-01T02:13:03.959+0000] {processor.py:186} INFO - Started process (PID=50809) to work on /home/airflow/.local/lib/python3.12/site-packages/airflow/example_dags/example_skip_dag.py
[2024-12-01T02:13:03.960+0000] {processor.py:914} INFO - Processing file /home/airflow/.local/lib/python3.12/site-packages/airflow/example_dags/example_skip_dag.py for tasks to queue
[2024-12-01T02:13:03.962+0000] {logging_mixin.py:190} INFO - [2024-12-01T02:13:03.962+0000] {dagbag.py:588} INFO - Filling up the DagBag from /home/airflow/.local/lib/python3.12/site-packages/airflow/example_dags/example_skip_dag.py
[2024-12-01T02:13:03.969+0000] {processor.py:925} INFO - DAG(s) 'example_skip_dag' retrieved from /home/airflow/.local/lib/python3.12/site-packages/airflow/example_dags/example_skip_dag.py
[2024-12-01T02:13:03.989+0000] {logging_mixin.py:190} INFO - [2024-12-01T02:13:03.988+0000] {dag.py:3239} INFO - Sync 1 DAGs
[2024-12-01T02:13:04.022+0000] {logging_mixin.py:190} INFO - [2024-12-01T02:13:04.022+0000] {dag.py:4180} INFO - Setting next_dagrun for example_skip_dag to 2024-11-30 00:00:00+00:00, run_after=2024-12-01 00:00:00+00:00
[2024-12-01T02:13:04.055+0000] {processor.py:208} INFO - Processing /home/airflow/.local/lib/python3.12/site-packages/airflow/example_dags/example_skip_dag.py took 0.101 seconds
[2024-12-01T02:13:34.627+0000] {processor.py:186} INFO - Started process (PID=50875) to work on /home/airflow/.local/lib/python3.12/site-packages/airflow/example_dags/example_skip_dag.py
[2024-12-01T02:13:34.627+0000] {processor.py:914} INFO - Processing file /home/airflow/.local/lib/python3.12/site-packages/airflow/example_dags/example_skip_dag.py for tasks to queue
[2024-12-01T02:13:34.629+0000] {logging_mixin.py:190} INFO - [2024-12-01T02:13:34.629+0000] {dagbag.py:588} INFO - Filling up the DagBag from /home/airflow/.local/lib/python3.12/site-packages/airflow/example_dags/example_skip_dag.py
[2024-12-01T02:13:34.637+0000] {processor.py:925} INFO - DAG(s) 'example_skip_dag' retrieved from /home/airflow/.local/lib/python3.12/site-packages/airflow/example_dags/example_skip_dag.py
[2024-12-01T02:13:34.656+0000] {logging_mixin.py:190} INFO - [2024-12-01T02:13:34.656+0000] {dag.py:3239} INFO - Sync 1 DAGs
[2024-12-01T02:13:34.677+0000] {logging_mixin.py:190} INFO - [2024-12-01T02:13:34.677+0000] {dag.py:4180} INFO - Setting next_dagrun for example_skip_dag to 2024-11-30 00:00:00+00:00, run_after=2024-12-01 00:00:00+00:00
[2024-12-01T02:13:34.693+0000] {processor.py:208} INFO - Processing /home/airflow/.local/lib/python3.12/site-packages/airflow/example_dags/example_skip_dag.py took 0.072 seconds
[2024-12-01T02:14:05.363+0000] {processor.py:186} INFO - Started process (PID=50941) to work on /home/airflow/.local/lib/python3.12/site-packages/airflow/example_dags/example_skip_dag.py
[2024-12-01T02:14:05.364+0000] {processor.py:914} INFO - Processing file /home/airflow/.local/lib/python3.12/site-packages/airflow/example_dags/example_skip_dag.py for tasks to queue
[2024-12-01T02:14:05.367+0000] {logging_mixin.py:190} INFO - [2024-12-01T02:14:05.366+0000] {dagbag.py:588} INFO - Filling up the DagBag from /home/airflow/.local/lib/python3.12/site-packages/airflow/example_dags/example_skip_dag.py
[2024-12-01T02:14:05.374+0000] {processor.py:925} INFO - DAG(s) 'example_skip_dag' retrieved from /home/airflow/.local/lib/python3.12/site-packages/airflow/example_dags/example_skip_dag.py
[2024-12-01T02:14:05.393+0000] {logging_mixin.py:190} INFO - [2024-12-01T02:14:05.392+0000] {dag.py:3239} INFO - Sync 1 DAGs
[2024-12-01T02:14:05.413+0000] {logging_mixin.py:190} INFO - [2024-12-01T02:14:05.413+0000] {dag.py:4180} INFO - Setting next_dagrun for example_skip_dag to 2024-11-30 00:00:00+00:00, run_after=2024-12-01 00:00:00+00:00
[2024-12-01T02:14:05.430+0000] {processor.py:208} INFO - Processing /home/airflow/.local/lib/python3.12/site-packages/airflow/example_dags/example_skip_dag.py took 0.072 seconds
[2024-12-01T02:14:36.785+0000] {processor.py:186} INFO - Started process (PID=51007) to work on /home/airflow/.local/lib/python3.12/site-packages/airflow/example_dags/example_skip_dag.py
[2024-12-01T02:14:36.786+0000] {processor.py:914} INFO - Processing file /home/airflow/.local/lib/python3.12/site-packages/airflow/example_dags/example_skip_dag.py for tasks to queue
[2024-12-01T02:14:36.789+0000] {logging_mixin.py:190} INFO - [2024-12-01T02:14:36.788+0000] {dagbag.py:588} INFO - Filling up the DagBag from /home/airflow/.local/lib/python3.12/site-packages/airflow/example_dags/example_skip_dag.py
[2024-12-01T02:14:36.796+0000] {processor.py:925} INFO - DAG(s) 'example_skip_dag' retrieved from /home/airflow/.local/lib/python3.12/site-packages/airflow/example_dags/example_skip_dag.py
[2024-12-01T02:14:36.816+0000] {logging_mixin.py:190} INFO - [2024-12-01T02:14:36.816+0000] {dag.py:3239} INFO - Sync 1 DAGs
[2024-12-01T02:14:36.837+0000] {logging_mixin.py:190} INFO - [2024-12-01T02:14:36.837+0000] {dag.py:4180} INFO - Setting next_dagrun for example_skip_dag to 2024-11-30 00:00:00+00:00, run_after=2024-12-01 00:00:00+00:00
[2024-12-01T02:14:36.852+0000] {processor.py:208} INFO - Processing /home/airflow/.local/lib/python3.12/site-packages/airflow/example_dags/example_skip_dag.py took 0.072 seconds
[2024-12-01T02:15:07.438+0000] {processor.py:186} INFO - Started process (PID=51073) to work on /home/airflow/.local/lib/python3.12/site-packages/airflow/example_dags/example_skip_dag.py
[2024-12-01T02:15:07.439+0000] {processor.py:914} INFO - Processing file /home/airflow/.local/lib/python3.12/site-packages/airflow/example_dags/example_skip_dag.py for tasks to queue
[2024-12-01T02:15:07.441+0000] {logging_mixin.py:190} INFO - [2024-12-01T02:15:07.441+0000] {dagbag.py:588} INFO - Filling up the DagBag from /home/airflow/.local/lib/python3.12/site-packages/airflow/example_dags/example_skip_dag.py
[2024-12-01T02:15:07.448+0000] {processor.py:925} INFO - DAG(s) 'example_skip_dag' retrieved from /home/airflow/.local/lib/python3.12/site-packages/airflow/example_dags/example_skip_dag.py
[2024-12-01T02:15:07.472+0000] {logging_mixin.py:190} INFO - [2024-12-01T02:15:07.472+0000] {dag.py:3239} INFO - Sync 1 DAGs
[2024-12-01T02:15:07.493+0000] {logging_mixin.py:190} INFO - [2024-12-01T02:15:07.493+0000] {dag.py:4180} INFO - Setting next_dagrun for example_skip_dag to 2024-11-30 00:00:00+00:00, run_after=2024-12-01 00:00:00+00:00
[2024-12-01T02:15:07.512+0000] {processor.py:208} INFO - Processing /home/airflow/.local/lib/python3.12/site-packages/airflow/example_dags/example_skip_dag.py took 0.079 seconds
[2024-12-01T02:15:37.938+0000] {processor.py:186} INFO - Started process (PID=51138) to work on /home/airflow/.local/lib/python3.12/site-packages/airflow/example_dags/example_skip_dag.py
[2024-12-01T02:15:37.939+0000] {processor.py:914} INFO - Processing file /home/airflow/.local/lib/python3.12/site-packages/airflow/example_dags/example_skip_dag.py for tasks to queue
[2024-12-01T02:15:37.941+0000] {logging_mixin.py:190} INFO - [2024-12-01T02:15:37.940+0000] {dagbag.py:588} INFO - Filling up the DagBag from /home/airflow/.local/lib/python3.12/site-packages/airflow/example_dags/example_skip_dag.py
[2024-12-01T02:15:37.948+0000] {processor.py:925} INFO - DAG(s) 'example_skip_dag' retrieved from /home/airflow/.local/lib/python3.12/site-packages/airflow/example_dags/example_skip_dag.py
[2024-12-01T02:15:37.968+0000] {logging_mixin.py:190} INFO - [2024-12-01T02:15:37.968+0000] {dag.py:3239} INFO - Sync 1 DAGs
[2024-12-01T02:15:37.993+0000] {logging_mixin.py:190} INFO - [2024-12-01T02:15:37.993+0000] {dag.py:4180} INFO - Setting next_dagrun for example_skip_dag to 2024-11-30 00:00:00+00:00, run_after=2024-12-01 00:00:00+00:00
[2024-12-01T02:15:38.011+0000] {processor.py:208} INFO - Processing /home/airflow/.local/lib/python3.12/site-packages/airflow/example_dags/example_skip_dag.py took 0.079 seconds
[2024-12-01T02:16:08.089+0000] {processor.py:186} INFO - Started process (PID=51203) to work on /home/airflow/.local/lib/python3.12/site-packages/airflow/example_dags/example_skip_dag.py
[2024-12-01T02:16:08.090+0000] {processor.py:914} INFO - Processing file /home/airflow/.local/lib/python3.12/site-packages/airflow/example_dags/example_skip_dag.py for tasks to queue
[2024-12-01T02:16:08.092+0000] {logging_mixin.py:190} INFO - [2024-12-01T02:16:08.092+0000] {dagbag.py:588} INFO - Filling up the DagBag from /home/airflow/.local/lib/python3.12/site-packages/airflow/example_dags/example_skip_dag.py
[2024-12-01T02:16:08.099+0000] {processor.py:925} INFO - DAG(s) 'example_skip_dag' retrieved from /home/airflow/.local/lib/python3.12/site-packages/airflow/example_dags/example_skip_dag.py
[2024-12-01T02:16:08.120+0000] {logging_mixin.py:190} INFO - [2024-12-01T02:16:08.119+0000] {dag.py:3239} INFO - Sync 1 DAGs
[2024-12-01T02:16:08.141+0000] {logging_mixin.py:190} INFO - [2024-12-01T02:16:08.141+0000] {dag.py:4180} INFO - Setting next_dagrun for example_skip_dag to 2024-11-30 00:00:00+00:00, run_after=2024-12-01 00:00:00+00:00
[2024-12-01T02:16:08.159+0000] {processor.py:208} INFO - Processing /home/airflow/.local/lib/python3.12/site-packages/airflow/example_dags/example_skip_dag.py took 0.075 seconds
[2024-12-01T02:16:38.604+0000] {processor.py:186} INFO - Started process (PID=51269) to work on /home/airflow/.local/lib/python3.12/site-packages/airflow/example_dags/example_skip_dag.py
[2024-12-01T02:16:38.605+0000] {processor.py:914} INFO - Processing file /home/airflow/.local/lib/python3.12/site-packages/airflow/example_dags/example_skip_dag.py for tasks to queue
[2024-12-01T02:16:38.607+0000] {logging_mixin.py:190} INFO - [2024-12-01T02:16:38.607+0000] {dagbag.py:588} INFO - Filling up the DagBag from /home/airflow/.local/lib/python3.12/site-packages/airflow/example_dags/example_skip_dag.py
[2024-12-01T02:16:38.614+0000] {processor.py:925} INFO - DAG(s) 'example_skip_dag' retrieved from /home/airflow/.local/lib/python3.12/site-packages/airflow/example_dags/example_skip_dag.py
[2024-12-01T02:16:38.634+0000] {logging_mixin.py:190} INFO - [2024-12-01T02:16:38.634+0000] {dag.py:3239} INFO - Sync 1 DAGs
[2024-12-01T02:16:38.656+0000] {logging_mixin.py:190} INFO - [2024-12-01T02:16:38.656+0000] {dag.py:4180} INFO - Setting next_dagrun for example_skip_dag to 2024-11-30 00:00:00+00:00, run_after=2024-12-01 00:00:00+00:00
[2024-12-01T02:16:38.675+0000] {processor.py:208} INFO - Processing /home/airflow/.local/lib/python3.12/site-packages/airflow/example_dags/example_skip_dag.py took 0.076 seconds
[2024-12-01T02:17:09.729+0000] {processor.py:186} INFO - Started process (PID=51335) to work on /home/airflow/.local/lib/python3.12/site-packages/airflow/example_dags/example_skip_dag.py
[2024-12-01T02:17:09.730+0000] {processor.py:914} INFO - Processing file /home/airflow/.local/lib/python3.12/site-packages/airflow/example_dags/example_skip_dag.py for tasks to queue
[2024-12-01T02:17:09.733+0000] {logging_mixin.py:190} INFO - [2024-12-01T02:17:09.732+0000] {dagbag.py:588} INFO - Filling up the DagBag from /home/airflow/.local/lib/python3.12/site-packages/airflow/example_dags/example_skip_dag.py
[2024-12-01T02:17:09.740+0000] {processor.py:925} INFO - DAG(s) 'example_skip_dag' retrieved from /home/airflow/.local/lib/python3.12/site-packages/airflow/example_dags/example_skip_dag.py
[2024-12-01T02:17:09.759+0000] {logging_mixin.py:190} INFO - [2024-12-01T02:17:09.759+0000] {dag.py:3239} INFO - Sync 1 DAGs
[2024-12-01T02:17:09.780+0000] {logging_mixin.py:190} INFO - [2024-12-01T02:17:09.780+0000] {dag.py:4180} INFO - Setting next_dagrun for example_skip_dag to 2024-11-30 00:00:00+00:00, run_after=2024-12-01 00:00:00+00:00
[2024-12-01T02:17:09.797+0000] {processor.py:208} INFO - Processing /home/airflow/.local/lib/python3.12/site-packages/airflow/example_dags/example_skip_dag.py took 0.073 seconds
[2024-12-01T02:17:40.665+0000] {processor.py:186} INFO - Started process (PID=51401) to work on /home/airflow/.local/lib/python3.12/site-packages/airflow/example_dags/example_skip_dag.py
[2024-12-01T02:17:40.666+0000] {processor.py:914} INFO - Processing file /home/airflow/.local/lib/python3.12/site-packages/airflow/example_dags/example_skip_dag.py for tasks to queue
[2024-12-01T02:17:40.668+0000] {logging_mixin.py:190} INFO - [2024-12-01T02:17:40.667+0000] {dagbag.py:588} INFO - Filling up the DagBag from /home/airflow/.local/lib/python3.12/site-packages/airflow/example_dags/example_skip_dag.py
[2024-12-01T02:17:40.675+0000] {processor.py:925} INFO - DAG(s) 'example_skip_dag' retrieved from /home/airflow/.local/lib/python3.12/site-packages/airflow/example_dags/example_skip_dag.py
[2024-12-01T02:17:40.694+0000] {logging_mixin.py:190} INFO - [2024-12-01T02:17:40.694+0000] {dag.py:3239} INFO - Sync 1 DAGs
[2024-12-01T02:17:40.717+0000] {logging_mixin.py:190} INFO - [2024-12-01T02:17:40.717+0000] {dag.py:4180} INFO - Setting next_dagrun for example_skip_dag to 2024-11-30 00:00:00+00:00, run_after=2024-12-01 00:00:00+00:00
[2024-12-01T02:17:40.733+0000] {processor.py:208} INFO - Processing /home/airflow/.local/lib/python3.12/site-packages/airflow/example_dags/example_skip_dag.py took 0.074 seconds
[2024-12-01T02:18:11.813+0000] {processor.py:186} INFO - Started process (PID=51467) to work on /home/airflow/.local/lib/python3.12/site-packages/airflow/example_dags/example_skip_dag.py
[2024-12-01T02:18:11.814+0000] {processor.py:914} INFO - Processing file /home/airflow/.local/lib/python3.12/site-packages/airflow/example_dags/example_skip_dag.py for tasks to queue
[2024-12-01T02:18:11.816+0000] {logging_mixin.py:190} INFO - [2024-12-01T02:18:11.816+0000] {dagbag.py:588} INFO - Filling up the DagBag from /home/airflow/.local/lib/python3.12/site-packages/airflow/example_dags/example_skip_dag.py
[2024-12-01T02:18:11.823+0000] {processor.py:925} INFO - DAG(s) 'example_skip_dag' retrieved from /home/airflow/.local/lib/python3.12/site-packages/airflow/example_dags/example_skip_dag.py
[2024-12-01T02:18:11.845+0000] {logging_mixin.py:190} INFO - [2024-12-01T02:18:11.845+0000] {dag.py:3239} INFO - Sync 1 DAGs
[2024-12-01T02:18:11.867+0000] {logging_mixin.py:190} INFO - [2024-12-01T02:18:11.867+0000] {dag.py:4180} INFO - Setting next_dagrun for example_skip_dag to 2024-11-30 00:00:00+00:00, run_after=2024-12-01 00:00:00+00:00
[2024-12-01T02:18:11.884+0000] {processor.py:208} INFO - Processing /home/airflow/.local/lib/python3.12/site-packages/airflow/example_dags/example_skip_dag.py took 0.077 seconds
[2024-12-01T02:18:42.443+0000] {processor.py:186} INFO - Started process (PID=51533) to work on /home/airflow/.local/lib/python3.12/site-packages/airflow/example_dags/example_skip_dag.py
[2024-12-01T02:18:42.444+0000] {processor.py:914} INFO - Processing file /home/airflow/.local/lib/python3.12/site-packages/airflow/example_dags/example_skip_dag.py for tasks to queue
[2024-12-01T02:18:42.446+0000] {logging_mixin.py:190} INFO - [2024-12-01T02:18:42.445+0000] {dagbag.py:588} INFO - Filling up the DagBag from /home/airflow/.local/lib/python3.12/site-packages/airflow/example_dags/example_skip_dag.py
[2024-12-01T02:18:42.453+0000] {processor.py:925} INFO - DAG(s) 'example_skip_dag' retrieved from /home/airflow/.local/lib/python3.12/site-packages/airflow/example_dags/example_skip_dag.py
[2024-12-01T02:18:42.472+0000] {logging_mixin.py:190} INFO - [2024-12-01T02:18:42.472+0000] {dag.py:3239} INFO - Sync 1 DAGs
[2024-12-01T02:18:42.498+0000] {logging_mixin.py:190} INFO - [2024-12-01T02:18:42.498+0000] {dag.py:4180} INFO - Setting next_dagrun for example_skip_dag to 2024-11-30 00:00:00+00:00, run_after=2024-12-01 00:00:00+00:00
[2024-12-01T02:18:42.518+0000] {processor.py:208} INFO - Processing /home/airflow/.local/lib/python3.12/site-packages/airflow/example_dags/example_skip_dag.py took 0.080 seconds
[2024-12-01T02:19:13.558+0000] {processor.py:186} INFO - Started process (PID=51600) to work on /home/airflow/.local/lib/python3.12/site-packages/airflow/example_dags/example_skip_dag.py
[2024-12-01T02:19:13.559+0000] {processor.py:914} INFO - Processing file /home/airflow/.local/lib/python3.12/site-packages/airflow/example_dags/example_skip_dag.py for tasks to queue
[2024-12-01T02:19:13.562+0000] {logging_mixin.py:190} INFO - [2024-12-01T02:19:13.562+0000] {dagbag.py:588} INFO - Filling up the DagBag from /home/airflow/.local/lib/python3.12/site-packages/airflow/example_dags/example_skip_dag.py
[2024-12-01T02:19:13.570+0000] {processor.py:925} INFO - DAG(s) 'example_skip_dag' retrieved from /home/airflow/.local/lib/python3.12/site-packages/airflow/example_dags/example_skip_dag.py
[2024-12-01T02:19:13.589+0000] {logging_mixin.py:190} INFO - [2024-12-01T02:19:13.589+0000] {dag.py:3239} INFO - Sync 1 DAGs
[2024-12-01T02:19:13.610+0000] {logging_mixin.py:190} INFO - [2024-12-01T02:19:13.609+0000] {dag.py:4180} INFO - Setting next_dagrun for example_skip_dag to 2024-11-30 00:00:00+00:00, run_after=2024-12-01 00:00:00+00:00
[2024-12-01T02:19:13.628+0000] {processor.py:208} INFO - Processing /home/airflow/.local/lib/python3.12/site-packages/airflow/example_dags/example_skip_dag.py took 0.075 seconds
[2024-12-01T02:19:44.662+0000] {processor.py:186} INFO - Started process (PID=51666) to work on /home/airflow/.local/lib/python3.12/site-packages/airflow/example_dags/example_skip_dag.py
[2024-12-01T02:19:44.663+0000] {processor.py:914} INFO - Processing file /home/airflow/.local/lib/python3.12/site-packages/airflow/example_dags/example_skip_dag.py for tasks to queue
[2024-12-01T02:19:44.665+0000] {logging_mixin.py:190} INFO - [2024-12-01T02:19:44.665+0000] {dagbag.py:588} INFO - Filling up the DagBag from /home/airflow/.local/lib/python3.12/site-packages/airflow/example_dags/example_skip_dag.py
[2024-12-01T02:19:44.672+0000] {processor.py:925} INFO - DAG(s) 'example_skip_dag' retrieved from /home/airflow/.local/lib/python3.12/site-packages/airflow/example_dags/example_skip_dag.py
[2024-12-01T02:19:44.693+0000] {logging_mixin.py:190} INFO - [2024-12-01T02:19:44.692+0000] {dag.py:3239} INFO - Sync 1 DAGs
[2024-12-01T02:19:44.714+0000] {logging_mixin.py:190} INFO - [2024-12-01T02:19:44.713+0000] {dag.py:4180} INFO - Setting next_dagrun for example_skip_dag to 2024-11-30 00:00:00+00:00, run_after=2024-12-01 00:00:00+00:00
[2024-12-01T02:19:44.730+0000] {processor.py:208} INFO - Processing /home/airflow/.local/lib/python3.12/site-packages/airflow/example_dags/example_skip_dag.py took 0.074 seconds
[2024-12-01T02:20:15.590+0000] {processor.py:186} INFO - Started process (PID=51732) to work on /home/airflow/.local/lib/python3.12/site-packages/airflow/example_dags/example_skip_dag.py
[2024-12-01T02:20:15.591+0000] {processor.py:914} INFO - Processing file /home/airflow/.local/lib/python3.12/site-packages/airflow/example_dags/example_skip_dag.py for tasks to queue
[2024-12-01T02:20:15.593+0000] {logging_mixin.py:190} INFO - [2024-12-01T02:20:15.593+0000] {dagbag.py:588} INFO - Filling up the DagBag from /home/airflow/.local/lib/python3.12/site-packages/airflow/example_dags/example_skip_dag.py
[2024-12-01T02:20:15.600+0000] {processor.py:925} INFO - DAG(s) 'example_skip_dag' retrieved from /home/airflow/.local/lib/python3.12/site-packages/airflow/example_dags/example_skip_dag.py
[2024-12-01T02:20:15.620+0000] {logging_mixin.py:190} INFO - [2024-12-01T02:20:15.620+0000] {dag.py:3239} INFO - Sync 1 DAGs
[2024-12-01T02:20:15.641+0000] {logging_mixin.py:190} INFO - [2024-12-01T02:20:15.641+0000] {dag.py:4180} INFO - Setting next_dagrun for example_skip_dag to 2024-11-30 00:00:00+00:00, run_after=2024-12-01 00:00:00+00:00
[2024-12-01T02:20:15.659+0000] {processor.py:208} INFO - Processing /home/airflow/.local/lib/python3.12/site-packages/airflow/example_dags/example_skip_dag.py took 0.074 seconds
[2024-12-01T02:20:46.953+0000] {processor.py:186} INFO - Started process (PID=51798) to work on /home/airflow/.local/lib/python3.12/site-packages/airflow/example_dags/example_skip_dag.py
[2024-12-01T02:20:46.954+0000] {processor.py:914} INFO - Processing file /home/airflow/.local/lib/python3.12/site-packages/airflow/example_dags/example_skip_dag.py for tasks to queue
[2024-12-01T02:20:46.956+0000] {logging_mixin.py:190} INFO - [2024-12-01T02:20:46.956+0000] {dagbag.py:588} INFO - Filling up the DagBag from /home/airflow/.local/lib/python3.12/site-packages/airflow/example_dags/example_skip_dag.py
[2024-12-01T02:20:46.963+0000] {processor.py:925} INFO - DAG(s) 'example_skip_dag' retrieved from /home/airflow/.local/lib/python3.12/site-packages/airflow/example_dags/example_skip_dag.py
[2024-12-01T02:20:46.986+0000] {logging_mixin.py:190} INFO - [2024-12-01T02:20:46.986+0000] {dag.py:3239} INFO - Sync 1 DAGs
[2024-12-01T02:20:47.165+0000] {logging_mixin.py:190} INFO - [2024-12-01T02:20:47.165+0000] {dag.py:4180} INFO - Setting next_dagrun for example_skip_dag to 2024-11-30 00:00:00+00:00, run_after=2024-12-01 00:00:00+00:00
[2024-12-01T02:20:47.203+0000] {processor.py:208} INFO - Processing /home/airflow/.local/lib/python3.12/site-packages/airflow/example_dags/example_skip_dag.py took 0.256 seconds
[2024-12-01T02:21:17.301+0000] {processor.py:186} INFO - Started process (PID=51864) to work on /home/airflow/.local/lib/python3.12/site-packages/airflow/example_dags/example_skip_dag.py
[2024-12-01T02:21:17.305+0000] {processor.py:914} INFO - Processing file /home/airflow/.local/lib/python3.12/site-packages/airflow/example_dags/example_skip_dag.py for tasks to queue
[2024-12-01T02:21:17.309+0000] {logging_mixin.py:190} INFO - [2024-12-01T02:21:17.308+0000] {dagbag.py:588} INFO - Filling up the DagBag from /home/airflow/.local/lib/python3.12/site-packages/airflow/example_dags/example_skip_dag.py
[2024-12-01T02:21:17.326+0000] {processor.py:925} INFO - DAG(s) 'example_skip_dag' retrieved from /home/airflow/.local/lib/python3.12/site-packages/airflow/example_dags/example_skip_dag.py
[2024-12-01T02:21:17.355+0000] {logging_mixin.py:190} INFO - [2024-12-01T02:21:17.354+0000] {dag.py:3239} INFO - Sync 1 DAGs
[2024-12-01T02:21:17.522+0000] {logging_mixin.py:190} INFO - [2024-12-01T02:21:17.522+0000] {dag.py:4180} INFO - Setting next_dagrun for example_skip_dag to 2024-11-30 00:00:00+00:00, run_after=2024-12-01 00:00:00+00:00
[2024-12-01T02:21:17.538+0000] {processor.py:208} INFO - Processing /home/airflow/.local/lib/python3.12/site-packages/airflow/example_dags/example_skip_dag.py took 0.250 seconds
[2024-12-01T02:21:48.321+0000] {processor.py:186} INFO - Started process (PID=51930) to work on /home/airflow/.local/lib/python3.12/site-packages/airflow/example_dags/example_skip_dag.py
[2024-12-01T02:21:48.323+0000] {processor.py:914} INFO - Processing file /home/airflow/.local/lib/python3.12/site-packages/airflow/example_dags/example_skip_dag.py for tasks to queue
[2024-12-01T02:21:48.325+0000] {logging_mixin.py:190} INFO - [2024-12-01T02:21:48.324+0000] {dagbag.py:588} INFO - Filling up the DagBag from /home/airflow/.local/lib/python3.12/site-packages/airflow/example_dags/example_skip_dag.py
[2024-12-01T02:21:48.332+0000] {processor.py:925} INFO - DAG(s) 'example_skip_dag' retrieved from /home/airflow/.local/lib/python3.12/site-packages/airflow/example_dags/example_skip_dag.py
[2024-12-01T02:21:48.351+0000] {logging_mixin.py:190} INFO - [2024-12-01T02:21:48.351+0000] {dag.py:3239} INFO - Sync 1 DAGs
[2024-12-01T02:21:48.374+0000] {logging_mixin.py:190} INFO - [2024-12-01T02:21:48.374+0000] {dag.py:4180} INFO - Setting next_dagrun for example_skip_dag to 2024-11-30 00:00:00+00:00, run_after=2024-12-01 00:00:00+00:00
[2024-12-01T02:21:48.538+0000] {processor.py:208} INFO - Processing /home/airflow/.local/lib/python3.12/site-packages/airflow/example_dags/example_skip_dag.py took 0.222 seconds
[2024-12-01T02:22:19.488+0000] {processor.py:186} INFO - Started process (PID=51996) to work on /home/airflow/.local/lib/python3.12/site-packages/airflow/example_dags/example_skip_dag.py
[2024-12-01T02:22:19.489+0000] {processor.py:914} INFO - Processing file /home/airflow/.local/lib/python3.12/site-packages/airflow/example_dags/example_skip_dag.py for tasks to queue
[2024-12-01T02:22:19.491+0000] {logging_mixin.py:190} INFO - [2024-12-01T02:22:19.491+0000] {dagbag.py:588} INFO - Filling up the DagBag from /home/airflow/.local/lib/python3.12/site-packages/airflow/example_dags/example_skip_dag.py
[2024-12-01T02:22:19.502+0000] {processor.py:925} INFO - DAG(s) 'example_skip_dag' retrieved from /home/airflow/.local/lib/python3.12/site-packages/airflow/example_dags/example_skip_dag.py
[2024-12-01T02:22:19.521+0000] {logging_mixin.py:190} INFO - [2024-12-01T02:22:19.521+0000] {dag.py:3239} INFO - Sync 1 DAGs
[2024-12-01T02:22:19.544+0000] {logging_mixin.py:190} INFO - [2024-12-01T02:22:19.543+0000] {dag.py:4180} INFO - Setting next_dagrun for example_skip_dag to 2024-11-30 00:00:00+00:00, run_after=2024-12-01 00:00:00+00:00
[2024-12-01T02:22:19.561+0000] {processor.py:208} INFO - Processing /home/airflow/.local/lib/python3.12/site-packages/airflow/example_dags/example_skip_dag.py took 0.080 seconds
[2024-12-01T02:22:50.075+0000] {processor.py:186} INFO - Started process (PID=52062) to work on /home/airflow/.local/lib/python3.12/site-packages/airflow/example_dags/example_skip_dag.py
[2024-12-01T02:22:50.076+0000] {processor.py:914} INFO - Processing file /home/airflow/.local/lib/python3.12/site-packages/airflow/example_dags/example_skip_dag.py for tasks to queue
[2024-12-01T02:22:50.079+0000] {logging_mixin.py:190} INFO - [2024-12-01T02:22:50.079+0000] {dagbag.py:588} INFO - Filling up the DagBag from /home/airflow/.local/lib/python3.12/site-packages/airflow/example_dags/example_skip_dag.py
[2024-12-01T02:22:50.086+0000] {processor.py:925} INFO - DAG(s) 'example_skip_dag' retrieved from /home/airflow/.local/lib/python3.12/site-packages/airflow/example_dags/example_skip_dag.py
[2024-12-01T02:22:50.107+0000] {logging_mixin.py:190} INFO - [2024-12-01T02:22:50.107+0000] {dag.py:3239} INFO - Sync 1 DAGs
[2024-12-01T02:22:50.129+0000] {logging_mixin.py:190} INFO - [2024-12-01T02:22:50.128+0000] {dag.py:4180} INFO - Setting next_dagrun for example_skip_dag to 2024-11-30 00:00:00+00:00, run_after=2024-12-01 00:00:00+00:00
[2024-12-01T02:22:50.144+0000] {processor.py:208} INFO - Processing /home/airflow/.local/lib/python3.12/site-packages/airflow/example_dags/example_skip_dag.py took 0.075 seconds
[2024-12-01T02:23:21.747+0000] {processor.py:186} INFO - Started process (PID=52128) to work on /home/airflow/.local/lib/python3.12/site-packages/airflow/example_dags/example_skip_dag.py
[2024-12-01T02:23:21.748+0000] {processor.py:914} INFO - Processing file /home/airflow/.local/lib/python3.12/site-packages/airflow/example_dags/example_skip_dag.py for tasks to queue
[2024-12-01T02:23:21.750+0000] {logging_mixin.py:190} INFO - [2024-12-01T02:23:21.750+0000] {dagbag.py:588} INFO - Filling up the DagBag from /home/airflow/.local/lib/python3.12/site-packages/airflow/example_dags/example_skip_dag.py
[2024-12-01T02:23:21.758+0000] {processor.py:925} INFO - DAG(s) 'example_skip_dag' retrieved from /home/airflow/.local/lib/python3.12/site-packages/airflow/example_dags/example_skip_dag.py
[2024-12-01T02:23:21.924+0000] {logging_mixin.py:190} INFO - [2024-12-01T02:23:21.923+0000] {dag.py:3239} INFO - Sync 1 DAGs
[2024-12-01T02:23:21.943+0000] {logging_mixin.py:190} INFO - [2024-12-01T02:23:21.943+0000] {dag.py:4180} INFO - Setting next_dagrun for example_skip_dag to 2024-11-30 00:00:00+00:00, run_after=2024-12-01 00:00:00+00:00
[2024-12-01T02:23:21.958+0000] {processor.py:208} INFO - Processing /home/airflow/.local/lib/python3.12/site-packages/airflow/example_dags/example_skip_dag.py took 0.216 seconds
[2024-12-01T02:23:52.392+0000] {processor.py:186} INFO - Started process (PID=52194) to work on /home/airflow/.local/lib/python3.12/site-packages/airflow/example_dags/example_skip_dag.py
[2024-12-01T02:23:52.393+0000] {processor.py:914} INFO - Processing file /home/airflow/.local/lib/python3.12/site-packages/airflow/example_dags/example_skip_dag.py for tasks to queue
[2024-12-01T02:23:52.395+0000] {logging_mixin.py:190} INFO - [2024-12-01T02:23:52.395+0000] {dagbag.py:588} INFO - Filling up the DagBag from /home/airflow/.local/lib/python3.12/site-packages/airflow/example_dags/example_skip_dag.py
[2024-12-01T02:23:52.402+0000] {processor.py:925} INFO - DAG(s) 'example_skip_dag' retrieved from /home/airflow/.local/lib/python3.12/site-packages/airflow/example_dags/example_skip_dag.py
[2024-12-01T02:23:52.423+0000] {logging_mixin.py:190} INFO - [2024-12-01T02:23:52.423+0000] {dag.py:3239} INFO - Sync 1 DAGs
[2024-12-01T02:23:52.444+0000] {logging_mixin.py:190} INFO - [2024-12-01T02:23:52.444+0000] {dag.py:4180} INFO - Setting next_dagrun for example_skip_dag to 2024-11-30 00:00:00+00:00, run_after=2024-12-01 00:00:00+00:00
[2024-12-01T02:23:52.460+0000] {processor.py:208} INFO - Processing /home/airflow/.local/lib/python3.12/site-packages/airflow/example_dags/example_skip_dag.py took 0.073 seconds
[2024-12-01T02:24:22.717+0000] {processor.py:186} INFO - Started process (PID=52260) to work on /home/airflow/.local/lib/python3.12/site-packages/airflow/example_dags/example_skip_dag.py
[2024-12-01T02:24:22.718+0000] {processor.py:914} INFO - Processing file /home/airflow/.local/lib/python3.12/site-packages/airflow/example_dags/example_skip_dag.py for tasks to queue
[2024-12-01T02:24:22.723+0000] {logging_mixin.py:190} INFO - [2024-12-01T02:24:22.722+0000] {dagbag.py:588} INFO - Filling up the DagBag from /home/airflow/.local/lib/python3.12/site-packages/airflow/example_dags/example_skip_dag.py
[2024-12-01T02:24:22.731+0000] {processor.py:925} INFO - DAG(s) 'example_skip_dag' retrieved from /home/airflow/.local/lib/python3.12/site-packages/airflow/example_dags/example_skip_dag.py
[2024-12-01T02:24:22.750+0000] {logging_mixin.py:190} INFO - [2024-12-01T02:24:22.750+0000] {dag.py:3239} INFO - Sync 1 DAGs
[2024-12-01T02:24:22.771+0000] {logging_mixin.py:190} INFO - [2024-12-01T02:24:22.771+0000] {dag.py:4180} INFO - Setting next_dagrun for example_skip_dag to 2024-11-30 00:00:00+00:00, run_after=2024-12-01 00:00:00+00:00
[2024-12-01T02:24:22.789+0000] {processor.py:208} INFO - Processing /home/airflow/.local/lib/python3.12/site-packages/airflow/example_dags/example_skip_dag.py took 0.079 seconds
[2024-12-01T02:24:53.116+0000] {processor.py:186} INFO - Started process (PID=52326) to work on /home/airflow/.local/lib/python3.12/site-packages/airflow/example_dags/example_skip_dag.py
[2024-12-01T02:24:53.117+0000] {processor.py:914} INFO - Processing file /home/airflow/.local/lib/python3.12/site-packages/airflow/example_dags/example_skip_dag.py for tasks to queue
[2024-12-01T02:24:53.119+0000] {logging_mixin.py:190} INFO - [2024-12-01T02:24:53.119+0000] {dagbag.py:588} INFO - Filling up the DagBag from /home/airflow/.local/lib/python3.12/site-packages/airflow/example_dags/example_skip_dag.py
[2024-12-01T02:24:53.126+0000] {processor.py:925} INFO - DAG(s) 'example_skip_dag' retrieved from /home/airflow/.local/lib/python3.12/site-packages/airflow/example_dags/example_skip_dag.py
[2024-12-01T02:24:53.150+0000] {logging_mixin.py:190} INFO - [2024-12-01T02:24:53.150+0000] {dag.py:3239} INFO - Sync 1 DAGs
[2024-12-01T02:24:53.179+0000] {logging_mixin.py:190} INFO - [2024-12-01T02:24:53.179+0000] {dag.py:4180} INFO - Setting next_dagrun for example_skip_dag to 2024-11-30 00:00:00+00:00, run_after=2024-12-01 00:00:00+00:00
[2024-12-01T02:24:53.202+0000] {processor.py:208} INFO - Processing /home/airflow/.local/lib/python3.12/site-packages/airflow/example_dags/example_skip_dag.py took 0.092 seconds
[2024-12-01T02:25:23.682+0000] {processor.py:186} INFO - Started process (PID=52392) to work on /home/airflow/.local/lib/python3.12/site-packages/airflow/example_dags/example_skip_dag.py
[2024-12-01T02:25:23.683+0000] {processor.py:914} INFO - Processing file /home/airflow/.local/lib/python3.12/site-packages/airflow/example_dags/example_skip_dag.py for tasks to queue
[2024-12-01T02:25:23.685+0000] {logging_mixin.py:190} INFO - [2024-12-01T02:25:23.685+0000] {dagbag.py:588} INFO - Filling up the DagBag from /home/airflow/.local/lib/python3.12/site-packages/airflow/example_dags/example_skip_dag.py
[2024-12-01T02:25:23.692+0000] {processor.py:925} INFO - DAG(s) 'example_skip_dag' retrieved from /home/airflow/.local/lib/python3.12/site-packages/airflow/example_dags/example_skip_dag.py
[2024-12-01T02:25:23.712+0000] {logging_mixin.py:190} INFO - [2024-12-01T02:25:23.712+0000] {dag.py:3239} INFO - Sync 1 DAGs
[2024-12-01T02:25:23.738+0000] {logging_mixin.py:190} INFO - [2024-12-01T02:25:23.738+0000] {dag.py:4180} INFO - Setting next_dagrun for example_skip_dag to 2024-11-30 00:00:00+00:00, run_after=2024-12-01 00:00:00+00:00
[2024-12-01T02:25:23.754+0000] {processor.py:208} INFO - Processing /home/airflow/.local/lib/python3.12/site-packages/airflow/example_dags/example_skip_dag.py took 0.078 seconds
[2024-12-01T02:25:54.440+0000] {processor.py:186} INFO - Started process (PID=52458) to work on /home/airflow/.local/lib/python3.12/site-packages/airflow/example_dags/example_skip_dag.py
[2024-12-01T02:25:54.441+0000] {processor.py:914} INFO - Processing file /home/airflow/.local/lib/python3.12/site-packages/airflow/example_dags/example_skip_dag.py for tasks to queue
[2024-12-01T02:25:54.443+0000] {logging_mixin.py:190} INFO - [2024-12-01T02:25:54.443+0000] {dagbag.py:588} INFO - Filling up the DagBag from /home/airflow/.local/lib/python3.12/site-packages/airflow/example_dags/example_skip_dag.py
[2024-12-01T02:25:54.450+0000] {processor.py:925} INFO - DAG(s) 'example_skip_dag' retrieved from /home/airflow/.local/lib/python3.12/site-packages/airflow/example_dags/example_skip_dag.py
[2024-12-01T02:25:54.469+0000] {logging_mixin.py:190} INFO - [2024-12-01T02:25:54.468+0000] {dag.py:3239} INFO - Sync 1 DAGs
[2024-12-01T02:25:54.490+0000] {logging_mixin.py:190} INFO - [2024-12-01T02:25:54.490+0000] {dag.py:4180} INFO - Setting next_dagrun for example_skip_dag to 2024-11-30 00:00:00+00:00, run_after=2024-12-01 00:00:00+00:00
[2024-12-01T02:25:54.507+0000] {processor.py:208} INFO - Processing /home/airflow/.local/lib/python3.12/site-packages/airflow/example_dags/example_skip_dag.py took 0.072 seconds
[2024-12-01T02:26:24.935+0000] {processor.py:186} INFO - Started process (PID=52524) to work on /home/airflow/.local/lib/python3.12/site-packages/airflow/example_dags/example_skip_dag.py
[2024-12-01T02:26:24.936+0000] {processor.py:914} INFO - Processing file /home/airflow/.local/lib/python3.12/site-packages/airflow/example_dags/example_skip_dag.py for tasks to queue
[2024-12-01T02:26:24.938+0000] {logging_mixin.py:190} INFO - [2024-12-01T02:26:24.938+0000] {dagbag.py:588} INFO - Filling up the DagBag from /home/airflow/.local/lib/python3.12/site-packages/airflow/example_dags/example_skip_dag.py
[2024-12-01T02:26:24.945+0000] {processor.py:925} INFO - DAG(s) 'example_skip_dag' retrieved from /home/airflow/.local/lib/python3.12/site-packages/airflow/example_dags/example_skip_dag.py
[2024-12-01T02:26:24.966+0000] {logging_mixin.py:190} INFO - [2024-12-01T02:26:24.966+0000] {dag.py:3239} INFO - Sync 1 DAGs
[2024-12-01T02:26:24.987+0000] {logging_mixin.py:190} INFO - [2024-12-01T02:26:24.987+0000] {dag.py:4180} INFO - Setting next_dagrun for example_skip_dag to 2024-11-30 00:00:00+00:00, run_after=2024-12-01 00:00:00+00:00
[2024-12-01T02:26:25.005+0000] {processor.py:208} INFO - Processing /home/airflow/.local/lib/python3.12/site-packages/airflow/example_dags/example_skip_dag.py took 0.076 seconds
[2024-12-01T02:26:55.424+0000] {processor.py:186} INFO - Started process (PID=52590) to work on /home/airflow/.local/lib/python3.12/site-packages/airflow/example_dags/example_skip_dag.py
[2024-12-01T02:26:55.424+0000] {processor.py:914} INFO - Processing file /home/airflow/.local/lib/python3.12/site-packages/airflow/example_dags/example_skip_dag.py for tasks to queue
[2024-12-01T02:26:55.427+0000] {logging_mixin.py:190} INFO - [2024-12-01T02:26:55.426+0000] {dagbag.py:588} INFO - Filling up the DagBag from /home/airflow/.local/lib/python3.12/site-packages/airflow/example_dags/example_skip_dag.py
[2024-12-01T02:26:55.436+0000] {processor.py:925} INFO - DAG(s) 'example_skip_dag' retrieved from /home/airflow/.local/lib/python3.12/site-packages/airflow/example_dags/example_skip_dag.py
[2024-12-01T02:26:55.456+0000] {logging_mixin.py:190} INFO - [2024-12-01T02:26:55.456+0000] {dag.py:3239} INFO - Sync 1 DAGs
[2024-12-01T02:26:55.478+0000] {logging_mixin.py:190} INFO - [2024-12-01T02:26:55.477+0000] {dag.py:4180} INFO - Setting next_dagrun for example_skip_dag to 2024-11-30 00:00:00+00:00, run_after=2024-12-01 00:00:00+00:00
[2024-12-01T02:26:55.495+0000] {processor.py:208} INFO - Processing /home/airflow/.local/lib/python3.12/site-packages/airflow/example_dags/example_skip_dag.py took 0.077 seconds
[2024-12-01T02:27:25.955+0000] {processor.py:186} INFO - Started process (PID=52656) to work on /home/airflow/.local/lib/python3.12/site-packages/airflow/example_dags/example_skip_dag.py
[2024-12-01T02:27:25.956+0000] {processor.py:914} INFO - Processing file /home/airflow/.local/lib/python3.12/site-packages/airflow/example_dags/example_skip_dag.py for tasks to queue
[2024-12-01T02:27:25.958+0000] {logging_mixin.py:190} INFO - [2024-12-01T02:27:25.958+0000] {dagbag.py:588} INFO - Filling up the DagBag from /home/airflow/.local/lib/python3.12/site-packages/airflow/example_dags/example_skip_dag.py
[2024-12-01T02:27:25.965+0000] {processor.py:925} INFO - DAG(s) 'example_skip_dag' retrieved from /home/airflow/.local/lib/python3.12/site-packages/airflow/example_dags/example_skip_dag.py
[2024-12-01T02:27:25.985+0000] {logging_mixin.py:190} INFO - [2024-12-01T02:27:25.985+0000] {dag.py:3239} INFO - Sync 1 DAGs
[2024-12-01T02:27:26.006+0000] {logging_mixin.py:190} INFO - [2024-12-01T02:27:26.006+0000] {dag.py:4180} INFO - Setting next_dagrun for example_skip_dag to 2024-11-30 00:00:00+00:00, run_after=2024-12-01 00:00:00+00:00
[2024-12-01T02:27:26.023+0000] {processor.py:208} INFO - Processing /home/airflow/.local/lib/python3.12/site-packages/airflow/example_dags/example_skip_dag.py took 0.073 seconds
[2024-12-01T02:27:56.475+0000] {processor.py:186} INFO - Started process (PID=52722) to work on /home/airflow/.local/lib/python3.12/site-packages/airflow/example_dags/example_skip_dag.py
[2024-12-01T02:27:56.476+0000] {processor.py:914} INFO - Processing file /home/airflow/.local/lib/python3.12/site-packages/airflow/example_dags/example_skip_dag.py for tasks to queue
[2024-12-01T02:27:56.478+0000] {logging_mixin.py:190} INFO - [2024-12-01T02:27:56.478+0000] {dagbag.py:588} INFO - Filling up the DagBag from /home/airflow/.local/lib/python3.12/site-packages/airflow/example_dags/example_skip_dag.py
[2024-12-01T02:27:56.485+0000] {processor.py:925} INFO - DAG(s) 'example_skip_dag' retrieved from /home/airflow/.local/lib/python3.12/site-packages/airflow/example_dags/example_skip_dag.py
[2024-12-01T02:27:56.505+0000] {logging_mixin.py:190} INFO - [2024-12-01T02:27:56.505+0000] {dag.py:3239} INFO - Sync 1 DAGs
[2024-12-01T02:27:56.529+0000] {logging_mixin.py:190} INFO - [2024-12-01T02:27:56.529+0000] {dag.py:4180} INFO - Setting next_dagrun for example_skip_dag to 2024-11-30 00:00:00+00:00, run_after=2024-12-01 00:00:00+00:00
[2024-12-01T02:27:56.545+0000] {processor.py:208} INFO - Processing /home/airflow/.local/lib/python3.12/site-packages/airflow/example_dags/example_skip_dag.py took 0.075 seconds
[2024-12-01T02:28:26.970+0000] {processor.py:186} INFO - Started process (PID=52788) to work on /home/airflow/.local/lib/python3.12/site-packages/airflow/example_dags/example_skip_dag.py
[2024-12-01T02:28:26.971+0000] {processor.py:914} INFO - Processing file /home/airflow/.local/lib/python3.12/site-packages/airflow/example_dags/example_skip_dag.py for tasks to queue
[2024-12-01T02:28:26.973+0000] {logging_mixin.py:190} INFO - [2024-12-01T02:28:26.972+0000] {dagbag.py:588} INFO - Filling up the DagBag from /home/airflow/.local/lib/python3.12/site-packages/airflow/example_dags/example_skip_dag.py
[2024-12-01T02:28:26.980+0000] {processor.py:925} INFO - DAG(s) 'example_skip_dag' retrieved from /home/airflow/.local/lib/python3.12/site-packages/airflow/example_dags/example_skip_dag.py
[2024-12-01T02:28:26.999+0000] {logging_mixin.py:190} INFO - [2024-12-01T02:28:26.998+0000] {dag.py:3239} INFO - Sync 1 DAGs
[2024-12-01T02:28:27.022+0000] {logging_mixin.py:190} INFO - [2024-12-01T02:28:27.022+0000] {dag.py:4180} INFO - Setting next_dagrun for example_skip_dag to 2024-11-30 00:00:00+00:00, run_after=2024-12-01 00:00:00+00:00
[2024-12-01T02:28:27.039+0000] {processor.py:208} INFO - Processing /home/airflow/.local/lib/python3.12/site-packages/airflow/example_dags/example_skip_dag.py took 0.075 seconds
[2024-12-01T02:28:57.532+0000] {processor.py:186} INFO - Started process (PID=52854) to work on /home/airflow/.local/lib/python3.12/site-packages/airflow/example_dags/example_skip_dag.py
[2024-12-01T02:28:57.532+0000] {processor.py:914} INFO - Processing file /home/airflow/.local/lib/python3.12/site-packages/airflow/example_dags/example_skip_dag.py for tasks to queue
[2024-12-01T02:28:57.535+0000] {logging_mixin.py:190} INFO - [2024-12-01T02:28:57.534+0000] {dagbag.py:588} INFO - Filling up the DagBag from /home/airflow/.local/lib/python3.12/site-packages/airflow/example_dags/example_skip_dag.py
[2024-12-01T02:28:57.542+0000] {processor.py:925} INFO - DAG(s) 'example_skip_dag' retrieved from /home/airflow/.local/lib/python3.12/site-packages/airflow/example_dags/example_skip_dag.py
[2024-12-01T02:28:57.561+0000] {logging_mixin.py:190} INFO - [2024-12-01T02:28:57.561+0000] {dag.py:3239} INFO - Sync 1 DAGs
[2024-12-01T02:28:57.582+0000] {logging_mixin.py:190} INFO - [2024-12-01T02:28:57.582+0000] {dag.py:4180} INFO - Setting next_dagrun for example_skip_dag to 2024-11-30 00:00:00+00:00, run_after=2024-12-01 00:00:00+00:00
[2024-12-01T02:28:57.598+0000] {processor.py:208} INFO - Processing /home/airflow/.local/lib/python3.12/site-packages/airflow/example_dags/example_skip_dag.py took 0.072 seconds
[2024-12-01T02:29:28.094+0000] {processor.py:186} INFO - Started process (PID=52920) to work on /home/airflow/.local/lib/python3.12/site-packages/airflow/example_dags/example_skip_dag.py
[2024-12-01T02:29:28.095+0000] {processor.py:914} INFO - Processing file /home/airflow/.local/lib/python3.12/site-packages/airflow/example_dags/example_skip_dag.py for tasks to queue
[2024-12-01T02:29:28.098+0000] {logging_mixin.py:190} INFO - [2024-12-01T02:29:28.097+0000] {dagbag.py:588} INFO - Filling up the DagBag from /home/airflow/.local/lib/python3.12/site-packages/airflow/example_dags/example_skip_dag.py
[2024-12-01T02:29:28.105+0000] {processor.py:925} INFO - DAG(s) 'example_skip_dag' retrieved from /home/airflow/.local/lib/python3.12/site-packages/airflow/example_dags/example_skip_dag.py
[2024-12-01T02:29:28.126+0000] {logging_mixin.py:190} INFO - [2024-12-01T02:29:28.125+0000] {dag.py:3239} INFO - Sync 1 DAGs
[2024-12-01T02:29:28.147+0000] {logging_mixin.py:190} INFO - [2024-12-01T02:29:28.147+0000] {dag.py:4180} INFO - Setting next_dagrun for example_skip_dag to 2024-11-30 00:00:00+00:00, run_after=2024-12-01 00:00:00+00:00
[2024-12-01T02:29:28.169+0000] {processor.py:208} INFO - Processing /home/airflow/.local/lib/python3.12/site-packages/airflow/example_dags/example_skip_dag.py took 0.081 seconds
[2024-12-01T02:29:58.544+0000] {processor.py:186} INFO - Started process (PID=52986) to work on /home/airflow/.local/lib/python3.12/site-packages/airflow/example_dags/example_skip_dag.py
[2024-12-01T02:29:58.545+0000] {processor.py:914} INFO - Processing file /home/airflow/.local/lib/python3.12/site-packages/airflow/example_dags/example_skip_dag.py for tasks to queue
[2024-12-01T02:29:58.547+0000] {logging_mixin.py:190} INFO - [2024-12-01T02:29:58.546+0000] {dagbag.py:588} INFO - Filling up the DagBag from /home/airflow/.local/lib/python3.12/site-packages/airflow/example_dags/example_skip_dag.py
[2024-12-01T02:29:58.554+0000] {processor.py:925} INFO - DAG(s) 'example_skip_dag' retrieved from /home/airflow/.local/lib/python3.12/site-packages/airflow/example_dags/example_skip_dag.py
[2024-12-01T02:29:58.576+0000] {logging_mixin.py:190} INFO - [2024-12-01T02:29:58.576+0000] {dag.py:3239} INFO - Sync 1 DAGs
[2024-12-01T02:29:58.597+0000] {logging_mixin.py:190} INFO - [2024-12-01T02:29:58.597+0000] {dag.py:4180} INFO - Setting next_dagrun for example_skip_dag to 2024-11-30 00:00:00+00:00, run_after=2024-12-01 00:00:00+00:00
[2024-12-01T02:29:58.613+0000] {processor.py:208} INFO - Processing /home/airflow/.local/lib/python3.12/site-packages/airflow/example_dags/example_skip_dag.py took 0.075 seconds
[2024-12-01T02:30:29.042+0000] {processor.py:186} INFO - Started process (PID=53052) to work on /home/airflow/.local/lib/python3.12/site-packages/airflow/example_dags/example_skip_dag.py
[2024-12-01T02:30:29.043+0000] {processor.py:914} INFO - Processing file /home/airflow/.local/lib/python3.12/site-packages/airflow/example_dags/example_skip_dag.py for tasks to queue
[2024-12-01T02:30:29.045+0000] {logging_mixin.py:190} INFO - [2024-12-01T02:30:29.045+0000] {dagbag.py:588} INFO - Filling up the DagBag from /home/airflow/.local/lib/python3.12/site-packages/airflow/example_dags/example_skip_dag.py
[2024-12-01T02:30:29.052+0000] {processor.py:925} INFO - DAG(s) 'example_skip_dag' retrieved from /home/airflow/.local/lib/python3.12/site-packages/airflow/example_dags/example_skip_dag.py
[2024-12-01T02:30:29.072+0000] {logging_mixin.py:190} INFO - [2024-12-01T02:30:29.072+0000] {dag.py:3239} INFO - Sync 1 DAGs
[2024-12-01T02:30:29.094+0000] {logging_mixin.py:190} INFO - [2024-12-01T02:30:29.094+0000] {dag.py:4180} INFO - Setting next_dagrun for example_skip_dag to 2024-11-30 00:00:00+00:00, run_after=2024-12-01 00:00:00+00:00
[2024-12-01T02:30:29.112+0000] {processor.py:208} INFO - Processing /home/airflow/.local/lib/python3.12/site-packages/airflow/example_dags/example_skip_dag.py took 0.075 seconds
[2024-12-01T02:30:59.792+0000] {processor.py:186} INFO - Started process (PID=53118) to work on /home/airflow/.local/lib/python3.12/site-packages/airflow/example_dags/example_skip_dag.py
[2024-12-01T02:30:59.793+0000] {processor.py:914} INFO - Processing file /home/airflow/.local/lib/python3.12/site-packages/airflow/example_dags/example_skip_dag.py for tasks to queue
[2024-12-01T02:30:59.796+0000] {logging_mixin.py:190} INFO - [2024-12-01T02:30:59.796+0000] {dagbag.py:588} INFO - Filling up the DagBag from /home/airflow/.local/lib/python3.12/site-packages/airflow/example_dags/example_skip_dag.py
[2024-12-01T02:30:59.805+0000] {processor.py:925} INFO - DAG(s) 'example_skip_dag' retrieved from /home/airflow/.local/lib/python3.12/site-packages/airflow/example_dags/example_skip_dag.py
[2024-12-01T02:30:59.828+0000] {logging_mixin.py:190} INFO - [2024-12-01T02:30:59.828+0000] {dag.py:3239} INFO - Sync 1 DAGs
[2024-12-01T02:30:59.851+0000] {logging_mixin.py:190} INFO - [2024-12-01T02:30:59.851+0000] {dag.py:4180} INFO - Setting next_dagrun for example_skip_dag to 2024-11-30 00:00:00+00:00, run_after=2024-12-01 00:00:00+00:00
[2024-12-01T02:30:59.868+0000] {processor.py:208} INFO - Processing /home/airflow/.local/lib/python3.12/site-packages/airflow/example_dags/example_skip_dag.py took 0.083 seconds
[2024-12-01T02:31:31.027+0000] {processor.py:186} INFO - Started process (PID=53190) to work on /home/airflow/.local/lib/python3.12/site-packages/airflow/example_dags/example_skip_dag.py
[2024-12-01T02:31:31.028+0000] {processor.py:914} INFO - Processing file /home/airflow/.local/lib/python3.12/site-packages/airflow/example_dags/example_skip_dag.py for tasks to queue
[2024-12-01T02:31:31.031+0000] {logging_mixin.py:190} INFO - [2024-12-01T02:31:31.031+0000] {dagbag.py:588} INFO - Filling up the DagBag from /home/airflow/.local/lib/python3.12/site-packages/airflow/example_dags/example_skip_dag.py
[2024-12-01T02:31:31.041+0000] {processor.py:925} INFO - DAG(s) 'example_skip_dag' retrieved from /home/airflow/.local/lib/python3.12/site-packages/airflow/example_dags/example_skip_dag.py
[2024-12-01T02:31:31.069+0000] {logging_mixin.py:190} INFO - [2024-12-01T02:31:31.069+0000] {dag.py:3239} INFO - Sync 1 DAGs
[2024-12-01T02:31:31.098+0000] {logging_mixin.py:190} INFO - [2024-12-01T02:31:31.098+0000] {dag.py:4180} INFO - Setting next_dagrun for example_skip_dag to 2024-11-30 00:00:00+00:00, run_after=2024-12-01 00:00:00+00:00
[2024-12-01T02:31:31.120+0000] {processor.py:208} INFO - Processing /home/airflow/.local/lib/python3.12/site-packages/airflow/example_dags/example_skip_dag.py took 0.100 seconds
[2024-12-01T02:32:01.732+0000] {processor.py:186} INFO - Started process (PID=53256) to work on /home/airflow/.local/lib/python3.12/site-packages/airflow/example_dags/example_skip_dag.py
[2024-12-01T02:32:01.733+0000] {processor.py:914} INFO - Processing file /home/airflow/.local/lib/python3.12/site-packages/airflow/example_dags/example_skip_dag.py for tasks to queue
[2024-12-01T02:32:01.735+0000] {logging_mixin.py:190} INFO - [2024-12-01T02:32:01.735+0000] {dagbag.py:588} INFO - Filling up the DagBag from /home/airflow/.local/lib/python3.12/site-packages/airflow/example_dags/example_skip_dag.py
[2024-12-01T02:32:01.743+0000] {processor.py:925} INFO - DAG(s) 'example_skip_dag' retrieved from /home/airflow/.local/lib/python3.12/site-packages/airflow/example_dags/example_skip_dag.py
[2024-12-01T02:32:01.762+0000] {logging_mixin.py:190} INFO - [2024-12-01T02:32:01.762+0000] {dag.py:3239} INFO - Sync 1 DAGs
[2024-12-01T02:32:01.784+0000] {logging_mixin.py:190} INFO - [2024-12-01T02:32:01.784+0000] {dag.py:4180} INFO - Setting next_dagrun for example_skip_dag to 2024-11-30 00:00:00+00:00, run_after=2024-12-01 00:00:00+00:00
[2024-12-01T02:32:01.802+0000] {processor.py:208} INFO - Processing /home/airflow/.local/lib/python3.12/site-packages/airflow/example_dags/example_skip_dag.py took 0.076 seconds
[2024-12-01T02:32:33.100+0000] {processor.py:186} INFO - Started process (PID=53322) to work on /home/airflow/.local/lib/python3.12/site-packages/airflow/example_dags/example_skip_dag.py
[2024-12-01T02:32:33.101+0000] {processor.py:914} INFO - Processing file /home/airflow/.local/lib/python3.12/site-packages/airflow/example_dags/example_skip_dag.py for tasks to queue
[2024-12-01T02:32:33.103+0000] {logging_mixin.py:190} INFO - [2024-12-01T02:32:33.103+0000] {dagbag.py:588} INFO - Filling up the DagBag from /home/airflow/.local/lib/python3.12/site-packages/airflow/example_dags/example_skip_dag.py
[2024-12-01T02:32:33.111+0000] {processor.py:925} INFO - DAG(s) 'example_skip_dag' retrieved from /home/airflow/.local/lib/python3.12/site-packages/airflow/example_dags/example_skip_dag.py
[2024-12-01T02:32:33.132+0000] {logging_mixin.py:190} INFO - [2024-12-01T02:32:33.132+0000] {dag.py:3239} INFO - Sync 1 DAGs
[2024-12-01T02:32:33.154+0000] {logging_mixin.py:190} INFO - [2024-12-01T02:32:33.153+0000] {dag.py:4180} INFO - Setting next_dagrun for example_skip_dag to 2024-11-30 00:00:00+00:00, run_after=2024-12-01 00:00:00+00:00
[2024-12-01T02:32:33.172+0000] {processor.py:208} INFO - Processing /home/airflow/.local/lib/python3.12/site-packages/airflow/example_dags/example_skip_dag.py took 0.077 seconds
[2024-12-01T02:33:03.698+0000] {processor.py:186} INFO - Started process (PID=53388) to work on /home/airflow/.local/lib/python3.12/site-packages/airflow/example_dags/example_skip_dag.py
[2024-12-01T02:33:03.699+0000] {processor.py:914} INFO - Processing file /home/airflow/.local/lib/python3.12/site-packages/airflow/example_dags/example_skip_dag.py for tasks to queue
[2024-12-01T02:33:03.702+0000] {logging_mixin.py:190} INFO - [2024-12-01T02:33:03.701+0000] {dagbag.py:588} INFO - Filling up the DagBag from /home/airflow/.local/lib/python3.12/site-packages/airflow/example_dags/example_skip_dag.py
[2024-12-01T02:33:03.710+0000] {processor.py:925} INFO - DAG(s) 'example_skip_dag' retrieved from /home/airflow/.local/lib/python3.12/site-packages/airflow/example_dags/example_skip_dag.py
[2024-12-01T02:33:03.743+0000] {logging_mixin.py:190} INFO - [2024-12-01T02:33:03.742+0000] {dag.py:3239} INFO - Sync 1 DAGs
[2024-12-01T02:33:03.765+0000] {logging_mixin.py:190} INFO - [2024-12-01T02:33:03.765+0000] {dag.py:4180} INFO - Setting next_dagrun for example_skip_dag to 2024-11-30 00:00:00+00:00, run_after=2024-12-01 00:00:00+00:00
[2024-12-01T02:33:03.786+0000] {processor.py:208} INFO - Processing /home/airflow/.local/lib/python3.12/site-packages/airflow/example_dags/example_skip_dag.py took 0.094 seconds
[2024-12-01T02:33:34.388+0000] {processor.py:186} INFO - Started process (PID=53454) to work on /home/airflow/.local/lib/python3.12/site-packages/airflow/example_dags/example_skip_dag.py
[2024-12-01T02:33:34.388+0000] {processor.py:914} INFO - Processing file /home/airflow/.local/lib/python3.12/site-packages/airflow/example_dags/example_skip_dag.py for tasks to queue
[2024-12-01T02:33:34.391+0000] {logging_mixin.py:190} INFO - [2024-12-01T02:33:34.390+0000] {dagbag.py:588} INFO - Filling up the DagBag from /home/airflow/.local/lib/python3.12/site-packages/airflow/example_dags/example_skip_dag.py
[2024-12-01T02:33:34.399+0000] {processor.py:925} INFO - DAG(s) 'example_skip_dag' retrieved from /home/airflow/.local/lib/python3.12/site-packages/airflow/example_dags/example_skip_dag.py
[2024-12-01T02:33:34.418+0000] {logging_mixin.py:190} INFO - [2024-12-01T02:33:34.418+0000] {dag.py:3239} INFO - Sync 1 DAGs
[2024-12-01T02:33:34.440+0000] {logging_mixin.py:190} INFO - [2024-12-01T02:33:34.440+0000] {dag.py:4180} INFO - Setting next_dagrun for example_skip_dag to 2024-11-30 00:00:00+00:00, run_after=2024-12-01 00:00:00+00:00
[2024-12-01T02:33:34.457+0000] {processor.py:208} INFO - Processing /home/airflow/.local/lib/python3.12/site-packages/airflow/example_dags/example_skip_dag.py took 0.075 seconds
[2024-12-01T02:34:05.140+0000] {processor.py:186} INFO - Started process (PID=53520) to work on /home/airflow/.local/lib/python3.12/site-packages/airflow/example_dags/example_skip_dag.py
[2024-12-01T02:34:05.141+0000] {processor.py:914} INFO - Processing file /home/airflow/.local/lib/python3.12/site-packages/airflow/example_dags/example_skip_dag.py for tasks to queue
[2024-12-01T02:34:05.145+0000] {logging_mixin.py:190} INFO - [2024-12-01T02:34:05.144+0000] {dagbag.py:588} INFO - Filling up the DagBag from /home/airflow/.local/lib/python3.12/site-packages/airflow/example_dags/example_skip_dag.py
[2024-12-01T02:34:05.154+0000] {processor.py:925} INFO - DAG(s) 'example_skip_dag' retrieved from /home/airflow/.local/lib/python3.12/site-packages/airflow/example_dags/example_skip_dag.py
[2024-12-01T02:34:05.173+0000] {logging_mixin.py:190} INFO - [2024-12-01T02:34:05.173+0000] {dag.py:3239} INFO - Sync 1 DAGs
[2024-12-01T02:34:05.196+0000] {logging_mixin.py:190} INFO - [2024-12-01T02:34:05.195+0000] {dag.py:4180} INFO - Setting next_dagrun for example_skip_dag to 2024-11-30 00:00:00+00:00, run_after=2024-12-01 00:00:00+00:00
[2024-12-01T02:34:05.214+0000] {processor.py:208} INFO - Processing /home/airflow/.local/lib/python3.12/site-packages/airflow/example_dags/example_skip_dag.py took 0.080 seconds
[2024-12-01T02:34:35.745+0000] {processor.py:186} INFO - Started process (PID=53586) to work on /home/airflow/.local/lib/python3.12/site-packages/airflow/example_dags/example_skip_dag.py
[2024-12-01T02:34:35.746+0000] {processor.py:914} INFO - Processing file /home/airflow/.local/lib/python3.12/site-packages/airflow/example_dags/example_skip_dag.py for tasks to queue
[2024-12-01T02:34:35.748+0000] {logging_mixin.py:190} INFO - [2024-12-01T02:34:35.748+0000] {dagbag.py:588} INFO - Filling up the DagBag from /home/airflow/.local/lib/python3.12/site-packages/airflow/example_dags/example_skip_dag.py
[2024-12-01T02:34:35.756+0000] {processor.py:925} INFO - DAG(s) 'example_skip_dag' retrieved from /home/airflow/.local/lib/python3.12/site-packages/airflow/example_dags/example_skip_dag.py
[2024-12-01T02:34:35.776+0000] {logging_mixin.py:190} INFO - [2024-12-01T02:34:35.776+0000] {dag.py:3239} INFO - Sync 1 DAGs
[2024-12-01T02:34:35.799+0000] {logging_mixin.py:190} INFO - [2024-12-01T02:34:35.799+0000] {dag.py:4180} INFO - Setting next_dagrun for example_skip_dag to 2024-11-30 00:00:00+00:00, run_after=2024-12-01 00:00:00+00:00
[2024-12-01T02:34:35.817+0000] {processor.py:208} INFO - Processing /home/airflow/.local/lib/python3.12/site-packages/airflow/example_dags/example_skip_dag.py took 0.077 seconds
[2024-12-01T02:35:06.865+0000] {processor.py:186} INFO - Started process (PID=53652) to work on /home/airflow/.local/lib/python3.12/site-packages/airflow/example_dags/example_skip_dag.py
[2024-12-01T02:35:06.866+0000] {processor.py:914} INFO - Processing file /home/airflow/.local/lib/python3.12/site-packages/airflow/example_dags/example_skip_dag.py for tasks to queue
[2024-12-01T02:35:06.869+0000] {logging_mixin.py:190} INFO - [2024-12-01T02:35:06.868+0000] {dagbag.py:588} INFO - Filling up the DagBag from /home/airflow/.local/lib/python3.12/site-packages/airflow/example_dags/example_skip_dag.py
[2024-12-01T02:35:06.876+0000] {processor.py:925} INFO - DAG(s) 'example_skip_dag' retrieved from /home/airflow/.local/lib/python3.12/site-packages/airflow/example_dags/example_skip_dag.py
[2024-12-01T02:35:06.896+0000] {logging_mixin.py:190} INFO - [2024-12-01T02:35:06.896+0000] {dag.py:3239} INFO - Sync 1 DAGs
[2024-12-01T02:35:06.917+0000] {logging_mixin.py:190} INFO - [2024-12-01T02:35:06.917+0000] {dag.py:4180} INFO - Setting next_dagrun for example_skip_dag to 2024-11-30 00:00:00+00:00, run_after=2024-12-01 00:00:00+00:00
[2024-12-01T02:35:06.935+0000] {processor.py:208} INFO - Processing /home/airflow/.local/lib/python3.12/site-packages/airflow/example_dags/example_skip_dag.py took 0.075 seconds
