[2024-12-01T02:11:02.167+0000] {processor.py:186} INFO - Started process (PID=50562) to work on /home/airflow/.local/lib/python3.12/site-packages/airflow/example_dags/example_time_delta_sensor_async.py
[2024-12-01T02:11:02.178+0000] {processor.py:914} INFO - Processing file /home/airflow/.local/lib/python3.12/site-packages/airflow/example_dags/example_time_delta_sensor_async.py for tasks to queue
[2024-12-01T02:11:02.181+0000] {logging_mixin.py:190} INFO - [2024-12-01T02:11:02.181+0000] {dagbag.py:588} INFO - Filling up the DagBag from /home/airflow/.local/lib/python3.12/site-packages/airflow/example_dags/example_time_delta_sensor_async.py
[2024-12-01T02:11:02.192+0000] {processor.py:925} INFO - DAG(s) 'example_time_delta_sensor_async' retrieved from /home/airflow/.local/lib/python3.12/site-packages/airflow/example_dags/example_time_delta_sensor_async.py
[2024-12-01T02:11:02.223+0000] {logging_mixin.py:190} INFO - [2024-12-01T02:11:02.223+0000] {dag.py:3239} INFO - Sync 1 DAGs
[2024-12-01T02:11:02.245+0000] {logging_mixin.py:190} INFO - [2024-12-01T02:11:02.244+0000] {dag.py:4180} INFO - Setting next_dagrun for example_time_delta_sensor_async to None, run_after=None
[2024-12-01T02:11:02.266+0000] {processor.py:208} INFO - Processing /home/airflow/.local/lib/python3.12/site-packages/airflow/example_dags/example_time_delta_sensor_async.py took 0.109 seconds
[2024-12-01T02:11:32.974+0000] {processor.py:186} INFO - Started process (PID=50629) to work on /home/airflow/.local/lib/python3.12/site-packages/airflow/example_dags/example_time_delta_sensor_async.py
[2024-12-01T02:11:32.975+0000] {processor.py:914} INFO - Processing file /home/airflow/.local/lib/python3.12/site-packages/airflow/example_dags/example_time_delta_sensor_async.py for tasks to queue
[2024-12-01T02:11:32.977+0000] {logging_mixin.py:190} INFO - [2024-12-01T02:11:32.977+0000] {dagbag.py:588} INFO - Filling up the DagBag from /home/airflow/.local/lib/python3.12/site-packages/airflow/example_dags/example_time_delta_sensor_async.py
[2024-12-01T02:11:32.983+0000] {processor.py:925} INFO - DAG(s) 'example_time_delta_sensor_async' retrieved from /home/airflow/.local/lib/python3.12/site-packages/airflow/example_dags/example_time_delta_sensor_async.py
[2024-12-01T02:11:33.002+0000] {logging_mixin.py:190} INFO - [2024-12-01T02:11:33.001+0000] {dag.py:3239} INFO - Sync 1 DAGs
[2024-12-01T02:11:33.015+0000] {logging_mixin.py:190} INFO - [2024-12-01T02:11:33.014+0000] {dag.py:4180} INFO - Setting next_dagrun for example_time_delta_sensor_async to None, run_after=None
[2024-12-01T02:11:33.037+0000] {processor.py:208} INFO - Processing /home/airflow/.local/lib/python3.12/site-packages/airflow/example_dags/example_time_delta_sensor_async.py took 0.069 seconds
[2024-12-01T02:12:03.559+0000] {processor.py:186} INFO - Started process (PID=50695) to work on /home/airflow/.local/lib/python3.12/site-packages/airflow/example_dags/example_time_delta_sensor_async.py
[2024-12-01T02:12:03.560+0000] {processor.py:914} INFO - Processing file /home/airflow/.local/lib/python3.12/site-packages/airflow/example_dags/example_time_delta_sensor_async.py for tasks to queue
[2024-12-01T02:12:03.563+0000] {logging_mixin.py:190} INFO - [2024-12-01T02:12:03.563+0000] {dagbag.py:588} INFO - Filling up the DagBag from /home/airflow/.local/lib/python3.12/site-packages/airflow/example_dags/example_time_delta_sensor_async.py
[2024-12-01T02:12:03.570+0000] {processor.py:925} INFO - DAG(s) 'example_time_delta_sensor_async' retrieved from /home/airflow/.local/lib/python3.12/site-packages/airflow/example_dags/example_time_delta_sensor_async.py
[2024-12-01T02:12:03.589+0000] {logging_mixin.py:190} INFO - [2024-12-01T02:12:03.589+0000] {dag.py:3239} INFO - Sync 1 DAGs
[2024-12-01T02:12:03.604+0000] {logging_mixin.py:190} INFO - [2024-12-01T02:12:03.604+0000] {dag.py:4180} INFO - Setting next_dagrun for example_time_delta_sensor_async to None, run_after=None
[2024-12-01T02:12:03.624+0000] {processor.py:208} INFO - Processing /home/airflow/.local/lib/python3.12/site-packages/airflow/example_dags/example_time_delta_sensor_async.py took 0.071 seconds
[2024-12-01T02:12:34.230+0000] {processor.py:186} INFO - Started process (PID=50761) to work on /home/airflow/.local/lib/python3.12/site-packages/airflow/example_dags/example_time_delta_sensor_async.py
[2024-12-01T02:12:34.231+0000] {processor.py:914} INFO - Processing file /home/airflow/.local/lib/python3.12/site-packages/airflow/example_dags/example_time_delta_sensor_async.py for tasks to queue
[2024-12-01T02:12:34.234+0000] {logging_mixin.py:190} INFO - [2024-12-01T02:12:34.233+0000] {dagbag.py:588} INFO - Filling up the DagBag from /home/airflow/.local/lib/python3.12/site-packages/airflow/example_dags/example_time_delta_sensor_async.py
[2024-12-01T02:12:34.243+0000] {processor.py:925} INFO - DAG(s) 'example_time_delta_sensor_async' retrieved from /home/airflow/.local/lib/python3.12/site-packages/airflow/example_dags/example_time_delta_sensor_async.py
[2024-12-01T02:12:34.270+0000] {logging_mixin.py:190} INFO - [2024-12-01T02:12:34.269+0000] {dag.py:3239} INFO - Sync 1 DAGs
[2024-12-01T02:12:34.295+0000] {logging_mixin.py:190} INFO - [2024-12-01T02:12:34.295+0000] {dag.py:4180} INFO - Setting next_dagrun for example_time_delta_sensor_async to None, run_after=None
[2024-12-01T02:12:34.323+0000] {processor.py:208} INFO - Processing /home/airflow/.local/lib/python3.12/site-packages/airflow/example_dags/example_time_delta_sensor_async.py took 0.098 seconds
[2024-12-01T02:13:05.157+0000] {processor.py:186} INFO - Started process (PID=50827) to work on /home/airflow/.local/lib/python3.12/site-packages/airflow/example_dags/example_time_delta_sensor_async.py
[2024-12-01T02:13:05.158+0000] {processor.py:914} INFO - Processing file /home/airflow/.local/lib/python3.12/site-packages/airflow/example_dags/example_time_delta_sensor_async.py for tasks to queue
[2024-12-01T02:13:05.160+0000] {logging_mixin.py:190} INFO - [2024-12-01T02:13:05.160+0000] {dagbag.py:588} INFO - Filling up the DagBag from /home/airflow/.local/lib/python3.12/site-packages/airflow/example_dags/example_time_delta_sensor_async.py
[2024-12-01T02:13:05.166+0000] {processor.py:925} INFO - DAG(s) 'example_time_delta_sensor_async' retrieved from /home/airflow/.local/lib/python3.12/site-packages/airflow/example_dags/example_time_delta_sensor_async.py
[2024-12-01T02:13:05.187+0000] {logging_mixin.py:190} INFO - [2024-12-01T02:13:05.187+0000] {dag.py:3239} INFO - Sync 1 DAGs
[2024-12-01T02:13:05.202+0000] {logging_mixin.py:190} INFO - [2024-12-01T02:13:05.202+0000] {dag.py:4180} INFO - Setting next_dagrun for example_time_delta_sensor_async to None, run_after=None
[2024-12-01T02:13:05.219+0000] {processor.py:208} INFO - Processing /home/airflow/.local/lib/python3.12/site-packages/airflow/example_dags/example_time_delta_sensor_async.py took 0.067 seconds
[2024-12-01T02:13:35.794+0000] {processor.py:186} INFO - Started process (PID=50893) to work on /home/airflow/.local/lib/python3.12/site-packages/airflow/example_dags/example_time_delta_sensor_async.py
[2024-12-01T02:13:35.795+0000] {processor.py:914} INFO - Processing file /home/airflow/.local/lib/python3.12/site-packages/airflow/example_dags/example_time_delta_sensor_async.py for tasks to queue
[2024-12-01T02:13:35.797+0000] {logging_mixin.py:190} INFO - [2024-12-01T02:13:35.797+0000] {dagbag.py:588} INFO - Filling up the DagBag from /home/airflow/.local/lib/python3.12/site-packages/airflow/example_dags/example_time_delta_sensor_async.py
[2024-12-01T02:13:35.804+0000] {processor.py:925} INFO - DAG(s) 'example_time_delta_sensor_async' retrieved from /home/airflow/.local/lib/python3.12/site-packages/airflow/example_dags/example_time_delta_sensor_async.py
[2024-12-01T02:13:35.821+0000] {logging_mixin.py:190} INFO - [2024-12-01T02:13:35.821+0000] {dag.py:3239} INFO - Sync 1 DAGs
[2024-12-01T02:13:35.835+0000] {logging_mixin.py:190} INFO - [2024-12-01T02:13:35.835+0000] {dag.py:4180} INFO - Setting next_dagrun for example_time_delta_sensor_async to None, run_after=None
[2024-12-01T02:13:35.852+0000] {processor.py:208} INFO - Processing /home/airflow/.local/lib/python3.12/site-packages/airflow/example_dags/example_time_delta_sensor_async.py took 0.064 seconds
[2024-12-01T02:14:07.025+0000] {processor.py:186} INFO - Started process (PID=50959) to work on /home/airflow/.local/lib/python3.12/site-packages/airflow/example_dags/example_time_delta_sensor_async.py
[2024-12-01T02:14:07.026+0000] {processor.py:914} INFO - Processing file /home/airflow/.local/lib/python3.12/site-packages/airflow/example_dags/example_time_delta_sensor_async.py for tasks to queue
[2024-12-01T02:14:07.029+0000] {logging_mixin.py:190} INFO - [2024-12-01T02:14:07.029+0000] {dagbag.py:588} INFO - Filling up the DagBag from /home/airflow/.local/lib/python3.12/site-packages/airflow/example_dags/example_time_delta_sensor_async.py
[2024-12-01T02:14:07.036+0000] {processor.py:925} INFO - DAG(s) 'example_time_delta_sensor_async' retrieved from /home/airflow/.local/lib/python3.12/site-packages/airflow/example_dags/example_time_delta_sensor_async.py
[2024-12-01T02:14:07.053+0000] {logging_mixin.py:190} INFO - [2024-12-01T02:14:07.052+0000] {dag.py:3239} INFO - Sync 1 DAGs
[2024-12-01T02:14:07.065+0000] {logging_mixin.py:190} INFO - [2024-12-01T02:14:07.065+0000] {dag.py:4180} INFO - Setting next_dagrun for example_time_delta_sensor_async to None, run_after=None
[2024-12-01T02:14:07.080+0000] {processor.py:208} INFO - Processing /home/airflow/.local/lib/python3.12/site-packages/airflow/example_dags/example_time_delta_sensor_async.py took 0.063 seconds
[2024-12-01T02:14:37.901+0000] {processor.py:186} INFO - Started process (PID=51025) to work on /home/airflow/.local/lib/python3.12/site-packages/airflow/example_dags/example_time_delta_sensor_async.py
[2024-12-01T02:14:37.902+0000] {processor.py:914} INFO - Processing file /home/airflow/.local/lib/python3.12/site-packages/airflow/example_dags/example_time_delta_sensor_async.py for tasks to queue
[2024-12-01T02:14:37.904+0000] {logging_mixin.py:190} INFO - [2024-12-01T02:14:37.904+0000] {dagbag.py:588} INFO - Filling up the DagBag from /home/airflow/.local/lib/python3.12/site-packages/airflow/example_dags/example_time_delta_sensor_async.py
[2024-12-01T02:14:37.910+0000] {processor.py:925} INFO - DAG(s) 'example_time_delta_sensor_async' retrieved from /home/airflow/.local/lib/python3.12/site-packages/airflow/example_dags/example_time_delta_sensor_async.py
[2024-12-01T02:14:37.928+0000] {logging_mixin.py:190} INFO - [2024-12-01T02:14:37.927+0000] {dag.py:3239} INFO - Sync 1 DAGs
[2024-12-01T02:14:37.941+0000] {logging_mixin.py:190} INFO - [2024-12-01T02:14:37.940+0000] {dag.py:4180} INFO - Setting next_dagrun for example_time_delta_sensor_async to None, run_after=None
[2024-12-01T02:14:37.957+0000] {processor.py:208} INFO - Processing /home/airflow/.local/lib/python3.12/site-packages/airflow/example_dags/example_time_delta_sensor_async.py took 0.062 seconds
[2024-12-01T02:15:08.865+0000] {processor.py:186} INFO - Started process (PID=51091) to work on /home/airflow/.local/lib/python3.12/site-packages/airflow/example_dags/example_time_delta_sensor_async.py
[2024-12-01T02:15:08.866+0000] {processor.py:914} INFO - Processing file /home/airflow/.local/lib/python3.12/site-packages/airflow/example_dags/example_time_delta_sensor_async.py for tasks to queue
[2024-12-01T02:15:08.869+0000] {logging_mixin.py:190} INFO - [2024-12-01T02:15:08.868+0000] {dagbag.py:588} INFO - Filling up the DagBag from /home/airflow/.local/lib/python3.12/site-packages/airflow/example_dags/example_time_delta_sensor_async.py
[2024-12-01T02:15:08.875+0000] {processor.py:925} INFO - DAG(s) 'example_time_delta_sensor_async' retrieved from /home/airflow/.local/lib/python3.12/site-packages/airflow/example_dags/example_time_delta_sensor_async.py
[2024-12-01T02:15:08.898+0000] {logging_mixin.py:190} INFO - [2024-12-01T02:15:08.898+0000] {dag.py:3239} INFO - Sync 1 DAGs
[2024-12-01T02:15:08.917+0000] {logging_mixin.py:190} INFO - [2024-12-01T02:15:08.917+0000] {dag.py:4180} INFO - Setting next_dagrun for example_time_delta_sensor_async to None, run_after=None
[2024-12-01T02:15:08.940+0000] {processor.py:208} INFO - Processing /home/airflow/.local/lib/python3.12/site-packages/airflow/example_dags/example_time_delta_sensor_async.py took 0.081 seconds
[2024-12-01T02:15:39.690+0000] {processor.py:186} INFO - Started process (PID=51157) to work on /home/airflow/.local/lib/python3.12/site-packages/airflow/example_dags/example_time_delta_sensor_async.py
[2024-12-01T02:15:39.691+0000] {processor.py:914} INFO - Processing file /home/airflow/.local/lib/python3.12/site-packages/airflow/example_dags/example_time_delta_sensor_async.py for tasks to queue
[2024-12-01T02:15:39.693+0000] {logging_mixin.py:190} INFO - [2024-12-01T02:15:39.693+0000] {dagbag.py:588} INFO - Filling up the DagBag from /home/airflow/.local/lib/python3.12/site-packages/airflow/example_dags/example_time_delta_sensor_async.py
[2024-12-01T02:15:39.699+0000] {processor.py:925} INFO - DAG(s) 'example_time_delta_sensor_async' retrieved from /home/airflow/.local/lib/python3.12/site-packages/airflow/example_dags/example_time_delta_sensor_async.py
[2024-12-01T02:15:39.715+0000] {logging_mixin.py:190} INFO - [2024-12-01T02:15:39.715+0000] {dag.py:3239} INFO - Sync 1 DAGs
[2024-12-01T02:15:39.728+0000] {logging_mixin.py:190} INFO - [2024-12-01T02:15:39.728+0000] {dag.py:4180} INFO - Setting next_dagrun for example_time_delta_sensor_async to None, run_after=None
[2024-12-01T02:15:39.744+0000] {processor.py:208} INFO - Processing /home/airflow/.local/lib/python3.12/site-packages/airflow/example_dags/example_time_delta_sensor_async.py took 0.060 seconds
[2024-12-01T02:16:10.494+0000] {processor.py:186} INFO - Started process (PID=51223) to work on /home/airflow/.local/lib/python3.12/site-packages/airflow/example_dags/example_time_delta_sensor_async.py
[2024-12-01T02:16:10.500+0000] {processor.py:914} INFO - Processing file /home/airflow/.local/lib/python3.12/site-packages/airflow/example_dags/example_time_delta_sensor_async.py for tasks to queue
[2024-12-01T02:16:10.508+0000] {logging_mixin.py:190} INFO - [2024-12-01T02:16:10.507+0000] {dagbag.py:588} INFO - Filling up the DagBag from /home/airflow/.local/lib/python3.12/site-packages/airflow/example_dags/example_time_delta_sensor_async.py
[2024-12-01T02:16:10.526+0000] {processor.py:925} INFO - DAG(s) 'example_time_delta_sensor_async' retrieved from /home/airflow/.local/lib/python3.12/site-packages/airflow/example_dags/example_time_delta_sensor_async.py
[2024-12-01T02:16:10.562+0000] {logging_mixin.py:190} INFO - [2024-12-01T02:16:10.560+0000] {dag.py:3239} INFO - Sync 1 DAGs
[2024-12-01T02:16:10.594+0000] {logging_mixin.py:190} INFO - [2024-12-01T02:16:10.593+0000] {dag.py:4180} INFO - Setting next_dagrun for example_time_delta_sensor_async to None, run_after=None
[2024-12-01T02:16:10.613+0000] {processor.py:208} INFO - Processing /home/airflow/.local/lib/python3.12/site-packages/airflow/example_dags/example_time_delta_sensor_async.py took 0.136 seconds
[2024-12-01T02:16:41.495+0000] {processor.py:186} INFO - Started process (PID=51289) to work on /home/airflow/.local/lib/python3.12/site-packages/airflow/example_dags/example_time_delta_sensor_async.py
[2024-12-01T02:16:41.496+0000] {processor.py:914} INFO - Processing file /home/airflow/.local/lib/python3.12/site-packages/airflow/example_dags/example_time_delta_sensor_async.py for tasks to queue
[2024-12-01T02:16:41.498+0000] {logging_mixin.py:190} INFO - [2024-12-01T02:16:41.497+0000] {dagbag.py:588} INFO - Filling up the DagBag from /home/airflow/.local/lib/python3.12/site-packages/airflow/example_dags/example_time_delta_sensor_async.py
[2024-12-01T02:16:41.504+0000] {processor.py:925} INFO - DAG(s) 'example_time_delta_sensor_async' retrieved from /home/airflow/.local/lib/python3.12/site-packages/airflow/example_dags/example_time_delta_sensor_async.py
[2024-12-01T02:16:41.522+0000] {logging_mixin.py:190} INFO - [2024-12-01T02:16:41.521+0000] {dag.py:3239} INFO - Sync 1 DAGs
[2024-12-01T02:16:41.535+0000] {logging_mixin.py:190} INFO - [2024-12-01T02:16:41.534+0000] {dag.py:4180} INFO - Setting next_dagrun for example_time_delta_sensor_async to None, run_after=None
[2024-12-01T02:16:41.551+0000] {processor.py:208} INFO - Processing /home/airflow/.local/lib/python3.12/site-packages/airflow/example_dags/example_time_delta_sensor_async.py took 0.061 seconds
[2024-12-01T02:17:12.429+0000] {processor.py:186} INFO - Started process (PID=51355) to work on /home/airflow/.local/lib/python3.12/site-packages/airflow/example_dags/example_time_delta_sensor_async.py
[2024-12-01T02:17:12.430+0000] {processor.py:914} INFO - Processing file /home/airflow/.local/lib/python3.12/site-packages/airflow/example_dags/example_time_delta_sensor_async.py for tasks to queue
[2024-12-01T02:17:12.432+0000] {logging_mixin.py:190} INFO - [2024-12-01T02:17:12.432+0000] {dagbag.py:588} INFO - Filling up the DagBag from /home/airflow/.local/lib/python3.12/site-packages/airflow/example_dags/example_time_delta_sensor_async.py
[2024-12-01T02:17:12.438+0000] {processor.py:925} INFO - DAG(s) 'example_time_delta_sensor_async' retrieved from /home/airflow/.local/lib/python3.12/site-packages/airflow/example_dags/example_time_delta_sensor_async.py
[2024-12-01T02:17:12.456+0000] {logging_mixin.py:190} INFO - [2024-12-01T02:17:12.456+0000] {dag.py:3239} INFO - Sync 1 DAGs
[2024-12-01T02:17:12.472+0000] {logging_mixin.py:190} INFO - [2024-12-01T02:17:12.471+0000] {dag.py:4180} INFO - Setting next_dagrun for example_time_delta_sensor_async to None, run_after=None
[2024-12-01T02:17:12.505+0000] {processor.py:208} INFO - Processing /home/airflow/.local/lib/python3.12/site-packages/airflow/example_dags/example_time_delta_sensor_async.py took 0.081 seconds
[2024-12-01T02:17:43.596+0000] {processor.py:186} INFO - Started process (PID=51421) to work on /home/airflow/.local/lib/python3.12/site-packages/airflow/example_dags/example_time_delta_sensor_async.py
[2024-12-01T02:17:43.597+0000] {processor.py:914} INFO - Processing file /home/airflow/.local/lib/python3.12/site-packages/airflow/example_dags/example_time_delta_sensor_async.py for tasks to queue
[2024-12-01T02:17:43.599+0000] {logging_mixin.py:190} INFO - [2024-12-01T02:17:43.599+0000] {dagbag.py:588} INFO - Filling up the DagBag from /home/airflow/.local/lib/python3.12/site-packages/airflow/example_dags/example_time_delta_sensor_async.py
[2024-12-01T02:17:43.605+0000] {processor.py:925} INFO - DAG(s) 'example_time_delta_sensor_async' retrieved from /home/airflow/.local/lib/python3.12/site-packages/airflow/example_dags/example_time_delta_sensor_async.py
[2024-12-01T02:17:43.622+0000] {logging_mixin.py:190} INFO - [2024-12-01T02:17:43.622+0000] {dag.py:3239} INFO - Sync 1 DAGs
[2024-12-01T02:17:43.636+0000] {logging_mixin.py:190} INFO - [2024-12-01T02:17:43.636+0000] {dag.py:4180} INFO - Setting next_dagrun for example_time_delta_sensor_async to None, run_after=None
[2024-12-01T02:17:43.653+0000] {processor.py:208} INFO - Processing /home/airflow/.local/lib/python3.12/site-packages/airflow/example_dags/example_time_delta_sensor_async.py took 0.063 seconds
[2024-12-01T02:18:14.535+0000] {processor.py:186} INFO - Started process (PID=51487) to work on /home/airflow/.local/lib/python3.12/site-packages/airflow/example_dags/example_time_delta_sensor_async.py
[2024-12-01T02:18:14.536+0000] {processor.py:914} INFO - Processing file /home/airflow/.local/lib/python3.12/site-packages/airflow/example_dags/example_time_delta_sensor_async.py for tasks to queue
[2024-12-01T02:18:14.539+0000] {logging_mixin.py:190} INFO - [2024-12-01T02:18:14.538+0000] {dagbag.py:588} INFO - Filling up the DagBag from /home/airflow/.local/lib/python3.12/site-packages/airflow/example_dags/example_time_delta_sensor_async.py
[2024-12-01T02:18:14.545+0000] {processor.py:925} INFO - DAG(s) 'example_time_delta_sensor_async' retrieved from /home/airflow/.local/lib/python3.12/site-packages/airflow/example_dags/example_time_delta_sensor_async.py
[2024-12-01T02:18:14.562+0000] {logging_mixin.py:190} INFO - [2024-12-01T02:18:14.562+0000] {dag.py:3239} INFO - Sync 1 DAGs
[2024-12-01T02:18:14.577+0000] {logging_mixin.py:190} INFO - [2024-12-01T02:18:14.577+0000] {dag.py:4180} INFO - Setting next_dagrun for example_time_delta_sensor_async to None, run_after=None
[2024-12-01T02:18:14.594+0000] {processor.py:208} INFO - Processing /home/airflow/.local/lib/python3.12/site-packages/airflow/example_dags/example_time_delta_sensor_async.py took 0.064 seconds
[2024-12-01T02:18:45.405+0000] {processor.py:186} INFO - Started process (PID=51553) to work on /home/airflow/.local/lib/python3.12/site-packages/airflow/example_dags/example_time_delta_sensor_async.py
[2024-12-01T02:18:45.406+0000] {processor.py:914} INFO - Processing file /home/airflow/.local/lib/python3.12/site-packages/airflow/example_dags/example_time_delta_sensor_async.py for tasks to queue
[2024-12-01T02:18:45.408+0000] {logging_mixin.py:190} INFO - [2024-12-01T02:18:45.408+0000] {dagbag.py:588} INFO - Filling up the DagBag from /home/airflow/.local/lib/python3.12/site-packages/airflow/example_dags/example_time_delta_sensor_async.py
[2024-12-01T02:18:45.415+0000] {processor.py:925} INFO - DAG(s) 'example_time_delta_sensor_async' retrieved from /home/airflow/.local/lib/python3.12/site-packages/airflow/example_dags/example_time_delta_sensor_async.py
[2024-12-01T02:18:45.432+0000] {logging_mixin.py:190} INFO - [2024-12-01T02:18:45.432+0000] {dag.py:3239} INFO - Sync 1 DAGs
[2024-12-01T02:18:45.445+0000] {logging_mixin.py:190} INFO - [2024-12-01T02:18:45.445+0000] {dag.py:4180} INFO - Setting next_dagrun for example_time_delta_sensor_async to None, run_after=None
[2024-12-01T02:18:45.463+0000] {processor.py:208} INFO - Processing /home/airflow/.local/lib/python3.12/site-packages/airflow/example_dags/example_time_delta_sensor_async.py took 0.063 seconds
[2024-12-01T02:19:16.330+0000] {processor.py:186} INFO - Started process (PID=51620) to work on /home/airflow/.local/lib/python3.12/site-packages/airflow/example_dags/example_time_delta_sensor_async.py
[2024-12-01T02:19:16.331+0000] {processor.py:914} INFO - Processing file /home/airflow/.local/lib/python3.12/site-packages/airflow/example_dags/example_time_delta_sensor_async.py for tasks to queue
[2024-12-01T02:19:16.334+0000] {logging_mixin.py:190} INFO - [2024-12-01T02:19:16.333+0000] {dagbag.py:588} INFO - Filling up the DagBag from /home/airflow/.local/lib/python3.12/site-packages/airflow/example_dags/example_time_delta_sensor_async.py
[2024-12-01T02:19:16.340+0000] {processor.py:925} INFO - DAG(s) 'example_time_delta_sensor_async' retrieved from /home/airflow/.local/lib/python3.12/site-packages/airflow/example_dags/example_time_delta_sensor_async.py
[2024-12-01T02:19:16.358+0000] {logging_mixin.py:190} INFO - [2024-12-01T02:19:16.358+0000] {dag.py:3239} INFO - Sync 1 DAGs
[2024-12-01T02:19:16.371+0000] {logging_mixin.py:190} INFO - [2024-12-01T02:19:16.371+0000] {dag.py:4180} INFO - Setting next_dagrun for example_time_delta_sensor_async to None, run_after=None
[2024-12-01T02:19:16.389+0000] {processor.py:208} INFO - Processing /home/airflow/.local/lib/python3.12/site-packages/airflow/example_dags/example_time_delta_sensor_async.py took 0.065 seconds
[2024-12-01T02:19:47.435+0000] {processor.py:186} INFO - Started process (PID=51686) to work on /home/airflow/.local/lib/python3.12/site-packages/airflow/example_dags/example_time_delta_sensor_async.py
[2024-12-01T02:19:47.436+0000] {processor.py:914} INFO - Processing file /home/airflow/.local/lib/python3.12/site-packages/airflow/example_dags/example_time_delta_sensor_async.py for tasks to queue
[2024-12-01T02:19:47.438+0000] {logging_mixin.py:190} INFO - [2024-12-01T02:19:47.438+0000] {dagbag.py:588} INFO - Filling up the DagBag from /home/airflow/.local/lib/python3.12/site-packages/airflow/example_dags/example_time_delta_sensor_async.py
[2024-12-01T02:19:47.445+0000] {processor.py:925} INFO - DAG(s) 'example_time_delta_sensor_async' retrieved from /home/airflow/.local/lib/python3.12/site-packages/airflow/example_dags/example_time_delta_sensor_async.py
[2024-12-01T02:19:47.462+0000] {logging_mixin.py:190} INFO - [2024-12-01T02:19:47.461+0000] {dag.py:3239} INFO - Sync 1 DAGs
[2024-12-01T02:19:47.474+0000] {logging_mixin.py:190} INFO - [2024-12-01T02:19:47.474+0000] {dag.py:4180} INFO - Setting next_dagrun for example_time_delta_sensor_async to None, run_after=None
[2024-12-01T02:19:47.491+0000] {processor.py:208} INFO - Processing /home/airflow/.local/lib/python3.12/site-packages/airflow/example_dags/example_time_delta_sensor_async.py took 0.061 seconds
[2024-12-01T02:20:18.591+0000] {processor.py:186} INFO - Started process (PID=51752) to work on /home/airflow/.local/lib/python3.12/site-packages/airflow/example_dags/example_time_delta_sensor_async.py
[2024-12-01T02:20:18.592+0000] {processor.py:914} INFO - Processing file /home/airflow/.local/lib/python3.12/site-packages/airflow/example_dags/example_time_delta_sensor_async.py for tasks to queue
[2024-12-01T02:20:18.594+0000] {logging_mixin.py:190} INFO - [2024-12-01T02:20:18.594+0000] {dagbag.py:588} INFO - Filling up the DagBag from /home/airflow/.local/lib/python3.12/site-packages/airflow/example_dags/example_time_delta_sensor_async.py
[2024-12-01T02:20:18.600+0000] {processor.py:925} INFO - DAG(s) 'example_time_delta_sensor_async' retrieved from /home/airflow/.local/lib/python3.12/site-packages/airflow/example_dags/example_time_delta_sensor_async.py
[2024-12-01T02:20:18.619+0000] {logging_mixin.py:190} INFO - [2024-12-01T02:20:18.618+0000] {dag.py:3239} INFO - Sync 1 DAGs
[2024-12-01T02:20:18.632+0000] {logging_mixin.py:190} INFO - [2024-12-01T02:20:18.631+0000] {dag.py:4180} INFO - Setting next_dagrun for example_time_delta_sensor_async to None, run_after=None
[2024-12-01T02:20:18.649+0000] {processor.py:208} INFO - Processing /home/airflow/.local/lib/python3.12/site-packages/airflow/example_dags/example_time_delta_sensor_async.py took 0.064 seconds
[2024-12-01T02:20:50.044+0000] {processor.py:186} INFO - Started process (PID=51818) to work on /home/airflow/.local/lib/python3.12/site-packages/airflow/example_dags/example_time_delta_sensor_async.py
[2024-12-01T02:20:50.045+0000] {processor.py:914} INFO - Processing file /home/airflow/.local/lib/python3.12/site-packages/airflow/example_dags/example_time_delta_sensor_async.py for tasks to queue
[2024-12-01T02:20:50.047+0000] {logging_mixin.py:190} INFO - [2024-12-01T02:20:50.047+0000] {dagbag.py:588} INFO - Filling up the DagBag from /home/airflow/.local/lib/python3.12/site-packages/airflow/example_dags/example_time_delta_sensor_async.py
[2024-12-01T02:20:50.053+0000] {processor.py:925} INFO - DAG(s) 'example_time_delta_sensor_async' retrieved from /home/airflow/.local/lib/python3.12/site-packages/airflow/example_dags/example_time_delta_sensor_async.py
[2024-12-01T02:20:50.072+0000] {logging_mixin.py:190} INFO - [2024-12-01T02:20:50.072+0000] {dag.py:3239} INFO - Sync 1 DAGs
[2024-12-01T02:20:50.087+0000] {logging_mixin.py:190} INFO - [2024-12-01T02:20:50.086+0000] {dag.py:4180} INFO - Setting next_dagrun for example_time_delta_sensor_async to None, run_after=None
[2024-12-01T02:20:50.105+0000] {processor.py:208} INFO - Processing /home/airflow/.local/lib/python3.12/site-packages/airflow/example_dags/example_time_delta_sensor_async.py took 0.066 seconds
[2024-12-01T02:21:22.227+0000] {processor.py:186} INFO - Started process (PID=51884) to work on /home/airflow/.local/lib/python3.12/site-packages/airflow/example_dags/example_time_delta_sensor_async.py
[2024-12-01T02:21:22.228+0000] {processor.py:914} INFO - Processing file /home/airflow/.local/lib/python3.12/site-packages/airflow/example_dags/example_time_delta_sensor_async.py for tasks to queue
[2024-12-01T02:21:22.230+0000] {logging_mixin.py:190} INFO - [2024-12-01T02:21:22.230+0000] {dagbag.py:588} INFO - Filling up the DagBag from /home/airflow/.local/lib/python3.12/site-packages/airflow/example_dags/example_time_delta_sensor_async.py
[2024-12-01T02:21:22.237+0000] {processor.py:925} INFO - DAG(s) 'example_time_delta_sensor_async' retrieved from /home/airflow/.local/lib/python3.12/site-packages/airflow/example_dags/example_time_delta_sensor_async.py
[2024-12-01T02:21:22.254+0000] {logging_mixin.py:190} INFO - [2024-12-01T02:21:22.254+0000] {dag.py:3239} INFO - Sync 1 DAGs
[2024-12-01T02:21:22.267+0000] {logging_mixin.py:190} INFO - [2024-12-01T02:21:22.267+0000] {dag.py:4180} INFO - Setting next_dagrun for example_time_delta_sensor_async to None, run_after=None
[2024-12-01T02:21:22.286+0000] {processor.py:208} INFO - Processing /home/airflow/.local/lib/python3.12/site-packages/airflow/example_dags/example_time_delta_sensor_async.py took 0.064 seconds
[2024-12-01T02:21:53.086+0000] {processor.py:186} INFO - Started process (PID=51950) to work on /home/airflow/.local/lib/python3.12/site-packages/airflow/example_dags/example_time_delta_sensor_async.py
[2024-12-01T02:21:53.087+0000] {processor.py:914} INFO - Processing file /home/airflow/.local/lib/python3.12/site-packages/airflow/example_dags/example_time_delta_sensor_async.py for tasks to queue
[2024-12-01T02:21:53.090+0000] {logging_mixin.py:190} INFO - [2024-12-01T02:21:53.089+0000] {dagbag.py:588} INFO - Filling up the DagBag from /home/airflow/.local/lib/python3.12/site-packages/airflow/example_dags/example_time_delta_sensor_async.py
[2024-12-01T02:21:53.096+0000] {processor.py:925} INFO - DAG(s) 'example_time_delta_sensor_async' retrieved from /home/airflow/.local/lib/python3.12/site-packages/airflow/example_dags/example_time_delta_sensor_async.py
[2024-12-01T02:21:53.114+0000] {logging_mixin.py:190} INFO - [2024-12-01T02:21:53.114+0000] {dag.py:3239} INFO - Sync 1 DAGs
[2024-12-01T02:21:53.128+0000] {logging_mixin.py:190} INFO - [2024-12-01T02:21:53.128+0000] {dag.py:4180} INFO - Setting next_dagrun for example_time_delta_sensor_async to None, run_after=None
[2024-12-01T02:21:53.311+0000] {processor.py:208} INFO - Processing /home/airflow/.local/lib/python3.12/site-packages/airflow/example_dags/example_time_delta_sensor_async.py took 0.232 seconds
[2024-12-01T02:22:23.481+0000] {processor.py:186} INFO - Started process (PID=52015) to work on /home/airflow/.local/lib/python3.12/site-packages/airflow/example_dags/example_time_delta_sensor_async.py
[2024-12-01T02:22:23.482+0000] {processor.py:914} INFO - Processing file /home/airflow/.local/lib/python3.12/site-packages/airflow/example_dags/example_time_delta_sensor_async.py for tasks to queue
[2024-12-01T02:22:23.485+0000] {logging_mixin.py:190} INFO - [2024-12-01T02:22:23.484+0000] {dagbag.py:588} INFO - Filling up the DagBag from /home/airflow/.local/lib/python3.12/site-packages/airflow/example_dags/example_time_delta_sensor_async.py
[2024-12-01T02:22:23.491+0000] {processor.py:925} INFO - DAG(s) 'example_time_delta_sensor_async' retrieved from /home/airflow/.local/lib/python3.12/site-packages/airflow/example_dags/example_time_delta_sensor_async.py
[2024-12-01T02:22:23.509+0000] {logging_mixin.py:190} INFO - [2024-12-01T02:22:23.509+0000] {dag.py:3239} INFO - Sync 1 DAGs
[2024-12-01T02:22:23.522+0000] {logging_mixin.py:190} INFO - [2024-12-01T02:22:23.522+0000] {dag.py:4180} INFO - Setting next_dagrun for example_time_delta_sensor_async to None, run_after=None
[2024-12-01T02:22:23.541+0000] {processor.py:208} INFO - Processing /home/airflow/.local/lib/python3.12/site-packages/airflow/example_dags/example_time_delta_sensor_async.py took 0.064 seconds
[2024-12-01T02:22:53.736+0000] {processor.py:186} INFO - Started process (PID=52080) to work on /home/airflow/.local/lib/python3.12/site-packages/airflow/example_dags/example_time_delta_sensor_async.py
[2024-12-01T02:22:53.737+0000] {processor.py:914} INFO - Processing file /home/airflow/.local/lib/python3.12/site-packages/airflow/example_dags/example_time_delta_sensor_async.py for tasks to queue
[2024-12-01T02:22:53.741+0000] {logging_mixin.py:190} INFO - [2024-12-01T02:22:53.741+0000] {dagbag.py:588} INFO - Filling up the DagBag from /home/airflow/.local/lib/python3.12/site-packages/airflow/example_dags/example_time_delta_sensor_async.py
[2024-12-01T02:22:53.754+0000] {processor.py:925} INFO - DAG(s) 'example_time_delta_sensor_async' retrieved from /home/airflow/.local/lib/python3.12/site-packages/airflow/example_dags/example_time_delta_sensor_async.py
[2024-12-01T02:22:53.791+0000] {logging_mixin.py:190} INFO - [2024-12-01T02:22:53.791+0000] {dag.py:3239} INFO - Sync 1 DAGs
[2024-12-01T02:22:53.807+0000] {logging_mixin.py:190} INFO - [2024-12-01T02:22:53.806+0000] {dag.py:4180} INFO - Setting next_dagrun for example_time_delta_sensor_async to None, run_after=None
[2024-12-01T02:22:53.823+0000] {processor.py:208} INFO - Processing /home/airflow/.local/lib/python3.12/site-packages/airflow/example_dags/example_time_delta_sensor_async.py took 0.096 seconds
[2024-12-01T02:23:25.319+0000] {processor.py:186} INFO - Started process (PID=52147) to work on /home/airflow/.local/lib/python3.12/site-packages/airflow/example_dags/example_time_delta_sensor_async.py
[2024-12-01T02:23:25.320+0000] {processor.py:914} INFO - Processing file /home/airflow/.local/lib/python3.12/site-packages/airflow/example_dags/example_time_delta_sensor_async.py for tasks to queue
[2024-12-01T02:23:25.322+0000] {logging_mixin.py:190} INFO - [2024-12-01T02:23:25.321+0000] {dagbag.py:588} INFO - Filling up the DagBag from /home/airflow/.local/lib/python3.12/site-packages/airflow/example_dags/example_time_delta_sensor_async.py
[2024-12-01T02:23:25.328+0000] {processor.py:925} INFO - DAG(s) 'example_time_delta_sensor_async' retrieved from /home/airflow/.local/lib/python3.12/site-packages/airflow/example_dags/example_time_delta_sensor_async.py
[2024-12-01T02:23:25.345+0000] {logging_mixin.py:190} INFO - [2024-12-01T02:23:25.345+0000] {dag.py:3239} INFO - Sync 1 DAGs
[2024-12-01T02:23:25.358+0000] {logging_mixin.py:190} INFO - [2024-12-01T02:23:25.358+0000] {dag.py:4180} INFO - Setting next_dagrun for example_time_delta_sensor_async to None, run_after=None
[2024-12-01T02:23:25.376+0000] {processor.py:208} INFO - Processing /home/airflow/.local/lib/python3.12/site-packages/airflow/example_dags/example_time_delta_sensor_async.py took 0.063 seconds
[2024-12-01T02:23:55.717+0000] {processor.py:186} INFO - Started process (PID=52213) to work on /home/airflow/.local/lib/python3.12/site-packages/airflow/example_dags/example_time_delta_sensor_async.py
[2024-12-01T02:23:55.718+0000] {processor.py:914} INFO - Processing file /home/airflow/.local/lib/python3.12/site-packages/airflow/example_dags/example_time_delta_sensor_async.py for tasks to queue
[2024-12-01T02:23:55.720+0000] {logging_mixin.py:190} INFO - [2024-12-01T02:23:55.720+0000] {dagbag.py:588} INFO - Filling up the DagBag from /home/airflow/.local/lib/python3.12/site-packages/airflow/example_dags/example_time_delta_sensor_async.py
[2024-12-01T02:23:55.726+0000] {processor.py:925} INFO - DAG(s) 'example_time_delta_sensor_async' retrieved from /home/airflow/.local/lib/python3.12/site-packages/airflow/example_dags/example_time_delta_sensor_async.py
[2024-12-01T02:23:55.743+0000] {logging_mixin.py:190} INFO - [2024-12-01T02:23:55.742+0000] {dag.py:3239} INFO - Sync 1 DAGs
[2024-12-01T02:23:55.756+0000] {logging_mixin.py:190} INFO - [2024-12-01T02:23:55.755+0000] {dag.py:4180} INFO - Setting next_dagrun for example_time_delta_sensor_async to None, run_after=None
[2024-12-01T02:23:55.771+0000] {processor.py:208} INFO - Processing /home/airflow/.local/lib/python3.12/site-packages/airflow/example_dags/example_time_delta_sensor_async.py took 0.060 seconds
[2024-12-01T02:24:27.121+0000] {processor.py:186} INFO - Started process (PID=52279) to work on /home/airflow/.local/lib/python3.12/site-packages/airflow/example_dags/example_time_delta_sensor_async.py
[2024-12-01T02:24:27.122+0000] {processor.py:914} INFO - Processing file /home/airflow/.local/lib/python3.12/site-packages/airflow/example_dags/example_time_delta_sensor_async.py for tasks to queue
[2024-12-01T02:24:27.125+0000] {logging_mixin.py:190} INFO - [2024-12-01T02:24:27.124+0000] {dagbag.py:588} INFO - Filling up the DagBag from /home/airflow/.local/lib/python3.12/site-packages/airflow/example_dags/example_time_delta_sensor_async.py
[2024-12-01T02:24:27.131+0000] {processor.py:925} INFO - DAG(s) 'example_time_delta_sensor_async' retrieved from /home/airflow/.local/lib/python3.12/site-packages/airflow/example_dags/example_time_delta_sensor_async.py
[2024-12-01T02:24:27.148+0000] {logging_mixin.py:190} INFO - [2024-12-01T02:24:27.148+0000] {dag.py:3239} INFO - Sync 1 DAGs
[2024-12-01T02:24:27.162+0000] {logging_mixin.py:190} INFO - [2024-12-01T02:24:27.162+0000] {dag.py:4180} INFO - Setting next_dagrun for example_time_delta_sensor_async to None, run_after=None
[2024-12-01T02:24:27.180+0000] {processor.py:208} INFO - Processing /home/airflow/.local/lib/python3.12/site-packages/airflow/example_dags/example_time_delta_sensor_async.py took 0.063 seconds
[2024-12-01T02:24:58.608+0000] {processor.py:186} INFO - Started process (PID=52345) to work on /home/airflow/.local/lib/python3.12/site-packages/airflow/example_dags/example_time_delta_sensor_async.py
[2024-12-01T02:24:58.609+0000] {processor.py:914} INFO - Processing file /home/airflow/.local/lib/python3.12/site-packages/airflow/example_dags/example_time_delta_sensor_async.py for tasks to queue
[2024-12-01T02:24:58.612+0000] {logging_mixin.py:190} INFO - [2024-12-01T02:24:58.611+0000] {dagbag.py:588} INFO - Filling up the DagBag from /home/airflow/.local/lib/python3.12/site-packages/airflow/example_dags/example_time_delta_sensor_async.py
[2024-12-01T02:24:58.618+0000] {processor.py:925} INFO - DAG(s) 'example_time_delta_sensor_async' retrieved from /home/airflow/.local/lib/python3.12/site-packages/airflow/example_dags/example_time_delta_sensor_async.py
[2024-12-01T02:24:58.635+0000] {logging_mixin.py:190} INFO - [2024-12-01T02:24:58.635+0000] {dag.py:3239} INFO - Sync 1 DAGs
[2024-12-01T02:24:58.648+0000] {logging_mixin.py:190} INFO - [2024-12-01T02:24:58.648+0000] {dag.py:4180} INFO - Setting next_dagrun for example_time_delta_sensor_async to None, run_after=None
[2024-12-01T02:24:58.666+0000] {processor.py:208} INFO - Processing /home/airflow/.local/lib/python3.12/site-packages/airflow/example_dags/example_time_delta_sensor_async.py took 0.063 seconds
[2024-12-01T02:25:29.107+0000] {processor.py:186} INFO - Started process (PID=52411) to work on /home/airflow/.local/lib/python3.12/site-packages/airflow/example_dags/example_time_delta_sensor_async.py
[2024-12-01T02:25:29.108+0000] {processor.py:914} INFO - Processing file /home/airflow/.local/lib/python3.12/site-packages/airflow/example_dags/example_time_delta_sensor_async.py for tasks to queue
[2024-12-01T02:25:29.111+0000] {logging_mixin.py:190} INFO - [2024-12-01T02:25:29.110+0000] {dagbag.py:588} INFO - Filling up the DagBag from /home/airflow/.local/lib/python3.12/site-packages/airflow/example_dags/example_time_delta_sensor_async.py
[2024-12-01T02:25:29.117+0000] {processor.py:925} INFO - DAG(s) 'example_time_delta_sensor_async' retrieved from /home/airflow/.local/lib/python3.12/site-packages/airflow/example_dags/example_time_delta_sensor_async.py
[2024-12-01T02:25:29.134+0000] {logging_mixin.py:190} INFO - [2024-12-01T02:25:29.134+0000] {dag.py:3239} INFO - Sync 1 DAGs
[2024-12-01T02:25:29.147+0000] {logging_mixin.py:190} INFO - [2024-12-01T02:25:29.147+0000] {dag.py:4180} INFO - Setting next_dagrun for example_time_delta_sensor_async to None, run_after=None
[2024-12-01T02:25:29.164+0000] {processor.py:208} INFO - Processing /home/airflow/.local/lib/python3.12/site-packages/airflow/example_dags/example_time_delta_sensor_async.py took 0.062 seconds
[2024-12-01T02:25:59.825+0000] {processor.py:186} INFO - Started process (PID=52483) to work on /home/airflow/.local/lib/python3.12/site-packages/airflow/example_dags/example_time_delta_sensor_async.py
[2024-12-01T02:25:59.826+0000] {processor.py:914} INFO - Processing file /home/airflow/.local/lib/python3.12/site-packages/airflow/example_dags/example_time_delta_sensor_async.py for tasks to queue
[2024-12-01T02:25:59.828+0000] {logging_mixin.py:190} INFO - [2024-12-01T02:25:59.827+0000] {dagbag.py:588} INFO - Filling up the DagBag from /home/airflow/.local/lib/python3.12/site-packages/airflow/example_dags/example_time_delta_sensor_async.py
[2024-12-01T02:25:59.834+0000] {processor.py:925} INFO - DAG(s) 'example_time_delta_sensor_async' retrieved from /home/airflow/.local/lib/python3.12/site-packages/airflow/example_dags/example_time_delta_sensor_async.py
[2024-12-01T02:25:59.850+0000] {logging_mixin.py:190} INFO - [2024-12-01T02:25:59.850+0000] {dag.py:3239} INFO - Sync 1 DAGs
[2024-12-01T02:25:59.864+0000] {logging_mixin.py:190} INFO - [2024-12-01T02:25:59.864+0000] {dag.py:4180} INFO - Setting next_dagrun for example_time_delta_sensor_async to None, run_after=None
[2024-12-01T02:25:59.880+0000] {processor.py:208} INFO - Processing /home/airflow/.local/lib/python3.12/site-packages/airflow/example_dags/example_time_delta_sensor_async.py took 0.060 seconds
[2024-12-01T02:26:30.525+0000] {processor.py:186} INFO - Started process (PID=52549) to work on /home/airflow/.local/lib/python3.12/site-packages/airflow/example_dags/example_time_delta_sensor_async.py
[2024-12-01T02:26:30.526+0000] {processor.py:914} INFO - Processing file /home/airflow/.local/lib/python3.12/site-packages/airflow/example_dags/example_time_delta_sensor_async.py for tasks to queue
[2024-12-01T02:26:30.528+0000] {logging_mixin.py:190} INFO - [2024-12-01T02:26:30.528+0000] {dagbag.py:588} INFO - Filling up the DagBag from /home/airflow/.local/lib/python3.12/site-packages/airflow/example_dags/example_time_delta_sensor_async.py
[2024-12-01T02:26:30.537+0000] {processor.py:925} INFO - DAG(s) 'example_time_delta_sensor_async' retrieved from /home/airflow/.local/lib/python3.12/site-packages/airflow/example_dags/example_time_delta_sensor_async.py
[2024-12-01T02:26:30.557+0000] {logging_mixin.py:190} INFO - [2024-12-01T02:26:30.557+0000] {dag.py:3239} INFO - Sync 1 DAGs
[2024-12-01T02:26:30.570+0000] {logging_mixin.py:190} INFO - [2024-12-01T02:26:30.570+0000] {dag.py:4180} INFO - Setting next_dagrun for example_time_delta_sensor_async to None, run_after=None
[2024-12-01T02:26:30.587+0000] {processor.py:208} INFO - Processing /home/airflow/.local/lib/python3.12/site-packages/airflow/example_dags/example_time_delta_sensor_async.py took 0.068 seconds
[2024-12-01T02:27:01.033+0000] {processor.py:186} INFO - Started process (PID=52615) to work on /home/airflow/.local/lib/python3.12/site-packages/airflow/example_dags/example_time_delta_sensor_async.py
[2024-12-01T02:27:01.034+0000] {processor.py:914} INFO - Processing file /home/airflow/.local/lib/python3.12/site-packages/airflow/example_dags/example_time_delta_sensor_async.py for tasks to queue
[2024-12-01T02:27:01.037+0000] {logging_mixin.py:190} INFO - [2024-12-01T02:27:01.036+0000] {dagbag.py:588} INFO - Filling up the DagBag from /home/airflow/.local/lib/python3.12/site-packages/airflow/example_dags/example_time_delta_sensor_async.py
[2024-12-01T02:27:01.043+0000] {processor.py:925} INFO - DAG(s) 'example_time_delta_sensor_async' retrieved from /home/airflow/.local/lib/python3.12/site-packages/airflow/example_dags/example_time_delta_sensor_async.py
[2024-12-01T02:27:01.060+0000] {logging_mixin.py:190} INFO - [2024-12-01T02:27:01.059+0000] {dag.py:3239} INFO - Sync 1 DAGs
[2024-12-01T02:27:01.073+0000] {logging_mixin.py:190} INFO - [2024-12-01T02:27:01.072+0000] {dag.py:4180} INFO - Setting next_dagrun for example_time_delta_sensor_async to None, run_after=None
[2024-12-01T02:27:01.090+0000] {processor.py:208} INFO - Processing /home/airflow/.local/lib/python3.12/site-packages/airflow/example_dags/example_time_delta_sensor_async.py took 0.062 seconds
[2024-12-01T02:27:31.502+0000] {processor.py:186} INFO - Started process (PID=52681) to work on /home/airflow/.local/lib/python3.12/site-packages/airflow/example_dags/example_time_delta_sensor_async.py
[2024-12-01T02:27:31.503+0000] {processor.py:914} INFO - Processing file /home/airflow/.local/lib/python3.12/site-packages/airflow/example_dags/example_time_delta_sensor_async.py for tasks to queue
[2024-12-01T02:27:31.506+0000] {logging_mixin.py:190} INFO - [2024-12-01T02:27:31.505+0000] {dagbag.py:588} INFO - Filling up the DagBag from /home/airflow/.local/lib/python3.12/site-packages/airflow/example_dags/example_time_delta_sensor_async.py
[2024-12-01T02:27:31.512+0000] {processor.py:925} INFO - DAG(s) 'example_time_delta_sensor_async' retrieved from /home/airflow/.local/lib/python3.12/site-packages/airflow/example_dags/example_time_delta_sensor_async.py
[2024-12-01T02:27:31.529+0000] {logging_mixin.py:190} INFO - [2024-12-01T02:27:31.528+0000] {dag.py:3239} INFO - Sync 1 DAGs
[2024-12-01T02:27:31.542+0000] {logging_mixin.py:190} INFO - [2024-12-01T02:27:31.542+0000] {dag.py:4180} INFO - Setting next_dagrun for example_time_delta_sensor_async to None, run_after=None
[2024-12-01T02:27:31.560+0000] {processor.py:208} INFO - Processing /home/airflow/.local/lib/python3.12/site-packages/airflow/example_dags/example_time_delta_sensor_async.py took 0.063 seconds
[2024-12-01T02:28:02.945+0000] {processor.py:186} INFO - Started process (PID=52747) to work on /home/airflow/.local/lib/python3.12/site-packages/airflow/example_dags/example_time_delta_sensor_async.py
[2024-12-01T02:28:02.945+0000] {processor.py:914} INFO - Processing file /home/airflow/.local/lib/python3.12/site-packages/airflow/example_dags/example_time_delta_sensor_async.py for tasks to queue
[2024-12-01T02:28:02.948+0000] {logging_mixin.py:190} INFO - [2024-12-01T02:28:02.947+0000] {dagbag.py:588} INFO - Filling up the DagBag from /home/airflow/.local/lib/python3.12/site-packages/airflow/example_dags/example_time_delta_sensor_async.py
[2024-12-01T02:28:02.954+0000] {processor.py:925} INFO - DAG(s) 'example_time_delta_sensor_async' retrieved from /home/airflow/.local/lib/python3.12/site-packages/airflow/example_dags/example_time_delta_sensor_async.py
[2024-12-01T02:28:02.971+0000] {logging_mixin.py:190} INFO - [2024-12-01T02:28:02.971+0000] {dag.py:3239} INFO - Sync 1 DAGs
[2024-12-01T02:28:02.984+0000] {logging_mixin.py:190} INFO - [2024-12-01T02:28:02.984+0000] {dag.py:4180} INFO - Setting next_dagrun for example_time_delta_sensor_async to None, run_after=None
[2024-12-01T02:28:03.001+0000] {processor.py:208} INFO - Processing /home/airflow/.local/lib/python3.12/site-packages/airflow/example_dags/example_time_delta_sensor_async.py took 0.062 seconds
[2024-12-01T02:28:33.483+0000] {processor.py:186} INFO - Started process (PID=52813) to work on /home/airflow/.local/lib/python3.12/site-packages/airflow/example_dags/example_time_delta_sensor_async.py
[2024-12-01T02:28:33.484+0000] {processor.py:914} INFO - Processing file /home/airflow/.local/lib/python3.12/site-packages/airflow/example_dags/example_time_delta_sensor_async.py for tasks to queue
[2024-12-01T02:28:33.487+0000] {logging_mixin.py:190} INFO - [2024-12-01T02:28:33.486+0000] {dagbag.py:588} INFO - Filling up the DagBag from /home/airflow/.local/lib/python3.12/site-packages/airflow/example_dags/example_time_delta_sensor_async.py
[2024-12-01T02:28:33.495+0000] {processor.py:925} INFO - DAG(s) 'example_time_delta_sensor_async' retrieved from /home/airflow/.local/lib/python3.12/site-packages/airflow/example_dags/example_time_delta_sensor_async.py
[2024-12-01T02:28:33.512+0000] {logging_mixin.py:190} INFO - [2024-12-01T02:28:33.512+0000] {dag.py:3239} INFO - Sync 1 DAGs
[2024-12-01T02:28:33.526+0000] {logging_mixin.py:190} INFO - [2024-12-01T02:28:33.526+0000] {dag.py:4180} INFO - Setting next_dagrun for example_time_delta_sensor_async to None, run_after=None
[2024-12-01T02:28:33.544+0000] {processor.py:208} INFO - Processing /home/airflow/.local/lib/python3.12/site-packages/airflow/example_dags/example_time_delta_sensor_async.py took 0.066 seconds
[2024-12-01T02:29:04.020+0000] {processor.py:186} INFO - Started process (PID=52879) to work on /home/airflow/.local/lib/python3.12/site-packages/airflow/example_dags/example_time_delta_sensor_async.py
[2024-12-01T02:29:04.021+0000] {processor.py:914} INFO - Processing file /home/airflow/.local/lib/python3.12/site-packages/airflow/example_dags/example_time_delta_sensor_async.py for tasks to queue
[2024-12-01T02:29:04.023+0000] {logging_mixin.py:190} INFO - [2024-12-01T02:29:04.023+0000] {dagbag.py:588} INFO - Filling up the DagBag from /home/airflow/.local/lib/python3.12/site-packages/airflow/example_dags/example_time_delta_sensor_async.py
[2024-12-01T02:29:04.029+0000] {processor.py:925} INFO - DAG(s) 'example_time_delta_sensor_async' retrieved from /home/airflow/.local/lib/python3.12/site-packages/airflow/example_dags/example_time_delta_sensor_async.py
[2024-12-01T02:29:04.047+0000] {logging_mixin.py:190} INFO - [2024-12-01T02:29:04.047+0000] {dag.py:3239} INFO - Sync 1 DAGs
[2024-12-01T02:29:04.061+0000] {logging_mixin.py:190} INFO - [2024-12-01T02:29:04.060+0000] {dag.py:4180} INFO - Setting next_dagrun for example_time_delta_sensor_async to None, run_after=None
[2024-12-01T02:29:04.078+0000] {processor.py:208} INFO - Processing /home/airflow/.local/lib/python3.12/site-packages/airflow/example_dags/example_time_delta_sensor_async.py took 0.063 seconds
[2024-12-01T02:29:34.757+0000] {processor.py:186} INFO - Started process (PID=52946) to work on /home/airflow/.local/lib/python3.12/site-packages/airflow/example_dags/example_time_delta_sensor_async.py
[2024-12-01T02:29:34.758+0000] {processor.py:914} INFO - Processing file /home/airflow/.local/lib/python3.12/site-packages/airflow/example_dags/example_time_delta_sensor_async.py for tasks to queue
[2024-12-01T02:29:34.761+0000] {logging_mixin.py:190} INFO - [2024-12-01T02:29:34.760+0000] {dagbag.py:588} INFO - Filling up the DagBag from /home/airflow/.local/lib/python3.12/site-packages/airflow/example_dags/example_time_delta_sensor_async.py
[2024-12-01T02:29:34.768+0000] {processor.py:925} INFO - DAG(s) 'example_time_delta_sensor_async' retrieved from /home/airflow/.local/lib/python3.12/site-packages/airflow/example_dags/example_time_delta_sensor_async.py
[2024-12-01T02:29:34.784+0000] {logging_mixin.py:190} INFO - [2024-12-01T02:29:34.784+0000] {dag.py:3239} INFO - Sync 1 DAGs
[2024-12-01T02:29:34.796+0000] {logging_mixin.py:190} INFO - [2024-12-01T02:29:34.796+0000] {dag.py:4180} INFO - Setting next_dagrun for example_time_delta_sensor_async to None, run_after=None
[2024-12-01T02:29:34.811+0000] {processor.py:208} INFO - Processing /home/airflow/.local/lib/python3.12/site-packages/airflow/example_dags/example_time_delta_sensor_async.py took 0.059 seconds
[2024-12-01T02:30:06.008+0000] {processor.py:186} INFO - Started process (PID=53012) to work on /home/airflow/.local/lib/python3.12/site-packages/airflow/example_dags/example_time_delta_sensor_async.py
[2024-12-01T02:30:06.009+0000] {processor.py:914} INFO - Processing file /home/airflow/.local/lib/python3.12/site-packages/airflow/example_dags/example_time_delta_sensor_async.py for tasks to queue
[2024-12-01T02:30:06.011+0000] {logging_mixin.py:190} INFO - [2024-12-01T02:30:06.011+0000] {dagbag.py:588} INFO - Filling up the DagBag from /home/airflow/.local/lib/python3.12/site-packages/airflow/example_dags/example_time_delta_sensor_async.py
[2024-12-01T02:30:06.017+0000] {processor.py:925} INFO - DAG(s) 'example_time_delta_sensor_async' retrieved from /home/airflow/.local/lib/python3.12/site-packages/airflow/example_dags/example_time_delta_sensor_async.py
[2024-12-01T02:30:06.034+0000] {logging_mixin.py:190} INFO - [2024-12-01T02:30:06.034+0000] {dag.py:3239} INFO - Sync 1 DAGs
[2024-12-01T02:30:06.048+0000] {logging_mixin.py:190} INFO - [2024-12-01T02:30:06.048+0000] {dag.py:4180} INFO - Setting next_dagrun for example_time_delta_sensor_async to None, run_after=None
[2024-12-01T02:30:06.064+0000] {processor.py:208} INFO - Processing /home/airflow/.local/lib/python3.12/site-packages/airflow/example_dags/example_time_delta_sensor_async.py took 0.061 seconds
[2024-12-01T02:30:36.609+0000] {processor.py:186} INFO - Started process (PID=53077) to work on /home/airflow/.local/lib/python3.12/site-packages/airflow/example_dags/example_time_delta_sensor_async.py
[2024-12-01T02:30:36.610+0000] {processor.py:914} INFO - Processing file /home/airflow/.local/lib/python3.12/site-packages/airflow/example_dags/example_time_delta_sensor_async.py for tasks to queue
[2024-12-01T02:30:36.612+0000] {logging_mixin.py:190} INFO - [2024-12-01T02:30:36.612+0000] {dagbag.py:588} INFO - Filling up the DagBag from /home/airflow/.local/lib/python3.12/site-packages/airflow/example_dags/example_time_delta_sensor_async.py
[2024-12-01T02:30:36.620+0000] {processor.py:925} INFO - DAG(s) 'example_time_delta_sensor_async' retrieved from /home/airflow/.local/lib/python3.12/site-packages/airflow/example_dags/example_time_delta_sensor_async.py
[2024-12-01T02:30:36.636+0000] {logging_mixin.py:190} INFO - [2024-12-01T02:30:36.636+0000] {dag.py:3239} INFO - Sync 1 DAGs
[2024-12-01T02:30:36.649+0000] {logging_mixin.py:190} INFO - [2024-12-01T02:30:36.649+0000] {dag.py:4180} INFO - Setting next_dagrun for example_time_delta_sensor_async to None, run_after=None
[2024-12-01T02:30:36.666+0000] {processor.py:208} INFO - Processing /home/airflow/.local/lib/python3.12/site-packages/airflow/example_dags/example_time_delta_sensor_async.py took 0.065 seconds
[2024-12-01T02:31:07.196+0000] {processor.py:186} INFO - Started process (PID=53143) to work on /home/airflow/.local/lib/python3.12/site-packages/airflow/example_dags/example_time_delta_sensor_async.py
[2024-12-01T02:31:07.197+0000] {processor.py:914} INFO - Processing file /home/airflow/.local/lib/python3.12/site-packages/airflow/example_dags/example_time_delta_sensor_async.py for tasks to queue
[2024-12-01T02:31:07.199+0000] {logging_mixin.py:190} INFO - [2024-12-01T02:31:07.199+0000] {dagbag.py:588} INFO - Filling up the DagBag from /home/airflow/.local/lib/python3.12/site-packages/airflow/example_dags/example_time_delta_sensor_async.py
[2024-12-01T02:31:07.206+0000] {processor.py:925} INFO - DAG(s) 'example_time_delta_sensor_async' retrieved from /home/airflow/.local/lib/python3.12/site-packages/airflow/example_dags/example_time_delta_sensor_async.py
[2024-12-01T02:31:07.223+0000] {logging_mixin.py:190} INFO - [2024-12-01T02:31:07.223+0000] {dag.py:3239} INFO - Sync 1 DAGs
[2024-12-01T02:31:07.237+0000] {logging_mixin.py:190} INFO - [2024-12-01T02:31:07.236+0000] {dag.py:4180} INFO - Setting next_dagrun for example_time_delta_sensor_async to None, run_after=None
[2024-12-01T02:31:07.254+0000] {processor.py:208} INFO - Processing /home/airflow/.local/lib/python3.12/site-packages/airflow/example_dags/example_time_delta_sensor_async.py took 0.063 seconds
[2024-12-01T02:31:38.583+0000] {processor.py:186} INFO - Started process (PID=53210) to work on /home/airflow/.local/lib/python3.12/site-packages/airflow/example_dags/example_time_delta_sensor_async.py
[2024-12-01T02:31:38.584+0000] {processor.py:914} INFO - Processing file /home/airflow/.local/lib/python3.12/site-packages/airflow/example_dags/example_time_delta_sensor_async.py for tasks to queue
[2024-12-01T02:31:38.586+0000] {logging_mixin.py:190} INFO - [2024-12-01T02:31:38.586+0000] {dagbag.py:588} INFO - Filling up the DagBag from /home/airflow/.local/lib/python3.12/site-packages/airflow/example_dags/example_time_delta_sensor_async.py
[2024-12-01T02:31:38.594+0000] {processor.py:925} INFO - DAG(s) 'example_time_delta_sensor_async' retrieved from /home/airflow/.local/lib/python3.12/site-packages/airflow/example_dags/example_time_delta_sensor_async.py
[2024-12-01T02:31:38.613+0000] {logging_mixin.py:190} INFO - [2024-12-01T02:31:38.613+0000] {dag.py:3239} INFO - Sync 1 DAGs
[2024-12-01T02:31:38.628+0000] {logging_mixin.py:190} INFO - [2024-12-01T02:31:38.628+0000] {dag.py:4180} INFO - Setting next_dagrun for example_time_delta_sensor_async to None, run_after=None
[2024-12-01T02:31:38.648+0000] {processor.py:208} INFO - Processing /home/airflow/.local/lib/python3.12/site-packages/airflow/example_dags/example_time_delta_sensor_async.py took 0.070 seconds
[2024-12-01T02:32:08.995+0000] {processor.py:186} INFO - Started process (PID=53275) to work on /home/airflow/.local/lib/python3.12/site-packages/airflow/example_dags/example_time_delta_sensor_async.py
[2024-12-01T02:32:08.996+0000] {processor.py:914} INFO - Processing file /home/airflow/.local/lib/python3.12/site-packages/airflow/example_dags/example_time_delta_sensor_async.py for tasks to queue
[2024-12-01T02:32:08.999+0000] {logging_mixin.py:190} INFO - [2024-12-01T02:32:08.998+0000] {dagbag.py:588} INFO - Filling up the DagBag from /home/airflow/.local/lib/python3.12/site-packages/airflow/example_dags/example_time_delta_sensor_async.py
[2024-12-01T02:32:09.005+0000] {processor.py:925} INFO - DAG(s) 'example_time_delta_sensor_async' retrieved from /home/airflow/.local/lib/python3.12/site-packages/airflow/example_dags/example_time_delta_sensor_async.py
[2024-12-01T02:32:09.023+0000] {logging_mixin.py:190} INFO - [2024-12-01T02:32:09.023+0000] {dag.py:3239} INFO - Sync 1 DAGs
[2024-12-01T02:32:09.037+0000] {logging_mixin.py:190} INFO - [2024-12-01T02:32:09.037+0000] {dag.py:4180} INFO - Setting next_dagrun for example_time_delta_sensor_async to None, run_after=None
[2024-12-01T02:32:09.053+0000] {processor.py:208} INFO - Processing /home/airflow/.local/lib/python3.12/site-packages/airflow/example_dags/example_time_delta_sensor_async.py took 0.063 seconds
[2024-12-01T02:32:40.790+0000] {processor.py:186} INFO - Started process (PID=53342) to work on /home/airflow/.local/lib/python3.12/site-packages/airflow/example_dags/example_time_delta_sensor_async.py
[2024-12-01T02:32:40.792+0000] {processor.py:914} INFO - Processing file /home/airflow/.local/lib/python3.12/site-packages/airflow/example_dags/example_time_delta_sensor_async.py for tasks to queue
[2024-12-01T02:32:40.795+0000] {logging_mixin.py:190} INFO - [2024-12-01T02:32:40.794+0000] {dagbag.py:588} INFO - Filling up the DagBag from /home/airflow/.local/lib/python3.12/site-packages/airflow/example_dags/example_time_delta_sensor_async.py
[2024-12-01T02:32:40.803+0000] {processor.py:925} INFO - DAG(s) 'example_time_delta_sensor_async' retrieved from /home/airflow/.local/lib/python3.12/site-packages/airflow/example_dags/example_time_delta_sensor_async.py
[2024-12-01T02:32:40.822+0000] {logging_mixin.py:190} INFO - [2024-12-01T02:32:40.822+0000] {dag.py:3239} INFO - Sync 1 DAGs
[2024-12-01T02:32:40.838+0000] {logging_mixin.py:190} INFO - [2024-12-01T02:32:40.838+0000] {dag.py:4180} INFO - Setting next_dagrun for example_time_delta_sensor_async to None, run_after=None
[2024-12-01T02:32:40.868+0000] {processor.py:208} INFO - Processing /home/airflow/.local/lib/python3.12/site-packages/airflow/example_dags/example_time_delta_sensor_async.py took 0.084 seconds
[2024-12-01T02:33:11.422+0000] {processor.py:186} INFO - Started process (PID=53408) to work on /home/airflow/.local/lib/python3.12/site-packages/airflow/example_dags/example_time_delta_sensor_async.py
[2024-12-01T02:33:11.423+0000] {processor.py:914} INFO - Processing file /home/airflow/.local/lib/python3.12/site-packages/airflow/example_dags/example_time_delta_sensor_async.py for tasks to queue
[2024-12-01T02:33:11.425+0000] {logging_mixin.py:190} INFO - [2024-12-01T02:33:11.425+0000] {dagbag.py:588} INFO - Filling up the DagBag from /home/airflow/.local/lib/python3.12/site-packages/airflow/example_dags/example_time_delta_sensor_async.py
[2024-12-01T02:33:11.431+0000] {processor.py:925} INFO - DAG(s) 'example_time_delta_sensor_async' retrieved from /home/airflow/.local/lib/python3.12/site-packages/airflow/example_dags/example_time_delta_sensor_async.py
[2024-12-01T02:33:11.450+0000] {logging_mixin.py:190} INFO - [2024-12-01T02:33:11.449+0000] {dag.py:3239} INFO - Sync 1 DAGs
[2024-12-01T02:33:11.462+0000] {logging_mixin.py:190} INFO - [2024-12-01T02:33:11.462+0000] {dag.py:4180} INFO - Setting next_dagrun for example_time_delta_sensor_async to None, run_after=None
[2024-12-01T02:33:11.480+0000] {processor.py:208} INFO - Processing /home/airflow/.local/lib/python3.12/site-packages/airflow/example_dags/example_time_delta_sensor_async.py took 0.064 seconds
[2024-12-01T02:33:42.183+0000] {processor.py:186} INFO - Started process (PID=53474) to work on /home/airflow/.local/lib/python3.12/site-packages/airflow/example_dags/example_time_delta_sensor_async.py
[2024-12-01T02:33:42.184+0000] {processor.py:914} INFO - Processing file /home/airflow/.local/lib/python3.12/site-packages/airflow/example_dags/example_time_delta_sensor_async.py for tasks to queue
[2024-12-01T02:33:42.187+0000] {logging_mixin.py:190} INFO - [2024-12-01T02:33:42.186+0000] {dagbag.py:588} INFO - Filling up the DagBag from /home/airflow/.local/lib/python3.12/site-packages/airflow/example_dags/example_time_delta_sensor_async.py
[2024-12-01T02:33:42.193+0000] {processor.py:925} INFO - DAG(s) 'example_time_delta_sensor_async' retrieved from /home/airflow/.local/lib/python3.12/site-packages/airflow/example_dags/example_time_delta_sensor_async.py
[2024-12-01T02:33:42.211+0000] {logging_mixin.py:190} INFO - [2024-12-01T02:33:42.211+0000] {dag.py:3239} INFO - Sync 1 DAGs
[2024-12-01T02:33:42.229+0000] {logging_mixin.py:190} INFO - [2024-12-01T02:33:42.229+0000] {dag.py:4180} INFO - Setting next_dagrun for example_time_delta_sensor_async to None, run_after=None
[2024-12-01T02:33:42.267+0000] {processor.py:208} INFO - Processing /home/airflow/.local/lib/python3.12/site-packages/airflow/example_dags/example_time_delta_sensor_async.py took 0.089 seconds
