[2024-12-01T02:10:54.544+0000] {processor.py:186} INFO - Started process (PID=50519) to work on /home/airflow/.local/lib/python3.12/site-packages/airflow/example_dags/example_params_ui_tutorial.py
[2024-12-01T02:10:54.545+0000] {processor.py:914} INFO - Processing file /home/airflow/.local/lib/python3.12/site-packages/airflow/example_dags/example_params_ui_tutorial.py for tasks to queue
[2024-12-01T02:10:54.559+0000] {logging_mixin.py:190} INFO - [2024-12-01T02:10:54.558+0000] {dagbag.py:588} INFO - Filling up the DagBag from /home/airflow/.local/lib/python3.12/site-packages/airflow/example_dags/example_params_ui_tutorial.py
[2024-12-01T02:10:54.593+0000] {processor.py:925} INFO - DAG(s) 'example_params_ui_tutorial' retrieved from /home/airflow/.local/lib/python3.12/site-packages/airflow/example_dags/example_params_ui_tutorial.py
[2024-12-01T02:10:55.155+0000] {logging_mixin.py:190} INFO - [2024-12-01T02:10:55.154+0000] {dag.py:3239} INFO - Sync 1 DAGs
[2024-12-01T02:10:55.201+0000] {logging_mixin.py:190} INFO - [2024-12-01T02:10:55.200+0000] {dag.py:4180} INFO - Setting next_dagrun for example_params_ui_tutorial to None, run_after=None
[2024-12-01T02:10:55.256+0000] {processor.py:208} INFO - Processing /home/airflow/.local/lib/python3.12/site-packages/airflow/example_dags/example_params_ui_tutorial.py took 0.728 seconds
[2024-12-01T02:11:25.571+0000] {processor.py:186} INFO - Started process (PID=50585) to work on /home/airflow/.local/lib/python3.12/site-packages/airflow/example_dags/example_params_ui_tutorial.py
[2024-12-01T02:11:25.572+0000] {processor.py:914} INFO - Processing file /home/airflow/.local/lib/python3.12/site-packages/airflow/example_dags/example_params_ui_tutorial.py for tasks to queue
[2024-12-01T02:11:25.574+0000] {logging_mixin.py:190} INFO - [2024-12-01T02:11:25.574+0000] {dagbag.py:588} INFO - Filling up the DagBag from /home/airflow/.local/lib/python3.12/site-packages/airflow/example_dags/example_params_ui_tutorial.py
[2024-12-01T02:11:25.583+0000] {processor.py:925} INFO - DAG(s) 'example_params_ui_tutorial' retrieved from /home/airflow/.local/lib/python3.12/site-packages/airflow/example_dags/example_params_ui_tutorial.py
[2024-12-01T02:11:25.625+0000] {logging_mixin.py:190} INFO - [2024-12-01T02:11:25.625+0000] {dag.py:3239} INFO - Sync 1 DAGs
[2024-12-01T02:11:25.640+0000] {logging_mixin.py:190} INFO - [2024-12-01T02:11:25.640+0000] {dag.py:4180} INFO - Setting next_dagrun for example_params_ui_tutorial to None, run_after=None
[2024-12-01T02:11:25.660+0000] {processor.py:208} INFO - Processing /home/airflow/.local/lib/python3.12/site-packages/airflow/example_dags/example_params_ui_tutorial.py took 0.094 seconds
[2024-12-01T02:11:56.421+0000] {processor.py:186} INFO - Started process (PID=50652) to work on /home/airflow/.local/lib/python3.12/site-packages/airflow/example_dags/example_params_ui_tutorial.py
[2024-12-01T02:11:56.422+0000] {processor.py:914} INFO - Processing file /home/airflow/.local/lib/python3.12/site-packages/airflow/example_dags/example_params_ui_tutorial.py for tasks to queue
[2024-12-01T02:11:56.426+0000] {logging_mixin.py:190} INFO - [2024-12-01T02:11:56.425+0000] {dagbag.py:588} INFO - Filling up the DagBag from /home/airflow/.local/lib/python3.12/site-packages/airflow/example_dags/example_params_ui_tutorial.py
[2024-12-01T02:11:56.438+0000] {processor.py:925} INFO - DAG(s) 'example_params_ui_tutorial' retrieved from /home/airflow/.local/lib/python3.12/site-packages/airflow/example_dags/example_params_ui_tutorial.py
[2024-12-01T02:11:56.482+0000] {logging_mixin.py:190} INFO - [2024-12-01T02:11:56.482+0000] {dag.py:3239} INFO - Sync 1 DAGs
[2024-12-01T02:11:56.495+0000] {logging_mixin.py:190} INFO - [2024-12-01T02:11:56.495+0000] {dag.py:4180} INFO - Setting next_dagrun for example_params_ui_tutorial to None, run_after=None
[2024-12-01T02:11:56.512+0000] {processor.py:208} INFO - Processing /home/airflow/.local/lib/python3.12/site-packages/airflow/example_dags/example_params_ui_tutorial.py took 0.096 seconds
[2024-12-01T02:12:27.003+0000] {processor.py:186} INFO - Started process (PID=50718) to work on /home/airflow/.local/lib/python3.12/site-packages/airflow/example_dags/example_params_ui_tutorial.py
[2024-12-01T02:12:27.004+0000] {processor.py:914} INFO - Processing file /home/airflow/.local/lib/python3.12/site-packages/airflow/example_dags/example_params_ui_tutorial.py for tasks to queue
[2024-12-01T02:12:27.007+0000] {logging_mixin.py:190} INFO - [2024-12-01T02:12:27.006+0000] {dagbag.py:588} INFO - Filling up the DagBag from /home/airflow/.local/lib/python3.12/site-packages/airflow/example_dags/example_params_ui_tutorial.py
[2024-12-01T02:12:27.016+0000] {processor.py:925} INFO - DAG(s) 'example_params_ui_tutorial' retrieved from /home/airflow/.local/lib/python3.12/site-packages/airflow/example_dags/example_params_ui_tutorial.py
[2024-12-01T02:12:27.060+0000] {logging_mixin.py:190} INFO - [2024-12-01T02:12:27.060+0000] {dag.py:3239} INFO - Sync 1 DAGs
[2024-12-01T02:12:27.073+0000] {logging_mixin.py:190} INFO - [2024-12-01T02:12:27.073+0000] {dag.py:4180} INFO - Setting next_dagrun for example_params_ui_tutorial to None, run_after=None
[2024-12-01T02:12:27.092+0000] {processor.py:208} INFO - Processing /home/airflow/.local/lib/python3.12/site-packages/airflow/example_dags/example_params_ui_tutorial.py took 0.096 seconds
[2024-12-01T02:12:57.647+0000] {processor.py:186} INFO - Started process (PID=50784) to work on /home/airflow/.local/lib/python3.12/site-packages/airflow/example_dags/example_params_ui_tutorial.py
[2024-12-01T02:12:57.648+0000] {processor.py:914} INFO - Processing file /home/airflow/.local/lib/python3.12/site-packages/airflow/example_dags/example_params_ui_tutorial.py for tasks to queue
[2024-12-01T02:12:57.652+0000] {logging_mixin.py:190} INFO - [2024-12-01T02:12:57.652+0000] {dagbag.py:588} INFO - Filling up the DagBag from /home/airflow/.local/lib/python3.12/site-packages/airflow/example_dags/example_params_ui_tutorial.py
[2024-12-01T02:12:57.668+0000] {processor.py:925} INFO - DAG(s) 'example_params_ui_tutorial' retrieved from /home/airflow/.local/lib/python3.12/site-packages/airflow/example_dags/example_params_ui_tutorial.py
[2024-12-01T02:12:57.752+0000] {logging_mixin.py:190} INFO - [2024-12-01T02:12:57.752+0000] {dag.py:3239} INFO - Sync 1 DAGs
[2024-12-01T02:12:57.772+0000] {logging_mixin.py:190} INFO - [2024-12-01T02:12:57.771+0000] {dag.py:4180} INFO - Setting next_dagrun for example_params_ui_tutorial to None, run_after=None
[2024-12-01T02:12:57.793+0000] {processor.py:208} INFO - Processing /home/airflow/.local/lib/python3.12/site-packages/airflow/example_dags/example_params_ui_tutorial.py took 0.155 seconds
[2024-12-01T02:13:28.453+0000] {processor.py:186} INFO - Started process (PID=50850) to work on /home/airflow/.local/lib/python3.12/site-packages/airflow/example_dags/example_params_ui_tutorial.py
[2024-12-01T02:13:28.454+0000] {processor.py:914} INFO - Processing file /home/airflow/.local/lib/python3.12/site-packages/airflow/example_dags/example_params_ui_tutorial.py for tasks to queue
[2024-12-01T02:13:28.456+0000] {logging_mixin.py:190} INFO - [2024-12-01T02:13:28.456+0000] {dagbag.py:588} INFO - Filling up the DagBag from /home/airflow/.local/lib/python3.12/site-packages/airflow/example_dags/example_params_ui_tutorial.py
[2024-12-01T02:13:28.465+0000] {processor.py:925} INFO - DAG(s) 'example_params_ui_tutorial' retrieved from /home/airflow/.local/lib/python3.12/site-packages/airflow/example_dags/example_params_ui_tutorial.py
[2024-12-01T02:13:28.508+0000] {logging_mixin.py:190} INFO - [2024-12-01T02:13:28.508+0000] {dag.py:3239} INFO - Sync 1 DAGs
[2024-12-01T02:13:28.522+0000] {logging_mixin.py:190} INFO - [2024-12-01T02:13:28.521+0000] {dag.py:4180} INFO - Setting next_dagrun for example_params_ui_tutorial to None, run_after=None
[2024-12-01T02:13:28.539+0000] {processor.py:208} INFO - Processing /home/airflow/.local/lib/python3.12/site-packages/airflow/example_dags/example_params_ui_tutorial.py took 0.092 seconds
[2024-12-01T02:13:59.172+0000] {processor.py:186} INFO - Started process (PID=50922) to work on /home/airflow/.local/lib/python3.12/site-packages/airflow/example_dags/example_params_ui_tutorial.py
[2024-12-01T02:13:59.173+0000] {processor.py:914} INFO - Processing file /home/airflow/.local/lib/python3.12/site-packages/airflow/example_dags/example_params_ui_tutorial.py for tasks to queue
[2024-12-01T02:13:59.175+0000] {logging_mixin.py:190} INFO - [2024-12-01T02:13:59.175+0000] {dagbag.py:588} INFO - Filling up the DagBag from /home/airflow/.local/lib/python3.12/site-packages/airflow/example_dags/example_params_ui_tutorial.py
[2024-12-01T02:13:59.184+0000] {processor.py:925} INFO - DAG(s) 'example_params_ui_tutorial' retrieved from /home/airflow/.local/lib/python3.12/site-packages/airflow/example_dags/example_params_ui_tutorial.py
[2024-12-01T02:13:59.227+0000] {logging_mixin.py:190} INFO - [2024-12-01T02:13:59.227+0000] {dag.py:3239} INFO - Sync 1 DAGs
[2024-12-01T02:13:59.241+0000] {logging_mixin.py:190} INFO - [2024-12-01T02:13:59.241+0000] {dag.py:4180} INFO - Setting next_dagrun for example_params_ui_tutorial to None, run_after=None
[2024-12-01T02:13:59.258+0000] {processor.py:208} INFO - Processing /home/airflow/.local/lib/python3.12/site-packages/airflow/example_dags/example_params_ui_tutorial.py took 0.092 seconds
[2024-12-01T02:14:29.483+0000] {processor.py:186} INFO - Started process (PID=50988) to work on /home/airflow/.local/lib/python3.12/site-packages/airflow/example_dags/example_params_ui_tutorial.py
[2024-12-01T02:14:29.484+0000] {processor.py:914} INFO - Processing file /home/airflow/.local/lib/python3.12/site-packages/airflow/example_dags/example_params_ui_tutorial.py for tasks to queue
[2024-12-01T02:14:29.486+0000] {logging_mixin.py:190} INFO - [2024-12-01T02:14:29.486+0000] {dagbag.py:588} INFO - Filling up the DagBag from /home/airflow/.local/lib/python3.12/site-packages/airflow/example_dags/example_params_ui_tutorial.py
[2024-12-01T02:14:29.496+0000] {processor.py:925} INFO - DAG(s) 'example_params_ui_tutorial' retrieved from /home/airflow/.local/lib/python3.12/site-packages/airflow/example_dags/example_params_ui_tutorial.py
[2024-12-01T02:14:29.540+0000] {logging_mixin.py:190} INFO - [2024-12-01T02:14:29.540+0000] {dag.py:3239} INFO - Sync 1 DAGs
[2024-12-01T02:14:29.554+0000] {logging_mixin.py:190} INFO - [2024-12-01T02:14:29.554+0000] {dag.py:4180} INFO - Setting next_dagrun for example_params_ui_tutorial to None, run_after=None
[2024-12-01T02:14:29.572+0000] {processor.py:208} INFO - Processing /home/airflow/.local/lib/python3.12/site-packages/airflow/example_dags/example_params_ui_tutorial.py took 0.094 seconds
[2024-12-01T02:15:00.241+0000] {processor.py:186} INFO - Started process (PID=51054) to work on /home/airflow/.local/lib/python3.12/site-packages/airflow/example_dags/example_params_ui_tutorial.py
[2024-12-01T02:15:00.242+0000] {processor.py:914} INFO - Processing file /home/airflow/.local/lib/python3.12/site-packages/airflow/example_dags/example_params_ui_tutorial.py for tasks to queue
[2024-12-01T02:15:00.244+0000] {logging_mixin.py:190} INFO - [2024-12-01T02:15:00.243+0000] {dagbag.py:588} INFO - Filling up the DagBag from /home/airflow/.local/lib/python3.12/site-packages/airflow/example_dags/example_params_ui_tutorial.py
[2024-12-01T02:15:00.253+0000] {processor.py:925} INFO - DAG(s) 'example_params_ui_tutorial' retrieved from /home/airflow/.local/lib/python3.12/site-packages/airflow/example_dags/example_params_ui_tutorial.py
[2024-12-01T02:15:00.296+0000] {logging_mixin.py:190} INFO - [2024-12-01T02:15:00.296+0000] {dag.py:3239} INFO - Sync 1 DAGs
[2024-12-01T02:15:00.309+0000] {logging_mixin.py:190} INFO - [2024-12-01T02:15:00.309+0000] {dag.py:4180} INFO - Setting next_dagrun for example_params_ui_tutorial to None, run_after=None
[2024-12-01T02:15:00.337+0000] {processor.py:208} INFO - Processing /home/airflow/.local/lib/python3.12/site-packages/airflow/example_dags/example_params_ui_tutorial.py took 0.103 seconds
[2024-12-01T02:15:31.261+0000] {processor.py:186} INFO - Started process (PID=51120) to work on /home/airflow/.local/lib/python3.12/site-packages/airflow/example_dags/example_params_ui_tutorial.py
[2024-12-01T02:15:31.262+0000] {processor.py:914} INFO - Processing file /home/airflow/.local/lib/python3.12/site-packages/airflow/example_dags/example_params_ui_tutorial.py for tasks to queue
[2024-12-01T02:15:31.264+0000] {logging_mixin.py:190} INFO - [2024-12-01T02:15:31.264+0000] {dagbag.py:588} INFO - Filling up the DagBag from /home/airflow/.local/lib/python3.12/site-packages/airflow/example_dags/example_params_ui_tutorial.py
[2024-12-01T02:15:31.273+0000] {processor.py:925} INFO - DAG(s) 'example_params_ui_tutorial' retrieved from /home/airflow/.local/lib/python3.12/site-packages/airflow/example_dags/example_params_ui_tutorial.py
[2024-12-01T02:15:31.315+0000] {logging_mixin.py:190} INFO - [2024-12-01T02:15:31.315+0000] {dag.py:3239} INFO - Sync 1 DAGs
[2024-12-01T02:15:31.329+0000] {logging_mixin.py:190} INFO - [2024-12-01T02:15:31.328+0000] {dag.py:4180} INFO - Setting next_dagrun for example_params_ui_tutorial to None, run_after=None
[2024-12-01T02:15:31.348+0000] {processor.py:208} INFO - Processing /home/airflow/.local/lib/python3.12/site-packages/airflow/example_dags/example_params_ui_tutorial.py took 0.093 seconds
[2024-12-01T02:16:02.230+0000] {processor.py:186} INFO - Started process (PID=51186) to work on /home/airflow/.local/lib/python3.12/site-packages/airflow/example_dags/example_params_ui_tutorial.py
[2024-12-01T02:16:02.231+0000] {processor.py:914} INFO - Processing file /home/airflow/.local/lib/python3.12/site-packages/airflow/example_dags/example_params_ui_tutorial.py for tasks to queue
[2024-12-01T02:16:02.234+0000] {logging_mixin.py:190} INFO - [2024-12-01T02:16:02.233+0000] {dagbag.py:588} INFO - Filling up the DagBag from /home/airflow/.local/lib/python3.12/site-packages/airflow/example_dags/example_params_ui_tutorial.py
[2024-12-01T02:16:02.246+0000] {processor.py:925} INFO - DAG(s) 'example_params_ui_tutorial' retrieved from /home/airflow/.local/lib/python3.12/site-packages/airflow/example_dags/example_params_ui_tutorial.py
[2024-12-01T02:16:02.292+0000] {logging_mixin.py:190} INFO - [2024-12-01T02:16:02.292+0000] {dag.py:3239} INFO - Sync 1 DAGs
[2024-12-01T02:16:02.305+0000] {logging_mixin.py:190} INFO - [2024-12-01T02:16:02.305+0000] {dag.py:4180} INFO - Setting next_dagrun for example_params_ui_tutorial to None, run_after=None
[2024-12-01T02:16:02.325+0000] {processor.py:208} INFO - Processing /home/airflow/.local/lib/python3.12/site-packages/airflow/example_dags/example_params_ui_tutorial.py took 0.100 seconds
[2024-12-01T02:16:32.854+0000] {processor.py:186} INFO - Started process (PID=51252) to work on /home/airflow/.local/lib/python3.12/site-packages/airflow/example_dags/example_params_ui_tutorial.py
[2024-12-01T02:16:32.855+0000] {processor.py:914} INFO - Processing file /home/airflow/.local/lib/python3.12/site-packages/airflow/example_dags/example_params_ui_tutorial.py for tasks to queue
[2024-12-01T02:16:32.857+0000] {logging_mixin.py:190} INFO - [2024-12-01T02:16:32.857+0000] {dagbag.py:588} INFO - Filling up the DagBag from /home/airflow/.local/lib/python3.12/site-packages/airflow/example_dags/example_params_ui_tutorial.py
[2024-12-01T02:16:32.866+0000] {processor.py:925} INFO - DAG(s) 'example_params_ui_tutorial' retrieved from /home/airflow/.local/lib/python3.12/site-packages/airflow/example_dags/example_params_ui_tutorial.py
[2024-12-01T02:16:32.908+0000] {logging_mixin.py:190} INFO - [2024-12-01T02:16:32.908+0000] {dag.py:3239} INFO - Sync 1 DAGs
[2024-12-01T02:16:32.921+0000] {logging_mixin.py:190} INFO - [2024-12-01T02:16:32.921+0000] {dag.py:4180} INFO - Setting next_dagrun for example_params_ui_tutorial to None, run_after=None
[2024-12-01T02:16:32.940+0000] {processor.py:208} INFO - Processing /home/airflow/.local/lib/python3.12/site-packages/airflow/example_dags/example_params_ui_tutorial.py took 0.093 seconds
[2024-12-01T02:17:03.082+0000] {processor.py:186} INFO - Started process (PID=51318) to work on /home/airflow/.local/lib/python3.12/site-packages/airflow/example_dags/example_params_ui_tutorial.py
[2024-12-01T02:17:03.083+0000] {processor.py:914} INFO - Processing file /home/airflow/.local/lib/python3.12/site-packages/airflow/example_dags/example_params_ui_tutorial.py for tasks to queue
[2024-12-01T02:17:03.085+0000] {logging_mixin.py:190} INFO - [2024-12-01T02:17:03.085+0000] {dagbag.py:588} INFO - Filling up the DagBag from /home/airflow/.local/lib/python3.12/site-packages/airflow/example_dags/example_params_ui_tutorial.py
[2024-12-01T02:17:03.094+0000] {processor.py:925} INFO - DAG(s) 'example_params_ui_tutorial' retrieved from /home/airflow/.local/lib/python3.12/site-packages/airflow/example_dags/example_params_ui_tutorial.py
[2024-12-01T02:17:03.137+0000] {logging_mixin.py:190} INFO - [2024-12-01T02:17:03.137+0000] {dag.py:3239} INFO - Sync 1 DAGs
[2024-12-01T02:17:03.150+0000] {logging_mixin.py:190} INFO - [2024-12-01T02:17:03.150+0000] {dag.py:4180} INFO - Setting next_dagrun for example_params_ui_tutorial to None, run_after=None
[2024-12-01T02:17:03.167+0000] {processor.py:208} INFO - Processing /home/airflow/.local/lib/python3.12/site-packages/airflow/example_dags/example_params_ui_tutorial.py took 0.090 seconds
[2024-12-01T02:17:33.929+0000] {processor.py:186} INFO - Started process (PID=51384) to work on /home/airflow/.local/lib/python3.12/site-packages/airflow/example_dags/example_params_ui_tutorial.py
[2024-12-01T02:17:33.930+0000] {processor.py:914} INFO - Processing file /home/airflow/.local/lib/python3.12/site-packages/airflow/example_dags/example_params_ui_tutorial.py for tasks to queue
[2024-12-01T02:17:33.932+0000] {logging_mixin.py:190} INFO - [2024-12-01T02:17:33.931+0000] {dagbag.py:588} INFO - Filling up the DagBag from /home/airflow/.local/lib/python3.12/site-packages/airflow/example_dags/example_params_ui_tutorial.py
[2024-12-01T02:17:33.941+0000] {processor.py:925} INFO - DAG(s) 'example_params_ui_tutorial' retrieved from /home/airflow/.local/lib/python3.12/site-packages/airflow/example_dags/example_params_ui_tutorial.py
[2024-12-01T02:17:34.032+0000] {logging_mixin.py:190} INFO - [2024-12-01T02:17:34.031+0000] {dag.py:3239} INFO - Sync 1 DAGs
[2024-12-01T02:17:34.058+0000] {logging_mixin.py:190} INFO - [2024-12-01T02:17:34.058+0000] {dag.py:4180} INFO - Setting next_dagrun for example_params_ui_tutorial to None, run_after=None
[2024-12-01T02:17:34.101+0000] {processor.py:208} INFO - Processing /home/airflow/.local/lib/python3.12/site-packages/airflow/example_dags/example_params_ui_tutorial.py took 0.178 seconds
[2024-12-01T02:18:04.158+0000] {processor.py:186} INFO - Started process (PID=51450) to work on /home/airflow/.local/lib/python3.12/site-packages/airflow/example_dags/example_params_ui_tutorial.py
[2024-12-01T02:18:04.159+0000] {processor.py:914} INFO - Processing file /home/airflow/.local/lib/python3.12/site-packages/airflow/example_dags/example_params_ui_tutorial.py for tasks to queue
[2024-12-01T02:18:04.161+0000] {logging_mixin.py:190} INFO - [2024-12-01T02:18:04.161+0000] {dagbag.py:588} INFO - Filling up the DagBag from /home/airflow/.local/lib/python3.12/site-packages/airflow/example_dags/example_params_ui_tutorial.py
[2024-12-01T02:18:04.170+0000] {processor.py:925} INFO - DAG(s) 'example_params_ui_tutorial' retrieved from /home/airflow/.local/lib/python3.12/site-packages/airflow/example_dags/example_params_ui_tutorial.py
[2024-12-01T02:18:04.214+0000] {logging_mixin.py:190} INFO - [2024-12-01T02:18:04.214+0000] {dag.py:3239} INFO - Sync 1 DAGs
[2024-12-01T02:18:04.226+0000] {logging_mixin.py:190} INFO - [2024-12-01T02:18:04.226+0000] {dag.py:4180} INFO - Setting next_dagrun for example_params_ui_tutorial to None, run_after=None
[2024-12-01T02:18:04.242+0000] {processor.py:208} INFO - Processing /home/airflow/.local/lib/python3.12/site-packages/airflow/example_dags/example_params_ui_tutorial.py took 0.091 seconds
[2024-12-01T02:18:34.974+0000] {processor.py:186} INFO - Started process (PID=51516) to work on /home/airflow/.local/lib/python3.12/site-packages/airflow/example_dags/example_params_ui_tutorial.py
[2024-12-01T02:18:34.975+0000] {processor.py:914} INFO - Processing file /home/airflow/.local/lib/python3.12/site-packages/airflow/example_dags/example_params_ui_tutorial.py for tasks to queue
[2024-12-01T02:18:34.977+0000] {logging_mixin.py:190} INFO - [2024-12-01T02:18:34.977+0000] {dagbag.py:588} INFO - Filling up the DagBag from /home/airflow/.local/lib/python3.12/site-packages/airflow/example_dags/example_params_ui_tutorial.py
[2024-12-01T02:18:34.986+0000] {processor.py:925} INFO - DAG(s) 'example_params_ui_tutorial' retrieved from /home/airflow/.local/lib/python3.12/site-packages/airflow/example_dags/example_params_ui_tutorial.py
[2024-12-01T02:18:35.030+0000] {logging_mixin.py:190} INFO - [2024-12-01T02:18:35.029+0000] {dag.py:3239} INFO - Sync 1 DAGs
[2024-12-01T02:18:35.043+0000] {logging_mixin.py:190} INFO - [2024-12-01T02:18:35.043+0000] {dag.py:4180} INFO - Setting next_dagrun for example_params_ui_tutorial to None, run_after=None
[2024-12-01T02:18:35.059+0000] {processor.py:208} INFO - Processing /home/airflow/.local/lib/python3.12/site-packages/airflow/example_dags/example_params_ui_tutorial.py took 0.090 seconds
[2024-12-01T02:19:05.778+0000] {processor.py:186} INFO - Started process (PID=51583) to work on /home/airflow/.local/lib/python3.12/site-packages/airflow/example_dags/example_params_ui_tutorial.py
[2024-12-01T02:19:05.779+0000] {processor.py:914} INFO - Processing file /home/airflow/.local/lib/python3.12/site-packages/airflow/example_dags/example_params_ui_tutorial.py for tasks to queue
[2024-12-01T02:19:05.781+0000] {logging_mixin.py:190} INFO - [2024-12-01T02:19:05.781+0000] {dagbag.py:588} INFO - Filling up the DagBag from /home/airflow/.local/lib/python3.12/site-packages/airflow/example_dags/example_params_ui_tutorial.py
[2024-12-01T02:19:05.790+0000] {processor.py:925} INFO - DAG(s) 'example_params_ui_tutorial' retrieved from /home/airflow/.local/lib/python3.12/site-packages/airflow/example_dags/example_params_ui_tutorial.py
[2024-12-01T02:19:05.834+0000] {logging_mixin.py:190} INFO - [2024-12-01T02:19:05.834+0000] {dag.py:3239} INFO - Sync 1 DAGs
[2024-12-01T02:19:05.848+0000] {logging_mixin.py:190} INFO - [2024-12-01T02:19:05.848+0000] {dag.py:4180} INFO - Setting next_dagrun for example_params_ui_tutorial to None, run_after=None
[2024-12-01T02:19:05.864+0000] {processor.py:208} INFO - Processing /home/airflow/.local/lib/python3.12/site-packages/airflow/example_dags/example_params_ui_tutorial.py took 0.092 seconds
[2024-12-01T02:19:36.067+0000] {processor.py:186} INFO - Started process (PID=51649) to work on /home/airflow/.local/lib/python3.12/site-packages/airflow/example_dags/example_params_ui_tutorial.py
[2024-12-01T02:19:36.068+0000] {processor.py:914} INFO - Processing file /home/airflow/.local/lib/python3.12/site-packages/airflow/example_dags/example_params_ui_tutorial.py for tasks to queue
[2024-12-01T02:19:36.070+0000] {logging_mixin.py:190} INFO - [2024-12-01T02:19:36.070+0000] {dagbag.py:588} INFO - Filling up the DagBag from /home/airflow/.local/lib/python3.12/site-packages/airflow/example_dags/example_params_ui_tutorial.py
[2024-12-01T02:19:36.079+0000] {processor.py:925} INFO - DAG(s) 'example_params_ui_tutorial' retrieved from /home/airflow/.local/lib/python3.12/site-packages/airflow/example_dags/example_params_ui_tutorial.py
[2024-12-01T02:19:36.123+0000] {logging_mixin.py:190} INFO - [2024-12-01T02:19:36.123+0000] {dag.py:3239} INFO - Sync 1 DAGs
[2024-12-01T02:19:36.136+0000] {logging_mixin.py:190} INFO - [2024-12-01T02:19:36.136+0000] {dag.py:4180} INFO - Setting next_dagrun for example_params_ui_tutorial to None, run_after=None
[2024-12-01T02:19:36.153+0000] {processor.py:208} INFO - Processing /home/airflow/.local/lib/python3.12/site-packages/airflow/example_dags/example_params_ui_tutorial.py took 0.091 seconds
[2024-12-01T02:20:06.906+0000] {processor.py:186} INFO - Started process (PID=51715) to work on /home/airflow/.local/lib/python3.12/site-packages/airflow/example_dags/example_params_ui_tutorial.py
[2024-12-01T02:20:06.907+0000] {processor.py:914} INFO - Processing file /home/airflow/.local/lib/python3.12/site-packages/airflow/example_dags/example_params_ui_tutorial.py for tasks to queue
[2024-12-01T02:20:06.909+0000] {logging_mixin.py:190} INFO - [2024-12-01T02:20:06.909+0000] {dagbag.py:588} INFO - Filling up the DagBag from /home/airflow/.local/lib/python3.12/site-packages/airflow/example_dags/example_params_ui_tutorial.py
[2024-12-01T02:20:06.918+0000] {processor.py:925} INFO - DAG(s) 'example_params_ui_tutorial' retrieved from /home/airflow/.local/lib/python3.12/site-packages/airflow/example_dags/example_params_ui_tutorial.py
[2024-12-01T02:20:06.959+0000] {logging_mixin.py:190} INFO - [2024-12-01T02:20:06.959+0000] {dag.py:3239} INFO - Sync 1 DAGs
[2024-12-01T02:20:06.973+0000] {logging_mixin.py:190} INFO - [2024-12-01T02:20:06.973+0000] {dag.py:4180} INFO - Setting next_dagrun for example_params_ui_tutorial to None, run_after=None
[2024-12-01T02:20:06.991+0000] {processor.py:208} INFO - Processing /home/airflow/.local/lib/python3.12/site-packages/airflow/example_dags/example_params_ui_tutorial.py took 0.091 seconds
[2024-12-01T02:20:37.043+0000] {processor.py:186} INFO - Started process (PID=51780) to work on /home/airflow/.local/lib/python3.12/site-packages/airflow/example_dags/example_params_ui_tutorial.py
[2024-12-01T02:20:37.044+0000] {processor.py:914} INFO - Processing file /home/airflow/.local/lib/python3.12/site-packages/airflow/example_dags/example_params_ui_tutorial.py for tasks to queue
[2024-12-01T02:20:37.046+0000] {logging_mixin.py:190} INFO - [2024-12-01T02:20:37.046+0000] {dagbag.py:588} INFO - Filling up the DagBag from /home/airflow/.local/lib/python3.12/site-packages/airflow/example_dags/example_params_ui_tutorial.py
[2024-12-01T02:20:37.055+0000] {processor.py:925} INFO - DAG(s) 'example_params_ui_tutorial' retrieved from /home/airflow/.local/lib/python3.12/site-packages/airflow/example_dags/example_params_ui_tutorial.py
[2024-12-01T02:20:37.098+0000] {logging_mixin.py:190} INFO - [2024-12-01T02:20:37.098+0000] {dag.py:3239} INFO - Sync 1 DAGs
[2024-12-01T02:20:37.111+0000] {logging_mixin.py:190} INFO - [2024-12-01T02:20:37.111+0000] {dag.py:4180} INFO - Setting next_dagrun for example_params_ui_tutorial to None, run_after=None
[2024-12-01T02:20:37.127+0000] {processor.py:208} INFO - Processing /home/airflow/.local/lib/python3.12/site-packages/airflow/example_dags/example_params_ui_tutorial.py took 0.090 seconds
[2024-12-01T02:21:07.393+0000] {processor.py:186} INFO - Started process (PID=51846) to work on /home/airflow/.local/lib/python3.12/site-packages/airflow/example_dags/example_params_ui_tutorial.py
[2024-12-01T02:21:07.394+0000] {processor.py:914} INFO - Processing file /home/airflow/.local/lib/python3.12/site-packages/airflow/example_dags/example_params_ui_tutorial.py for tasks to queue
[2024-12-01T02:21:07.396+0000] {logging_mixin.py:190} INFO - [2024-12-01T02:21:07.396+0000] {dagbag.py:588} INFO - Filling up the DagBag from /home/airflow/.local/lib/python3.12/site-packages/airflow/example_dags/example_params_ui_tutorial.py
[2024-12-01T02:21:07.405+0000] {processor.py:925} INFO - DAG(s) 'example_params_ui_tutorial' retrieved from /home/airflow/.local/lib/python3.12/site-packages/airflow/example_dags/example_params_ui_tutorial.py
[2024-12-01T02:21:07.454+0000] {logging_mixin.py:190} INFO - [2024-12-01T02:21:07.454+0000] {dag.py:3239} INFO - Sync 1 DAGs
[2024-12-01T02:21:07.467+0000] {logging_mixin.py:190} INFO - [2024-12-01T02:21:07.467+0000] {dag.py:4180} INFO - Setting next_dagrun for example_params_ui_tutorial to None, run_after=None
[2024-12-01T02:21:07.484+0000] {processor.py:208} INFO - Processing /home/airflow/.local/lib/python3.12/site-packages/airflow/example_dags/example_params_ui_tutorial.py took 0.096 seconds
[2024-12-01T02:21:37.545+0000] {processor.py:186} INFO - Started process (PID=51912) to work on /home/airflow/.local/lib/python3.12/site-packages/airflow/example_dags/example_params_ui_tutorial.py
[2024-12-01T02:21:37.546+0000] {processor.py:914} INFO - Processing file /home/airflow/.local/lib/python3.12/site-packages/airflow/example_dags/example_params_ui_tutorial.py for tasks to queue
[2024-12-01T02:21:37.548+0000] {logging_mixin.py:190} INFO - [2024-12-01T02:21:37.548+0000] {dagbag.py:588} INFO - Filling up the DagBag from /home/airflow/.local/lib/python3.12/site-packages/airflow/example_dags/example_params_ui_tutorial.py
[2024-12-01T02:21:37.558+0000] {processor.py:925} INFO - DAG(s) 'example_params_ui_tutorial' retrieved from /home/airflow/.local/lib/python3.12/site-packages/airflow/example_dags/example_params_ui_tutorial.py
[2024-12-01T02:21:37.600+0000] {logging_mixin.py:190} INFO - [2024-12-01T02:21:37.600+0000] {dag.py:3239} INFO - Sync 1 DAGs
[2024-12-01T02:21:37.613+0000] {logging_mixin.py:190} INFO - [2024-12-01T02:21:37.613+0000] {dag.py:4180} INFO - Setting next_dagrun for example_params_ui_tutorial to None, run_after=None
[2024-12-01T02:21:37.631+0000] {processor.py:208} INFO - Processing /home/airflow/.local/lib/python3.12/site-packages/airflow/example_dags/example_params_ui_tutorial.py took 0.091 seconds
[2024-12-01T02:22:08.768+0000] {processor.py:186} INFO - Started process (PID=51979) to work on /home/airflow/.local/lib/python3.12/site-packages/airflow/example_dags/example_params_ui_tutorial.py
[2024-12-01T02:22:08.769+0000] {processor.py:914} INFO - Processing file /home/airflow/.local/lib/python3.12/site-packages/airflow/example_dags/example_params_ui_tutorial.py for tasks to queue
[2024-12-01T02:22:08.771+0000] {logging_mixin.py:190} INFO - [2024-12-01T02:22:08.771+0000] {dagbag.py:588} INFO - Filling up the DagBag from /home/airflow/.local/lib/python3.12/site-packages/airflow/example_dags/example_params_ui_tutorial.py
[2024-12-01T02:22:08.780+0000] {processor.py:925} INFO - DAG(s) 'example_params_ui_tutorial' retrieved from /home/airflow/.local/lib/python3.12/site-packages/airflow/example_dags/example_params_ui_tutorial.py
[2024-12-01T02:22:08.825+0000] {logging_mixin.py:190} INFO - [2024-12-01T02:22:08.824+0000] {dag.py:3239} INFO - Sync 1 DAGs
[2024-12-01T02:22:08.837+0000] {logging_mixin.py:190} INFO - [2024-12-01T02:22:08.837+0000] {dag.py:4180} INFO - Setting next_dagrun for example_params_ui_tutorial to None, run_after=None
[2024-12-01T02:22:08.853+0000] {processor.py:208} INFO - Processing /home/airflow/.local/lib/python3.12/site-packages/airflow/example_dags/example_params_ui_tutorial.py took 0.090 seconds
[2024-12-01T02:22:39.252+0000] {processor.py:186} INFO - Started process (PID=52045) to work on /home/airflow/.local/lib/python3.12/site-packages/airflow/example_dags/example_params_ui_tutorial.py
[2024-12-01T02:22:39.253+0000] {processor.py:914} INFO - Processing file /home/airflow/.local/lib/python3.12/site-packages/airflow/example_dags/example_params_ui_tutorial.py for tasks to queue
[2024-12-01T02:22:39.255+0000] {logging_mixin.py:190} INFO - [2024-12-01T02:22:39.255+0000] {dagbag.py:588} INFO - Filling up the DagBag from /home/airflow/.local/lib/python3.12/site-packages/airflow/example_dags/example_params_ui_tutorial.py
[2024-12-01T02:22:39.264+0000] {processor.py:925} INFO - DAG(s) 'example_params_ui_tutorial' retrieved from /home/airflow/.local/lib/python3.12/site-packages/airflow/example_dags/example_params_ui_tutorial.py
[2024-12-01T02:22:39.320+0000] {logging_mixin.py:190} INFO - [2024-12-01T02:22:39.320+0000] {dag.py:3239} INFO - Sync 1 DAGs
[2024-12-01T02:22:39.341+0000] {logging_mixin.py:190} INFO - [2024-12-01T02:22:39.341+0000] {dag.py:4180} INFO - Setting next_dagrun for example_params_ui_tutorial to None, run_after=None
[2024-12-01T02:22:39.365+0000] {processor.py:208} INFO - Processing /home/airflow/.local/lib/python3.12/site-packages/airflow/example_dags/example_params_ui_tutorial.py took 0.119 seconds
[2024-12-01T02:23:09.785+0000] {processor.py:186} INFO - Started process (PID=52110) to work on /home/airflow/.local/lib/python3.12/site-packages/airflow/example_dags/example_params_ui_tutorial.py
[2024-12-01T02:23:09.786+0000] {processor.py:914} INFO - Processing file /home/airflow/.local/lib/python3.12/site-packages/airflow/example_dags/example_params_ui_tutorial.py for tasks to queue
[2024-12-01T02:23:09.788+0000] {logging_mixin.py:190} INFO - [2024-12-01T02:23:09.787+0000] {dagbag.py:588} INFO - Filling up the DagBag from /home/airflow/.local/lib/python3.12/site-packages/airflow/example_dags/example_params_ui_tutorial.py
[2024-12-01T02:23:09.796+0000] {processor.py:925} INFO - DAG(s) 'example_params_ui_tutorial' retrieved from /home/airflow/.local/lib/python3.12/site-packages/airflow/example_dags/example_params_ui_tutorial.py
[2024-12-01T02:23:09.842+0000] {logging_mixin.py:190} INFO - [2024-12-01T02:23:09.842+0000] {dag.py:3239} INFO - Sync 1 DAGs
[2024-12-01T02:23:09.995+0000] {logging_mixin.py:190} INFO - [2024-12-01T02:23:09.994+0000] {dag.py:4180} INFO - Setting next_dagrun for example_params_ui_tutorial to None, run_after=None
[2024-12-01T02:23:10.010+0000] {processor.py:208} INFO - Processing /home/airflow/.local/lib/python3.12/site-packages/airflow/example_dags/example_params_ui_tutorial.py took 0.230 seconds
[2024-12-01T02:23:40.932+0000] {processor.py:186} INFO - Started process (PID=52177) to work on /home/airflow/.local/lib/python3.12/site-packages/airflow/example_dags/example_params_ui_tutorial.py
[2024-12-01T02:23:40.933+0000] {processor.py:914} INFO - Processing file /home/airflow/.local/lib/python3.12/site-packages/airflow/example_dags/example_params_ui_tutorial.py for tasks to queue
[2024-12-01T02:23:40.935+0000] {logging_mixin.py:190} INFO - [2024-12-01T02:23:40.935+0000] {dagbag.py:588} INFO - Filling up the DagBag from /home/airflow/.local/lib/python3.12/site-packages/airflow/example_dags/example_params_ui_tutorial.py
[2024-12-01T02:23:40.944+0000] {processor.py:925} INFO - DAG(s) 'example_params_ui_tutorial' retrieved from /home/airflow/.local/lib/python3.12/site-packages/airflow/example_dags/example_params_ui_tutorial.py
[2024-12-01T02:23:41.012+0000] {logging_mixin.py:190} INFO - [2024-12-01T02:23:41.011+0000] {dag.py:3239} INFO - Sync 1 DAGs
[2024-12-01T02:23:41.057+0000] {logging_mixin.py:190} INFO - [2024-12-01T02:23:41.056+0000] {dag.py:4180} INFO - Setting next_dagrun for example_params_ui_tutorial to None, run_after=None
[2024-12-01T02:23:41.111+0000] {processor.py:208} INFO - Processing /home/airflow/.local/lib/python3.12/site-packages/airflow/example_dags/example_params_ui_tutorial.py took 0.184 seconds
[2024-12-01T02:24:11.170+0000] {processor.py:186} INFO - Started process (PID=52243) to work on /home/airflow/.local/lib/python3.12/site-packages/airflow/example_dags/example_params_ui_tutorial.py
[2024-12-01T02:24:11.170+0000] {processor.py:914} INFO - Processing file /home/airflow/.local/lib/python3.12/site-packages/airflow/example_dags/example_params_ui_tutorial.py for tasks to queue
[2024-12-01T02:24:11.173+0000] {logging_mixin.py:190} INFO - [2024-12-01T02:24:11.172+0000] {dagbag.py:588} INFO - Filling up the DagBag from /home/airflow/.local/lib/python3.12/site-packages/airflow/example_dags/example_params_ui_tutorial.py
[2024-12-01T02:24:11.181+0000] {processor.py:925} INFO - DAG(s) 'example_params_ui_tutorial' retrieved from /home/airflow/.local/lib/python3.12/site-packages/airflow/example_dags/example_params_ui_tutorial.py
[2024-12-01T02:24:11.223+0000] {logging_mixin.py:190} INFO - [2024-12-01T02:24:11.223+0000] {dag.py:3239} INFO - Sync 1 DAGs
[2024-12-01T02:24:11.236+0000] {logging_mixin.py:190} INFO - [2024-12-01T02:24:11.236+0000] {dag.py:4180} INFO - Setting next_dagrun for example_params_ui_tutorial to None, run_after=None
[2024-12-01T02:24:11.256+0000] {processor.py:208} INFO - Processing /home/airflow/.local/lib/python3.12/site-packages/airflow/example_dags/example_params_ui_tutorial.py took 0.092 seconds
[2024-12-01T02:24:41.755+0000] {processor.py:186} INFO - Started process (PID=52309) to work on /home/airflow/.local/lib/python3.12/site-packages/airflow/example_dags/example_params_ui_tutorial.py
[2024-12-01T02:24:41.756+0000] {processor.py:914} INFO - Processing file /home/airflow/.local/lib/python3.12/site-packages/airflow/example_dags/example_params_ui_tutorial.py for tasks to queue
[2024-12-01T02:24:41.759+0000] {logging_mixin.py:190} INFO - [2024-12-01T02:24:41.758+0000] {dagbag.py:588} INFO - Filling up the DagBag from /home/airflow/.local/lib/python3.12/site-packages/airflow/example_dags/example_params_ui_tutorial.py
[2024-12-01T02:24:41.767+0000] {processor.py:925} INFO - DAG(s) 'example_params_ui_tutorial' retrieved from /home/airflow/.local/lib/python3.12/site-packages/airflow/example_dags/example_params_ui_tutorial.py
[2024-12-01T02:24:41.810+0000] {logging_mixin.py:190} INFO - [2024-12-01T02:24:41.810+0000] {dag.py:3239} INFO - Sync 1 DAGs
[2024-12-01T02:24:41.823+0000] {logging_mixin.py:190} INFO - [2024-12-01T02:24:41.823+0000] {dag.py:4180} INFO - Setting next_dagrun for example_params_ui_tutorial to None, run_after=None
[2024-12-01T02:24:41.842+0000] {processor.py:208} INFO - Processing /home/airflow/.local/lib/python3.12/site-packages/airflow/example_dags/example_params_ui_tutorial.py took 0.092 seconds
[2024-12-01T02:25:12.180+0000] {processor.py:186} INFO - Started process (PID=52375) to work on /home/airflow/.local/lib/python3.12/site-packages/airflow/example_dags/example_params_ui_tutorial.py
[2024-12-01T02:25:12.181+0000] {processor.py:914} INFO - Processing file /home/airflow/.local/lib/python3.12/site-packages/airflow/example_dags/example_params_ui_tutorial.py for tasks to queue
[2024-12-01T02:25:12.183+0000] {logging_mixin.py:190} INFO - [2024-12-01T02:25:12.183+0000] {dagbag.py:588} INFO - Filling up the DagBag from /home/airflow/.local/lib/python3.12/site-packages/airflow/example_dags/example_params_ui_tutorial.py
[2024-12-01T02:25:12.193+0000] {processor.py:925} INFO - DAG(s) 'example_params_ui_tutorial' retrieved from /home/airflow/.local/lib/python3.12/site-packages/airflow/example_dags/example_params_ui_tutorial.py
[2024-12-01T02:25:12.235+0000] {logging_mixin.py:190} INFO - [2024-12-01T02:25:12.235+0000] {dag.py:3239} INFO - Sync 1 DAGs
[2024-12-01T02:25:12.249+0000] {logging_mixin.py:190} INFO - [2024-12-01T02:25:12.248+0000] {dag.py:4180} INFO - Setting next_dagrun for example_params_ui_tutorial to None, run_after=None
[2024-12-01T02:25:12.266+0000] {processor.py:208} INFO - Processing /home/airflow/.local/lib/python3.12/site-packages/airflow/example_dags/example_params_ui_tutorial.py took 0.091 seconds
[2024-12-01T02:25:42.712+0000] {processor.py:186} INFO - Started process (PID=52441) to work on /home/airflow/.local/lib/python3.12/site-packages/airflow/example_dags/example_params_ui_tutorial.py
[2024-12-01T02:25:42.713+0000] {processor.py:914} INFO - Processing file /home/airflow/.local/lib/python3.12/site-packages/airflow/example_dags/example_params_ui_tutorial.py for tasks to queue
[2024-12-01T02:25:42.715+0000] {logging_mixin.py:190} INFO - [2024-12-01T02:25:42.715+0000] {dagbag.py:588} INFO - Filling up the DagBag from /home/airflow/.local/lib/python3.12/site-packages/airflow/example_dags/example_params_ui_tutorial.py
[2024-12-01T02:25:42.725+0000] {processor.py:925} INFO - DAG(s) 'example_params_ui_tutorial' retrieved from /home/airflow/.local/lib/python3.12/site-packages/airflow/example_dags/example_params_ui_tutorial.py
[2024-12-01T02:25:42.767+0000] {logging_mixin.py:190} INFO - [2024-12-01T02:25:42.767+0000] {dag.py:3239} INFO - Sync 1 DAGs
[2024-12-01T02:25:42.780+0000] {logging_mixin.py:190} INFO - [2024-12-01T02:25:42.780+0000] {dag.py:4180} INFO - Setting next_dagrun for example_params_ui_tutorial to None, run_after=None
[2024-12-01T02:25:42.798+0000] {processor.py:208} INFO - Processing /home/airflow/.local/lib/python3.12/site-packages/airflow/example_dags/example_params_ui_tutorial.py took 0.091 seconds
[2024-12-01T02:26:13.405+0000] {processor.py:186} INFO - Started process (PID=52507) to work on /home/airflow/.local/lib/python3.12/site-packages/airflow/example_dags/example_params_ui_tutorial.py
[2024-12-01T02:26:13.406+0000] {processor.py:914} INFO - Processing file /home/airflow/.local/lib/python3.12/site-packages/airflow/example_dags/example_params_ui_tutorial.py for tasks to queue
[2024-12-01T02:26:13.409+0000] {logging_mixin.py:190} INFO - [2024-12-01T02:26:13.408+0000] {dagbag.py:588} INFO - Filling up the DagBag from /home/airflow/.local/lib/python3.12/site-packages/airflow/example_dags/example_params_ui_tutorial.py
[2024-12-01T02:26:13.420+0000] {processor.py:925} INFO - DAG(s) 'example_params_ui_tutorial' retrieved from /home/airflow/.local/lib/python3.12/site-packages/airflow/example_dags/example_params_ui_tutorial.py
[2024-12-01T02:26:13.472+0000] {logging_mixin.py:190} INFO - [2024-12-01T02:26:13.472+0000] {dag.py:3239} INFO - Sync 1 DAGs
[2024-12-01T02:26:13.486+0000] {logging_mixin.py:190} INFO - [2024-12-01T02:26:13.485+0000] {dag.py:4180} INFO - Setting next_dagrun for example_params_ui_tutorial to None, run_after=None
[2024-12-01T02:26:13.505+0000] {processor.py:208} INFO - Processing /home/airflow/.local/lib/python3.12/site-packages/airflow/example_dags/example_params_ui_tutorial.py took 0.106 seconds
[2024-12-01T02:26:44.000+0000] {processor.py:186} INFO - Started process (PID=52573) to work on /home/airflow/.local/lib/python3.12/site-packages/airflow/example_dags/example_params_ui_tutorial.py
[2024-12-01T02:26:44.001+0000] {processor.py:914} INFO - Processing file /home/airflow/.local/lib/python3.12/site-packages/airflow/example_dags/example_params_ui_tutorial.py for tasks to queue
[2024-12-01T02:26:44.003+0000] {logging_mixin.py:190} INFO - [2024-12-01T02:26:44.003+0000] {dagbag.py:588} INFO - Filling up the DagBag from /home/airflow/.local/lib/python3.12/site-packages/airflow/example_dags/example_params_ui_tutorial.py
[2024-12-01T02:26:44.012+0000] {processor.py:925} INFO - DAG(s) 'example_params_ui_tutorial' retrieved from /home/airflow/.local/lib/python3.12/site-packages/airflow/example_dags/example_params_ui_tutorial.py
[2024-12-01T02:26:44.063+0000] {logging_mixin.py:190} INFO - [2024-12-01T02:26:44.063+0000] {dag.py:3239} INFO - Sync 1 DAGs
[2024-12-01T02:26:44.076+0000] {logging_mixin.py:190} INFO - [2024-12-01T02:26:44.076+0000] {dag.py:4180} INFO - Setting next_dagrun for example_params_ui_tutorial to None, run_after=None
[2024-12-01T02:26:44.095+0000] {processor.py:208} INFO - Processing /home/airflow/.local/lib/python3.12/site-packages/airflow/example_dags/example_params_ui_tutorial.py took 0.100 seconds
[2024-12-01T02:27:14.551+0000] {processor.py:186} INFO - Started process (PID=52639) to work on /home/airflow/.local/lib/python3.12/site-packages/airflow/example_dags/example_params_ui_tutorial.py
[2024-12-01T02:27:14.552+0000] {processor.py:914} INFO - Processing file /home/airflow/.local/lib/python3.12/site-packages/airflow/example_dags/example_params_ui_tutorial.py for tasks to queue
[2024-12-01T02:27:14.555+0000] {logging_mixin.py:190} INFO - [2024-12-01T02:27:14.554+0000] {dagbag.py:588} INFO - Filling up the DagBag from /home/airflow/.local/lib/python3.12/site-packages/airflow/example_dags/example_params_ui_tutorial.py
[2024-12-01T02:27:14.564+0000] {processor.py:925} INFO - DAG(s) 'example_params_ui_tutorial' retrieved from /home/airflow/.local/lib/python3.12/site-packages/airflow/example_dags/example_params_ui_tutorial.py
[2024-12-01T02:27:14.607+0000] {logging_mixin.py:190} INFO - [2024-12-01T02:27:14.607+0000] {dag.py:3239} INFO - Sync 1 DAGs
[2024-12-01T02:27:14.620+0000] {logging_mixin.py:190} INFO - [2024-12-01T02:27:14.620+0000] {dag.py:4180} INFO - Setting next_dagrun for example_params_ui_tutorial to None, run_after=None
[2024-12-01T02:27:14.638+0000] {processor.py:208} INFO - Processing /home/airflow/.local/lib/python3.12/site-packages/airflow/example_dags/example_params_ui_tutorial.py took 0.095 seconds
[2024-12-01T02:27:45.001+0000] {processor.py:186} INFO - Started process (PID=52705) to work on /home/airflow/.local/lib/python3.12/site-packages/airflow/example_dags/example_params_ui_tutorial.py
[2024-12-01T02:27:45.002+0000] {processor.py:914} INFO - Processing file /home/airflow/.local/lib/python3.12/site-packages/airflow/example_dags/example_params_ui_tutorial.py for tasks to queue
[2024-12-01T02:27:45.005+0000] {logging_mixin.py:190} INFO - [2024-12-01T02:27:45.004+0000] {dagbag.py:588} INFO - Filling up the DagBag from /home/airflow/.local/lib/python3.12/site-packages/airflow/example_dags/example_params_ui_tutorial.py
[2024-12-01T02:27:45.014+0000] {processor.py:925} INFO - DAG(s) 'example_params_ui_tutorial' retrieved from /home/airflow/.local/lib/python3.12/site-packages/airflow/example_dags/example_params_ui_tutorial.py
[2024-12-01T02:27:45.056+0000] {logging_mixin.py:190} INFO - [2024-12-01T02:27:45.056+0000] {dag.py:3239} INFO - Sync 1 DAGs
[2024-12-01T02:27:45.069+0000] {logging_mixin.py:190} INFO - [2024-12-01T02:27:45.069+0000] {dag.py:4180} INFO - Setting next_dagrun for example_params_ui_tutorial to None, run_after=None
[2024-12-01T02:27:45.087+0000] {processor.py:208} INFO - Processing /home/airflow/.local/lib/python3.12/site-packages/airflow/example_dags/example_params_ui_tutorial.py took 0.093 seconds
[2024-12-01T02:28:15.398+0000] {processor.py:186} INFO - Started process (PID=52771) to work on /home/airflow/.local/lib/python3.12/site-packages/airflow/example_dags/example_params_ui_tutorial.py
[2024-12-01T02:28:15.400+0000] {processor.py:914} INFO - Processing file /home/airflow/.local/lib/python3.12/site-packages/airflow/example_dags/example_params_ui_tutorial.py for tasks to queue
[2024-12-01T02:28:15.403+0000] {logging_mixin.py:190} INFO - [2024-12-01T02:28:15.402+0000] {dagbag.py:588} INFO - Filling up the DagBag from /home/airflow/.local/lib/python3.12/site-packages/airflow/example_dags/example_params_ui_tutorial.py
[2024-12-01T02:28:15.412+0000] {processor.py:925} INFO - DAG(s) 'example_params_ui_tutorial' retrieved from /home/airflow/.local/lib/python3.12/site-packages/airflow/example_dags/example_params_ui_tutorial.py
[2024-12-01T02:28:15.455+0000] {logging_mixin.py:190} INFO - [2024-12-01T02:28:15.455+0000] {dag.py:3239} INFO - Sync 1 DAGs
[2024-12-01T02:28:15.468+0000] {logging_mixin.py:190} INFO - [2024-12-01T02:28:15.468+0000] {dag.py:4180} INFO - Setting next_dagrun for example_params_ui_tutorial to None, run_after=None
[2024-12-01T02:28:15.484+0000] {processor.py:208} INFO - Processing /home/airflow/.local/lib/python3.12/site-packages/airflow/example_dags/example_params_ui_tutorial.py took 0.094 seconds
[2024-12-01T02:28:45.986+0000] {processor.py:186} INFO - Started process (PID=52837) to work on /home/airflow/.local/lib/python3.12/site-packages/airflow/example_dags/example_params_ui_tutorial.py
[2024-12-01T02:28:45.987+0000] {processor.py:914} INFO - Processing file /home/airflow/.local/lib/python3.12/site-packages/airflow/example_dags/example_params_ui_tutorial.py for tasks to queue
[2024-12-01T02:28:45.990+0000] {logging_mixin.py:190} INFO - [2024-12-01T02:28:45.989+0000] {dagbag.py:588} INFO - Filling up the DagBag from /home/airflow/.local/lib/python3.12/site-packages/airflow/example_dags/example_params_ui_tutorial.py
[2024-12-01T02:28:46.000+0000] {processor.py:925} INFO - DAG(s) 'example_params_ui_tutorial' retrieved from /home/airflow/.local/lib/python3.12/site-packages/airflow/example_dags/example_params_ui_tutorial.py
[2024-12-01T02:28:46.043+0000] {logging_mixin.py:190} INFO - [2024-12-01T02:28:46.042+0000] {dag.py:3239} INFO - Sync 1 DAGs
[2024-12-01T02:28:46.056+0000] {logging_mixin.py:190} INFO - [2024-12-01T02:28:46.056+0000] {dag.py:4180} INFO - Setting next_dagrun for example_params_ui_tutorial to None, run_after=None
[2024-12-01T02:28:46.075+0000] {processor.py:208} INFO - Processing /home/airflow/.local/lib/python3.12/site-packages/airflow/example_dags/example_params_ui_tutorial.py took 0.096 seconds
[2024-12-01T02:29:16.517+0000] {processor.py:186} INFO - Started process (PID=52903) to work on /home/airflow/.local/lib/python3.12/site-packages/airflow/example_dags/example_params_ui_tutorial.py
[2024-12-01T02:29:16.518+0000] {processor.py:914} INFO - Processing file /home/airflow/.local/lib/python3.12/site-packages/airflow/example_dags/example_params_ui_tutorial.py for tasks to queue
[2024-12-01T02:29:16.521+0000] {logging_mixin.py:190} INFO - [2024-12-01T02:29:16.521+0000] {dagbag.py:588} INFO - Filling up the DagBag from /home/airflow/.local/lib/python3.12/site-packages/airflow/example_dags/example_params_ui_tutorial.py
[2024-12-01T02:29:16.534+0000] {processor.py:925} INFO - DAG(s) 'example_params_ui_tutorial' retrieved from /home/airflow/.local/lib/python3.12/site-packages/airflow/example_dags/example_params_ui_tutorial.py
[2024-12-01T02:29:16.578+0000] {logging_mixin.py:190} INFO - [2024-12-01T02:29:16.578+0000] {dag.py:3239} INFO - Sync 1 DAGs
[2024-12-01T02:29:16.592+0000] {logging_mixin.py:190} INFO - [2024-12-01T02:29:16.592+0000] {dag.py:4180} INFO - Setting next_dagrun for example_params_ui_tutorial to None, run_after=None
[2024-12-01T02:29:16.609+0000] {processor.py:208} INFO - Processing /home/airflow/.local/lib/python3.12/site-packages/airflow/example_dags/example_params_ui_tutorial.py took 0.098 seconds
[2024-12-01T02:29:47.054+0000] {processor.py:186} INFO - Started process (PID=52969) to work on /home/airflow/.local/lib/python3.12/site-packages/airflow/example_dags/example_params_ui_tutorial.py
[2024-12-01T02:29:47.055+0000] {processor.py:914} INFO - Processing file /home/airflow/.local/lib/python3.12/site-packages/airflow/example_dags/example_params_ui_tutorial.py for tasks to queue
[2024-12-01T02:29:47.057+0000] {logging_mixin.py:190} INFO - [2024-12-01T02:29:47.056+0000] {dagbag.py:588} INFO - Filling up the DagBag from /home/airflow/.local/lib/python3.12/site-packages/airflow/example_dags/example_params_ui_tutorial.py
[2024-12-01T02:29:47.067+0000] {processor.py:925} INFO - DAG(s) 'example_params_ui_tutorial' retrieved from /home/airflow/.local/lib/python3.12/site-packages/airflow/example_dags/example_params_ui_tutorial.py
[2024-12-01T02:29:47.118+0000] {logging_mixin.py:190} INFO - [2024-12-01T02:29:47.117+0000] {dag.py:3239} INFO - Sync 1 DAGs
[2024-12-01T02:29:47.132+0000] {logging_mixin.py:190} INFO - [2024-12-01T02:29:47.132+0000] {dag.py:4180} INFO - Setting next_dagrun for example_params_ui_tutorial to None, run_after=None
[2024-12-01T02:29:47.153+0000] {processor.py:208} INFO - Processing /home/airflow/.local/lib/python3.12/site-packages/airflow/example_dags/example_params_ui_tutorial.py took 0.104 seconds
[2024-12-01T02:30:17.449+0000] {processor.py:186} INFO - Started process (PID=53035) to work on /home/airflow/.local/lib/python3.12/site-packages/airflow/example_dags/example_params_ui_tutorial.py
[2024-12-01T02:30:17.451+0000] {processor.py:914} INFO - Processing file /home/airflow/.local/lib/python3.12/site-packages/airflow/example_dags/example_params_ui_tutorial.py for tasks to queue
[2024-12-01T02:30:17.455+0000] {logging_mixin.py:190} INFO - [2024-12-01T02:30:17.454+0000] {dagbag.py:588} INFO - Filling up the DagBag from /home/airflow/.local/lib/python3.12/site-packages/airflow/example_dags/example_params_ui_tutorial.py
[2024-12-01T02:30:17.468+0000] {processor.py:925} INFO - DAG(s) 'example_params_ui_tutorial' retrieved from /home/airflow/.local/lib/python3.12/site-packages/airflow/example_dags/example_params_ui_tutorial.py
[2024-12-01T02:30:17.512+0000] {logging_mixin.py:190} INFO - [2024-12-01T02:30:17.511+0000] {dag.py:3239} INFO - Sync 1 DAGs
[2024-12-01T02:30:17.525+0000] {logging_mixin.py:190} INFO - [2024-12-01T02:30:17.525+0000] {dag.py:4180} INFO - Setting next_dagrun for example_params_ui_tutorial to None, run_after=None
[2024-12-01T02:30:17.541+0000] {processor.py:208} INFO - Processing /home/airflow/.local/lib/python3.12/site-packages/airflow/example_dags/example_params_ui_tutorial.py took 0.100 seconds
[2024-12-01T02:30:48.254+0000] {processor.py:186} INFO - Started process (PID=53101) to work on /home/airflow/.local/lib/python3.12/site-packages/airflow/example_dags/example_params_ui_tutorial.py
[2024-12-01T02:30:48.255+0000] {processor.py:914} INFO - Processing file /home/airflow/.local/lib/python3.12/site-packages/airflow/example_dags/example_params_ui_tutorial.py for tasks to queue
[2024-12-01T02:30:48.257+0000] {logging_mixin.py:190} INFO - [2024-12-01T02:30:48.257+0000] {dagbag.py:588} INFO - Filling up the DagBag from /home/airflow/.local/lib/python3.12/site-packages/airflow/example_dags/example_params_ui_tutorial.py
[2024-12-01T02:30:48.267+0000] {processor.py:925} INFO - DAG(s) 'example_params_ui_tutorial' retrieved from /home/airflow/.local/lib/python3.12/site-packages/airflow/example_dags/example_params_ui_tutorial.py
[2024-12-01T02:30:48.315+0000] {logging_mixin.py:190} INFO - [2024-12-01T02:30:48.315+0000] {dag.py:3239} INFO - Sync 1 DAGs
[2024-12-01T02:30:48.329+0000] {logging_mixin.py:190} INFO - [2024-12-01T02:30:48.329+0000] {dag.py:4180} INFO - Setting next_dagrun for example_params_ui_tutorial to None, run_after=None
[2024-12-01T02:30:48.346+0000] {processor.py:208} INFO - Processing /home/airflow/.local/lib/python3.12/site-packages/airflow/example_dags/example_params_ui_tutorial.py took 0.097 seconds
[2024-12-01T02:31:18.552+0000] {processor.py:186} INFO - Started process (PID=53167) to work on /home/airflow/.local/lib/python3.12/site-packages/airflow/example_dags/example_params_ui_tutorial.py
[2024-12-01T02:31:18.553+0000] {processor.py:914} INFO - Processing file /home/airflow/.local/lib/python3.12/site-packages/airflow/example_dags/example_params_ui_tutorial.py for tasks to queue
[2024-12-01T02:31:18.555+0000] {logging_mixin.py:190} INFO - [2024-12-01T02:31:18.555+0000] {dagbag.py:588} INFO - Filling up the DagBag from /home/airflow/.local/lib/python3.12/site-packages/airflow/example_dags/example_params_ui_tutorial.py
[2024-12-01T02:31:18.564+0000] {processor.py:925} INFO - DAG(s) 'example_params_ui_tutorial' retrieved from /home/airflow/.local/lib/python3.12/site-packages/airflow/example_dags/example_params_ui_tutorial.py
[2024-12-01T02:31:18.616+0000] {logging_mixin.py:190} INFO - [2024-12-01T02:31:18.615+0000] {dag.py:3239} INFO - Sync 1 DAGs
[2024-12-01T02:31:18.629+0000] {logging_mixin.py:190} INFO - [2024-12-01T02:31:18.629+0000] {dag.py:4180} INFO - Setting next_dagrun for example_params_ui_tutorial to None, run_after=None
[2024-12-01T02:31:18.647+0000] {processor.py:208} INFO - Processing /home/airflow/.local/lib/python3.12/site-packages/airflow/example_dags/example_params_ui_tutorial.py took 0.100 seconds
[2024-12-01T02:31:48.945+0000] {processor.py:186} INFO - Started process (PID=53233) to work on /home/airflow/.local/lib/python3.12/site-packages/airflow/example_dags/example_params_ui_tutorial.py
[2024-12-01T02:31:48.946+0000] {processor.py:914} INFO - Processing file /home/airflow/.local/lib/python3.12/site-packages/airflow/example_dags/example_params_ui_tutorial.py for tasks to queue
[2024-12-01T02:31:48.948+0000] {logging_mixin.py:190} INFO - [2024-12-01T02:31:48.948+0000] {dagbag.py:588} INFO - Filling up the DagBag from /home/airflow/.local/lib/python3.12/site-packages/airflow/example_dags/example_params_ui_tutorial.py
[2024-12-01T02:31:48.957+0000] {processor.py:925} INFO - DAG(s) 'example_params_ui_tutorial' retrieved from /home/airflow/.local/lib/python3.12/site-packages/airflow/example_dags/example_params_ui_tutorial.py
[2024-12-01T02:31:48.999+0000] {logging_mixin.py:190} INFO - [2024-12-01T02:31:48.999+0000] {dag.py:3239} INFO - Sync 1 DAGs
[2024-12-01T02:31:49.012+0000] {logging_mixin.py:190} INFO - [2024-12-01T02:31:49.012+0000] {dag.py:4180} INFO - Setting next_dagrun for example_params_ui_tutorial to None, run_after=None
[2024-12-01T02:31:49.029+0000] {processor.py:208} INFO - Processing /home/airflow/.local/lib/python3.12/site-packages/airflow/example_dags/example_params_ui_tutorial.py took 0.089 seconds
[2024-12-01T02:32:19.439+0000] {processor.py:186} INFO - Started process (PID=53299) to work on /home/airflow/.local/lib/python3.12/site-packages/airflow/example_dags/example_params_ui_tutorial.py
[2024-12-01T02:32:19.440+0000] {processor.py:914} INFO - Processing file /home/airflow/.local/lib/python3.12/site-packages/airflow/example_dags/example_params_ui_tutorial.py for tasks to queue
[2024-12-01T02:32:19.442+0000] {logging_mixin.py:190} INFO - [2024-12-01T02:32:19.442+0000] {dagbag.py:588} INFO - Filling up the DagBag from /home/airflow/.local/lib/python3.12/site-packages/airflow/example_dags/example_params_ui_tutorial.py
[2024-12-01T02:32:19.452+0000] {processor.py:925} INFO - DAG(s) 'example_params_ui_tutorial' retrieved from /home/airflow/.local/lib/python3.12/site-packages/airflow/example_dags/example_params_ui_tutorial.py
[2024-12-01T02:32:19.495+0000] {logging_mixin.py:190} INFO - [2024-12-01T02:32:19.495+0000] {dag.py:3239} INFO - Sync 1 DAGs
[2024-12-01T02:32:19.509+0000] {logging_mixin.py:190} INFO - [2024-12-01T02:32:19.509+0000] {dag.py:4180} INFO - Setting next_dagrun for example_params_ui_tutorial to None, run_after=None
[2024-12-01T02:32:19.530+0000] {processor.py:208} INFO - Processing /home/airflow/.local/lib/python3.12/site-packages/airflow/example_dags/example_params_ui_tutorial.py took 0.098 seconds
[2024-12-01T02:32:49.749+0000] {processor.py:186} INFO - Started process (PID=53365) to work on /home/airflow/.local/lib/python3.12/site-packages/airflow/example_dags/example_params_ui_tutorial.py
[2024-12-01T02:32:49.750+0000] {processor.py:914} INFO - Processing file /home/airflow/.local/lib/python3.12/site-packages/airflow/example_dags/example_params_ui_tutorial.py for tasks to queue
[2024-12-01T02:32:49.753+0000] {logging_mixin.py:190} INFO - [2024-12-01T02:32:49.753+0000] {dagbag.py:588} INFO - Filling up the DagBag from /home/airflow/.local/lib/python3.12/site-packages/airflow/example_dags/example_params_ui_tutorial.py
[2024-12-01T02:32:49.765+0000] {processor.py:925} INFO - DAG(s) 'example_params_ui_tutorial' retrieved from /home/airflow/.local/lib/python3.12/site-packages/airflow/example_dags/example_params_ui_tutorial.py
[2024-12-01T02:32:49.833+0000] {logging_mixin.py:190} INFO - [2024-12-01T02:32:49.833+0000] {dag.py:3239} INFO - Sync 1 DAGs
[2024-12-01T02:32:49.856+0000] {logging_mixin.py:190} INFO - [2024-12-01T02:32:49.855+0000] {dag.py:4180} INFO - Setting next_dagrun for example_params_ui_tutorial to None, run_after=None
[2024-12-01T02:32:49.891+0000] {processor.py:208} INFO - Processing /home/airflow/.local/lib/python3.12/site-packages/airflow/example_dags/example_params_ui_tutorial.py took 0.149 seconds
[2024-12-01T02:33:20.752+0000] {processor.py:186} INFO - Started process (PID=53431) to work on /home/airflow/.local/lib/python3.12/site-packages/airflow/example_dags/example_params_ui_tutorial.py
[2024-12-01T02:33:20.753+0000] {processor.py:914} INFO - Processing file /home/airflow/.local/lib/python3.12/site-packages/airflow/example_dags/example_params_ui_tutorial.py for tasks to queue
[2024-12-01T02:33:20.758+0000] {logging_mixin.py:190} INFO - [2024-12-01T02:33:20.756+0000] {dagbag.py:588} INFO - Filling up the DagBag from /home/airflow/.local/lib/python3.12/site-packages/airflow/example_dags/example_params_ui_tutorial.py
[2024-12-01T02:33:20.784+0000] {processor.py:925} INFO - DAG(s) 'example_params_ui_tutorial' retrieved from /home/airflow/.local/lib/python3.12/site-packages/airflow/example_dags/example_params_ui_tutorial.py
[2024-12-01T02:33:20.866+0000] {logging_mixin.py:190} INFO - [2024-12-01T02:33:20.866+0000] {dag.py:3239} INFO - Sync 1 DAGs
[2024-12-01T02:33:20.883+0000] {logging_mixin.py:190} INFO - [2024-12-01T02:33:20.883+0000] {dag.py:4180} INFO - Setting next_dagrun for example_params_ui_tutorial to None, run_after=None
[2024-12-01T02:33:20.905+0000] {processor.py:208} INFO - Processing /home/airflow/.local/lib/python3.12/site-packages/airflow/example_dags/example_params_ui_tutorial.py took 0.161 seconds
[2024-12-01T02:33:51.622+0000] {processor.py:186} INFO - Started process (PID=53497) to work on /home/airflow/.local/lib/python3.12/site-packages/airflow/example_dags/example_params_ui_tutorial.py
[2024-12-01T02:33:51.623+0000] {processor.py:914} INFO - Processing file /home/airflow/.local/lib/python3.12/site-packages/airflow/example_dags/example_params_ui_tutorial.py for tasks to queue
[2024-12-01T02:33:51.625+0000] {logging_mixin.py:190} INFO - [2024-12-01T02:33:51.625+0000] {dagbag.py:588} INFO - Filling up the DagBag from /home/airflow/.local/lib/python3.12/site-packages/airflow/example_dags/example_params_ui_tutorial.py
[2024-12-01T02:33:51.634+0000] {processor.py:925} INFO - DAG(s) 'example_params_ui_tutorial' retrieved from /home/airflow/.local/lib/python3.12/site-packages/airflow/example_dags/example_params_ui_tutorial.py
[2024-12-01T02:33:51.680+0000] {logging_mixin.py:190} INFO - [2024-12-01T02:33:51.680+0000] {dag.py:3239} INFO - Sync 1 DAGs
[2024-12-01T02:33:51.698+0000] {logging_mixin.py:190} INFO - [2024-12-01T02:33:51.698+0000] {dag.py:4180} INFO - Setting next_dagrun for example_params_ui_tutorial to None, run_after=None
[2024-12-01T02:33:51.718+0000] {processor.py:208} INFO - Processing /home/airflow/.local/lib/python3.12/site-packages/airflow/example_dags/example_params_ui_tutorial.py took 0.101 seconds
[2024-12-01T02:34:22.280+0000] {processor.py:186} INFO - Started process (PID=53563) to work on /home/airflow/.local/lib/python3.12/site-packages/airflow/example_dags/example_params_ui_tutorial.py
[2024-12-01T02:34:22.281+0000] {processor.py:914} INFO - Processing file /home/airflow/.local/lib/python3.12/site-packages/airflow/example_dags/example_params_ui_tutorial.py for tasks to queue
[2024-12-01T02:34:22.284+0000] {logging_mixin.py:190} INFO - [2024-12-01T02:34:22.283+0000] {dagbag.py:588} INFO - Filling up the DagBag from /home/airflow/.local/lib/python3.12/site-packages/airflow/example_dags/example_params_ui_tutorial.py
[2024-12-01T02:34:22.293+0000] {processor.py:925} INFO - DAG(s) 'example_params_ui_tutorial' retrieved from /home/airflow/.local/lib/python3.12/site-packages/airflow/example_dags/example_params_ui_tutorial.py
[2024-12-01T02:34:22.338+0000] {logging_mixin.py:190} INFO - [2024-12-01T02:34:22.338+0000] {dag.py:3239} INFO - Sync 1 DAGs
[2024-12-01T02:34:22.352+0000] {logging_mixin.py:190} INFO - [2024-12-01T02:34:22.352+0000] {dag.py:4180} INFO - Setting next_dagrun for example_params_ui_tutorial to None, run_after=None
[2024-12-01T02:34:22.370+0000] {processor.py:208} INFO - Processing /home/airflow/.local/lib/python3.12/site-packages/airflow/example_dags/example_params_ui_tutorial.py took 0.096 seconds
[2024-12-01T02:34:53.014+0000] {processor.py:186} INFO - Started process (PID=53629) to work on /home/airflow/.local/lib/python3.12/site-packages/airflow/example_dags/example_params_ui_tutorial.py
[2024-12-01T02:34:53.016+0000] {processor.py:914} INFO - Processing file /home/airflow/.local/lib/python3.12/site-packages/airflow/example_dags/example_params_ui_tutorial.py for tasks to queue
[2024-12-01T02:34:53.020+0000] {logging_mixin.py:190} INFO - [2024-12-01T02:34:53.019+0000] {dagbag.py:588} INFO - Filling up the DagBag from /home/airflow/.local/lib/python3.12/site-packages/airflow/example_dags/example_params_ui_tutorial.py
[2024-12-01T02:34:53.033+0000] {processor.py:925} INFO - DAG(s) 'example_params_ui_tutorial' retrieved from /home/airflow/.local/lib/python3.12/site-packages/airflow/example_dags/example_params_ui_tutorial.py
[2024-12-01T02:34:53.118+0000] {logging_mixin.py:190} INFO - [2024-12-01T02:34:53.118+0000] {dag.py:3239} INFO - Sync 1 DAGs
[2024-12-01T02:34:53.147+0000] {logging_mixin.py:190} INFO - [2024-12-01T02:34:53.147+0000] {dag.py:4180} INFO - Setting next_dagrun for example_params_ui_tutorial to None, run_after=None
[2024-12-01T02:34:53.180+0000] {processor.py:208} INFO - Processing /home/airflow/.local/lib/python3.12/site-packages/airflow/example_dags/example_params_ui_tutorial.py took 0.174 seconds
[2024-12-01T02:35:23.921+0000] {processor.py:186} INFO - Started process (PID=53695) to work on /home/airflow/.local/lib/python3.12/site-packages/airflow/example_dags/example_params_ui_tutorial.py
[2024-12-01T02:35:23.921+0000] {processor.py:914} INFO - Processing file /home/airflow/.local/lib/python3.12/site-packages/airflow/example_dags/example_params_ui_tutorial.py for tasks to queue
[2024-12-01T02:35:23.924+0000] {logging_mixin.py:190} INFO - [2024-12-01T02:35:23.923+0000] {dagbag.py:588} INFO - Filling up the DagBag from /home/airflow/.local/lib/python3.12/site-packages/airflow/example_dags/example_params_ui_tutorial.py
[2024-12-01T02:35:23.933+0000] {processor.py:925} INFO - DAG(s) 'example_params_ui_tutorial' retrieved from /home/airflow/.local/lib/python3.12/site-packages/airflow/example_dags/example_params_ui_tutorial.py
[2024-12-01T02:35:23.976+0000] {logging_mixin.py:190} INFO - [2024-12-01T02:35:23.976+0000] {dag.py:3239} INFO - Sync 1 DAGs
[2024-12-01T02:35:23.990+0000] {logging_mixin.py:190} INFO - [2024-12-01T02:35:23.990+0000] {dag.py:4180} INFO - Setting next_dagrun for example_params_ui_tutorial to None, run_after=None
[2024-12-01T02:35:24.008+0000] {processor.py:208} INFO - Processing /home/airflow/.local/lib/python3.12/site-packages/airflow/example_dags/example_params_ui_tutorial.py took 0.093 seconds
