[2024-12-01T02:10:58.777+0000] {processor.py:186} INFO - Started process (PID=50539) to work on /home/airflow/.local/lib/python3.12/site-packages/airflow/example_dags/example_bash_decorator.py
[2024-12-01T02:10:58.779+0000] {processor.py:914} INFO - Processing file /home/airflow/.local/lib/python3.12/site-packages/airflow/example_dags/example_bash_decorator.py for tasks to queue
[2024-12-01T02:10:58.782+0000] {logging_mixin.py:190} INFO - [2024-12-01T02:10:58.782+0000] {dagbag.py:588} INFO - Filling up the DagBag from /home/airflow/.local/lib/python3.12/site-packages/airflow/example_dags/example_bash_decorator.py
[2024-12-01T02:10:58.813+0000] {processor.py:925} INFO - DAG(s) 'example_bash_decorator' retrieved from /home/airflow/.local/lib/python3.12/site-packages/airflow/example_dags/example_bash_decorator.py
[2024-12-01T02:10:58.878+0000] {logging_mixin.py:190} INFO - [2024-12-01T02:10:58.878+0000] {dag.py:3239} INFO - Sync 1 DAGs
[2024-12-01T02:10:58.915+0000] {logging_mixin.py:190} INFO - [2024-12-01T02:10:58.911+0000] {dag.py:4180} INFO - Setting next_dagrun for example_bash_decorator to None, run_after=None
[2024-12-01T02:10:58.976+0000] {processor.py:208} INFO - Processing /home/airflow/.local/lib/python3.12/site-packages/airflow/example_dags/example_bash_decorator.py took 0.213 seconds
[2024-12-01T02:11:29.175+0000] {processor.py:186} INFO - Started process (PID=50606) to work on /home/airflow/.local/lib/python3.12/site-packages/airflow/example_dags/example_bash_decorator.py
[2024-12-01T02:11:29.176+0000] {processor.py:914} INFO - Processing file /home/airflow/.local/lib/python3.12/site-packages/airflow/example_dags/example_bash_decorator.py for tasks to queue
[2024-12-01T02:11:29.178+0000] {logging_mixin.py:190} INFO - [2024-12-01T02:11:29.178+0000] {dagbag.py:588} INFO - Filling up the DagBag from /home/airflow/.local/lib/python3.12/site-packages/airflow/example_dags/example_bash_decorator.py
[2024-12-01T02:11:29.191+0000] {processor.py:925} INFO - DAG(s) 'example_bash_decorator' retrieved from /home/airflow/.local/lib/python3.12/site-packages/airflow/example_dags/example_bash_decorator.py
[2024-12-01T02:11:29.212+0000] {logging_mixin.py:190} INFO - [2024-12-01T02:11:29.212+0000] {dag.py:3239} INFO - Sync 1 DAGs
[2024-12-01T02:11:29.224+0000] {logging_mixin.py:190} INFO - [2024-12-01T02:11:29.224+0000] {dag.py:4180} INFO - Setting next_dagrun for example_bash_decorator to None, run_after=None
[2024-12-01T02:11:29.241+0000] {processor.py:208} INFO - Processing /home/airflow/.local/lib/python3.12/site-packages/airflow/example_dags/example_bash_decorator.py took 0.071 seconds
[2024-12-01T02:11:59.811+0000] {processor.py:186} INFO - Started process (PID=50672) to work on /home/airflow/.local/lib/python3.12/site-packages/airflow/example_dags/example_bash_decorator.py
[2024-12-01T02:11:59.812+0000] {processor.py:914} INFO - Processing file /home/airflow/.local/lib/python3.12/site-packages/airflow/example_dags/example_bash_decorator.py for tasks to queue
[2024-12-01T02:11:59.814+0000] {logging_mixin.py:190} INFO - [2024-12-01T02:11:59.814+0000] {dagbag.py:588} INFO - Filling up the DagBag from /home/airflow/.local/lib/python3.12/site-packages/airflow/example_dags/example_bash_decorator.py
[2024-12-01T02:11:59.828+0000] {processor.py:925} INFO - DAG(s) 'example_bash_decorator' retrieved from /home/airflow/.local/lib/python3.12/site-packages/airflow/example_dags/example_bash_decorator.py
[2024-12-01T02:11:59.850+0000] {logging_mixin.py:190} INFO - [2024-12-01T02:11:59.850+0000] {dag.py:3239} INFO - Sync 1 DAGs
[2024-12-01T02:11:59.863+0000] {logging_mixin.py:190} INFO - [2024-12-01T02:11:59.863+0000] {dag.py:4180} INFO - Setting next_dagrun for example_bash_decorator to None, run_after=None
[2024-12-01T02:11:59.880+0000] {processor.py:208} INFO - Processing /home/airflow/.local/lib/python3.12/site-packages/airflow/example_dags/example_bash_decorator.py took 0.075 seconds
[2024-12-01T02:12:31.314+0000] {processor.py:186} INFO - Started process (PID=50738) to work on /home/airflow/.local/lib/python3.12/site-packages/airflow/example_dags/example_bash_decorator.py
[2024-12-01T02:12:31.315+0000] {processor.py:914} INFO - Processing file /home/airflow/.local/lib/python3.12/site-packages/airflow/example_dags/example_bash_decorator.py for tasks to queue
[2024-12-01T02:12:31.317+0000] {logging_mixin.py:190} INFO - [2024-12-01T02:12:31.317+0000] {dagbag.py:588} INFO - Filling up the DagBag from /home/airflow/.local/lib/python3.12/site-packages/airflow/example_dags/example_bash_decorator.py
[2024-12-01T02:12:31.331+0000] {processor.py:925} INFO - DAG(s) 'example_bash_decorator' retrieved from /home/airflow/.local/lib/python3.12/site-packages/airflow/example_dags/example_bash_decorator.py
[2024-12-01T02:12:31.352+0000] {logging_mixin.py:190} INFO - [2024-12-01T02:12:31.352+0000] {dag.py:3239} INFO - Sync 1 DAGs
[2024-12-01T02:12:31.365+0000] {logging_mixin.py:190} INFO - [2024-12-01T02:12:31.365+0000] {dag.py:4180} INFO - Setting next_dagrun for example_bash_decorator to None, run_after=None
[2024-12-01T02:12:31.383+0000] {processor.py:208} INFO - Processing /home/airflow/.local/lib/python3.12/site-packages/airflow/example_dags/example_bash_decorator.py took 0.074 seconds
[2024-12-01T02:13:02.212+0000] {processor.py:186} INFO - Started process (PID=50804) to work on /home/airflow/.local/lib/python3.12/site-packages/airflow/example_dags/example_bash_decorator.py
[2024-12-01T02:13:02.213+0000] {processor.py:914} INFO - Processing file /home/airflow/.local/lib/python3.12/site-packages/airflow/example_dags/example_bash_decorator.py for tasks to queue
[2024-12-01T02:13:02.215+0000] {logging_mixin.py:190} INFO - [2024-12-01T02:13:02.215+0000] {dagbag.py:588} INFO - Filling up the DagBag from /home/airflow/.local/lib/python3.12/site-packages/airflow/example_dags/example_bash_decorator.py
[2024-12-01T02:13:02.229+0000] {processor.py:925} INFO - DAG(s) 'example_bash_decorator' retrieved from /home/airflow/.local/lib/python3.12/site-packages/airflow/example_dags/example_bash_decorator.py
[2024-12-01T02:13:02.255+0000] {logging_mixin.py:190} INFO - [2024-12-01T02:13:02.254+0000] {dag.py:3239} INFO - Sync 1 DAGs
[2024-12-01T02:13:02.268+0000] {logging_mixin.py:190} INFO - [2024-12-01T02:13:02.267+0000] {dag.py:4180} INFO - Setting next_dagrun for example_bash_decorator to None, run_after=None
[2024-12-01T02:13:02.285+0000] {processor.py:208} INFO - Processing /home/airflow/.local/lib/python3.12/site-packages/airflow/example_dags/example_bash_decorator.py took 0.078 seconds
[2024-12-01T02:13:32.896+0000] {processor.py:186} INFO - Started process (PID=50870) to work on /home/airflow/.local/lib/python3.12/site-packages/airflow/example_dags/example_bash_decorator.py
[2024-12-01T02:13:32.897+0000] {processor.py:914} INFO - Processing file /home/airflow/.local/lib/python3.12/site-packages/airflow/example_dags/example_bash_decorator.py for tasks to queue
[2024-12-01T02:13:32.900+0000] {logging_mixin.py:190} INFO - [2024-12-01T02:13:32.899+0000] {dagbag.py:588} INFO - Filling up the DagBag from /home/airflow/.local/lib/python3.12/site-packages/airflow/example_dags/example_bash_decorator.py
[2024-12-01T02:13:32.913+0000] {processor.py:925} INFO - DAG(s) 'example_bash_decorator' retrieved from /home/airflow/.local/lib/python3.12/site-packages/airflow/example_dags/example_bash_decorator.py
[2024-12-01T02:13:32.935+0000] {logging_mixin.py:190} INFO - [2024-12-01T02:13:32.934+0000] {dag.py:3239} INFO - Sync 1 DAGs
[2024-12-01T02:13:32.948+0000] {logging_mixin.py:190} INFO - [2024-12-01T02:13:32.948+0000] {dag.py:4180} INFO - Setting next_dagrun for example_bash_decorator to None, run_after=None
[2024-12-01T02:13:32.964+0000] {processor.py:208} INFO - Processing /home/airflow/.local/lib/python3.12/site-packages/airflow/example_dags/example_bash_decorator.py took 0.075 seconds
[2024-12-01T02:14:03.614+0000] {processor.py:186} INFO - Started process (PID=50936) to work on /home/airflow/.local/lib/python3.12/site-packages/airflow/example_dags/example_bash_decorator.py
[2024-12-01T02:14:03.615+0000] {processor.py:914} INFO - Processing file /home/airflow/.local/lib/python3.12/site-packages/airflow/example_dags/example_bash_decorator.py for tasks to queue
[2024-12-01T02:14:03.617+0000] {logging_mixin.py:190} INFO - [2024-12-01T02:14:03.617+0000] {dagbag.py:588} INFO - Filling up the DagBag from /home/airflow/.local/lib/python3.12/site-packages/airflow/example_dags/example_bash_decorator.py
[2024-12-01T02:14:03.631+0000] {processor.py:925} INFO - DAG(s) 'example_bash_decorator' retrieved from /home/airflow/.local/lib/python3.12/site-packages/airflow/example_dags/example_bash_decorator.py
[2024-12-01T02:14:03.656+0000] {logging_mixin.py:190} INFO - [2024-12-01T02:14:03.655+0000] {dag.py:3239} INFO - Sync 1 DAGs
[2024-12-01T02:14:03.669+0000] {logging_mixin.py:190} INFO - [2024-12-01T02:14:03.669+0000] {dag.py:4180} INFO - Setting next_dagrun for example_bash_decorator to None, run_after=None
[2024-12-01T02:14:03.688+0000] {processor.py:208} INFO - Processing /home/airflow/.local/lib/python3.12/site-packages/airflow/example_dags/example_bash_decorator.py took 0.079 seconds
[2024-12-01T02:14:35.014+0000] {processor.py:186} INFO - Started process (PID=51002) to work on /home/airflow/.local/lib/python3.12/site-packages/airflow/example_dags/example_bash_decorator.py
[2024-12-01T02:14:35.015+0000] {processor.py:914} INFO - Processing file /home/airflow/.local/lib/python3.12/site-packages/airflow/example_dags/example_bash_decorator.py for tasks to queue
[2024-12-01T02:14:35.018+0000] {logging_mixin.py:190} INFO - [2024-12-01T02:14:35.017+0000] {dagbag.py:588} INFO - Filling up the DagBag from /home/airflow/.local/lib/python3.12/site-packages/airflow/example_dags/example_bash_decorator.py
[2024-12-01T02:14:35.031+0000] {processor.py:925} INFO - DAG(s) 'example_bash_decorator' retrieved from /home/airflow/.local/lib/python3.12/site-packages/airflow/example_dags/example_bash_decorator.py
[2024-12-01T02:14:35.054+0000] {logging_mixin.py:190} INFO - [2024-12-01T02:14:35.053+0000] {dag.py:3239} INFO - Sync 1 DAGs
[2024-12-01T02:14:35.066+0000] {logging_mixin.py:190} INFO - [2024-12-01T02:14:35.066+0000] {dag.py:4180} INFO - Setting next_dagrun for example_bash_decorator to None, run_after=None
[2024-12-01T02:14:35.083+0000] {processor.py:208} INFO - Processing /home/airflow/.local/lib/python3.12/site-packages/airflow/example_dags/example_bash_decorator.py took 0.074 seconds
[2024-12-01T02:15:05.620+0000] {processor.py:186} INFO - Started process (PID=51068) to work on /home/airflow/.local/lib/python3.12/site-packages/airflow/example_dags/example_bash_decorator.py
[2024-12-01T02:15:05.621+0000] {processor.py:914} INFO - Processing file /home/airflow/.local/lib/python3.12/site-packages/airflow/example_dags/example_bash_decorator.py for tasks to queue
[2024-12-01T02:15:05.623+0000] {logging_mixin.py:190} INFO - [2024-12-01T02:15:05.623+0000] {dagbag.py:588} INFO - Filling up the DagBag from /home/airflow/.local/lib/python3.12/site-packages/airflow/example_dags/example_bash_decorator.py
[2024-12-01T02:15:05.638+0000] {processor.py:925} INFO - DAG(s) 'example_bash_decorator' retrieved from /home/airflow/.local/lib/python3.12/site-packages/airflow/example_dags/example_bash_decorator.py
[2024-12-01T02:15:05.659+0000] {logging_mixin.py:190} INFO - [2024-12-01T02:15:05.659+0000] {dag.py:3239} INFO - Sync 1 DAGs
[2024-12-01T02:15:05.672+0000] {logging_mixin.py:190} INFO - [2024-12-01T02:15:05.672+0000] {dag.py:4180} INFO - Setting next_dagrun for example_bash_decorator to None, run_after=None
[2024-12-01T02:15:05.688+0000] {processor.py:208} INFO - Processing /home/airflow/.local/lib/python3.12/site-packages/airflow/example_dags/example_bash_decorator.py took 0.074 seconds
[2024-12-01T02:15:36.676+0000] {processor.py:186} INFO - Started process (PID=51134) to work on /home/airflow/.local/lib/python3.12/site-packages/airflow/example_dags/example_bash_decorator.py
[2024-12-01T02:15:36.677+0000] {processor.py:914} INFO - Processing file /home/airflow/.local/lib/python3.12/site-packages/airflow/example_dags/example_bash_decorator.py for tasks to queue
[2024-12-01T02:15:36.679+0000] {logging_mixin.py:190} INFO - [2024-12-01T02:15:36.679+0000] {dagbag.py:588} INFO - Filling up the DagBag from /home/airflow/.local/lib/python3.12/site-packages/airflow/example_dags/example_bash_decorator.py
[2024-12-01T02:15:36.692+0000] {processor.py:925} INFO - DAG(s) 'example_bash_decorator' retrieved from /home/airflow/.local/lib/python3.12/site-packages/airflow/example_dags/example_bash_decorator.py
[2024-12-01T02:15:36.714+0000] {logging_mixin.py:190} INFO - [2024-12-01T02:15:36.714+0000] {dag.py:3239} INFO - Sync 1 DAGs
[2024-12-01T02:15:36.728+0000] {logging_mixin.py:190} INFO - [2024-12-01T02:15:36.727+0000] {dag.py:4180} INFO - Setting next_dagrun for example_bash_decorator to None, run_after=None
[2024-12-01T02:15:36.746+0000] {processor.py:208} INFO - Processing /home/airflow/.local/lib/python3.12/site-packages/airflow/example_dags/example_bash_decorator.py took 0.075 seconds
[2024-12-01T02:16:07.765+0000] {processor.py:186} INFO - Started process (PID=51200) to work on /home/airflow/.local/lib/python3.12/site-packages/airflow/example_dags/example_bash_decorator.py
[2024-12-01T02:16:07.766+0000] {processor.py:914} INFO - Processing file /home/airflow/.local/lib/python3.12/site-packages/airflow/example_dags/example_bash_decorator.py for tasks to queue
[2024-12-01T02:16:07.769+0000] {logging_mixin.py:190} INFO - [2024-12-01T02:16:07.768+0000] {dagbag.py:588} INFO - Filling up the DagBag from /home/airflow/.local/lib/python3.12/site-packages/airflow/example_dags/example_bash_decorator.py
[2024-12-01T02:16:07.787+0000] {processor.py:925} INFO - DAG(s) 'example_bash_decorator' retrieved from /home/airflow/.local/lib/python3.12/site-packages/airflow/example_dags/example_bash_decorator.py
[2024-12-01T02:16:07.810+0000] {logging_mixin.py:190} INFO - [2024-12-01T02:16:07.810+0000] {dag.py:3239} INFO - Sync 1 DAGs
[2024-12-01T02:16:07.824+0000] {logging_mixin.py:190} INFO - [2024-12-01T02:16:07.824+0000] {dag.py:4180} INFO - Setting next_dagrun for example_bash_decorator to None, run_after=None
[2024-12-01T02:16:07.840+0000] {processor.py:208} INFO - Processing /home/airflow/.local/lib/python3.12/site-packages/airflow/example_dags/example_bash_decorator.py took 0.080 seconds
[2024-12-01T02:16:38.297+0000] {processor.py:186} INFO - Started process (PID=51266) to work on /home/airflow/.local/lib/python3.12/site-packages/airflow/example_dags/example_bash_decorator.py
[2024-12-01T02:16:38.298+0000] {processor.py:914} INFO - Processing file /home/airflow/.local/lib/python3.12/site-packages/airflow/example_dags/example_bash_decorator.py for tasks to queue
[2024-12-01T02:16:38.302+0000] {logging_mixin.py:190} INFO - [2024-12-01T02:16:38.301+0000] {dagbag.py:588} INFO - Filling up the DagBag from /home/airflow/.local/lib/python3.12/site-packages/airflow/example_dags/example_bash_decorator.py
[2024-12-01T02:16:38.336+0000] {processor.py:925} INFO - DAG(s) 'example_bash_decorator' retrieved from /home/airflow/.local/lib/python3.12/site-packages/airflow/example_dags/example_bash_decorator.py
[2024-12-01T02:16:38.383+0000] {logging_mixin.py:190} INFO - [2024-12-01T02:16:38.383+0000] {dag.py:3239} INFO - Sync 1 DAGs
[2024-12-01T02:16:38.409+0000] {logging_mixin.py:190} INFO - [2024-12-01T02:16:38.409+0000] {dag.py:4180} INFO - Setting next_dagrun for example_bash_decorator to None, run_after=None
[2024-12-01T02:16:38.427+0000] {processor.py:208} INFO - Processing /home/airflow/.local/lib/python3.12/site-packages/airflow/example_dags/example_bash_decorator.py took 0.140 seconds
[2024-12-01T02:17:09.396+0000] {processor.py:186} INFO - Started process (PID=51332) to work on /home/airflow/.local/lib/python3.12/site-packages/airflow/example_dags/example_bash_decorator.py
[2024-12-01T02:17:09.397+0000] {processor.py:914} INFO - Processing file /home/airflow/.local/lib/python3.12/site-packages/airflow/example_dags/example_bash_decorator.py for tasks to queue
[2024-12-01T02:17:09.400+0000] {logging_mixin.py:190} INFO - [2024-12-01T02:17:09.399+0000] {dagbag.py:588} INFO - Filling up the DagBag from /home/airflow/.local/lib/python3.12/site-packages/airflow/example_dags/example_bash_decorator.py
[2024-12-01T02:17:09.418+0000] {processor.py:925} INFO - DAG(s) 'example_bash_decorator' retrieved from /home/airflow/.local/lib/python3.12/site-packages/airflow/example_dags/example_bash_decorator.py
[2024-12-01T02:17:09.440+0000] {logging_mixin.py:190} INFO - [2024-12-01T02:17:09.440+0000] {dag.py:3239} INFO - Sync 1 DAGs
[2024-12-01T02:17:09.454+0000] {logging_mixin.py:190} INFO - [2024-12-01T02:17:09.454+0000] {dag.py:4180} INFO - Setting next_dagrun for example_bash_decorator to None, run_after=None
[2024-12-01T02:17:09.472+0000] {processor.py:208} INFO - Processing /home/airflow/.local/lib/python3.12/site-packages/airflow/example_dags/example_bash_decorator.py took 0.081 seconds
[2024-12-01T02:17:40.498+0000] {processor.py:186} INFO - Started process (PID=51398) to work on /home/airflow/.local/lib/python3.12/site-packages/airflow/example_dags/example_bash_decorator.py
[2024-12-01T02:17:40.500+0000] {processor.py:914} INFO - Processing file /home/airflow/.local/lib/python3.12/site-packages/airflow/example_dags/example_bash_decorator.py for tasks to queue
[2024-12-01T02:17:40.503+0000] {logging_mixin.py:190} INFO - [2024-12-01T02:17:40.503+0000] {dagbag.py:588} INFO - Filling up the DagBag from /home/airflow/.local/lib/python3.12/site-packages/airflow/example_dags/example_bash_decorator.py
[2024-12-01T02:17:40.536+0000] {processor.py:925} INFO - DAG(s) 'example_bash_decorator' retrieved from /home/airflow/.local/lib/python3.12/site-packages/airflow/example_dags/example_bash_decorator.py
[2024-12-01T02:17:40.559+0000] {logging_mixin.py:190} INFO - [2024-12-01T02:17:40.559+0000] {dag.py:3239} INFO - Sync 1 DAGs
[2024-12-01T02:17:40.575+0000] {logging_mixin.py:190} INFO - [2024-12-01T02:17:40.575+0000] {dag.py:4180} INFO - Setting next_dagrun for example_bash_decorator to None, run_after=None
[2024-12-01T02:17:40.590+0000] {processor.py:208} INFO - Processing /home/airflow/.local/lib/python3.12/site-packages/airflow/example_dags/example_bash_decorator.py took 0.106 seconds
[2024-12-01T02:18:11.614+0000] {processor.py:186} INFO - Started process (PID=51464) to work on /home/airflow/.local/lib/python3.12/site-packages/airflow/example_dags/example_bash_decorator.py
[2024-12-01T02:18:11.615+0000] {processor.py:914} INFO - Processing file /home/airflow/.local/lib/python3.12/site-packages/airflow/example_dags/example_bash_decorator.py for tasks to queue
[2024-12-01T02:18:11.617+0000] {logging_mixin.py:190} INFO - [2024-12-01T02:18:11.617+0000] {dagbag.py:588} INFO - Filling up the DagBag from /home/airflow/.local/lib/python3.12/site-packages/airflow/example_dags/example_bash_decorator.py
[2024-12-01T02:18:11.631+0000] {processor.py:925} INFO - DAG(s) 'example_bash_decorator' retrieved from /home/airflow/.local/lib/python3.12/site-packages/airflow/example_dags/example_bash_decorator.py
[2024-12-01T02:18:11.653+0000] {logging_mixin.py:190} INFO - [2024-12-01T02:18:11.653+0000] {dag.py:3239} INFO - Sync 1 DAGs
[2024-12-01T02:18:11.666+0000] {logging_mixin.py:190} INFO - [2024-12-01T02:18:11.666+0000] {dag.py:4180} INFO - Setting next_dagrun for example_bash_decorator to None, run_after=None
[2024-12-01T02:18:11.683+0000] {processor.py:208} INFO - Processing /home/airflow/.local/lib/python3.12/site-packages/airflow/example_dags/example_bash_decorator.py took 0.074 seconds
[2024-12-01T02:18:42.306+0000] {processor.py:186} INFO - Started process (PID=51530) to work on /home/airflow/.local/lib/python3.12/site-packages/airflow/example_dags/example_bash_decorator.py
[2024-12-01T02:18:42.307+0000] {processor.py:914} INFO - Processing file /home/airflow/.local/lib/python3.12/site-packages/airflow/example_dags/example_bash_decorator.py for tasks to queue
[2024-12-01T02:18:42.309+0000] {logging_mixin.py:190} INFO - [2024-12-01T02:18:42.309+0000] {dagbag.py:588} INFO - Filling up the DagBag from /home/airflow/.local/lib/python3.12/site-packages/airflow/example_dags/example_bash_decorator.py
[2024-12-01T02:18:42.325+0000] {processor.py:925} INFO - DAG(s) 'example_bash_decorator' retrieved from /home/airflow/.local/lib/python3.12/site-packages/airflow/example_dags/example_bash_decorator.py
[2024-12-01T02:18:42.351+0000] {logging_mixin.py:190} INFO - [2024-12-01T02:18:42.350+0000] {dag.py:3239} INFO - Sync 1 DAGs
[2024-12-01T02:18:42.363+0000] {logging_mixin.py:190} INFO - [2024-12-01T02:18:42.363+0000] {dag.py:4180} INFO - Setting next_dagrun for example_bash_decorator to None, run_after=None
[2024-12-01T02:18:42.378+0000] {processor.py:208} INFO - Processing /home/airflow/.local/lib/python3.12/site-packages/airflow/example_dags/example_bash_decorator.py took 0.079 seconds
[2024-12-01T02:19:13.249+0000] {processor.py:186} INFO - Started process (PID=51597) to work on /home/airflow/.local/lib/python3.12/site-packages/airflow/example_dags/example_bash_decorator.py
[2024-12-01T02:19:13.250+0000] {processor.py:914} INFO - Processing file /home/airflow/.local/lib/python3.12/site-packages/airflow/example_dags/example_bash_decorator.py for tasks to queue
[2024-12-01T02:19:13.253+0000] {logging_mixin.py:190} INFO - [2024-12-01T02:19:13.252+0000] {dagbag.py:588} INFO - Filling up the DagBag from /home/airflow/.local/lib/python3.12/site-packages/airflow/example_dags/example_bash_decorator.py
[2024-12-01T02:19:13.267+0000] {processor.py:925} INFO - DAG(s) 'example_bash_decorator' retrieved from /home/airflow/.local/lib/python3.12/site-packages/airflow/example_dags/example_bash_decorator.py
[2024-12-01T02:19:13.289+0000] {logging_mixin.py:190} INFO - [2024-12-01T02:19:13.289+0000] {dag.py:3239} INFO - Sync 1 DAGs
[2024-12-01T02:19:13.303+0000] {logging_mixin.py:190} INFO - [2024-12-01T02:19:13.302+0000] {dag.py:4180} INFO - Setting next_dagrun for example_bash_decorator to None, run_after=None
[2024-12-01T02:19:13.321+0000] {processor.py:208} INFO - Processing /home/airflow/.local/lib/python3.12/site-packages/airflow/example_dags/example_bash_decorator.py took 0.077 seconds
[2024-12-01T02:19:44.350+0000] {processor.py:186} INFO - Started process (PID=51662) to work on /home/airflow/.local/lib/python3.12/site-packages/airflow/example_dags/example_bash_decorator.py
[2024-12-01T02:19:44.350+0000] {processor.py:914} INFO - Processing file /home/airflow/.local/lib/python3.12/site-packages/airflow/example_dags/example_bash_decorator.py for tasks to queue
[2024-12-01T02:19:44.353+0000] {logging_mixin.py:190} INFO - [2024-12-01T02:19:44.353+0000] {dagbag.py:588} INFO - Filling up the DagBag from /home/airflow/.local/lib/python3.12/site-packages/airflow/example_dags/example_bash_decorator.py
[2024-12-01T02:19:44.367+0000] {processor.py:925} INFO - DAG(s) 'example_bash_decorator' retrieved from /home/airflow/.local/lib/python3.12/site-packages/airflow/example_dags/example_bash_decorator.py
[2024-12-01T02:19:44.389+0000] {logging_mixin.py:190} INFO - [2024-12-01T02:19:44.389+0000] {dag.py:3239} INFO - Sync 1 DAGs
[2024-12-01T02:19:44.405+0000] {logging_mixin.py:190} INFO - [2024-12-01T02:19:44.405+0000] {dag.py:4180} INFO - Setting next_dagrun for example_bash_decorator to None, run_after=None
[2024-12-01T02:19:44.421+0000] {processor.py:208} INFO - Processing /home/airflow/.local/lib/python3.12/site-packages/airflow/example_dags/example_bash_decorator.py took 0.077 seconds
[2024-12-01T02:20:15.401+0000] {processor.py:186} INFO - Started process (PID=51729) to work on /home/airflow/.local/lib/python3.12/site-packages/airflow/example_dags/example_bash_decorator.py
[2024-12-01T02:20:15.402+0000] {processor.py:914} INFO - Processing file /home/airflow/.local/lib/python3.12/site-packages/airflow/example_dags/example_bash_decorator.py for tasks to queue
[2024-12-01T02:20:15.404+0000] {logging_mixin.py:190} INFO - [2024-12-01T02:20:15.404+0000] {dagbag.py:588} INFO - Filling up the DagBag from /home/airflow/.local/lib/python3.12/site-packages/airflow/example_dags/example_bash_decorator.py
[2024-12-01T02:20:15.418+0000] {processor.py:925} INFO - DAG(s) 'example_bash_decorator' retrieved from /home/airflow/.local/lib/python3.12/site-packages/airflow/example_dags/example_bash_decorator.py
[2024-12-01T02:20:15.440+0000] {logging_mixin.py:190} INFO - [2024-12-01T02:20:15.440+0000] {dag.py:3239} INFO - Sync 1 DAGs
[2024-12-01T02:20:15.454+0000] {logging_mixin.py:190} INFO - [2024-12-01T02:20:15.453+0000] {dag.py:4180} INFO - Setting next_dagrun for example_bash_decorator to None, run_after=None
[2024-12-01T02:20:15.470+0000] {processor.py:208} INFO - Processing /home/airflow/.local/lib/python3.12/site-packages/airflow/example_dags/example_bash_decorator.py took 0.075 seconds
[2024-12-01T02:20:46.583+0000] {processor.py:186} INFO - Started process (PID=51795) to work on /home/airflow/.local/lib/python3.12/site-packages/airflow/example_dags/example_bash_decorator.py
[2024-12-01T02:20:46.584+0000] {processor.py:914} INFO - Processing file /home/airflow/.local/lib/python3.12/site-packages/airflow/example_dags/example_bash_decorator.py for tasks to queue
[2024-12-01T02:20:46.586+0000] {logging_mixin.py:190} INFO - [2024-12-01T02:20:46.586+0000] {dagbag.py:588} INFO - Filling up the DagBag from /home/airflow/.local/lib/python3.12/site-packages/airflow/example_dags/example_bash_decorator.py
[2024-12-01T02:20:46.600+0000] {processor.py:925} INFO - DAG(s) 'example_bash_decorator' retrieved from /home/airflow/.local/lib/python3.12/site-packages/airflow/example_dags/example_bash_decorator.py
[2024-12-01T02:20:46.621+0000] {logging_mixin.py:190} INFO - [2024-12-01T02:20:46.621+0000] {dag.py:3239} INFO - Sync 1 DAGs
[2024-12-01T02:20:46.786+0000] {logging_mixin.py:190} INFO - [2024-12-01T02:20:46.786+0000] {dag.py:4180} INFO - Setting next_dagrun for example_bash_decorator to None, run_after=None
[2024-12-01T02:20:46.803+0000] {processor.py:208} INFO - Processing /home/airflow/.local/lib/python3.12/site-packages/airflow/example_dags/example_bash_decorator.py took 0.225 seconds
[2024-12-01T02:21:17.006+0000] {processor.py:186} INFO - Started process (PID=51861) to work on /home/airflow/.local/lib/python3.12/site-packages/airflow/example_dags/example_bash_decorator.py
[2024-12-01T02:21:17.007+0000] {processor.py:914} INFO - Processing file /home/airflow/.local/lib/python3.12/site-packages/airflow/example_dags/example_bash_decorator.py for tasks to queue
[2024-12-01T02:21:17.009+0000] {logging_mixin.py:190} INFO - [2024-12-01T02:21:17.009+0000] {dagbag.py:588} INFO - Filling up the DagBag from /home/airflow/.local/lib/python3.12/site-packages/airflow/example_dags/example_bash_decorator.py
[2024-12-01T02:21:17.022+0000] {processor.py:925} INFO - DAG(s) 'example_bash_decorator' retrieved from /home/airflow/.local/lib/python3.12/site-packages/airflow/example_dags/example_bash_decorator.py
[2024-12-01T02:21:17.045+0000] {logging_mixin.py:190} INFO - [2024-12-01T02:21:17.045+0000] {dag.py:3239} INFO - Sync 1 DAGs
[2024-12-01T02:21:17.058+0000] {logging_mixin.py:190} INFO - [2024-12-01T02:21:17.058+0000] {dag.py:4180} INFO - Setting next_dagrun for example_bash_decorator to None, run_after=None
[2024-12-01T02:21:17.229+0000] {processor.py:208} INFO - Processing /home/airflow/.local/lib/python3.12/site-packages/airflow/example_dags/example_bash_decorator.py took 0.228 seconds
[2024-12-01T02:21:48.128+0000] {processor.py:186} INFO - Started process (PID=51927) to work on /home/airflow/.local/lib/python3.12/site-packages/airflow/example_dags/example_bash_decorator.py
[2024-12-01T02:21:48.129+0000] {processor.py:914} INFO - Processing file /home/airflow/.local/lib/python3.12/site-packages/airflow/example_dags/example_bash_decorator.py for tasks to queue
[2024-12-01T02:21:48.131+0000] {logging_mixin.py:190} INFO - [2024-12-01T02:21:48.131+0000] {dagbag.py:588} INFO - Filling up the DagBag from /home/airflow/.local/lib/python3.12/site-packages/airflow/example_dags/example_bash_decorator.py
[2024-12-01T02:21:48.146+0000] {processor.py:925} INFO - DAG(s) 'example_bash_decorator' retrieved from /home/airflow/.local/lib/python3.12/site-packages/airflow/example_dags/example_bash_decorator.py
[2024-12-01T02:21:48.167+0000] {logging_mixin.py:190} INFO - [2024-12-01T02:21:48.167+0000] {dag.py:3239} INFO - Sync 1 DAGs
[2024-12-01T02:21:48.179+0000] {logging_mixin.py:190} INFO - [2024-12-01T02:21:48.179+0000] {dag.py:4180} INFO - Setting next_dagrun for example_bash_decorator to None, run_after=None
[2024-12-01T02:21:48.197+0000] {processor.py:208} INFO - Processing /home/airflow/.local/lib/python3.12/site-packages/airflow/example_dags/example_bash_decorator.py took 0.074 seconds
[2024-12-01T02:22:19.165+0000] {processor.py:186} INFO - Started process (PID=51993) to work on /home/airflow/.local/lib/python3.12/site-packages/airflow/example_dags/example_bash_decorator.py
[2024-12-01T02:22:19.166+0000] {processor.py:914} INFO - Processing file /home/airflow/.local/lib/python3.12/site-packages/airflow/example_dags/example_bash_decorator.py for tasks to queue
[2024-12-01T02:22:19.169+0000] {logging_mixin.py:190} INFO - [2024-12-01T02:22:19.168+0000] {dagbag.py:588} INFO - Filling up the DagBag from /home/airflow/.local/lib/python3.12/site-packages/airflow/example_dags/example_bash_decorator.py
[2024-12-01T02:22:19.182+0000] {processor.py:925} INFO - DAG(s) 'example_bash_decorator' retrieved from /home/airflow/.local/lib/python3.12/site-packages/airflow/example_dags/example_bash_decorator.py
[2024-12-01T02:22:19.207+0000] {logging_mixin.py:190} INFO - [2024-12-01T02:22:19.207+0000] {dag.py:3239} INFO - Sync 1 DAGs
[2024-12-01T02:22:19.221+0000] {logging_mixin.py:190} INFO - [2024-12-01T02:22:19.220+0000] {dag.py:4180} INFO - Setting next_dagrun for example_bash_decorator to None, run_after=None
[2024-12-01T02:22:19.237+0000] {processor.py:208} INFO - Processing /home/airflow/.local/lib/python3.12/site-packages/airflow/example_dags/example_bash_decorator.py took 0.077 seconds
[2024-12-01T02:22:49.873+0000] {processor.py:186} INFO - Started process (PID=52058) to work on /home/airflow/.local/lib/python3.12/site-packages/airflow/example_dags/example_bash_decorator.py
[2024-12-01T02:22:49.874+0000] {processor.py:914} INFO - Processing file /home/airflow/.local/lib/python3.12/site-packages/airflow/example_dags/example_bash_decorator.py for tasks to queue
[2024-12-01T02:22:49.876+0000] {logging_mixin.py:190} INFO - [2024-12-01T02:22:49.876+0000] {dagbag.py:588} INFO - Filling up the DagBag from /home/airflow/.local/lib/python3.12/site-packages/airflow/example_dags/example_bash_decorator.py
[2024-12-01T02:22:49.890+0000] {processor.py:925} INFO - DAG(s) 'example_bash_decorator' retrieved from /home/airflow/.local/lib/python3.12/site-packages/airflow/example_dags/example_bash_decorator.py
[2024-12-01T02:22:49.919+0000] {logging_mixin.py:190} INFO - [2024-12-01T02:22:49.919+0000] {dag.py:3239} INFO - Sync 1 DAGs
[2024-12-01T02:22:49.932+0000] {logging_mixin.py:190} INFO - [2024-12-01T02:22:49.932+0000] {dag.py:4180} INFO - Setting next_dagrun for example_bash_decorator to None, run_after=None
[2024-12-01T02:22:49.951+0000] {processor.py:208} INFO - Processing /home/airflow/.local/lib/python3.12/site-packages/airflow/example_dags/example_bash_decorator.py took 0.083 seconds
[2024-12-01T02:23:21.367+0000] {processor.py:186} INFO - Started process (PID=52125) to work on /home/airflow/.local/lib/python3.12/site-packages/airflow/example_dags/example_bash_decorator.py
[2024-12-01T02:23:21.368+0000] {processor.py:914} INFO - Processing file /home/airflow/.local/lib/python3.12/site-packages/airflow/example_dags/example_bash_decorator.py for tasks to queue
[2024-12-01T02:23:21.370+0000] {logging_mixin.py:190} INFO - [2024-12-01T02:23:21.370+0000] {dagbag.py:588} INFO - Filling up the DagBag from /home/airflow/.local/lib/python3.12/site-packages/airflow/example_dags/example_bash_decorator.py
[2024-12-01T02:23:21.384+0000] {processor.py:925} INFO - DAG(s) 'example_bash_decorator' retrieved from /home/airflow/.local/lib/python3.12/site-packages/airflow/example_dags/example_bash_decorator.py
[2024-12-01T02:23:21.557+0000] {logging_mixin.py:190} INFO - [2024-12-01T02:23:21.557+0000] {dag.py:3239} INFO - Sync 1 DAGs
[2024-12-01T02:23:21.584+0000] {logging_mixin.py:190} INFO - [2024-12-01T02:23:21.584+0000] {dag.py:4180} INFO - Setting next_dagrun for example_bash_decorator to None, run_after=None
[2024-12-01T02:23:21.631+0000] {processor.py:208} INFO - Processing /home/airflow/.local/lib/python3.12/site-packages/airflow/example_dags/example_bash_decorator.py took 0.270 seconds
[2024-12-01T02:23:52.240+0000] {processor.py:186} INFO - Started process (PID=52191) to work on /home/airflow/.local/lib/python3.12/site-packages/airflow/example_dags/example_bash_decorator.py
[2024-12-01T02:23:52.241+0000] {processor.py:914} INFO - Processing file /home/airflow/.local/lib/python3.12/site-packages/airflow/example_dags/example_bash_decorator.py for tasks to queue
[2024-12-01T02:23:52.243+0000] {logging_mixin.py:190} INFO - [2024-12-01T02:23:52.243+0000] {dagbag.py:588} INFO - Filling up the DagBag from /home/airflow/.local/lib/python3.12/site-packages/airflow/example_dags/example_bash_decorator.py
[2024-12-01T02:23:52.257+0000] {processor.py:925} INFO - DAG(s) 'example_bash_decorator' retrieved from /home/airflow/.local/lib/python3.12/site-packages/airflow/example_dags/example_bash_decorator.py
[2024-12-01T02:23:52.280+0000] {logging_mixin.py:190} INFO - [2024-12-01T02:23:52.279+0000] {dag.py:3239} INFO - Sync 1 DAGs
[2024-12-01T02:23:52.293+0000] {logging_mixin.py:190} INFO - [2024-12-01T02:23:52.292+0000] {dag.py:4180} INFO - Setting next_dagrun for example_bash_decorator to None, run_after=None
[2024-12-01T02:23:52.308+0000] {processor.py:208} INFO - Processing /home/airflow/.local/lib/python3.12/site-packages/airflow/example_dags/example_bash_decorator.py took 0.073 seconds
[2024-12-01T02:24:22.556+0000] {processor.py:186} INFO - Started process (PID=52257) to work on /home/airflow/.local/lib/python3.12/site-packages/airflow/example_dags/example_bash_decorator.py
[2024-12-01T02:24:22.557+0000] {processor.py:914} INFO - Processing file /home/airflow/.local/lib/python3.12/site-packages/airflow/example_dags/example_bash_decorator.py for tasks to queue
[2024-12-01T02:24:22.559+0000] {logging_mixin.py:190} INFO - [2024-12-01T02:24:22.559+0000] {dagbag.py:588} INFO - Filling up the DagBag from /home/airflow/.local/lib/python3.12/site-packages/airflow/example_dags/example_bash_decorator.py
[2024-12-01T02:24:22.573+0000] {processor.py:925} INFO - DAG(s) 'example_bash_decorator' retrieved from /home/airflow/.local/lib/python3.12/site-packages/airflow/example_dags/example_bash_decorator.py
[2024-12-01T02:24:22.605+0000] {logging_mixin.py:190} INFO - [2024-12-01T02:24:22.605+0000] {dag.py:3239} INFO - Sync 1 DAGs
[2024-12-01T02:24:22.620+0000] {logging_mixin.py:190} INFO - [2024-12-01T02:24:22.620+0000] {dag.py:4180} INFO - Setting next_dagrun for example_bash_decorator to None, run_after=None
[2024-12-01T02:24:22.637+0000] {processor.py:208} INFO - Processing /home/airflow/.local/lib/python3.12/site-packages/airflow/example_dags/example_bash_decorator.py took 0.087 seconds
[2024-12-01T02:24:52.977+0000] {processor.py:186} INFO - Started process (PID=52323) to work on /home/airflow/.local/lib/python3.12/site-packages/airflow/example_dags/example_bash_decorator.py
[2024-12-01T02:24:52.978+0000] {processor.py:914} INFO - Processing file /home/airflow/.local/lib/python3.12/site-packages/airflow/example_dags/example_bash_decorator.py for tasks to queue
[2024-12-01T02:24:52.980+0000] {logging_mixin.py:190} INFO - [2024-12-01T02:24:52.980+0000] {dagbag.py:588} INFO - Filling up the DagBag from /home/airflow/.local/lib/python3.12/site-packages/airflow/example_dags/example_bash_decorator.py
[2024-12-01T02:24:52.994+0000] {processor.py:925} INFO - DAG(s) 'example_bash_decorator' retrieved from /home/airflow/.local/lib/python3.12/site-packages/airflow/example_dags/example_bash_decorator.py
[2024-12-01T02:24:53.015+0000] {logging_mixin.py:190} INFO - [2024-12-01T02:24:53.015+0000] {dag.py:3239} INFO - Sync 1 DAGs
[2024-12-01T02:24:53.028+0000] {logging_mixin.py:190} INFO - [2024-12-01T02:24:53.027+0000] {dag.py:4180} INFO - Setting next_dagrun for example_bash_decorator to None, run_after=None
[2024-12-01T02:24:53.044+0000] {processor.py:208} INFO - Processing /home/airflow/.local/lib/python3.12/site-packages/airflow/example_dags/example_bash_decorator.py took 0.072 seconds
[2024-12-01T02:25:23.520+0000] {processor.py:186} INFO - Started process (PID=52389) to work on /home/airflow/.local/lib/python3.12/site-packages/airflow/example_dags/example_bash_decorator.py
[2024-12-01T02:25:23.521+0000] {processor.py:914} INFO - Processing file /home/airflow/.local/lib/python3.12/site-packages/airflow/example_dags/example_bash_decorator.py for tasks to queue
[2024-12-01T02:25:23.523+0000] {logging_mixin.py:190} INFO - [2024-12-01T02:25:23.523+0000] {dagbag.py:588} INFO - Filling up the DagBag from /home/airflow/.local/lib/python3.12/site-packages/airflow/example_dags/example_bash_decorator.py
[2024-12-01T02:25:23.537+0000] {processor.py:925} INFO - DAG(s) 'example_bash_decorator' retrieved from /home/airflow/.local/lib/python3.12/site-packages/airflow/example_dags/example_bash_decorator.py
[2024-12-01T02:25:23.558+0000] {logging_mixin.py:190} INFO - [2024-12-01T02:25:23.558+0000] {dag.py:3239} INFO - Sync 1 DAGs
[2024-12-01T02:25:23.574+0000] {logging_mixin.py:190} INFO - [2024-12-01T02:25:23.574+0000] {dag.py:4180} INFO - Setting next_dagrun for example_bash_decorator to None, run_after=None
[2024-12-01T02:25:23.591+0000] {processor.py:208} INFO - Processing /home/airflow/.local/lib/python3.12/site-packages/airflow/example_dags/example_bash_decorator.py took 0.076 seconds
[2024-12-01T02:25:54.170+0000] {processor.py:186} INFO - Started process (PID=52455) to work on /home/airflow/.local/lib/python3.12/site-packages/airflow/example_dags/example_bash_decorator.py
[2024-12-01T02:25:54.171+0000] {processor.py:914} INFO - Processing file /home/airflow/.local/lib/python3.12/site-packages/airflow/example_dags/example_bash_decorator.py for tasks to queue
[2024-12-01T02:25:54.174+0000] {logging_mixin.py:190} INFO - [2024-12-01T02:25:54.174+0000] {dagbag.py:588} INFO - Filling up the DagBag from /home/airflow/.local/lib/python3.12/site-packages/airflow/example_dags/example_bash_decorator.py
[2024-12-01T02:25:54.203+0000] {processor.py:925} INFO - DAG(s) 'example_bash_decorator' retrieved from /home/airflow/.local/lib/python3.12/site-packages/airflow/example_dags/example_bash_decorator.py
[2024-12-01T02:25:54.256+0000] {logging_mixin.py:190} INFO - [2024-12-01T02:25:54.256+0000] {dag.py:3239} INFO - Sync 1 DAGs
[2024-12-01T02:25:54.272+0000] {logging_mixin.py:190} INFO - [2024-12-01T02:25:54.272+0000] {dag.py:4180} INFO - Setting next_dagrun for example_bash_decorator to None, run_after=None
[2024-12-01T02:25:54.312+0000] {processor.py:208} INFO - Processing /home/airflow/.local/lib/python3.12/site-packages/airflow/example_dags/example_bash_decorator.py took 0.161 seconds
[2024-12-01T02:26:24.783+0000] {processor.py:186} INFO - Started process (PID=52521) to work on /home/airflow/.local/lib/python3.12/site-packages/airflow/example_dags/example_bash_decorator.py
[2024-12-01T02:26:24.784+0000] {processor.py:914} INFO - Processing file /home/airflow/.local/lib/python3.12/site-packages/airflow/example_dags/example_bash_decorator.py for tasks to queue
[2024-12-01T02:26:24.786+0000] {logging_mixin.py:190} INFO - [2024-12-01T02:26:24.786+0000] {dagbag.py:588} INFO - Filling up the DagBag from /home/airflow/.local/lib/python3.12/site-packages/airflow/example_dags/example_bash_decorator.py
[2024-12-01T02:26:24.800+0000] {processor.py:925} INFO - DAG(s) 'example_bash_decorator' retrieved from /home/airflow/.local/lib/python3.12/site-packages/airflow/example_dags/example_bash_decorator.py
[2024-12-01T02:26:24.822+0000] {logging_mixin.py:190} INFO - [2024-12-01T02:26:24.822+0000] {dag.py:3239} INFO - Sync 1 DAGs
[2024-12-01T02:26:24.836+0000] {logging_mixin.py:190} INFO - [2024-12-01T02:26:24.835+0000] {dag.py:4180} INFO - Setting next_dagrun for example_bash_decorator to None, run_after=None
[2024-12-01T02:26:24.852+0000] {processor.py:208} INFO - Processing /home/airflow/.local/lib/python3.12/site-packages/airflow/example_dags/example_bash_decorator.py took 0.075 seconds
[2024-12-01T02:26:55.233+0000] {processor.py:186} INFO - Started process (PID=52587) to work on /home/airflow/.local/lib/python3.12/site-packages/airflow/example_dags/example_bash_decorator.py
[2024-12-01T02:26:55.234+0000] {processor.py:914} INFO - Processing file /home/airflow/.local/lib/python3.12/site-packages/airflow/example_dags/example_bash_decorator.py for tasks to queue
[2024-12-01T02:26:55.236+0000] {logging_mixin.py:190} INFO - [2024-12-01T02:26:55.236+0000] {dagbag.py:588} INFO - Filling up the DagBag from /home/airflow/.local/lib/python3.12/site-packages/airflow/example_dags/example_bash_decorator.py
[2024-12-01T02:26:55.250+0000] {processor.py:925} INFO - DAG(s) 'example_bash_decorator' retrieved from /home/airflow/.local/lib/python3.12/site-packages/airflow/example_dags/example_bash_decorator.py
[2024-12-01T02:26:55.271+0000] {logging_mixin.py:190} INFO - [2024-12-01T02:26:55.271+0000] {dag.py:3239} INFO - Sync 1 DAGs
[2024-12-01T02:26:55.284+0000] {logging_mixin.py:190} INFO - [2024-12-01T02:26:55.283+0000] {dag.py:4180} INFO - Setting next_dagrun for example_bash_decorator to None, run_after=None
[2024-12-01T02:26:55.301+0000] {processor.py:208} INFO - Processing /home/airflow/.local/lib/python3.12/site-packages/airflow/example_dags/example_bash_decorator.py took 0.073 seconds
[2024-12-01T02:27:25.829+0000] {processor.py:186} INFO - Started process (PID=52653) to work on /home/airflow/.local/lib/python3.12/site-packages/airflow/example_dags/example_bash_decorator.py
[2024-12-01T02:27:25.830+0000] {processor.py:914} INFO - Processing file /home/airflow/.local/lib/python3.12/site-packages/airflow/example_dags/example_bash_decorator.py for tasks to queue
[2024-12-01T02:27:25.832+0000] {logging_mixin.py:190} INFO - [2024-12-01T02:27:25.832+0000] {dagbag.py:588} INFO - Filling up the DagBag from /home/airflow/.local/lib/python3.12/site-packages/airflow/example_dags/example_bash_decorator.py
[2024-12-01T02:27:25.846+0000] {processor.py:925} INFO - DAG(s) 'example_bash_decorator' retrieved from /home/airflow/.local/lib/python3.12/site-packages/airflow/example_dags/example_bash_decorator.py
[2024-12-01T02:27:25.868+0000] {logging_mixin.py:190} INFO - [2024-12-01T02:27:25.867+0000] {dag.py:3239} INFO - Sync 1 DAGs
[2024-12-01T02:27:25.881+0000] {logging_mixin.py:190} INFO - [2024-12-01T02:27:25.880+0000] {dag.py:4180} INFO - Setting next_dagrun for example_bash_decorator to None, run_after=None
[2024-12-01T02:27:25.898+0000] {processor.py:208} INFO - Processing /home/airflow/.local/lib/python3.12/site-packages/airflow/example_dags/example_bash_decorator.py took 0.075 seconds
[2024-12-01T02:27:56.339+0000] {processor.py:186} INFO - Started process (PID=52719) to work on /home/airflow/.local/lib/python3.12/site-packages/airflow/example_dags/example_bash_decorator.py
[2024-12-01T02:27:56.340+0000] {processor.py:914} INFO - Processing file /home/airflow/.local/lib/python3.12/site-packages/airflow/example_dags/example_bash_decorator.py for tasks to queue
[2024-12-01T02:27:56.342+0000] {logging_mixin.py:190} INFO - [2024-12-01T02:27:56.342+0000] {dagbag.py:588} INFO - Filling up the DagBag from /home/airflow/.local/lib/python3.12/site-packages/airflow/example_dags/example_bash_decorator.py
[2024-12-01T02:27:56.355+0000] {processor.py:925} INFO - DAG(s) 'example_bash_decorator' retrieved from /home/airflow/.local/lib/python3.12/site-packages/airflow/example_dags/example_bash_decorator.py
[2024-12-01T02:27:56.378+0000] {logging_mixin.py:190} INFO - [2024-12-01T02:27:56.378+0000] {dag.py:3239} INFO - Sync 1 DAGs
[2024-12-01T02:27:56.391+0000] {logging_mixin.py:190} INFO - [2024-12-01T02:27:56.391+0000] {dag.py:4180} INFO - Setting next_dagrun for example_bash_decorator to None, run_after=None
[2024-12-01T02:27:56.407+0000] {processor.py:208} INFO - Processing /home/airflow/.local/lib/python3.12/site-packages/airflow/example_dags/example_bash_decorator.py took 0.073 seconds
[2024-12-01T02:28:26.820+0000] {processor.py:186} INFO - Started process (PID=52785) to work on /home/airflow/.local/lib/python3.12/site-packages/airflow/example_dags/example_bash_decorator.py
[2024-12-01T02:28:26.821+0000] {processor.py:914} INFO - Processing file /home/airflow/.local/lib/python3.12/site-packages/airflow/example_dags/example_bash_decorator.py for tasks to queue
[2024-12-01T02:28:26.823+0000] {logging_mixin.py:190} INFO - [2024-12-01T02:28:26.822+0000] {dagbag.py:588} INFO - Filling up the DagBag from /home/airflow/.local/lib/python3.12/site-packages/airflow/example_dags/example_bash_decorator.py
[2024-12-01T02:28:26.839+0000] {processor.py:925} INFO - DAG(s) 'example_bash_decorator' retrieved from /home/airflow/.local/lib/python3.12/site-packages/airflow/example_dags/example_bash_decorator.py
[2024-12-01T02:28:26.861+0000] {logging_mixin.py:190} INFO - [2024-12-01T02:28:26.861+0000] {dag.py:3239} INFO - Sync 1 DAGs
[2024-12-01T02:28:26.874+0000] {logging_mixin.py:190} INFO - [2024-12-01T02:28:26.874+0000] {dag.py:4180} INFO - Setting next_dagrun for example_bash_decorator to None, run_after=None
[2024-12-01T02:28:26.891+0000] {processor.py:208} INFO - Processing /home/airflow/.local/lib/python3.12/site-packages/airflow/example_dags/example_bash_decorator.py took 0.077 seconds
[2024-12-01T02:28:57.378+0000] {processor.py:186} INFO - Started process (PID=52851) to work on /home/airflow/.local/lib/python3.12/site-packages/airflow/example_dags/example_bash_decorator.py
[2024-12-01T02:28:57.379+0000] {processor.py:914} INFO - Processing file /home/airflow/.local/lib/python3.12/site-packages/airflow/example_dags/example_bash_decorator.py for tasks to queue
[2024-12-01T02:28:57.381+0000] {logging_mixin.py:190} INFO - [2024-12-01T02:28:57.381+0000] {dagbag.py:588} INFO - Filling up the DagBag from /home/airflow/.local/lib/python3.12/site-packages/airflow/example_dags/example_bash_decorator.py
[2024-12-01T02:28:57.395+0000] {processor.py:925} INFO - DAG(s) 'example_bash_decorator' retrieved from /home/airflow/.local/lib/python3.12/site-packages/airflow/example_dags/example_bash_decorator.py
[2024-12-01T02:28:57.417+0000] {logging_mixin.py:190} INFO - [2024-12-01T02:28:57.417+0000] {dag.py:3239} INFO - Sync 1 DAGs
[2024-12-01T02:28:57.432+0000] {logging_mixin.py:190} INFO - [2024-12-01T02:28:57.431+0000] {dag.py:4180} INFO - Setting next_dagrun for example_bash_decorator to None, run_after=None
[2024-12-01T02:28:57.450+0000] {processor.py:208} INFO - Processing /home/airflow/.local/lib/python3.12/site-packages/airflow/example_dags/example_bash_decorator.py took 0.077 seconds
[2024-12-01T02:29:27.893+0000] {processor.py:186} INFO - Started process (PID=52917) to work on /home/airflow/.local/lib/python3.12/site-packages/airflow/example_dags/example_bash_decorator.py
[2024-12-01T02:29:27.894+0000] {processor.py:914} INFO - Processing file /home/airflow/.local/lib/python3.12/site-packages/airflow/example_dags/example_bash_decorator.py for tasks to queue
[2024-12-01T02:29:27.897+0000] {logging_mixin.py:190} INFO - [2024-12-01T02:29:27.896+0000] {dagbag.py:588} INFO - Filling up the DagBag from /home/airflow/.local/lib/python3.12/site-packages/airflow/example_dags/example_bash_decorator.py
[2024-12-01T02:29:27.912+0000] {processor.py:925} INFO - DAG(s) 'example_bash_decorator' retrieved from /home/airflow/.local/lib/python3.12/site-packages/airflow/example_dags/example_bash_decorator.py
[2024-12-01T02:29:27.933+0000] {logging_mixin.py:190} INFO - [2024-12-01T02:29:27.933+0000] {dag.py:3239} INFO - Sync 1 DAGs
[2024-12-01T02:29:27.947+0000] {logging_mixin.py:190} INFO - [2024-12-01T02:29:27.947+0000] {dag.py:4180} INFO - Setting next_dagrun for example_bash_decorator to None, run_after=None
[2024-12-01T02:29:27.963+0000] {processor.py:208} INFO - Processing /home/airflow/.local/lib/python3.12/site-packages/airflow/example_dags/example_bash_decorator.py took 0.075 seconds
[2024-12-01T02:29:58.323+0000] {processor.py:186} INFO - Started process (PID=52983) to work on /home/airflow/.local/lib/python3.12/site-packages/airflow/example_dags/example_bash_decorator.py
[2024-12-01T02:29:58.329+0000] {processor.py:914} INFO - Processing file /home/airflow/.local/lib/python3.12/site-packages/airflow/example_dags/example_bash_decorator.py for tasks to queue
[2024-12-01T02:29:58.334+0000] {logging_mixin.py:190} INFO - [2024-12-01T02:29:58.334+0000] {dagbag.py:588} INFO - Filling up the DagBag from /home/airflow/.local/lib/python3.12/site-packages/airflow/example_dags/example_bash_decorator.py
[2024-12-01T02:29:58.374+0000] {processor.py:925} INFO - DAG(s) 'example_bash_decorator' retrieved from /home/airflow/.local/lib/python3.12/site-packages/airflow/example_dags/example_bash_decorator.py
[2024-12-01T02:29:58.411+0000] {logging_mixin.py:190} INFO - [2024-12-01T02:29:58.411+0000] {dag.py:3239} INFO - Sync 1 DAGs
[2024-12-01T02:29:58.428+0000] {logging_mixin.py:190} INFO - [2024-12-01T02:29:58.428+0000] {dag.py:4180} INFO - Setting next_dagrun for example_bash_decorator to None, run_after=None
[2024-12-01T02:29:58.446+0000] {processor.py:208} INFO - Processing /home/airflow/.local/lib/python3.12/site-packages/airflow/example_dags/example_bash_decorator.py took 0.133 seconds
[2024-12-01T02:30:28.906+0000] {processor.py:186} INFO - Started process (PID=53049) to work on /home/airflow/.local/lib/python3.12/site-packages/airflow/example_dags/example_bash_decorator.py
[2024-12-01T02:30:28.907+0000] {processor.py:914} INFO - Processing file /home/airflow/.local/lib/python3.12/site-packages/airflow/example_dags/example_bash_decorator.py for tasks to queue
[2024-12-01T02:30:28.909+0000] {logging_mixin.py:190} INFO - [2024-12-01T02:30:28.909+0000] {dagbag.py:588} INFO - Filling up the DagBag from /home/airflow/.local/lib/python3.12/site-packages/airflow/example_dags/example_bash_decorator.py
[2024-12-01T02:30:28.923+0000] {processor.py:925} INFO - DAG(s) 'example_bash_decorator' retrieved from /home/airflow/.local/lib/python3.12/site-packages/airflow/example_dags/example_bash_decorator.py
[2024-12-01T02:30:28.945+0000] {logging_mixin.py:190} INFO - [2024-12-01T02:30:28.944+0000] {dag.py:3239} INFO - Sync 1 DAGs
[2024-12-01T02:30:28.958+0000] {logging_mixin.py:190} INFO - [2024-12-01T02:30:28.958+0000] {dag.py:4180} INFO - Setting next_dagrun for example_bash_decorator to None, run_after=None
[2024-12-01T02:30:28.974+0000] {processor.py:208} INFO - Processing /home/airflow/.local/lib/python3.12/site-packages/airflow/example_dags/example_bash_decorator.py took 0.074 seconds
[2024-12-01T02:30:59.622+0000] {processor.py:186} INFO - Started process (PID=53115) to work on /home/airflow/.local/lib/python3.12/site-packages/airflow/example_dags/example_bash_decorator.py
[2024-12-01T02:30:59.623+0000] {processor.py:914} INFO - Processing file /home/airflow/.local/lib/python3.12/site-packages/airflow/example_dags/example_bash_decorator.py for tasks to queue
[2024-12-01T02:30:59.625+0000] {logging_mixin.py:190} INFO - [2024-12-01T02:30:59.625+0000] {dagbag.py:588} INFO - Filling up the DagBag from /home/airflow/.local/lib/python3.12/site-packages/airflow/example_dags/example_bash_decorator.py
[2024-12-01T02:30:59.640+0000] {processor.py:925} INFO - DAG(s) 'example_bash_decorator' retrieved from /home/airflow/.local/lib/python3.12/site-packages/airflow/example_dags/example_bash_decorator.py
[2024-12-01T02:30:59.667+0000] {logging_mixin.py:190} INFO - [2024-12-01T02:30:59.667+0000] {dag.py:3239} INFO - Sync 1 DAGs
[2024-12-01T02:30:59.683+0000] {logging_mixin.py:190} INFO - [2024-12-01T02:30:59.683+0000] {dag.py:4180} INFO - Setting next_dagrun for example_bash_decorator to None, run_after=None
[2024-12-01T02:30:59.702+0000] {processor.py:208} INFO - Processing /home/airflow/.local/lib/python3.12/site-packages/airflow/example_dags/example_bash_decorator.py took 0.086 seconds
[2024-12-01T02:31:30.843+0000] {processor.py:186} INFO - Started process (PID=53187) to work on /home/airflow/.local/lib/python3.12/site-packages/airflow/example_dags/example_bash_decorator.py
[2024-12-01T02:31:30.844+0000] {processor.py:914} INFO - Processing file /home/airflow/.local/lib/python3.12/site-packages/airflow/example_dags/example_bash_decorator.py for tasks to queue
[2024-12-01T02:31:30.846+0000] {logging_mixin.py:190} INFO - [2024-12-01T02:31:30.846+0000] {dagbag.py:588} INFO - Filling up the DagBag from /home/airflow/.local/lib/python3.12/site-packages/airflow/example_dags/example_bash_decorator.py
[2024-12-01T02:31:30.860+0000] {processor.py:925} INFO - DAG(s) 'example_bash_decorator' retrieved from /home/airflow/.local/lib/python3.12/site-packages/airflow/example_dags/example_bash_decorator.py
[2024-12-01T02:31:30.881+0000] {logging_mixin.py:190} INFO - [2024-12-01T02:31:30.881+0000] {dag.py:3239} INFO - Sync 1 DAGs
[2024-12-01T02:31:30.896+0000] {logging_mixin.py:190} INFO - [2024-12-01T02:31:30.895+0000] {dag.py:4180} INFO - Setting next_dagrun for example_bash_decorator to None, run_after=None
[2024-12-01T02:31:30.911+0000] {processor.py:208} INFO - Processing /home/airflow/.local/lib/python3.12/site-packages/airflow/example_dags/example_bash_decorator.py took 0.074 seconds
[2024-12-01T02:32:01.518+0000] {processor.py:186} INFO - Started process (PID=53253) to work on /home/airflow/.local/lib/python3.12/site-packages/airflow/example_dags/example_bash_decorator.py
[2024-12-01T02:32:01.519+0000] {processor.py:914} INFO - Processing file /home/airflow/.local/lib/python3.12/site-packages/airflow/example_dags/example_bash_decorator.py for tasks to queue
[2024-12-01T02:32:01.521+0000] {logging_mixin.py:190} INFO - [2024-12-01T02:32:01.521+0000] {dagbag.py:588} INFO - Filling up the DagBag from /home/airflow/.local/lib/python3.12/site-packages/airflow/example_dags/example_bash_decorator.py
[2024-12-01T02:32:01.534+0000] {processor.py:925} INFO - DAG(s) 'example_bash_decorator' retrieved from /home/airflow/.local/lib/python3.12/site-packages/airflow/example_dags/example_bash_decorator.py
[2024-12-01T02:32:01.555+0000] {logging_mixin.py:190} INFO - [2024-12-01T02:32:01.555+0000] {dag.py:3239} INFO - Sync 1 DAGs
[2024-12-01T02:32:01.569+0000] {logging_mixin.py:190} INFO - [2024-12-01T02:32:01.568+0000] {dag.py:4180} INFO - Setting next_dagrun for example_bash_decorator to None, run_after=None
[2024-12-01T02:32:01.587+0000] {processor.py:208} INFO - Processing /home/airflow/.local/lib/python3.12/site-packages/airflow/example_dags/example_bash_decorator.py took 0.074 seconds
[2024-12-01T02:32:32.790+0000] {processor.py:186} INFO - Started process (PID=53319) to work on /home/airflow/.local/lib/python3.12/site-packages/airflow/example_dags/example_bash_decorator.py
[2024-12-01T02:32:32.791+0000] {processor.py:914} INFO - Processing file /home/airflow/.local/lib/python3.12/site-packages/airflow/example_dags/example_bash_decorator.py for tasks to queue
[2024-12-01T02:32:32.794+0000] {logging_mixin.py:190} INFO - [2024-12-01T02:32:32.793+0000] {dagbag.py:588} INFO - Filling up the DagBag from /home/airflow/.local/lib/python3.12/site-packages/airflow/example_dags/example_bash_decorator.py
[2024-12-01T02:32:32.807+0000] {processor.py:925} INFO - DAG(s) 'example_bash_decorator' retrieved from /home/airflow/.local/lib/python3.12/site-packages/airflow/example_dags/example_bash_decorator.py
[2024-12-01T02:32:32.829+0000] {logging_mixin.py:190} INFO - [2024-12-01T02:32:32.829+0000] {dag.py:3239} INFO - Sync 1 DAGs
[2024-12-01T02:32:32.845+0000] {logging_mixin.py:190} INFO - [2024-12-01T02:32:32.845+0000] {dag.py:4180} INFO - Setting next_dagrun for example_bash_decorator to None, run_after=None
[2024-12-01T02:32:32.864+0000] {processor.py:208} INFO - Processing /home/airflow/.local/lib/python3.12/site-packages/airflow/example_dags/example_bash_decorator.py took 0.080 seconds
[2024-12-01T02:33:03.426+0000] {processor.py:186} INFO - Started process (PID=53385) to work on /home/airflow/.local/lib/python3.12/site-packages/airflow/example_dags/example_bash_decorator.py
[2024-12-01T02:33:03.427+0000] {processor.py:914} INFO - Processing file /home/airflow/.local/lib/python3.12/site-packages/airflow/example_dags/example_bash_decorator.py for tasks to queue
[2024-12-01T02:33:03.430+0000] {logging_mixin.py:190} INFO - [2024-12-01T02:33:03.430+0000] {dagbag.py:588} INFO - Filling up the DagBag from /home/airflow/.local/lib/python3.12/site-packages/airflow/example_dags/example_bash_decorator.py
[2024-12-01T02:33:03.449+0000] {processor.py:925} INFO - DAG(s) 'example_bash_decorator' retrieved from /home/airflow/.local/lib/python3.12/site-packages/airflow/example_dags/example_bash_decorator.py
[2024-12-01T02:33:03.471+0000] {logging_mixin.py:190} INFO - [2024-12-01T02:33:03.470+0000] {dag.py:3239} INFO - Sync 1 DAGs
[2024-12-01T02:33:03.485+0000] {logging_mixin.py:190} INFO - [2024-12-01T02:33:03.484+0000] {dag.py:4180} INFO - Setting next_dagrun for example_bash_decorator to None, run_after=None
[2024-12-01T02:33:03.510+0000] {processor.py:208} INFO - Processing /home/airflow/.local/lib/python3.12/site-packages/airflow/example_dags/example_bash_decorator.py took 0.090 seconds
[2024-12-01T02:33:34.226+0000] {processor.py:186} INFO - Started process (PID=53451) to work on /home/airflow/.local/lib/python3.12/site-packages/airflow/example_dags/example_bash_decorator.py
[2024-12-01T02:33:34.227+0000] {processor.py:914} INFO - Processing file /home/airflow/.local/lib/python3.12/site-packages/airflow/example_dags/example_bash_decorator.py for tasks to queue
[2024-12-01T02:33:34.229+0000] {logging_mixin.py:190} INFO - [2024-12-01T02:33:34.229+0000] {dagbag.py:588} INFO - Filling up the DagBag from /home/airflow/.local/lib/python3.12/site-packages/airflow/example_dags/example_bash_decorator.py
[2024-12-01T02:33:34.243+0000] {processor.py:925} INFO - DAG(s) 'example_bash_decorator' retrieved from /home/airflow/.local/lib/python3.12/site-packages/airflow/example_dags/example_bash_decorator.py
[2024-12-01T02:33:34.264+0000] {logging_mixin.py:190} INFO - [2024-12-01T02:33:34.263+0000] {dag.py:3239} INFO - Sync 1 DAGs
[2024-12-01T02:33:34.277+0000] {logging_mixin.py:190} INFO - [2024-12-01T02:33:34.277+0000] {dag.py:4180} INFO - Setting next_dagrun for example_bash_decorator to None, run_after=None
[2024-12-01T02:33:34.292+0000] {processor.py:208} INFO - Processing /home/airflow/.local/lib/python3.12/site-packages/airflow/example_dags/example_bash_decorator.py took 0.072 seconds
