[2024-12-01T02:10:58.237+0000] {processor.py:186} INFO - Started process (PID=50531) to work on /home/airflow/.local/lib/python3.12/site-packages/airflow/example_dags/example_dag_decorator.py
[2024-12-01T02:10:58.238+0000] {processor.py:914} INFO - Processing file /home/airflow/.local/lib/python3.12/site-packages/airflow/example_dags/example_dag_decorator.py for tasks to queue
[2024-12-01T02:10:58.242+0000] {logging_mixin.py:190} INFO - [2024-12-01T02:10:58.241+0000] {dagbag.py:588} INFO - Filling up the DagBag from /home/airflow/.local/lib/python3.12/site-packages/airflow/example_dags/example_dag_decorator.py
[2024-12-01T02:10:58.287+0000] {processor.py:925} INFO - DAG(s) 'example_dag_decorator' retrieved from /home/airflow/.local/lib/python3.12/site-packages/airflow/example_dags/example_dag_decorator.py
[2024-12-01T02:10:58.577+0000] {logging_mixin.py:190} INFO - [2024-12-01T02:10:58.577+0000] {dag.py:3239} INFO - Sync 1 DAGs
[2024-12-01T02:10:58.617+0000] {logging_mixin.py:190} INFO - [2024-12-01T02:10:58.617+0000] {dag.py:4180} INFO - Setting next_dagrun for example_dag_decorator to None, run_after=None
[2024-12-01T02:10:58.657+0000] {processor.py:208} INFO - Processing /home/airflow/.local/lib/python3.12/site-packages/airflow/example_dags/example_dag_decorator.py took 0.441 seconds
[2024-12-01T02:11:28.989+0000] {processor.py:186} INFO - Started process (PID=50604) to work on /home/airflow/.local/lib/python3.12/site-packages/airflow/example_dags/example_dag_decorator.py
[2024-12-01T02:11:28.990+0000] {processor.py:914} INFO - Processing file /home/airflow/.local/lib/python3.12/site-packages/airflow/example_dags/example_dag_decorator.py for tasks to queue
[2024-12-01T02:11:28.992+0000] {logging_mixin.py:190} INFO - [2024-12-01T02:11:28.992+0000] {dagbag.py:588} INFO - Filling up the DagBag from /home/airflow/.local/lib/python3.12/site-packages/airflow/example_dags/example_dag_decorator.py
[2024-12-01T02:11:29.005+0000] {processor.py:925} INFO - DAG(s) 'example_dag_decorator' retrieved from /home/airflow/.local/lib/python3.12/site-packages/airflow/example_dags/example_dag_decorator.py
[2024-12-01T02:11:29.122+0000] {logging_mixin.py:190} INFO - [2024-12-01T02:11:29.122+0000] {dag.py:3239} INFO - Sync 1 DAGs
[2024-12-01T02:11:29.134+0000] {logging_mixin.py:190} INFO - [2024-12-01T02:11:29.134+0000] {dag.py:4180} INFO - Setting next_dagrun for example_dag_decorator to None, run_after=None
[2024-12-01T02:11:29.150+0000] {processor.py:208} INFO - Processing /home/airflow/.local/lib/python3.12/site-packages/airflow/example_dags/example_dag_decorator.py took 0.167 seconds
[2024-12-01T02:11:59.714+0000] {processor.py:186} INFO - Started process (PID=50670) to work on /home/airflow/.local/lib/python3.12/site-packages/airflow/example_dags/example_dag_decorator.py
[2024-12-01T02:11:59.715+0000] {processor.py:914} INFO - Processing file /home/airflow/.local/lib/python3.12/site-packages/airflow/example_dags/example_dag_decorator.py for tasks to queue
[2024-12-01T02:11:59.717+0000] {logging_mixin.py:190} INFO - [2024-12-01T02:11:59.717+0000] {dagbag.py:588} INFO - Filling up the DagBag from /home/airflow/.local/lib/python3.12/site-packages/airflow/example_dags/example_dag_decorator.py
[2024-12-01T02:11:59.728+0000] {processor.py:925} INFO - DAG(s) 'example_dag_decorator' retrieved from /home/airflow/.local/lib/python3.12/site-packages/airflow/example_dags/example_dag_decorator.py
[2024-12-01T02:11:59.751+0000] {logging_mixin.py:190} INFO - [2024-12-01T02:11:59.751+0000] {dag.py:3239} INFO - Sync 1 DAGs
[2024-12-01T02:11:59.765+0000] {logging_mixin.py:190} INFO - [2024-12-01T02:11:59.765+0000] {dag.py:4180} INFO - Setting next_dagrun for example_dag_decorator to None, run_after=None
[2024-12-01T02:11:59.782+0000] {processor.py:208} INFO - Processing /home/airflow/.local/lib/python3.12/site-packages/airflow/example_dags/example_dag_decorator.py took 0.079 seconds
[2024-12-01T02:12:31.173+0000] {processor.py:186} INFO - Started process (PID=50736) to work on /home/airflow/.local/lib/python3.12/site-packages/airflow/example_dags/example_dag_decorator.py
[2024-12-01T02:12:31.174+0000] {processor.py:914} INFO - Processing file /home/airflow/.local/lib/python3.12/site-packages/airflow/example_dags/example_dag_decorator.py for tasks to queue
[2024-12-01T02:12:31.176+0000] {logging_mixin.py:190} INFO - [2024-12-01T02:12:31.176+0000] {dagbag.py:588} INFO - Filling up the DagBag from /home/airflow/.local/lib/python3.12/site-packages/airflow/example_dags/example_dag_decorator.py
[2024-12-01T02:12:31.187+0000] {processor.py:925} INFO - DAG(s) 'example_dag_decorator' retrieved from /home/airflow/.local/lib/python3.12/site-packages/airflow/example_dags/example_dag_decorator.py
[2024-12-01T02:12:31.292+0000] {logging_mixin.py:190} INFO - [2024-12-01T02:12:31.292+0000] {dag.py:3239} INFO - Sync 1 DAGs
[2024-12-01T02:12:31.303+0000] {logging_mixin.py:190} INFO - [2024-12-01T02:12:31.303+0000] {dag.py:4180} INFO - Setting next_dagrun for example_dag_decorator to None, run_after=None
[2024-12-01T02:12:31.319+0000] {processor.py:208} INFO - Processing /home/airflow/.local/lib/python3.12/site-packages/airflow/example_dags/example_dag_decorator.py took 0.152 seconds
[2024-12-01T02:13:02.085+0000] {processor.py:186} INFO - Started process (PID=50802) to work on /home/airflow/.local/lib/python3.12/site-packages/airflow/example_dags/example_dag_decorator.py
[2024-12-01T02:13:02.086+0000] {processor.py:914} INFO - Processing file /home/airflow/.local/lib/python3.12/site-packages/airflow/example_dags/example_dag_decorator.py for tasks to queue
[2024-12-01T02:13:02.088+0000] {logging_mixin.py:190} INFO - [2024-12-01T02:13:02.088+0000] {dagbag.py:588} INFO - Filling up the DagBag from /home/airflow/.local/lib/python3.12/site-packages/airflow/example_dags/example_dag_decorator.py
[2024-12-01T02:13:02.100+0000] {processor.py:925} INFO - DAG(s) 'example_dag_decorator' retrieved from /home/airflow/.local/lib/python3.12/site-packages/airflow/example_dags/example_dag_decorator.py
[2024-12-01T02:13:02.203+0000] {logging_mixin.py:190} INFO - [2024-12-01T02:13:02.202+0000] {dag.py:3239} INFO - Sync 1 DAGs
[2024-12-01T02:13:02.214+0000] {logging_mixin.py:190} INFO - [2024-12-01T02:13:02.214+0000] {dag.py:4180} INFO - Setting next_dagrun for example_dag_decorator to None, run_after=None
[2024-12-01T02:13:02.231+0000] {processor.py:208} INFO - Processing /home/airflow/.local/lib/python3.12/site-packages/airflow/example_dags/example_dag_decorator.py took 0.152 seconds
[2024-12-01T02:13:32.774+0000] {processor.py:186} INFO - Started process (PID=50868) to work on /home/airflow/.local/lib/python3.12/site-packages/airflow/example_dags/example_dag_decorator.py
[2024-12-01T02:13:32.775+0000] {processor.py:914} INFO - Processing file /home/airflow/.local/lib/python3.12/site-packages/airflow/example_dags/example_dag_decorator.py for tasks to queue
[2024-12-01T02:13:32.777+0000] {logging_mixin.py:190} INFO - [2024-12-01T02:13:32.777+0000] {dagbag.py:588} INFO - Filling up the DagBag from /home/airflow/.local/lib/python3.12/site-packages/airflow/example_dags/example_dag_decorator.py
[2024-12-01T02:13:32.789+0000] {processor.py:925} INFO - DAG(s) 'example_dag_decorator' retrieved from /home/airflow/.local/lib/python3.12/site-packages/airflow/example_dags/example_dag_decorator.py
[2024-12-01T02:13:32.896+0000] {logging_mixin.py:190} INFO - [2024-12-01T02:13:32.896+0000] {dag.py:3239} INFO - Sync 1 DAGs
[2024-12-01T02:13:32.907+0000] {logging_mixin.py:190} INFO - [2024-12-01T02:13:32.907+0000] {dag.py:4180} INFO - Setting next_dagrun for example_dag_decorator to None, run_after=None
[2024-12-01T02:13:32.923+0000] {processor.py:208} INFO - Processing /home/airflow/.local/lib/python3.12/site-packages/airflow/example_dags/example_dag_decorator.py took 0.155 seconds
[2024-12-01T02:14:03.487+0000] {processor.py:186} INFO - Started process (PID=50934) to work on /home/airflow/.local/lib/python3.12/site-packages/airflow/example_dags/example_dag_decorator.py
[2024-12-01T02:14:03.488+0000] {processor.py:914} INFO - Processing file /home/airflow/.local/lib/python3.12/site-packages/airflow/example_dags/example_dag_decorator.py for tasks to queue
[2024-12-01T02:14:03.490+0000] {logging_mixin.py:190} INFO - [2024-12-01T02:14:03.490+0000] {dagbag.py:588} INFO - Filling up the DagBag from /home/airflow/.local/lib/python3.12/site-packages/airflow/example_dags/example_dag_decorator.py
[2024-12-01T02:14:03.501+0000] {processor.py:925} INFO - DAG(s) 'example_dag_decorator' retrieved from /home/airflow/.local/lib/python3.12/site-packages/airflow/example_dags/example_dag_decorator.py
[2024-12-01T02:14:03.604+0000] {logging_mixin.py:190} INFO - [2024-12-01T02:14:03.603+0000] {dag.py:3239} INFO - Sync 1 DAGs
[2024-12-01T02:14:03.615+0000] {logging_mixin.py:190} INFO - [2024-12-01T02:14:03.615+0000] {dag.py:4180} INFO - Setting next_dagrun for example_dag_decorator to None, run_after=None
[2024-12-01T02:14:03.632+0000] {processor.py:208} INFO - Processing /home/airflow/.local/lib/python3.12/site-packages/airflow/example_dags/example_dag_decorator.py took 0.150 seconds
[2024-12-01T02:14:34.823+0000] {processor.py:186} INFO - Started process (PID=51000) to work on /home/airflow/.local/lib/python3.12/site-packages/airflow/example_dags/example_dag_decorator.py
[2024-12-01T02:14:34.824+0000] {processor.py:914} INFO - Processing file /home/airflow/.local/lib/python3.12/site-packages/airflow/example_dags/example_dag_decorator.py for tasks to queue
[2024-12-01T02:14:34.826+0000] {logging_mixin.py:190} INFO - [2024-12-01T02:14:34.826+0000] {dagbag.py:588} INFO - Filling up the DagBag from /home/airflow/.local/lib/python3.12/site-packages/airflow/example_dags/example_dag_decorator.py
[2024-12-01T02:14:34.837+0000] {processor.py:925} INFO - DAG(s) 'example_dag_decorator' retrieved from /home/airflow/.local/lib/python3.12/site-packages/airflow/example_dags/example_dag_decorator.py
[2024-12-01T02:14:34.945+0000] {logging_mixin.py:190} INFO - [2024-12-01T02:14:34.944+0000] {dag.py:3239} INFO - Sync 1 DAGs
[2024-12-01T02:14:34.955+0000] {logging_mixin.py:190} INFO - [2024-12-01T02:14:34.955+0000] {dag.py:4180} INFO - Setting next_dagrun for example_dag_decorator to None, run_after=None
[2024-12-01T02:14:34.973+0000] {processor.py:208} INFO - Processing /home/airflow/.local/lib/python3.12/site-packages/airflow/example_dags/example_dag_decorator.py took 0.155 seconds
[2024-12-01T02:15:05.460+0000] {processor.py:186} INFO - Started process (PID=51066) to work on /home/airflow/.local/lib/python3.12/site-packages/airflow/example_dags/example_dag_decorator.py
[2024-12-01T02:15:05.461+0000] {processor.py:914} INFO - Processing file /home/airflow/.local/lib/python3.12/site-packages/airflow/example_dags/example_dag_decorator.py for tasks to queue
[2024-12-01T02:15:05.463+0000] {logging_mixin.py:190} INFO - [2024-12-01T02:15:05.463+0000] {dagbag.py:588} INFO - Filling up the DagBag from /home/airflow/.local/lib/python3.12/site-packages/airflow/example_dags/example_dag_decorator.py
[2024-12-01T02:15:05.474+0000] {processor.py:925} INFO - DAG(s) 'example_dag_decorator' retrieved from /home/airflow/.local/lib/python3.12/site-packages/airflow/example_dags/example_dag_decorator.py
[2024-12-01T02:15:05.592+0000] {logging_mixin.py:190} INFO - [2024-12-01T02:15:05.592+0000] {dag.py:3239} INFO - Sync 1 DAGs
[2024-12-01T02:15:05.611+0000] {logging_mixin.py:190} INFO - [2024-12-01T02:15:05.611+0000] {dag.py:4180} INFO - Setting next_dagrun for example_dag_decorator to None, run_after=None
[2024-12-01T02:15:05.629+0000] {processor.py:208} INFO - Processing /home/airflow/.local/lib/python3.12/site-packages/airflow/example_dags/example_dag_decorator.py took 0.174 seconds
[2024-12-01T02:15:36.588+0000] {processor.py:186} INFO - Started process (PID=51132) to work on /home/airflow/.local/lib/python3.12/site-packages/airflow/example_dags/example_dag_decorator.py
[2024-12-01T02:15:36.589+0000] {processor.py:914} INFO - Processing file /home/airflow/.local/lib/python3.12/site-packages/airflow/example_dags/example_dag_decorator.py for tasks to queue
[2024-12-01T02:15:36.592+0000] {logging_mixin.py:190} INFO - [2024-12-01T02:15:36.591+0000] {dagbag.py:588} INFO - Filling up the DagBag from /home/airflow/.local/lib/python3.12/site-packages/airflow/example_dags/example_dag_decorator.py
[2024-12-01T02:15:36.603+0000] {processor.py:925} INFO - DAG(s) 'example_dag_decorator' retrieved from /home/airflow/.local/lib/python3.12/site-packages/airflow/example_dags/example_dag_decorator.py
[2024-12-01T02:15:36.707+0000] {logging_mixin.py:190} INFO - [2024-12-01T02:15:36.707+0000] {dag.py:3239} INFO - Sync 1 DAGs
[2024-12-01T02:15:36.719+0000] {logging_mixin.py:190} INFO - [2024-12-01T02:15:36.719+0000] {dag.py:4180} INFO - Setting next_dagrun for example_dag_decorator to None, run_after=None
[2024-12-01T02:15:36.738+0000] {processor.py:208} INFO - Processing /home/airflow/.local/lib/python3.12/site-packages/airflow/example_dags/example_dag_decorator.py took 0.155 seconds
[2024-12-01T02:16:07.585+0000] {processor.py:186} INFO - Started process (PID=51198) to work on /home/airflow/.local/lib/python3.12/site-packages/airflow/example_dags/example_dag_decorator.py
[2024-12-01T02:16:07.586+0000] {processor.py:914} INFO - Processing file /home/airflow/.local/lib/python3.12/site-packages/airflow/example_dags/example_dag_decorator.py for tasks to queue
[2024-12-01T02:16:07.588+0000] {logging_mixin.py:190} INFO - [2024-12-01T02:16:07.588+0000] {dagbag.py:588} INFO - Filling up the DagBag from /home/airflow/.local/lib/python3.12/site-packages/airflow/example_dags/example_dag_decorator.py
[2024-12-01T02:16:07.599+0000] {processor.py:925} INFO - DAG(s) 'example_dag_decorator' retrieved from /home/airflow/.local/lib/python3.12/site-packages/airflow/example_dags/example_dag_decorator.py
[2024-12-01T02:16:07.705+0000] {logging_mixin.py:190} INFO - [2024-12-01T02:16:07.705+0000] {dag.py:3239} INFO - Sync 1 DAGs
[2024-12-01T02:16:07.863+0000] {logging_mixin.py:190} INFO - [2024-12-01T02:16:07.862+0000] {dag.py:4180} INFO - Setting next_dagrun for example_dag_decorator to None, run_after=None
[2024-12-01T02:16:07.879+0000] {processor.py:208} INFO - Processing /home/airflow/.local/lib/python3.12/site-packages/airflow/example_dags/example_dag_decorator.py took 0.300 seconds
[2024-12-01T02:16:38.199+0000] {processor.py:186} INFO - Started process (PID=51264) to work on /home/airflow/.local/lib/python3.12/site-packages/airflow/example_dags/example_dag_decorator.py
[2024-12-01T02:16:38.200+0000] {processor.py:914} INFO - Processing file /home/airflow/.local/lib/python3.12/site-packages/airflow/example_dags/example_dag_decorator.py for tasks to queue
[2024-12-01T02:16:38.202+0000] {logging_mixin.py:190} INFO - [2024-12-01T02:16:38.202+0000] {dagbag.py:588} INFO - Filling up the DagBag from /home/airflow/.local/lib/python3.12/site-packages/airflow/example_dags/example_dag_decorator.py
[2024-12-01T02:16:38.213+0000] {processor.py:925} INFO - DAG(s) 'example_dag_decorator' retrieved from /home/airflow/.local/lib/python3.12/site-packages/airflow/example_dags/example_dag_decorator.py
[2024-12-01T02:16:38.402+0000] {logging_mixin.py:190} INFO - [2024-12-01T02:16:38.402+0000] {dag.py:3239} INFO - Sync 1 DAGs
[2024-12-01T02:16:38.555+0000] {logging_mixin.py:190} INFO - [2024-12-01T02:16:38.555+0000] {dag.py:4180} INFO - Setting next_dagrun for example_dag_decorator to None, run_after=None
[2024-12-01T02:16:38.572+0000] {processor.py:208} INFO - Processing /home/airflow/.local/lib/python3.12/site-packages/airflow/example_dags/example_dag_decorator.py took 0.378 seconds
[2024-12-01T02:17:09.270+0000] {processor.py:186} INFO - Started process (PID=51330) to work on /home/airflow/.local/lib/python3.12/site-packages/airflow/example_dags/example_dag_decorator.py
[2024-12-01T02:17:09.271+0000] {processor.py:914} INFO - Processing file /home/airflow/.local/lib/python3.12/site-packages/airflow/example_dags/example_dag_decorator.py for tasks to queue
[2024-12-01T02:17:09.273+0000] {logging_mixin.py:190} INFO - [2024-12-01T02:17:09.273+0000] {dagbag.py:588} INFO - Filling up the DagBag from /home/airflow/.local/lib/python3.12/site-packages/airflow/example_dags/example_dag_decorator.py
[2024-12-01T02:17:09.284+0000] {processor.py:925} INFO - DAG(s) 'example_dag_decorator' retrieved from /home/airflow/.local/lib/python3.12/site-packages/airflow/example_dags/example_dag_decorator.py
[2024-12-01T02:17:09.393+0000] {logging_mixin.py:190} INFO - [2024-12-01T02:17:09.393+0000] {dag.py:3239} INFO - Sync 1 DAGs
[2024-12-01T02:17:09.406+0000] {logging_mixin.py:190} INFO - [2024-12-01T02:17:09.406+0000] {dag.py:4180} INFO - Setting next_dagrun for example_dag_decorator to None, run_after=None
[2024-12-01T02:17:09.577+0000] {processor.py:208} INFO - Processing /home/airflow/.local/lib/python3.12/site-packages/airflow/example_dags/example_dag_decorator.py took 0.312 seconds
[2024-12-01T02:17:40.270+0000] {processor.py:186} INFO - Started process (PID=51396) to work on /home/airflow/.local/lib/python3.12/site-packages/airflow/example_dags/example_dag_decorator.py
[2024-12-01T02:17:40.271+0000] {processor.py:914} INFO - Processing file /home/airflow/.local/lib/python3.12/site-packages/airflow/example_dags/example_dag_decorator.py for tasks to queue
[2024-12-01T02:17:40.274+0000] {logging_mixin.py:190} INFO - [2024-12-01T02:17:40.274+0000] {dagbag.py:588} INFO - Filling up the DagBag from /home/airflow/.local/lib/python3.12/site-packages/airflow/example_dags/example_dag_decorator.py
[2024-12-01T02:17:40.289+0000] {processor.py:925} INFO - DAG(s) 'example_dag_decorator' retrieved from /home/airflow/.local/lib/python3.12/site-packages/airflow/example_dags/example_dag_decorator.py
[2024-12-01T02:17:40.486+0000] {logging_mixin.py:190} INFO - [2024-12-01T02:17:40.486+0000] {dag.py:3239} INFO - Sync 1 DAGs
[2024-12-01T02:17:40.517+0000] {logging_mixin.py:190} INFO - [2024-12-01T02:17:40.516+0000] {dag.py:4180} INFO - Setting next_dagrun for example_dag_decorator to None, run_after=None
[2024-12-01T02:17:40.545+0000] {processor.py:208} INFO - Processing /home/airflow/.local/lib/python3.12/site-packages/airflow/example_dags/example_dag_decorator.py took 0.282 seconds
[2024-12-01T02:18:11.518+0000] {processor.py:186} INFO - Started process (PID=51462) to work on /home/airflow/.local/lib/python3.12/site-packages/airflow/example_dags/example_dag_decorator.py
[2024-12-01T02:18:11.519+0000] {processor.py:914} INFO - Processing file /home/airflow/.local/lib/python3.12/site-packages/airflow/example_dags/example_dag_decorator.py for tasks to queue
[2024-12-01T02:18:11.521+0000] {logging_mixin.py:190} INFO - [2024-12-01T02:18:11.520+0000] {dagbag.py:588} INFO - Filling up the DagBag from /home/airflow/.local/lib/python3.12/site-packages/airflow/example_dags/example_dag_decorator.py
[2024-12-01T02:18:11.535+0000] {processor.py:925} INFO - DAG(s) 'example_dag_decorator' retrieved from /home/airflow/.local/lib/python3.12/site-packages/airflow/example_dags/example_dag_decorator.py
[2024-12-01T02:18:11.557+0000] {logging_mixin.py:190} INFO - [2024-12-01T02:18:11.557+0000] {dag.py:3239} INFO - Sync 1 DAGs
[2024-12-01T02:18:11.570+0000] {logging_mixin.py:190} INFO - [2024-12-01T02:18:11.570+0000] {dag.py:4180} INFO - Setting next_dagrun for example_dag_decorator to None, run_after=None
[2024-12-01T02:18:11.587+0000] {processor.py:208} INFO - Processing /home/airflow/.local/lib/python3.12/site-packages/airflow/example_dags/example_dag_decorator.py took 0.074 seconds
[2024-12-01T02:18:42.149+0000] {processor.py:186} INFO - Started process (PID=51528) to work on /home/airflow/.local/lib/python3.12/site-packages/airflow/example_dags/example_dag_decorator.py
[2024-12-01T02:18:42.150+0000] {processor.py:914} INFO - Processing file /home/airflow/.local/lib/python3.12/site-packages/airflow/example_dags/example_dag_decorator.py for tasks to queue
[2024-12-01T02:18:42.152+0000] {logging_mixin.py:190} INFO - [2024-12-01T02:18:42.152+0000] {dagbag.py:588} INFO - Filling up the DagBag from /home/airflow/.local/lib/python3.12/site-packages/airflow/example_dags/example_dag_decorator.py
[2024-12-01T02:18:42.164+0000] {processor.py:925} INFO - DAG(s) 'example_dag_decorator' retrieved from /home/airflow/.local/lib/python3.12/site-packages/airflow/example_dags/example_dag_decorator.py
[2024-12-01T02:18:42.270+0000] {logging_mixin.py:190} INFO - [2024-12-01T02:18:42.270+0000] {dag.py:3239} INFO - Sync 1 DAGs
[2024-12-01T02:18:42.287+0000] {logging_mixin.py:190} INFO - [2024-12-01T02:18:42.287+0000] {dag.py:4180} INFO - Setting next_dagrun for example_dag_decorator to None, run_after=None
[2024-12-01T02:18:42.315+0000] {processor.py:208} INFO - Processing /home/airflow/.local/lib/python3.12/site-packages/airflow/example_dags/example_dag_decorator.py took 0.171 seconds
[2024-12-01T02:19:13.121+0000] {processor.py:186} INFO - Started process (PID=51595) to work on /home/airflow/.local/lib/python3.12/site-packages/airflow/example_dags/example_dag_decorator.py
[2024-12-01T02:19:13.122+0000] {processor.py:914} INFO - Processing file /home/airflow/.local/lib/python3.12/site-packages/airflow/example_dags/example_dag_decorator.py for tasks to queue
[2024-12-01T02:19:13.125+0000] {logging_mixin.py:190} INFO - [2024-12-01T02:19:13.124+0000] {dagbag.py:588} INFO - Filling up the DagBag from /home/airflow/.local/lib/python3.12/site-packages/airflow/example_dags/example_dag_decorator.py
[2024-12-01T02:19:13.135+0000] {processor.py:925} INFO - DAG(s) 'example_dag_decorator' retrieved from /home/airflow/.local/lib/python3.12/site-packages/airflow/example_dags/example_dag_decorator.py
[2024-12-01T02:19:13.384+0000] {logging_mixin.py:190} INFO - [2024-12-01T02:19:13.384+0000] {dag.py:3239} INFO - Sync 1 DAGs
[2024-12-01T02:19:13.395+0000] {logging_mixin.py:190} INFO - [2024-12-01T02:19:13.395+0000] {dag.py:4180} INFO - Setting next_dagrun for example_dag_decorator to None, run_after=None
[2024-12-01T02:19:13.412+0000] {processor.py:208} INFO - Processing /home/airflow/.local/lib/python3.12/site-packages/airflow/example_dags/example_dag_decorator.py took 0.297 seconds
[2024-12-01T02:19:44.384+0000] {processor.py:186} INFO - Started process (PID=51663) to work on /home/airflow/.local/lib/python3.12/site-packages/airflow/example_dags/example_dag_decorator.py
[2024-12-01T02:19:44.385+0000] {processor.py:914} INFO - Processing file /home/airflow/.local/lib/python3.12/site-packages/airflow/example_dags/example_dag_decorator.py for tasks to queue
[2024-12-01T02:19:44.387+0000] {logging_mixin.py:190} INFO - [2024-12-01T02:19:44.387+0000] {dagbag.py:588} INFO - Filling up the DagBag from /home/airflow/.local/lib/python3.12/site-packages/airflow/example_dags/example_dag_decorator.py
[2024-12-01T02:19:44.399+0000] {processor.py:925} INFO - DAG(s) 'example_dag_decorator' retrieved from /home/airflow/.local/lib/python3.12/site-packages/airflow/example_dags/example_dag_decorator.py
[2024-12-01T02:19:44.647+0000] {logging_mixin.py:190} INFO - [2024-12-01T02:19:44.647+0000] {dag.py:3239} INFO - Sync 1 DAGs
[2024-12-01T02:19:44.658+0000] {logging_mixin.py:190} INFO - [2024-12-01T02:19:44.657+0000] {dag.py:4180} INFO - Setting next_dagrun for example_dag_decorator to None, run_after=None
[2024-12-01T02:19:44.674+0000] {processor.py:208} INFO - Processing /home/airflow/.local/lib/python3.12/site-packages/airflow/example_dags/example_dag_decorator.py took 0.295 seconds
[2024-12-01T02:20:15.247+0000] {processor.py:186} INFO - Started process (PID=51727) to work on /home/airflow/.local/lib/python3.12/site-packages/airflow/example_dags/example_dag_decorator.py
[2024-12-01T02:20:15.248+0000] {processor.py:914} INFO - Processing file /home/airflow/.local/lib/python3.12/site-packages/airflow/example_dags/example_dag_decorator.py for tasks to queue
[2024-12-01T02:20:15.250+0000] {logging_mixin.py:190} INFO - [2024-12-01T02:20:15.250+0000] {dagbag.py:588} INFO - Filling up the DagBag from /home/airflow/.local/lib/python3.12/site-packages/airflow/example_dags/example_dag_decorator.py
[2024-12-01T02:20:15.261+0000] {processor.py:925} INFO - DAG(s) 'example_dag_decorator' retrieved from /home/airflow/.local/lib/python3.12/site-packages/airflow/example_dags/example_dag_decorator.py
[2024-12-01T02:20:15.362+0000] {logging_mixin.py:190} INFO - [2024-12-01T02:20:15.361+0000] {dag.py:3239} INFO - Sync 1 DAGs
[2024-12-01T02:20:15.513+0000] {logging_mixin.py:190} INFO - [2024-12-01T02:20:15.512+0000] {dag.py:4180} INFO - Setting next_dagrun for example_dag_decorator to None, run_after=None
[2024-12-01T02:20:15.530+0000] {processor.py:208} INFO - Processing /home/airflow/.local/lib/python3.12/site-packages/airflow/example_dags/example_dag_decorator.py took 0.287 seconds
[2024-12-01T02:20:46.380+0000] {processor.py:186} INFO - Started process (PID=51794) to work on /home/airflow/.local/lib/python3.12/site-packages/airflow/example_dags/example_dag_decorator.py
[2024-12-01T02:20:46.381+0000] {processor.py:914} INFO - Processing file /home/airflow/.local/lib/python3.12/site-packages/airflow/example_dags/example_dag_decorator.py for tasks to queue
[2024-12-01T02:20:46.383+0000] {logging_mixin.py:190} INFO - [2024-12-01T02:20:46.383+0000] {dagbag.py:588} INFO - Filling up the DagBag from /home/airflow/.local/lib/python3.12/site-packages/airflow/example_dags/example_dag_decorator.py
[2024-12-01T02:20:46.394+0000] {processor.py:925} INFO - DAG(s) 'example_dag_decorator' retrieved from /home/airflow/.local/lib/python3.12/site-packages/airflow/example_dags/example_dag_decorator.py
[2024-12-01T02:20:46.640+0000] {logging_mixin.py:190} INFO - [2024-12-01T02:20:46.640+0000] {dag.py:3239} INFO - Sync 1 DAGs
[2024-12-01T02:20:46.652+0000] {logging_mixin.py:190} INFO - [2024-12-01T02:20:46.651+0000] {dag.py:4180} INFO - Setting next_dagrun for example_dag_decorator to None, run_after=None
[2024-12-01T02:20:46.668+0000] {processor.py:208} INFO - Processing /home/airflow/.local/lib/python3.12/site-packages/airflow/example_dags/example_dag_decorator.py took 0.293 seconds
[2024-12-01T02:21:16.759+0000] {processor.py:186} INFO - Started process (PID=51859) to work on /home/airflow/.local/lib/python3.12/site-packages/airflow/example_dags/example_dag_decorator.py
[2024-12-01T02:21:16.760+0000] {processor.py:914} INFO - Processing file /home/airflow/.local/lib/python3.12/site-packages/airflow/example_dags/example_dag_decorator.py for tasks to queue
[2024-12-01T02:21:16.763+0000] {logging_mixin.py:190} INFO - [2024-12-01T02:21:16.762+0000] {dagbag.py:588} INFO - Filling up the DagBag from /home/airflow/.local/lib/python3.12/site-packages/airflow/example_dags/example_dag_decorator.py
[2024-12-01T02:21:16.773+0000] {processor.py:925} INFO - DAG(s) 'example_dag_decorator' retrieved from /home/airflow/.local/lib/python3.12/site-packages/airflow/example_dags/example_dag_decorator.py
[2024-12-01T02:21:17.019+0000] {logging_mixin.py:190} INFO - [2024-12-01T02:21:17.018+0000] {dag.py:3239} INFO - Sync 1 DAGs
[2024-12-01T02:21:17.030+0000] {logging_mixin.py:190} INFO - [2024-12-01T02:21:17.030+0000] {dag.py:4180} INFO - Setting next_dagrun for example_dag_decorator to None, run_after=None
[2024-12-01T02:21:17.047+0000] {processor.py:208} INFO - Processing /home/airflow/.local/lib/python3.12/site-packages/airflow/example_dags/example_dag_decorator.py took 0.293 seconds
[2024-12-01T02:21:47.954+0000] {processor.py:186} INFO - Started process (PID=51925) to work on /home/airflow/.local/lib/python3.12/site-packages/airflow/example_dags/example_dag_decorator.py
[2024-12-01T02:21:47.955+0000] {processor.py:914} INFO - Processing file /home/airflow/.local/lib/python3.12/site-packages/airflow/example_dags/example_dag_decorator.py for tasks to queue
[2024-12-01T02:21:47.957+0000] {logging_mixin.py:190} INFO - [2024-12-01T02:21:47.957+0000] {dagbag.py:588} INFO - Filling up the DagBag from /home/airflow/.local/lib/python3.12/site-packages/airflow/example_dags/example_dag_decorator.py
[2024-12-01T02:21:47.971+0000] {processor.py:925} INFO - DAG(s) 'example_dag_decorator' retrieved from /home/airflow/.local/lib/python3.12/site-packages/airflow/example_dags/example_dag_decorator.py
[2024-12-01T02:21:48.223+0000] {logging_mixin.py:190} INFO - [2024-12-01T02:21:48.223+0000] {dag.py:3239} INFO - Sync 1 DAGs
[2024-12-01T02:21:48.233+0000] {logging_mixin.py:190} INFO - [2024-12-01T02:21:48.233+0000] {dag.py:4180} INFO - Setting next_dagrun for example_dag_decorator to None, run_after=None
[2024-12-01T02:21:48.250+0000] {processor.py:208} INFO - Processing /home/airflow/.local/lib/python3.12/site-packages/airflow/example_dags/example_dag_decorator.py took 0.302 seconds
[2024-12-01T02:22:19.023+0000] {processor.py:186} INFO - Started process (PID=51991) to work on /home/airflow/.local/lib/python3.12/site-packages/airflow/example_dags/example_dag_decorator.py
[2024-12-01T02:22:19.024+0000] {processor.py:914} INFO - Processing file /home/airflow/.local/lib/python3.12/site-packages/airflow/example_dags/example_dag_decorator.py for tasks to queue
[2024-12-01T02:22:19.027+0000] {logging_mixin.py:190} INFO - [2024-12-01T02:22:19.026+0000] {dagbag.py:588} INFO - Filling up the DagBag from /home/airflow/.local/lib/python3.12/site-packages/airflow/example_dags/example_dag_decorator.py
[2024-12-01T02:22:19.038+0000] {processor.py:925} INFO - DAG(s) 'example_dag_decorator' retrieved from /home/airflow/.local/lib/python3.12/site-packages/airflow/example_dags/example_dag_decorator.py
[2024-12-01T02:22:19.332+0000] {logging_mixin.py:190} INFO - [2024-12-01T02:22:19.332+0000] {dag.py:3239} INFO - Sync 1 DAGs
[2024-12-01T02:22:19.358+0000] {logging_mixin.py:190} INFO - [2024-12-01T02:22:19.357+0000] {dag.py:4180} INFO - Setting next_dagrun for example_dag_decorator to None, run_after=None
[2024-12-01T02:22:19.411+0000] {processor.py:208} INFO - Processing /home/airflow/.local/lib/python3.12/site-packages/airflow/example_dags/example_dag_decorator.py took 0.393 seconds
[2024-12-01T02:22:49.919+0000] {processor.py:186} INFO - Started process (PID=52059) to work on /home/airflow/.local/lib/python3.12/site-packages/airflow/example_dags/example_dag_decorator.py
[2024-12-01T02:22:49.920+0000] {processor.py:914} INFO - Processing file /home/airflow/.local/lib/python3.12/site-packages/airflow/example_dags/example_dag_decorator.py for tasks to queue
[2024-12-01T02:22:49.922+0000] {logging_mixin.py:190} INFO - [2024-12-01T02:22:49.921+0000] {dagbag.py:588} INFO - Filling up the DagBag from /home/airflow/.local/lib/python3.12/site-packages/airflow/example_dags/example_dag_decorator.py
[2024-12-01T02:22:49.933+0000] {processor.py:925} INFO - DAG(s) 'example_dag_decorator' retrieved from /home/airflow/.local/lib/python3.12/site-packages/airflow/example_dags/example_dag_decorator.py
[2024-12-01T02:22:49.956+0000] {logging_mixin.py:190} INFO - [2024-12-01T02:22:49.955+0000] {dag.py:3239} INFO - Sync 1 DAGs
[2024-12-01T02:22:49.970+0000] {logging_mixin.py:190} INFO - [2024-12-01T02:22:49.969+0000] {dag.py:4180} INFO - Setting next_dagrun for example_dag_decorator to None, run_after=None
[2024-12-01T02:22:49.987+0000] {processor.py:208} INFO - Processing /home/airflow/.local/lib/python3.12/site-packages/airflow/example_dags/example_dag_decorator.py took 0.076 seconds
[2024-12-01T02:23:21.096+0000] {processor.py:186} INFO - Started process (PID=52123) to work on /home/airflow/.local/lib/python3.12/site-packages/airflow/example_dags/example_dag_decorator.py
[2024-12-01T02:23:21.096+0000] {processor.py:914} INFO - Processing file /home/airflow/.local/lib/python3.12/site-packages/airflow/example_dags/example_dag_decorator.py for tasks to queue
[2024-12-01T02:23:21.099+0000] {logging_mixin.py:190} INFO - [2024-12-01T02:23:21.098+0000] {dagbag.py:588} INFO - Filling up the DagBag from /home/airflow/.local/lib/python3.12/site-packages/airflow/example_dags/example_dag_decorator.py
[2024-12-01T02:23:21.110+0000] {processor.py:925} INFO - DAG(s) 'example_dag_decorator' retrieved from /home/airflow/.local/lib/python3.12/site-packages/airflow/example_dags/example_dag_decorator.py
[2024-12-01T02:23:21.364+0000] {logging_mixin.py:190} INFO - [2024-12-01T02:23:21.364+0000] {dag.py:3239} INFO - Sync 1 DAGs
[2024-12-01T02:23:21.374+0000] {logging_mixin.py:190} INFO - [2024-12-01T02:23:21.374+0000] {dag.py:4180} INFO - Setting next_dagrun for example_dag_decorator to None, run_after=None
[2024-12-01T02:23:21.390+0000] {processor.py:208} INFO - Processing /home/airflow/.local/lib/python3.12/site-packages/airflow/example_dags/example_dag_decorator.py took 0.300 seconds
[2024-12-01T02:23:52.121+0000] {processor.py:186} INFO - Started process (PID=52189) to work on /home/airflow/.local/lib/python3.12/site-packages/airflow/example_dags/example_dag_decorator.py
[2024-12-01T02:23:52.121+0000] {processor.py:914} INFO - Processing file /home/airflow/.local/lib/python3.12/site-packages/airflow/example_dags/example_dag_decorator.py for tasks to queue
[2024-12-01T02:23:52.124+0000] {logging_mixin.py:190} INFO - [2024-12-01T02:23:52.123+0000] {dagbag.py:588} INFO - Filling up the DagBag from /home/airflow/.local/lib/python3.12/site-packages/airflow/example_dags/example_dag_decorator.py
[2024-12-01T02:23:52.135+0000] {processor.py:925} INFO - DAG(s) 'example_dag_decorator' retrieved from /home/airflow/.local/lib/python3.12/site-packages/airflow/example_dags/example_dag_decorator.py
[2024-12-01T02:23:52.239+0000] {logging_mixin.py:190} INFO - [2024-12-01T02:23:52.239+0000] {dag.py:3239} INFO - Sync 1 DAGs
[2024-12-01T02:23:52.250+0000] {logging_mixin.py:190} INFO - [2024-12-01T02:23:52.250+0000] {dag.py:4180} INFO - Setting next_dagrun for example_dag_decorator to None, run_after=None
[2024-12-01T02:23:52.269+0000] {processor.py:208} INFO - Processing /home/airflow/.local/lib/python3.12/site-packages/airflow/example_dags/example_dag_decorator.py took 0.154 seconds
[2024-12-01T02:24:22.424+0000] {processor.py:186} INFO - Started process (PID=52255) to work on /home/airflow/.local/lib/python3.12/site-packages/airflow/example_dags/example_dag_decorator.py
[2024-12-01T02:24:22.425+0000] {processor.py:914} INFO - Processing file /home/airflow/.local/lib/python3.12/site-packages/airflow/example_dags/example_dag_decorator.py for tasks to queue
[2024-12-01T02:24:22.427+0000] {logging_mixin.py:190} INFO - [2024-12-01T02:24:22.427+0000] {dagbag.py:588} INFO - Filling up the DagBag from /home/airflow/.local/lib/python3.12/site-packages/airflow/example_dags/example_dag_decorator.py
[2024-12-01T02:24:22.438+0000] {processor.py:925} INFO - DAG(s) 'example_dag_decorator' retrieved from /home/airflow/.local/lib/python3.12/site-packages/airflow/example_dags/example_dag_decorator.py
[2024-12-01T02:24:22.548+0000] {logging_mixin.py:190} INFO - [2024-12-01T02:24:22.547+0000] {dag.py:3239} INFO - Sync 1 DAGs
[2024-12-01T02:24:22.559+0000] {logging_mixin.py:190} INFO - [2024-12-01T02:24:22.559+0000] {dag.py:4180} INFO - Setting next_dagrun for example_dag_decorator to None, run_after=None
[2024-12-01T02:24:22.577+0000] {processor.py:208} INFO - Processing /home/airflow/.local/lib/python3.12/site-packages/airflow/example_dags/example_dag_decorator.py took 0.159 seconds
[2024-12-01T02:24:52.832+0000] {processor.py:186} INFO - Started process (PID=52321) to work on /home/airflow/.local/lib/python3.12/site-packages/airflow/example_dags/example_dag_decorator.py
[2024-12-01T02:24:52.833+0000] {processor.py:914} INFO - Processing file /home/airflow/.local/lib/python3.12/site-packages/airflow/example_dags/example_dag_decorator.py for tasks to queue
[2024-12-01T02:24:52.836+0000] {logging_mixin.py:190} INFO - [2024-12-01T02:24:52.835+0000] {dagbag.py:588} INFO - Filling up the DagBag from /home/airflow/.local/lib/python3.12/site-packages/airflow/example_dags/example_dag_decorator.py
[2024-12-01T02:24:52.851+0000] {processor.py:925} INFO - DAG(s) 'example_dag_decorator' retrieved from /home/airflow/.local/lib/python3.12/site-packages/airflow/example_dags/example_dag_decorator.py
[2024-12-01T02:24:52.957+0000] {logging_mixin.py:190} INFO - [2024-12-01T02:24:52.957+0000] {dag.py:3239} INFO - Sync 1 DAGs
[2024-12-01T02:24:52.971+0000] {logging_mixin.py:190} INFO - [2024-12-01T02:24:52.971+0000] {dag.py:4180} INFO - Setting next_dagrun for example_dag_decorator to None, run_after=None
[2024-12-01T02:24:52.987+0000] {processor.py:208} INFO - Processing /home/airflow/.local/lib/python3.12/site-packages/airflow/example_dags/example_dag_decorator.py took 0.163 seconds
[2024-12-01T02:25:23.400+0000] {processor.py:186} INFO - Started process (PID=52387) to work on /home/airflow/.local/lib/python3.12/site-packages/airflow/example_dags/example_dag_decorator.py
[2024-12-01T02:25:23.401+0000] {processor.py:914} INFO - Processing file /home/airflow/.local/lib/python3.12/site-packages/airflow/example_dags/example_dag_decorator.py for tasks to queue
[2024-12-01T02:25:23.403+0000] {logging_mixin.py:190} INFO - [2024-12-01T02:25:23.403+0000] {dagbag.py:588} INFO - Filling up the DagBag from /home/airflow/.local/lib/python3.12/site-packages/airflow/example_dags/example_dag_decorator.py
[2024-12-01T02:25:23.416+0000] {processor.py:925} INFO - DAG(s) 'example_dag_decorator' retrieved from /home/airflow/.local/lib/python3.12/site-packages/airflow/example_dags/example_dag_decorator.py
[2024-12-01T02:25:23.524+0000] {logging_mixin.py:190} INFO - [2024-12-01T02:25:23.524+0000] {dag.py:3239} INFO - Sync 1 DAGs
[2024-12-01T02:25:23.536+0000] {logging_mixin.py:190} INFO - [2024-12-01T02:25:23.536+0000] {dag.py:4180} INFO - Setting next_dagrun for example_dag_decorator to None, run_after=None
[2024-12-01T02:25:23.554+0000] {processor.py:208} INFO - Processing /home/airflow/.local/lib/python3.12/site-packages/airflow/example_dags/example_dag_decorator.py took 0.159 seconds
[2024-12-01T02:25:54.100+0000] {processor.py:186} INFO - Started process (PID=52454) to work on /home/airflow/.local/lib/python3.12/site-packages/airflow/example_dags/example_dag_decorator.py
[2024-12-01T02:25:54.110+0000] {processor.py:914} INFO - Processing file /home/airflow/.local/lib/python3.12/site-packages/airflow/example_dags/example_dag_decorator.py for tasks to queue
[2024-12-01T02:25:54.114+0000] {logging_mixin.py:190} INFO - [2024-12-01T02:25:54.113+0000] {dagbag.py:588} INFO - Filling up the DagBag from /home/airflow/.local/lib/python3.12/site-packages/airflow/example_dags/example_dag_decorator.py
[2024-12-01T02:25:54.160+0000] {processor.py:925} INFO - DAG(s) 'example_dag_decorator' retrieved from /home/airflow/.local/lib/python3.12/site-packages/airflow/example_dags/example_dag_decorator.py
[2024-12-01T02:25:54.365+0000] {logging_mixin.py:190} INFO - [2024-12-01T02:25:54.365+0000] {dag.py:3239} INFO - Sync 1 DAGs
[2024-12-01T02:25:54.376+0000] {logging_mixin.py:190} INFO - [2024-12-01T02:25:54.376+0000] {dag.py:4180} INFO - Setting next_dagrun for example_dag_decorator to None, run_after=None
[2024-12-01T02:25:54.392+0000] {processor.py:208} INFO - Processing /home/airflow/.local/lib/python3.12/site-packages/airflow/example_dags/example_dag_decorator.py took 0.308 seconds
[2024-12-01T02:26:24.657+0000] {processor.py:186} INFO - Started process (PID=52519) to work on /home/airflow/.local/lib/python3.12/site-packages/airflow/example_dags/example_dag_decorator.py
[2024-12-01T02:26:24.658+0000] {processor.py:914} INFO - Processing file /home/airflow/.local/lib/python3.12/site-packages/airflow/example_dags/example_dag_decorator.py for tasks to queue
[2024-12-01T02:26:24.660+0000] {logging_mixin.py:190} INFO - [2024-12-01T02:26:24.660+0000] {dagbag.py:588} INFO - Filling up the DagBag from /home/airflow/.local/lib/python3.12/site-packages/airflow/example_dags/example_dag_decorator.py
[2024-12-01T02:26:24.672+0000] {processor.py:925} INFO - DAG(s) 'example_dag_decorator' retrieved from /home/airflow/.local/lib/python3.12/site-packages/airflow/example_dags/example_dag_decorator.py
[2024-12-01T02:26:24.778+0000] {logging_mixin.py:190} INFO - [2024-12-01T02:26:24.778+0000] {dag.py:3239} INFO - Sync 1 DAGs
[2024-12-01T02:26:24.790+0000] {logging_mixin.py:190} INFO - [2024-12-01T02:26:24.790+0000] {dag.py:4180} INFO - Setting next_dagrun for example_dag_decorator to None, run_after=None
[2024-12-01T02:26:24.809+0000] {processor.py:208} INFO - Processing /home/airflow/.local/lib/python3.12/site-packages/airflow/example_dags/example_dag_decorator.py took 0.158 seconds
[2024-12-01T02:26:55.204+0000] {processor.py:186} INFO - Started process (PID=52586) to work on /home/airflow/.local/lib/python3.12/site-packages/airflow/example_dags/example_dag_decorator.py
[2024-12-01T02:26:55.205+0000] {processor.py:914} INFO - Processing file /home/airflow/.local/lib/python3.12/site-packages/airflow/example_dags/example_dag_decorator.py for tasks to queue
[2024-12-01T02:26:55.207+0000] {logging_mixin.py:190} INFO - [2024-12-01T02:26:55.207+0000] {dagbag.py:588} INFO - Filling up the DagBag from /home/airflow/.local/lib/python3.12/site-packages/airflow/example_dags/example_dag_decorator.py
[2024-12-01T02:26:55.219+0000] {processor.py:925} INFO - DAG(s) 'example_dag_decorator' retrieved from /home/airflow/.local/lib/python3.12/site-packages/airflow/example_dags/example_dag_decorator.py
[2024-12-01T02:26:55.323+0000] {logging_mixin.py:190} INFO - [2024-12-01T02:26:55.323+0000] {dag.py:3239} INFO - Sync 1 DAGs
[2024-12-01T02:26:55.335+0000] {logging_mixin.py:190} INFO - [2024-12-01T02:26:55.334+0000] {dag.py:4180} INFO - Setting next_dagrun for example_dag_decorator to None, run_after=None
[2024-12-01T02:26:55.352+0000] {processor.py:208} INFO - Processing /home/airflow/.local/lib/python3.12/site-packages/airflow/example_dags/example_dag_decorator.py took 0.154 seconds
[2024-12-01T02:27:25.679+0000] {processor.py:186} INFO - Started process (PID=52651) to work on /home/airflow/.local/lib/python3.12/site-packages/airflow/example_dags/example_dag_decorator.py
[2024-12-01T02:27:25.680+0000] {processor.py:914} INFO - Processing file /home/airflow/.local/lib/python3.12/site-packages/airflow/example_dags/example_dag_decorator.py for tasks to queue
[2024-12-01T02:27:25.682+0000] {logging_mixin.py:190} INFO - [2024-12-01T02:27:25.682+0000] {dagbag.py:588} INFO - Filling up the DagBag from /home/airflow/.local/lib/python3.12/site-packages/airflow/example_dags/example_dag_decorator.py
[2024-12-01T02:27:25.694+0000] {processor.py:925} INFO - DAG(s) 'example_dag_decorator' retrieved from /home/airflow/.local/lib/python3.12/site-packages/airflow/example_dags/example_dag_decorator.py
[2024-12-01T02:27:25.799+0000] {logging_mixin.py:190} INFO - [2024-12-01T02:27:25.798+0000] {dag.py:3239} INFO - Sync 1 DAGs
[2024-12-01T02:27:25.810+0000] {logging_mixin.py:190} INFO - [2024-12-01T02:27:25.810+0000] {dag.py:4180} INFO - Setting next_dagrun for example_dag_decorator to None, run_after=None
[2024-12-01T02:27:25.828+0000] {processor.py:208} INFO - Processing /home/airflow/.local/lib/python3.12/site-packages/airflow/example_dags/example_dag_decorator.py took 0.154 seconds
[2024-12-01T02:27:56.207+0000] {processor.py:186} INFO - Started process (PID=52717) to work on /home/airflow/.local/lib/python3.12/site-packages/airflow/example_dags/example_dag_decorator.py
[2024-12-01T02:27:56.208+0000] {processor.py:914} INFO - Processing file /home/airflow/.local/lib/python3.12/site-packages/airflow/example_dags/example_dag_decorator.py for tasks to queue
[2024-12-01T02:27:56.210+0000] {logging_mixin.py:190} INFO - [2024-12-01T02:27:56.210+0000] {dagbag.py:588} INFO - Filling up the DagBag from /home/airflow/.local/lib/python3.12/site-packages/airflow/example_dags/example_dag_decorator.py
[2024-12-01T02:27:56.221+0000] {processor.py:925} INFO - DAG(s) 'example_dag_decorator' retrieved from /home/airflow/.local/lib/python3.12/site-packages/airflow/example_dags/example_dag_decorator.py
[2024-12-01T02:27:56.326+0000] {logging_mixin.py:190} INFO - [2024-12-01T02:27:56.326+0000] {dag.py:3239} INFO - Sync 1 DAGs
[2024-12-01T02:27:56.338+0000] {logging_mixin.py:190} INFO - [2024-12-01T02:27:56.338+0000] {dag.py:4180} INFO - Setting next_dagrun for example_dag_decorator to None, run_after=None
[2024-12-01T02:27:56.355+0000] {processor.py:208} INFO - Processing /home/airflow/.local/lib/python3.12/site-packages/airflow/example_dags/example_dag_decorator.py took 0.153 seconds
[2024-12-01T02:28:26.694+0000] {processor.py:186} INFO - Started process (PID=52783) to work on /home/airflow/.local/lib/python3.12/site-packages/airflow/example_dags/example_dag_decorator.py
[2024-12-01T02:28:26.695+0000] {processor.py:914} INFO - Processing file /home/airflow/.local/lib/python3.12/site-packages/airflow/example_dags/example_dag_decorator.py for tasks to queue
[2024-12-01T02:28:26.697+0000] {logging_mixin.py:190} INFO - [2024-12-01T02:28:26.697+0000] {dagbag.py:588} INFO - Filling up the DagBag from /home/airflow/.local/lib/python3.12/site-packages/airflow/example_dags/example_dag_decorator.py
[2024-12-01T02:28:26.708+0000] {processor.py:925} INFO - DAG(s) 'example_dag_decorator' retrieved from /home/airflow/.local/lib/python3.12/site-packages/airflow/example_dags/example_dag_decorator.py
[2024-12-01T02:28:26.819+0000] {logging_mixin.py:190} INFO - [2024-12-01T02:28:26.819+0000] {dag.py:3239} INFO - Sync 1 DAGs
[2024-12-01T02:28:26.830+0000] {logging_mixin.py:190} INFO - [2024-12-01T02:28:26.830+0000] {dag.py:4180} INFO - Setting next_dagrun for example_dag_decorator to None, run_after=None
[2024-12-01T02:28:26.848+0000] {processor.py:208} INFO - Processing /home/airflow/.local/lib/python3.12/site-packages/airflow/example_dags/example_dag_decorator.py took 0.159 seconds
[2024-12-01T02:28:57.244+0000] {processor.py:186} INFO - Started process (PID=52849) to work on /home/airflow/.local/lib/python3.12/site-packages/airflow/example_dags/example_dag_decorator.py
[2024-12-01T02:28:57.245+0000] {processor.py:914} INFO - Processing file /home/airflow/.local/lib/python3.12/site-packages/airflow/example_dags/example_dag_decorator.py for tasks to queue
[2024-12-01T02:28:57.247+0000] {logging_mixin.py:190} INFO - [2024-12-01T02:28:57.247+0000] {dagbag.py:588} INFO - Filling up the DagBag from /home/airflow/.local/lib/python3.12/site-packages/airflow/example_dags/example_dag_decorator.py
[2024-12-01T02:28:57.261+0000] {processor.py:925} INFO - DAG(s) 'example_dag_decorator' retrieved from /home/airflow/.local/lib/python3.12/site-packages/airflow/example_dags/example_dag_decorator.py
[2024-12-01T02:28:57.373+0000] {logging_mixin.py:190} INFO - [2024-12-01T02:28:57.373+0000] {dag.py:3239} INFO - Sync 1 DAGs
[2024-12-01T02:28:57.384+0000] {logging_mixin.py:190} INFO - [2024-12-01T02:28:57.384+0000] {dag.py:4180} INFO - Setting next_dagrun for example_dag_decorator to None, run_after=None
[2024-12-01T02:28:57.401+0000] {processor.py:208} INFO - Processing /home/airflow/.local/lib/python3.12/site-packages/airflow/example_dags/example_dag_decorator.py took 0.162 seconds
[2024-12-01T02:29:27.800+0000] {processor.py:186} INFO - Started process (PID=52915) to work on /home/airflow/.local/lib/python3.12/site-packages/airflow/example_dags/example_dag_decorator.py
[2024-12-01T02:29:27.801+0000] {processor.py:914} INFO - Processing file /home/airflow/.local/lib/python3.12/site-packages/airflow/example_dags/example_dag_decorator.py for tasks to queue
[2024-12-01T02:29:27.804+0000] {logging_mixin.py:190} INFO - [2024-12-01T02:29:27.803+0000] {dagbag.py:588} INFO - Filling up the DagBag from /home/airflow/.local/lib/python3.12/site-packages/airflow/example_dags/example_dag_decorator.py
[2024-12-01T02:29:27.814+0000] {processor.py:925} INFO - DAG(s) 'example_dag_decorator' retrieved from /home/airflow/.local/lib/python3.12/site-packages/airflow/example_dags/example_dag_decorator.py
[2024-12-01T02:29:27.926+0000] {logging_mixin.py:190} INFO - [2024-12-01T02:29:27.926+0000] {dag.py:3239} INFO - Sync 1 DAGs
[2024-12-01T02:29:27.937+0000] {logging_mixin.py:190} INFO - [2024-12-01T02:29:27.937+0000] {dag.py:4180} INFO - Setting next_dagrun for example_dag_decorator to None, run_after=None
[2024-12-01T02:29:27.956+0000] {processor.py:208} INFO - Processing /home/airflow/.local/lib/python3.12/site-packages/airflow/example_dags/example_dag_decorator.py took 0.162 seconds
[2024-12-01T02:29:58.172+0000] {processor.py:186} INFO - Started process (PID=52981) to work on /home/airflow/.local/lib/python3.12/site-packages/airflow/example_dags/example_dag_decorator.py
[2024-12-01T02:29:58.173+0000] {processor.py:914} INFO - Processing file /home/airflow/.local/lib/python3.12/site-packages/airflow/example_dags/example_dag_decorator.py for tasks to queue
[2024-12-01T02:29:58.175+0000] {logging_mixin.py:190} INFO - [2024-12-01T02:29:58.174+0000] {dagbag.py:588} INFO - Filling up the DagBag from /home/airflow/.local/lib/python3.12/site-packages/airflow/example_dags/example_dag_decorator.py
[2024-12-01T02:29:58.188+0000] {processor.py:925} INFO - DAG(s) 'example_dag_decorator' retrieved from /home/airflow/.local/lib/python3.12/site-packages/airflow/example_dags/example_dag_decorator.py
[2024-12-01T02:29:58.371+0000] {logging_mixin.py:190} INFO - [2024-12-01T02:29:58.370+0000] {dag.py:3239} INFO - Sync 1 DAGs
[2024-12-01T02:29:58.399+0000] {logging_mixin.py:190} INFO - [2024-12-01T02:29:58.399+0000] {dag.py:4180} INFO - Setting next_dagrun for example_dag_decorator to None, run_after=None
[2024-12-01T02:29:58.420+0000] {processor.py:208} INFO - Processing /home/airflow/.local/lib/python3.12/site-packages/airflow/example_dags/example_dag_decorator.py took 0.254 seconds
[2024-12-01T02:30:28.764+0000] {processor.py:186} INFO - Started process (PID=53047) to work on /home/airflow/.local/lib/python3.12/site-packages/airflow/example_dags/example_dag_decorator.py
[2024-12-01T02:30:28.764+0000] {processor.py:914} INFO - Processing file /home/airflow/.local/lib/python3.12/site-packages/airflow/example_dags/example_dag_decorator.py for tasks to queue
[2024-12-01T02:30:28.766+0000] {logging_mixin.py:190} INFO - [2024-12-01T02:30:28.766+0000] {dagbag.py:588} INFO - Filling up the DagBag from /home/airflow/.local/lib/python3.12/site-packages/airflow/example_dags/example_dag_decorator.py
[2024-12-01T02:30:28.777+0000] {processor.py:925} INFO - DAG(s) 'example_dag_decorator' retrieved from /home/airflow/.local/lib/python3.12/site-packages/airflow/example_dags/example_dag_decorator.py
[2024-12-01T02:30:28.880+0000] {logging_mixin.py:190} INFO - [2024-12-01T02:30:28.880+0000] {dag.py:3239} INFO - Sync 1 DAGs
[2024-12-01T02:30:28.895+0000] {logging_mixin.py:190} INFO - [2024-12-01T02:30:28.894+0000] {dag.py:4180} INFO - Setting next_dagrun for example_dag_decorator to None, run_after=None
[2024-12-01T02:30:28.912+0000] {processor.py:208} INFO - Processing /home/airflow/.local/lib/python3.12/site-packages/airflow/example_dags/example_dag_decorator.py took 0.154 seconds
[2024-12-01T02:30:59.525+0000] {processor.py:186} INFO - Started process (PID=53113) to work on /home/airflow/.local/lib/python3.12/site-packages/airflow/example_dags/example_dag_decorator.py
[2024-12-01T02:30:59.526+0000] {processor.py:914} INFO - Processing file /home/airflow/.local/lib/python3.12/site-packages/airflow/example_dags/example_dag_decorator.py for tasks to queue
[2024-12-01T02:30:59.528+0000] {logging_mixin.py:190} INFO - [2024-12-01T02:30:59.528+0000] {dagbag.py:588} INFO - Filling up the DagBag from /home/airflow/.local/lib/python3.12/site-packages/airflow/example_dags/example_dag_decorator.py
[2024-12-01T02:30:59.539+0000] {processor.py:925} INFO - DAG(s) 'example_dag_decorator' retrieved from /home/airflow/.local/lib/python3.12/site-packages/airflow/example_dags/example_dag_decorator.py
[2024-12-01T02:30:59.561+0000] {logging_mixin.py:190} INFO - [2024-12-01T02:30:59.561+0000] {dag.py:3239} INFO - Sync 1 DAGs
[2024-12-01T02:30:59.575+0000] {logging_mixin.py:190} INFO - [2024-12-01T02:30:59.575+0000] {dag.py:4180} INFO - Setting next_dagrun for example_dag_decorator to None, run_after=None
[2024-12-01T02:30:59.592+0000] {processor.py:208} INFO - Processing /home/airflow/.local/lib/python3.12/site-packages/airflow/example_dags/example_dag_decorator.py took 0.072 seconds
[2024-12-01T02:31:30.731+0000] {processor.py:186} INFO - Started process (PID=53185) to work on /home/airflow/.local/lib/python3.12/site-packages/airflow/example_dags/example_dag_decorator.py
[2024-12-01T02:31:30.732+0000] {processor.py:914} INFO - Processing file /home/airflow/.local/lib/python3.12/site-packages/airflow/example_dags/example_dag_decorator.py for tasks to queue
[2024-12-01T02:31:30.734+0000] {logging_mixin.py:190} INFO - [2024-12-01T02:31:30.733+0000] {dagbag.py:588} INFO - Filling up the DagBag from /home/airflow/.local/lib/python3.12/site-packages/airflow/example_dags/example_dag_decorator.py
[2024-12-01T02:31:30.745+0000] {processor.py:925} INFO - DAG(s) 'example_dag_decorator' retrieved from /home/airflow/.local/lib/python3.12/site-packages/airflow/example_dags/example_dag_decorator.py
[2024-12-01T02:31:30.858+0000] {logging_mixin.py:190} INFO - [2024-12-01T02:31:30.858+0000] {dag.py:3239} INFO - Sync 1 DAGs
[2024-12-01T02:31:30.871+0000] {logging_mixin.py:190} INFO - [2024-12-01T02:31:30.871+0000] {dag.py:4180} INFO - Setting next_dagrun for example_dag_decorator to None, run_after=None
[2024-12-01T02:31:30.888+0000] {processor.py:208} INFO - Processing /home/airflow/.local/lib/python3.12/site-packages/airflow/example_dags/example_dag_decorator.py took 0.164 seconds
[2024-12-01T02:32:01.340+0000] {processor.py:186} INFO - Started process (PID=53251) to work on /home/airflow/.local/lib/python3.12/site-packages/airflow/example_dags/example_dag_decorator.py
[2024-12-01T02:32:01.341+0000] {processor.py:914} INFO - Processing file /home/airflow/.local/lib/python3.12/site-packages/airflow/example_dags/example_dag_decorator.py for tasks to queue
[2024-12-01T02:32:01.343+0000] {logging_mixin.py:190} INFO - [2024-12-01T02:32:01.343+0000] {dagbag.py:588} INFO - Filling up the DagBag from /home/airflow/.local/lib/python3.12/site-packages/airflow/example_dags/example_dag_decorator.py
[2024-12-01T02:32:01.356+0000] {processor.py:925} INFO - DAG(s) 'example_dag_decorator' retrieved from /home/airflow/.local/lib/python3.12/site-packages/airflow/example_dags/example_dag_decorator.py
[2024-12-01T02:32:01.471+0000] {logging_mixin.py:190} INFO - [2024-12-01T02:32:01.470+0000] {dag.py:3239} INFO - Sync 1 DAGs
[2024-12-01T02:32:01.482+0000] {logging_mixin.py:190} INFO - [2024-12-01T02:32:01.482+0000] {dag.py:4180} INFO - Setting next_dagrun for example_dag_decorator to None, run_after=None
[2024-12-01T02:32:01.501+0000] {processor.py:208} INFO - Processing /home/airflow/.local/lib/python3.12/site-packages/airflow/example_dags/example_dag_decorator.py took 0.167 seconds
[2024-12-01T02:32:32.603+0000] {processor.py:186} INFO - Started process (PID=53317) to work on /home/airflow/.local/lib/python3.12/site-packages/airflow/example_dags/example_dag_decorator.py
[2024-12-01T02:32:32.603+0000] {processor.py:914} INFO - Processing file /home/airflow/.local/lib/python3.12/site-packages/airflow/example_dags/example_dag_decorator.py for tasks to queue
[2024-12-01T02:32:32.605+0000] {logging_mixin.py:190} INFO - [2024-12-01T02:32:32.605+0000] {dagbag.py:588} INFO - Filling up the DagBag from /home/airflow/.local/lib/python3.12/site-packages/airflow/example_dags/example_dag_decorator.py
[2024-12-01T02:32:32.619+0000] {processor.py:925} INFO - DAG(s) 'example_dag_decorator' retrieved from /home/airflow/.local/lib/python3.12/site-packages/airflow/example_dags/example_dag_decorator.py
[2024-12-01T02:32:32.641+0000] {logging_mixin.py:190} INFO - [2024-12-01T02:32:32.640+0000] {dag.py:3239} INFO - Sync 1 DAGs
[2024-12-01T02:32:32.653+0000] {logging_mixin.py:190} INFO - [2024-12-01T02:32:32.653+0000] {dag.py:4180} INFO - Setting next_dagrun for example_dag_decorator to None, run_after=None
[2024-12-01T02:32:32.669+0000] {processor.py:208} INFO - Processing /home/airflow/.local/lib/python3.12/site-packages/airflow/example_dags/example_dag_decorator.py took 0.072 seconds
[2024-12-01T02:33:03.222+0000] {processor.py:186} INFO - Started process (PID=53383) to work on /home/airflow/.local/lib/python3.12/site-packages/airflow/example_dags/example_dag_decorator.py
[2024-12-01T02:33:03.223+0000] {processor.py:914} INFO - Processing file /home/airflow/.local/lib/python3.12/site-packages/airflow/example_dags/example_dag_decorator.py for tasks to queue
[2024-12-01T02:33:03.226+0000] {logging_mixin.py:190} INFO - [2024-12-01T02:33:03.225+0000] {dagbag.py:588} INFO - Filling up the DagBag from /home/airflow/.local/lib/python3.12/site-packages/airflow/example_dags/example_dag_decorator.py
[2024-12-01T02:33:03.237+0000] {processor.py:925} INFO - DAG(s) 'example_dag_decorator' retrieved from /home/airflow/.local/lib/python3.12/site-packages/airflow/example_dags/example_dag_decorator.py
[2024-12-01T02:33:03.348+0000] {logging_mixin.py:190} INFO - [2024-12-01T02:33:03.348+0000] {dag.py:3239} INFO - Sync 1 DAGs
[2024-12-01T02:33:03.359+0000] {logging_mixin.py:190} INFO - [2024-12-01T02:33:03.359+0000] {dag.py:4180} INFO - Setting next_dagrun for example_dag_decorator to None, run_after=None
[2024-12-01T02:33:03.376+0000] {processor.py:208} INFO - Processing /home/airflow/.local/lib/python3.12/site-packages/airflow/example_dags/example_dag_decorator.py took 0.159 seconds
[2024-12-01T02:33:34.100+0000] {processor.py:186} INFO - Started process (PID=53449) to work on /home/airflow/.local/lib/python3.12/site-packages/airflow/example_dags/example_dag_decorator.py
[2024-12-01T02:33:34.101+0000] {processor.py:914} INFO - Processing file /home/airflow/.local/lib/python3.12/site-packages/airflow/example_dags/example_dag_decorator.py for tasks to queue
[2024-12-01T02:33:34.103+0000] {logging_mixin.py:190} INFO - [2024-12-01T02:33:34.103+0000] {dagbag.py:588} INFO - Filling up the DagBag from /home/airflow/.local/lib/python3.12/site-packages/airflow/example_dags/example_dag_decorator.py
[2024-12-01T02:33:34.114+0000] {processor.py:925} INFO - DAG(s) 'example_dag_decorator' retrieved from /home/airflow/.local/lib/python3.12/site-packages/airflow/example_dags/example_dag_decorator.py
[2024-12-01T02:33:34.137+0000] {logging_mixin.py:190} INFO - [2024-12-01T02:33:34.137+0000] {dag.py:3239} INFO - Sync 1 DAGs
[2024-12-01T02:33:34.150+0000] {logging_mixin.py:190} INFO - [2024-12-01T02:33:34.150+0000] {dag.py:4180} INFO - Setting next_dagrun for example_dag_decorator to None, run_after=None
[2024-12-01T02:33:34.168+0000] {processor.py:208} INFO - Processing /home/airflow/.local/lib/python3.12/site-packages/airflow/example_dags/example_dag_decorator.py took 0.073 seconds
