[2024-12-01T02:10:55.750+0000] {processor.py:186} INFO - Started process (PID=50524) to work on /home/airflow/.local/lib/python3.12/site-packages/airflow/example_dags/example_inlet_event_extra.py
[2024-12-01T02:10:55.763+0000] {processor.py:914} INFO - Processing file /home/airflow/.local/lib/python3.12/site-packages/airflow/example_dags/example_inlet_event_extra.py for tasks to queue
[2024-12-01T02:10:55.770+0000] {logging_mixin.py:190} INFO - [2024-12-01T02:10:55.769+0000] {dagbag.py:588} INFO - Filling up the DagBag from /home/airflow/.local/lib/python3.12/site-packages/airflow/example_dags/example_inlet_event_extra.py
[2024-12-01T02:10:56.959+0000] {processor.py:925} INFO - DAG(s) 'read_dataset_event', 'read_dataset_event_from_classic' retrieved from /home/airflow/.local/lib/python3.12/site-packages/airflow/example_dags/example_inlet_event_extra.py
[2024-12-01T02:10:57.016+0000] {logging_mixin.py:190} INFO - [2024-12-01T02:10:57.016+0000] {dag.py:3239} INFO - Sync 2 DAGs
[2024-12-01T02:10:57.080+0000] {logging_mixin.py:190} INFO - [2024-12-01T02:10:57.079+0000] {dag.py:4180} INFO - Setting next_dagrun for read_dataset_event to 2024-11-30 00:00:00+00:00, run_after=2024-12-01 00:00:00+00:00
[2024-12-01T02:10:57.100+0000] {logging_mixin.py:190} INFO - [2024-12-01T02:10:57.099+0000] {dag.py:4180} INFO - Setting next_dagrun for read_dataset_event_from_classic to 2024-11-30 00:00:00+00:00, run_after=2024-12-01 00:00:00+00:00
[2024-12-01T02:10:57.146+0000] {processor.py:208} INFO - Processing /home/airflow/.local/lib/python3.12/site-packages/airflow/example_dags/example_inlet_event_extra.py took 1.405 seconds
[2024-12-01T02:11:27.970+0000] {processor.py:186} INFO - Started process (PID=50590) to work on /home/airflow/.local/lib/python3.12/site-packages/airflow/example_dags/example_inlet_event_extra.py
[2024-12-01T02:11:27.971+0000] {processor.py:914} INFO - Processing file /home/airflow/.local/lib/python3.12/site-packages/airflow/example_dags/example_inlet_event_extra.py for tasks to queue
[2024-12-01T02:11:27.974+0000] {logging_mixin.py:190} INFO - [2024-12-01T02:11:27.974+0000] {dagbag.py:588} INFO - Filling up the DagBag from /home/airflow/.local/lib/python3.12/site-packages/airflow/example_dags/example_inlet_event_extra.py
[2024-12-01T02:11:28.431+0000] {processor.py:925} INFO - DAG(s) 'read_dataset_event', 'read_dataset_event_from_classic' retrieved from /home/airflow/.local/lib/python3.12/site-packages/airflow/example_dags/example_inlet_event_extra.py
[2024-12-01T02:11:28.450+0000] {logging_mixin.py:190} INFO - [2024-12-01T02:11:28.449+0000] {dag.py:3239} INFO - Sync 2 DAGs
[2024-12-01T02:11:28.473+0000] {logging_mixin.py:190} INFO - [2024-12-01T02:11:28.473+0000] {dag.py:4180} INFO - Setting next_dagrun for read_dataset_event to 2024-11-30 00:00:00+00:00, run_after=2024-12-01 00:00:00+00:00
[2024-12-01T02:11:28.481+0000] {logging_mixin.py:190} INFO - [2024-12-01T02:11:28.480+0000] {dag.py:4180} INFO - Setting next_dagrun for read_dataset_event_from_classic to 2024-11-30 00:00:00+00:00, run_after=2024-12-01 00:00:00+00:00
[2024-12-01T02:11:28.497+0000] {processor.py:208} INFO - Processing /home/airflow/.local/lib/python3.12/site-packages/airflow/example_dags/example_inlet_event_extra.py took 0.534 seconds
[2024-12-01T02:11:58.704+0000] {processor.py:186} INFO - Started process (PID=50663) to work on /home/airflow/.local/lib/python3.12/site-packages/airflow/example_dags/example_inlet_event_extra.py
[2024-12-01T02:11:58.705+0000] {processor.py:914} INFO - Processing file /home/airflow/.local/lib/python3.12/site-packages/airflow/example_dags/example_inlet_event_extra.py for tasks to queue
[2024-12-01T02:11:58.707+0000] {logging_mixin.py:190} INFO - [2024-12-01T02:11:58.707+0000] {dagbag.py:588} INFO - Filling up the DagBag from /home/airflow/.local/lib/python3.12/site-packages/airflow/example_dags/example_inlet_event_extra.py
[2024-12-01T02:11:59.275+0000] {processor.py:925} INFO - DAG(s) 'read_dataset_event', 'read_dataset_event_from_classic' retrieved from /home/airflow/.local/lib/python3.12/site-packages/airflow/example_dags/example_inlet_event_extra.py
[2024-12-01T02:11:59.292+0000] {logging_mixin.py:190} INFO - [2024-12-01T02:11:59.292+0000] {dag.py:3239} INFO - Sync 2 DAGs
[2024-12-01T02:11:59.314+0000] {logging_mixin.py:190} INFO - [2024-12-01T02:11:59.313+0000] {dag.py:4180} INFO - Setting next_dagrun for read_dataset_event to 2024-11-30 00:00:00+00:00, run_after=2024-12-01 00:00:00+00:00
[2024-12-01T02:11:59.318+0000] {logging_mixin.py:190} INFO - [2024-12-01T02:11:59.318+0000] {dag.py:4180} INFO - Setting next_dagrun for read_dataset_event_from_classic to 2024-11-30 00:00:00+00:00, run_after=2024-12-01 00:00:00+00:00
[2024-12-01T02:11:59.333+0000] {processor.py:208} INFO - Processing /home/airflow/.local/lib/python3.12/site-packages/airflow/example_dags/example_inlet_event_extra.py took 0.636 seconds
[2024-12-01T02:12:30.293+0000] {processor.py:186} INFO - Started process (PID=50729) to work on /home/airflow/.local/lib/python3.12/site-packages/airflow/example_dags/example_inlet_event_extra.py
[2024-12-01T02:12:30.293+0000] {processor.py:914} INFO - Processing file /home/airflow/.local/lib/python3.12/site-packages/airflow/example_dags/example_inlet_event_extra.py for tasks to queue
[2024-12-01T02:12:30.296+0000] {logging_mixin.py:190} INFO - [2024-12-01T02:12:30.295+0000] {dagbag.py:588} INFO - Filling up the DagBag from /home/airflow/.local/lib/python3.12/site-packages/airflow/example_dags/example_inlet_event_extra.py
[2024-12-01T02:12:30.724+0000] {processor.py:925} INFO - DAG(s) 'read_dataset_event', 'read_dataset_event_from_classic' retrieved from /home/airflow/.local/lib/python3.12/site-packages/airflow/example_dags/example_inlet_event_extra.py
[2024-12-01T02:12:30.744+0000] {logging_mixin.py:190} INFO - [2024-12-01T02:12:30.744+0000] {dag.py:3239} INFO - Sync 2 DAGs
[2024-12-01T02:12:30.766+0000] {logging_mixin.py:190} INFO - [2024-12-01T02:12:30.766+0000] {dag.py:4180} INFO - Setting next_dagrun for read_dataset_event to 2024-11-30 00:00:00+00:00, run_after=2024-12-01 00:00:00+00:00
[2024-12-01T02:12:30.771+0000] {logging_mixin.py:190} INFO - [2024-12-01T02:12:30.770+0000] {dag.py:4180} INFO - Setting next_dagrun for read_dataset_event_from_classic to 2024-11-30 00:00:00+00:00, run_after=2024-12-01 00:00:00+00:00
[2024-12-01T02:12:30.785+0000] {processor.py:208} INFO - Processing /home/airflow/.local/lib/python3.12/site-packages/airflow/example_dags/example_inlet_event_extra.py took 0.497 seconds
[2024-12-01T02:13:01.091+0000] {processor.py:186} INFO - Started process (PID=50795) to work on /home/airflow/.local/lib/python3.12/site-packages/airflow/example_dags/example_inlet_event_extra.py
[2024-12-01T02:13:01.092+0000] {processor.py:914} INFO - Processing file /home/airflow/.local/lib/python3.12/site-packages/airflow/example_dags/example_inlet_event_extra.py for tasks to queue
[2024-12-01T02:13:01.094+0000] {logging_mixin.py:190} INFO - [2024-12-01T02:13:01.094+0000] {dagbag.py:588} INFO - Filling up the DagBag from /home/airflow/.local/lib/python3.12/site-packages/airflow/example_dags/example_inlet_event_extra.py
[2024-12-01T02:13:01.548+0000] {processor.py:925} INFO - DAG(s) 'read_dataset_event', 'read_dataset_event_from_classic' retrieved from /home/airflow/.local/lib/python3.12/site-packages/airflow/example_dags/example_inlet_event_extra.py
[2024-12-01T02:13:01.566+0000] {logging_mixin.py:190} INFO - [2024-12-01T02:13:01.565+0000] {dag.py:3239} INFO - Sync 2 DAGs
[2024-12-01T02:13:01.587+0000] {logging_mixin.py:190} INFO - [2024-12-01T02:13:01.587+0000] {dag.py:4180} INFO - Setting next_dagrun for read_dataset_event to 2024-11-30 00:00:00+00:00, run_after=2024-12-01 00:00:00+00:00
[2024-12-01T02:13:01.592+0000] {logging_mixin.py:190} INFO - [2024-12-01T02:13:01.592+0000] {dag.py:4180} INFO - Setting next_dagrun for read_dataset_event_from_classic to 2024-11-30 00:00:00+00:00, run_after=2024-12-01 00:00:00+00:00
[2024-12-01T02:13:01.606+0000] {processor.py:208} INFO - Processing /home/airflow/.local/lib/python3.12/site-packages/airflow/example_dags/example_inlet_event_extra.py took 0.521 seconds
[2024-12-01T02:13:31.768+0000] {processor.py:186} INFO - Started process (PID=50861) to work on /home/airflow/.local/lib/python3.12/site-packages/airflow/example_dags/example_inlet_event_extra.py
[2024-12-01T02:13:31.770+0000] {processor.py:914} INFO - Processing file /home/airflow/.local/lib/python3.12/site-packages/airflow/example_dags/example_inlet_event_extra.py for tasks to queue
[2024-12-01T02:13:31.773+0000] {logging_mixin.py:190} INFO - [2024-12-01T02:13:31.773+0000] {dagbag.py:588} INFO - Filling up the DagBag from /home/airflow/.local/lib/python3.12/site-packages/airflow/example_dags/example_inlet_event_extra.py
[2024-12-01T02:13:32.265+0000] {processor.py:925} INFO - DAG(s) 'read_dataset_event', 'read_dataset_event_from_classic' retrieved from /home/airflow/.local/lib/python3.12/site-packages/airflow/example_dags/example_inlet_event_extra.py
[2024-12-01T02:13:32.289+0000] {logging_mixin.py:190} INFO - [2024-12-01T02:13:32.288+0000] {dag.py:3239} INFO - Sync 2 DAGs
[2024-12-01T02:13:32.312+0000] {logging_mixin.py:190} INFO - [2024-12-01T02:13:32.311+0000] {dag.py:4180} INFO - Setting next_dagrun for read_dataset_event to 2024-11-30 00:00:00+00:00, run_after=2024-12-01 00:00:00+00:00
[2024-12-01T02:13:32.317+0000] {logging_mixin.py:190} INFO - [2024-12-01T02:13:32.316+0000] {dag.py:4180} INFO - Setting next_dagrun for read_dataset_event_from_classic to 2024-11-30 00:00:00+00:00, run_after=2024-12-01 00:00:00+00:00
[2024-12-01T02:13:32.331+0000] {processor.py:208} INFO - Processing /home/airflow/.local/lib/python3.12/site-packages/airflow/example_dags/example_inlet_event_extra.py took 0.572 seconds
[2024-12-01T02:14:02.455+0000] {processor.py:186} INFO - Started process (PID=50927) to work on /home/airflow/.local/lib/python3.12/site-packages/airflow/example_dags/example_inlet_event_extra.py
[2024-12-01T02:14:02.456+0000] {processor.py:914} INFO - Processing file /home/airflow/.local/lib/python3.12/site-packages/airflow/example_dags/example_inlet_event_extra.py for tasks to queue
[2024-12-01T02:14:02.458+0000] {logging_mixin.py:190} INFO - [2024-12-01T02:14:02.458+0000] {dagbag.py:588} INFO - Filling up the DagBag from /home/airflow/.local/lib/python3.12/site-packages/airflow/example_dags/example_inlet_event_extra.py
[2024-12-01T02:14:03.054+0000] {processor.py:925} INFO - DAG(s) 'read_dataset_event_from_classic', 'read_dataset_event' retrieved from /home/airflow/.local/lib/python3.12/site-packages/airflow/example_dags/example_inlet_event_extra.py
[2024-12-01T02:14:03.073+0000] {logging_mixin.py:190} INFO - [2024-12-01T02:14:03.073+0000] {dag.py:3239} INFO - Sync 2 DAGs
[2024-12-01T02:14:03.095+0000] {logging_mixin.py:190} INFO - [2024-12-01T02:14:03.094+0000] {dag.py:4180} INFO - Setting next_dagrun for read_dataset_event to 2024-11-30 00:00:00+00:00, run_after=2024-12-01 00:00:00+00:00
[2024-12-01T02:14:03.099+0000] {logging_mixin.py:190} INFO - [2024-12-01T02:14:03.099+0000] {dag.py:4180} INFO - Setting next_dagrun for read_dataset_event_from_classic to 2024-11-30 00:00:00+00:00, run_after=2024-12-01 00:00:00+00:00
[2024-12-01T02:14:03.114+0000] {processor.py:208} INFO - Processing /home/airflow/.local/lib/python3.12/site-packages/airflow/example_dags/example_inlet_event_extra.py took 0.666 seconds
[2024-12-01T02:14:33.894+0000] {processor.py:186} INFO - Started process (PID=50993) to work on /home/airflow/.local/lib/python3.12/site-packages/airflow/example_dags/example_inlet_event_extra.py
[2024-12-01T02:14:33.895+0000] {processor.py:914} INFO - Processing file /home/airflow/.local/lib/python3.12/site-packages/airflow/example_dags/example_inlet_event_extra.py for tasks to queue
[2024-12-01T02:14:33.898+0000] {logging_mixin.py:190} INFO - [2024-12-01T02:14:33.897+0000] {dagbag.py:588} INFO - Filling up the DagBag from /home/airflow/.local/lib/python3.12/site-packages/airflow/example_dags/example_inlet_event_extra.py
[2024-12-01T02:14:34.397+0000] {processor.py:925} INFO - DAG(s) 'read_dataset_event_from_classic', 'read_dataset_event' retrieved from /home/airflow/.local/lib/python3.12/site-packages/airflow/example_dags/example_inlet_event_extra.py
[2024-12-01T02:14:34.417+0000] {logging_mixin.py:190} INFO - [2024-12-01T02:14:34.417+0000] {dag.py:3239} INFO - Sync 2 DAGs
[2024-12-01T02:14:34.438+0000] {logging_mixin.py:190} INFO - [2024-12-01T02:14:34.438+0000] {dag.py:4180} INFO - Setting next_dagrun for read_dataset_event to 2024-11-30 00:00:00+00:00, run_after=2024-12-01 00:00:00+00:00
[2024-12-01T02:14:34.443+0000] {logging_mixin.py:190} INFO - [2024-12-01T02:14:34.443+0000] {dag.py:4180} INFO - Setting next_dagrun for read_dataset_event_from_classic to 2024-11-30 00:00:00+00:00, run_after=2024-12-01 00:00:00+00:00
[2024-12-01T02:14:34.458+0000] {processor.py:208} INFO - Processing /home/airflow/.local/lib/python3.12/site-packages/airflow/example_dags/example_inlet_event_extra.py took 0.571 seconds
[2024-12-01T02:15:04.582+0000] {processor.py:186} INFO - Started process (PID=51059) to work on /home/airflow/.local/lib/python3.12/site-packages/airflow/example_dags/example_inlet_event_extra.py
[2024-12-01T02:15:04.583+0000] {processor.py:914} INFO - Processing file /home/airflow/.local/lib/python3.12/site-packages/airflow/example_dags/example_inlet_event_extra.py for tasks to queue
[2024-12-01T02:15:04.586+0000] {logging_mixin.py:190} INFO - [2024-12-01T02:15:04.586+0000] {dagbag.py:588} INFO - Filling up the DagBag from /home/airflow/.local/lib/python3.12/site-packages/airflow/example_dags/example_inlet_event_extra.py
[2024-12-01T02:15:05.020+0000] {processor.py:925} INFO - DAG(s) 'read_dataset_event', 'read_dataset_event_from_classic' retrieved from /home/airflow/.local/lib/python3.12/site-packages/airflow/example_dags/example_inlet_event_extra.py
[2024-12-01T02:15:05.039+0000] {logging_mixin.py:190} INFO - [2024-12-01T02:15:05.038+0000] {dag.py:3239} INFO - Sync 2 DAGs
[2024-12-01T02:15:05.061+0000] {logging_mixin.py:190} INFO - [2024-12-01T02:15:05.061+0000] {dag.py:4180} INFO - Setting next_dagrun for read_dataset_event to 2024-11-30 00:00:00+00:00, run_after=2024-12-01 00:00:00+00:00
[2024-12-01T02:15:05.066+0000] {logging_mixin.py:190} INFO - [2024-12-01T02:15:05.066+0000] {dag.py:4180} INFO - Setting next_dagrun for read_dataset_event_from_classic to 2024-11-30 00:00:00+00:00, run_after=2024-12-01 00:00:00+00:00
[2024-12-01T02:15:05.081+0000] {processor.py:208} INFO - Processing /home/airflow/.local/lib/python3.12/site-packages/airflow/example_dags/example_inlet_event_extra.py took 0.506 seconds
[2024-12-01T02:15:35.555+0000] {processor.py:186} INFO - Started process (PID=51125) to work on /home/airflow/.local/lib/python3.12/site-packages/airflow/example_dags/example_inlet_event_extra.py
[2024-12-01T02:15:35.556+0000] {processor.py:914} INFO - Processing file /home/airflow/.local/lib/python3.12/site-packages/airflow/example_dags/example_inlet_event_extra.py for tasks to queue
[2024-12-01T02:15:35.558+0000] {logging_mixin.py:190} INFO - [2024-12-01T02:15:35.558+0000] {dagbag.py:588} INFO - Filling up the DagBag from /home/airflow/.local/lib/python3.12/site-packages/airflow/example_dags/example_inlet_event_extra.py
[2024-12-01T02:15:36.005+0000] {processor.py:925} INFO - DAG(s) 'read_dataset_event_from_classic', 'read_dataset_event' retrieved from /home/airflow/.local/lib/python3.12/site-packages/airflow/example_dags/example_inlet_event_extra.py
[2024-12-01T02:15:36.023+0000] {logging_mixin.py:190} INFO - [2024-12-01T02:15:36.023+0000] {dag.py:3239} INFO - Sync 2 DAGs
[2024-12-01T02:15:36.045+0000] {logging_mixin.py:190} INFO - [2024-12-01T02:15:36.045+0000] {dag.py:4180} INFO - Setting next_dagrun for read_dataset_event to 2024-11-30 00:00:00+00:00, run_after=2024-12-01 00:00:00+00:00
[2024-12-01T02:15:36.050+0000] {logging_mixin.py:190} INFO - [2024-12-01T02:15:36.050+0000] {dag.py:4180} INFO - Setting next_dagrun for read_dataset_event_from_classic to 2024-11-30 00:00:00+00:00, run_after=2024-12-01 00:00:00+00:00
[2024-12-01T02:15:36.063+0000] {processor.py:208} INFO - Processing /home/airflow/.local/lib/python3.12/site-packages/airflow/example_dags/example_inlet_event_extra.py took 0.514 seconds
[2024-12-01T02:16:06.566+0000] {processor.py:186} INFO - Started process (PID=51191) to work on /home/airflow/.local/lib/python3.12/site-packages/airflow/example_dags/example_inlet_event_extra.py
[2024-12-01T02:16:06.567+0000] {processor.py:914} INFO - Processing file /home/airflow/.local/lib/python3.12/site-packages/airflow/example_dags/example_inlet_event_extra.py for tasks to queue
[2024-12-01T02:16:06.569+0000] {logging_mixin.py:190} INFO - [2024-12-01T02:16:06.569+0000] {dagbag.py:588} INFO - Filling up the DagBag from /home/airflow/.local/lib/python3.12/site-packages/airflow/example_dags/example_inlet_event_extra.py
[2024-12-01T02:16:07.044+0000] {processor.py:925} INFO - DAG(s) 'read_dataset_event', 'read_dataset_event_from_classic' retrieved from /home/airflow/.local/lib/python3.12/site-packages/airflow/example_dags/example_inlet_event_extra.py
[2024-12-01T02:16:07.068+0000] {logging_mixin.py:190} INFO - [2024-12-01T02:16:07.068+0000] {dag.py:3239} INFO - Sync 2 DAGs
[2024-12-01T02:16:07.094+0000] {logging_mixin.py:190} INFO - [2024-12-01T02:16:07.093+0000] {dag.py:4180} INFO - Setting next_dagrun for read_dataset_event to 2024-11-30 00:00:00+00:00, run_after=2024-12-01 00:00:00+00:00
[2024-12-01T02:16:07.098+0000] {logging_mixin.py:190} INFO - [2024-12-01T02:16:07.098+0000] {dag.py:4180} INFO - Setting next_dagrun for read_dataset_event_from_classic to 2024-11-30 00:00:00+00:00, run_after=2024-12-01 00:00:00+00:00
[2024-12-01T02:16:07.112+0000] {processor.py:208} INFO - Processing /home/airflow/.local/lib/python3.12/site-packages/airflow/example_dags/example_inlet_event_extra.py took 0.552 seconds
[2024-12-01T02:16:37.239+0000] {processor.py:186} INFO - Started process (PID=51257) to work on /home/airflow/.local/lib/python3.12/site-packages/airflow/example_dags/example_inlet_event_extra.py
[2024-12-01T02:16:37.240+0000] {processor.py:914} INFO - Processing file /home/airflow/.local/lib/python3.12/site-packages/airflow/example_dags/example_inlet_event_extra.py for tasks to queue
[2024-12-01T02:16:37.243+0000] {logging_mixin.py:190} INFO - [2024-12-01T02:16:37.242+0000] {dagbag.py:588} INFO - Filling up the DagBag from /home/airflow/.local/lib/python3.12/site-packages/airflow/example_dags/example_inlet_event_extra.py
[2024-12-01T02:16:37.656+0000] {processor.py:925} INFO - DAG(s) 'read_dataset_event', 'read_dataset_event_from_classic' retrieved from /home/airflow/.local/lib/python3.12/site-packages/airflow/example_dags/example_inlet_event_extra.py
[2024-12-01T02:16:37.675+0000] {logging_mixin.py:190} INFO - [2024-12-01T02:16:37.675+0000] {dag.py:3239} INFO - Sync 2 DAGs
[2024-12-01T02:16:37.700+0000] {logging_mixin.py:190} INFO - [2024-12-01T02:16:37.700+0000] {dag.py:4180} INFO - Setting next_dagrun for read_dataset_event to 2024-11-30 00:00:00+00:00, run_after=2024-12-01 00:00:00+00:00
[2024-12-01T02:16:37.705+0000] {logging_mixin.py:190} INFO - [2024-12-01T02:16:37.705+0000] {dag.py:4180} INFO - Setting next_dagrun for read_dataset_event_from_classic to 2024-11-30 00:00:00+00:00, run_after=2024-12-01 00:00:00+00:00
[2024-12-01T02:16:37.720+0000] {processor.py:208} INFO - Processing /home/airflow/.local/lib/python3.12/site-packages/airflow/example_dags/example_inlet_event_extra.py took 0.490 seconds
[2024-12-01T02:17:08.291+0000] {processor.py:186} INFO - Started process (PID=51323) to work on /home/airflow/.local/lib/python3.12/site-packages/airflow/example_dags/example_inlet_event_extra.py
[2024-12-01T02:17:08.294+0000] {processor.py:914} INFO - Processing file /home/airflow/.local/lib/python3.12/site-packages/airflow/example_dags/example_inlet_event_extra.py for tasks to queue
[2024-12-01T02:17:08.297+0000] {logging_mixin.py:190} INFO - [2024-12-01T02:17:08.297+0000] {dagbag.py:588} INFO - Filling up the DagBag from /home/airflow/.local/lib/python3.12/site-packages/airflow/example_dags/example_inlet_event_extra.py
[2024-12-01T02:17:08.768+0000] {processor.py:925} INFO - DAG(s) 'read_dataset_event_from_classic', 'read_dataset_event' retrieved from /home/airflow/.local/lib/python3.12/site-packages/airflow/example_dags/example_inlet_event_extra.py
[2024-12-01T02:17:08.787+0000] {logging_mixin.py:190} INFO - [2024-12-01T02:17:08.787+0000] {dag.py:3239} INFO - Sync 2 DAGs
[2024-12-01T02:17:08.812+0000] {logging_mixin.py:190} INFO - [2024-12-01T02:17:08.812+0000] {dag.py:4180} INFO - Setting next_dagrun for read_dataset_event to 2024-11-30 00:00:00+00:00, run_after=2024-12-01 00:00:00+00:00
[2024-12-01T02:17:08.819+0000] {logging_mixin.py:190} INFO - [2024-12-01T02:17:08.818+0000] {dag.py:4180} INFO - Setting next_dagrun for read_dataset_event_from_classic to 2024-11-30 00:00:00+00:00, run_after=2024-12-01 00:00:00+00:00
[2024-12-01T02:17:08.835+0000] {processor.py:208} INFO - Processing /home/airflow/.local/lib/python3.12/site-packages/airflow/example_dags/example_inlet_event_extra.py took 0.561 seconds
[2024-12-01T02:17:39.279+0000] {processor.py:186} INFO - Started process (PID=51389) to work on /home/airflow/.local/lib/python3.12/site-packages/airflow/example_dags/example_inlet_event_extra.py
[2024-12-01T02:17:39.280+0000] {processor.py:914} INFO - Processing file /home/airflow/.local/lib/python3.12/site-packages/airflow/example_dags/example_inlet_event_extra.py for tasks to queue
[2024-12-01T02:17:39.283+0000] {logging_mixin.py:190} INFO - [2024-12-01T02:17:39.282+0000] {dagbag.py:588} INFO - Filling up the DagBag from /home/airflow/.local/lib/python3.12/site-packages/airflow/example_dags/example_inlet_event_extra.py
[2024-12-01T02:17:39.784+0000] {processor.py:925} INFO - DAG(s) 'read_dataset_event_from_classic', 'read_dataset_event' retrieved from /home/airflow/.local/lib/python3.12/site-packages/airflow/example_dags/example_inlet_event_extra.py
[2024-12-01T02:17:39.801+0000] {logging_mixin.py:190} INFO - [2024-12-01T02:17:39.801+0000] {dag.py:3239} INFO - Sync 2 DAGs
[2024-12-01T02:17:39.825+0000] {logging_mixin.py:190} INFO - [2024-12-01T02:17:39.825+0000] {dag.py:4180} INFO - Setting next_dagrun for read_dataset_event to 2024-11-30 00:00:00+00:00, run_after=2024-12-01 00:00:00+00:00
[2024-12-01T02:17:39.832+0000] {logging_mixin.py:190} INFO - [2024-12-01T02:17:39.831+0000] {dag.py:4180} INFO - Setting next_dagrun for read_dataset_event_from_classic to 2024-11-30 00:00:00+00:00, run_after=2024-12-01 00:00:00+00:00
[2024-12-01T02:17:39.849+0000] {processor.py:208} INFO - Processing /home/airflow/.local/lib/python3.12/site-packages/airflow/example_dags/example_inlet_event_extra.py took 0.575 seconds
[2024-12-01T02:18:10.446+0000] {processor.py:186} INFO - Started process (PID=51455) to work on /home/airflow/.local/lib/python3.12/site-packages/airflow/example_dags/example_inlet_event_extra.py
[2024-12-01T02:18:10.447+0000] {processor.py:914} INFO - Processing file /home/airflow/.local/lib/python3.12/site-packages/airflow/example_dags/example_inlet_event_extra.py for tasks to queue
[2024-12-01T02:18:10.451+0000] {logging_mixin.py:190} INFO - [2024-12-01T02:18:10.451+0000] {dagbag.py:588} INFO - Filling up the DagBag from /home/airflow/.local/lib/python3.12/site-packages/airflow/example_dags/example_inlet_event_extra.py
[2024-12-01T02:18:10.960+0000] {processor.py:925} INFO - DAG(s) 'read_dataset_event', 'read_dataset_event_from_classic' retrieved from /home/airflow/.local/lib/python3.12/site-packages/airflow/example_dags/example_inlet_event_extra.py
[2024-12-01T02:18:10.980+0000] {logging_mixin.py:190} INFO - [2024-12-01T02:18:10.980+0000] {dag.py:3239} INFO - Sync 2 DAGs
[2024-12-01T02:18:11.001+0000] {logging_mixin.py:190} INFO - [2024-12-01T02:18:11.001+0000] {dag.py:4180} INFO - Setting next_dagrun for read_dataset_event to 2024-11-30 00:00:00+00:00, run_after=2024-12-01 00:00:00+00:00
[2024-12-01T02:18:11.006+0000] {logging_mixin.py:190} INFO - [2024-12-01T02:18:11.006+0000] {dag.py:4180} INFO - Setting next_dagrun for read_dataset_event_from_classic to 2024-11-30 00:00:00+00:00, run_after=2024-12-01 00:00:00+00:00
[2024-12-01T02:18:11.022+0000] {processor.py:208} INFO - Processing /home/airflow/.local/lib/python3.12/site-packages/airflow/example_dags/example_inlet_event_extra.py took 0.586 seconds
[2024-12-01T02:18:41.287+0000] {processor.py:186} INFO - Started process (PID=51521) to work on /home/airflow/.local/lib/python3.12/site-packages/airflow/example_dags/example_inlet_event_extra.py
[2024-12-01T02:18:41.288+0000] {processor.py:914} INFO - Processing file /home/airflow/.local/lib/python3.12/site-packages/airflow/example_dags/example_inlet_event_extra.py for tasks to queue
[2024-12-01T02:18:41.291+0000] {logging_mixin.py:190} INFO - [2024-12-01T02:18:41.291+0000] {dagbag.py:588} INFO - Filling up the DagBag from /home/airflow/.local/lib/python3.12/site-packages/airflow/example_dags/example_inlet_event_extra.py
[2024-12-01T02:18:41.716+0000] {processor.py:925} INFO - DAG(s) 'read_dataset_event_from_classic', 'read_dataset_event' retrieved from /home/airflow/.local/lib/python3.12/site-packages/airflow/example_dags/example_inlet_event_extra.py
[2024-12-01T02:18:41.734+0000] {logging_mixin.py:190} INFO - [2024-12-01T02:18:41.733+0000] {dag.py:3239} INFO - Sync 2 DAGs
[2024-12-01T02:18:41.755+0000] {logging_mixin.py:190} INFO - [2024-12-01T02:18:41.755+0000] {dag.py:4180} INFO - Setting next_dagrun for read_dataset_event to 2024-11-30 00:00:00+00:00, run_after=2024-12-01 00:00:00+00:00
[2024-12-01T02:18:41.760+0000] {logging_mixin.py:190} INFO - [2024-12-01T02:18:41.760+0000] {dag.py:4180} INFO - Setting next_dagrun for read_dataset_event_from_classic to 2024-11-30 00:00:00+00:00, run_after=2024-12-01 00:00:00+00:00
[2024-12-01T02:18:41.776+0000] {processor.py:208} INFO - Processing /home/airflow/.local/lib/python3.12/site-packages/airflow/example_dags/example_inlet_event_extra.py took 0.502 seconds
[2024-12-01T02:19:12.093+0000] {processor.py:186} INFO - Started process (PID=51588) to work on /home/airflow/.local/lib/python3.12/site-packages/airflow/example_dags/example_inlet_event_extra.py
[2024-12-01T02:19:12.094+0000] {processor.py:914} INFO - Processing file /home/airflow/.local/lib/python3.12/site-packages/airflow/example_dags/example_inlet_event_extra.py for tasks to queue
[2024-12-01T02:19:12.097+0000] {logging_mixin.py:190} INFO - [2024-12-01T02:19:12.097+0000] {dagbag.py:588} INFO - Filling up the DagBag from /home/airflow/.local/lib/python3.12/site-packages/airflow/example_dags/example_inlet_event_extra.py
[2024-12-01T02:19:12.557+0000] {processor.py:925} INFO - DAG(s) 'read_dataset_event', 'read_dataset_event_from_classic' retrieved from /home/airflow/.local/lib/python3.12/site-packages/airflow/example_dags/example_inlet_event_extra.py
[2024-12-01T02:19:12.576+0000] {logging_mixin.py:190} INFO - [2024-12-01T02:19:12.575+0000] {dag.py:3239} INFO - Sync 2 DAGs
[2024-12-01T02:19:12.597+0000] {logging_mixin.py:190} INFO - [2024-12-01T02:19:12.597+0000] {dag.py:4180} INFO - Setting next_dagrun for read_dataset_event to 2024-11-30 00:00:00+00:00, run_after=2024-12-01 00:00:00+00:00
[2024-12-01T02:19:12.602+0000] {logging_mixin.py:190} INFO - [2024-12-01T02:19:12.602+0000] {dag.py:4180} INFO - Setting next_dagrun for read_dataset_event_from_classic to 2024-11-30 00:00:00+00:00, run_after=2024-12-01 00:00:00+00:00
[2024-12-01T02:19:12.617+0000] {processor.py:208} INFO - Processing /home/airflow/.local/lib/python3.12/site-packages/airflow/example_dags/example_inlet_event_extra.py took 0.529 seconds
[2024-12-01T02:19:43.409+0000] {processor.py:186} INFO - Started process (PID=51654) to work on /home/airflow/.local/lib/python3.12/site-packages/airflow/example_dags/example_inlet_event_extra.py
[2024-12-01T02:19:43.410+0000] {processor.py:914} INFO - Processing file /home/airflow/.local/lib/python3.12/site-packages/airflow/example_dags/example_inlet_event_extra.py for tasks to queue
[2024-12-01T02:19:43.414+0000] {logging_mixin.py:190} INFO - [2024-12-01T02:19:43.414+0000] {dagbag.py:588} INFO - Filling up the DagBag from /home/airflow/.local/lib/python3.12/site-packages/airflow/example_dags/example_inlet_event_extra.py
[2024-12-01T02:19:43.862+0000] {processor.py:925} INFO - DAG(s) 'read_dataset_event_from_classic', 'read_dataset_event' retrieved from /home/airflow/.local/lib/python3.12/site-packages/airflow/example_dags/example_inlet_event_extra.py
[2024-12-01T02:19:43.881+0000] {logging_mixin.py:190} INFO - [2024-12-01T02:19:43.881+0000] {dag.py:3239} INFO - Sync 2 DAGs
[2024-12-01T02:19:43.903+0000] {logging_mixin.py:190} INFO - [2024-12-01T02:19:43.902+0000] {dag.py:4180} INFO - Setting next_dagrun for read_dataset_event to 2024-11-30 00:00:00+00:00, run_after=2024-12-01 00:00:00+00:00
[2024-12-01T02:19:43.907+0000] {logging_mixin.py:190} INFO - [2024-12-01T02:19:43.907+0000] {dag.py:4180} INFO - Setting next_dagrun for read_dataset_event_from_classic to 2024-11-30 00:00:00+00:00, run_after=2024-12-01 00:00:00+00:00
[2024-12-01T02:19:43.922+0000] {processor.py:208} INFO - Processing /home/airflow/.local/lib/python3.12/site-packages/airflow/example_dags/example_inlet_event_extra.py took 0.523 seconds
[2024-12-01T02:20:14.329+0000] {processor.py:186} INFO - Started process (PID=51720) to work on /home/airflow/.local/lib/python3.12/site-packages/airflow/example_dags/example_inlet_event_extra.py
[2024-12-01T02:20:14.331+0000] {processor.py:914} INFO - Processing file /home/airflow/.local/lib/python3.12/site-packages/airflow/example_dags/example_inlet_event_extra.py for tasks to queue
[2024-12-01T02:20:14.334+0000] {logging_mixin.py:190} INFO - [2024-12-01T02:20:14.334+0000] {dagbag.py:588} INFO - Filling up the DagBag from /home/airflow/.local/lib/python3.12/site-packages/airflow/example_dags/example_inlet_event_extra.py
[2024-12-01T02:20:14.755+0000] {processor.py:925} INFO - DAG(s) 'read_dataset_event_from_classic', 'read_dataset_event' retrieved from /home/airflow/.local/lib/python3.12/site-packages/airflow/example_dags/example_inlet_event_extra.py
[2024-12-01T02:20:14.775+0000] {logging_mixin.py:190} INFO - [2024-12-01T02:20:14.775+0000] {dag.py:3239} INFO - Sync 2 DAGs
[2024-12-01T02:20:14.797+0000] {logging_mixin.py:190} INFO - [2024-12-01T02:20:14.797+0000] {dag.py:4180} INFO - Setting next_dagrun for read_dataset_event to 2024-11-30 00:00:00+00:00, run_after=2024-12-01 00:00:00+00:00
[2024-12-01T02:20:14.802+0000] {logging_mixin.py:190} INFO - [2024-12-01T02:20:14.801+0000] {dag.py:4180} INFO - Setting next_dagrun for read_dataset_event_from_classic to 2024-11-30 00:00:00+00:00, run_after=2024-12-01 00:00:00+00:00
[2024-12-01T02:20:14.817+0000] {processor.py:208} INFO - Processing /home/airflow/.local/lib/python3.12/site-packages/airflow/example_dags/example_inlet_event_extra.py took 0.495 seconds
[2024-12-01T02:20:44.906+0000] {processor.py:186} INFO - Started process (PID=51785) to work on /home/airflow/.local/lib/python3.12/site-packages/airflow/example_dags/example_inlet_event_extra.py
[2024-12-01T02:20:44.907+0000] {processor.py:914} INFO - Processing file /home/airflow/.local/lib/python3.12/site-packages/airflow/example_dags/example_inlet_event_extra.py for tasks to queue
[2024-12-01T02:20:44.910+0000] {logging_mixin.py:190} INFO - [2024-12-01T02:20:44.910+0000] {dagbag.py:588} INFO - Filling up the DagBag from /home/airflow/.local/lib/python3.12/site-packages/airflow/example_dags/example_inlet_event_extra.py
[2024-12-01T02:20:45.381+0000] {processor.py:925} INFO - DAG(s) 'read_dataset_event', 'read_dataset_event_from_classic' retrieved from /home/airflow/.local/lib/python3.12/site-packages/airflow/example_dags/example_inlet_event_extra.py
[2024-12-01T02:20:45.399+0000] {logging_mixin.py:190} INFO - [2024-12-01T02:20:45.399+0000] {dag.py:3239} INFO - Sync 2 DAGs
[2024-12-01T02:20:45.421+0000] {logging_mixin.py:190} INFO - [2024-12-01T02:20:45.421+0000] {dag.py:4180} INFO - Setting next_dagrun for read_dataset_event to 2024-11-30 00:00:00+00:00, run_after=2024-12-01 00:00:00+00:00
[2024-12-01T02:20:45.426+0000] {logging_mixin.py:190} INFO - [2024-12-01T02:20:45.426+0000] {dag.py:4180} INFO - Setting next_dagrun for read_dataset_event_from_classic to 2024-11-30 00:00:00+00:00, run_after=2024-12-01 00:00:00+00:00
[2024-12-01T02:20:45.443+0000] {processor.py:208} INFO - Processing /home/airflow/.local/lib/python3.12/site-packages/airflow/example_dags/example_inlet_event_extra.py took 0.542 seconds
[2024-12-01T02:21:15.942+0000] {processor.py:186} INFO - Started process (PID=51851) to work on /home/airflow/.local/lib/python3.12/site-packages/airflow/example_dags/example_inlet_event_extra.py
[2024-12-01T02:21:15.943+0000] {processor.py:914} INFO - Processing file /home/airflow/.local/lib/python3.12/site-packages/airflow/example_dags/example_inlet_event_extra.py for tasks to queue
[2024-12-01T02:21:15.946+0000] {logging_mixin.py:190} INFO - [2024-12-01T02:21:15.945+0000] {dagbag.py:588} INFO - Filling up the DagBag from /home/airflow/.local/lib/python3.12/site-packages/airflow/example_dags/example_inlet_event_extra.py
[2024-12-01T02:21:16.359+0000] {processor.py:925} INFO - DAG(s) 'read_dataset_event', 'read_dataset_event_from_classic' retrieved from /home/airflow/.local/lib/python3.12/site-packages/airflow/example_dags/example_inlet_event_extra.py
[2024-12-01T02:21:16.379+0000] {logging_mixin.py:190} INFO - [2024-12-01T02:21:16.378+0000] {dag.py:3239} INFO - Sync 2 DAGs
[2024-12-01T02:21:16.401+0000] {logging_mixin.py:190} INFO - [2024-12-01T02:21:16.401+0000] {dag.py:4180} INFO - Setting next_dagrun for read_dataset_event to 2024-11-30 00:00:00+00:00, run_after=2024-12-01 00:00:00+00:00
[2024-12-01T02:21:16.406+0000] {logging_mixin.py:190} INFO - [2024-12-01T02:21:16.406+0000] {dag.py:4180} INFO - Setting next_dagrun for read_dataset_event_from_classic to 2024-11-30 00:00:00+00:00, run_after=2024-12-01 00:00:00+00:00
[2024-12-01T02:21:16.420+0000] {processor.py:208} INFO - Processing /home/airflow/.local/lib/python3.12/site-packages/airflow/example_dags/example_inlet_event_extra.py took 0.483 seconds
[2024-12-01T02:21:46.971+0000] {processor.py:186} INFO - Started process (PID=51918) to work on /home/airflow/.local/lib/python3.12/site-packages/airflow/example_dags/example_inlet_event_extra.py
[2024-12-01T02:21:46.972+0000] {processor.py:914} INFO - Processing file /home/airflow/.local/lib/python3.12/site-packages/airflow/example_dags/example_inlet_event_extra.py for tasks to queue
[2024-12-01T02:21:46.975+0000] {logging_mixin.py:190} INFO - [2024-12-01T02:21:46.975+0000] {dagbag.py:588} INFO - Filling up the DagBag from /home/airflow/.local/lib/python3.12/site-packages/airflow/example_dags/example_inlet_event_extra.py
[2024-12-01T02:21:47.454+0000] {processor.py:925} INFO - DAG(s) 'read_dataset_event_from_classic', 'read_dataset_event' retrieved from /home/airflow/.local/lib/python3.12/site-packages/airflow/example_dags/example_inlet_event_extra.py
[2024-12-01T02:21:47.474+0000] {logging_mixin.py:190} INFO - [2024-12-01T02:21:47.473+0000] {dag.py:3239} INFO - Sync 2 DAGs
[2024-12-01T02:21:47.496+0000] {logging_mixin.py:190} INFO - [2024-12-01T02:21:47.496+0000] {dag.py:4180} INFO - Setting next_dagrun for read_dataset_event to 2024-11-30 00:00:00+00:00, run_after=2024-12-01 00:00:00+00:00
[2024-12-01T02:21:47.501+0000] {logging_mixin.py:190} INFO - [2024-12-01T02:21:47.501+0000] {dag.py:4180} INFO - Setting next_dagrun for read_dataset_event_from_classic to 2024-11-30 00:00:00+00:00, run_after=2024-12-01 00:00:00+00:00
[2024-12-01T02:21:47.517+0000] {processor.py:208} INFO - Processing /home/airflow/.local/lib/python3.12/site-packages/airflow/example_dags/example_inlet_event_extra.py took 0.552 seconds
[2024-12-01T02:22:18.148+0000] {processor.py:186} INFO - Started process (PID=51984) to work on /home/airflow/.local/lib/python3.12/site-packages/airflow/example_dags/example_inlet_event_extra.py
[2024-12-01T02:22:18.149+0000] {processor.py:914} INFO - Processing file /home/airflow/.local/lib/python3.12/site-packages/airflow/example_dags/example_inlet_event_extra.py for tasks to queue
[2024-12-01T02:22:18.153+0000] {logging_mixin.py:190} INFO - [2024-12-01T02:22:18.152+0000] {dagbag.py:588} INFO - Filling up the DagBag from /home/airflow/.local/lib/python3.12/site-packages/airflow/example_dags/example_inlet_event_extra.py
[2024-12-01T02:22:18.565+0000] {processor.py:925} INFO - DAG(s) 'read_dataset_event_from_classic', 'read_dataset_event' retrieved from /home/airflow/.local/lib/python3.12/site-packages/airflow/example_dags/example_inlet_event_extra.py
[2024-12-01T02:22:18.583+0000] {logging_mixin.py:190} INFO - [2024-12-01T02:22:18.583+0000] {dag.py:3239} INFO - Sync 2 DAGs
[2024-12-01T02:22:18.605+0000] {logging_mixin.py:190} INFO - [2024-12-01T02:22:18.604+0000] {dag.py:4180} INFO - Setting next_dagrun for read_dataset_event to 2024-11-30 00:00:00+00:00, run_after=2024-12-01 00:00:00+00:00
[2024-12-01T02:22:18.610+0000] {logging_mixin.py:190} INFO - [2024-12-01T02:22:18.609+0000] {dag.py:4180} INFO - Setting next_dagrun for read_dataset_event_from_classic to 2024-11-30 00:00:00+00:00, run_after=2024-12-01 00:00:00+00:00
[2024-12-01T02:22:18.625+0000] {processor.py:208} INFO - Processing /home/airflow/.local/lib/python3.12/site-packages/airflow/example_dags/example_inlet_event_extra.py took 0.484 seconds
[2024-12-01T02:22:48.773+0000] {processor.py:186} INFO - Started process (PID=52050) to work on /home/airflow/.local/lib/python3.12/site-packages/airflow/example_dags/example_inlet_event_extra.py
[2024-12-01T02:22:48.774+0000] {processor.py:914} INFO - Processing file /home/airflow/.local/lib/python3.12/site-packages/airflow/example_dags/example_inlet_event_extra.py for tasks to queue
[2024-12-01T02:22:48.778+0000] {logging_mixin.py:190} INFO - [2024-12-01T02:22:48.777+0000] {dagbag.py:588} INFO - Filling up the DagBag from /home/airflow/.local/lib/python3.12/site-packages/airflow/example_dags/example_inlet_event_extra.py
[2024-12-01T02:22:49.238+0000] {processor.py:925} INFO - DAG(s) 'read_dataset_event', 'read_dataset_event_from_classic' retrieved from /home/airflow/.local/lib/python3.12/site-packages/airflow/example_dags/example_inlet_event_extra.py
[2024-12-01T02:22:49.257+0000] {logging_mixin.py:190} INFO - [2024-12-01T02:22:49.257+0000] {dag.py:3239} INFO - Sync 2 DAGs
[2024-12-01T02:22:49.281+0000] {logging_mixin.py:190} INFO - [2024-12-01T02:22:49.280+0000] {dag.py:4180} INFO - Setting next_dagrun for read_dataset_event to 2024-11-30 00:00:00+00:00, run_after=2024-12-01 00:00:00+00:00
[2024-12-01T02:22:49.286+0000] {logging_mixin.py:190} INFO - [2024-12-01T02:22:49.286+0000] {dag.py:4180} INFO - Setting next_dagrun for read_dataset_event_from_classic to 2024-11-30 00:00:00+00:00, run_after=2024-12-01 00:00:00+00:00
[2024-12-01T02:22:49.303+0000] {processor.py:208} INFO - Processing /home/airflow/.local/lib/python3.12/site-packages/airflow/example_dags/example_inlet_event_extra.py took 0.546 seconds
[2024-12-01T02:23:19.517+0000] {processor.py:186} INFO - Started process (PID=52116) to work on /home/airflow/.local/lib/python3.12/site-packages/airflow/example_dags/example_inlet_event_extra.py
[2024-12-01T02:23:19.523+0000] {processor.py:914} INFO - Processing file /home/airflow/.local/lib/python3.12/site-packages/airflow/example_dags/example_inlet_event_extra.py for tasks to queue
[2024-12-01T02:23:19.528+0000] {logging_mixin.py:190} INFO - [2024-12-01T02:23:19.527+0000] {dagbag.py:588} INFO - Filling up the DagBag from /home/airflow/.local/lib/python3.12/site-packages/airflow/example_dags/example_inlet_event_extra.py
[2024-12-01T02:23:19.977+0000] {processor.py:925} INFO - DAG(s) 'read_dataset_event', 'read_dataset_event_from_classic' retrieved from /home/airflow/.local/lib/python3.12/site-packages/airflow/example_dags/example_inlet_event_extra.py
[2024-12-01T02:23:19.995+0000] {logging_mixin.py:190} INFO - [2024-12-01T02:23:19.995+0000] {dag.py:3239} INFO - Sync 2 DAGs
[2024-12-01T02:23:20.020+0000] {logging_mixin.py:190} INFO - [2024-12-01T02:23:20.019+0000] {dag.py:4180} INFO - Setting next_dagrun for read_dataset_event to 2024-11-30 00:00:00+00:00, run_after=2024-12-01 00:00:00+00:00
[2024-12-01T02:23:20.024+0000] {logging_mixin.py:190} INFO - [2024-12-01T02:23:20.024+0000] {dag.py:4180} INFO - Setting next_dagrun for read_dataset_event_from_classic to 2024-11-30 00:00:00+00:00, run_after=2024-12-01 00:00:00+00:00
[2024-12-01T02:23:20.039+0000] {processor.py:208} INFO - Processing /home/airflow/.local/lib/python3.12/site-packages/airflow/example_dags/example_inlet_event_extra.py took 0.531 seconds
[2024-12-01T02:23:50.361+0000] {processor.py:186} INFO - Started process (PID=52182) to work on /home/airflow/.local/lib/python3.12/site-packages/airflow/example_dags/example_inlet_event_extra.py
[2024-12-01T02:23:50.362+0000] {processor.py:914} INFO - Processing file /home/airflow/.local/lib/python3.12/site-packages/airflow/example_dags/example_inlet_event_extra.py for tasks to queue
[2024-12-01T02:23:50.364+0000] {logging_mixin.py:190} INFO - [2024-12-01T02:23:50.364+0000] {dagbag.py:588} INFO - Filling up the DagBag from /home/airflow/.local/lib/python3.12/site-packages/airflow/example_dags/example_inlet_event_extra.py
[2024-12-01T02:23:50.680+0000] {processor.py:925} INFO - DAG(s) 'read_dataset_event', 'read_dataset_event_from_classic' retrieved from /home/airflow/.local/lib/python3.12/site-packages/airflow/example_dags/example_inlet_event_extra.py
[2024-12-01T02:23:50.706+0000] {logging_mixin.py:190} INFO - [2024-12-01T02:23:50.705+0000] {dag.py:3239} INFO - Sync 2 DAGs
[2024-12-01T02:23:50.729+0000] {logging_mixin.py:190} INFO - [2024-12-01T02:23:50.729+0000] {dag.py:4180} INFO - Setting next_dagrun for read_dataset_event to 2024-11-30 00:00:00+00:00, run_after=2024-12-01 00:00:00+00:00
[2024-12-01T02:23:50.734+0000] {logging_mixin.py:190} INFO - [2024-12-01T02:23:50.734+0000] {dag.py:4180} INFO - Setting next_dagrun for read_dataset_event_from_classic to 2024-11-30 00:00:00+00:00, run_after=2024-12-01 00:00:00+00:00
[2024-12-01T02:23:50.749+0000] {processor.py:208} INFO - Processing /home/airflow/.local/lib/python3.12/site-packages/airflow/example_dags/example_inlet_event_extra.py took 0.394 seconds
[2024-12-01T02:24:21.542+0000] {processor.py:186} INFO - Started process (PID=52248) to work on /home/airflow/.local/lib/python3.12/site-packages/airflow/example_dags/example_inlet_event_extra.py
[2024-12-01T02:24:21.543+0000] {processor.py:914} INFO - Processing file /home/airflow/.local/lib/python3.12/site-packages/airflow/example_dags/example_inlet_event_extra.py for tasks to queue
[2024-12-01T02:24:21.545+0000] {logging_mixin.py:190} INFO - [2024-12-01T02:24:21.545+0000] {dagbag.py:588} INFO - Filling up the DagBag from /home/airflow/.local/lib/python3.12/site-packages/airflow/example_dags/example_inlet_event_extra.py
[2024-12-01T02:24:21.919+0000] {processor.py:925} INFO - DAG(s) 'read_dataset_event', 'read_dataset_event_from_classic' retrieved from /home/airflow/.local/lib/python3.12/site-packages/airflow/example_dags/example_inlet_event_extra.py
[2024-12-01T02:24:21.940+0000] {logging_mixin.py:190} INFO - [2024-12-01T02:24:21.940+0000] {dag.py:3239} INFO - Sync 2 DAGs
[2024-12-01T02:24:21.963+0000] {logging_mixin.py:190} INFO - [2024-12-01T02:24:21.963+0000] {dag.py:4180} INFO - Setting next_dagrun for read_dataset_event to 2024-11-30 00:00:00+00:00, run_after=2024-12-01 00:00:00+00:00
[2024-12-01T02:24:21.968+0000] {logging_mixin.py:190} INFO - [2024-12-01T02:24:21.968+0000] {dag.py:4180} INFO - Setting next_dagrun for read_dataset_event_from_classic to 2024-11-30 00:00:00+00:00, run_after=2024-12-01 00:00:00+00:00
[2024-12-01T02:24:21.983+0000] {processor.py:208} INFO - Processing /home/airflow/.local/lib/python3.12/site-packages/airflow/example_dags/example_inlet_event_extra.py took 0.448 seconds
[2024-12-01T02:24:52.085+0000] {processor.py:186} INFO - Started process (PID=52314) to work on /home/airflow/.local/lib/python3.12/site-packages/airflow/example_dags/example_inlet_event_extra.py
[2024-12-01T02:24:52.086+0000] {processor.py:914} INFO - Processing file /home/airflow/.local/lib/python3.12/site-packages/airflow/example_dags/example_inlet_event_extra.py for tasks to queue
[2024-12-01T02:24:52.088+0000] {logging_mixin.py:190} INFO - [2024-12-01T02:24:52.087+0000] {dagbag.py:588} INFO - Filling up the DagBag from /home/airflow/.local/lib/python3.12/site-packages/airflow/example_dags/example_inlet_event_extra.py
[2024-12-01T02:24:52.369+0000] {processor.py:925} INFO - DAG(s) 'read_dataset_event', 'read_dataset_event_from_classic' retrieved from /home/airflow/.local/lib/python3.12/site-packages/airflow/example_dags/example_inlet_event_extra.py
[2024-12-01T02:24:52.390+0000] {logging_mixin.py:190} INFO - [2024-12-01T02:24:52.390+0000] {dag.py:3239} INFO - Sync 2 DAGs
[2024-12-01T02:24:52.416+0000] {logging_mixin.py:190} INFO - [2024-12-01T02:24:52.416+0000] {dag.py:4180} INFO - Setting next_dagrun for read_dataset_event to 2024-11-30 00:00:00+00:00, run_after=2024-12-01 00:00:00+00:00
[2024-12-01T02:24:52.421+0000] {logging_mixin.py:190} INFO - [2024-12-01T02:24:52.421+0000] {dag.py:4180} INFO - Setting next_dagrun for read_dataset_event_from_classic to 2024-11-30 00:00:00+00:00, run_after=2024-12-01 00:00:00+00:00
[2024-12-01T02:24:52.437+0000] {processor.py:208} INFO - Processing /home/airflow/.local/lib/python3.12/site-packages/airflow/example_dags/example_inlet_event_extra.py took 0.358 seconds
[2024-12-01T02:25:22.541+0000] {processor.py:186} INFO - Started process (PID=52380) to work on /home/airflow/.local/lib/python3.12/site-packages/airflow/example_dags/example_inlet_event_extra.py
[2024-12-01T02:25:22.542+0000] {processor.py:914} INFO - Processing file /home/airflow/.local/lib/python3.12/site-packages/airflow/example_dags/example_inlet_event_extra.py for tasks to queue
[2024-12-01T02:25:22.545+0000] {logging_mixin.py:190} INFO - [2024-12-01T02:25:22.544+0000] {dagbag.py:588} INFO - Filling up the DagBag from /home/airflow/.local/lib/python3.12/site-packages/airflow/example_dags/example_inlet_event_extra.py
[2024-12-01T02:25:22.854+0000] {processor.py:925} INFO - DAG(s) 'read_dataset_event', 'read_dataset_event_from_classic' retrieved from /home/airflow/.local/lib/python3.12/site-packages/airflow/example_dags/example_inlet_event_extra.py
[2024-12-01T02:25:22.874+0000] {logging_mixin.py:190} INFO - [2024-12-01T02:25:22.874+0000] {dag.py:3239} INFO - Sync 2 DAGs
[2024-12-01T02:25:22.901+0000] {logging_mixin.py:190} INFO - [2024-12-01T02:25:22.901+0000] {dag.py:4180} INFO - Setting next_dagrun for read_dataset_event to 2024-11-30 00:00:00+00:00, run_after=2024-12-01 00:00:00+00:00
[2024-12-01T02:25:22.906+0000] {logging_mixin.py:190} INFO - [2024-12-01T02:25:22.906+0000] {dag.py:4180} INFO - Setting next_dagrun for read_dataset_event_from_classic to 2024-11-30 00:00:00+00:00, run_after=2024-12-01 00:00:00+00:00
[2024-12-01T02:25:22.922+0000] {processor.py:208} INFO - Processing /home/airflow/.local/lib/python3.12/site-packages/airflow/example_dags/example_inlet_event_extra.py took 0.386 seconds
[2024-12-01T02:25:53.157+0000] {processor.py:186} INFO - Started process (PID=52446) to work on /home/airflow/.local/lib/python3.12/site-packages/airflow/example_dags/example_inlet_event_extra.py
[2024-12-01T02:25:53.158+0000] {processor.py:914} INFO - Processing file /home/airflow/.local/lib/python3.12/site-packages/airflow/example_dags/example_inlet_event_extra.py for tasks to queue
[2024-12-01T02:25:53.160+0000] {logging_mixin.py:190} INFO - [2024-12-01T02:25:53.160+0000] {dagbag.py:588} INFO - Filling up the DagBag from /home/airflow/.local/lib/python3.12/site-packages/airflow/example_dags/example_inlet_event_extra.py
[2024-12-01T02:25:53.461+0000] {processor.py:925} INFO - DAG(s) 'read_dataset_event', 'read_dataset_event_from_classic' retrieved from /home/airflow/.local/lib/python3.12/site-packages/airflow/example_dags/example_inlet_event_extra.py
[2024-12-01T02:25:53.482+0000] {logging_mixin.py:190} INFO - [2024-12-01T02:25:53.482+0000] {dag.py:3239} INFO - Sync 2 DAGs
[2024-12-01T02:25:53.508+0000] {logging_mixin.py:190} INFO - [2024-12-01T02:25:53.508+0000] {dag.py:4180} INFO - Setting next_dagrun for read_dataset_event to 2024-11-30 00:00:00+00:00, run_after=2024-12-01 00:00:00+00:00
[2024-12-01T02:25:53.513+0000] {logging_mixin.py:190} INFO - [2024-12-01T02:25:53.513+0000] {dag.py:4180} INFO - Setting next_dagrun for read_dataset_event_from_classic to 2024-11-30 00:00:00+00:00, run_after=2024-12-01 00:00:00+00:00
[2024-12-01T02:25:53.529+0000] {processor.py:208} INFO - Processing /home/airflow/.local/lib/python3.12/site-packages/airflow/example_dags/example_inlet_event_extra.py took 0.376 seconds
[2024-12-01T02:26:23.763+0000] {processor.py:186} INFO - Started process (PID=52512) to work on /home/airflow/.local/lib/python3.12/site-packages/airflow/example_dags/example_inlet_event_extra.py
[2024-12-01T02:26:23.764+0000] {processor.py:914} INFO - Processing file /home/airflow/.local/lib/python3.12/site-packages/airflow/example_dags/example_inlet_event_extra.py for tasks to queue
[2024-12-01T02:26:23.766+0000] {logging_mixin.py:190} INFO - [2024-12-01T02:26:23.766+0000] {dagbag.py:588} INFO - Filling up the DagBag from /home/airflow/.local/lib/python3.12/site-packages/airflow/example_dags/example_inlet_event_extra.py
[2024-12-01T02:26:24.155+0000] {processor.py:925} INFO - DAG(s) 'read_dataset_event_from_classic', 'read_dataset_event' retrieved from /home/airflow/.local/lib/python3.12/site-packages/airflow/example_dags/example_inlet_event_extra.py
[2024-12-01T02:26:24.179+0000] {logging_mixin.py:190} INFO - [2024-12-01T02:26:24.179+0000] {dag.py:3239} INFO - Sync 2 DAGs
[2024-12-01T02:26:24.206+0000] {logging_mixin.py:190} INFO - [2024-12-01T02:26:24.206+0000] {dag.py:4180} INFO - Setting next_dagrun for read_dataset_event to 2024-11-30 00:00:00+00:00, run_after=2024-12-01 00:00:00+00:00
[2024-12-01T02:26:24.211+0000] {logging_mixin.py:190} INFO - [2024-12-01T02:26:24.211+0000] {dag.py:4180} INFO - Setting next_dagrun for read_dataset_event_from_classic to 2024-11-30 00:00:00+00:00, run_after=2024-12-01 00:00:00+00:00
[2024-12-01T02:26:24.228+0000] {processor.py:208} INFO - Processing /home/airflow/.local/lib/python3.12/site-packages/airflow/example_dags/example_inlet_event_extra.py took 0.470 seconds
[2024-12-01T02:26:54.405+0000] {processor.py:186} INFO - Started process (PID=52578) to work on /home/airflow/.local/lib/python3.12/site-packages/airflow/example_dags/example_inlet_event_extra.py
[2024-12-01T02:26:54.405+0000] {processor.py:914} INFO - Processing file /home/airflow/.local/lib/python3.12/site-packages/airflow/example_dags/example_inlet_event_extra.py for tasks to queue
[2024-12-01T02:26:54.408+0000] {logging_mixin.py:190} INFO - [2024-12-01T02:26:54.408+0000] {dagbag.py:588} INFO - Filling up the DagBag from /home/airflow/.local/lib/python3.12/site-packages/airflow/example_dags/example_inlet_event_extra.py
[2024-12-01T02:26:54.700+0000] {processor.py:925} INFO - DAG(s) 'read_dataset_event', 'read_dataset_event_from_classic' retrieved from /home/airflow/.local/lib/python3.12/site-packages/airflow/example_dags/example_inlet_event_extra.py
[2024-12-01T02:26:54.721+0000] {logging_mixin.py:190} INFO - [2024-12-01T02:26:54.721+0000] {dag.py:3239} INFO - Sync 2 DAGs
[2024-12-01T02:26:54.745+0000] {logging_mixin.py:190} INFO - [2024-12-01T02:26:54.745+0000] {dag.py:4180} INFO - Setting next_dagrun for read_dataset_event to 2024-11-30 00:00:00+00:00, run_after=2024-12-01 00:00:00+00:00
[2024-12-01T02:26:54.750+0000] {logging_mixin.py:190} INFO - [2024-12-01T02:26:54.750+0000] {dag.py:4180} INFO - Setting next_dagrun for read_dataset_event_from_classic to 2024-11-30 00:00:00+00:00, run_after=2024-12-01 00:00:00+00:00
[2024-12-01T02:26:54.766+0000] {processor.py:208} INFO - Processing /home/airflow/.local/lib/python3.12/site-packages/airflow/example_dags/example_inlet_event_extra.py took 0.367 seconds
[2024-12-01T02:27:24.953+0000] {processor.py:186} INFO - Started process (PID=52644) to work on /home/airflow/.local/lib/python3.12/site-packages/airflow/example_dags/example_inlet_event_extra.py
[2024-12-01T02:27:24.954+0000] {processor.py:914} INFO - Processing file /home/airflow/.local/lib/python3.12/site-packages/airflow/example_dags/example_inlet_event_extra.py for tasks to queue
[2024-12-01T02:27:24.957+0000] {logging_mixin.py:190} INFO - [2024-12-01T02:27:24.957+0000] {dagbag.py:588} INFO - Filling up the DagBag from /home/airflow/.local/lib/python3.12/site-packages/airflow/example_dags/example_inlet_event_extra.py
[2024-12-01T02:27:25.243+0000] {processor.py:925} INFO - DAG(s) 'read_dataset_event_from_classic', 'read_dataset_event' retrieved from /home/airflow/.local/lib/python3.12/site-packages/airflow/example_dags/example_inlet_event_extra.py
[2024-12-01T02:27:25.264+0000] {logging_mixin.py:190} INFO - [2024-12-01T02:27:25.264+0000] {dag.py:3239} INFO - Sync 2 DAGs
[2024-12-01T02:27:25.289+0000] {logging_mixin.py:190} INFO - [2024-12-01T02:27:25.289+0000] {dag.py:4180} INFO - Setting next_dagrun for read_dataset_event to 2024-11-30 00:00:00+00:00, run_after=2024-12-01 00:00:00+00:00
[2024-12-01T02:27:25.294+0000] {logging_mixin.py:190} INFO - [2024-12-01T02:27:25.294+0000] {dag.py:4180} INFO - Setting next_dagrun for read_dataset_event_from_classic to 2024-11-30 00:00:00+00:00, run_after=2024-12-01 00:00:00+00:00
[2024-12-01T02:27:25.312+0000] {processor.py:208} INFO - Processing /home/airflow/.local/lib/python3.12/site-packages/airflow/example_dags/example_inlet_event_extra.py took 0.366 seconds
[2024-12-01T02:27:55.405+0000] {processor.py:186} INFO - Started process (PID=52710) to work on /home/airflow/.local/lib/python3.12/site-packages/airflow/example_dags/example_inlet_event_extra.py
[2024-12-01T02:27:55.406+0000] {processor.py:914} INFO - Processing file /home/airflow/.local/lib/python3.12/site-packages/airflow/example_dags/example_inlet_event_extra.py for tasks to queue
[2024-12-01T02:27:55.409+0000] {logging_mixin.py:190} INFO - [2024-12-01T02:27:55.409+0000] {dagbag.py:588} INFO - Filling up the DagBag from /home/airflow/.local/lib/python3.12/site-packages/airflow/example_dags/example_inlet_event_extra.py
[2024-12-01T02:27:55.688+0000] {processor.py:925} INFO - DAG(s) 'read_dataset_event', 'read_dataset_event_from_classic' retrieved from /home/airflow/.local/lib/python3.12/site-packages/airflow/example_dags/example_inlet_event_extra.py
[2024-12-01T02:27:55.709+0000] {logging_mixin.py:190} INFO - [2024-12-01T02:27:55.709+0000] {dag.py:3239} INFO - Sync 2 DAGs
[2024-12-01T02:27:55.733+0000] {logging_mixin.py:190} INFO - [2024-12-01T02:27:55.733+0000] {dag.py:4180} INFO - Setting next_dagrun for read_dataset_event to 2024-11-30 00:00:00+00:00, run_after=2024-12-01 00:00:00+00:00
[2024-12-01T02:27:55.738+0000] {logging_mixin.py:190} INFO - [2024-12-01T02:27:55.738+0000] {dag.py:4180} INFO - Setting next_dagrun for read_dataset_event_from_classic to 2024-11-30 00:00:00+00:00, run_after=2024-12-01 00:00:00+00:00
[2024-12-01T02:27:55.753+0000] {processor.py:208} INFO - Processing /home/airflow/.local/lib/python3.12/site-packages/airflow/example_dags/example_inlet_event_extra.py took 0.354 seconds
[2024-12-01T02:28:25.821+0000] {processor.py:186} INFO - Started process (PID=52776) to work on /home/airflow/.local/lib/python3.12/site-packages/airflow/example_dags/example_inlet_event_extra.py
[2024-12-01T02:28:25.822+0000] {processor.py:914} INFO - Processing file /home/airflow/.local/lib/python3.12/site-packages/airflow/example_dags/example_inlet_event_extra.py for tasks to queue
[2024-12-01T02:28:25.824+0000] {logging_mixin.py:190} INFO - [2024-12-01T02:28:25.824+0000] {dagbag.py:588} INFO - Filling up the DagBag from /home/airflow/.local/lib/python3.12/site-packages/airflow/example_dags/example_inlet_event_extra.py
[2024-12-01T02:28:26.193+0000] {processor.py:925} INFO - DAG(s) 'read_dataset_event_from_classic', 'read_dataset_event' retrieved from /home/airflow/.local/lib/python3.12/site-packages/airflow/example_dags/example_inlet_event_extra.py
[2024-12-01T02:28:26.213+0000] {logging_mixin.py:190} INFO - [2024-12-01T02:28:26.212+0000] {dag.py:3239} INFO - Sync 2 DAGs
[2024-12-01T02:28:26.236+0000] {logging_mixin.py:190} INFO - [2024-12-01T02:28:26.236+0000] {dag.py:4180} INFO - Setting next_dagrun for read_dataset_event to 2024-11-30 00:00:00+00:00, run_after=2024-12-01 00:00:00+00:00
[2024-12-01T02:28:26.241+0000] {logging_mixin.py:190} INFO - [2024-12-01T02:28:26.241+0000] {dag.py:4180} INFO - Setting next_dagrun for read_dataset_event_from_classic to 2024-11-30 00:00:00+00:00, run_after=2024-12-01 00:00:00+00:00
[2024-12-01T02:28:26.257+0000] {processor.py:208} INFO - Processing /home/airflow/.local/lib/python3.12/site-packages/airflow/example_dags/example_inlet_event_extra.py took 0.441 seconds
[2024-12-01T02:28:56.435+0000] {processor.py:186} INFO - Started process (PID=52842) to work on /home/airflow/.local/lib/python3.12/site-packages/airflow/example_dags/example_inlet_event_extra.py
[2024-12-01T02:28:56.437+0000] {processor.py:914} INFO - Processing file /home/airflow/.local/lib/python3.12/site-packages/airflow/example_dags/example_inlet_event_extra.py for tasks to queue
[2024-12-01T02:28:56.440+0000] {logging_mixin.py:190} INFO - [2024-12-01T02:28:56.440+0000] {dagbag.py:588} INFO - Filling up the DagBag from /home/airflow/.local/lib/python3.12/site-packages/airflow/example_dags/example_inlet_event_extra.py
[2024-12-01T02:28:56.720+0000] {processor.py:925} INFO - DAG(s) 'read_dataset_event_from_classic', 'read_dataset_event' retrieved from /home/airflow/.local/lib/python3.12/site-packages/airflow/example_dags/example_inlet_event_extra.py
[2024-12-01T02:28:56.741+0000] {logging_mixin.py:190} INFO - [2024-12-01T02:28:56.741+0000] {dag.py:3239} INFO - Sync 2 DAGs
[2024-12-01T02:28:56.766+0000] {logging_mixin.py:190} INFO - [2024-12-01T02:28:56.766+0000] {dag.py:4180} INFO - Setting next_dagrun for read_dataset_event to 2024-11-30 00:00:00+00:00, run_after=2024-12-01 00:00:00+00:00
[2024-12-01T02:28:56.771+0000] {logging_mixin.py:190} INFO - [2024-12-01T02:28:56.771+0000] {dag.py:4180} INFO - Setting next_dagrun for read_dataset_event_from_classic to 2024-11-30 00:00:00+00:00, run_after=2024-12-01 00:00:00+00:00
[2024-12-01T02:28:56.793+0000] {processor.py:208} INFO - Processing /home/airflow/.local/lib/python3.12/site-packages/airflow/example_dags/example_inlet_event_extra.py took 0.370 seconds
[2024-12-01T02:29:26.950+0000] {processor.py:186} INFO - Started process (PID=52908) to work on /home/airflow/.local/lib/python3.12/site-packages/airflow/example_dags/example_inlet_event_extra.py
[2024-12-01T02:29:26.951+0000] {processor.py:914} INFO - Processing file /home/airflow/.local/lib/python3.12/site-packages/airflow/example_dags/example_inlet_event_extra.py for tasks to queue
[2024-12-01T02:29:26.954+0000] {logging_mixin.py:190} INFO - [2024-12-01T02:29:26.954+0000] {dagbag.py:588} INFO - Filling up the DagBag from /home/airflow/.local/lib/python3.12/site-packages/airflow/example_dags/example_inlet_event_extra.py
[2024-12-01T02:29:27.243+0000] {processor.py:925} INFO - DAG(s) 'read_dataset_event_from_classic', 'read_dataset_event' retrieved from /home/airflow/.local/lib/python3.12/site-packages/airflow/example_dags/example_inlet_event_extra.py
[2024-12-01T02:29:27.265+0000] {logging_mixin.py:190} INFO - [2024-12-01T02:29:27.265+0000] {dag.py:3239} INFO - Sync 2 DAGs
[2024-12-01T02:29:27.290+0000] {logging_mixin.py:190} INFO - [2024-12-01T02:29:27.289+0000] {dag.py:4180} INFO - Setting next_dagrun for read_dataset_event to 2024-11-30 00:00:00+00:00, run_after=2024-12-01 00:00:00+00:00
[2024-12-01T02:29:27.294+0000] {logging_mixin.py:190} INFO - [2024-12-01T02:29:27.294+0000] {dag.py:4180} INFO - Setting next_dagrun for read_dataset_event_from_classic to 2024-11-30 00:00:00+00:00, run_after=2024-12-01 00:00:00+00:00
[2024-12-01T02:29:27.311+0000] {processor.py:208} INFO - Processing /home/airflow/.local/lib/python3.12/site-packages/airflow/example_dags/example_inlet_event_extra.py took 0.371 seconds
[2024-12-01T02:29:57.456+0000] {processor.py:186} INFO - Started process (PID=52974) to work on /home/airflow/.local/lib/python3.12/site-packages/airflow/example_dags/example_inlet_event_extra.py
[2024-12-01T02:29:57.457+0000] {processor.py:914} INFO - Processing file /home/airflow/.local/lib/python3.12/site-packages/airflow/example_dags/example_inlet_event_extra.py for tasks to queue
[2024-12-01T02:29:57.460+0000] {logging_mixin.py:190} INFO - [2024-12-01T02:29:57.460+0000] {dagbag.py:588} INFO - Filling up the DagBag from /home/airflow/.local/lib/python3.12/site-packages/airflow/example_dags/example_inlet_event_extra.py
[2024-12-01T02:29:57.752+0000] {processor.py:925} INFO - DAG(s) 'read_dataset_event', 'read_dataset_event_from_classic' retrieved from /home/airflow/.local/lib/python3.12/site-packages/airflow/example_dags/example_inlet_event_extra.py
[2024-12-01T02:29:57.774+0000] {logging_mixin.py:190} INFO - [2024-12-01T02:29:57.774+0000] {dag.py:3239} INFO - Sync 2 DAGs
[2024-12-01T02:29:57.800+0000] {logging_mixin.py:190} INFO - [2024-12-01T02:29:57.799+0000] {dag.py:4180} INFO - Setting next_dagrun for read_dataset_event to 2024-11-30 00:00:00+00:00, run_after=2024-12-01 00:00:00+00:00
[2024-12-01T02:29:57.806+0000] {logging_mixin.py:190} INFO - [2024-12-01T02:29:57.805+0000] {dag.py:4180} INFO - Setting next_dagrun for read_dataset_event_from_classic to 2024-11-30 00:00:00+00:00, run_after=2024-12-01 00:00:00+00:00
[2024-12-01T02:29:57.822+0000] {processor.py:208} INFO - Processing /home/airflow/.local/lib/python3.12/site-packages/airflow/example_dags/example_inlet_event_extra.py took 0.375 seconds
[2024-12-01T02:30:27.917+0000] {processor.py:186} INFO - Started process (PID=53040) to work on /home/airflow/.local/lib/python3.12/site-packages/airflow/example_dags/example_inlet_event_extra.py
[2024-12-01T02:30:27.917+0000] {processor.py:914} INFO - Processing file /home/airflow/.local/lib/python3.12/site-packages/airflow/example_dags/example_inlet_event_extra.py for tasks to queue
[2024-12-01T02:30:27.920+0000] {logging_mixin.py:190} INFO - [2024-12-01T02:30:27.919+0000] {dagbag.py:588} INFO - Filling up the DagBag from /home/airflow/.local/lib/python3.12/site-packages/airflow/example_dags/example_inlet_event_extra.py
[2024-12-01T02:30:28.224+0000] {processor.py:925} INFO - DAG(s) 'read_dataset_event', 'read_dataset_event_from_classic' retrieved from /home/airflow/.local/lib/python3.12/site-packages/airflow/example_dags/example_inlet_event_extra.py
[2024-12-01T02:30:28.254+0000] {logging_mixin.py:190} INFO - [2024-12-01T02:30:28.253+0000] {dag.py:3239} INFO - Sync 2 DAGs
[2024-12-01T02:30:28.285+0000] {logging_mixin.py:190} INFO - [2024-12-01T02:30:28.285+0000] {dag.py:4180} INFO - Setting next_dagrun for read_dataset_event to 2024-11-30 00:00:00+00:00, run_after=2024-12-01 00:00:00+00:00
[2024-12-01T02:30:28.291+0000] {logging_mixin.py:190} INFO - [2024-12-01T02:30:28.291+0000] {dag.py:4180} INFO - Setting next_dagrun for read_dataset_event_from_classic to 2024-11-30 00:00:00+00:00, run_after=2024-12-01 00:00:00+00:00
[2024-12-01T02:30:28.308+0000] {processor.py:208} INFO - Processing /home/airflow/.local/lib/python3.12/site-packages/airflow/example_dags/example_inlet_event_extra.py took 0.397 seconds
[2024-12-01T02:30:58.753+0000] {processor.py:186} INFO - Started process (PID=53106) to work on /home/airflow/.local/lib/python3.12/site-packages/airflow/example_dags/example_inlet_event_extra.py
[2024-12-01T02:30:58.754+0000] {processor.py:914} INFO - Processing file /home/airflow/.local/lib/python3.12/site-packages/airflow/example_dags/example_inlet_event_extra.py for tasks to queue
[2024-12-01T02:30:58.758+0000] {logging_mixin.py:190} INFO - [2024-12-01T02:30:58.758+0000] {dagbag.py:588} INFO - Filling up the DagBag from /home/airflow/.local/lib/python3.12/site-packages/airflow/example_dags/example_inlet_event_extra.py
[2024-12-01T02:30:59.078+0000] {processor.py:925} INFO - DAG(s) 'read_dataset_event_from_classic', 'read_dataset_event' retrieved from /home/airflow/.local/lib/python3.12/site-packages/airflow/example_dags/example_inlet_event_extra.py
[2024-12-01T02:30:59.102+0000] {logging_mixin.py:190} INFO - [2024-12-01T02:30:59.101+0000] {dag.py:3239} INFO - Sync 2 DAGs
[2024-12-01T02:30:59.130+0000] {logging_mixin.py:190} INFO - [2024-12-01T02:30:59.130+0000] {dag.py:4180} INFO - Setting next_dagrun for read_dataset_event to 2024-11-30 00:00:00+00:00, run_after=2024-12-01 00:00:00+00:00
[2024-12-01T02:30:59.136+0000] {logging_mixin.py:190} INFO - [2024-12-01T02:30:59.136+0000] {dag.py:4180} INFO - Setting next_dagrun for read_dataset_event_from_classic to 2024-11-30 00:00:00+00:00, run_after=2024-12-01 00:00:00+00:00
[2024-12-01T02:30:59.154+0000] {processor.py:208} INFO - Processing /home/airflow/.local/lib/python3.12/site-packages/airflow/example_dags/example_inlet_event_extra.py took 0.409 seconds
[2024-12-01T02:31:29.942+0000] {processor.py:186} INFO - Started process (PID=53172) to work on /home/airflow/.local/lib/python3.12/site-packages/airflow/example_dags/example_inlet_event_extra.py
[2024-12-01T02:31:29.943+0000] {processor.py:914} INFO - Processing file /home/airflow/.local/lib/python3.12/site-packages/airflow/example_dags/example_inlet_event_extra.py for tasks to queue
[2024-12-01T02:31:29.945+0000] {logging_mixin.py:190} INFO - [2024-12-01T02:31:29.945+0000] {dagbag.py:588} INFO - Filling up the DagBag from /home/airflow/.local/lib/python3.12/site-packages/airflow/example_dags/example_inlet_event_extra.py
[2024-12-01T02:31:30.249+0000] {processor.py:925} INFO - DAG(s) 'read_dataset_event_from_classic', 'read_dataset_event' retrieved from /home/airflow/.local/lib/python3.12/site-packages/airflow/example_dags/example_inlet_event_extra.py
[2024-12-01T02:31:30.269+0000] {logging_mixin.py:190} INFO - [2024-12-01T02:31:30.269+0000] {dag.py:3239} INFO - Sync 2 DAGs
[2024-12-01T02:31:30.296+0000] {logging_mixin.py:190} INFO - [2024-12-01T02:31:30.295+0000] {dag.py:4180} INFO - Setting next_dagrun for read_dataset_event to 2024-11-30 00:00:00+00:00, run_after=2024-12-01 00:00:00+00:00
[2024-12-01T02:31:30.300+0000] {logging_mixin.py:190} INFO - [2024-12-01T02:31:30.300+0000] {dag.py:4180} INFO - Setting next_dagrun for read_dataset_event_from_classic to 2024-11-30 00:00:00+00:00, run_after=2024-12-01 00:00:00+00:00
[2024-12-01T02:31:30.317+0000] {processor.py:208} INFO - Processing /home/airflow/.local/lib/python3.12/site-packages/airflow/example_dags/example_inlet_event_extra.py took 0.380 seconds
[2024-12-01T02:32:00.425+0000] {processor.py:186} INFO - Started process (PID=53244) to work on /home/airflow/.local/lib/python3.12/site-packages/airflow/example_dags/example_inlet_event_extra.py
[2024-12-01T02:32:00.426+0000] {processor.py:914} INFO - Processing file /home/airflow/.local/lib/python3.12/site-packages/airflow/example_dags/example_inlet_event_extra.py for tasks to queue
[2024-12-01T02:32:00.428+0000] {logging_mixin.py:190} INFO - [2024-12-01T02:32:00.428+0000] {dagbag.py:588} INFO - Filling up the DagBag from /home/airflow/.local/lib/python3.12/site-packages/airflow/example_dags/example_inlet_event_extra.py
[2024-12-01T02:32:00.807+0000] {processor.py:925} INFO - DAG(s) 'read_dataset_event_from_classic', 'read_dataset_event' retrieved from /home/airflow/.local/lib/python3.12/site-packages/airflow/example_dags/example_inlet_event_extra.py
[2024-12-01T02:32:00.832+0000] {logging_mixin.py:190} INFO - [2024-12-01T02:32:00.832+0000] {dag.py:3239} INFO - Sync 2 DAGs
[2024-12-01T02:32:00.863+0000] {logging_mixin.py:190} INFO - [2024-12-01T02:32:00.863+0000] {dag.py:4180} INFO - Setting next_dagrun for read_dataset_event to 2024-11-30 00:00:00+00:00, run_after=2024-12-01 00:00:00+00:00
[2024-12-01T02:32:00.869+0000] {logging_mixin.py:190} INFO - [2024-12-01T02:32:00.869+0000] {dag.py:4180} INFO - Setting next_dagrun for read_dataset_event_from_classic to 2024-11-30 00:00:00+00:00, run_after=2024-12-01 00:00:00+00:00
[2024-12-01T02:32:00.886+0000] {processor.py:208} INFO - Processing /home/airflow/.local/lib/python3.12/site-packages/airflow/example_dags/example_inlet_event_extra.py took 0.466 seconds
[2024-12-01T02:32:31.827+0000] {processor.py:186} INFO - Started process (PID=53310) to work on /home/airflow/.local/lib/python3.12/site-packages/airflow/example_dags/example_inlet_event_extra.py
[2024-12-01T02:32:31.828+0000] {processor.py:914} INFO - Processing file /home/airflow/.local/lib/python3.12/site-packages/airflow/example_dags/example_inlet_event_extra.py for tasks to queue
[2024-12-01T02:32:31.831+0000] {logging_mixin.py:190} INFO - [2024-12-01T02:32:31.831+0000] {dagbag.py:588} INFO - Filling up the DagBag from /home/airflow/.local/lib/python3.12/site-packages/airflow/example_dags/example_inlet_event_extra.py
[2024-12-01T02:32:32.160+0000] {processor.py:925} INFO - DAG(s) 'read_dataset_event_from_classic', 'read_dataset_event' retrieved from /home/airflow/.local/lib/python3.12/site-packages/airflow/example_dags/example_inlet_event_extra.py
[2024-12-01T02:32:32.183+0000] {logging_mixin.py:190} INFO - [2024-12-01T02:32:32.183+0000] {dag.py:3239} INFO - Sync 2 DAGs
[2024-12-01T02:32:32.209+0000] {logging_mixin.py:190} INFO - [2024-12-01T02:32:32.209+0000] {dag.py:4180} INFO - Setting next_dagrun for read_dataset_event to 2024-11-30 00:00:00+00:00, run_after=2024-12-01 00:00:00+00:00
[2024-12-01T02:32:32.214+0000] {logging_mixin.py:190} INFO - [2024-12-01T02:32:32.214+0000] {dag.py:4180} INFO - Setting next_dagrun for read_dataset_event_from_classic to 2024-11-30 00:00:00+00:00, run_after=2024-12-01 00:00:00+00:00
[2024-12-01T02:32:32.230+0000] {processor.py:208} INFO - Processing /home/airflow/.local/lib/python3.12/site-packages/airflow/example_dags/example_inlet_event_extra.py took 0.410 seconds
[2024-12-01T02:33:02.296+0000] {processor.py:186} INFO - Started process (PID=53375) to work on /home/airflow/.local/lib/python3.12/site-packages/airflow/example_dags/example_inlet_event_extra.py
[2024-12-01T02:33:02.298+0000] {processor.py:914} INFO - Processing file /home/airflow/.local/lib/python3.12/site-packages/airflow/example_dags/example_inlet_event_extra.py for tasks to queue
[2024-12-01T02:33:02.301+0000] {logging_mixin.py:190} INFO - [2024-12-01T02:33:02.300+0000] {dagbag.py:588} INFO - Filling up the DagBag from /home/airflow/.local/lib/python3.12/site-packages/airflow/example_dags/example_inlet_event_extra.py
[2024-12-01T02:33:02.591+0000] {processor.py:925} INFO - DAG(s) 'read_dataset_event_from_classic', 'read_dataset_event' retrieved from /home/airflow/.local/lib/python3.12/site-packages/airflow/example_dags/example_inlet_event_extra.py
[2024-12-01T02:33:02.612+0000] {logging_mixin.py:190} INFO - [2024-12-01T02:33:02.612+0000] {dag.py:3239} INFO - Sync 2 DAGs
[2024-12-01T02:33:02.636+0000] {logging_mixin.py:190} INFO - [2024-12-01T02:33:02.635+0000] {dag.py:4180} INFO - Setting next_dagrun for read_dataset_event to 2024-11-30 00:00:00+00:00, run_after=2024-12-01 00:00:00+00:00
[2024-12-01T02:33:02.641+0000] {logging_mixin.py:190} INFO - [2024-12-01T02:33:02.640+0000] {dag.py:4180} INFO - Setting next_dagrun for read_dataset_event_from_classic to 2024-11-30 00:00:00+00:00, run_after=2024-12-01 00:00:00+00:00
[2024-12-01T02:33:02.657+0000] {processor.py:208} INFO - Processing /home/airflow/.local/lib/python3.12/site-packages/airflow/example_dags/example_inlet_event_extra.py took 0.369 seconds
[2024-12-01T02:33:33.238+0000] {processor.py:186} INFO - Started process (PID=53442) to work on /home/airflow/.local/lib/python3.12/site-packages/airflow/example_dags/example_inlet_event_extra.py
[2024-12-01T02:33:33.239+0000] {processor.py:914} INFO - Processing file /home/airflow/.local/lib/python3.12/site-packages/airflow/example_dags/example_inlet_event_extra.py for tasks to queue
[2024-12-01T02:33:33.242+0000] {logging_mixin.py:190} INFO - [2024-12-01T02:33:33.241+0000] {dagbag.py:588} INFO - Filling up the DagBag from /home/airflow/.local/lib/python3.12/site-packages/airflow/example_dags/example_inlet_event_extra.py
[2024-12-01T02:33:33.549+0000] {processor.py:925} INFO - DAG(s) 'read_dataset_event', 'read_dataset_event_from_classic' retrieved from /home/airflow/.local/lib/python3.12/site-packages/airflow/example_dags/example_inlet_event_extra.py
[2024-12-01T02:33:33.571+0000] {logging_mixin.py:190} INFO - [2024-12-01T02:33:33.570+0000] {dag.py:3239} INFO - Sync 2 DAGs
[2024-12-01T02:33:33.616+0000] {logging_mixin.py:190} INFO - [2024-12-01T02:33:33.616+0000] {dag.py:4180} INFO - Setting next_dagrun for read_dataset_event to 2024-11-30 00:00:00+00:00, run_after=2024-12-01 00:00:00+00:00
[2024-12-01T02:33:33.634+0000] {logging_mixin.py:190} INFO - [2024-12-01T02:33:33.634+0000] {dag.py:4180} INFO - Setting next_dagrun for read_dataset_event_from_classic to 2024-11-30 00:00:00+00:00, run_after=2024-12-01 00:00:00+00:00
[2024-12-01T02:33:33.700+0000] {processor.py:208} INFO - Processing /home/airflow/.local/lib/python3.12/site-packages/airflow/example_dags/example_inlet_event_extra.py took 0.468 seconds
