[2024-12-01T02:10:57.571+0000] {processor.py:186} INFO - Started process (PID=50527) to work on /home/airflow/.local/lib/python3.12/site-packages/airflow/example_dags/example_branch_labels.py
[2024-12-01T02:10:57.572+0000] {processor.py:914} INFO - Processing file /home/airflow/.local/lib/python3.12/site-packages/airflow/example_dags/example_branch_labels.py for tasks to queue
[2024-12-01T02:10:57.584+0000] {logging_mixin.py:190} INFO - [2024-12-01T02:10:57.584+0000] {dagbag.py:588} INFO - Filling up the DagBag from /home/airflow/.local/lib/python3.12/site-packages/airflow/example_dags/example_branch_labels.py
[2024-12-01T02:10:57.599+0000] {processor.py:925} INFO - DAG(s) 'example_branch_labels' retrieved from /home/airflow/.local/lib/python3.12/site-packages/airflow/example_dags/example_branch_labels.py
[2024-12-01T02:10:57.634+0000] {logging_mixin.py:190} INFO - [2024-12-01T02:10:57.633+0000] {dag.py:3239} INFO - Sync 1 DAGs
[2024-12-01T02:10:57.683+0000] {logging_mixin.py:190} INFO - [2024-12-01T02:10:57.682+0000] {dag.py:4180} INFO - Setting next_dagrun for example_branch_labels to 2024-11-30 00:00:00+00:00, run_after=2024-12-01 00:00:00+00:00
[2024-12-01T02:10:57.736+0000] {processor.py:208} INFO - Processing /home/airflow/.local/lib/python3.12/site-packages/airflow/example_dags/example_branch_labels.py took 0.179 seconds
[2024-12-01T02:11:28.699+0000] {processor.py:186} INFO - Started process (PID=50600) to work on /home/airflow/.local/lib/python3.12/site-packages/airflow/example_dags/example_branch_labels.py
[2024-12-01T02:11:28.700+0000] {processor.py:914} INFO - Processing file /home/airflow/.local/lib/python3.12/site-packages/airflow/example_dags/example_branch_labels.py for tasks to queue
[2024-12-01T02:11:28.702+0000] {logging_mixin.py:190} INFO - [2024-12-01T02:11:28.702+0000] {dagbag.py:588} INFO - Filling up the DagBag from /home/airflow/.local/lib/python3.12/site-packages/airflow/example_dags/example_branch_labels.py
[2024-12-01T02:11:28.714+0000] {processor.py:925} INFO - DAG(s) 'example_branch_labels' retrieved from /home/airflow/.local/lib/python3.12/site-packages/airflow/example_dags/example_branch_labels.py
[2024-12-01T02:11:28.734+0000] {logging_mixin.py:190} INFO - [2024-12-01T02:11:28.734+0000] {dag.py:3239} INFO - Sync 1 DAGs
[2024-12-01T02:11:28.760+0000] {logging_mixin.py:190} INFO - [2024-12-01T02:11:28.759+0000] {dag.py:4180} INFO - Setting next_dagrun for example_branch_labels to 2024-11-30 00:00:00+00:00, run_after=2024-12-01 00:00:00+00:00
[2024-12-01T02:11:28.782+0000] {processor.py:208} INFO - Processing /home/airflow/.local/lib/python3.12/site-packages/airflow/example_dags/example_branch_labels.py took 0.090 seconds
[2024-12-01T02:11:59.475+0000] {processor.py:186} INFO - Started process (PID=50666) to work on /home/airflow/.local/lib/python3.12/site-packages/airflow/example_dags/example_branch_labels.py
[2024-12-01T02:11:59.476+0000] {processor.py:914} INFO - Processing file /home/airflow/.local/lib/python3.12/site-packages/airflow/example_dags/example_branch_labels.py for tasks to queue
[2024-12-01T02:11:59.478+0000] {logging_mixin.py:190} INFO - [2024-12-01T02:11:59.477+0000] {dagbag.py:588} INFO - Filling up the DagBag from /home/airflow/.local/lib/python3.12/site-packages/airflow/example_dags/example_branch_labels.py
[2024-12-01T02:11:59.486+0000] {processor.py:925} INFO - DAG(s) 'example_branch_labels' retrieved from /home/airflow/.local/lib/python3.12/site-packages/airflow/example_dags/example_branch_labels.py
[2024-12-01T02:11:59.504+0000] {logging_mixin.py:190} INFO - [2024-12-01T02:11:59.504+0000] {dag.py:3239} INFO - Sync 1 DAGs
[2024-12-01T02:11:59.526+0000] {logging_mixin.py:190} INFO - [2024-12-01T02:11:59.526+0000] {dag.py:4180} INFO - Setting next_dagrun for example_branch_labels to 2024-11-30 00:00:00+00:00, run_after=2024-12-01 00:00:00+00:00
[2024-12-01T02:11:59.541+0000] {processor.py:208} INFO - Processing /home/airflow/.local/lib/python3.12/site-packages/airflow/example_dags/example_branch_labels.py took 0.071 seconds
[2024-12-01T02:12:30.945+0000] {processor.py:186} INFO - Started process (PID=50732) to work on /home/airflow/.local/lib/python3.12/site-packages/airflow/example_dags/example_branch_labels.py
[2024-12-01T02:12:30.946+0000] {processor.py:914} INFO - Processing file /home/airflow/.local/lib/python3.12/site-packages/airflow/example_dags/example_branch_labels.py for tasks to queue
[2024-12-01T02:12:30.948+0000] {logging_mixin.py:190} INFO - [2024-12-01T02:12:30.948+0000] {dagbag.py:588} INFO - Filling up the DagBag from /home/airflow/.local/lib/python3.12/site-packages/airflow/example_dags/example_branch_labels.py
[2024-12-01T02:12:30.957+0000] {processor.py:925} INFO - DAG(s) 'example_branch_labels' retrieved from /home/airflow/.local/lib/python3.12/site-packages/airflow/example_dags/example_branch_labels.py
[2024-12-01T02:12:30.975+0000] {logging_mixin.py:190} INFO - [2024-12-01T02:12:30.974+0000] {dag.py:3239} INFO - Sync 1 DAGs
[2024-12-01T02:12:30.995+0000] {logging_mixin.py:190} INFO - [2024-12-01T02:12:30.995+0000] {dag.py:4180} INFO - Setting next_dagrun for example_branch_labels to 2024-11-30 00:00:00+00:00, run_after=2024-12-01 00:00:00+00:00
[2024-12-01T02:12:31.011+0000] {processor.py:208} INFO - Processing /home/airflow/.local/lib/python3.12/site-packages/airflow/example_dags/example_branch_labels.py took 0.072 seconds
[2024-12-01T02:13:01.748+0000] {processor.py:186} INFO - Started process (PID=50798) to work on /home/airflow/.local/lib/python3.12/site-packages/airflow/example_dags/example_branch_labels.py
[2024-12-01T02:13:01.749+0000] {processor.py:914} INFO - Processing file /home/airflow/.local/lib/python3.12/site-packages/airflow/example_dags/example_branch_labels.py for tasks to queue
[2024-12-01T02:13:01.751+0000] {logging_mixin.py:190} INFO - [2024-12-01T02:13:01.751+0000] {dagbag.py:588} INFO - Filling up the DagBag from /home/airflow/.local/lib/python3.12/site-packages/airflow/example_dags/example_branch_labels.py
[2024-12-01T02:13:01.763+0000] {processor.py:925} INFO - DAG(s) 'example_branch_labels' retrieved from /home/airflow/.local/lib/python3.12/site-packages/airflow/example_dags/example_branch_labels.py
[2024-12-01T02:13:01.781+0000] {logging_mixin.py:190} INFO - [2024-12-01T02:13:01.781+0000] {dag.py:3239} INFO - Sync 1 DAGs
[2024-12-01T02:13:01.803+0000] {logging_mixin.py:190} INFO - [2024-12-01T02:13:01.803+0000] {dag.py:4180} INFO - Setting next_dagrun for example_branch_labels to 2024-11-30 00:00:00+00:00, run_after=2024-12-01 00:00:00+00:00
[2024-12-01T02:13:01.819+0000] {processor.py:208} INFO - Processing /home/airflow/.local/lib/python3.12/site-packages/airflow/example_dags/example_branch_labels.py took 0.076 seconds
[2024-12-01T02:13:32.473+0000] {processor.py:186} INFO - Started process (PID=50864) to work on /home/airflow/.local/lib/python3.12/site-packages/airflow/example_dags/example_branch_labels.py
[2024-12-01T02:13:32.474+0000] {processor.py:914} INFO - Processing file /home/airflow/.local/lib/python3.12/site-packages/airflow/example_dags/example_branch_labels.py for tasks to queue
[2024-12-01T02:13:32.477+0000] {logging_mixin.py:190} INFO - [2024-12-01T02:13:32.476+0000] {dagbag.py:588} INFO - Filling up the DagBag from /home/airflow/.local/lib/python3.12/site-packages/airflow/example_dags/example_branch_labels.py
[2024-12-01T02:13:32.485+0000] {processor.py:925} INFO - DAG(s) 'example_branch_labels' retrieved from /home/airflow/.local/lib/python3.12/site-packages/airflow/example_dags/example_branch_labels.py
[2024-12-01T02:13:32.505+0000] {logging_mixin.py:190} INFO - [2024-12-01T02:13:32.505+0000] {dag.py:3239} INFO - Sync 1 DAGs
[2024-12-01T02:13:32.528+0000] {logging_mixin.py:190} INFO - [2024-12-01T02:13:32.528+0000] {dag.py:4180} INFO - Setting next_dagrun for example_branch_labels to 2024-11-30 00:00:00+00:00, run_after=2024-12-01 00:00:00+00:00
[2024-12-01T02:13:32.546+0000] {processor.py:208} INFO - Processing /home/airflow/.local/lib/python3.12/site-packages/airflow/example_dags/example_branch_labels.py took 0.078 seconds
[2024-12-01T02:14:03.265+0000] {processor.py:186} INFO - Started process (PID=50930) to work on /home/airflow/.local/lib/python3.12/site-packages/airflow/example_dags/example_branch_labels.py
[2024-12-01T02:14:03.266+0000] {processor.py:914} INFO - Processing file /home/airflow/.local/lib/python3.12/site-packages/airflow/example_dags/example_branch_labels.py for tasks to queue
[2024-12-01T02:14:03.268+0000] {logging_mixin.py:190} INFO - [2024-12-01T02:14:03.267+0000] {dagbag.py:588} INFO - Filling up the DagBag from /home/airflow/.local/lib/python3.12/site-packages/airflow/example_dags/example_branch_labels.py
[2024-12-01T02:14:03.276+0000] {processor.py:925} INFO - DAG(s) 'example_branch_labels' retrieved from /home/airflow/.local/lib/python3.12/site-packages/airflow/example_dags/example_branch_labels.py
[2024-12-01T02:14:03.296+0000] {logging_mixin.py:190} INFO - [2024-12-01T02:14:03.295+0000] {dag.py:3239} INFO - Sync 1 DAGs
[2024-12-01T02:14:03.317+0000] {logging_mixin.py:190} INFO - [2024-12-01T02:14:03.317+0000] {dag.py:4180} INFO - Setting next_dagrun for example_branch_labels to 2024-11-30 00:00:00+00:00, run_after=2024-12-01 00:00:00+00:00
[2024-12-01T02:14:03.334+0000] {processor.py:208} INFO - Processing /home/airflow/.local/lib/python3.12/site-packages/airflow/example_dags/example_branch_labels.py took 0.074 seconds
[2024-12-01T02:14:34.592+0000] {processor.py:186} INFO - Started process (PID=50996) to work on /home/airflow/.local/lib/python3.12/site-packages/airflow/example_dags/example_branch_labels.py
[2024-12-01T02:14:34.593+0000] {processor.py:914} INFO - Processing file /home/airflow/.local/lib/python3.12/site-packages/airflow/example_dags/example_branch_labels.py for tasks to queue
[2024-12-01T02:14:34.595+0000] {logging_mixin.py:190} INFO - [2024-12-01T02:14:34.595+0000] {dagbag.py:588} INFO - Filling up the DagBag from /home/airflow/.local/lib/python3.12/site-packages/airflow/example_dags/example_branch_labels.py
[2024-12-01T02:14:34.603+0000] {processor.py:925} INFO - DAG(s) 'example_branch_labels' retrieved from /home/airflow/.local/lib/python3.12/site-packages/airflow/example_dags/example_branch_labels.py
[2024-12-01T02:14:34.622+0000] {logging_mixin.py:190} INFO - [2024-12-01T02:14:34.622+0000] {dag.py:3239} INFO - Sync 1 DAGs
[2024-12-01T02:14:34.646+0000] {logging_mixin.py:190} INFO - [2024-12-01T02:14:34.645+0000] {dag.py:4180} INFO - Setting next_dagrun for example_branch_labels to 2024-11-30 00:00:00+00:00, run_after=2024-12-01 00:00:00+00:00
[2024-12-01T02:14:34.660+0000] {processor.py:208} INFO - Processing /home/airflow/.local/lib/python3.12/site-packages/airflow/example_dags/example_branch_labels.py took 0.073 seconds
[2024-12-01T02:15:05.227+0000] {processor.py:186} INFO - Started process (PID=51062) to work on /home/airflow/.local/lib/python3.12/site-packages/airflow/example_dags/example_branch_labels.py
[2024-12-01T02:15:05.228+0000] {processor.py:914} INFO - Processing file /home/airflow/.local/lib/python3.12/site-packages/airflow/example_dags/example_branch_labels.py for tasks to queue
[2024-12-01T02:15:05.230+0000] {logging_mixin.py:190} INFO - [2024-12-01T02:15:05.230+0000] {dagbag.py:588} INFO - Filling up the DagBag from /home/airflow/.local/lib/python3.12/site-packages/airflow/example_dags/example_branch_labels.py
[2024-12-01T02:15:05.239+0000] {processor.py:925} INFO - DAG(s) 'example_branch_labels' retrieved from /home/airflow/.local/lib/python3.12/site-packages/airflow/example_dags/example_branch_labels.py
[2024-12-01T02:15:05.258+0000] {logging_mixin.py:190} INFO - [2024-12-01T02:15:05.258+0000] {dag.py:3239} INFO - Sync 1 DAGs
[2024-12-01T02:15:05.281+0000] {logging_mixin.py:190} INFO - [2024-12-01T02:15:05.281+0000] {dag.py:4180} INFO - Setting next_dagrun for example_branch_labels to 2024-11-30 00:00:00+00:00, run_after=2024-12-01 00:00:00+00:00
[2024-12-01T02:15:05.297+0000] {processor.py:208} INFO - Processing /home/airflow/.local/lib/python3.12/site-packages/airflow/example_dags/example_branch_labels.py took 0.076 seconds
[2024-12-01T02:15:36.277+0000] {processor.py:186} INFO - Started process (PID=51128) to work on /home/airflow/.local/lib/python3.12/site-packages/airflow/example_dags/example_branch_labels.py
[2024-12-01T02:15:36.278+0000] {processor.py:914} INFO - Processing file /home/airflow/.local/lib/python3.12/site-packages/airflow/example_dags/example_branch_labels.py for tasks to queue
[2024-12-01T02:15:36.280+0000] {logging_mixin.py:190} INFO - [2024-12-01T02:15:36.280+0000] {dagbag.py:588} INFO - Filling up the DagBag from /home/airflow/.local/lib/python3.12/site-packages/airflow/example_dags/example_branch_labels.py
[2024-12-01T02:15:36.288+0000] {processor.py:925} INFO - DAG(s) 'example_branch_labels' retrieved from /home/airflow/.local/lib/python3.12/site-packages/airflow/example_dags/example_branch_labels.py
[2024-12-01T02:15:36.305+0000] {logging_mixin.py:190} INFO - [2024-12-01T02:15:36.305+0000] {dag.py:3239} INFO - Sync 1 DAGs
[2024-12-01T02:15:36.326+0000] {logging_mixin.py:190} INFO - [2024-12-01T02:15:36.326+0000] {dag.py:4180} INFO - Setting next_dagrun for example_branch_labels to 2024-11-30 00:00:00+00:00, run_after=2024-12-01 00:00:00+00:00
[2024-12-01T02:15:36.340+0000] {processor.py:208} INFO - Processing /home/airflow/.local/lib/python3.12/site-packages/airflow/example_dags/example_branch_labels.py took 0.068 seconds
[2024-12-01T02:16:07.252+0000] {processor.py:186} INFO - Started process (PID=51194) to work on /home/airflow/.local/lib/python3.12/site-packages/airflow/example_dags/example_branch_labels.py
[2024-12-01T02:16:07.253+0000] {processor.py:914} INFO - Processing file /home/airflow/.local/lib/python3.12/site-packages/airflow/example_dags/example_branch_labels.py for tasks to queue
[2024-12-01T02:16:07.255+0000] {logging_mixin.py:190} INFO - [2024-12-01T02:16:07.255+0000] {dagbag.py:588} INFO - Filling up the DagBag from /home/airflow/.local/lib/python3.12/site-packages/airflow/example_dags/example_branch_labels.py
[2024-12-01T02:16:07.264+0000] {processor.py:925} INFO - DAG(s) 'example_branch_labels' retrieved from /home/airflow/.local/lib/python3.12/site-packages/airflow/example_dags/example_branch_labels.py
[2024-12-01T02:16:07.283+0000] {logging_mixin.py:190} INFO - [2024-12-01T02:16:07.283+0000] {dag.py:3239} INFO - Sync 1 DAGs
[2024-12-01T02:16:07.305+0000] {logging_mixin.py:190} INFO - [2024-12-01T02:16:07.304+0000] {dag.py:4180} INFO - Setting next_dagrun for example_branch_labels to 2024-11-30 00:00:00+00:00, run_after=2024-12-01 00:00:00+00:00
[2024-12-01T02:16:07.320+0000] {processor.py:208} INFO - Processing /home/airflow/.local/lib/python3.12/site-packages/airflow/example_dags/example_branch_labels.py took 0.074 seconds
[2024-12-01T02:16:37.867+0000] {processor.py:186} INFO - Started process (PID=51260) to work on /home/airflow/.local/lib/python3.12/site-packages/airflow/example_dags/example_branch_labels.py
[2024-12-01T02:16:37.868+0000] {processor.py:914} INFO - Processing file /home/airflow/.local/lib/python3.12/site-packages/airflow/example_dags/example_branch_labels.py for tasks to queue
[2024-12-01T02:16:37.871+0000] {logging_mixin.py:190} INFO - [2024-12-01T02:16:37.870+0000] {dagbag.py:588} INFO - Filling up the DagBag from /home/airflow/.local/lib/python3.12/site-packages/airflow/example_dags/example_branch_labels.py
[2024-12-01T02:16:37.882+0000] {processor.py:925} INFO - DAG(s) 'example_branch_labels' retrieved from /home/airflow/.local/lib/python3.12/site-packages/airflow/example_dags/example_branch_labels.py
[2024-12-01T02:16:37.901+0000] {logging_mixin.py:190} INFO - [2024-12-01T02:16:37.901+0000] {dag.py:3239} INFO - Sync 1 DAGs
[2024-12-01T02:16:37.924+0000] {logging_mixin.py:190} INFO - [2024-12-01T02:16:37.924+0000] {dag.py:4180} INFO - Setting next_dagrun for example_branch_labels to 2024-11-30 00:00:00+00:00, run_after=2024-12-01 00:00:00+00:00
[2024-12-01T02:16:37.942+0000] {processor.py:208} INFO - Processing /home/airflow/.local/lib/python3.12/site-packages/airflow/example_dags/example_branch_labels.py took 0.081 seconds
[2024-12-01T02:17:08.990+0000] {processor.py:186} INFO - Started process (PID=51326) to work on /home/airflow/.local/lib/python3.12/site-packages/airflow/example_dags/example_branch_labels.py
[2024-12-01T02:17:08.991+0000] {processor.py:914} INFO - Processing file /home/airflow/.local/lib/python3.12/site-packages/airflow/example_dags/example_branch_labels.py for tasks to queue
[2024-12-01T02:17:08.993+0000] {logging_mixin.py:190} INFO - [2024-12-01T02:17:08.993+0000] {dagbag.py:588} INFO - Filling up the DagBag from /home/airflow/.local/lib/python3.12/site-packages/airflow/example_dags/example_branch_labels.py
[2024-12-01T02:17:09.002+0000] {processor.py:925} INFO - DAG(s) 'example_branch_labels' retrieved from /home/airflow/.local/lib/python3.12/site-packages/airflow/example_dags/example_branch_labels.py
[2024-12-01T02:17:09.028+0000] {logging_mixin.py:190} INFO - [2024-12-01T02:17:09.027+0000] {dag.py:3239} INFO - Sync 1 DAGs
[2024-12-01T02:17:09.059+0000] {logging_mixin.py:190} INFO - [2024-12-01T02:17:09.059+0000] {dag.py:4180} INFO - Setting next_dagrun for example_branch_labels to 2024-11-30 00:00:00+00:00, run_after=2024-12-01 00:00:00+00:00
[2024-12-01T02:17:09.086+0000] {processor.py:208} INFO - Processing /home/airflow/.local/lib/python3.12/site-packages/airflow/example_dags/example_branch_labels.py took 0.103 seconds
[2024-12-01T02:17:40.019+0000] {processor.py:186} INFO - Started process (PID=51392) to work on /home/airflow/.local/lib/python3.12/site-packages/airflow/example_dags/example_branch_labels.py
[2024-12-01T02:17:40.020+0000] {processor.py:914} INFO - Processing file /home/airflow/.local/lib/python3.12/site-packages/airflow/example_dags/example_branch_labels.py for tasks to queue
[2024-12-01T02:17:40.022+0000] {logging_mixin.py:190} INFO - [2024-12-01T02:17:40.022+0000] {dagbag.py:588} INFO - Filling up the DagBag from /home/airflow/.local/lib/python3.12/site-packages/airflow/example_dags/example_branch_labels.py
[2024-12-01T02:17:40.031+0000] {processor.py:925} INFO - DAG(s) 'example_branch_labels' retrieved from /home/airflow/.local/lib/python3.12/site-packages/airflow/example_dags/example_branch_labels.py
[2024-12-01T02:17:40.049+0000] {logging_mixin.py:190} INFO - [2024-12-01T02:17:40.048+0000] {dag.py:3239} INFO - Sync 1 DAGs
[2024-12-01T02:17:40.069+0000] {logging_mixin.py:190} INFO - [2024-12-01T02:17:40.069+0000] {dag.py:4180} INFO - Setting next_dagrun for example_branch_labels to 2024-11-30 00:00:00+00:00, run_after=2024-12-01 00:00:00+00:00
[2024-12-01T02:17:40.085+0000] {processor.py:208} INFO - Processing /home/airflow/.local/lib/python3.12/site-packages/airflow/example_dags/example_branch_labels.py took 0.071 seconds
[2024-12-01T02:18:11.189+0000] {processor.py:186} INFO - Started process (PID=51458) to work on /home/airflow/.local/lib/python3.12/site-packages/airflow/example_dags/example_branch_labels.py
[2024-12-01T02:18:11.190+0000] {processor.py:914} INFO - Processing file /home/airflow/.local/lib/python3.12/site-packages/airflow/example_dags/example_branch_labels.py for tasks to queue
[2024-12-01T02:18:11.193+0000] {logging_mixin.py:190} INFO - [2024-12-01T02:18:11.192+0000] {dagbag.py:588} INFO - Filling up the DagBag from /home/airflow/.local/lib/python3.12/site-packages/airflow/example_dags/example_branch_labels.py
[2024-12-01T02:18:11.202+0000] {processor.py:925} INFO - DAG(s) 'example_branch_labels' retrieved from /home/airflow/.local/lib/python3.12/site-packages/airflow/example_dags/example_branch_labels.py
[2024-12-01T02:18:11.220+0000] {logging_mixin.py:190} INFO - [2024-12-01T02:18:11.219+0000] {dag.py:3239} INFO - Sync 1 DAGs
[2024-12-01T02:18:11.241+0000] {logging_mixin.py:190} INFO - [2024-12-01T02:18:11.241+0000] {dag.py:4180} INFO - Setting next_dagrun for example_branch_labels to 2024-11-30 00:00:00+00:00, run_after=2024-12-01 00:00:00+00:00
[2024-12-01T02:18:11.257+0000] {processor.py:208} INFO - Processing /home/airflow/.local/lib/python3.12/site-packages/airflow/example_dags/example_branch_labels.py took 0.076 seconds
[2024-12-01T02:18:41.919+0000] {processor.py:186} INFO - Started process (PID=51524) to work on /home/airflow/.local/lib/python3.12/site-packages/airflow/example_dags/example_branch_labels.py
[2024-12-01T02:18:41.920+0000] {processor.py:914} INFO - Processing file /home/airflow/.local/lib/python3.12/site-packages/airflow/example_dags/example_branch_labels.py for tasks to queue
[2024-12-01T02:18:41.923+0000] {logging_mixin.py:190} INFO - [2024-12-01T02:18:41.922+0000] {dagbag.py:588} INFO - Filling up the DagBag from /home/airflow/.local/lib/python3.12/site-packages/airflow/example_dags/example_branch_labels.py
[2024-12-01T02:18:41.932+0000] {processor.py:925} INFO - DAG(s) 'example_branch_labels' retrieved from /home/airflow/.local/lib/python3.12/site-packages/airflow/example_dags/example_branch_labels.py
[2024-12-01T02:18:41.951+0000] {logging_mixin.py:190} INFO - [2024-12-01T02:18:41.951+0000] {dag.py:3239} INFO - Sync 1 DAGs
[2024-12-01T02:18:41.972+0000] {logging_mixin.py:190} INFO - [2024-12-01T02:18:41.972+0000] {dag.py:4180} INFO - Setting next_dagrun for example_branch_labels to 2024-11-30 00:00:00+00:00, run_after=2024-12-01 00:00:00+00:00
[2024-12-01T02:18:41.989+0000] {processor.py:208} INFO - Processing /home/airflow/.local/lib/python3.12/site-packages/airflow/example_dags/example_branch_labels.py took 0.074 seconds
[2024-12-01T02:19:12.817+0000] {processor.py:186} INFO - Started process (PID=51591) to work on /home/airflow/.local/lib/python3.12/site-packages/airflow/example_dags/example_branch_labels.py
[2024-12-01T02:19:12.818+0000] {processor.py:914} INFO - Processing file /home/airflow/.local/lib/python3.12/site-packages/airflow/example_dags/example_branch_labels.py for tasks to queue
[2024-12-01T02:19:12.822+0000] {logging_mixin.py:190} INFO - [2024-12-01T02:19:12.821+0000] {dagbag.py:588} INFO - Filling up the DagBag from /home/airflow/.local/lib/python3.12/site-packages/airflow/example_dags/example_branch_labels.py
[2024-12-01T02:19:12.840+0000] {processor.py:925} INFO - DAG(s) 'example_branch_labels' retrieved from /home/airflow/.local/lib/python3.12/site-packages/airflow/example_dags/example_branch_labels.py
[2024-12-01T02:19:12.866+0000] {logging_mixin.py:190} INFO - [2024-12-01T02:19:12.865+0000] {dag.py:3239} INFO - Sync 1 DAGs
[2024-12-01T02:19:12.894+0000] {logging_mixin.py:190} INFO - [2024-12-01T02:19:12.894+0000] {dag.py:4180} INFO - Setting next_dagrun for example_branch_labels to 2024-11-30 00:00:00+00:00, run_after=2024-12-01 00:00:00+00:00
[2024-12-01T02:19:12.909+0000] {processor.py:208} INFO - Processing /home/airflow/.local/lib/python3.12/site-packages/airflow/example_dags/example_branch_labels.py took 0.110 seconds
[2024-12-01T02:19:44.059+0000] {processor.py:186} INFO - Started process (PID=51657) to work on /home/airflow/.local/lib/python3.12/site-packages/airflow/example_dags/example_branch_labels.py
[2024-12-01T02:19:44.060+0000] {processor.py:914} INFO - Processing file /home/airflow/.local/lib/python3.12/site-packages/airflow/example_dags/example_branch_labels.py for tasks to queue
[2024-12-01T02:19:44.062+0000] {logging_mixin.py:190} INFO - [2024-12-01T02:19:44.062+0000] {dagbag.py:588} INFO - Filling up the DagBag from /home/airflow/.local/lib/python3.12/site-packages/airflow/example_dags/example_branch_labels.py
[2024-12-01T02:19:44.071+0000] {processor.py:925} INFO - DAG(s) 'example_branch_labels' retrieved from /home/airflow/.local/lib/python3.12/site-packages/airflow/example_dags/example_branch_labels.py
[2024-12-01T02:19:44.092+0000] {logging_mixin.py:190} INFO - [2024-12-01T02:19:44.091+0000] {dag.py:3239} INFO - Sync 1 DAGs
[2024-12-01T02:19:44.113+0000] {logging_mixin.py:190} INFO - [2024-12-01T02:19:44.113+0000] {dag.py:4180} INFO - Setting next_dagrun for example_branch_labels to 2024-11-30 00:00:00+00:00, run_after=2024-12-01 00:00:00+00:00
[2024-12-01T02:19:44.130+0000] {processor.py:208} INFO - Processing /home/airflow/.local/lib/python3.12/site-packages/airflow/example_dags/example_branch_labels.py took 0.076 seconds
[2024-12-01T02:20:14.959+0000] {processor.py:186} INFO - Started process (PID=51723) to work on /home/airflow/.local/lib/python3.12/site-packages/airflow/example_dags/example_branch_labels.py
[2024-12-01T02:20:14.960+0000] {processor.py:914} INFO - Processing file /home/airflow/.local/lib/python3.12/site-packages/airflow/example_dags/example_branch_labels.py for tasks to queue
[2024-12-01T02:20:14.963+0000] {logging_mixin.py:190} INFO - [2024-12-01T02:20:14.962+0000] {dagbag.py:588} INFO - Filling up the DagBag from /home/airflow/.local/lib/python3.12/site-packages/airflow/example_dags/example_branch_labels.py
[2024-12-01T02:20:14.971+0000] {processor.py:925} INFO - DAG(s) 'example_branch_labels' retrieved from /home/airflow/.local/lib/python3.12/site-packages/airflow/example_dags/example_branch_labels.py
[2024-12-01T02:20:14.991+0000] {logging_mixin.py:190} INFO - [2024-12-01T02:20:14.990+0000] {dag.py:3239} INFO - Sync 1 DAGs
[2024-12-01T02:20:15.013+0000] {logging_mixin.py:190} INFO - [2024-12-01T02:20:15.013+0000] {dag.py:4180} INFO - Setting next_dagrun for example_branch_labels to 2024-11-30 00:00:00+00:00, run_after=2024-12-01 00:00:00+00:00
[2024-12-01T02:20:15.028+0000] {processor.py:208} INFO - Processing /home/airflow/.local/lib/python3.12/site-packages/airflow/example_dags/example_branch_labels.py took 0.074 seconds
[2024-12-01T02:20:45.830+0000] {processor.py:186} INFO - Started process (PID=51789) to work on /home/airflow/.local/lib/python3.12/site-packages/airflow/example_dags/example_branch_labels.py
[2024-12-01T02:20:45.831+0000] {processor.py:914} INFO - Processing file /home/airflow/.local/lib/python3.12/site-packages/airflow/example_dags/example_branch_labels.py for tasks to queue
[2024-12-01T02:20:45.834+0000] {logging_mixin.py:190} INFO - [2024-12-01T02:20:45.833+0000] {dagbag.py:588} INFO - Filling up the DagBag from /home/airflow/.local/lib/python3.12/site-packages/airflow/example_dags/example_branch_labels.py
[2024-12-01T02:20:45.843+0000] {processor.py:925} INFO - DAG(s) 'example_branch_labels' retrieved from /home/airflow/.local/lib/python3.12/site-packages/airflow/example_dags/example_branch_labels.py
[2024-12-01T02:20:45.863+0000] {logging_mixin.py:190} INFO - [2024-12-01T02:20:45.862+0000] {dag.py:3239} INFO - Sync 1 DAGs
[2024-12-01T02:20:45.884+0000] {logging_mixin.py:190} INFO - [2024-12-01T02:20:45.884+0000] {dag.py:4180} INFO - Setting next_dagrun for example_branch_labels to 2024-11-30 00:00:00+00:00, run_after=2024-12-01 00:00:00+00:00
[2024-12-01T02:20:46.046+0000] {processor.py:208} INFO - Processing /home/airflow/.local/lib/python3.12/site-packages/airflow/example_dags/example_branch_labels.py took 0.222 seconds
[2024-12-01T02:21:16.456+0000] {processor.py:186} INFO - Started process (PID=51855) to work on /home/airflow/.local/lib/python3.12/site-packages/airflow/example_dags/example_branch_labels.py
[2024-12-01T02:21:16.457+0000] {processor.py:914} INFO - Processing file /home/airflow/.local/lib/python3.12/site-packages/airflow/example_dags/example_branch_labels.py for tasks to queue
[2024-12-01T02:21:16.459+0000] {logging_mixin.py:190} INFO - [2024-12-01T02:21:16.459+0000] {dagbag.py:588} INFO - Filling up the DagBag from /home/airflow/.local/lib/python3.12/site-packages/airflow/example_dags/example_branch_labels.py
[2024-12-01T02:21:16.468+0000] {processor.py:925} INFO - DAG(s) 'example_branch_labels' retrieved from /home/airflow/.local/lib/python3.12/site-packages/airflow/example_dags/example_branch_labels.py
[2024-12-01T02:21:16.487+0000] {logging_mixin.py:190} INFO - [2024-12-01T02:21:16.486+0000] {dag.py:3239} INFO - Sync 1 DAGs
[2024-12-01T02:21:16.508+0000] {logging_mixin.py:190} INFO - [2024-12-01T02:21:16.508+0000] {dag.py:4180} INFO - Setting next_dagrun for example_branch_labels to 2024-11-30 00:00:00+00:00, run_after=2024-12-01 00:00:00+00:00
[2024-12-01T02:21:16.525+0000] {processor.py:208} INFO - Processing /home/airflow/.local/lib/python3.12/site-packages/airflow/example_dags/example_branch_labels.py took 0.074 seconds
[2024-12-01T02:21:47.660+0000] {processor.py:186} INFO - Started process (PID=51921) to work on /home/airflow/.local/lib/python3.12/site-packages/airflow/example_dags/example_branch_labels.py
[2024-12-01T02:21:47.661+0000] {processor.py:914} INFO - Processing file /home/airflow/.local/lib/python3.12/site-packages/airflow/example_dags/example_branch_labels.py for tasks to queue
[2024-12-01T02:21:47.664+0000] {logging_mixin.py:190} INFO - [2024-12-01T02:21:47.663+0000] {dagbag.py:588} INFO - Filling up the DagBag from /home/airflow/.local/lib/python3.12/site-packages/airflow/example_dags/example_branch_labels.py
[2024-12-01T02:21:47.672+0000] {processor.py:925} INFO - DAG(s) 'example_branch_labels' retrieved from /home/airflow/.local/lib/python3.12/site-packages/airflow/example_dags/example_branch_labels.py
[2024-12-01T02:21:47.692+0000] {logging_mixin.py:190} INFO - [2024-12-01T02:21:47.692+0000] {dag.py:3239} INFO - Sync 1 DAGs
[2024-12-01T02:21:47.713+0000] {logging_mixin.py:190} INFO - [2024-12-01T02:21:47.713+0000] {dag.py:4180} INFO - Setting next_dagrun for example_branch_labels to 2024-11-30 00:00:00+00:00, run_after=2024-12-01 00:00:00+00:00
[2024-12-01T02:21:47.730+0000] {processor.py:208} INFO - Processing /home/airflow/.local/lib/python3.12/site-packages/airflow/example_dags/example_branch_labels.py took 0.075 seconds
[2024-12-01T02:22:18.788+0000] {processor.py:186} INFO - Started process (PID=51987) to work on /home/airflow/.local/lib/python3.12/site-packages/airflow/example_dags/example_branch_labels.py
[2024-12-01T02:22:18.789+0000] {processor.py:914} INFO - Processing file /home/airflow/.local/lib/python3.12/site-packages/airflow/example_dags/example_branch_labels.py for tasks to queue
[2024-12-01T02:22:18.791+0000] {logging_mixin.py:190} INFO - [2024-12-01T02:22:18.790+0000] {dagbag.py:588} INFO - Filling up the DagBag from /home/airflow/.local/lib/python3.12/site-packages/airflow/example_dags/example_branch_labels.py
[2024-12-01T02:22:18.799+0000] {processor.py:925} INFO - DAG(s) 'example_branch_labels' retrieved from /home/airflow/.local/lib/python3.12/site-packages/airflow/example_dags/example_branch_labels.py
[2024-12-01T02:22:18.823+0000] {logging_mixin.py:190} INFO - [2024-12-01T02:22:18.823+0000] {dag.py:3239} INFO - Sync 1 DAGs
[2024-12-01T02:22:18.844+0000] {logging_mixin.py:190} INFO - [2024-12-01T02:22:18.844+0000] {dag.py:4180} INFO - Setting next_dagrun for example_branch_labels to 2024-11-30 00:00:00+00:00, run_after=2024-12-01 00:00:00+00:00
[2024-12-01T02:22:18.859+0000] {processor.py:208} INFO - Processing /home/airflow/.local/lib/python3.12/site-packages/airflow/example_dags/example_branch_labels.py took 0.077 seconds
[2024-12-01T02:22:49.588+0000] {processor.py:186} INFO - Started process (PID=52053) to work on /home/airflow/.local/lib/python3.12/site-packages/airflow/example_dags/example_branch_labels.py
[2024-12-01T02:22:49.589+0000] {processor.py:914} INFO - Processing file /home/airflow/.local/lib/python3.12/site-packages/airflow/example_dags/example_branch_labels.py for tasks to queue
[2024-12-01T02:22:49.591+0000] {logging_mixin.py:190} INFO - [2024-12-01T02:22:49.591+0000] {dagbag.py:588} INFO - Filling up the DagBag from /home/airflow/.local/lib/python3.12/site-packages/airflow/example_dags/example_branch_labels.py
[2024-12-01T02:22:49.600+0000] {processor.py:925} INFO - DAG(s) 'example_branch_labels' retrieved from /home/airflow/.local/lib/python3.12/site-packages/airflow/example_dags/example_branch_labels.py
[2024-12-01T02:22:49.618+0000] {logging_mixin.py:190} INFO - [2024-12-01T02:22:49.618+0000] {dag.py:3239} INFO - Sync 1 DAGs
[2024-12-01T02:22:49.639+0000] {logging_mixin.py:190} INFO - [2024-12-01T02:22:49.638+0000] {dag.py:4180} INFO - Setting next_dagrun for example_branch_labels to 2024-11-30 00:00:00+00:00, run_after=2024-12-01 00:00:00+00:00
[2024-12-01T02:22:49.655+0000] {processor.py:208} INFO - Processing /home/airflow/.local/lib/python3.12/site-packages/airflow/example_dags/example_branch_labels.py took 0.072 seconds
[2024-12-01T02:23:20.333+0000] {processor.py:186} INFO - Started process (PID=52119) to work on /home/airflow/.local/lib/python3.12/site-packages/airflow/example_dags/example_branch_labels.py
[2024-12-01T02:23:20.334+0000] {processor.py:914} INFO - Processing file /home/airflow/.local/lib/python3.12/site-packages/airflow/example_dags/example_branch_labels.py for tasks to queue
[2024-12-01T02:23:20.336+0000] {logging_mixin.py:190} INFO - [2024-12-01T02:23:20.336+0000] {dagbag.py:588} INFO - Filling up the DagBag from /home/airflow/.local/lib/python3.12/site-packages/airflow/example_dags/example_branch_labels.py
[2024-12-01T02:23:20.346+0000] {processor.py:925} INFO - DAG(s) 'example_branch_labels' retrieved from /home/airflow/.local/lib/python3.12/site-packages/airflow/example_dags/example_branch_labels.py
[2024-12-01T02:23:20.366+0000] {logging_mixin.py:190} INFO - [2024-12-01T02:23:20.366+0000] {dag.py:3239} INFO - Sync 1 DAGs
[2024-12-01T02:23:20.549+0000] {logging_mixin.py:190} INFO - [2024-12-01T02:23:20.549+0000] {dag.py:4180} INFO - Setting next_dagrun for example_branch_labels to 2024-11-30 00:00:00+00:00, run_after=2024-12-01 00:00:00+00:00
[2024-12-01T02:23:20.567+0000] {processor.py:208} INFO - Processing /home/airflow/.local/lib/python3.12/site-packages/airflow/example_dags/example_branch_labels.py took 0.239 seconds
[2024-12-01T02:23:50.882+0000] {processor.py:186} INFO - Started process (PID=52185) to work on /home/airflow/.local/lib/python3.12/site-packages/airflow/example_dags/example_branch_labels.py
[2024-12-01T02:23:50.883+0000] {processor.py:914} INFO - Processing file /home/airflow/.local/lib/python3.12/site-packages/airflow/example_dags/example_branch_labels.py for tasks to queue
[2024-12-01T02:23:50.885+0000] {logging_mixin.py:190} INFO - [2024-12-01T02:23:50.885+0000] {dagbag.py:588} INFO - Filling up the DagBag from /home/airflow/.local/lib/python3.12/site-packages/airflow/example_dags/example_branch_labels.py
[2024-12-01T02:23:50.894+0000] {processor.py:925} INFO - DAG(s) 'example_branch_labels' retrieved from /home/airflow/.local/lib/python3.12/site-packages/airflow/example_dags/example_branch_labels.py
[2024-12-01T02:23:50.913+0000] {logging_mixin.py:190} INFO - [2024-12-01T02:23:50.913+0000] {dag.py:3239} INFO - Sync 1 DAGs
[2024-12-01T02:23:50.935+0000] {logging_mixin.py:190} INFO - [2024-12-01T02:23:50.935+0000] {dag.py:4180} INFO - Setting next_dagrun for example_branch_labels to 2024-11-30 00:00:00+00:00, run_after=2024-12-01 00:00:00+00:00
[2024-12-01T02:23:50.952+0000] {processor.py:208} INFO - Processing /home/airflow/.local/lib/python3.12/site-packages/airflow/example_dags/example_branch_labels.py took 0.075 seconds
[2024-12-01T02:24:22.137+0000] {processor.py:186} INFO - Started process (PID=52251) to work on /home/airflow/.local/lib/python3.12/site-packages/airflow/example_dags/example_branch_labels.py
[2024-12-01T02:24:22.137+0000] {processor.py:914} INFO - Processing file /home/airflow/.local/lib/python3.12/site-packages/airflow/example_dags/example_branch_labels.py for tasks to queue
[2024-12-01T02:24:22.140+0000] {logging_mixin.py:190} INFO - [2024-12-01T02:24:22.139+0000] {dagbag.py:588} INFO - Filling up the DagBag from /home/airflow/.local/lib/python3.12/site-packages/airflow/example_dags/example_branch_labels.py
[2024-12-01T02:24:22.148+0000] {processor.py:925} INFO - DAG(s) 'example_branch_labels' retrieved from /home/airflow/.local/lib/python3.12/site-packages/airflow/example_dags/example_branch_labels.py
[2024-12-01T02:24:22.167+0000] {logging_mixin.py:190} INFO - [2024-12-01T02:24:22.167+0000] {dag.py:3239} INFO - Sync 1 DAGs
[2024-12-01T02:24:22.190+0000] {logging_mixin.py:190} INFO - [2024-12-01T02:24:22.190+0000] {dag.py:4180} INFO - Setting next_dagrun for example_branch_labels to 2024-11-30 00:00:00+00:00, run_after=2024-12-01 00:00:00+00:00
[2024-12-01T02:24:22.208+0000] {processor.py:208} INFO - Processing /home/airflow/.local/lib/python3.12/site-packages/airflow/example_dags/example_branch_labels.py took 0.077 seconds
[2024-12-01T02:24:52.586+0000] {processor.py:186} INFO - Started process (PID=52317) to work on /home/airflow/.local/lib/python3.12/site-packages/airflow/example_dags/example_branch_labels.py
[2024-12-01T02:24:52.587+0000] {processor.py:914} INFO - Processing file /home/airflow/.local/lib/python3.12/site-packages/airflow/example_dags/example_branch_labels.py for tasks to queue
[2024-12-01T02:24:52.589+0000] {logging_mixin.py:190} INFO - [2024-12-01T02:24:52.589+0000] {dagbag.py:588} INFO - Filling up the DagBag from /home/airflow/.local/lib/python3.12/site-packages/airflow/example_dags/example_branch_labels.py
[2024-12-01T02:24:52.598+0000] {processor.py:925} INFO - DAG(s) 'example_branch_labels' retrieved from /home/airflow/.local/lib/python3.12/site-packages/airflow/example_dags/example_branch_labels.py
[2024-12-01T02:24:52.619+0000] {logging_mixin.py:190} INFO - [2024-12-01T02:24:52.619+0000] {dag.py:3239} INFO - Sync 1 DAGs
[2024-12-01T02:24:52.642+0000] {logging_mixin.py:190} INFO - [2024-12-01T02:24:52.642+0000] {dag.py:4180} INFO - Setting next_dagrun for example_branch_labels to 2024-11-30 00:00:00+00:00, run_after=2024-12-01 00:00:00+00:00
[2024-12-01T02:24:52.660+0000] {processor.py:208} INFO - Processing /home/airflow/.local/lib/python3.12/site-packages/airflow/example_dags/example_branch_labels.py took 0.079 seconds
[2024-12-01T02:25:23.189+0000] {processor.py:186} INFO - Started process (PID=52383) to work on /home/airflow/.local/lib/python3.12/site-packages/airflow/example_dags/example_branch_labels.py
[2024-12-01T02:25:23.190+0000] {processor.py:914} INFO - Processing file /home/airflow/.local/lib/python3.12/site-packages/airflow/example_dags/example_branch_labels.py for tasks to queue
[2024-12-01T02:25:23.192+0000] {logging_mixin.py:190} INFO - [2024-12-01T02:25:23.192+0000] {dagbag.py:588} INFO - Filling up the DagBag from /home/airflow/.local/lib/python3.12/site-packages/airflow/example_dags/example_branch_labels.py
[2024-12-01T02:25:23.201+0000] {processor.py:925} INFO - DAG(s) 'example_branch_labels' retrieved from /home/airflow/.local/lib/python3.12/site-packages/airflow/example_dags/example_branch_labels.py
[2024-12-01T02:25:23.221+0000] {logging_mixin.py:190} INFO - [2024-12-01T02:25:23.221+0000] {dag.py:3239} INFO - Sync 1 DAGs
[2024-12-01T02:25:23.251+0000] {logging_mixin.py:190} INFO - [2024-12-01T02:25:23.251+0000] {dag.py:4180} INFO - Setting next_dagrun for example_branch_labels to 2024-11-30 00:00:00+00:00, run_after=2024-12-01 00:00:00+00:00
[2024-12-01T02:25:23.276+0000] {processor.py:208} INFO - Processing /home/airflow/.local/lib/python3.12/site-packages/airflow/example_dags/example_branch_labels.py took 0.094 seconds
[2024-12-01T02:25:53.659+0000] {processor.py:186} INFO - Started process (PID=52449) to work on /home/airflow/.local/lib/python3.12/site-packages/airflow/example_dags/example_branch_labels.py
[2024-12-01T02:25:53.660+0000] {processor.py:914} INFO - Processing file /home/airflow/.local/lib/python3.12/site-packages/airflow/example_dags/example_branch_labels.py for tasks to queue
[2024-12-01T02:25:53.662+0000] {logging_mixin.py:190} INFO - [2024-12-01T02:25:53.662+0000] {dagbag.py:588} INFO - Filling up the DagBag from /home/airflow/.local/lib/python3.12/site-packages/airflow/example_dags/example_branch_labels.py
[2024-12-01T02:25:53.671+0000] {processor.py:925} INFO - DAG(s) 'example_branch_labels' retrieved from /home/airflow/.local/lib/python3.12/site-packages/airflow/example_dags/example_branch_labels.py
[2024-12-01T02:25:53.689+0000] {logging_mixin.py:190} INFO - [2024-12-01T02:25:53.688+0000] {dag.py:3239} INFO - Sync 1 DAGs
[2024-12-01T02:25:53.710+0000] {logging_mixin.py:190} INFO - [2024-12-01T02:25:53.710+0000] {dag.py:4180} INFO - Setting next_dagrun for example_branch_labels to 2024-11-30 00:00:00+00:00, run_after=2024-12-01 00:00:00+00:00
[2024-12-01T02:25:53.726+0000] {processor.py:208} INFO - Processing /home/airflow/.local/lib/python3.12/site-packages/airflow/example_dags/example_branch_labels.py took 0.072 seconds
[2024-12-01T02:26:24.374+0000] {processor.py:186} INFO - Started process (PID=52515) to work on /home/airflow/.local/lib/python3.12/site-packages/airflow/example_dags/example_branch_labels.py
[2024-12-01T02:26:24.374+0000] {processor.py:914} INFO - Processing file /home/airflow/.local/lib/python3.12/site-packages/airflow/example_dags/example_branch_labels.py for tasks to queue
[2024-12-01T02:26:24.377+0000] {logging_mixin.py:190} INFO - [2024-12-01T02:26:24.376+0000] {dagbag.py:588} INFO - Filling up the DagBag from /home/airflow/.local/lib/python3.12/site-packages/airflow/example_dags/example_branch_labels.py
[2024-12-01T02:26:24.385+0000] {processor.py:925} INFO - DAG(s) 'example_branch_labels' retrieved from /home/airflow/.local/lib/python3.12/site-packages/airflow/example_dags/example_branch_labels.py
[2024-12-01T02:26:24.404+0000] {logging_mixin.py:190} INFO - [2024-12-01T02:26:24.404+0000] {dag.py:3239} INFO - Sync 1 DAGs
[2024-12-01T02:26:24.424+0000] {logging_mixin.py:190} INFO - [2024-12-01T02:26:24.424+0000] {dag.py:4180} INFO - Setting next_dagrun for example_branch_labels to 2024-11-30 00:00:00+00:00, run_after=2024-12-01 00:00:00+00:00
[2024-12-01T02:26:24.440+0000] {processor.py:208} INFO - Processing /home/airflow/.local/lib/python3.12/site-packages/airflow/example_dags/example_branch_labels.py took 0.071 seconds
[2024-12-01T02:26:54.910+0000] {processor.py:186} INFO - Started process (PID=52581) to work on /home/airflow/.local/lib/python3.12/site-packages/airflow/example_dags/example_branch_labels.py
[2024-12-01T02:26:54.911+0000] {processor.py:914} INFO - Processing file /home/airflow/.local/lib/python3.12/site-packages/airflow/example_dags/example_branch_labels.py for tasks to queue
[2024-12-01T02:26:54.913+0000] {logging_mixin.py:190} INFO - [2024-12-01T02:26:54.912+0000] {dagbag.py:588} INFO - Filling up the DagBag from /home/airflow/.local/lib/python3.12/site-packages/airflow/example_dags/example_branch_labels.py
[2024-12-01T02:26:54.922+0000] {processor.py:925} INFO - DAG(s) 'example_branch_labels' retrieved from /home/airflow/.local/lib/python3.12/site-packages/airflow/example_dags/example_branch_labels.py
[2024-12-01T02:26:54.941+0000] {logging_mixin.py:190} INFO - [2024-12-01T02:26:54.941+0000] {dag.py:3239} INFO - Sync 1 DAGs
[2024-12-01T02:26:54.964+0000] {logging_mixin.py:190} INFO - [2024-12-01T02:26:54.963+0000] {dag.py:4180} INFO - Setting next_dagrun for example_branch_labels to 2024-11-30 00:00:00+00:00, run_after=2024-12-01 00:00:00+00:00
[2024-12-01T02:26:54.980+0000] {processor.py:208} INFO - Processing /home/airflow/.local/lib/python3.12/site-packages/airflow/example_dags/example_branch_labels.py took 0.076 seconds
[2024-12-01T02:27:25.453+0000] {processor.py:186} INFO - Started process (PID=52647) to work on /home/airflow/.local/lib/python3.12/site-packages/airflow/example_dags/example_branch_labels.py
[2024-12-01T02:27:25.454+0000] {processor.py:914} INFO - Processing file /home/airflow/.local/lib/python3.12/site-packages/airflow/example_dags/example_branch_labels.py for tasks to queue
[2024-12-01T02:27:25.457+0000] {logging_mixin.py:190} INFO - [2024-12-01T02:27:25.456+0000] {dagbag.py:588} INFO - Filling up the DagBag from /home/airflow/.local/lib/python3.12/site-packages/airflow/example_dags/example_branch_labels.py
[2024-12-01T02:27:25.466+0000] {processor.py:925} INFO - DAG(s) 'example_branch_labels' retrieved from /home/airflow/.local/lib/python3.12/site-packages/airflow/example_dags/example_branch_labels.py
[2024-12-01T02:27:25.486+0000] {logging_mixin.py:190} INFO - [2024-12-01T02:27:25.486+0000] {dag.py:3239} INFO - Sync 1 DAGs
[2024-12-01T02:27:25.507+0000] {logging_mixin.py:190} INFO - [2024-12-01T02:27:25.507+0000] {dag.py:4180} INFO - Setting next_dagrun for example_branch_labels to 2024-11-30 00:00:00+00:00, run_after=2024-12-01 00:00:00+00:00
[2024-12-01T02:27:25.524+0000] {processor.py:208} INFO - Processing /home/airflow/.local/lib/python3.12/site-packages/airflow/example_dags/example_branch_labels.py took 0.076 seconds
[2024-12-01T02:27:55.893+0000] {processor.py:186} INFO - Started process (PID=52713) to work on /home/airflow/.local/lib/python3.12/site-packages/airflow/example_dags/example_branch_labels.py
[2024-12-01T02:27:55.894+0000] {processor.py:914} INFO - Processing file /home/airflow/.local/lib/python3.12/site-packages/airflow/example_dags/example_branch_labels.py for tasks to queue
[2024-12-01T02:27:55.897+0000] {logging_mixin.py:190} INFO - [2024-12-01T02:27:55.896+0000] {dagbag.py:588} INFO - Filling up the DagBag from /home/airflow/.local/lib/python3.12/site-packages/airflow/example_dags/example_branch_labels.py
[2024-12-01T02:27:55.906+0000] {processor.py:925} INFO - DAG(s) 'example_branch_labels' retrieved from /home/airflow/.local/lib/python3.12/site-packages/airflow/example_dags/example_branch_labels.py
[2024-12-01T02:27:55.926+0000] {logging_mixin.py:190} INFO - [2024-12-01T02:27:55.926+0000] {dag.py:3239} INFO - Sync 1 DAGs
[2024-12-01T02:27:55.947+0000] {logging_mixin.py:190} INFO - [2024-12-01T02:27:55.947+0000] {dag.py:4180} INFO - Setting next_dagrun for example_branch_labels to 2024-11-30 00:00:00+00:00, run_after=2024-12-01 00:00:00+00:00
[2024-12-01T02:27:55.963+0000] {processor.py:208} INFO - Processing /home/airflow/.local/lib/python3.12/site-packages/airflow/example_dags/example_branch_labels.py took 0.075 seconds
[2024-12-01T02:28:26.407+0000] {processor.py:186} INFO - Started process (PID=52779) to work on /home/airflow/.local/lib/python3.12/site-packages/airflow/example_dags/example_branch_labels.py
[2024-12-01T02:28:26.407+0000] {processor.py:914} INFO - Processing file /home/airflow/.local/lib/python3.12/site-packages/airflow/example_dags/example_branch_labels.py for tasks to queue
[2024-12-01T02:28:26.410+0000] {logging_mixin.py:190} INFO - [2024-12-01T02:28:26.409+0000] {dagbag.py:588} INFO - Filling up the DagBag from /home/airflow/.local/lib/python3.12/site-packages/airflow/example_dags/example_branch_labels.py
[2024-12-01T02:28:26.418+0000] {processor.py:925} INFO - DAG(s) 'example_branch_labels' retrieved from /home/airflow/.local/lib/python3.12/site-packages/airflow/example_dags/example_branch_labels.py
[2024-12-01T02:28:26.438+0000] {logging_mixin.py:190} INFO - [2024-12-01T02:28:26.437+0000] {dag.py:3239} INFO - Sync 1 DAGs
[2024-12-01T02:28:26.459+0000] {logging_mixin.py:190} INFO - [2024-12-01T02:28:26.458+0000] {dag.py:4180} INFO - Setting next_dagrun for example_branch_labels to 2024-11-30 00:00:00+00:00, run_after=2024-12-01 00:00:00+00:00
[2024-12-01T02:28:26.475+0000] {processor.py:208} INFO - Processing /home/airflow/.local/lib/python3.12/site-packages/airflow/example_dags/example_branch_labels.py took 0.073 seconds
[2024-12-01T02:28:56.939+0000] {processor.py:186} INFO - Started process (PID=52845) to work on /home/airflow/.local/lib/python3.12/site-packages/airflow/example_dags/example_branch_labels.py
[2024-12-01T02:28:56.940+0000] {processor.py:914} INFO - Processing file /home/airflow/.local/lib/python3.12/site-packages/airflow/example_dags/example_branch_labels.py for tasks to queue
[2024-12-01T02:28:56.942+0000] {logging_mixin.py:190} INFO - [2024-12-01T02:28:56.942+0000] {dagbag.py:588} INFO - Filling up the DagBag from /home/airflow/.local/lib/python3.12/site-packages/airflow/example_dags/example_branch_labels.py
[2024-12-01T02:28:56.951+0000] {processor.py:925} INFO - DAG(s) 'example_branch_labels' retrieved from /home/airflow/.local/lib/python3.12/site-packages/airflow/example_dags/example_branch_labels.py
[2024-12-01T02:28:56.970+0000] {logging_mixin.py:190} INFO - [2024-12-01T02:28:56.970+0000] {dag.py:3239} INFO - Sync 1 DAGs
[2024-12-01T02:28:56.992+0000] {logging_mixin.py:190} INFO - [2024-12-01T02:28:56.992+0000] {dag.py:4180} INFO - Setting next_dagrun for example_branch_labels to 2024-11-30 00:00:00+00:00, run_after=2024-12-01 00:00:00+00:00
[2024-12-01T02:28:57.009+0000] {processor.py:208} INFO - Processing /home/airflow/.local/lib/python3.12/site-packages/airflow/example_dags/example_branch_labels.py took 0.075 seconds
[2024-12-01T02:29:27.461+0000] {processor.py:186} INFO - Started process (PID=52911) to work on /home/airflow/.local/lib/python3.12/site-packages/airflow/example_dags/example_branch_labels.py
[2024-12-01T02:29:27.462+0000] {processor.py:914} INFO - Processing file /home/airflow/.local/lib/python3.12/site-packages/airflow/example_dags/example_branch_labels.py for tasks to queue
[2024-12-01T02:29:27.464+0000] {logging_mixin.py:190} INFO - [2024-12-01T02:29:27.464+0000] {dagbag.py:588} INFO - Filling up the DagBag from /home/airflow/.local/lib/python3.12/site-packages/airflow/example_dags/example_branch_labels.py
[2024-12-01T02:29:27.473+0000] {processor.py:925} INFO - DAG(s) 'example_branch_labels' retrieved from /home/airflow/.local/lib/python3.12/site-packages/airflow/example_dags/example_branch_labels.py
[2024-12-01T02:29:27.491+0000] {logging_mixin.py:190} INFO - [2024-12-01T02:29:27.491+0000] {dag.py:3239} INFO - Sync 1 DAGs
[2024-12-01T02:29:27.513+0000] {logging_mixin.py:190} INFO - [2024-12-01T02:29:27.513+0000] {dag.py:4180} INFO - Setting next_dagrun for example_branch_labels to 2024-11-30 00:00:00+00:00, run_after=2024-12-01 00:00:00+00:00
[2024-12-01T02:29:27.528+0000] {processor.py:208} INFO - Processing /home/airflow/.local/lib/python3.12/site-packages/airflow/example_dags/example_branch_labels.py took 0.073 seconds
[2024-12-01T02:29:57.957+0000] {processor.py:186} INFO - Started process (PID=52977) to work on /home/airflow/.local/lib/python3.12/site-packages/airflow/example_dags/example_branch_labels.py
[2024-12-01T02:29:57.958+0000] {processor.py:914} INFO - Processing file /home/airflow/.local/lib/python3.12/site-packages/airflow/example_dags/example_branch_labels.py for tasks to queue
[2024-12-01T02:29:57.960+0000] {logging_mixin.py:190} INFO - [2024-12-01T02:29:57.960+0000] {dagbag.py:588} INFO - Filling up the DagBag from /home/airflow/.local/lib/python3.12/site-packages/airflow/example_dags/example_branch_labels.py
[2024-12-01T02:29:57.969+0000] {processor.py:925} INFO - DAG(s) 'example_branch_labels' retrieved from /home/airflow/.local/lib/python3.12/site-packages/airflow/example_dags/example_branch_labels.py
[2024-12-01T02:29:57.987+0000] {logging_mixin.py:190} INFO - [2024-12-01T02:29:57.987+0000] {dag.py:3239} INFO - Sync 1 DAGs
[2024-12-01T02:29:58.011+0000] {logging_mixin.py:190} INFO - [2024-12-01T02:29:58.010+0000] {dag.py:4180} INFO - Setting next_dagrun for example_branch_labels to 2024-11-30 00:00:00+00:00, run_after=2024-12-01 00:00:00+00:00
[2024-12-01T02:29:58.027+0000] {processor.py:208} INFO - Processing /home/airflow/.local/lib/python3.12/site-packages/airflow/example_dags/example_branch_labels.py took 0.076 seconds
[2024-12-01T02:30:28.543+0000] {processor.py:186} INFO - Started process (PID=53043) to work on /home/airflow/.local/lib/python3.12/site-packages/airflow/example_dags/example_branch_labels.py
[2024-12-01T02:30:28.543+0000] {processor.py:914} INFO - Processing file /home/airflow/.local/lib/python3.12/site-packages/airflow/example_dags/example_branch_labels.py for tasks to queue
[2024-12-01T02:30:28.546+0000] {logging_mixin.py:190} INFO - [2024-12-01T02:30:28.545+0000] {dagbag.py:588} INFO - Filling up the DagBag from /home/airflow/.local/lib/python3.12/site-packages/airflow/example_dags/example_branch_labels.py
[2024-12-01T02:30:28.554+0000] {processor.py:925} INFO - DAG(s) 'example_branch_labels' retrieved from /home/airflow/.local/lib/python3.12/site-packages/airflow/example_dags/example_branch_labels.py
[2024-12-01T02:30:28.573+0000] {logging_mixin.py:190} INFO - [2024-12-01T02:30:28.572+0000] {dag.py:3239} INFO - Sync 1 DAGs
[2024-12-01T02:30:28.594+0000] {logging_mixin.py:190} INFO - [2024-12-01T02:30:28.594+0000] {dag.py:4180} INFO - Setting next_dagrun for example_branch_labels to 2024-11-30 00:00:00+00:00, run_after=2024-12-01 00:00:00+00:00
[2024-12-01T02:30:28.608+0000] {processor.py:208} INFO - Processing /home/airflow/.local/lib/python3.12/site-packages/airflow/example_dags/example_branch_labels.py took 0.071 seconds
[2024-12-01T02:30:59.294+0000] {processor.py:186} INFO - Started process (PID=53109) to work on /home/airflow/.local/lib/python3.12/site-packages/airflow/example_dags/example_branch_labels.py
[2024-12-01T02:30:59.295+0000] {processor.py:914} INFO - Processing file /home/airflow/.local/lib/python3.12/site-packages/airflow/example_dags/example_branch_labels.py for tasks to queue
[2024-12-01T02:30:59.297+0000] {logging_mixin.py:190} INFO - [2024-12-01T02:30:59.297+0000] {dagbag.py:588} INFO - Filling up the DagBag from /home/airflow/.local/lib/python3.12/site-packages/airflow/example_dags/example_branch_labels.py
[2024-12-01T02:30:59.306+0000] {processor.py:925} INFO - DAG(s) 'example_branch_labels' retrieved from /home/airflow/.local/lib/python3.12/site-packages/airflow/example_dags/example_branch_labels.py
[2024-12-01T02:30:59.324+0000] {logging_mixin.py:190} INFO - [2024-12-01T02:30:59.324+0000] {dag.py:3239} INFO - Sync 1 DAGs
[2024-12-01T02:30:59.346+0000] {logging_mixin.py:190} INFO - [2024-12-01T02:30:59.346+0000] {dag.py:4180} INFO - Setting next_dagrun for example_branch_labels to 2024-11-30 00:00:00+00:00, run_after=2024-12-01 00:00:00+00:00
[2024-12-01T02:30:59.362+0000] {processor.py:208} INFO - Processing /home/airflow/.local/lib/python3.12/site-packages/airflow/example_dags/example_branch_labels.py took 0.073 seconds
[2024-12-01T02:31:30.458+0000] {processor.py:186} INFO - Started process (PID=53181) to work on /home/airflow/.local/lib/python3.12/site-packages/airflow/example_dags/example_branch_labels.py
[2024-12-01T02:31:30.459+0000] {processor.py:914} INFO - Processing file /home/airflow/.local/lib/python3.12/site-packages/airflow/example_dags/example_branch_labels.py for tasks to queue
[2024-12-01T02:31:30.461+0000] {logging_mixin.py:190} INFO - [2024-12-01T02:31:30.461+0000] {dagbag.py:588} INFO - Filling up the DagBag from /home/airflow/.local/lib/python3.12/site-packages/airflow/example_dags/example_branch_labels.py
[2024-12-01T02:31:30.470+0000] {processor.py:925} INFO - DAG(s) 'example_branch_labels' retrieved from /home/airflow/.local/lib/python3.12/site-packages/airflow/example_dags/example_branch_labels.py
[2024-12-01T02:31:30.489+0000] {logging_mixin.py:190} INFO - [2024-12-01T02:31:30.489+0000] {dag.py:3239} INFO - Sync 1 DAGs
[2024-12-01T02:31:30.555+0000] {logging_mixin.py:190} INFO - [2024-12-01T02:31:30.555+0000] {dag.py:4180} INFO - Setting next_dagrun for example_branch_labels to 2024-11-30 00:00:00+00:00, run_after=2024-12-01 00:00:00+00:00
[2024-12-01T02:31:30.599+0000] {processor.py:208} INFO - Processing /home/airflow/.local/lib/python3.12/site-packages/airflow/example_dags/example_branch_labels.py took 0.147 seconds
[2024-12-01T02:32:01.054+0000] {processor.py:186} INFO - Started process (PID=53247) to work on /home/airflow/.local/lib/python3.12/site-packages/airflow/example_dags/example_branch_labels.py
[2024-12-01T02:32:01.056+0000] {processor.py:914} INFO - Processing file /home/airflow/.local/lib/python3.12/site-packages/airflow/example_dags/example_branch_labels.py for tasks to queue
[2024-12-01T02:32:01.059+0000] {logging_mixin.py:190} INFO - [2024-12-01T02:32:01.058+0000] {dagbag.py:588} INFO - Filling up the DagBag from /home/airflow/.local/lib/python3.12/site-packages/airflow/example_dags/example_branch_labels.py
[2024-12-01T02:32:01.077+0000] {processor.py:925} INFO - DAG(s) 'example_branch_labels' retrieved from /home/airflow/.local/lib/python3.12/site-packages/airflow/example_dags/example_branch_labels.py
[2024-12-01T02:32:01.105+0000] {logging_mixin.py:190} INFO - [2024-12-01T02:32:01.105+0000] {dag.py:3239} INFO - Sync 1 DAGs
[2024-12-01T02:32:01.147+0000] {logging_mixin.py:190} INFO - [2024-12-01T02:32:01.147+0000] {dag.py:4180} INFO - Setting next_dagrun for example_branch_labels to 2024-11-30 00:00:00+00:00, run_after=2024-12-01 00:00:00+00:00
[2024-12-01T02:32:01.167+0000] {processor.py:208} INFO - Processing /home/airflow/.local/lib/python3.12/site-packages/airflow/example_dags/example_branch_labels.py took 0.120 seconds
[2024-12-01T02:32:32.366+0000] {processor.py:186} INFO - Started process (PID=53313) to work on /home/airflow/.local/lib/python3.12/site-packages/airflow/example_dags/example_branch_labels.py
[2024-12-01T02:32:32.367+0000] {processor.py:914} INFO - Processing file /home/airflow/.local/lib/python3.12/site-packages/airflow/example_dags/example_branch_labels.py for tasks to queue
[2024-12-01T02:32:32.370+0000] {logging_mixin.py:190} INFO - [2024-12-01T02:32:32.370+0000] {dagbag.py:588} INFO - Filling up the DagBag from /home/airflow/.local/lib/python3.12/site-packages/airflow/example_dags/example_branch_labels.py
[2024-12-01T02:32:32.380+0000] {processor.py:925} INFO - DAG(s) 'example_branch_labels' retrieved from /home/airflow/.local/lib/python3.12/site-packages/airflow/example_dags/example_branch_labels.py
[2024-12-01T02:32:32.401+0000] {logging_mixin.py:190} INFO - [2024-12-01T02:32:32.401+0000] {dag.py:3239} INFO - Sync 1 DAGs
[2024-12-01T02:32:32.423+0000] {logging_mixin.py:190} INFO - [2024-12-01T02:32:32.422+0000] {dag.py:4180} INFO - Setting next_dagrun for example_branch_labels to 2024-11-30 00:00:00+00:00, run_after=2024-12-01 00:00:00+00:00
[2024-12-01T02:32:32.443+0000] {processor.py:208} INFO - Processing /home/airflow/.local/lib/python3.12/site-packages/airflow/example_dags/example_branch_labels.py took 0.082 seconds
[2024-12-01T02:33:02.891+0000] {processor.py:186} INFO - Started process (PID=53379) to work on /home/airflow/.local/lib/python3.12/site-packages/airflow/example_dags/example_branch_labels.py
[2024-12-01T02:33:02.892+0000] {processor.py:914} INFO - Processing file /home/airflow/.local/lib/python3.12/site-packages/airflow/example_dags/example_branch_labels.py for tasks to queue
[2024-12-01T02:33:02.895+0000] {logging_mixin.py:190} INFO - [2024-12-01T02:33:02.895+0000] {dagbag.py:588} INFO - Filling up the DagBag from /home/airflow/.local/lib/python3.12/site-packages/airflow/example_dags/example_branch_labels.py
[2024-12-01T02:33:02.905+0000] {processor.py:925} INFO - DAG(s) 'example_branch_labels' retrieved from /home/airflow/.local/lib/python3.12/site-packages/airflow/example_dags/example_branch_labels.py
[2024-12-01T02:33:02.924+0000] {logging_mixin.py:190} INFO - [2024-12-01T02:33:02.924+0000] {dag.py:3239} INFO - Sync 1 DAGs
[2024-12-01T02:33:02.946+0000] {logging_mixin.py:190} INFO - [2024-12-01T02:33:02.946+0000] {dag.py:4180} INFO - Setting next_dagrun for example_branch_labels to 2024-11-30 00:00:00+00:00, run_after=2024-12-01 00:00:00+00:00
[2024-12-01T02:33:02.963+0000] {processor.py:208} INFO - Processing /home/airflow/.local/lib/python3.12/site-packages/airflow/example_dags/example_branch_labels.py took 0.077 seconds
[2024-12-01T02:33:33.903+0000] {processor.py:186} INFO - Started process (PID=53445) to work on /home/airflow/.local/lib/python3.12/site-packages/airflow/example_dags/example_branch_labels.py
[2024-12-01T02:33:33.904+0000] {processor.py:914} INFO - Processing file /home/airflow/.local/lib/python3.12/site-packages/airflow/example_dags/example_branch_labels.py for tasks to queue
[2024-12-01T02:33:33.906+0000] {logging_mixin.py:190} INFO - [2024-12-01T02:33:33.906+0000] {dagbag.py:588} INFO - Filling up the DagBag from /home/airflow/.local/lib/python3.12/site-packages/airflow/example_dags/example_branch_labels.py
[2024-12-01T02:33:33.917+0000] {processor.py:925} INFO - DAG(s) 'example_branch_labels' retrieved from /home/airflow/.local/lib/python3.12/site-packages/airflow/example_dags/example_branch_labels.py
[2024-12-01T02:33:33.937+0000] {logging_mixin.py:190} INFO - [2024-12-01T02:33:33.937+0000] {dag.py:3239} INFO - Sync 1 DAGs
[2024-12-01T02:33:33.960+0000] {logging_mixin.py:190} INFO - [2024-12-01T02:33:33.960+0000] {dag.py:4180} INFO - Setting next_dagrun for example_branch_labels to 2024-11-30 00:00:00+00:00, run_after=2024-12-01 00:00:00+00:00
[2024-12-01T02:33:33.975+0000] {processor.py:208} INFO - Processing /home/airflow/.local/lib/python3.12/site-packages/airflow/example_dags/example_branch_labels.py took 0.079 seconds
