[2024-12-01T02:11:00.867+0000] {processor.py:186} INFO - Started process (PID=50547) to work on /home/airflow/.local/lib/python3.12/site-packages/airflow/example_dags/example_params_trigger_ui.py
[2024-12-01T02:11:00.871+0000] {processor.py:914} INFO - Processing file /home/airflow/.local/lib/python3.12/site-packages/airflow/example_dags/example_params_trigger_ui.py for tasks to queue
[2024-12-01T02:11:00.890+0000] {logging_mixin.py:190} INFO - [2024-12-01T02:11:00.890+0000] {dagbag.py:588} INFO - Filling up the DagBag from /home/airflow/.local/lib/python3.12/site-packages/airflow/example_dags/example_params_trigger_ui.py
[2024-12-01T02:11:00.944+0000] {processor.py:925} INFO - DAG(s) 'example_params_trigger_ui' retrieved from /home/airflow/.local/lib/python3.12/site-packages/airflow/example_dags/example_params_trigger_ui.py
[2024-12-01T02:11:01.084+0000] {logging_mixin.py:190} INFO - [2024-12-01T02:11:01.084+0000] {dag.py:3239} INFO - Sync 1 DAGs
[2024-12-01T02:11:01.118+0000] {logging_mixin.py:190} INFO - [2024-12-01T02:11:01.117+0000] {dag.py:4180} INFO - Setting next_dagrun for example_params_trigger_ui to None, run_after=None
[2024-12-01T02:11:01.148+0000] {processor.py:208} INFO - Processing /home/airflow/.local/lib/python3.12/site-packages/airflow/example_dags/example_params_trigger_ui.py took 0.294 seconds
[2024-12-01T02:11:31.186+0000] {processor.py:186} INFO - Started process (PID=50613) to work on /home/airflow/.local/lib/python3.12/site-packages/airflow/example_dags/example_params_trigger_ui.py
[2024-12-01T02:11:31.187+0000] {processor.py:914} INFO - Processing file /home/airflow/.local/lib/python3.12/site-packages/airflow/example_dags/example_params_trigger_ui.py for tasks to queue
[2024-12-01T02:11:31.189+0000] {logging_mixin.py:190} INFO - [2024-12-01T02:11:31.188+0000] {dagbag.py:588} INFO - Filling up the DagBag from /home/airflow/.local/lib/python3.12/site-packages/airflow/example_dags/example_params_trigger_ui.py
[2024-12-01T02:11:31.199+0000] {processor.py:925} INFO - DAG(s) 'example_params_trigger_ui' retrieved from /home/airflow/.local/lib/python3.12/site-packages/airflow/example_dags/example_params_trigger_ui.py
[2024-12-01T02:11:31.240+0000] {logging_mixin.py:190} INFO - [2024-12-01T02:11:31.240+0000] {dag.py:3239} INFO - Sync 1 DAGs
[2024-12-01T02:11:31.254+0000] {logging_mixin.py:190} INFO - [2024-12-01T02:11:31.254+0000] {dag.py:4180} INFO - Setting next_dagrun for example_params_trigger_ui to None, run_after=None
[2024-12-01T02:11:31.269+0000] {processor.py:208} INFO - Processing /home/airflow/.local/lib/python3.12/site-packages/airflow/example_dags/example_params_trigger_ui.py took 0.089 seconds
[2024-12-01T02:12:01.849+0000] {processor.py:186} INFO - Started process (PID=50679) to work on /home/airflow/.local/lib/python3.12/site-packages/airflow/example_dags/example_params_trigger_ui.py
[2024-12-01T02:12:01.850+0000] {processor.py:914} INFO - Processing file /home/airflow/.local/lib/python3.12/site-packages/airflow/example_dags/example_params_trigger_ui.py for tasks to queue
[2024-12-01T02:12:01.852+0000] {logging_mixin.py:190} INFO - [2024-12-01T02:12:01.852+0000] {dagbag.py:588} INFO - Filling up the DagBag from /home/airflow/.local/lib/python3.12/site-packages/airflow/example_dags/example_params_trigger_ui.py
[2024-12-01T02:12:01.863+0000] {processor.py:925} INFO - DAG(s) 'example_params_trigger_ui' retrieved from /home/airflow/.local/lib/python3.12/site-packages/airflow/example_dags/example_params_trigger_ui.py
[2024-12-01T02:12:01.926+0000] {logging_mixin.py:190} INFO - [2024-12-01T02:12:01.925+0000] {dag.py:3239} INFO - Sync 1 DAGs
[2024-12-01T02:12:01.939+0000] {logging_mixin.py:190} INFO - [2024-12-01T02:12:01.939+0000] {dag.py:4180} INFO - Setting next_dagrun for example_params_trigger_ui to None, run_after=None
[2024-12-01T02:12:01.964+0000] {processor.py:208} INFO - Processing /home/airflow/.local/lib/python3.12/site-packages/airflow/example_dags/example_params_trigger_ui.py took 0.120 seconds
[2024-12-01T02:12:33.199+0000] {processor.py:186} INFO - Started process (PID=50745) to work on /home/airflow/.local/lib/python3.12/site-packages/airflow/example_dags/example_params_trigger_ui.py
[2024-12-01T02:12:33.200+0000] {processor.py:914} INFO - Processing file /home/airflow/.local/lib/python3.12/site-packages/airflow/example_dags/example_params_trigger_ui.py for tasks to queue
[2024-12-01T02:12:33.202+0000] {logging_mixin.py:190} INFO - [2024-12-01T02:12:33.202+0000] {dagbag.py:588} INFO - Filling up the DagBag from /home/airflow/.local/lib/python3.12/site-packages/airflow/example_dags/example_params_trigger_ui.py
[2024-12-01T02:12:33.212+0000] {processor.py:925} INFO - DAG(s) 'example_params_trigger_ui' retrieved from /home/airflow/.local/lib/python3.12/site-packages/airflow/example_dags/example_params_trigger_ui.py
[2024-12-01T02:12:33.254+0000] {logging_mixin.py:190} INFO - [2024-12-01T02:12:33.253+0000] {dag.py:3239} INFO - Sync 1 DAGs
[2024-12-01T02:12:33.266+0000] {logging_mixin.py:190} INFO - [2024-12-01T02:12:33.266+0000] {dag.py:4180} INFO - Setting next_dagrun for example_params_trigger_ui to None, run_after=None
[2024-12-01T02:12:33.283+0000] {processor.py:208} INFO - Processing /home/airflow/.local/lib/python3.12/site-packages/airflow/example_dags/example_params_trigger_ui.py took 0.090 seconds
[2024-12-01T02:13:04.105+0000] {processor.py:186} INFO - Started process (PID=50811) to work on /home/airflow/.local/lib/python3.12/site-packages/airflow/example_dags/example_params_trigger_ui.py
[2024-12-01T02:13:04.107+0000] {processor.py:914} INFO - Processing file /home/airflow/.local/lib/python3.12/site-packages/airflow/example_dags/example_params_trigger_ui.py for tasks to queue
[2024-12-01T02:13:04.112+0000] {logging_mixin.py:190} INFO - [2024-12-01T02:13:04.111+0000] {dagbag.py:588} INFO - Filling up the DagBag from /home/airflow/.local/lib/python3.12/site-packages/airflow/example_dags/example_params_trigger_ui.py
[2024-12-01T02:13:04.125+0000] {processor.py:925} INFO - DAG(s) 'example_params_trigger_ui' retrieved from /home/airflow/.local/lib/python3.12/site-packages/airflow/example_dags/example_params_trigger_ui.py
[2024-12-01T02:13:04.169+0000] {logging_mixin.py:190} INFO - [2024-12-01T02:13:04.168+0000] {dag.py:3239} INFO - Sync 1 DAGs
[2024-12-01T02:13:04.181+0000] {logging_mixin.py:190} INFO - [2024-12-01T02:13:04.181+0000] {dag.py:4180} INFO - Setting next_dagrun for example_params_trigger_ui to None, run_after=None
[2024-12-01T02:13:04.197+0000] {processor.py:208} INFO - Processing /home/airflow/.local/lib/python3.12/site-packages/airflow/example_dags/example_params_trigger_ui.py took 0.098 seconds
[2024-12-01T02:13:34.725+0000] {processor.py:186} INFO - Started process (PID=50877) to work on /home/airflow/.local/lib/python3.12/site-packages/airflow/example_dags/example_params_trigger_ui.py
[2024-12-01T02:13:34.726+0000] {processor.py:914} INFO - Processing file /home/airflow/.local/lib/python3.12/site-packages/airflow/example_dags/example_params_trigger_ui.py for tasks to queue
[2024-12-01T02:13:34.728+0000] {logging_mixin.py:190} INFO - [2024-12-01T02:13:34.728+0000] {dagbag.py:588} INFO - Filling up the DagBag from /home/airflow/.local/lib/python3.12/site-packages/airflow/example_dags/example_params_trigger_ui.py
[2024-12-01T02:13:34.738+0000] {processor.py:925} INFO - DAG(s) 'example_params_trigger_ui' retrieved from /home/airflow/.local/lib/python3.12/site-packages/airflow/example_dags/example_params_trigger_ui.py
[2024-12-01T02:13:34.781+0000] {logging_mixin.py:190} INFO - [2024-12-01T02:13:34.780+0000] {dag.py:3239} INFO - Sync 1 DAGs
[2024-12-01T02:13:34.794+0000] {logging_mixin.py:190} INFO - [2024-12-01T02:13:34.794+0000] {dag.py:4180} INFO - Setting next_dagrun for example_params_trigger_ui to None, run_after=None
[2024-12-01T02:13:34.816+0000] {processor.py:208} INFO - Processing /home/airflow/.local/lib/python3.12/site-packages/airflow/example_dags/example_params_trigger_ui.py took 0.096 seconds
[2024-12-01T02:14:05.568+0000] {processor.py:186} INFO - Started process (PID=50943) to work on /home/airflow/.local/lib/python3.12/site-packages/airflow/example_dags/example_params_trigger_ui.py
[2024-12-01T02:14:05.568+0000] {processor.py:914} INFO - Processing file /home/airflow/.local/lib/python3.12/site-packages/airflow/example_dags/example_params_trigger_ui.py for tasks to queue
[2024-12-01T02:14:05.571+0000] {logging_mixin.py:190} INFO - [2024-12-01T02:14:05.571+0000] {dagbag.py:588} INFO - Filling up the DagBag from /home/airflow/.local/lib/python3.12/site-packages/airflow/example_dags/example_params_trigger_ui.py
[2024-12-01T02:14:05.581+0000] {processor.py:925} INFO - DAG(s) 'example_params_trigger_ui' retrieved from /home/airflow/.local/lib/python3.12/site-packages/airflow/example_dags/example_params_trigger_ui.py
[2024-12-01T02:14:05.646+0000] {logging_mixin.py:190} INFO - [2024-12-01T02:14:05.646+0000] {dag.py:3239} INFO - Sync 1 DAGs
[2024-12-01T02:14:05.661+0000] {logging_mixin.py:190} INFO - [2024-12-01T02:14:05.661+0000] {dag.py:4180} INFO - Setting next_dagrun for example_params_trigger_ui to None, run_after=None
[2024-12-01T02:14:05.679+0000] {processor.py:208} INFO - Processing /home/airflow/.local/lib/python3.12/site-packages/airflow/example_dags/example_params_trigger_ui.py took 0.117 seconds
[2024-12-01T02:14:36.884+0000] {processor.py:186} INFO - Started process (PID=51009) to work on /home/airflow/.local/lib/python3.12/site-packages/airflow/example_dags/example_params_trigger_ui.py
[2024-12-01T02:14:36.885+0000] {processor.py:914} INFO - Processing file /home/airflow/.local/lib/python3.12/site-packages/airflow/example_dags/example_params_trigger_ui.py for tasks to queue
[2024-12-01T02:14:36.888+0000] {logging_mixin.py:190} INFO - [2024-12-01T02:14:36.887+0000] {dagbag.py:588} INFO - Filling up the DagBag from /home/airflow/.local/lib/python3.12/site-packages/airflow/example_dags/example_params_trigger_ui.py
[2024-12-01T02:14:36.898+0000] {processor.py:925} INFO - DAG(s) 'example_params_trigger_ui' retrieved from /home/airflow/.local/lib/python3.12/site-packages/airflow/example_dags/example_params_trigger_ui.py
[2024-12-01T02:14:36.941+0000] {logging_mixin.py:190} INFO - [2024-12-01T02:14:36.940+0000] {dag.py:3239} INFO - Sync 1 DAGs
[2024-12-01T02:14:36.955+0000] {logging_mixin.py:190} INFO - [2024-12-01T02:14:36.954+0000] {dag.py:4180} INFO - Setting next_dagrun for example_params_trigger_ui to None, run_after=None
[2024-12-01T02:14:36.971+0000] {processor.py:208} INFO - Processing /home/airflow/.local/lib/python3.12/site-packages/airflow/example_dags/example_params_trigger_ui.py took 0.092 seconds
[2024-12-01T02:15:07.639+0000] {processor.py:186} INFO - Started process (PID=51075) to work on /home/airflow/.local/lib/python3.12/site-packages/airflow/example_dags/example_params_trigger_ui.py
[2024-12-01T02:15:07.640+0000] {processor.py:914} INFO - Processing file /home/airflow/.local/lib/python3.12/site-packages/airflow/example_dags/example_params_trigger_ui.py for tasks to queue
[2024-12-01T02:15:07.642+0000] {logging_mixin.py:190} INFO - [2024-12-01T02:15:07.642+0000] {dagbag.py:588} INFO - Filling up the DagBag from /home/airflow/.local/lib/python3.12/site-packages/airflow/example_dags/example_params_trigger_ui.py
[2024-12-01T02:15:07.655+0000] {processor.py:925} INFO - DAG(s) 'example_params_trigger_ui' retrieved from /home/airflow/.local/lib/python3.12/site-packages/airflow/example_dags/example_params_trigger_ui.py
[2024-12-01T02:15:07.696+0000] {logging_mixin.py:190} INFO - [2024-12-01T02:15:07.696+0000] {dag.py:3239} INFO - Sync 1 DAGs
[2024-12-01T02:15:07.709+0000] {logging_mixin.py:190} INFO - [2024-12-01T02:15:07.709+0000] {dag.py:4180} INFO - Setting next_dagrun for example_params_trigger_ui to None, run_after=None
[2024-12-01T02:15:07.726+0000] {processor.py:208} INFO - Processing /home/airflow/.local/lib/python3.12/site-packages/airflow/example_dags/example_params_trigger_ui.py took 0.092 seconds
[2024-12-01T02:15:38.140+0000] {processor.py:186} INFO - Started process (PID=51140) to work on /home/airflow/.local/lib/python3.12/site-packages/airflow/example_dags/example_params_trigger_ui.py
[2024-12-01T02:15:38.141+0000] {processor.py:914} INFO - Processing file /home/airflow/.local/lib/python3.12/site-packages/airflow/example_dags/example_params_trigger_ui.py for tasks to queue
[2024-12-01T02:15:38.143+0000] {logging_mixin.py:190} INFO - [2024-12-01T02:15:38.143+0000] {dagbag.py:588} INFO - Filling up the DagBag from /home/airflow/.local/lib/python3.12/site-packages/airflow/example_dags/example_params_trigger_ui.py
[2024-12-01T02:15:38.154+0000] {processor.py:925} INFO - DAG(s) 'example_params_trigger_ui' retrieved from /home/airflow/.local/lib/python3.12/site-packages/airflow/example_dags/example_params_trigger_ui.py
[2024-12-01T02:15:38.195+0000] {logging_mixin.py:190} INFO - [2024-12-01T02:15:38.195+0000] {dag.py:3239} INFO - Sync 1 DAGs
[2024-12-01T02:15:38.208+0000] {logging_mixin.py:190} INFO - [2024-12-01T02:15:38.208+0000] {dag.py:4180} INFO - Setting next_dagrun for example_params_trigger_ui to None, run_after=None
[2024-12-01T02:15:38.223+0000] {processor.py:208} INFO - Processing /home/airflow/.local/lib/python3.12/site-packages/airflow/example_dags/example_params_trigger_ui.py took 0.088 seconds
[2024-12-01T02:16:08.314+0000] {processor.py:186} INFO - Started process (PID=51205) to work on /home/airflow/.local/lib/python3.12/site-packages/airflow/example_dags/example_params_trigger_ui.py
[2024-12-01T02:16:08.316+0000] {processor.py:914} INFO - Processing file /home/airflow/.local/lib/python3.12/site-packages/airflow/example_dags/example_params_trigger_ui.py for tasks to queue
[2024-12-01T02:16:08.319+0000] {logging_mixin.py:190} INFO - [2024-12-01T02:16:08.319+0000] {dagbag.py:588} INFO - Filling up the DagBag from /home/airflow/.local/lib/python3.12/site-packages/airflow/example_dags/example_params_trigger_ui.py
[2024-12-01T02:16:08.343+0000] {processor.py:925} INFO - DAG(s) 'example_params_trigger_ui' retrieved from /home/airflow/.local/lib/python3.12/site-packages/airflow/example_dags/example_params_trigger_ui.py
[2024-12-01T02:16:08.426+0000] {logging_mixin.py:190} INFO - [2024-12-01T02:16:08.425+0000] {dag.py:3239} INFO - Sync 1 DAGs
[2024-12-01T02:16:08.444+0000] {logging_mixin.py:190} INFO - [2024-12-01T02:16:08.444+0000] {dag.py:4180} INFO - Setting next_dagrun for example_params_trigger_ui to None, run_after=None
[2024-12-01T02:16:08.459+0000] {processor.py:208} INFO - Processing /home/airflow/.local/lib/python3.12/site-packages/airflow/example_dags/example_params_trigger_ui.py took 0.154 seconds
[2024-12-01T02:16:38.706+0000] {processor.py:186} INFO - Started process (PID=51271) to work on /home/airflow/.local/lib/python3.12/site-packages/airflow/example_dags/example_params_trigger_ui.py
[2024-12-01T02:16:38.707+0000] {processor.py:914} INFO - Processing file /home/airflow/.local/lib/python3.12/site-packages/airflow/example_dags/example_params_trigger_ui.py for tasks to queue
[2024-12-01T02:16:38.709+0000] {logging_mixin.py:190} INFO - [2024-12-01T02:16:38.709+0000] {dagbag.py:588} INFO - Filling up the DagBag from /home/airflow/.local/lib/python3.12/site-packages/airflow/example_dags/example_params_trigger_ui.py
[2024-12-01T02:16:38.719+0000] {processor.py:925} INFO - DAG(s) 'example_params_trigger_ui' retrieved from /home/airflow/.local/lib/python3.12/site-packages/airflow/example_dags/example_params_trigger_ui.py
[2024-12-01T02:16:38.762+0000] {logging_mixin.py:190} INFO - [2024-12-01T02:16:38.762+0000] {dag.py:3239} INFO - Sync 1 DAGs
[2024-12-01T02:16:38.776+0000] {logging_mixin.py:190} INFO - [2024-12-01T02:16:38.776+0000] {dag.py:4180} INFO - Setting next_dagrun for example_params_trigger_ui to None, run_after=None
[2024-12-01T02:16:38.794+0000] {processor.py:208} INFO - Processing /home/airflow/.local/lib/python3.12/site-packages/airflow/example_dags/example_params_trigger_ui.py took 0.094 seconds
[2024-12-01T02:17:09.836+0000] {processor.py:186} INFO - Started process (PID=51337) to work on /home/airflow/.local/lib/python3.12/site-packages/airflow/example_dags/example_params_trigger_ui.py
[2024-12-01T02:17:09.837+0000] {processor.py:914} INFO - Processing file /home/airflow/.local/lib/python3.12/site-packages/airflow/example_dags/example_params_trigger_ui.py for tasks to queue
[2024-12-01T02:17:09.840+0000] {logging_mixin.py:190} INFO - [2024-12-01T02:17:09.839+0000] {dagbag.py:588} INFO - Filling up the DagBag from /home/airflow/.local/lib/python3.12/site-packages/airflow/example_dags/example_params_trigger_ui.py
[2024-12-01T02:17:09.850+0000] {processor.py:925} INFO - DAG(s) 'example_params_trigger_ui' retrieved from /home/airflow/.local/lib/python3.12/site-packages/airflow/example_dags/example_params_trigger_ui.py
[2024-12-01T02:17:09.891+0000] {logging_mixin.py:190} INFO - [2024-12-01T02:17:09.891+0000] {dag.py:3239} INFO - Sync 1 DAGs
[2024-12-01T02:17:09.904+0000] {logging_mixin.py:190} INFO - [2024-12-01T02:17:09.904+0000] {dag.py:4180} INFO - Setting next_dagrun for example_params_trigger_ui to None, run_after=None
[2024-12-01T02:17:09.922+0000] {processor.py:208} INFO - Processing /home/airflow/.local/lib/python3.12/site-packages/airflow/example_dags/example_params_trigger_ui.py took 0.091 seconds
[2024-12-01T02:17:40.764+0000] {processor.py:186} INFO - Started process (PID=51403) to work on /home/airflow/.local/lib/python3.12/site-packages/airflow/example_dags/example_params_trigger_ui.py
[2024-12-01T02:17:40.765+0000] {processor.py:914} INFO - Processing file /home/airflow/.local/lib/python3.12/site-packages/airflow/example_dags/example_params_trigger_ui.py for tasks to queue
[2024-12-01T02:17:40.767+0000] {logging_mixin.py:190} INFO - [2024-12-01T02:17:40.767+0000] {dagbag.py:588} INFO - Filling up the DagBag from /home/airflow/.local/lib/python3.12/site-packages/airflow/example_dags/example_params_trigger_ui.py
[2024-12-01T02:17:40.778+0000] {processor.py:925} INFO - DAG(s) 'example_params_trigger_ui' retrieved from /home/airflow/.local/lib/python3.12/site-packages/airflow/example_dags/example_params_trigger_ui.py
[2024-12-01T02:17:40.823+0000] {logging_mixin.py:190} INFO - [2024-12-01T02:17:40.823+0000] {dag.py:3239} INFO - Sync 1 DAGs
[2024-12-01T02:17:40.837+0000] {logging_mixin.py:190} INFO - [2024-12-01T02:17:40.836+0000] {dag.py:4180} INFO - Setting next_dagrun for example_params_trigger_ui to None, run_after=None
[2024-12-01T02:17:40.853+0000] {processor.py:208} INFO - Processing /home/airflow/.local/lib/python3.12/site-packages/airflow/example_dags/example_params_trigger_ui.py took 0.093 seconds
[2024-12-01T02:18:11.930+0000] {processor.py:186} INFO - Started process (PID=51469) to work on /home/airflow/.local/lib/python3.12/site-packages/airflow/example_dags/example_params_trigger_ui.py
[2024-12-01T02:18:11.930+0000] {processor.py:914} INFO - Processing file /home/airflow/.local/lib/python3.12/site-packages/airflow/example_dags/example_params_trigger_ui.py for tasks to queue
[2024-12-01T02:18:11.933+0000] {logging_mixin.py:190} INFO - [2024-12-01T02:18:11.932+0000] {dagbag.py:588} INFO - Filling up the DagBag from /home/airflow/.local/lib/python3.12/site-packages/airflow/example_dags/example_params_trigger_ui.py
[2024-12-01T02:18:11.948+0000] {processor.py:925} INFO - DAG(s) 'example_params_trigger_ui' retrieved from /home/airflow/.local/lib/python3.12/site-packages/airflow/example_dags/example_params_trigger_ui.py
[2024-12-01T02:18:11.993+0000] {logging_mixin.py:190} INFO - [2024-12-01T02:18:11.993+0000] {dag.py:3239} INFO - Sync 1 DAGs
[2024-12-01T02:18:12.007+0000] {logging_mixin.py:190} INFO - [2024-12-01T02:18:12.006+0000] {dag.py:4180} INFO - Setting next_dagrun for example_params_trigger_ui to None, run_after=None
[2024-12-01T02:18:12.026+0000] {processor.py:208} INFO - Processing /home/airflow/.local/lib/python3.12/site-packages/airflow/example_dags/example_params_trigger_ui.py took 0.102 seconds
[2024-12-01T02:18:42.549+0000] {processor.py:186} INFO - Started process (PID=51535) to work on /home/airflow/.local/lib/python3.12/site-packages/airflow/example_dags/example_params_trigger_ui.py
[2024-12-01T02:18:42.550+0000] {processor.py:914} INFO - Processing file /home/airflow/.local/lib/python3.12/site-packages/airflow/example_dags/example_params_trigger_ui.py for tasks to queue
[2024-12-01T02:18:42.553+0000] {logging_mixin.py:190} INFO - [2024-12-01T02:18:42.552+0000] {dagbag.py:588} INFO - Filling up the DagBag from /home/airflow/.local/lib/python3.12/site-packages/airflow/example_dags/example_params_trigger_ui.py
[2024-12-01T02:18:42.563+0000] {processor.py:925} INFO - DAG(s) 'example_params_trigger_ui' retrieved from /home/airflow/.local/lib/python3.12/site-packages/airflow/example_dags/example_params_trigger_ui.py
[2024-12-01T02:18:42.610+0000] {logging_mixin.py:190} INFO - [2024-12-01T02:18:42.610+0000] {dag.py:3239} INFO - Sync 1 DAGs
[2024-12-01T02:18:42.625+0000] {logging_mixin.py:190} INFO - [2024-12-01T02:18:42.624+0000] {dag.py:4180} INFO - Setting next_dagrun for example_params_trigger_ui to None, run_after=None
[2024-12-01T02:18:42.640+0000] {processor.py:208} INFO - Processing /home/airflow/.local/lib/python3.12/site-packages/airflow/example_dags/example_params_trigger_ui.py took 0.096 seconds
[2024-12-01T02:19:13.665+0000] {processor.py:186} INFO - Started process (PID=51602) to work on /home/airflow/.local/lib/python3.12/site-packages/airflow/example_dags/example_params_trigger_ui.py
[2024-12-01T02:19:13.666+0000] {processor.py:914} INFO - Processing file /home/airflow/.local/lib/python3.12/site-packages/airflow/example_dags/example_params_trigger_ui.py for tasks to queue
[2024-12-01T02:19:13.668+0000] {logging_mixin.py:190} INFO - [2024-12-01T02:19:13.668+0000] {dagbag.py:588} INFO - Filling up the DagBag from /home/airflow/.local/lib/python3.12/site-packages/airflow/example_dags/example_params_trigger_ui.py
[2024-12-01T02:19:13.678+0000] {processor.py:925} INFO - DAG(s) 'example_params_trigger_ui' retrieved from /home/airflow/.local/lib/python3.12/site-packages/airflow/example_dags/example_params_trigger_ui.py
[2024-12-01T02:19:13.718+0000] {logging_mixin.py:190} INFO - [2024-12-01T02:19:13.718+0000] {dag.py:3239} INFO - Sync 1 DAGs
[2024-12-01T02:19:13.731+0000] {logging_mixin.py:190} INFO - [2024-12-01T02:19:13.731+0000] {dag.py:4180} INFO - Setting next_dagrun for example_params_trigger_ui to None, run_after=None
[2024-12-01T02:19:13.748+0000] {processor.py:208} INFO - Processing /home/airflow/.local/lib/python3.12/site-packages/airflow/example_dags/example_params_trigger_ui.py took 0.088 seconds
[2024-12-01T02:19:44.763+0000] {processor.py:186} INFO - Started process (PID=51668) to work on /home/airflow/.local/lib/python3.12/site-packages/airflow/example_dags/example_params_trigger_ui.py
[2024-12-01T02:19:44.764+0000] {processor.py:914} INFO - Processing file /home/airflow/.local/lib/python3.12/site-packages/airflow/example_dags/example_params_trigger_ui.py for tasks to queue
[2024-12-01T02:19:44.766+0000] {logging_mixin.py:190} INFO - [2024-12-01T02:19:44.766+0000] {dagbag.py:588} INFO - Filling up the DagBag from /home/airflow/.local/lib/python3.12/site-packages/airflow/example_dags/example_params_trigger_ui.py
[2024-12-01T02:19:44.777+0000] {processor.py:925} INFO - DAG(s) 'example_params_trigger_ui' retrieved from /home/airflow/.local/lib/python3.12/site-packages/airflow/example_dags/example_params_trigger_ui.py
[2024-12-01T02:19:44.819+0000] {logging_mixin.py:190} INFO - [2024-12-01T02:19:44.819+0000] {dag.py:3239} INFO - Sync 1 DAGs
[2024-12-01T02:19:44.832+0000] {logging_mixin.py:190} INFO - [2024-12-01T02:19:44.832+0000] {dag.py:4180} INFO - Setting next_dagrun for example_params_trigger_ui to None, run_after=None
[2024-12-01T02:19:44.851+0000] {processor.py:208} INFO - Processing /home/airflow/.local/lib/python3.12/site-packages/airflow/example_dags/example_params_trigger_ui.py took 0.093 seconds
[2024-12-01T02:20:15.691+0000] {processor.py:186} INFO - Started process (PID=51734) to work on /home/airflow/.local/lib/python3.12/site-packages/airflow/example_dags/example_params_trigger_ui.py
[2024-12-01T02:20:15.692+0000] {processor.py:914} INFO - Processing file /home/airflow/.local/lib/python3.12/site-packages/airflow/example_dags/example_params_trigger_ui.py for tasks to queue
[2024-12-01T02:20:15.694+0000] {logging_mixin.py:190} INFO - [2024-12-01T02:20:15.694+0000] {dagbag.py:588} INFO - Filling up the DagBag from /home/airflow/.local/lib/python3.12/site-packages/airflow/example_dags/example_params_trigger_ui.py
[2024-12-01T02:20:15.709+0000] {processor.py:925} INFO - DAG(s) 'example_params_trigger_ui' retrieved from /home/airflow/.local/lib/python3.12/site-packages/airflow/example_dags/example_params_trigger_ui.py
[2024-12-01T02:20:15.776+0000] {logging_mixin.py:190} INFO - [2024-12-01T02:20:15.776+0000] {dag.py:3239} INFO - Sync 1 DAGs
[2024-12-01T02:20:15.789+0000] {logging_mixin.py:190} INFO - [2024-12-01T02:20:15.789+0000] {dag.py:4180} INFO - Setting next_dagrun for example_params_trigger_ui to None, run_after=None
[2024-12-01T02:20:15.803+0000] {processor.py:208} INFO - Processing /home/airflow/.local/lib/python3.12/site-packages/airflow/example_dags/example_params_trigger_ui.py took 0.117 seconds
[2024-12-01T02:20:47.261+0000] {processor.py:186} INFO - Started process (PID=51800) to work on /home/airflow/.local/lib/python3.12/site-packages/airflow/example_dags/example_params_trigger_ui.py
[2024-12-01T02:20:47.262+0000] {processor.py:914} INFO - Processing file /home/airflow/.local/lib/python3.12/site-packages/airflow/example_dags/example_params_trigger_ui.py for tasks to queue
[2024-12-01T02:20:47.264+0000] {logging_mixin.py:190} INFO - [2024-12-01T02:20:47.264+0000] {dagbag.py:588} INFO - Filling up the DagBag from /home/airflow/.local/lib/python3.12/site-packages/airflow/example_dags/example_params_trigger_ui.py
[2024-12-01T02:20:47.275+0000] {processor.py:925} INFO - DAG(s) 'example_params_trigger_ui' retrieved from /home/airflow/.local/lib/python3.12/site-packages/airflow/example_dags/example_params_trigger_ui.py
[2024-12-01T02:20:47.315+0000] {logging_mixin.py:190} INFO - [2024-12-01T02:20:47.315+0000] {dag.py:3239} INFO - Sync 1 DAGs
[2024-12-01T02:20:47.328+0000] {logging_mixin.py:190} INFO - [2024-12-01T02:20:47.328+0000] {dag.py:4180} INFO - Setting next_dagrun for example_params_trigger_ui to None, run_after=None
[2024-12-01T02:20:47.343+0000] {processor.py:208} INFO - Processing /home/airflow/.local/lib/python3.12/site-packages/airflow/example_dags/example_params_trigger_ui.py took 0.090 seconds
[2024-12-01T02:21:17.576+0000] {processor.py:186} INFO - Started process (PID=51866) to work on /home/airflow/.local/lib/python3.12/site-packages/airflow/example_dags/example_params_trigger_ui.py
[2024-12-01T02:21:17.577+0000] {processor.py:914} INFO - Processing file /home/airflow/.local/lib/python3.12/site-packages/airflow/example_dags/example_params_trigger_ui.py for tasks to queue
[2024-12-01T02:21:17.579+0000] {logging_mixin.py:190} INFO - [2024-12-01T02:21:17.579+0000] {dagbag.py:588} INFO - Filling up the DagBag from /home/airflow/.local/lib/python3.12/site-packages/airflow/example_dags/example_params_trigger_ui.py
[2024-12-01T02:21:17.590+0000] {processor.py:925} INFO - DAG(s) 'example_params_trigger_ui' retrieved from /home/airflow/.local/lib/python3.12/site-packages/airflow/example_dags/example_params_trigger_ui.py
[2024-12-01T02:21:17.632+0000] {logging_mixin.py:190} INFO - [2024-12-01T02:21:17.632+0000] {dag.py:3239} INFO - Sync 1 DAGs
[2024-12-01T02:21:17.793+0000] {logging_mixin.py:190} INFO - [2024-12-01T02:21:17.793+0000] {dag.py:4180} INFO - Setting next_dagrun for example_params_trigger_ui to None, run_after=None
[2024-12-01T02:21:17.809+0000] {processor.py:208} INFO - Processing /home/airflow/.local/lib/python3.12/site-packages/airflow/example_dags/example_params_trigger_ui.py took 0.239 seconds
[2024-12-01T02:21:48.593+0000] {processor.py:186} INFO - Started process (PID=51932) to work on /home/airflow/.local/lib/python3.12/site-packages/airflow/example_dags/example_params_trigger_ui.py
[2024-12-01T02:21:48.594+0000] {processor.py:914} INFO - Processing file /home/airflow/.local/lib/python3.12/site-packages/airflow/example_dags/example_params_trigger_ui.py for tasks to queue
[2024-12-01T02:21:48.597+0000] {logging_mixin.py:190} INFO - [2024-12-01T02:21:48.596+0000] {dagbag.py:588} INFO - Filling up the DagBag from /home/airflow/.local/lib/python3.12/site-packages/airflow/example_dags/example_params_trigger_ui.py
[2024-12-01T02:21:48.623+0000] {processor.py:925} INFO - DAG(s) 'example_params_trigger_ui' retrieved from /home/airflow/.local/lib/python3.12/site-packages/airflow/example_dags/example_params_trigger_ui.py
[2024-12-01T02:21:48.666+0000] {logging_mixin.py:190} INFO - [2024-12-01T02:21:48.666+0000] {dag.py:3239} INFO - Sync 1 DAGs
[2024-12-01T02:21:48.679+0000] {logging_mixin.py:190} INFO - [2024-12-01T02:21:48.678+0000] {dag.py:4180} INFO - Setting next_dagrun for example_params_trigger_ui to None, run_after=None
[2024-12-01T02:21:48.842+0000] {processor.py:208} INFO - Processing /home/airflow/.local/lib/python3.12/site-packages/airflow/example_dags/example_params_trigger_ui.py took 0.257 seconds
[2024-12-01T02:22:19.696+0000] {processor.py:186} INFO - Started process (PID=51998) to work on /home/airflow/.local/lib/python3.12/site-packages/airflow/example_dags/example_params_trigger_ui.py
[2024-12-01T02:22:19.697+0000] {processor.py:914} INFO - Processing file /home/airflow/.local/lib/python3.12/site-packages/airflow/example_dags/example_params_trigger_ui.py for tasks to queue
[2024-12-01T02:22:19.700+0000] {logging_mixin.py:190} INFO - [2024-12-01T02:22:19.700+0000] {dagbag.py:588} INFO - Filling up the DagBag from /home/airflow/.local/lib/python3.12/site-packages/airflow/example_dags/example_params_trigger_ui.py
[2024-12-01T02:22:19.710+0000] {processor.py:925} INFO - DAG(s) 'example_params_trigger_ui' retrieved from /home/airflow/.local/lib/python3.12/site-packages/airflow/example_dags/example_params_trigger_ui.py
[2024-12-01T02:22:19.756+0000] {logging_mixin.py:190} INFO - [2024-12-01T02:22:19.755+0000] {dag.py:3239} INFO - Sync 1 DAGs
[2024-12-01T02:22:19.783+0000] {logging_mixin.py:190} INFO - [2024-12-01T02:22:19.783+0000] {dag.py:4180} INFO - Setting next_dagrun for example_params_trigger_ui to None, run_after=None
[2024-12-01T02:22:19.804+0000] {processor.py:208} INFO - Processing /home/airflow/.local/lib/python3.12/site-packages/airflow/example_dags/example_params_trigger_ui.py took 0.113 seconds
[2024-12-01T02:22:50.178+0000] {processor.py:186} INFO - Started process (PID=52064) to work on /home/airflow/.local/lib/python3.12/site-packages/airflow/example_dags/example_params_trigger_ui.py
[2024-12-01T02:22:50.179+0000] {processor.py:914} INFO - Processing file /home/airflow/.local/lib/python3.12/site-packages/airflow/example_dags/example_params_trigger_ui.py for tasks to queue
[2024-12-01T02:22:50.181+0000] {logging_mixin.py:190} INFO - [2024-12-01T02:22:50.181+0000] {dagbag.py:588} INFO - Filling up the DagBag from /home/airflow/.local/lib/python3.12/site-packages/airflow/example_dags/example_params_trigger_ui.py
[2024-12-01T02:22:50.192+0000] {processor.py:925} INFO - DAG(s) 'example_params_trigger_ui' retrieved from /home/airflow/.local/lib/python3.12/site-packages/airflow/example_dags/example_params_trigger_ui.py
[2024-12-01T02:22:50.233+0000] {logging_mixin.py:190} INFO - [2024-12-01T02:22:50.233+0000] {dag.py:3239} INFO - Sync 1 DAGs
[2024-12-01T02:22:50.246+0000] {logging_mixin.py:190} INFO - [2024-12-01T02:22:50.246+0000] {dag.py:4180} INFO - Setting next_dagrun for example_params_trigger_ui to None, run_after=None
[2024-12-01T02:22:50.262+0000] {processor.py:208} INFO - Processing /home/airflow/.local/lib/python3.12/site-packages/airflow/example_dags/example_params_trigger_ui.py took 0.090 seconds
[2024-12-01T02:23:21.992+0000] {processor.py:186} INFO - Started process (PID=52130) to work on /home/airflow/.local/lib/python3.12/site-packages/airflow/example_dags/example_params_trigger_ui.py
[2024-12-01T02:23:21.993+0000] {processor.py:914} INFO - Processing file /home/airflow/.local/lib/python3.12/site-packages/airflow/example_dags/example_params_trigger_ui.py for tasks to queue
[2024-12-01T02:23:21.995+0000] {logging_mixin.py:190} INFO - [2024-12-01T02:23:21.995+0000] {dagbag.py:588} INFO - Filling up the DagBag from /home/airflow/.local/lib/python3.12/site-packages/airflow/example_dags/example_params_trigger_ui.py
[2024-12-01T02:23:22.006+0000] {processor.py:925} INFO - DAG(s) 'example_params_trigger_ui' retrieved from /home/airflow/.local/lib/python3.12/site-packages/airflow/example_dags/example_params_trigger_ui.py
[2024-12-01T02:23:22.051+0000] {logging_mixin.py:190} INFO - [2024-12-01T02:23:22.051+0000] {dag.py:3239} INFO - Sync 1 DAGs
[2024-12-01T02:23:22.066+0000] {logging_mixin.py:190} INFO - [2024-12-01T02:23:22.065+0000] {dag.py:4180} INFO - Setting next_dagrun for example_params_trigger_ui to None, run_after=None
[2024-12-01T02:23:22.085+0000] {processor.py:208} INFO - Processing /home/airflow/.local/lib/python3.12/site-packages/airflow/example_dags/example_params_trigger_ui.py took 0.099 seconds
[2024-12-01T02:23:52.493+0000] {processor.py:186} INFO - Started process (PID=52196) to work on /home/airflow/.local/lib/python3.12/site-packages/airflow/example_dags/example_params_trigger_ui.py
[2024-12-01T02:23:52.495+0000] {processor.py:914} INFO - Processing file /home/airflow/.local/lib/python3.12/site-packages/airflow/example_dags/example_params_trigger_ui.py for tasks to queue
[2024-12-01T02:23:52.497+0000] {logging_mixin.py:190} INFO - [2024-12-01T02:23:52.497+0000] {dagbag.py:588} INFO - Filling up the DagBag from /home/airflow/.local/lib/python3.12/site-packages/airflow/example_dags/example_params_trigger_ui.py
[2024-12-01T02:23:52.508+0000] {processor.py:925} INFO - DAG(s) 'example_params_trigger_ui' retrieved from /home/airflow/.local/lib/python3.12/site-packages/airflow/example_dags/example_params_trigger_ui.py
[2024-12-01T02:23:52.550+0000] {logging_mixin.py:190} INFO - [2024-12-01T02:23:52.550+0000] {dag.py:3239} INFO - Sync 1 DAGs
[2024-12-01T02:23:52.563+0000] {logging_mixin.py:190} INFO - [2024-12-01T02:23:52.562+0000] {dag.py:4180} INFO - Setting next_dagrun for example_params_trigger_ui to None, run_after=None
[2024-12-01T02:23:52.579+0000] {processor.py:208} INFO - Processing /home/airflow/.local/lib/python3.12/site-packages/airflow/example_dags/example_params_trigger_ui.py took 0.093 seconds
[2024-12-01T02:24:22.824+0000] {processor.py:186} INFO - Started process (PID=52262) to work on /home/airflow/.local/lib/python3.12/site-packages/airflow/example_dags/example_params_trigger_ui.py
[2024-12-01T02:24:22.825+0000] {processor.py:914} INFO - Processing file /home/airflow/.local/lib/python3.12/site-packages/airflow/example_dags/example_params_trigger_ui.py for tasks to queue
[2024-12-01T02:24:22.827+0000] {logging_mixin.py:190} INFO - [2024-12-01T02:24:22.827+0000] {dagbag.py:588} INFO - Filling up the DagBag from /home/airflow/.local/lib/python3.12/site-packages/airflow/example_dags/example_params_trigger_ui.py
[2024-12-01T02:24:22.838+0000] {processor.py:925} INFO - DAG(s) 'example_params_trigger_ui' retrieved from /home/airflow/.local/lib/python3.12/site-packages/airflow/example_dags/example_params_trigger_ui.py
[2024-12-01T02:24:22.879+0000] {logging_mixin.py:190} INFO - [2024-12-01T02:24:22.879+0000] {dag.py:3239} INFO - Sync 1 DAGs
[2024-12-01T02:24:22.891+0000] {logging_mixin.py:190} INFO - [2024-12-01T02:24:22.891+0000] {dag.py:4180} INFO - Setting next_dagrun for example_params_trigger_ui to None, run_after=None
[2024-12-01T02:24:22.906+0000] {processor.py:208} INFO - Processing /home/airflow/.local/lib/python3.12/site-packages/airflow/example_dags/example_params_trigger_ui.py took 0.088 seconds
[2024-12-01T02:24:53.234+0000] {processor.py:186} INFO - Started process (PID=52328) to work on /home/airflow/.local/lib/python3.12/site-packages/airflow/example_dags/example_params_trigger_ui.py
[2024-12-01T02:24:53.235+0000] {processor.py:914} INFO - Processing file /home/airflow/.local/lib/python3.12/site-packages/airflow/example_dags/example_params_trigger_ui.py for tasks to queue
[2024-12-01T02:24:53.237+0000] {logging_mixin.py:190} INFO - [2024-12-01T02:24:53.236+0000] {dagbag.py:588} INFO - Filling up the DagBag from /home/airflow/.local/lib/python3.12/site-packages/airflow/example_dags/example_params_trigger_ui.py
[2024-12-01T02:24:53.247+0000] {processor.py:925} INFO - DAG(s) 'example_params_trigger_ui' retrieved from /home/airflow/.local/lib/python3.12/site-packages/airflow/example_dags/example_params_trigger_ui.py
[2024-12-01T02:24:53.288+0000] {logging_mixin.py:190} INFO - [2024-12-01T02:24:53.287+0000] {dag.py:3239} INFO - Sync 1 DAGs
[2024-12-01T02:24:53.300+0000] {logging_mixin.py:190} INFO - [2024-12-01T02:24:53.300+0000] {dag.py:4180} INFO - Setting next_dagrun for example_params_trigger_ui to None, run_after=None
[2024-12-01T02:24:53.315+0000] {processor.py:208} INFO - Processing /home/airflow/.local/lib/python3.12/site-packages/airflow/example_dags/example_params_trigger_ui.py took 0.087 seconds
[2024-12-01T02:25:23.784+0000] {processor.py:186} INFO - Started process (PID=52394) to work on /home/airflow/.local/lib/python3.12/site-packages/airflow/example_dags/example_params_trigger_ui.py
[2024-12-01T02:25:23.785+0000] {processor.py:914} INFO - Processing file /home/airflow/.local/lib/python3.12/site-packages/airflow/example_dags/example_params_trigger_ui.py for tasks to queue
[2024-12-01T02:25:23.787+0000] {logging_mixin.py:190} INFO - [2024-12-01T02:25:23.787+0000] {dagbag.py:588} INFO - Filling up the DagBag from /home/airflow/.local/lib/python3.12/site-packages/airflow/example_dags/example_params_trigger_ui.py
[2024-12-01T02:25:23.801+0000] {processor.py:925} INFO - DAG(s) 'example_params_trigger_ui' retrieved from /home/airflow/.local/lib/python3.12/site-packages/airflow/example_dags/example_params_trigger_ui.py
[2024-12-01T02:25:23.847+0000] {logging_mixin.py:190} INFO - [2024-12-01T02:25:23.847+0000] {dag.py:3239} INFO - Sync 1 DAGs
[2024-12-01T02:25:23.860+0000] {logging_mixin.py:190} INFO - [2024-12-01T02:25:23.860+0000] {dag.py:4180} INFO - Setting next_dagrun for example_params_trigger_ui to None, run_after=None
[2024-12-01T02:25:23.877+0000] {processor.py:208} INFO - Processing /home/airflow/.local/lib/python3.12/site-packages/airflow/example_dags/example_params_trigger_ui.py took 0.098 seconds
[2024-12-01T02:25:54.632+0000] {processor.py:186} INFO - Started process (PID=52460) to work on /home/airflow/.local/lib/python3.12/site-packages/airflow/example_dags/example_params_trigger_ui.py
[2024-12-01T02:25:54.633+0000] {processor.py:914} INFO - Processing file /home/airflow/.local/lib/python3.12/site-packages/airflow/example_dags/example_params_trigger_ui.py for tasks to queue
[2024-12-01T02:25:54.635+0000] {logging_mixin.py:190} INFO - [2024-12-01T02:25:54.635+0000] {dagbag.py:588} INFO - Filling up the DagBag from /home/airflow/.local/lib/python3.12/site-packages/airflow/example_dags/example_params_trigger_ui.py
[2024-12-01T02:25:54.645+0000] {processor.py:925} INFO - DAG(s) 'example_params_trigger_ui' retrieved from /home/airflow/.local/lib/python3.12/site-packages/airflow/example_dags/example_params_trigger_ui.py
[2024-12-01T02:25:54.688+0000] {logging_mixin.py:190} INFO - [2024-12-01T02:25:54.688+0000] {dag.py:3239} INFO - Sync 1 DAGs
[2024-12-01T02:25:54.701+0000] {logging_mixin.py:190} INFO - [2024-12-01T02:25:54.701+0000] {dag.py:4180} INFO - Setting next_dagrun for example_params_trigger_ui to None, run_after=None
[2024-12-01T02:25:54.717+0000] {processor.py:208} INFO - Processing /home/airflow/.local/lib/python3.12/site-packages/airflow/example_dags/example_params_trigger_ui.py took 0.090 seconds
[2024-12-01T02:26:25.036+0000] {processor.py:186} INFO - Started process (PID=52526) to work on /home/airflow/.local/lib/python3.12/site-packages/airflow/example_dags/example_params_trigger_ui.py
[2024-12-01T02:26:25.037+0000] {processor.py:914} INFO - Processing file /home/airflow/.local/lib/python3.12/site-packages/airflow/example_dags/example_params_trigger_ui.py for tasks to queue
[2024-12-01T02:26:25.039+0000] {logging_mixin.py:190} INFO - [2024-12-01T02:26:25.039+0000] {dagbag.py:588} INFO - Filling up the DagBag from /home/airflow/.local/lib/python3.12/site-packages/airflow/example_dags/example_params_trigger_ui.py
[2024-12-01T02:26:25.050+0000] {processor.py:925} INFO - DAG(s) 'example_params_trigger_ui' retrieved from /home/airflow/.local/lib/python3.12/site-packages/airflow/example_dags/example_params_trigger_ui.py
[2024-12-01T02:26:25.091+0000] {logging_mixin.py:190} INFO - [2024-12-01T02:26:25.091+0000] {dag.py:3239} INFO - Sync 1 DAGs
[2024-12-01T02:26:25.104+0000] {logging_mixin.py:190} INFO - [2024-12-01T02:26:25.104+0000] {dag.py:4180} INFO - Setting next_dagrun for example_params_trigger_ui to None, run_after=None
[2024-12-01T02:26:25.122+0000] {processor.py:208} INFO - Processing /home/airflow/.local/lib/python3.12/site-packages/airflow/example_dags/example_params_trigger_ui.py took 0.092 seconds
[2024-12-01T02:26:55.527+0000] {processor.py:186} INFO - Started process (PID=52592) to work on /home/airflow/.local/lib/python3.12/site-packages/airflow/example_dags/example_params_trigger_ui.py
[2024-12-01T02:26:55.528+0000] {processor.py:914} INFO - Processing file /home/airflow/.local/lib/python3.12/site-packages/airflow/example_dags/example_params_trigger_ui.py for tasks to queue
[2024-12-01T02:26:55.530+0000] {logging_mixin.py:190} INFO - [2024-12-01T02:26:55.529+0000] {dagbag.py:588} INFO - Filling up the DagBag from /home/airflow/.local/lib/python3.12/site-packages/airflow/example_dags/example_params_trigger_ui.py
[2024-12-01T02:26:55.540+0000] {processor.py:925} INFO - DAG(s) 'example_params_trigger_ui' retrieved from /home/airflow/.local/lib/python3.12/site-packages/airflow/example_dags/example_params_trigger_ui.py
[2024-12-01T02:26:55.587+0000] {logging_mixin.py:190} INFO - [2024-12-01T02:26:55.587+0000] {dag.py:3239} INFO - Sync 1 DAGs
[2024-12-01T02:26:55.600+0000] {logging_mixin.py:190} INFO - [2024-12-01T02:26:55.600+0000] {dag.py:4180} INFO - Setting next_dagrun for example_params_trigger_ui to None, run_after=None
[2024-12-01T02:26:55.616+0000] {processor.py:208} INFO - Processing /home/airflow/.local/lib/python3.12/site-packages/airflow/example_dags/example_params_trigger_ui.py took 0.095 seconds
[2024-12-01T02:27:26.092+0000] {processor.py:186} INFO - Started process (PID=52658) to work on /home/airflow/.local/lib/python3.12/site-packages/airflow/example_dags/example_params_trigger_ui.py
[2024-12-01T02:27:26.093+0000] {processor.py:914} INFO - Processing file /home/airflow/.local/lib/python3.12/site-packages/airflow/example_dags/example_params_trigger_ui.py for tasks to queue
[2024-12-01T02:27:26.097+0000] {logging_mixin.py:190} INFO - [2024-12-01T02:27:26.096+0000] {dagbag.py:588} INFO - Filling up the DagBag from /home/airflow/.local/lib/python3.12/site-packages/airflow/example_dags/example_params_trigger_ui.py
[2024-12-01T02:27:26.119+0000] {processor.py:925} INFO - DAG(s) 'example_params_trigger_ui' retrieved from /home/airflow/.local/lib/python3.12/site-packages/airflow/example_dags/example_params_trigger_ui.py
[2024-12-01T02:27:26.187+0000] {logging_mixin.py:190} INFO - [2024-12-01T02:27:26.187+0000] {dag.py:3239} INFO - Sync 1 DAGs
[2024-12-01T02:27:26.201+0000] {logging_mixin.py:190} INFO - [2024-12-01T02:27:26.201+0000] {dag.py:4180} INFO - Setting next_dagrun for example_params_trigger_ui to None, run_after=None
[2024-12-01T02:27:26.214+0000] {processor.py:208} INFO - Processing /home/airflow/.local/lib/python3.12/site-packages/airflow/example_dags/example_params_trigger_ui.py took 0.130 seconds
[2024-12-01T02:27:56.578+0000] {processor.py:186} INFO - Started process (PID=52724) to work on /home/airflow/.local/lib/python3.12/site-packages/airflow/example_dags/example_params_trigger_ui.py
[2024-12-01T02:27:56.579+0000] {processor.py:914} INFO - Processing file /home/airflow/.local/lib/python3.12/site-packages/airflow/example_dags/example_params_trigger_ui.py for tasks to queue
[2024-12-01T02:27:56.581+0000] {logging_mixin.py:190} INFO - [2024-12-01T02:27:56.581+0000] {dagbag.py:588} INFO - Filling up the DagBag from /home/airflow/.local/lib/python3.12/site-packages/airflow/example_dags/example_params_trigger_ui.py
[2024-12-01T02:27:56.591+0000] {processor.py:925} INFO - DAG(s) 'example_params_trigger_ui' retrieved from /home/airflow/.local/lib/python3.12/site-packages/airflow/example_dags/example_params_trigger_ui.py
[2024-12-01T02:27:56.634+0000] {logging_mixin.py:190} INFO - [2024-12-01T02:27:56.633+0000] {dag.py:3239} INFO - Sync 1 DAGs
[2024-12-01T02:27:56.646+0000] {logging_mixin.py:190} INFO - [2024-12-01T02:27:56.646+0000] {dag.py:4180} INFO - Setting next_dagrun for example_params_trigger_ui to None, run_after=None
[2024-12-01T02:27:56.664+0000] {processor.py:208} INFO - Processing /home/airflow/.local/lib/python3.12/site-packages/airflow/example_dags/example_params_trigger_ui.py took 0.091 seconds
[2024-12-01T02:28:27.074+0000] {processor.py:186} INFO - Started process (PID=52790) to work on /home/airflow/.local/lib/python3.12/site-packages/airflow/example_dags/example_params_trigger_ui.py
[2024-12-01T02:28:27.075+0000] {processor.py:914} INFO - Processing file /home/airflow/.local/lib/python3.12/site-packages/airflow/example_dags/example_params_trigger_ui.py for tasks to queue
[2024-12-01T02:28:27.077+0000] {logging_mixin.py:190} INFO - [2024-12-01T02:28:27.077+0000] {dagbag.py:588} INFO - Filling up the DagBag from /home/airflow/.local/lib/python3.12/site-packages/airflow/example_dags/example_params_trigger_ui.py
[2024-12-01T02:28:27.088+0000] {processor.py:925} INFO - DAG(s) 'example_params_trigger_ui' retrieved from /home/airflow/.local/lib/python3.12/site-packages/airflow/example_dags/example_params_trigger_ui.py
[2024-12-01T02:28:27.129+0000] {logging_mixin.py:190} INFO - [2024-12-01T02:28:27.129+0000] {dag.py:3239} INFO - Sync 1 DAGs
[2024-12-01T02:28:27.142+0000] {logging_mixin.py:190} INFO - [2024-12-01T02:28:27.141+0000] {dag.py:4180} INFO - Setting next_dagrun for example_params_trigger_ui to None, run_after=None
[2024-12-01T02:28:27.158+0000] {processor.py:208} INFO - Processing /home/airflow/.local/lib/python3.12/site-packages/airflow/example_dags/example_params_trigger_ui.py took 0.089 seconds
[2024-12-01T02:28:57.630+0000] {processor.py:186} INFO - Started process (PID=52856) to work on /home/airflow/.local/lib/python3.12/site-packages/airflow/example_dags/example_params_trigger_ui.py
[2024-12-01T02:28:57.631+0000] {processor.py:914} INFO - Processing file /home/airflow/.local/lib/python3.12/site-packages/airflow/example_dags/example_params_trigger_ui.py for tasks to queue
[2024-12-01T02:28:57.633+0000] {logging_mixin.py:190} INFO - [2024-12-01T02:28:57.633+0000] {dagbag.py:588} INFO - Filling up the DagBag from /home/airflow/.local/lib/python3.12/site-packages/airflow/example_dags/example_params_trigger_ui.py
[2024-12-01T02:28:57.644+0000] {processor.py:925} INFO - DAG(s) 'example_params_trigger_ui' retrieved from /home/airflow/.local/lib/python3.12/site-packages/airflow/example_dags/example_params_trigger_ui.py
[2024-12-01T02:28:57.689+0000] {logging_mixin.py:190} INFO - [2024-12-01T02:28:57.689+0000] {dag.py:3239} INFO - Sync 1 DAGs
[2024-12-01T02:28:57.702+0000] {logging_mixin.py:190} INFO - [2024-12-01T02:28:57.702+0000] {dag.py:4180} INFO - Setting next_dagrun for example_params_trigger_ui to None, run_after=None
[2024-12-01T02:28:57.721+0000] {processor.py:208} INFO - Processing /home/airflow/.local/lib/python3.12/site-packages/airflow/example_dags/example_params_trigger_ui.py took 0.096 seconds
[2024-12-01T02:29:28.390+0000] {processor.py:186} INFO - Started process (PID=52922) to work on /home/airflow/.local/lib/python3.12/site-packages/airflow/example_dags/example_params_trigger_ui.py
[2024-12-01T02:29:28.391+0000] {processor.py:914} INFO - Processing file /home/airflow/.local/lib/python3.12/site-packages/airflow/example_dags/example_params_trigger_ui.py for tasks to queue
[2024-12-01T02:29:28.394+0000] {logging_mixin.py:190} INFO - [2024-12-01T02:29:28.393+0000] {dagbag.py:588} INFO - Filling up the DagBag from /home/airflow/.local/lib/python3.12/site-packages/airflow/example_dags/example_params_trigger_ui.py
[2024-12-01T02:29:28.404+0000] {processor.py:925} INFO - DAG(s) 'example_params_trigger_ui' retrieved from /home/airflow/.local/lib/python3.12/site-packages/airflow/example_dags/example_params_trigger_ui.py
[2024-12-01T02:29:28.450+0000] {logging_mixin.py:190} INFO - [2024-12-01T02:29:28.449+0000] {dag.py:3239} INFO - Sync 1 DAGs
[2024-12-01T02:29:28.464+0000] {logging_mixin.py:190} INFO - [2024-12-01T02:29:28.463+0000] {dag.py:4180} INFO - Setting next_dagrun for example_params_trigger_ui to None, run_after=None
[2024-12-01T02:29:28.482+0000] {processor.py:208} INFO - Processing /home/airflow/.local/lib/python3.12/site-packages/airflow/example_dags/example_params_trigger_ui.py took 0.097 seconds
[2024-12-01T02:29:58.648+0000] {processor.py:186} INFO - Started process (PID=52988) to work on /home/airflow/.local/lib/python3.12/site-packages/airflow/example_dags/example_params_trigger_ui.py
[2024-12-01T02:29:58.649+0000] {processor.py:914} INFO - Processing file /home/airflow/.local/lib/python3.12/site-packages/airflow/example_dags/example_params_trigger_ui.py for tasks to queue
[2024-12-01T02:29:58.651+0000] {logging_mixin.py:190} INFO - [2024-12-01T02:29:58.651+0000] {dagbag.py:588} INFO - Filling up the DagBag from /home/airflow/.local/lib/python3.12/site-packages/airflow/example_dags/example_params_trigger_ui.py
[2024-12-01T02:29:58.662+0000] {processor.py:925} INFO - DAG(s) 'example_params_trigger_ui' retrieved from /home/airflow/.local/lib/python3.12/site-packages/airflow/example_dags/example_params_trigger_ui.py
[2024-12-01T02:29:58.704+0000] {logging_mixin.py:190} INFO - [2024-12-01T02:29:58.703+0000] {dag.py:3239} INFO - Sync 1 DAGs
[2024-12-01T02:29:58.716+0000] {logging_mixin.py:190} INFO - [2024-12-01T02:29:58.716+0000] {dag.py:4180} INFO - Setting next_dagrun for example_params_trigger_ui to None, run_after=None
[2024-12-01T02:29:58.735+0000] {processor.py:208} INFO - Processing /home/airflow/.local/lib/python3.12/site-packages/airflow/example_dags/example_params_trigger_ui.py took 0.092 seconds
[2024-12-01T02:30:29.144+0000] {processor.py:186} INFO - Started process (PID=53054) to work on /home/airflow/.local/lib/python3.12/site-packages/airflow/example_dags/example_params_trigger_ui.py
[2024-12-01T02:30:29.145+0000] {processor.py:914} INFO - Processing file /home/airflow/.local/lib/python3.12/site-packages/airflow/example_dags/example_params_trigger_ui.py for tasks to queue
[2024-12-01T02:30:29.147+0000] {logging_mixin.py:190} INFO - [2024-12-01T02:30:29.147+0000] {dagbag.py:588} INFO - Filling up the DagBag from /home/airflow/.local/lib/python3.12/site-packages/airflow/example_dags/example_params_trigger_ui.py
[2024-12-01T02:30:29.158+0000] {processor.py:925} INFO - DAG(s) 'example_params_trigger_ui' retrieved from /home/airflow/.local/lib/python3.12/site-packages/airflow/example_dags/example_params_trigger_ui.py
[2024-12-01T02:30:29.202+0000] {logging_mixin.py:190} INFO - [2024-12-01T02:30:29.202+0000] {dag.py:3239} INFO - Sync 1 DAGs
[2024-12-01T02:30:29.215+0000] {logging_mixin.py:190} INFO - [2024-12-01T02:30:29.215+0000] {dag.py:4180} INFO - Setting next_dagrun for example_params_trigger_ui to None, run_after=None
[2024-12-01T02:30:29.233+0000] {processor.py:208} INFO - Processing /home/airflow/.local/lib/python3.12/site-packages/airflow/example_dags/example_params_trigger_ui.py took 0.094 seconds
[2024-12-01T02:30:59.903+0000] {processor.py:186} INFO - Started process (PID=53120) to work on /home/airflow/.local/lib/python3.12/site-packages/airflow/example_dags/example_params_trigger_ui.py
[2024-12-01T02:30:59.904+0000] {processor.py:914} INFO - Processing file /home/airflow/.local/lib/python3.12/site-packages/airflow/example_dags/example_params_trigger_ui.py for tasks to queue
[2024-12-01T02:30:59.906+0000] {logging_mixin.py:190} INFO - [2024-12-01T02:30:59.905+0000] {dagbag.py:588} INFO - Filling up the DagBag from /home/airflow/.local/lib/python3.12/site-packages/airflow/example_dags/example_params_trigger_ui.py
[2024-12-01T02:30:59.917+0000] {processor.py:925} INFO - DAG(s) 'example_params_trigger_ui' retrieved from /home/airflow/.local/lib/python3.12/site-packages/airflow/example_dags/example_params_trigger_ui.py
[2024-12-01T02:30:59.963+0000] {logging_mixin.py:190} INFO - [2024-12-01T02:30:59.963+0000] {dag.py:3239} INFO - Sync 1 DAGs
[2024-12-01T02:30:59.977+0000] {logging_mixin.py:190} INFO - [2024-12-01T02:30:59.977+0000] {dag.py:4180} INFO - Setting next_dagrun for example_params_trigger_ui to None, run_after=None
[2024-12-01T02:30:59.994+0000] {processor.py:208} INFO - Processing /home/airflow/.local/lib/python3.12/site-packages/airflow/example_dags/example_params_trigger_ui.py took 0.098 seconds
[2024-12-01T02:31:31.154+0000] {processor.py:186} INFO - Started process (PID=53192) to work on /home/airflow/.local/lib/python3.12/site-packages/airflow/example_dags/example_params_trigger_ui.py
[2024-12-01T02:31:31.155+0000] {processor.py:914} INFO - Processing file /home/airflow/.local/lib/python3.12/site-packages/airflow/example_dags/example_params_trigger_ui.py for tasks to queue
[2024-12-01T02:31:31.158+0000] {logging_mixin.py:190} INFO - [2024-12-01T02:31:31.157+0000] {dagbag.py:588} INFO - Filling up the DagBag from /home/airflow/.local/lib/python3.12/site-packages/airflow/example_dags/example_params_trigger_ui.py
[2024-12-01T02:31:31.168+0000] {processor.py:925} INFO - DAG(s) 'example_params_trigger_ui' retrieved from /home/airflow/.local/lib/python3.12/site-packages/airflow/example_dags/example_params_trigger_ui.py
[2024-12-01T02:31:31.214+0000] {logging_mixin.py:190} INFO - [2024-12-01T02:31:31.214+0000] {dag.py:3239} INFO - Sync 1 DAGs
[2024-12-01T02:31:31.227+0000] {logging_mixin.py:190} INFO - [2024-12-01T02:31:31.227+0000] {dag.py:4180} INFO - Setting next_dagrun for example_params_trigger_ui to None, run_after=None
[2024-12-01T02:31:31.242+0000] {processor.py:208} INFO - Processing /home/airflow/.local/lib/python3.12/site-packages/airflow/example_dags/example_params_trigger_ui.py took 0.093 seconds
[2024-12-01T02:32:01.838+0000] {processor.py:186} INFO - Started process (PID=53258) to work on /home/airflow/.local/lib/python3.12/site-packages/airflow/example_dags/example_params_trigger_ui.py
[2024-12-01T02:32:01.839+0000] {processor.py:914} INFO - Processing file /home/airflow/.local/lib/python3.12/site-packages/airflow/example_dags/example_params_trigger_ui.py for tasks to queue
[2024-12-01T02:32:01.841+0000] {logging_mixin.py:190} INFO - [2024-12-01T02:32:01.841+0000] {dagbag.py:588} INFO - Filling up the DagBag from /home/airflow/.local/lib/python3.12/site-packages/airflow/example_dags/example_params_trigger_ui.py
[2024-12-01T02:32:01.852+0000] {processor.py:925} INFO - DAG(s) 'example_params_trigger_ui' retrieved from /home/airflow/.local/lib/python3.12/site-packages/airflow/example_dags/example_params_trigger_ui.py
[2024-12-01T02:32:01.900+0000] {logging_mixin.py:190} INFO - [2024-12-01T02:32:01.900+0000] {dag.py:3239} INFO - Sync 1 DAGs
[2024-12-01T02:32:01.914+0000] {logging_mixin.py:190} INFO - [2024-12-01T02:32:01.914+0000] {dag.py:4180} INFO - Setting next_dagrun for example_params_trigger_ui to None, run_after=None
[2024-12-01T02:32:01.932+0000] {processor.py:208} INFO - Processing /home/airflow/.local/lib/python3.12/site-packages/airflow/example_dags/example_params_trigger_ui.py took 0.099 seconds
[2024-12-01T02:32:33.222+0000] {processor.py:186} INFO - Started process (PID=53324) to work on /home/airflow/.local/lib/python3.12/site-packages/airflow/example_dags/example_params_trigger_ui.py
[2024-12-01T02:32:33.223+0000] {processor.py:914} INFO - Processing file /home/airflow/.local/lib/python3.12/site-packages/airflow/example_dags/example_params_trigger_ui.py for tasks to queue
[2024-12-01T02:32:33.226+0000] {logging_mixin.py:190} INFO - [2024-12-01T02:32:33.225+0000] {dagbag.py:588} INFO - Filling up the DagBag from /home/airflow/.local/lib/python3.12/site-packages/airflow/example_dags/example_params_trigger_ui.py
[2024-12-01T02:32:33.237+0000] {processor.py:925} INFO - DAG(s) 'example_params_trigger_ui' retrieved from /home/airflow/.local/lib/python3.12/site-packages/airflow/example_dags/example_params_trigger_ui.py
[2024-12-01T02:32:33.290+0000] {logging_mixin.py:190} INFO - [2024-12-01T02:32:33.289+0000] {dag.py:3239} INFO - Sync 1 DAGs
[2024-12-01T02:32:33.302+0000] {logging_mixin.py:190} INFO - [2024-12-01T02:32:33.302+0000] {dag.py:4180} INFO - Setting next_dagrun for example_params_trigger_ui to None, run_after=None
[2024-12-01T02:32:33.320+0000] {processor.py:208} INFO - Processing /home/airflow/.local/lib/python3.12/site-packages/airflow/example_dags/example_params_trigger_ui.py took 0.107 seconds
[2024-12-01T02:33:03.814+0000] {processor.py:186} INFO - Started process (PID=53390) to work on /home/airflow/.local/lib/python3.12/site-packages/airflow/example_dags/example_params_trigger_ui.py
[2024-12-01T02:33:03.815+0000] {processor.py:914} INFO - Processing file /home/airflow/.local/lib/python3.12/site-packages/airflow/example_dags/example_params_trigger_ui.py for tasks to queue
[2024-12-01T02:33:03.817+0000] {logging_mixin.py:190} INFO - [2024-12-01T02:33:03.817+0000] {dagbag.py:588} INFO - Filling up the DagBag from /home/airflow/.local/lib/python3.12/site-packages/airflow/example_dags/example_params_trigger_ui.py
[2024-12-01T02:33:03.827+0000] {processor.py:925} INFO - DAG(s) 'example_params_trigger_ui' retrieved from /home/airflow/.local/lib/python3.12/site-packages/airflow/example_dags/example_params_trigger_ui.py
[2024-12-01T02:33:03.867+0000] {logging_mixin.py:190} INFO - [2024-12-01T02:33:03.867+0000] {dag.py:3239} INFO - Sync 1 DAGs
[2024-12-01T02:33:03.881+0000] {logging_mixin.py:190} INFO - [2024-12-01T02:33:03.881+0000] {dag.py:4180} INFO - Setting next_dagrun for example_params_trigger_ui to None, run_after=None
[2024-12-01T02:33:03.897+0000] {processor.py:208} INFO - Processing /home/airflow/.local/lib/python3.12/site-packages/airflow/example_dags/example_params_trigger_ui.py took 0.088 seconds
[2024-12-01T02:33:34.489+0000] {processor.py:186} INFO - Started process (PID=53456) to work on /home/airflow/.local/lib/python3.12/site-packages/airflow/example_dags/example_params_trigger_ui.py
[2024-12-01T02:33:34.490+0000] {processor.py:914} INFO - Processing file /home/airflow/.local/lib/python3.12/site-packages/airflow/example_dags/example_params_trigger_ui.py for tasks to queue
[2024-12-01T02:33:34.493+0000] {logging_mixin.py:190} INFO - [2024-12-01T02:33:34.492+0000] {dagbag.py:588} INFO - Filling up the DagBag from /home/airflow/.local/lib/python3.12/site-packages/airflow/example_dags/example_params_trigger_ui.py
[2024-12-01T02:33:34.506+0000] {processor.py:925} INFO - DAG(s) 'example_params_trigger_ui' retrieved from /home/airflow/.local/lib/python3.12/site-packages/airflow/example_dags/example_params_trigger_ui.py
[2024-12-01T02:33:34.554+0000] {logging_mixin.py:190} INFO - [2024-12-01T02:33:34.553+0000] {dag.py:3239} INFO - Sync 1 DAGs
[2024-12-01T02:33:34.567+0000] {logging_mixin.py:190} INFO - [2024-12-01T02:33:34.566+0000] {dag.py:4180} INFO - Setting next_dagrun for example_params_trigger_ui to None, run_after=None
[2024-12-01T02:33:34.583+0000] {processor.py:208} INFO - Processing /home/airflow/.local/lib/python3.12/site-packages/airflow/example_dags/example_params_trigger_ui.py took 0.099 seconds
[2024-12-01T02:34:05.253+0000] {processor.py:186} INFO - Started process (PID=53522) to work on /home/airflow/.local/lib/python3.12/site-packages/airflow/example_dags/example_params_trigger_ui.py
[2024-12-01T02:34:05.254+0000] {processor.py:914} INFO - Processing file /home/airflow/.local/lib/python3.12/site-packages/airflow/example_dags/example_params_trigger_ui.py for tasks to queue
[2024-12-01T02:34:05.257+0000] {logging_mixin.py:190} INFO - [2024-12-01T02:34:05.256+0000] {dagbag.py:588} INFO - Filling up the DagBag from /home/airflow/.local/lib/python3.12/site-packages/airflow/example_dags/example_params_trigger_ui.py
[2024-12-01T02:34:05.267+0000] {processor.py:925} INFO - DAG(s) 'example_params_trigger_ui' retrieved from /home/airflow/.local/lib/python3.12/site-packages/airflow/example_dags/example_params_trigger_ui.py
[2024-12-01T02:34:05.309+0000] {logging_mixin.py:190} INFO - [2024-12-01T02:34:05.309+0000] {dag.py:3239} INFO - Sync 1 DAGs
[2024-12-01T02:34:05.322+0000] {logging_mixin.py:190} INFO - [2024-12-01T02:34:05.322+0000] {dag.py:4180} INFO - Setting next_dagrun for example_params_trigger_ui to None, run_after=None
[2024-12-01T02:34:05.341+0000] {processor.py:208} INFO - Processing /home/airflow/.local/lib/python3.12/site-packages/airflow/example_dags/example_params_trigger_ui.py took 0.092 seconds
[2024-12-01T02:34:35.851+0000] {processor.py:186} INFO - Started process (PID=53588) to work on /home/airflow/.local/lib/python3.12/site-packages/airflow/example_dags/example_params_trigger_ui.py
[2024-12-01T02:34:35.852+0000] {processor.py:914} INFO - Processing file /home/airflow/.local/lib/python3.12/site-packages/airflow/example_dags/example_params_trigger_ui.py for tasks to queue
[2024-12-01T02:34:35.854+0000] {logging_mixin.py:190} INFO - [2024-12-01T02:34:35.854+0000] {dagbag.py:588} INFO - Filling up the DagBag from /home/airflow/.local/lib/python3.12/site-packages/airflow/example_dags/example_params_trigger_ui.py
[2024-12-01T02:34:35.866+0000] {processor.py:925} INFO - DAG(s) 'example_params_trigger_ui' retrieved from /home/airflow/.local/lib/python3.12/site-packages/airflow/example_dags/example_params_trigger_ui.py
[2024-12-01T02:34:35.913+0000] {logging_mixin.py:190} INFO - [2024-12-01T02:34:35.913+0000] {dag.py:3239} INFO - Sync 1 DAGs
[2024-12-01T02:34:35.926+0000] {logging_mixin.py:190} INFO - [2024-12-01T02:34:35.926+0000] {dag.py:4180} INFO - Setting next_dagrun for example_params_trigger_ui to None, run_after=None
[2024-12-01T02:34:35.943+0000] {processor.py:208} INFO - Processing /home/airflow/.local/lib/python3.12/site-packages/airflow/example_dags/example_params_trigger_ui.py took 0.098 seconds
[2024-12-01T02:35:06.967+0000] {processor.py:186} INFO - Started process (PID=53654) to work on /home/airflow/.local/lib/python3.12/site-packages/airflow/example_dags/example_params_trigger_ui.py
[2024-12-01T02:35:06.968+0000] {processor.py:914} INFO - Processing file /home/airflow/.local/lib/python3.12/site-packages/airflow/example_dags/example_params_trigger_ui.py for tasks to queue
[2024-12-01T02:35:06.970+0000] {logging_mixin.py:190} INFO - [2024-12-01T02:35:06.970+0000] {dagbag.py:588} INFO - Filling up the DagBag from /home/airflow/.local/lib/python3.12/site-packages/airflow/example_dags/example_params_trigger_ui.py
[2024-12-01T02:35:06.981+0000] {processor.py:925} INFO - DAG(s) 'example_params_trigger_ui' retrieved from /home/airflow/.local/lib/python3.12/site-packages/airflow/example_dags/example_params_trigger_ui.py
[2024-12-01T02:35:07.024+0000] {logging_mixin.py:190} INFO - [2024-12-01T02:35:07.024+0000] {dag.py:3239} INFO - Sync 1 DAGs
[2024-12-01T02:35:07.037+0000] {logging_mixin.py:190} INFO - [2024-12-01T02:35:07.036+0000] {dag.py:4180} INFO - Setting next_dagrun for example_params_trigger_ui to None, run_after=None
[2024-12-01T02:35:07.052+0000] {processor.py:208} INFO - Processing /home/airflow/.local/lib/python3.12/site-packages/airflow/example_dags/example_params_trigger_ui.py took 0.091 seconds
