[2024-12-01T02:10:58.745+0000] {processor.py:186} INFO - Started process (PID=50538) to work on /home/airflow/.local/lib/python3.12/site-packages/airflow/example_dags/example_display_name.py
[2024-12-01T02:10:58.748+0000] {processor.py:914} INFO - Processing file /home/airflow/.local/lib/python3.12/site-packages/airflow/example_dags/example_display_name.py for tasks to queue
[2024-12-01T02:10:58.756+0000] {logging_mixin.py:190} INFO - [2024-12-01T02:10:58.756+0000] {dagbag.py:588} INFO - Filling up the DagBag from /home/airflow/.local/lib/python3.12/site-packages/airflow/example_dags/example_display_name.py
[2024-12-01T02:10:58.778+0000] {processor.py:925} INFO - DAG(s) 'example_display_name' retrieved from /home/airflow/.local/lib/python3.12/site-packages/airflow/example_dags/example_display_name.py
[2024-12-01T02:10:58.816+0000] {logging_mixin.py:190} INFO - [2024-12-01T02:10:58.816+0000] {dag.py:3239} INFO - Sync 1 DAGs
[2024-12-01T02:10:58.848+0000] {logging_mixin.py:190} INFO - [2024-12-01T02:10:58.848+0000] {dag.py:4180} INFO - Setting next_dagrun for example_display_name to None, run_after=None
[2024-12-01T02:10:58.899+0000] {processor.py:208} INFO - Processing /home/airflow/.local/lib/python3.12/site-packages/airflow/example_dags/example_display_name.py took 0.163 seconds
[2024-12-01T02:11:29.085+0000] {processor.py:186} INFO - Started process (PID=50605) to work on /home/airflow/.local/lib/python3.12/site-packages/airflow/example_dags/example_display_name.py
[2024-12-01T02:11:29.086+0000] {processor.py:914} INFO - Processing file /home/airflow/.local/lib/python3.12/site-packages/airflow/example_dags/example_display_name.py for tasks to queue
[2024-12-01T02:11:29.089+0000] {logging_mixin.py:190} INFO - [2024-12-01T02:11:29.089+0000] {dagbag.py:588} INFO - Filling up the DagBag from /home/airflow/.local/lib/python3.12/site-packages/airflow/example_dags/example_display_name.py
[2024-12-01T02:11:29.096+0000] {processor.py:925} INFO - DAG(s) 'example_display_name' retrieved from /home/airflow/.local/lib/python3.12/site-packages/airflow/example_dags/example_display_name.py
[2024-12-01T02:11:29.112+0000] {logging_mixin.py:190} INFO - [2024-12-01T02:11:29.112+0000] {dag.py:3239} INFO - Sync 1 DAGs
[2024-12-01T02:11:29.125+0000] {logging_mixin.py:190} INFO - [2024-12-01T02:11:29.125+0000] {dag.py:4180} INFO - Setting next_dagrun for example_display_name to None, run_after=None
[2024-12-01T02:11:29.140+0000] {processor.py:208} INFO - Processing /home/airflow/.local/lib/python3.12/site-packages/airflow/example_dags/example_display_name.py took 0.060 seconds
[2024-12-01T02:11:59.773+0000] {processor.py:186} INFO - Started process (PID=50671) to work on /home/airflow/.local/lib/python3.12/site-packages/airflow/example_dags/example_display_name.py
[2024-12-01T02:11:59.774+0000] {processor.py:914} INFO - Processing file /home/airflow/.local/lib/python3.12/site-packages/airflow/example_dags/example_display_name.py for tasks to queue
[2024-12-01T02:11:59.776+0000] {logging_mixin.py:190} INFO - [2024-12-01T02:11:59.776+0000] {dagbag.py:588} INFO - Filling up the DagBag from /home/airflow/.local/lib/python3.12/site-packages/airflow/example_dags/example_display_name.py
[2024-12-01T02:11:59.784+0000] {processor.py:925} INFO - DAG(s) 'example_display_name' retrieved from /home/airflow/.local/lib/python3.12/site-packages/airflow/example_dags/example_display_name.py
[2024-12-01T02:11:59.801+0000] {logging_mixin.py:190} INFO - [2024-12-01T02:11:59.801+0000] {dag.py:3239} INFO - Sync 1 DAGs
[2024-12-01T02:11:59.815+0000] {logging_mixin.py:190} INFO - [2024-12-01T02:11:59.815+0000] {dag.py:4180} INFO - Setting next_dagrun for example_display_name to None, run_after=None
[2024-12-01T02:11:59.831+0000] {processor.py:208} INFO - Processing /home/airflow/.local/lib/python3.12/site-packages/airflow/example_dags/example_display_name.py took 0.063 seconds
[2024-12-01T02:12:31.225+0000] {processor.py:186} INFO - Started process (PID=50737) to work on /home/airflow/.local/lib/python3.12/site-packages/airflow/example_dags/example_display_name.py
[2024-12-01T02:12:31.226+0000] {processor.py:914} INFO - Processing file /home/airflow/.local/lib/python3.12/site-packages/airflow/example_dags/example_display_name.py for tasks to queue
[2024-12-01T02:12:31.228+0000] {logging_mixin.py:190} INFO - [2024-12-01T02:12:31.228+0000] {dagbag.py:588} INFO - Filling up the DagBag from /home/airflow/.local/lib/python3.12/site-packages/airflow/example_dags/example_display_name.py
[2024-12-01T02:12:31.235+0000] {processor.py:925} INFO - DAG(s) 'example_display_name' retrieved from /home/airflow/.local/lib/python3.12/site-packages/airflow/example_dags/example_display_name.py
[2024-12-01T02:12:31.252+0000] {logging_mixin.py:190} INFO - [2024-12-01T02:12:31.252+0000] {dag.py:3239} INFO - Sync 1 DAGs
[2024-12-01T02:12:31.265+0000] {logging_mixin.py:190} INFO - [2024-12-01T02:12:31.265+0000] {dag.py:4180} INFO - Setting next_dagrun for example_display_name to None, run_after=None
[2024-12-01T02:12:31.283+0000] {processor.py:208} INFO - Processing /home/airflow/.local/lib/python3.12/site-packages/airflow/example_dags/example_display_name.py took 0.063 seconds
[2024-12-01T02:13:02.123+0000] {processor.py:186} INFO - Started process (PID=50803) to work on /home/airflow/.local/lib/python3.12/site-packages/airflow/example_dags/example_display_name.py
[2024-12-01T02:13:02.124+0000] {processor.py:914} INFO - Processing file /home/airflow/.local/lib/python3.12/site-packages/airflow/example_dags/example_display_name.py for tasks to queue
[2024-12-01T02:13:02.126+0000] {logging_mixin.py:190} INFO - [2024-12-01T02:13:02.126+0000] {dagbag.py:588} INFO - Filling up the DagBag from /home/airflow/.local/lib/python3.12/site-packages/airflow/example_dags/example_display_name.py
[2024-12-01T02:13:02.133+0000] {processor.py:925} INFO - DAG(s) 'example_display_name' retrieved from /home/airflow/.local/lib/python3.12/site-packages/airflow/example_dags/example_display_name.py
[2024-12-01T02:13:02.150+0000] {logging_mixin.py:190} INFO - [2024-12-01T02:13:02.150+0000] {dag.py:3239} INFO - Sync 1 DAGs
[2024-12-01T02:13:02.164+0000] {logging_mixin.py:190} INFO - [2024-12-01T02:13:02.163+0000] {dag.py:4180} INFO - Setting next_dagrun for example_display_name to None, run_after=None
[2024-12-01T02:13:02.182+0000] {processor.py:208} INFO - Processing /home/airflow/.local/lib/python3.12/site-packages/airflow/example_dags/example_display_name.py took 0.065 seconds
[2024-12-01T02:13:32.809+0000] {processor.py:186} INFO - Started process (PID=50869) to work on /home/airflow/.local/lib/python3.12/site-packages/airflow/example_dags/example_display_name.py
[2024-12-01T02:13:32.810+0000] {processor.py:914} INFO - Processing file /home/airflow/.local/lib/python3.12/site-packages/airflow/example_dags/example_display_name.py for tasks to queue
[2024-12-01T02:13:32.812+0000] {logging_mixin.py:190} INFO - [2024-12-01T02:13:32.812+0000] {dagbag.py:588} INFO - Filling up the DagBag from /home/airflow/.local/lib/python3.12/site-packages/airflow/example_dags/example_display_name.py
[2024-12-01T02:13:32.819+0000] {processor.py:925} INFO - DAG(s) 'example_display_name' retrieved from /home/airflow/.local/lib/python3.12/site-packages/airflow/example_dags/example_display_name.py
[2024-12-01T02:13:32.836+0000] {logging_mixin.py:190} INFO - [2024-12-01T02:13:32.836+0000] {dag.py:3239} INFO - Sync 1 DAGs
[2024-12-01T02:13:32.849+0000] {logging_mixin.py:190} INFO - [2024-12-01T02:13:32.849+0000] {dag.py:4180} INFO - Setting next_dagrun for example_display_name to None, run_after=None
[2024-12-01T02:13:32.865+0000] {processor.py:208} INFO - Processing /home/airflow/.local/lib/python3.12/site-packages/airflow/example_dags/example_display_name.py took 0.061 seconds
[2024-12-01T02:14:03.530+0000] {processor.py:186} INFO - Started process (PID=50935) to work on /home/airflow/.local/lib/python3.12/site-packages/airflow/example_dags/example_display_name.py
[2024-12-01T02:14:03.531+0000] {processor.py:914} INFO - Processing file /home/airflow/.local/lib/python3.12/site-packages/airflow/example_dags/example_display_name.py for tasks to queue
[2024-12-01T02:14:03.533+0000] {logging_mixin.py:190} INFO - [2024-12-01T02:14:03.533+0000] {dagbag.py:588} INFO - Filling up the DagBag from /home/airflow/.local/lib/python3.12/site-packages/airflow/example_dags/example_display_name.py
[2024-12-01T02:14:03.540+0000] {processor.py:925} INFO - DAG(s) 'example_display_name' retrieved from /home/airflow/.local/lib/python3.12/site-packages/airflow/example_dags/example_display_name.py
[2024-12-01T02:14:03.557+0000] {logging_mixin.py:190} INFO - [2024-12-01T02:14:03.557+0000] {dag.py:3239} INFO - Sync 1 DAGs
[2024-12-01T02:14:03.569+0000] {logging_mixin.py:190} INFO - [2024-12-01T02:14:03.569+0000] {dag.py:4180} INFO - Setting next_dagrun for example_display_name to None, run_after=None
[2024-12-01T02:14:03.585+0000] {processor.py:208} INFO - Processing /home/airflow/.local/lib/python3.12/site-packages/airflow/example_dags/example_display_name.py took 0.059 seconds
[2024-12-01T02:14:34.912+0000] {processor.py:186} INFO - Started process (PID=51001) to work on /home/airflow/.local/lib/python3.12/site-packages/airflow/example_dags/example_display_name.py
[2024-12-01T02:14:34.913+0000] {processor.py:914} INFO - Processing file /home/airflow/.local/lib/python3.12/site-packages/airflow/example_dags/example_display_name.py for tasks to queue
[2024-12-01T02:14:34.915+0000] {logging_mixin.py:190} INFO - [2024-12-01T02:14:34.915+0000] {dagbag.py:588} INFO - Filling up the DagBag from /home/airflow/.local/lib/python3.12/site-packages/airflow/example_dags/example_display_name.py
[2024-12-01T02:14:34.923+0000] {processor.py:925} INFO - DAG(s) 'example_display_name' retrieved from /home/airflow/.local/lib/python3.12/site-packages/airflow/example_dags/example_display_name.py
[2024-12-01T02:14:34.942+0000] {logging_mixin.py:190} INFO - [2024-12-01T02:14:34.942+0000] {dag.py:3239} INFO - Sync 1 DAGs
[2024-12-01T02:14:34.955+0000] {logging_mixin.py:190} INFO - [2024-12-01T02:14:34.955+0000] {dag.py:4180} INFO - Setting next_dagrun for example_display_name to None, run_after=None
[2024-12-01T02:14:34.972+0000] {processor.py:208} INFO - Processing /home/airflow/.local/lib/python3.12/site-packages/airflow/example_dags/example_display_name.py took 0.065 seconds
[2024-12-01T02:15:05.516+0000] {processor.py:186} INFO - Started process (PID=51067) to work on /home/airflow/.local/lib/python3.12/site-packages/airflow/example_dags/example_display_name.py
[2024-12-01T02:15:05.516+0000] {processor.py:914} INFO - Processing file /home/airflow/.local/lib/python3.12/site-packages/airflow/example_dags/example_display_name.py for tasks to queue
[2024-12-01T02:15:05.519+0000] {logging_mixin.py:190} INFO - [2024-12-01T02:15:05.518+0000] {dagbag.py:588} INFO - Filling up the DagBag from /home/airflow/.local/lib/python3.12/site-packages/airflow/example_dags/example_display_name.py
[2024-12-01T02:15:05.525+0000] {processor.py:925} INFO - DAG(s) 'example_display_name' retrieved from /home/airflow/.local/lib/python3.12/site-packages/airflow/example_dags/example_display_name.py
[2024-12-01T02:15:05.546+0000] {logging_mixin.py:190} INFO - [2024-12-01T02:15:05.545+0000] {dag.py:3239} INFO - Sync 1 DAGs
[2024-12-01T02:15:05.566+0000] {logging_mixin.py:190} INFO - [2024-12-01T02:15:05.566+0000] {dag.py:4180} INFO - Setting next_dagrun for example_display_name to None, run_after=None
[2024-12-01T02:15:05.583+0000] {processor.py:208} INFO - Processing /home/airflow/.local/lib/python3.12/site-packages/airflow/example_dags/example_display_name.py took 0.073 seconds
[2024-12-01T02:15:36.590+0000] {processor.py:186} INFO - Started process (PID=51133) to work on /home/airflow/.local/lib/python3.12/site-packages/airflow/example_dags/example_display_name.py
[2024-12-01T02:15:36.591+0000] {processor.py:914} INFO - Processing file /home/airflow/.local/lib/python3.12/site-packages/airflow/example_dags/example_display_name.py for tasks to queue
[2024-12-01T02:15:36.593+0000] {logging_mixin.py:190} INFO - [2024-12-01T02:15:36.593+0000] {dagbag.py:588} INFO - Filling up the DagBag from /home/airflow/.local/lib/python3.12/site-packages/airflow/example_dags/example_display_name.py
[2024-12-01T02:15:36.599+0000] {processor.py:925} INFO - DAG(s) 'example_display_name' retrieved from /home/airflow/.local/lib/python3.12/site-packages/airflow/example_dags/example_display_name.py
[2024-12-01T02:15:36.617+0000] {logging_mixin.py:190} INFO - [2024-12-01T02:15:36.617+0000] {dag.py:3239} INFO - Sync 1 DAGs
[2024-12-01T02:15:36.630+0000] {logging_mixin.py:190} INFO - [2024-12-01T02:15:36.630+0000] {dag.py:4180} INFO - Setting next_dagrun for example_display_name to None, run_after=None
[2024-12-01T02:15:36.646+0000] {processor.py:208} INFO - Processing /home/airflow/.local/lib/python3.12/site-packages/airflow/example_dags/example_display_name.py took 0.062 seconds
[2024-12-01T02:16:07.675+0000] {processor.py:186} INFO - Started process (PID=51199) to work on /home/airflow/.local/lib/python3.12/site-packages/airflow/example_dags/example_display_name.py
[2024-12-01T02:16:07.676+0000] {processor.py:914} INFO - Processing file /home/airflow/.local/lib/python3.12/site-packages/airflow/example_dags/example_display_name.py for tasks to queue
[2024-12-01T02:16:07.679+0000] {logging_mixin.py:190} INFO - [2024-12-01T02:16:07.678+0000] {dagbag.py:588} INFO - Filling up the DagBag from /home/airflow/.local/lib/python3.12/site-packages/airflow/example_dags/example_display_name.py
[2024-12-01T02:16:07.685+0000] {processor.py:925} INFO - DAG(s) 'example_display_name' retrieved from /home/airflow/.local/lib/python3.12/site-packages/airflow/example_dags/example_display_name.py
[2024-12-01T02:16:07.702+0000] {logging_mixin.py:190} INFO - [2024-12-01T02:16:07.702+0000] {dag.py:3239} INFO - Sync 1 DAGs
[2024-12-01T02:16:07.716+0000] {logging_mixin.py:190} INFO - [2024-12-01T02:16:07.716+0000] {dag.py:4180} INFO - Setting next_dagrun for example_display_name to None, run_after=None
[2024-12-01T02:16:07.734+0000] {processor.py:208} INFO - Processing /home/airflow/.local/lib/python3.12/site-packages/airflow/example_dags/example_display_name.py took 0.064 seconds
[2024-12-01T02:16:38.199+0000] {processor.py:186} INFO - Started process (PID=51265) to work on /home/airflow/.local/lib/python3.12/site-packages/airflow/example_dags/example_display_name.py
[2024-12-01T02:16:38.200+0000] {processor.py:914} INFO - Processing file /home/airflow/.local/lib/python3.12/site-packages/airflow/example_dags/example_display_name.py for tasks to queue
[2024-12-01T02:16:38.203+0000] {logging_mixin.py:190} INFO - [2024-12-01T02:16:38.202+0000] {dagbag.py:588} INFO - Filling up the DagBag from /home/airflow/.local/lib/python3.12/site-packages/airflow/example_dags/example_display_name.py
[2024-12-01T02:16:38.209+0000] {processor.py:925} INFO - DAG(s) 'example_display_name' retrieved from /home/airflow/.local/lib/python3.12/site-packages/airflow/example_dags/example_display_name.py
[2024-12-01T02:16:38.226+0000] {logging_mixin.py:190} INFO - [2024-12-01T02:16:38.226+0000] {dag.py:3239} INFO - Sync 1 DAGs
[2024-12-01T02:16:38.240+0000] {logging_mixin.py:190} INFO - [2024-12-01T02:16:38.240+0000] {dag.py:4180} INFO - Setting next_dagrun for example_display_name to None, run_after=None
[2024-12-01T02:16:38.256+0000] {processor.py:208} INFO - Processing /home/airflow/.local/lib/python3.12/site-packages/airflow/example_dags/example_display_name.py took 0.062 seconds
[2024-12-01T02:17:09.306+0000] {processor.py:186} INFO - Started process (PID=51331) to work on /home/airflow/.local/lib/python3.12/site-packages/airflow/example_dags/example_display_name.py
[2024-12-01T02:17:09.307+0000] {processor.py:914} INFO - Processing file /home/airflow/.local/lib/python3.12/site-packages/airflow/example_dags/example_display_name.py for tasks to queue
[2024-12-01T02:17:09.309+0000] {logging_mixin.py:190} INFO - [2024-12-01T02:17:09.309+0000] {dagbag.py:588} INFO - Filling up the DagBag from /home/airflow/.local/lib/python3.12/site-packages/airflow/example_dags/example_display_name.py
[2024-12-01T02:17:09.316+0000] {processor.py:925} INFO - DAG(s) 'example_display_name' retrieved from /home/airflow/.local/lib/python3.12/site-packages/airflow/example_dags/example_display_name.py
[2024-12-01T02:17:09.335+0000] {logging_mixin.py:190} INFO - [2024-12-01T02:17:09.335+0000] {dag.py:3239} INFO - Sync 1 DAGs
[2024-12-01T02:17:09.348+0000] {logging_mixin.py:190} INFO - [2024-12-01T02:17:09.348+0000] {dag.py:4180} INFO - Setting next_dagrun for example_display_name to None, run_after=None
[2024-12-01T02:17:09.365+0000] {processor.py:208} INFO - Processing /home/airflow/.local/lib/python3.12/site-packages/airflow/example_dags/example_display_name.py took 0.064 seconds
[2024-12-01T02:17:40.336+0000] {processor.py:186} INFO - Started process (PID=51397) to work on /home/airflow/.local/lib/python3.12/site-packages/airflow/example_dags/example_display_name.py
[2024-12-01T02:17:40.337+0000] {processor.py:914} INFO - Processing file /home/airflow/.local/lib/python3.12/site-packages/airflow/example_dags/example_display_name.py for tasks to queue
[2024-12-01T02:17:40.340+0000] {logging_mixin.py:190} INFO - [2024-12-01T02:17:40.339+0000] {dagbag.py:588} INFO - Filling up the DagBag from /home/airflow/.local/lib/python3.12/site-packages/airflow/example_dags/example_display_name.py
[2024-12-01T02:17:40.349+0000] {processor.py:925} INFO - DAG(s) 'example_display_name' retrieved from /home/airflow/.local/lib/python3.12/site-packages/airflow/example_dags/example_display_name.py
[2024-12-01T02:17:40.372+0000] {logging_mixin.py:190} INFO - [2024-12-01T02:17:40.371+0000] {dag.py:3239} INFO - Sync 1 DAGs
[2024-12-01T02:17:40.391+0000] {logging_mixin.py:190} INFO - [2024-12-01T02:17:40.391+0000] {dag.py:4180} INFO - Setting next_dagrun for example_display_name to None, run_after=None
[2024-12-01T02:17:40.430+0000] {processor.py:208} INFO - Processing /home/airflow/.local/lib/python3.12/site-packages/airflow/example_dags/example_display_name.py took 0.101 seconds
[2024-12-01T02:18:11.518+0000] {processor.py:186} INFO - Started process (PID=51463) to work on /home/airflow/.local/lib/python3.12/site-packages/airflow/example_dags/example_display_name.py
[2024-12-01T02:18:11.519+0000] {processor.py:914} INFO - Processing file /home/airflow/.local/lib/python3.12/site-packages/airflow/example_dags/example_display_name.py for tasks to queue
[2024-12-01T02:18:11.521+0000] {logging_mixin.py:190} INFO - [2024-12-01T02:18:11.521+0000] {dagbag.py:588} INFO - Filling up the DagBag from /home/airflow/.local/lib/python3.12/site-packages/airflow/example_dags/example_display_name.py
[2024-12-01T02:18:11.528+0000] {processor.py:925} INFO - DAG(s) 'example_display_name' retrieved from /home/airflow/.local/lib/python3.12/site-packages/airflow/example_dags/example_display_name.py
[2024-12-01T02:18:11.545+0000] {logging_mixin.py:190} INFO - [2024-12-01T02:18:11.545+0000] {dag.py:3239} INFO - Sync 1 DAGs
[2024-12-01T02:18:11.559+0000] {logging_mixin.py:190} INFO - [2024-12-01T02:18:11.559+0000] {dag.py:4180} INFO - Setting next_dagrun for example_display_name to None, run_after=None
[2024-12-01T02:18:11.577+0000] {processor.py:208} INFO - Processing /home/airflow/.local/lib/python3.12/site-packages/airflow/example_dags/example_display_name.py took 0.064 seconds
[2024-12-01T02:18:42.204+0000] {processor.py:186} INFO - Started process (PID=51529) to work on /home/airflow/.local/lib/python3.12/site-packages/airflow/example_dags/example_display_name.py
[2024-12-01T02:18:42.205+0000] {processor.py:914} INFO - Processing file /home/airflow/.local/lib/python3.12/site-packages/airflow/example_dags/example_display_name.py for tasks to queue
[2024-12-01T02:18:42.207+0000] {logging_mixin.py:190} INFO - [2024-12-01T02:18:42.207+0000] {dagbag.py:588} INFO - Filling up the DagBag from /home/airflow/.local/lib/python3.12/site-packages/airflow/example_dags/example_display_name.py
[2024-12-01T02:18:42.214+0000] {processor.py:925} INFO - DAG(s) 'example_display_name' retrieved from /home/airflow/.local/lib/python3.12/site-packages/airflow/example_dags/example_display_name.py
[2024-12-01T02:18:42.231+0000] {logging_mixin.py:190} INFO - [2024-12-01T02:18:42.231+0000] {dag.py:3239} INFO - Sync 1 DAGs
[2024-12-01T02:18:42.245+0000] {logging_mixin.py:190} INFO - [2024-12-01T02:18:42.244+0000] {dag.py:4180} INFO - Setting next_dagrun for example_display_name to None, run_after=None
[2024-12-01T02:18:42.263+0000] {processor.py:208} INFO - Processing /home/airflow/.local/lib/python3.12/site-packages/airflow/example_dags/example_display_name.py took 0.064 seconds
[2024-12-01T02:19:13.155+0000] {processor.py:186} INFO - Started process (PID=51596) to work on /home/airflow/.local/lib/python3.12/site-packages/airflow/example_dags/example_display_name.py
[2024-12-01T02:19:13.156+0000] {processor.py:914} INFO - Processing file /home/airflow/.local/lib/python3.12/site-packages/airflow/example_dags/example_display_name.py for tasks to queue
[2024-12-01T02:19:13.158+0000] {logging_mixin.py:190} INFO - [2024-12-01T02:19:13.158+0000] {dagbag.py:588} INFO - Filling up the DagBag from /home/airflow/.local/lib/python3.12/site-packages/airflow/example_dags/example_display_name.py
[2024-12-01T02:19:13.165+0000] {processor.py:925} INFO - DAG(s) 'example_display_name' retrieved from /home/airflow/.local/lib/python3.12/site-packages/airflow/example_dags/example_display_name.py
[2024-12-01T02:19:13.182+0000] {logging_mixin.py:190} INFO - [2024-12-01T02:19:13.182+0000] {dag.py:3239} INFO - Sync 1 DAGs
[2024-12-01T02:19:13.201+0000] {logging_mixin.py:190} INFO - [2024-12-01T02:19:13.201+0000] {dag.py:4180} INFO - Setting next_dagrun for example_display_name to None, run_after=None
[2024-12-01T02:19:13.218+0000] {processor.py:208} INFO - Processing /home/airflow/.local/lib/python3.12/site-packages/airflow/example_dags/example_display_name.py took 0.068 seconds
[2024-12-01T02:19:44.289+0000] {processor.py:186} INFO - Started process (PID=51661) to work on /home/airflow/.local/lib/python3.12/site-packages/airflow/example_dags/example_display_name.py
[2024-12-01T02:19:44.290+0000] {processor.py:914} INFO - Processing file /home/airflow/.local/lib/python3.12/site-packages/airflow/example_dags/example_display_name.py for tasks to queue
[2024-12-01T02:19:44.293+0000] {logging_mixin.py:190} INFO - [2024-12-01T02:19:44.292+0000] {dagbag.py:588} INFO - Filling up the DagBag from /home/airflow/.local/lib/python3.12/site-packages/airflow/example_dags/example_display_name.py
[2024-12-01T02:19:44.300+0000] {processor.py:925} INFO - DAG(s) 'example_display_name' retrieved from /home/airflow/.local/lib/python3.12/site-packages/airflow/example_dags/example_display_name.py
[2024-12-01T02:19:44.317+0000] {logging_mixin.py:190} INFO - [2024-12-01T02:19:44.317+0000] {dag.py:3239} INFO - Sync 1 DAGs
[2024-12-01T02:19:44.330+0000] {logging_mixin.py:190} INFO - [2024-12-01T02:19:44.330+0000] {dag.py:4180} INFO - Setting next_dagrun for example_display_name to None, run_after=None
[2024-12-01T02:19:44.349+0000] {processor.py:208} INFO - Processing /home/airflow/.local/lib/python3.12/site-packages/airflow/example_dags/example_display_name.py took 0.065 seconds
[2024-12-01T02:20:15.309+0000] {processor.py:186} INFO - Started process (PID=51728) to work on /home/airflow/.local/lib/python3.12/site-packages/airflow/example_dags/example_display_name.py
[2024-12-01T02:20:15.310+0000] {processor.py:914} INFO - Processing file /home/airflow/.local/lib/python3.12/site-packages/airflow/example_dags/example_display_name.py for tasks to queue
[2024-12-01T02:20:15.313+0000] {logging_mixin.py:190} INFO - [2024-12-01T02:20:15.312+0000] {dagbag.py:588} INFO - Filling up the DagBag from /home/airflow/.local/lib/python3.12/site-packages/airflow/example_dags/example_display_name.py
[2024-12-01T02:20:15.319+0000] {processor.py:925} INFO - DAG(s) 'example_display_name' retrieved from /home/airflow/.local/lib/python3.12/site-packages/airflow/example_dags/example_display_name.py
[2024-12-01T02:20:15.336+0000] {logging_mixin.py:190} INFO - [2024-12-01T02:20:15.336+0000] {dag.py:3239} INFO - Sync 1 DAGs
[2024-12-01T02:20:15.349+0000] {logging_mixin.py:190} INFO - [2024-12-01T02:20:15.349+0000] {dag.py:4180} INFO - Setting next_dagrun for example_display_name to None, run_after=None
[2024-12-01T02:20:15.367+0000] {processor.py:208} INFO - Processing /home/airflow/.local/lib/python3.12/site-packages/airflow/example_dags/example_display_name.py took 0.063 seconds
[2024-12-01T02:20:46.344+0000] {processor.py:186} INFO - Started process (PID=51793) to work on /home/airflow/.local/lib/python3.12/site-packages/airflow/example_dags/example_display_name.py
[2024-12-01T02:20:46.345+0000] {processor.py:914} INFO - Processing file /home/airflow/.local/lib/python3.12/site-packages/airflow/example_dags/example_display_name.py for tasks to queue
[2024-12-01T02:20:46.347+0000] {logging_mixin.py:190} INFO - [2024-12-01T02:20:46.347+0000] {dagbag.py:588} INFO - Filling up the DagBag from /home/airflow/.local/lib/python3.12/site-packages/airflow/example_dags/example_display_name.py
[2024-12-01T02:20:46.355+0000] {processor.py:925} INFO - DAG(s) 'example_display_name' retrieved from /home/airflow/.local/lib/python3.12/site-packages/airflow/example_dags/example_display_name.py
[2024-12-01T02:20:46.372+0000] {logging_mixin.py:190} INFO - [2024-12-01T02:20:46.371+0000] {dag.py:3239} INFO - Sync 1 DAGs
[2024-12-01T02:20:46.385+0000] {logging_mixin.py:190} INFO - [2024-12-01T02:20:46.385+0000] {dag.py:4180} INFO - Setting next_dagrun for example_display_name to None, run_after=None
[2024-12-01T02:20:46.548+0000] {processor.py:208} INFO - Processing /home/airflow/.local/lib/python3.12/site-packages/airflow/example_dags/example_display_name.py took 0.209 seconds
[2024-12-01T02:21:16.914+0000] {processor.py:186} INFO - Started process (PID=51860) to work on /home/airflow/.local/lib/python3.12/site-packages/airflow/example_dags/example_display_name.py
[2024-12-01T02:21:16.915+0000] {processor.py:914} INFO - Processing file /home/airflow/.local/lib/python3.12/site-packages/airflow/example_dags/example_display_name.py for tasks to queue
[2024-12-01T02:21:16.917+0000] {logging_mixin.py:190} INFO - [2024-12-01T02:21:16.917+0000] {dagbag.py:588} INFO - Filling up the DagBag from /home/airflow/.local/lib/python3.12/site-packages/airflow/example_dags/example_display_name.py
[2024-12-01T02:21:16.926+0000] {processor.py:925} INFO - DAG(s) 'example_display_name' retrieved from /home/airflow/.local/lib/python3.12/site-packages/airflow/example_dags/example_display_name.py
[2024-12-01T02:21:16.944+0000] {logging_mixin.py:190} INFO - [2024-12-01T02:21:16.944+0000] {dag.py:3239} INFO - Sync 1 DAGs
[2024-12-01T02:21:16.957+0000] {logging_mixin.py:190} INFO - [2024-12-01T02:21:16.957+0000] {dag.py:4180} INFO - Setting next_dagrun for example_display_name to None, run_after=None
[2024-12-01T02:21:16.974+0000] {processor.py:208} INFO - Processing /home/airflow/.local/lib/python3.12/site-packages/airflow/example_dags/example_display_name.py took 0.065 seconds
[2024-12-01T02:21:48.038+0000] {processor.py:186} INFO - Started process (PID=51926) to work on /home/airflow/.local/lib/python3.12/site-packages/airflow/example_dags/example_display_name.py
[2024-12-01T02:21:48.039+0000] {processor.py:914} INFO - Processing file /home/airflow/.local/lib/python3.12/site-packages/airflow/example_dags/example_display_name.py for tasks to queue
[2024-12-01T02:21:48.041+0000] {logging_mixin.py:190} INFO - [2024-12-01T02:21:48.041+0000] {dagbag.py:588} INFO - Filling up the DagBag from /home/airflow/.local/lib/python3.12/site-packages/airflow/example_dags/example_display_name.py
[2024-12-01T02:21:48.048+0000] {processor.py:925} INFO - DAG(s) 'example_display_name' retrieved from /home/airflow/.local/lib/python3.12/site-packages/airflow/example_dags/example_display_name.py
[2024-12-01T02:21:48.066+0000] {logging_mixin.py:190} INFO - [2024-12-01T02:21:48.066+0000] {dag.py:3239} INFO - Sync 1 DAGs
[2024-12-01T02:21:48.080+0000] {logging_mixin.py:190} INFO - [2024-12-01T02:21:48.080+0000] {dag.py:4180} INFO - Setting next_dagrun for example_display_name to None, run_after=None
[2024-12-01T02:21:48.098+0000] {processor.py:208} INFO - Processing /home/airflow/.local/lib/python3.12/site-packages/airflow/example_dags/example_display_name.py took 0.065 seconds
[2024-12-01T02:22:19.076+0000] {processor.py:186} INFO - Started process (PID=51992) to work on /home/airflow/.local/lib/python3.12/site-packages/airflow/example_dags/example_display_name.py
[2024-12-01T02:22:19.077+0000] {processor.py:914} INFO - Processing file /home/airflow/.local/lib/python3.12/site-packages/airflow/example_dags/example_display_name.py for tasks to queue
[2024-12-01T02:22:19.079+0000] {logging_mixin.py:190} INFO - [2024-12-01T02:22:19.079+0000] {dagbag.py:588} INFO - Filling up the DagBag from /home/airflow/.local/lib/python3.12/site-packages/airflow/example_dags/example_display_name.py
[2024-12-01T02:22:19.086+0000] {processor.py:925} INFO - DAG(s) 'example_display_name' retrieved from /home/airflow/.local/lib/python3.12/site-packages/airflow/example_dags/example_display_name.py
[2024-12-01T02:22:19.103+0000] {logging_mixin.py:190} INFO - [2024-12-01T02:22:19.103+0000] {dag.py:3239} INFO - Sync 1 DAGs
[2024-12-01T02:22:19.116+0000] {logging_mixin.py:190} INFO - [2024-12-01T02:22:19.116+0000] {dag.py:4180} INFO - Setting next_dagrun for example_display_name to None, run_after=None
[2024-12-01T02:22:19.134+0000] {processor.py:208} INFO - Processing /home/airflow/.local/lib/python3.12/site-packages/airflow/example_dags/example_display_name.py took 0.064 seconds
[2024-12-01T02:22:49.823+0000] {processor.py:186} INFO - Started process (PID=52057) to work on /home/airflow/.local/lib/python3.12/site-packages/airflow/example_dags/example_display_name.py
[2024-12-01T02:22:49.824+0000] {processor.py:914} INFO - Processing file /home/airflow/.local/lib/python3.12/site-packages/airflow/example_dags/example_display_name.py for tasks to queue
[2024-12-01T02:22:49.826+0000] {logging_mixin.py:190} INFO - [2024-12-01T02:22:49.826+0000] {dagbag.py:588} INFO - Filling up the DagBag from /home/airflow/.local/lib/python3.12/site-packages/airflow/example_dags/example_display_name.py
[2024-12-01T02:22:49.833+0000] {processor.py:925} INFO - DAG(s) 'example_display_name' retrieved from /home/airflow/.local/lib/python3.12/site-packages/airflow/example_dags/example_display_name.py
[2024-12-01T02:22:49.851+0000] {logging_mixin.py:190} INFO - [2024-12-01T02:22:49.850+0000] {dag.py:3239} INFO - Sync 1 DAGs
[2024-12-01T02:22:49.864+0000] {logging_mixin.py:190} INFO - [2024-12-01T02:22:49.864+0000] {dag.py:4180} INFO - Setting next_dagrun for example_display_name to None, run_after=None
[2024-12-01T02:22:49.880+0000] {processor.py:208} INFO - Processing /home/airflow/.local/lib/python3.12/site-packages/airflow/example_dags/example_display_name.py took 0.063 seconds
[2024-12-01T02:23:21.133+0000] {processor.py:186} INFO - Started process (PID=52124) to work on /home/airflow/.local/lib/python3.12/site-packages/airflow/example_dags/example_display_name.py
[2024-12-01T02:23:21.134+0000] {processor.py:914} INFO - Processing file /home/airflow/.local/lib/python3.12/site-packages/airflow/example_dags/example_display_name.py for tasks to queue
[2024-12-01T02:23:21.137+0000] {logging_mixin.py:190} INFO - [2024-12-01T02:23:21.136+0000] {dagbag.py:588} INFO - Filling up the DagBag from /home/airflow/.local/lib/python3.12/site-packages/airflow/example_dags/example_display_name.py
[2024-12-01T02:23:21.144+0000] {processor.py:925} INFO - DAG(s) 'example_display_name' retrieved from /home/airflow/.local/lib/python3.12/site-packages/airflow/example_dags/example_display_name.py
[2024-12-01T02:23:21.307+0000] {logging_mixin.py:190} INFO - [2024-12-01T02:23:21.307+0000] {dag.py:3239} INFO - Sync 1 DAGs
[2024-12-01T02:23:21.318+0000] {logging_mixin.py:190} INFO - [2024-12-01T02:23:21.318+0000] {dag.py:4180} INFO - Setting next_dagrun for example_display_name to None, run_after=None
[2024-12-01T02:23:21.334+0000] {processor.py:208} INFO - Processing /home/airflow/.local/lib/python3.12/site-packages/airflow/example_dags/example_display_name.py took 0.206 seconds
[2024-12-01T02:23:52.153+0000] {processor.py:186} INFO - Started process (PID=52190) to work on /home/airflow/.local/lib/python3.12/site-packages/airflow/example_dags/example_display_name.py
[2024-12-01T02:23:52.154+0000] {processor.py:914} INFO - Processing file /home/airflow/.local/lib/python3.12/site-packages/airflow/example_dags/example_display_name.py for tasks to queue
[2024-12-01T02:23:52.157+0000] {logging_mixin.py:190} INFO - [2024-12-01T02:23:52.156+0000] {dagbag.py:588} INFO - Filling up the DagBag from /home/airflow/.local/lib/python3.12/site-packages/airflow/example_dags/example_display_name.py
[2024-12-01T02:23:52.164+0000] {processor.py:925} INFO - DAG(s) 'example_display_name' retrieved from /home/airflow/.local/lib/python3.12/site-packages/airflow/example_dags/example_display_name.py
[2024-12-01T02:23:52.180+0000] {logging_mixin.py:190} INFO - [2024-12-01T02:23:52.180+0000] {dag.py:3239} INFO - Sync 1 DAGs
[2024-12-01T02:23:52.194+0000] {logging_mixin.py:190} INFO - [2024-12-01T02:23:52.194+0000] {dag.py:4180} INFO - Setting next_dagrun for example_display_name to None, run_after=None
[2024-12-01T02:23:52.210+0000] {processor.py:208} INFO - Processing /home/airflow/.local/lib/python3.12/site-packages/airflow/example_dags/example_display_name.py took 0.062 seconds
[2024-12-01T02:24:22.460+0000] {processor.py:186} INFO - Started process (PID=52256) to work on /home/airflow/.local/lib/python3.12/site-packages/airflow/example_dags/example_display_name.py
[2024-12-01T02:24:22.461+0000] {processor.py:914} INFO - Processing file /home/airflow/.local/lib/python3.12/site-packages/airflow/example_dags/example_display_name.py for tasks to queue
[2024-12-01T02:24:22.463+0000] {logging_mixin.py:190} INFO - [2024-12-01T02:24:22.463+0000] {dagbag.py:588} INFO - Filling up the DagBag from /home/airflow/.local/lib/python3.12/site-packages/airflow/example_dags/example_display_name.py
[2024-12-01T02:24:22.470+0000] {processor.py:925} INFO - DAG(s) 'example_display_name' retrieved from /home/airflow/.local/lib/python3.12/site-packages/airflow/example_dags/example_display_name.py
[2024-12-01T02:24:22.487+0000] {logging_mixin.py:190} INFO - [2024-12-01T02:24:22.487+0000] {dag.py:3239} INFO - Sync 1 DAGs
[2024-12-01T02:24:22.502+0000] {logging_mixin.py:190} INFO - [2024-12-01T02:24:22.502+0000] {dag.py:4180} INFO - Setting next_dagrun for example_display_name to None, run_after=None
[2024-12-01T02:24:22.520+0000] {processor.py:208} INFO - Processing /home/airflow/.local/lib/python3.12/site-packages/airflow/example_dags/example_display_name.py took 0.065 seconds
[2024-12-01T02:24:52.891+0000] {processor.py:186} INFO - Started process (PID=52322) to work on /home/airflow/.local/lib/python3.12/site-packages/airflow/example_dags/example_display_name.py
[2024-12-01T02:24:52.892+0000] {processor.py:914} INFO - Processing file /home/airflow/.local/lib/python3.12/site-packages/airflow/example_dags/example_display_name.py for tasks to queue
[2024-12-01T02:24:52.894+0000] {logging_mixin.py:190} INFO - [2024-12-01T02:24:52.894+0000] {dagbag.py:588} INFO - Filling up the DagBag from /home/airflow/.local/lib/python3.12/site-packages/airflow/example_dags/example_display_name.py
[2024-12-01T02:24:52.901+0000] {processor.py:925} INFO - DAG(s) 'example_display_name' retrieved from /home/airflow/.local/lib/python3.12/site-packages/airflow/example_dags/example_display_name.py
[2024-12-01T02:24:52.917+0000] {logging_mixin.py:190} INFO - [2024-12-01T02:24:52.917+0000] {dag.py:3239} INFO - Sync 1 DAGs
[2024-12-01T02:24:52.931+0000] {logging_mixin.py:190} INFO - [2024-12-01T02:24:52.930+0000] {dag.py:4180} INFO - Setting next_dagrun for example_display_name to None, run_after=None
[2024-12-01T02:24:52.948+0000] {processor.py:208} INFO - Processing /home/airflow/.local/lib/python3.12/site-packages/airflow/example_dags/example_display_name.py took 0.062 seconds
[2024-12-01T02:25:23.433+0000] {processor.py:186} INFO - Started process (PID=52388) to work on /home/airflow/.local/lib/python3.12/site-packages/airflow/example_dags/example_display_name.py
[2024-12-01T02:25:23.434+0000] {processor.py:914} INFO - Processing file /home/airflow/.local/lib/python3.12/site-packages/airflow/example_dags/example_display_name.py for tasks to queue
[2024-12-01T02:25:23.436+0000] {logging_mixin.py:190} INFO - [2024-12-01T02:25:23.436+0000] {dagbag.py:588} INFO - Filling up the DagBag from /home/airflow/.local/lib/python3.12/site-packages/airflow/example_dags/example_display_name.py
[2024-12-01T02:25:23.444+0000] {processor.py:925} INFO - DAG(s) 'example_display_name' retrieved from /home/airflow/.local/lib/python3.12/site-packages/airflow/example_dags/example_display_name.py
[2024-12-01T02:25:23.461+0000] {logging_mixin.py:190} INFO - [2024-12-01T02:25:23.461+0000] {dag.py:3239} INFO - Sync 1 DAGs
[2024-12-01T02:25:23.474+0000] {logging_mixin.py:190} INFO - [2024-12-01T02:25:23.473+0000] {dag.py:4180} INFO - Setting next_dagrun for example_display_name to None, run_after=None
[2024-12-01T02:25:23.490+0000] {processor.py:208} INFO - Processing /home/airflow/.local/lib/python3.12/site-packages/airflow/example_dags/example_display_name.py took 0.062 seconds
[2024-12-01T02:25:53.890+0000] {processor.py:186} INFO - Started process (PID=52453) to work on /home/airflow/.local/lib/python3.12/site-packages/airflow/example_dags/example_display_name.py
[2024-12-01T02:25:53.891+0000] {processor.py:914} INFO - Processing file /home/airflow/.local/lib/python3.12/site-packages/airflow/example_dags/example_display_name.py for tasks to queue
[2024-12-01T02:25:53.894+0000] {logging_mixin.py:190} INFO - [2024-12-01T02:25:53.893+0000] {dagbag.py:588} INFO - Filling up the DagBag from /home/airflow/.local/lib/python3.12/site-packages/airflow/example_dags/example_display_name.py
[2024-12-01T02:25:53.901+0000] {processor.py:925} INFO - DAG(s) 'example_display_name' retrieved from /home/airflow/.local/lib/python3.12/site-packages/airflow/example_dags/example_display_name.py
[2024-12-01T02:25:53.923+0000] {logging_mixin.py:190} INFO - [2024-12-01T02:25:53.923+0000] {dag.py:3239} INFO - Sync 1 DAGs
[2024-12-01T02:25:53.957+0000] {logging_mixin.py:190} INFO - [2024-12-01T02:25:53.956+0000] {dag.py:4180} INFO - Setting next_dagrun for example_display_name to None, run_after=None
[2024-12-01T02:25:54.008+0000] {processor.py:208} INFO - Processing /home/airflow/.local/lib/python3.12/site-packages/airflow/example_dags/example_display_name.py took 0.125 seconds
[2024-12-01T02:26:24.692+0000] {processor.py:186} INFO - Started process (PID=52520) to work on /home/airflow/.local/lib/python3.12/site-packages/airflow/example_dags/example_display_name.py
[2024-12-01T02:26:24.693+0000] {processor.py:914} INFO - Processing file /home/airflow/.local/lib/python3.12/site-packages/airflow/example_dags/example_display_name.py for tasks to queue
[2024-12-01T02:26:24.696+0000] {logging_mixin.py:190} INFO - [2024-12-01T02:26:24.695+0000] {dagbag.py:588} INFO - Filling up the DagBag from /home/airflow/.local/lib/python3.12/site-packages/airflow/example_dags/example_display_name.py
[2024-12-01T02:26:24.703+0000] {processor.py:925} INFO - DAG(s) 'example_display_name' retrieved from /home/airflow/.local/lib/python3.12/site-packages/airflow/example_dags/example_display_name.py
[2024-12-01T02:26:24.720+0000] {logging_mixin.py:190} INFO - [2024-12-01T02:26:24.720+0000] {dag.py:3239} INFO - Sync 1 DAGs
[2024-12-01T02:26:24.733+0000] {logging_mixin.py:190} INFO - [2024-12-01T02:26:24.732+0000] {dag.py:4180} INFO - Setting next_dagrun for example_display_name to None, run_after=None
[2024-12-01T02:26:24.749+0000] {processor.py:208} INFO - Processing /home/airflow/.local/lib/python3.12/site-packages/airflow/example_dags/example_display_name.py took 0.062 seconds
[2024-12-01T02:26:55.143+0000] {processor.py:186} INFO - Started process (PID=52585) to work on /home/airflow/.local/lib/python3.12/site-packages/airflow/example_dags/example_display_name.py
[2024-12-01T02:26:55.144+0000] {processor.py:914} INFO - Processing file /home/airflow/.local/lib/python3.12/site-packages/airflow/example_dags/example_display_name.py for tasks to queue
[2024-12-01T02:26:55.146+0000] {logging_mixin.py:190} INFO - [2024-12-01T02:26:55.146+0000] {dagbag.py:588} INFO - Filling up the DagBag from /home/airflow/.local/lib/python3.12/site-packages/airflow/example_dags/example_display_name.py
[2024-12-01T02:26:55.154+0000] {processor.py:925} INFO - DAG(s) 'example_display_name' retrieved from /home/airflow/.local/lib/python3.12/site-packages/airflow/example_dags/example_display_name.py
[2024-12-01T02:26:55.170+0000] {logging_mixin.py:190} INFO - [2024-12-01T02:26:55.170+0000] {dag.py:3239} INFO - Sync 1 DAGs
[2024-12-01T02:26:55.185+0000] {logging_mixin.py:190} INFO - [2024-12-01T02:26:55.185+0000] {dag.py:4180} INFO - Setting next_dagrun for example_display_name to None, run_after=None
[2024-12-01T02:26:55.202+0000] {processor.py:208} INFO - Processing /home/airflow/.local/lib/python3.12/site-packages/airflow/example_dags/example_display_name.py took 0.064 seconds
[2024-12-01T02:27:25.740+0000] {processor.py:186} INFO - Started process (PID=52652) to work on /home/airflow/.local/lib/python3.12/site-packages/airflow/example_dags/example_display_name.py
[2024-12-01T02:27:25.741+0000] {processor.py:914} INFO - Processing file /home/airflow/.local/lib/python3.12/site-packages/airflow/example_dags/example_display_name.py for tasks to queue
[2024-12-01T02:27:25.743+0000] {logging_mixin.py:190} INFO - [2024-12-01T02:27:25.743+0000] {dagbag.py:588} INFO - Filling up the DagBag from /home/airflow/.local/lib/python3.12/site-packages/airflow/example_dags/example_display_name.py
[2024-12-01T02:27:25.750+0000] {processor.py:925} INFO - DAG(s) 'example_display_name' retrieved from /home/airflow/.local/lib/python3.12/site-packages/airflow/example_dags/example_display_name.py
[2024-12-01T02:27:25.767+0000] {logging_mixin.py:190} INFO - [2024-12-01T02:27:25.767+0000] {dag.py:3239} INFO - Sync 1 DAGs
[2024-12-01T02:27:25.780+0000] {logging_mixin.py:190} INFO - [2024-12-01T02:27:25.780+0000] {dag.py:4180} INFO - Setting next_dagrun for example_display_name to None, run_after=None
[2024-12-01T02:27:25.797+0000] {processor.py:208} INFO - Processing /home/airflow/.local/lib/python3.12/site-packages/airflow/example_dags/example_display_name.py took 0.062 seconds
[2024-12-01T02:27:56.254+0000] {processor.py:186} INFO - Started process (PID=52718) to work on /home/airflow/.local/lib/python3.12/site-packages/airflow/example_dags/example_display_name.py
[2024-12-01T02:27:56.255+0000] {processor.py:914} INFO - Processing file /home/airflow/.local/lib/python3.12/site-packages/airflow/example_dags/example_display_name.py for tasks to queue
[2024-12-01T02:27:56.258+0000] {logging_mixin.py:190} INFO - [2024-12-01T02:27:56.257+0000] {dagbag.py:588} INFO - Filling up the DagBag from /home/airflow/.local/lib/python3.12/site-packages/airflow/example_dags/example_display_name.py
[2024-12-01T02:27:56.264+0000] {processor.py:925} INFO - DAG(s) 'example_display_name' retrieved from /home/airflow/.local/lib/python3.12/site-packages/airflow/example_dags/example_display_name.py
[2024-12-01T02:27:56.280+0000] {logging_mixin.py:190} INFO - [2024-12-01T02:27:56.280+0000] {dag.py:3239} INFO - Sync 1 DAGs
[2024-12-01T02:27:56.293+0000] {logging_mixin.py:190} INFO - [2024-12-01T02:27:56.292+0000] {dag.py:4180} INFO - Setting next_dagrun for example_display_name to None, run_after=None
[2024-12-01T02:27:56.308+0000] {processor.py:208} INFO - Processing /home/airflow/.local/lib/python3.12/site-packages/airflow/example_dags/example_display_name.py took 0.059 seconds
[2024-12-01T02:28:26.729+0000] {processor.py:186} INFO - Started process (PID=52784) to work on /home/airflow/.local/lib/python3.12/site-packages/airflow/example_dags/example_display_name.py
[2024-12-01T02:28:26.730+0000] {processor.py:914} INFO - Processing file /home/airflow/.local/lib/python3.12/site-packages/airflow/example_dags/example_display_name.py for tasks to queue
[2024-12-01T02:28:26.733+0000] {logging_mixin.py:190} INFO - [2024-12-01T02:28:26.733+0000] {dagbag.py:588} INFO - Filling up the DagBag from /home/airflow/.local/lib/python3.12/site-packages/airflow/example_dags/example_display_name.py
[2024-12-01T02:28:26.740+0000] {processor.py:925} INFO - DAG(s) 'example_display_name' retrieved from /home/airflow/.local/lib/python3.12/site-packages/airflow/example_dags/example_display_name.py
[2024-12-01T02:28:26.760+0000] {logging_mixin.py:190} INFO - [2024-12-01T02:28:26.760+0000] {dag.py:3239} INFO - Sync 1 DAGs
[2024-12-01T02:28:26.773+0000] {logging_mixin.py:190} INFO - [2024-12-01T02:28:26.772+0000] {dag.py:4180} INFO - Setting next_dagrun for example_display_name to None, run_after=None
[2024-12-01T02:28:26.789+0000] {processor.py:208} INFO - Processing /home/airflow/.local/lib/python3.12/site-packages/airflow/example_dags/example_display_name.py took 0.064 seconds
[2024-12-01T02:28:57.283+0000] {processor.py:186} INFO - Started process (PID=52850) to work on /home/airflow/.local/lib/python3.12/site-packages/airflow/example_dags/example_display_name.py
[2024-12-01T02:28:57.284+0000] {processor.py:914} INFO - Processing file /home/airflow/.local/lib/python3.12/site-packages/airflow/example_dags/example_display_name.py for tasks to queue
[2024-12-01T02:28:57.288+0000] {logging_mixin.py:190} INFO - [2024-12-01T02:28:57.287+0000] {dagbag.py:588} INFO - Filling up the DagBag from /home/airflow/.local/lib/python3.12/site-packages/airflow/example_dags/example_display_name.py
[2024-12-01T02:28:57.295+0000] {processor.py:925} INFO - DAG(s) 'example_display_name' retrieved from /home/airflow/.local/lib/python3.12/site-packages/airflow/example_dags/example_display_name.py
[2024-12-01T02:28:57.313+0000] {logging_mixin.py:190} INFO - [2024-12-01T02:28:57.313+0000] {dag.py:3239} INFO - Sync 1 DAGs
[2024-12-01T02:28:57.327+0000] {logging_mixin.py:190} INFO - [2024-12-01T02:28:57.327+0000] {dag.py:4180} INFO - Setting next_dagrun for example_display_name to None, run_after=None
[2024-12-01T02:28:57.346+0000] {processor.py:208} INFO - Processing /home/airflow/.local/lib/python3.12/site-packages/airflow/example_dags/example_display_name.py took 0.069 seconds
[2024-12-01T02:29:27.803+0000] {processor.py:186} INFO - Started process (PID=52916) to work on /home/airflow/.local/lib/python3.12/site-packages/airflow/example_dags/example_display_name.py
[2024-12-01T02:29:27.804+0000] {processor.py:914} INFO - Processing file /home/airflow/.local/lib/python3.12/site-packages/airflow/example_dags/example_display_name.py for tasks to queue
[2024-12-01T02:29:27.806+0000] {logging_mixin.py:190} INFO - [2024-12-01T02:29:27.806+0000] {dagbag.py:588} INFO - Filling up the DagBag from /home/airflow/.local/lib/python3.12/site-packages/airflow/example_dags/example_display_name.py
[2024-12-01T02:29:27.813+0000] {processor.py:925} INFO - DAG(s) 'example_display_name' retrieved from /home/airflow/.local/lib/python3.12/site-packages/airflow/example_dags/example_display_name.py
[2024-12-01T02:29:27.831+0000] {logging_mixin.py:190} INFO - [2024-12-01T02:29:27.831+0000] {dag.py:3239} INFO - Sync 1 DAGs
[2024-12-01T02:29:27.844+0000] {logging_mixin.py:190} INFO - [2024-12-01T02:29:27.844+0000] {dag.py:4180} INFO - Setting next_dagrun for example_display_name to None, run_after=None
[2024-12-01T02:29:27.861+0000] {processor.py:208} INFO - Processing /home/airflow/.local/lib/python3.12/site-packages/airflow/example_dags/example_display_name.py took 0.065 seconds
[2024-12-01T02:29:58.196+0000] {processor.py:186} INFO - Started process (PID=52982) to work on /home/airflow/.local/lib/python3.12/site-packages/airflow/example_dags/example_display_name.py
[2024-12-01T02:29:58.196+0000] {processor.py:914} INFO - Processing file /home/airflow/.local/lib/python3.12/site-packages/airflow/example_dags/example_display_name.py for tasks to queue
[2024-12-01T02:29:58.199+0000] {logging_mixin.py:190} INFO - [2024-12-01T02:29:58.198+0000] {dagbag.py:588} INFO - Filling up the DagBag from /home/airflow/.local/lib/python3.12/site-packages/airflow/example_dags/example_display_name.py
[2024-12-01T02:29:58.207+0000] {processor.py:925} INFO - DAG(s) 'example_display_name' retrieved from /home/airflow/.local/lib/python3.12/site-packages/airflow/example_dags/example_display_name.py
[2024-12-01T02:29:58.225+0000] {logging_mixin.py:190} INFO - [2024-12-01T02:29:58.225+0000] {dag.py:3239} INFO - Sync 1 DAGs
[2024-12-01T02:29:58.238+0000] {logging_mixin.py:190} INFO - [2024-12-01T02:29:58.238+0000] {dag.py:4180} INFO - Setting next_dagrun for example_display_name to None, run_after=None
[2024-12-01T02:29:58.257+0000] {processor.py:208} INFO - Processing /home/airflow/.local/lib/python3.12/site-packages/airflow/example_dags/example_display_name.py took 0.067 seconds
[2024-12-01T02:30:28.817+0000] {processor.py:186} INFO - Started process (PID=53048) to work on /home/airflow/.local/lib/python3.12/site-packages/airflow/example_dags/example_display_name.py
[2024-12-01T02:30:28.818+0000] {processor.py:914} INFO - Processing file /home/airflow/.local/lib/python3.12/site-packages/airflow/example_dags/example_display_name.py for tasks to queue
[2024-12-01T02:30:28.820+0000] {logging_mixin.py:190} INFO - [2024-12-01T02:30:28.820+0000] {dagbag.py:588} INFO - Filling up the DagBag from /home/airflow/.local/lib/python3.12/site-packages/airflow/example_dags/example_display_name.py
[2024-12-01T02:30:28.828+0000] {processor.py:925} INFO - DAG(s) 'example_display_name' retrieved from /home/airflow/.local/lib/python3.12/site-packages/airflow/example_dags/example_display_name.py
[2024-12-01T02:30:28.845+0000] {logging_mixin.py:190} INFO - [2024-12-01T02:30:28.844+0000] {dag.py:3239} INFO - Sync 1 DAGs
[2024-12-01T02:30:28.858+0000] {logging_mixin.py:190} INFO - [2024-12-01T02:30:28.858+0000] {dag.py:4180} INFO - Setting next_dagrun for example_display_name to None, run_after=None
[2024-12-01T02:30:28.875+0000] {processor.py:208} INFO - Processing /home/airflow/.local/lib/python3.12/site-packages/airflow/example_dags/example_display_name.py took 0.063 seconds
[2024-12-01T02:30:59.582+0000] {processor.py:186} INFO - Started process (PID=53114) to work on /home/airflow/.local/lib/python3.12/site-packages/airflow/example_dags/example_display_name.py
[2024-12-01T02:30:59.583+0000] {processor.py:914} INFO - Processing file /home/airflow/.local/lib/python3.12/site-packages/airflow/example_dags/example_display_name.py for tasks to queue
[2024-12-01T02:30:59.586+0000] {logging_mixin.py:190} INFO - [2024-12-01T02:30:59.585+0000] {dagbag.py:588} INFO - Filling up the DagBag from /home/airflow/.local/lib/python3.12/site-packages/airflow/example_dags/example_display_name.py
[2024-12-01T02:30:59.593+0000] {processor.py:925} INFO - DAG(s) 'example_display_name' retrieved from /home/airflow/.local/lib/python3.12/site-packages/airflow/example_dags/example_display_name.py
[2024-12-01T02:30:59.610+0000] {logging_mixin.py:190} INFO - [2024-12-01T02:30:59.610+0000] {dag.py:3239} INFO - Sync 1 DAGs
[2024-12-01T02:30:59.624+0000] {logging_mixin.py:190} INFO - [2024-12-01T02:30:59.623+0000] {dag.py:4180} INFO - Setting next_dagrun for example_display_name to None, run_after=None
[2024-12-01T02:30:59.642+0000] {processor.py:208} INFO - Processing /home/airflow/.local/lib/python3.12/site-packages/airflow/example_dags/example_display_name.py took 0.065 seconds
[2024-12-01T02:31:30.750+0000] {processor.py:186} INFO - Started process (PID=53186) to work on /home/airflow/.local/lib/python3.12/site-packages/airflow/example_dags/example_display_name.py
[2024-12-01T02:31:30.751+0000] {processor.py:914} INFO - Processing file /home/airflow/.local/lib/python3.12/site-packages/airflow/example_dags/example_display_name.py for tasks to queue
[2024-12-01T02:31:30.753+0000] {logging_mixin.py:190} INFO - [2024-12-01T02:31:30.752+0000] {dagbag.py:588} INFO - Filling up the DagBag from /home/airflow/.local/lib/python3.12/site-packages/airflow/example_dags/example_display_name.py
[2024-12-01T02:31:30.760+0000] {processor.py:925} INFO - DAG(s) 'example_display_name' retrieved from /home/airflow/.local/lib/python3.12/site-packages/airflow/example_dags/example_display_name.py
[2024-12-01T02:31:30.779+0000] {logging_mixin.py:190} INFO - [2024-12-01T02:31:30.779+0000] {dag.py:3239} INFO - Sync 1 DAGs
[2024-12-01T02:31:30.794+0000] {logging_mixin.py:190} INFO - [2024-12-01T02:31:30.794+0000] {dag.py:4180} INFO - Setting next_dagrun for example_display_name to None, run_after=None
[2024-12-01T02:31:30.811+0000] {processor.py:208} INFO - Processing /home/airflow/.local/lib/python3.12/site-packages/airflow/example_dags/example_display_name.py took 0.067 seconds
[2024-12-01T02:32:01.426+0000] {processor.py:186} INFO - Started process (PID=53252) to work on /home/airflow/.local/lib/python3.12/site-packages/airflow/example_dags/example_display_name.py
[2024-12-01T02:32:01.427+0000] {processor.py:914} INFO - Processing file /home/airflow/.local/lib/python3.12/site-packages/airflow/example_dags/example_display_name.py for tasks to queue
[2024-12-01T02:32:01.429+0000] {logging_mixin.py:190} INFO - [2024-12-01T02:32:01.428+0000] {dagbag.py:588} INFO - Filling up the DagBag from /home/airflow/.local/lib/python3.12/site-packages/airflow/example_dags/example_display_name.py
[2024-12-01T02:32:01.438+0000] {processor.py:925} INFO - DAG(s) 'example_display_name' retrieved from /home/airflow/.local/lib/python3.12/site-packages/airflow/example_dags/example_display_name.py
[2024-12-01T02:32:01.454+0000] {logging_mixin.py:190} INFO - [2024-12-01T02:32:01.454+0000] {dag.py:3239} INFO - Sync 1 DAGs
[2024-12-01T02:32:01.467+0000] {logging_mixin.py:190} INFO - [2024-12-01T02:32:01.467+0000] {dag.py:4180} INFO - Setting next_dagrun for example_display_name to None, run_after=None
[2024-12-01T02:32:01.484+0000] {processor.py:208} INFO - Processing /home/airflow/.local/lib/python3.12/site-packages/airflow/example_dags/example_display_name.py took 0.064 seconds
[2024-12-01T02:32:32.697+0000] {processor.py:186} INFO - Started process (PID=53318) to work on /home/airflow/.local/lib/python3.12/site-packages/airflow/example_dags/example_display_name.py
[2024-12-01T02:32:32.698+0000] {processor.py:914} INFO - Processing file /home/airflow/.local/lib/python3.12/site-packages/airflow/example_dags/example_display_name.py for tasks to queue
[2024-12-01T02:32:32.700+0000] {logging_mixin.py:190} INFO - [2024-12-01T02:32:32.700+0000] {dagbag.py:588} INFO - Filling up the DagBag from /home/airflow/.local/lib/python3.12/site-packages/airflow/example_dags/example_display_name.py
[2024-12-01T02:32:32.707+0000] {processor.py:925} INFO - DAG(s) 'example_display_name' retrieved from /home/airflow/.local/lib/python3.12/site-packages/airflow/example_dags/example_display_name.py
[2024-12-01T02:32:32.724+0000] {logging_mixin.py:190} INFO - [2024-12-01T02:32:32.723+0000] {dag.py:3239} INFO - Sync 1 DAGs
[2024-12-01T02:32:32.736+0000] {logging_mixin.py:190} INFO - [2024-12-01T02:32:32.736+0000] {dag.py:4180} INFO - Setting next_dagrun for example_display_name to None, run_after=None
[2024-12-01T02:32:32.753+0000] {processor.py:208} INFO - Processing /home/airflow/.local/lib/python3.12/site-packages/airflow/example_dags/example_display_name.py took 0.061 seconds
[2024-12-01T02:33:03.422+0000] {processor.py:186} INFO - Started process (PID=53384) to work on /home/airflow/.local/lib/python3.12/site-packages/airflow/example_dags/example_display_name.py
[2024-12-01T02:33:03.423+0000] {processor.py:914} INFO - Processing file /home/airflow/.local/lib/python3.12/site-packages/airflow/example_dags/example_display_name.py for tasks to queue
[2024-12-01T02:33:03.425+0000] {logging_mixin.py:190} INFO - [2024-12-01T02:33:03.425+0000] {dagbag.py:588} INFO - Filling up the DagBag from /home/airflow/.local/lib/python3.12/site-packages/airflow/example_dags/example_display_name.py
[2024-12-01T02:33:03.433+0000] {processor.py:925} INFO - DAG(s) 'example_display_name' retrieved from /home/airflow/.local/lib/python3.12/site-packages/airflow/example_dags/example_display_name.py
[2024-12-01T02:33:03.452+0000] {logging_mixin.py:190} INFO - [2024-12-01T02:33:03.452+0000] {dag.py:3239} INFO - Sync 1 DAGs
[2024-12-01T02:33:03.465+0000] {logging_mixin.py:190} INFO - [2024-12-01T02:33:03.465+0000] {dag.py:4180} INFO - Setting next_dagrun for example_display_name to None, run_after=None
[2024-12-01T02:33:03.482+0000] {processor.py:208} INFO - Processing /home/airflow/.local/lib/python3.12/site-packages/airflow/example_dags/example_display_name.py took 0.066 seconds
[2024-12-01T02:33:34.201+0000] {processor.py:186} INFO - Started process (PID=53450) to work on /home/airflow/.local/lib/python3.12/site-packages/airflow/example_dags/example_display_name.py
[2024-12-01T02:33:34.202+0000] {processor.py:914} INFO - Processing file /home/airflow/.local/lib/python3.12/site-packages/airflow/example_dags/example_display_name.py for tasks to queue
[2024-12-01T02:33:34.205+0000] {logging_mixin.py:190} INFO - [2024-12-01T02:33:34.205+0000] {dagbag.py:588} INFO - Filling up the DagBag from /home/airflow/.local/lib/python3.12/site-packages/airflow/example_dags/example_display_name.py
[2024-12-01T02:33:34.214+0000] {processor.py:925} INFO - DAG(s) 'example_display_name' retrieved from /home/airflow/.local/lib/python3.12/site-packages/airflow/example_dags/example_display_name.py
[2024-12-01T02:33:34.231+0000] {logging_mixin.py:190} INFO - [2024-12-01T02:33:34.231+0000] {dag.py:3239} INFO - Sync 1 DAGs
[2024-12-01T02:33:34.245+0000] {logging_mixin.py:190} INFO - [2024-12-01T02:33:34.244+0000] {dag.py:4180} INFO - Setting next_dagrun for example_display_name to None, run_after=None
[2024-12-01T02:33:34.261+0000] {processor.py:208} INFO - Processing /home/airflow/.local/lib/python3.12/site-packages/airflow/example_dags/example_display_name.py took 0.066 seconds
