[2024-12-01T02:11:01.754+0000] {processor.py:186} INFO - Started process (PID=50556) to work on /home/airflow/.local/lib/python3.12/site-packages/airflow/example_dags/tutorial_taskflow_api.py
[2024-12-01T02:11:01.755+0000] {processor.py:914} INFO - Processing file /home/airflow/.local/lib/python3.12/site-packages/airflow/example_dags/tutorial_taskflow_api.py for tasks to queue
[2024-12-01T02:11:01.758+0000] {logging_mixin.py:190} INFO - [2024-12-01T02:11:01.758+0000] {dagbag.py:588} INFO - Filling up the DagBag from /home/airflow/.local/lib/python3.12/site-packages/airflow/example_dags/tutorial_taskflow_api.py
[2024-12-01T02:11:01.770+0000] {processor.py:925} INFO - DAG(s) 'tutorial_taskflow_api' retrieved from /home/airflow/.local/lib/python3.12/site-packages/airflow/example_dags/tutorial_taskflow_api.py
[2024-12-01T02:11:01.793+0000] {logging_mixin.py:190} INFO - [2024-12-01T02:11:01.793+0000] {dag.py:3239} INFO - Sync 1 DAGs
[2024-12-01T02:11:01.810+0000] {logging_mixin.py:190} INFO - [2024-12-01T02:11:01.809+0000] {dag.py:4180} INFO - Setting next_dagrun for tutorial_taskflow_api to None, run_after=None
[2024-12-01T02:11:01.835+0000] {processor.py:208} INFO - Processing /home/airflow/.local/lib/python3.12/site-packages/airflow/example_dags/tutorial_taskflow_api.py took 0.089 seconds
[2024-12-01T02:11:32.443+0000] {processor.py:186} INFO - Started process (PID=50623) to work on /home/airflow/.local/lib/python3.12/site-packages/airflow/example_dags/tutorial_taskflow_api.py
[2024-12-01T02:11:32.444+0000] {processor.py:914} INFO - Processing file /home/airflow/.local/lib/python3.12/site-packages/airflow/example_dags/tutorial_taskflow_api.py for tasks to queue
[2024-12-01T02:11:32.447+0000] {logging_mixin.py:190} INFO - [2024-12-01T02:11:32.447+0000] {dagbag.py:588} INFO - Filling up the DagBag from /home/airflow/.local/lib/python3.12/site-packages/airflow/example_dags/tutorial_taskflow_api.py
[2024-12-01T02:11:32.458+0000] {processor.py:925} INFO - DAG(s) 'tutorial_taskflow_api' retrieved from /home/airflow/.local/lib/python3.12/site-packages/airflow/example_dags/tutorial_taskflow_api.py
[2024-12-01T02:11:32.480+0000] {logging_mixin.py:190} INFO - [2024-12-01T02:11:32.479+0000] {dag.py:3239} INFO - Sync 1 DAGs
[2024-12-01T02:11:32.496+0000] {logging_mixin.py:190} INFO - [2024-12-01T02:11:32.496+0000] {dag.py:4180} INFO - Setting next_dagrun for tutorial_taskflow_api to None, run_after=None
[2024-12-01T02:11:32.516+0000] {processor.py:208} INFO - Processing /home/airflow/.local/lib/python3.12/site-packages/airflow/example_dags/tutorial_taskflow_api.py took 0.080 seconds
[2024-12-01T02:12:03.095+0000] {processor.py:186} INFO - Started process (PID=50689) to work on /home/airflow/.local/lib/python3.12/site-packages/airflow/example_dags/tutorial_taskflow_api.py
[2024-12-01T02:12:03.097+0000] {processor.py:914} INFO - Processing file /home/airflow/.local/lib/python3.12/site-packages/airflow/example_dags/tutorial_taskflow_api.py for tasks to queue
[2024-12-01T02:12:03.099+0000] {logging_mixin.py:190} INFO - [2024-12-01T02:12:03.099+0000] {dagbag.py:588} INFO - Filling up the DagBag from /home/airflow/.local/lib/python3.12/site-packages/airflow/example_dags/tutorial_taskflow_api.py
[2024-12-01T02:12:03.107+0000] {processor.py:925} INFO - DAG(s) 'tutorial_taskflow_api' retrieved from /home/airflow/.local/lib/python3.12/site-packages/airflow/example_dags/tutorial_taskflow_api.py
[2024-12-01T02:12:03.125+0000] {logging_mixin.py:190} INFO - [2024-12-01T02:12:03.125+0000] {dag.py:3239} INFO - Sync 1 DAGs
[2024-12-01T02:12:03.139+0000] {logging_mixin.py:190} INFO - [2024-12-01T02:12:03.139+0000] {dag.py:4180} INFO - Setting next_dagrun for tutorial_taskflow_api to None, run_after=None
[2024-12-01T02:12:03.160+0000] {processor.py:208} INFO - Processing /home/airflow/.local/lib/python3.12/site-packages/airflow/example_dags/tutorial_taskflow_api.py took 0.070 seconds
[2024-12-01T02:12:33.920+0000] {processor.py:186} INFO - Started process (PID=50755) to work on /home/airflow/.local/lib/python3.12/site-packages/airflow/example_dags/tutorial_taskflow_api.py
[2024-12-01T02:12:33.921+0000] {processor.py:914} INFO - Processing file /home/airflow/.local/lib/python3.12/site-packages/airflow/example_dags/tutorial_taskflow_api.py for tasks to queue
[2024-12-01T02:12:33.923+0000] {logging_mixin.py:190} INFO - [2024-12-01T02:12:33.923+0000] {dagbag.py:588} INFO - Filling up the DagBag from /home/airflow/.local/lib/python3.12/site-packages/airflow/example_dags/tutorial_taskflow_api.py
[2024-12-01T02:12:33.931+0000] {processor.py:925} INFO - DAG(s) 'tutorial_taskflow_api' retrieved from /home/airflow/.local/lib/python3.12/site-packages/airflow/example_dags/tutorial_taskflow_api.py
[2024-12-01T02:12:33.950+0000] {logging_mixin.py:190} INFO - [2024-12-01T02:12:33.950+0000] {dag.py:3239} INFO - Sync 1 DAGs
[2024-12-01T02:12:33.962+0000] {logging_mixin.py:190} INFO - [2024-12-01T02:12:33.962+0000] {dag.py:4180} INFO - Setting next_dagrun for tutorial_taskflow_api to None, run_after=None
[2024-12-01T02:12:33.978+0000] {processor.py:208} INFO - Processing /home/airflow/.local/lib/python3.12/site-packages/airflow/example_dags/tutorial_taskflow_api.py took 0.064 seconds
[2024-12-01T02:13:04.846+0000] {processor.py:186} INFO - Started process (PID=50821) to work on /home/airflow/.local/lib/python3.12/site-packages/airflow/example_dags/tutorial_taskflow_api.py
[2024-12-01T02:13:04.847+0000] {processor.py:914} INFO - Processing file /home/airflow/.local/lib/python3.12/site-packages/airflow/example_dags/tutorial_taskflow_api.py for tasks to queue
[2024-12-01T02:13:04.850+0000] {logging_mixin.py:190} INFO - [2024-12-01T02:13:04.849+0000] {dagbag.py:588} INFO - Filling up the DagBag from /home/airflow/.local/lib/python3.12/site-packages/airflow/example_dags/tutorial_taskflow_api.py
[2024-12-01T02:13:04.856+0000] {processor.py:925} INFO - DAG(s) 'tutorial_taskflow_api' retrieved from /home/airflow/.local/lib/python3.12/site-packages/airflow/example_dags/tutorial_taskflow_api.py
[2024-12-01T02:13:04.874+0000] {logging_mixin.py:190} INFO - [2024-12-01T02:13:04.874+0000] {dag.py:3239} INFO - Sync 1 DAGs
[2024-12-01T02:13:04.889+0000] {logging_mixin.py:190} INFO - [2024-12-01T02:13:04.888+0000] {dag.py:4180} INFO - Setting next_dagrun for tutorial_taskflow_api to None, run_after=None
[2024-12-01T02:13:04.907+0000] {processor.py:208} INFO - Processing /home/airflow/.local/lib/python3.12/site-packages/airflow/example_dags/tutorial_taskflow_api.py took 0.066 seconds
[2024-12-01T02:13:35.440+0000] {processor.py:186} INFO - Started process (PID=50887) to work on /home/airflow/.local/lib/python3.12/site-packages/airflow/example_dags/tutorial_taskflow_api.py
[2024-12-01T02:13:35.440+0000] {processor.py:914} INFO - Processing file /home/airflow/.local/lib/python3.12/site-packages/airflow/example_dags/tutorial_taskflow_api.py for tasks to queue
[2024-12-01T02:13:35.443+0000] {logging_mixin.py:190} INFO - [2024-12-01T02:13:35.443+0000] {dagbag.py:588} INFO - Filling up the DagBag from /home/airflow/.local/lib/python3.12/site-packages/airflow/example_dags/tutorial_taskflow_api.py
[2024-12-01T02:13:35.451+0000] {processor.py:925} INFO - DAG(s) 'tutorial_taskflow_api' retrieved from /home/airflow/.local/lib/python3.12/site-packages/airflow/example_dags/tutorial_taskflow_api.py
[2024-12-01T02:13:35.468+0000] {logging_mixin.py:190} INFO - [2024-12-01T02:13:35.468+0000] {dag.py:3239} INFO - Sync 1 DAGs
[2024-12-01T02:13:35.482+0000] {logging_mixin.py:190} INFO - [2024-12-01T02:13:35.481+0000] {dag.py:4180} INFO - Setting next_dagrun for tutorial_taskflow_api to None, run_after=None
[2024-12-01T02:13:35.499+0000] {processor.py:208} INFO - Processing /home/airflow/.local/lib/python3.12/site-packages/airflow/example_dags/tutorial_taskflow_api.py took 0.064 seconds
[2024-12-01T02:14:06.694+0000] {processor.py:186} INFO - Started process (PID=50953) to work on /home/airflow/.local/lib/python3.12/site-packages/airflow/example_dags/tutorial_taskflow_api.py
[2024-12-01T02:14:06.695+0000] {processor.py:914} INFO - Processing file /home/airflow/.local/lib/python3.12/site-packages/airflow/example_dags/tutorial_taskflow_api.py for tasks to queue
[2024-12-01T02:14:06.697+0000] {logging_mixin.py:190} INFO - [2024-12-01T02:14:06.697+0000] {dagbag.py:588} INFO - Filling up the DagBag from /home/airflow/.local/lib/python3.12/site-packages/airflow/example_dags/tutorial_taskflow_api.py
[2024-12-01T02:14:06.706+0000] {processor.py:925} INFO - DAG(s) 'tutorial_taskflow_api' retrieved from /home/airflow/.local/lib/python3.12/site-packages/airflow/example_dags/tutorial_taskflow_api.py
[2024-12-01T02:14:06.723+0000] {logging_mixin.py:190} INFO - [2024-12-01T02:14:06.723+0000] {dag.py:3239} INFO - Sync 1 DAGs
[2024-12-01T02:14:06.737+0000] {logging_mixin.py:190} INFO - [2024-12-01T02:14:06.736+0000] {dag.py:4180} INFO - Setting next_dagrun for tutorial_taskflow_api to None, run_after=None
[2024-12-01T02:14:06.754+0000] {processor.py:208} INFO - Processing /home/airflow/.local/lib/python3.12/site-packages/airflow/example_dags/tutorial_taskflow_api.py took 0.067 seconds
[2024-12-01T02:14:37.401+0000] {processor.py:186} INFO - Started process (PID=51019) to work on /home/airflow/.local/lib/python3.12/site-packages/airflow/example_dags/tutorial_taskflow_api.py
[2024-12-01T02:14:37.402+0000] {processor.py:914} INFO - Processing file /home/airflow/.local/lib/python3.12/site-packages/airflow/example_dags/tutorial_taskflow_api.py for tasks to queue
[2024-12-01T02:14:37.404+0000] {logging_mixin.py:190} INFO - [2024-12-01T02:14:37.404+0000] {dagbag.py:588} INFO - Filling up the DagBag from /home/airflow/.local/lib/python3.12/site-packages/airflow/example_dags/tutorial_taskflow_api.py
[2024-12-01T02:14:37.411+0000] {processor.py:925} INFO - DAG(s) 'tutorial_taskflow_api' retrieved from /home/airflow/.local/lib/python3.12/site-packages/airflow/example_dags/tutorial_taskflow_api.py
[2024-12-01T02:14:37.429+0000] {logging_mixin.py:190} INFO - [2024-12-01T02:14:37.429+0000] {dag.py:3239} INFO - Sync 1 DAGs
[2024-12-01T02:14:37.442+0000] {logging_mixin.py:190} INFO - [2024-12-01T02:14:37.442+0000] {dag.py:4180} INFO - Setting next_dagrun for tutorial_taskflow_api to None, run_after=None
[2024-12-01T02:14:37.460+0000] {processor.py:208} INFO - Processing /home/airflow/.local/lib/python3.12/site-packages/airflow/example_dags/tutorial_taskflow_api.py took 0.065 seconds
[2024-12-01T02:15:08.318+0000] {processor.py:186} INFO - Started process (PID=51085) to work on /home/airflow/.local/lib/python3.12/site-packages/airflow/example_dags/tutorial_taskflow_api.py
[2024-12-01T02:15:08.326+0000] {processor.py:914} INFO - Processing file /home/airflow/.local/lib/python3.12/site-packages/airflow/example_dags/tutorial_taskflow_api.py for tasks to queue
[2024-12-01T02:15:08.332+0000] {logging_mixin.py:190} INFO - [2024-12-01T02:15:08.332+0000] {dagbag.py:588} INFO - Filling up the DagBag from /home/airflow/.local/lib/python3.12/site-packages/airflow/example_dags/tutorial_taskflow_api.py
[2024-12-01T02:15:08.352+0000] {processor.py:925} INFO - DAG(s) 'tutorial_taskflow_api' retrieved from /home/airflow/.local/lib/python3.12/site-packages/airflow/example_dags/tutorial_taskflow_api.py
[2024-12-01T02:15:08.386+0000] {logging_mixin.py:190} INFO - [2024-12-01T02:15:08.385+0000] {dag.py:3239} INFO - Sync 1 DAGs
[2024-12-01T02:15:08.408+0000] {logging_mixin.py:190} INFO - [2024-12-01T02:15:08.408+0000] {dag.py:4180} INFO - Setting next_dagrun for tutorial_taskflow_api to None, run_after=None
[2024-12-01T02:15:08.426+0000] {processor.py:208} INFO - Processing /home/airflow/.local/lib/python3.12/site-packages/airflow/example_dags/tutorial_taskflow_api.py took 0.117 seconds
[2024-12-01T02:15:39.153+0000] {processor.py:186} INFO - Started process (PID=51151) to work on /home/airflow/.local/lib/python3.12/site-packages/airflow/example_dags/tutorial_taskflow_api.py
[2024-12-01T02:15:39.154+0000] {processor.py:914} INFO - Processing file /home/airflow/.local/lib/python3.12/site-packages/airflow/example_dags/tutorial_taskflow_api.py for tasks to queue
[2024-12-01T02:15:39.157+0000] {logging_mixin.py:190} INFO - [2024-12-01T02:15:39.156+0000] {dagbag.py:588} INFO - Filling up the DagBag from /home/airflow/.local/lib/python3.12/site-packages/airflow/example_dags/tutorial_taskflow_api.py
[2024-12-01T02:15:39.166+0000] {processor.py:925} INFO - DAG(s) 'tutorial_taskflow_api' retrieved from /home/airflow/.local/lib/python3.12/site-packages/airflow/example_dags/tutorial_taskflow_api.py
[2024-12-01T02:15:39.184+0000] {logging_mixin.py:190} INFO - [2024-12-01T02:15:39.184+0000] {dag.py:3239} INFO - Sync 1 DAGs
[2024-12-01T02:15:39.197+0000] {logging_mixin.py:190} INFO - [2024-12-01T02:15:39.197+0000] {dag.py:4180} INFO - Setting next_dagrun for tutorial_taskflow_api to None, run_after=None
[2024-12-01T02:15:39.215+0000] {processor.py:208} INFO - Processing /home/airflow/.local/lib/python3.12/site-packages/airflow/example_dags/tutorial_taskflow_api.py took 0.067 seconds
[2024-12-01T02:16:09.901+0000] {processor.py:186} INFO - Started process (PID=51217) to work on /home/airflow/.local/lib/python3.12/site-packages/airflow/example_dags/tutorial_taskflow_api.py
[2024-12-01T02:16:09.902+0000] {processor.py:914} INFO - Processing file /home/airflow/.local/lib/python3.12/site-packages/airflow/example_dags/tutorial_taskflow_api.py for tasks to queue
[2024-12-01T02:16:09.905+0000] {logging_mixin.py:190} INFO - [2024-12-01T02:16:09.904+0000] {dagbag.py:588} INFO - Filling up the DagBag from /home/airflow/.local/lib/python3.12/site-packages/airflow/example_dags/tutorial_taskflow_api.py
[2024-12-01T02:16:09.912+0000] {processor.py:925} INFO - DAG(s) 'tutorial_taskflow_api' retrieved from /home/airflow/.local/lib/python3.12/site-packages/airflow/example_dags/tutorial_taskflow_api.py
[2024-12-01T02:16:09.931+0000] {logging_mixin.py:190} INFO - [2024-12-01T02:16:09.931+0000] {dag.py:3239} INFO - Sync 1 DAGs
[2024-12-01T02:16:09.945+0000] {logging_mixin.py:190} INFO - [2024-12-01T02:16:09.944+0000] {dag.py:4180} INFO - Setting next_dagrun for tutorial_taskflow_api to None, run_after=None
[2024-12-01T02:16:09.962+0000] {processor.py:208} INFO - Processing /home/airflow/.local/lib/python3.12/site-packages/airflow/example_dags/tutorial_taskflow_api.py took 0.066 seconds
[2024-12-01T02:16:40.994+0000] {processor.py:186} INFO - Started process (PID=51283) to work on /home/airflow/.local/lib/python3.12/site-packages/airflow/example_dags/tutorial_taskflow_api.py
[2024-12-01T02:16:40.995+0000] {processor.py:914} INFO - Processing file /home/airflow/.local/lib/python3.12/site-packages/airflow/example_dags/tutorial_taskflow_api.py for tasks to queue
[2024-12-01T02:16:40.997+0000] {logging_mixin.py:190} INFO - [2024-12-01T02:16:40.997+0000] {dagbag.py:588} INFO - Filling up the DagBag from /home/airflow/.local/lib/python3.12/site-packages/airflow/example_dags/tutorial_taskflow_api.py
[2024-12-01T02:16:41.005+0000] {processor.py:925} INFO - DAG(s) 'tutorial_taskflow_api' retrieved from /home/airflow/.local/lib/python3.12/site-packages/airflow/example_dags/tutorial_taskflow_api.py
[2024-12-01T02:16:41.023+0000] {logging_mixin.py:190} INFO - [2024-12-01T02:16:41.023+0000] {dag.py:3239} INFO - Sync 1 DAGs
[2024-12-01T02:16:41.036+0000] {logging_mixin.py:190} INFO - [2024-12-01T02:16:41.036+0000] {dag.py:4180} INFO - Setting next_dagrun for tutorial_taskflow_api to None, run_after=None
[2024-12-01T02:16:41.054+0000] {processor.py:208} INFO - Processing /home/airflow/.local/lib/python3.12/site-packages/airflow/example_dags/tutorial_taskflow_api.py took 0.065 seconds
[2024-12-01T02:17:12.011+0000] {processor.py:186} INFO - Started process (PID=51349) to work on /home/airflow/.local/lib/python3.12/site-packages/airflow/example_dags/tutorial_taskflow_api.py
[2024-12-01T02:17:12.012+0000] {processor.py:914} INFO - Processing file /home/airflow/.local/lib/python3.12/site-packages/airflow/example_dags/tutorial_taskflow_api.py for tasks to queue
[2024-12-01T02:17:12.014+0000] {logging_mixin.py:190} INFO - [2024-12-01T02:17:12.014+0000] {dagbag.py:588} INFO - Filling up the DagBag from /home/airflow/.local/lib/python3.12/site-packages/airflow/example_dags/tutorial_taskflow_api.py
[2024-12-01T02:17:12.022+0000] {processor.py:925} INFO - DAG(s) 'tutorial_taskflow_api' retrieved from /home/airflow/.local/lib/python3.12/site-packages/airflow/example_dags/tutorial_taskflow_api.py
[2024-12-01T02:17:12.040+0000] {logging_mixin.py:190} INFO - [2024-12-01T02:17:12.040+0000] {dag.py:3239} INFO - Sync 1 DAGs
[2024-12-01T02:17:12.053+0000] {logging_mixin.py:190} INFO - [2024-12-01T02:17:12.053+0000] {dag.py:4180} INFO - Setting next_dagrun for tutorial_taskflow_api to None, run_after=None
[2024-12-01T02:17:12.070+0000] {processor.py:208} INFO - Processing /home/airflow/.local/lib/python3.12/site-packages/airflow/example_dags/tutorial_taskflow_api.py took 0.064 seconds
[2024-12-01T02:17:43.095+0000] {processor.py:186} INFO - Started process (PID=51415) to work on /home/airflow/.local/lib/python3.12/site-packages/airflow/example_dags/tutorial_taskflow_api.py
[2024-12-01T02:17:43.096+0000] {processor.py:914} INFO - Processing file /home/airflow/.local/lib/python3.12/site-packages/airflow/example_dags/tutorial_taskflow_api.py for tasks to queue
[2024-12-01T02:17:43.098+0000] {logging_mixin.py:190} INFO - [2024-12-01T02:17:43.098+0000] {dagbag.py:588} INFO - Filling up the DagBag from /home/airflow/.local/lib/python3.12/site-packages/airflow/example_dags/tutorial_taskflow_api.py
[2024-12-01T02:17:43.107+0000] {processor.py:925} INFO - DAG(s) 'tutorial_taskflow_api' retrieved from /home/airflow/.local/lib/python3.12/site-packages/airflow/example_dags/tutorial_taskflow_api.py
[2024-12-01T02:17:43.125+0000] {logging_mixin.py:190} INFO - [2024-12-01T02:17:43.125+0000] {dag.py:3239} INFO - Sync 1 DAGs
[2024-12-01T02:17:43.138+0000] {logging_mixin.py:190} INFO - [2024-12-01T02:17:43.138+0000] {dag.py:4180} INFO - Setting next_dagrun for tutorial_taskflow_api to None, run_after=None
[2024-12-01T02:17:43.155+0000] {processor.py:208} INFO - Processing /home/airflow/.local/lib/python3.12/site-packages/airflow/example_dags/tutorial_taskflow_api.py took 0.070 seconds
[2024-12-01T02:18:14.097+0000] {processor.py:186} INFO - Started process (PID=51481) to work on /home/airflow/.local/lib/python3.12/site-packages/airflow/example_dags/tutorial_taskflow_api.py
[2024-12-01T02:18:14.098+0000] {processor.py:914} INFO - Processing file /home/airflow/.local/lib/python3.12/site-packages/airflow/example_dags/tutorial_taskflow_api.py for tasks to queue
[2024-12-01T02:18:14.100+0000] {logging_mixin.py:190} INFO - [2024-12-01T02:18:14.100+0000] {dagbag.py:588} INFO - Filling up the DagBag from /home/airflow/.local/lib/python3.12/site-packages/airflow/example_dags/tutorial_taskflow_api.py
[2024-12-01T02:18:14.109+0000] {processor.py:925} INFO - DAG(s) 'tutorial_taskflow_api' retrieved from /home/airflow/.local/lib/python3.12/site-packages/airflow/example_dags/tutorial_taskflow_api.py
[2024-12-01T02:18:14.127+0000] {logging_mixin.py:190} INFO - [2024-12-01T02:18:14.126+0000] {dag.py:3239} INFO - Sync 1 DAGs
[2024-12-01T02:18:14.141+0000] {logging_mixin.py:190} INFO - [2024-12-01T02:18:14.140+0000] {dag.py:4180} INFO - Setting next_dagrun for tutorial_taskflow_api to None, run_after=None
[2024-12-01T02:18:14.158+0000] {processor.py:208} INFO - Processing /home/airflow/.local/lib/python3.12/site-packages/airflow/example_dags/tutorial_taskflow_api.py took 0.067 seconds
[2024-12-01T02:18:44.680+0000] {processor.py:186} INFO - Started process (PID=51546) to work on /home/airflow/.local/lib/python3.12/site-packages/airflow/example_dags/tutorial_taskflow_api.py
[2024-12-01T02:18:44.681+0000] {processor.py:914} INFO - Processing file /home/airflow/.local/lib/python3.12/site-packages/airflow/example_dags/tutorial_taskflow_api.py for tasks to queue
[2024-12-01T02:18:44.683+0000] {logging_mixin.py:190} INFO - [2024-12-01T02:18:44.683+0000] {dagbag.py:588} INFO - Filling up the DagBag from /home/airflow/.local/lib/python3.12/site-packages/airflow/example_dags/tutorial_taskflow_api.py
[2024-12-01T02:18:44.691+0000] {processor.py:925} INFO - DAG(s) 'tutorial_taskflow_api' retrieved from /home/airflow/.local/lib/python3.12/site-packages/airflow/example_dags/tutorial_taskflow_api.py
[2024-12-01T02:18:44.708+0000] {logging_mixin.py:190} INFO - [2024-12-01T02:18:44.708+0000] {dag.py:3239} INFO - Sync 1 DAGs
[2024-12-01T02:18:44.722+0000] {logging_mixin.py:190} INFO - [2024-12-01T02:18:44.722+0000] {dag.py:4180} INFO - Setting next_dagrun for tutorial_taskflow_api to None, run_after=None
[2024-12-01T02:18:44.738+0000] {processor.py:208} INFO - Processing /home/airflow/.local/lib/python3.12/site-packages/airflow/example_dags/tutorial_taskflow_api.py took 0.064 seconds
[2024-12-01T02:19:15.853+0000] {processor.py:186} INFO - Started process (PID=51614) to work on /home/airflow/.local/lib/python3.12/site-packages/airflow/example_dags/tutorial_taskflow_api.py
[2024-12-01T02:19:15.854+0000] {processor.py:914} INFO - Processing file /home/airflow/.local/lib/python3.12/site-packages/airflow/example_dags/tutorial_taskflow_api.py for tasks to queue
[2024-12-01T02:19:15.857+0000] {logging_mixin.py:190} INFO - [2024-12-01T02:19:15.856+0000] {dagbag.py:588} INFO - Filling up the DagBag from /home/airflow/.local/lib/python3.12/site-packages/airflow/example_dags/tutorial_taskflow_api.py
[2024-12-01T02:19:15.864+0000] {processor.py:925} INFO - DAG(s) 'tutorial_taskflow_api' retrieved from /home/airflow/.local/lib/python3.12/site-packages/airflow/example_dags/tutorial_taskflow_api.py
[2024-12-01T02:19:15.882+0000] {logging_mixin.py:190} INFO - [2024-12-01T02:19:15.881+0000] {dag.py:3239} INFO - Sync 1 DAGs
[2024-12-01T02:19:15.896+0000] {logging_mixin.py:190} INFO - [2024-12-01T02:19:15.896+0000] {dag.py:4180} INFO - Setting next_dagrun for tutorial_taskflow_api to None, run_after=None
[2024-12-01T02:19:15.912+0000] {processor.py:208} INFO - Processing /home/airflow/.local/lib/python3.12/site-packages/airflow/example_dags/tutorial_taskflow_api.py took 0.064 seconds
[2024-12-01T02:19:46.874+0000] {processor.py:186} INFO - Started process (PID=51680) to work on /home/airflow/.local/lib/python3.12/site-packages/airflow/example_dags/tutorial_taskflow_api.py
[2024-12-01T02:19:46.875+0000] {processor.py:914} INFO - Processing file /home/airflow/.local/lib/python3.12/site-packages/airflow/example_dags/tutorial_taskflow_api.py for tasks to queue
[2024-12-01T02:19:46.877+0000] {logging_mixin.py:190} INFO - [2024-12-01T02:19:46.876+0000] {dagbag.py:588} INFO - Filling up the DagBag from /home/airflow/.local/lib/python3.12/site-packages/airflow/example_dags/tutorial_taskflow_api.py
[2024-12-01T02:19:46.885+0000] {processor.py:925} INFO - DAG(s) 'tutorial_taskflow_api' retrieved from /home/airflow/.local/lib/python3.12/site-packages/airflow/example_dags/tutorial_taskflow_api.py
[2024-12-01T02:19:46.905+0000] {logging_mixin.py:190} INFO - [2024-12-01T02:19:46.905+0000] {dag.py:3239} INFO - Sync 1 DAGs
[2024-12-01T02:19:46.919+0000] {logging_mixin.py:190} INFO - [2024-12-01T02:19:46.918+0000] {dag.py:4180} INFO - Setting next_dagrun for tutorial_taskflow_api to None, run_after=None
[2024-12-01T02:19:46.935+0000] {processor.py:208} INFO - Processing /home/airflow/.local/lib/python3.12/site-packages/airflow/example_dags/tutorial_taskflow_api.py took 0.067 seconds
[2024-12-01T02:20:18.074+0000] {processor.py:186} INFO - Started process (PID=51746) to work on /home/airflow/.local/lib/python3.12/site-packages/airflow/example_dags/tutorial_taskflow_api.py
[2024-12-01T02:20:18.075+0000] {processor.py:914} INFO - Processing file /home/airflow/.local/lib/python3.12/site-packages/airflow/example_dags/tutorial_taskflow_api.py for tasks to queue
[2024-12-01T02:20:18.077+0000] {logging_mixin.py:190} INFO - [2024-12-01T02:20:18.077+0000] {dagbag.py:588} INFO - Filling up the DagBag from /home/airflow/.local/lib/python3.12/site-packages/airflow/example_dags/tutorial_taskflow_api.py
[2024-12-01T02:20:18.085+0000] {processor.py:925} INFO - DAG(s) 'tutorial_taskflow_api' retrieved from /home/airflow/.local/lib/python3.12/site-packages/airflow/example_dags/tutorial_taskflow_api.py
[2024-12-01T02:20:18.103+0000] {logging_mixin.py:190} INFO - [2024-12-01T02:20:18.103+0000] {dag.py:3239} INFO - Sync 1 DAGs
[2024-12-01T02:20:18.116+0000] {logging_mixin.py:190} INFO - [2024-12-01T02:20:18.116+0000] {dag.py:4180} INFO - Setting next_dagrun for tutorial_taskflow_api to None, run_after=None
[2024-12-01T02:20:18.134+0000] {processor.py:208} INFO - Processing /home/airflow/.local/lib/python3.12/site-packages/airflow/example_dags/tutorial_taskflow_api.py took 0.066 seconds
[2024-12-01T02:20:49.277+0000] {processor.py:186} INFO - Started process (PID=51811) to work on /home/airflow/.local/lib/python3.12/site-packages/airflow/example_dags/tutorial_taskflow_api.py
[2024-12-01T02:20:49.280+0000] {processor.py:914} INFO - Processing file /home/airflow/.local/lib/python3.12/site-packages/airflow/example_dags/tutorial_taskflow_api.py for tasks to queue
[2024-12-01T02:20:49.284+0000] {logging_mixin.py:190} INFO - [2024-12-01T02:20:49.283+0000] {dagbag.py:588} INFO - Filling up the DagBag from /home/airflow/.local/lib/python3.12/site-packages/airflow/example_dags/tutorial_taskflow_api.py
[2024-12-01T02:20:49.305+0000] {processor.py:925} INFO - DAG(s) 'tutorial_taskflow_api' retrieved from /home/airflow/.local/lib/python3.12/site-packages/airflow/example_dags/tutorial_taskflow_api.py
[2024-12-01T02:20:49.354+0000] {logging_mixin.py:190} INFO - [2024-12-01T02:20:49.354+0000] {dag.py:3239} INFO - Sync 1 DAGs
[2024-12-01T02:20:49.404+0000] {logging_mixin.py:190} INFO - [2024-12-01T02:20:49.403+0000] {dag.py:4180} INFO - Setting next_dagrun for tutorial_taskflow_api to None, run_after=None
[2024-12-01T02:20:49.450+0000] {processor.py:208} INFO - Processing /home/airflow/.local/lib/python3.12/site-packages/airflow/example_dags/tutorial_taskflow_api.py took 0.189 seconds
[2024-12-01T02:21:21.367+0000] {processor.py:186} INFO - Started process (PID=51877) to work on /home/airflow/.local/lib/python3.12/site-packages/airflow/example_dags/tutorial_taskflow_api.py
[2024-12-01T02:21:21.368+0000] {processor.py:914} INFO - Processing file /home/airflow/.local/lib/python3.12/site-packages/airflow/example_dags/tutorial_taskflow_api.py for tasks to queue
[2024-12-01T02:21:21.370+0000] {logging_mixin.py:190} INFO - [2024-12-01T02:21:21.370+0000] {dagbag.py:588} INFO - Filling up the DagBag from /home/airflow/.local/lib/python3.12/site-packages/airflow/example_dags/tutorial_taskflow_api.py
[2024-12-01T02:21:21.378+0000] {processor.py:925} INFO - DAG(s) 'tutorial_taskflow_api' retrieved from /home/airflow/.local/lib/python3.12/site-packages/airflow/example_dags/tutorial_taskflow_api.py
[2024-12-01T02:21:21.396+0000] {logging_mixin.py:190} INFO - [2024-12-01T02:21:21.396+0000] {dag.py:3239} INFO - Sync 1 DAGs
[2024-12-01T02:21:21.644+0000] {logging_mixin.py:190} INFO - [2024-12-01T02:21:21.644+0000] {dag.py:4180} INFO - Setting next_dagrun for tutorial_taskflow_api to None, run_after=None
[2024-12-01T02:21:21.658+0000] {processor.py:208} INFO - Processing /home/airflow/.local/lib/python3.12/site-packages/airflow/example_dags/tutorial_taskflow_api.py took 0.300 seconds
[2024-12-01T02:21:52.310+0000] {processor.py:186} INFO - Started process (PID=51943) to work on /home/airflow/.local/lib/python3.12/site-packages/airflow/example_dags/tutorial_taskflow_api.py
[2024-12-01T02:21:52.311+0000] {processor.py:914} INFO - Processing file /home/airflow/.local/lib/python3.12/site-packages/airflow/example_dags/tutorial_taskflow_api.py for tasks to queue
[2024-12-01T02:21:52.313+0000] {logging_mixin.py:190} INFO - [2024-12-01T02:21:52.312+0000] {dagbag.py:588} INFO - Filling up the DagBag from /home/airflow/.local/lib/python3.12/site-packages/airflow/example_dags/tutorial_taskflow_api.py
[2024-12-01T02:21:52.321+0000] {processor.py:925} INFO - DAG(s) 'tutorial_taskflow_api' retrieved from /home/airflow/.local/lib/python3.12/site-packages/airflow/example_dags/tutorial_taskflow_api.py
[2024-12-01T02:21:52.338+0000] {logging_mixin.py:190} INFO - [2024-12-01T02:21:52.337+0000] {dag.py:3239} INFO - Sync 1 DAGs
[2024-12-01T02:21:52.351+0000] {logging_mixin.py:190} INFO - [2024-12-01T02:21:52.351+0000] {dag.py:4180} INFO - Setting next_dagrun for tutorial_taskflow_api to None, run_after=None
[2024-12-01T02:21:52.508+0000] {processor.py:208} INFO - Processing /home/airflow/.local/lib/python3.12/site-packages/airflow/example_dags/tutorial_taskflow_api.py took 0.204 seconds
[2024-12-01T02:22:22.821+0000] {processor.py:186} INFO - Started process (PID=52009) to work on /home/airflow/.local/lib/python3.12/site-packages/airflow/example_dags/tutorial_taskflow_api.py
[2024-12-01T02:22:22.822+0000] {processor.py:914} INFO - Processing file /home/airflow/.local/lib/python3.12/site-packages/airflow/example_dags/tutorial_taskflow_api.py for tasks to queue
[2024-12-01T02:22:22.825+0000] {logging_mixin.py:190} INFO - [2024-12-01T02:22:22.824+0000] {dagbag.py:588} INFO - Filling up the DagBag from /home/airflow/.local/lib/python3.12/site-packages/airflow/example_dags/tutorial_taskflow_api.py
[2024-12-01T02:22:22.832+0000] {processor.py:925} INFO - DAG(s) 'tutorial_taskflow_api' retrieved from /home/airflow/.local/lib/python3.12/site-packages/airflow/example_dags/tutorial_taskflow_api.py
[2024-12-01T02:22:22.850+0000] {logging_mixin.py:190} INFO - [2024-12-01T02:22:22.850+0000] {dag.py:3239} INFO - Sync 1 DAGs
[2024-12-01T02:22:22.864+0000] {logging_mixin.py:190} INFO - [2024-12-01T02:22:22.863+0000] {dag.py:4180} INFO - Setting next_dagrun for tutorial_taskflow_api to None, run_after=None
[2024-12-01T02:22:22.881+0000] {processor.py:208} INFO - Processing /home/airflow/.local/lib/python3.12/site-packages/airflow/example_dags/tutorial_taskflow_api.py took 0.065 seconds
[2024-12-01T02:22:53.308+0000] {processor.py:186} INFO - Started process (PID=52075) to work on /home/airflow/.local/lib/python3.12/site-packages/airflow/example_dags/tutorial_taskflow_api.py
[2024-12-01T02:22:53.309+0000] {processor.py:914} INFO - Processing file /home/airflow/.local/lib/python3.12/site-packages/airflow/example_dags/tutorial_taskflow_api.py for tasks to queue
[2024-12-01T02:22:53.311+0000] {logging_mixin.py:190} INFO - [2024-12-01T02:22:53.311+0000] {dagbag.py:588} INFO - Filling up the DagBag from /home/airflow/.local/lib/python3.12/site-packages/airflow/example_dags/tutorial_taskflow_api.py
[2024-12-01T02:22:53.319+0000] {processor.py:925} INFO - DAG(s) 'tutorial_taskflow_api' retrieved from /home/airflow/.local/lib/python3.12/site-packages/airflow/example_dags/tutorial_taskflow_api.py
[2024-12-01T02:22:53.335+0000] {logging_mixin.py:190} INFO - [2024-12-01T02:22:53.335+0000] {dag.py:3239} INFO - Sync 1 DAGs
[2024-12-01T02:22:53.348+0000] {logging_mixin.py:190} INFO - [2024-12-01T02:22:53.348+0000] {dag.py:4180} INFO - Setting next_dagrun for tutorial_taskflow_api to None, run_after=None
[2024-12-01T02:22:53.363+0000] {processor.py:208} INFO - Processing /home/airflow/.local/lib/python3.12/site-packages/airflow/example_dags/tutorial_taskflow_api.py took 0.061 seconds
[2024-12-01T02:23:24.708+0000] {processor.py:186} INFO - Started process (PID=52141) to work on /home/airflow/.local/lib/python3.12/site-packages/airflow/example_dags/tutorial_taskflow_api.py
[2024-12-01T02:23:24.709+0000] {processor.py:914} INFO - Processing file /home/airflow/.local/lib/python3.12/site-packages/airflow/example_dags/tutorial_taskflow_api.py for tasks to queue
[2024-12-01T02:23:24.711+0000] {logging_mixin.py:190} INFO - [2024-12-01T02:23:24.711+0000] {dagbag.py:588} INFO - Filling up the DagBag from /home/airflow/.local/lib/python3.12/site-packages/airflow/example_dags/tutorial_taskflow_api.py
[2024-12-01T02:23:24.863+0000] {processor.py:925} INFO - DAG(s) 'tutorial_taskflow_api' retrieved from /home/airflow/.local/lib/python3.12/site-packages/airflow/example_dags/tutorial_taskflow_api.py
[2024-12-01T02:23:24.878+0000] {logging_mixin.py:190} INFO - [2024-12-01T02:23:24.878+0000] {dag.py:3239} INFO - Sync 1 DAGs
[2024-12-01T02:23:24.890+0000] {logging_mixin.py:190} INFO - [2024-12-01T02:23:24.889+0000] {dag.py:4180} INFO - Setting next_dagrun for tutorial_taskflow_api to None, run_after=None
[2024-12-01T02:23:24.907+0000] {processor.py:208} INFO - Processing /home/airflow/.local/lib/python3.12/site-packages/airflow/example_dags/tutorial_taskflow_api.py took 0.204 seconds
[2024-12-01T02:23:55.415+0000] {processor.py:186} INFO - Started process (PID=52207) to work on /home/airflow/.local/lib/python3.12/site-packages/airflow/example_dags/tutorial_taskflow_api.py
[2024-12-01T02:23:55.416+0000] {processor.py:914} INFO - Processing file /home/airflow/.local/lib/python3.12/site-packages/airflow/example_dags/tutorial_taskflow_api.py for tasks to queue
[2024-12-01T02:23:55.419+0000] {logging_mixin.py:190} INFO - [2024-12-01T02:23:55.419+0000] {dagbag.py:588} INFO - Filling up the DagBag from /home/airflow/.local/lib/python3.12/site-packages/airflow/example_dags/tutorial_taskflow_api.py
[2024-12-01T02:23:55.426+0000] {processor.py:925} INFO - DAG(s) 'tutorial_taskflow_api' retrieved from /home/airflow/.local/lib/python3.12/site-packages/airflow/example_dags/tutorial_taskflow_api.py
[2024-12-01T02:23:55.444+0000] {logging_mixin.py:190} INFO - [2024-12-01T02:23:55.443+0000] {dag.py:3239} INFO - Sync 1 DAGs
[2024-12-01T02:23:55.457+0000] {logging_mixin.py:190} INFO - [2024-12-01T02:23:55.457+0000] {dag.py:4180} INFO - Setting next_dagrun for tutorial_taskflow_api to None, run_after=None
[2024-12-01T02:23:55.473+0000] {processor.py:208} INFO - Processing /home/airflow/.local/lib/python3.12/site-packages/airflow/example_dags/tutorial_taskflow_api.py took 0.063 seconds
[2024-12-01T02:24:26.816+0000] {processor.py:186} INFO - Started process (PID=52273) to work on /home/airflow/.local/lib/python3.12/site-packages/airflow/example_dags/tutorial_taskflow_api.py
[2024-12-01T02:24:26.817+0000] {processor.py:914} INFO - Processing file /home/airflow/.local/lib/python3.12/site-packages/airflow/example_dags/tutorial_taskflow_api.py for tasks to queue
[2024-12-01T02:24:26.819+0000] {logging_mixin.py:190} INFO - [2024-12-01T02:24:26.819+0000] {dagbag.py:588} INFO - Filling up the DagBag from /home/airflow/.local/lib/python3.12/site-packages/airflow/example_dags/tutorial_taskflow_api.py
[2024-12-01T02:24:26.827+0000] {processor.py:925} INFO - DAG(s) 'tutorial_taskflow_api' retrieved from /home/airflow/.local/lib/python3.12/site-packages/airflow/example_dags/tutorial_taskflow_api.py
[2024-12-01T02:24:26.845+0000] {logging_mixin.py:190} INFO - [2024-12-01T02:24:26.845+0000] {dag.py:3239} INFO - Sync 1 DAGs
[2024-12-01T02:24:26.859+0000] {logging_mixin.py:190} INFO - [2024-12-01T02:24:26.859+0000] {dag.py:4180} INFO - Setting next_dagrun for tutorial_taskflow_api to None, run_after=None
[2024-12-01T02:24:26.875+0000] {processor.py:208} INFO - Processing /home/airflow/.local/lib/python3.12/site-packages/airflow/example_dags/tutorial_taskflow_api.py took 0.066 seconds
[2024-12-01T02:24:58.294+0000] {processor.py:186} INFO - Started process (PID=52339) to work on /home/airflow/.local/lib/python3.12/site-packages/airflow/example_dags/tutorial_taskflow_api.py
[2024-12-01T02:24:58.306+0000] {processor.py:914} INFO - Processing file /home/airflow/.local/lib/python3.12/site-packages/airflow/example_dags/tutorial_taskflow_api.py for tasks to queue
[2024-12-01T02:24:58.311+0000] {logging_mixin.py:190} INFO - [2024-12-01T02:24:58.310+0000] {dagbag.py:588} INFO - Filling up the DagBag from /home/airflow/.local/lib/python3.12/site-packages/airflow/example_dags/tutorial_taskflow_api.py
[2024-12-01T02:24:58.326+0000] {processor.py:925} INFO - DAG(s) 'tutorial_taskflow_api' retrieved from /home/airflow/.local/lib/python3.12/site-packages/airflow/example_dags/tutorial_taskflow_api.py
[2024-12-01T02:24:58.344+0000] {logging_mixin.py:190} INFO - [2024-12-01T02:24:58.344+0000] {dag.py:3239} INFO - Sync 1 DAGs
[2024-12-01T02:24:58.357+0000] {logging_mixin.py:190} INFO - [2024-12-01T02:24:58.357+0000] {dag.py:4180} INFO - Setting next_dagrun for tutorial_taskflow_api to None, run_after=None
[2024-12-01T02:24:58.372+0000] {processor.py:208} INFO - Processing /home/airflow/.local/lib/python3.12/site-packages/airflow/example_dags/tutorial_taskflow_api.py took 0.093 seconds
[2024-12-01T02:25:28.793+0000] {processor.py:186} INFO - Started process (PID=52405) to work on /home/airflow/.local/lib/python3.12/site-packages/airflow/example_dags/tutorial_taskflow_api.py
[2024-12-01T02:25:28.794+0000] {processor.py:914} INFO - Processing file /home/airflow/.local/lib/python3.12/site-packages/airflow/example_dags/tutorial_taskflow_api.py for tasks to queue
[2024-12-01T02:25:28.797+0000] {logging_mixin.py:190} INFO - [2024-12-01T02:25:28.796+0000] {dagbag.py:588} INFO - Filling up the DagBag from /home/airflow/.local/lib/python3.12/site-packages/airflow/example_dags/tutorial_taskflow_api.py
[2024-12-01T02:25:28.804+0000] {processor.py:925} INFO - DAG(s) 'tutorial_taskflow_api' retrieved from /home/airflow/.local/lib/python3.12/site-packages/airflow/example_dags/tutorial_taskflow_api.py
[2024-12-01T02:25:28.822+0000] {logging_mixin.py:190} INFO - [2024-12-01T02:25:28.822+0000] {dag.py:3239} INFO - Sync 1 DAGs
[2024-12-01T02:25:28.835+0000] {logging_mixin.py:190} INFO - [2024-12-01T02:25:28.835+0000] {dag.py:4180} INFO - Setting next_dagrun for tutorial_taskflow_api to None, run_after=None
[2024-12-01T02:25:28.851+0000] {processor.py:208} INFO - Processing /home/airflow/.local/lib/python3.12/site-packages/airflow/example_dags/tutorial_taskflow_api.py took 0.063 seconds
[2024-12-01T02:25:59.483+0000] {processor.py:186} INFO - Started process (PID=52471) to work on /home/airflow/.local/lib/python3.12/site-packages/airflow/example_dags/tutorial_taskflow_api.py
[2024-12-01T02:25:59.484+0000] {processor.py:914} INFO - Processing file /home/airflow/.local/lib/python3.12/site-packages/airflow/example_dags/tutorial_taskflow_api.py for tasks to queue
[2024-12-01T02:25:59.487+0000] {logging_mixin.py:190} INFO - [2024-12-01T02:25:59.487+0000] {dagbag.py:588} INFO - Filling up the DagBag from /home/airflow/.local/lib/python3.12/site-packages/airflow/example_dags/tutorial_taskflow_api.py
[2024-12-01T02:25:59.498+0000] {processor.py:925} INFO - DAG(s) 'tutorial_taskflow_api' retrieved from /home/airflow/.local/lib/python3.12/site-packages/airflow/example_dags/tutorial_taskflow_api.py
[2024-12-01T02:25:59.521+0000] {logging_mixin.py:190} INFO - [2024-12-01T02:25:59.520+0000] {dag.py:3239} INFO - Sync 1 DAGs
[2024-12-01T02:25:59.541+0000] {logging_mixin.py:190} INFO - [2024-12-01T02:25:59.541+0000] {dag.py:4180} INFO - Setting next_dagrun for tutorial_taskflow_api to None, run_after=None
[2024-12-01T02:25:59.565+0000] {processor.py:208} INFO - Processing /home/airflow/.local/lib/python3.12/site-packages/airflow/example_dags/tutorial_taskflow_api.py took 0.089 seconds
[2024-12-01T02:26:30.041+0000] {processor.py:186} INFO - Started process (PID=52543) to work on /home/airflow/.local/lib/python3.12/site-packages/airflow/example_dags/tutorial_taskflow_api.py
[2024-12-01T02:26:30.042+0000] {processor.py:914} INFO - Processing file /home/airflow/.local/lib/python3.12/site-packages/airflow/example_dags/tutorial_taskflow_api.py for tasks to queue
[2024-12-01T02:26:30.044+0000] {logging_mixin.py:190} INFO - [2024-12-01T02:26:30.044+0000] {dagbag.py:588} INFO - Filling up the DagBag from /home/airflow/.local/lib/python3.12/site-packages/airflow/example_dags/tutorial_taskflow_api.py
[2024-12-01T02:26:30.051+0000] {processor.py:925} INFO - DAG(s) 'tutorial_taskflow_api' retrieved from /home/airflow/.local/lib/python3.12/site-packages/airflow/example_dags/tutorial_taskflow_api.py
[2024-12-01T02:26:30.068+0000] {logging_mixin.py:190} INFO - [2024-12-01T02:26:30.068+0000] {dag.py:3239} INFO - Sync 1 DAGs
[2024-12-01T02:26:30.081+0000] {logging_mixin.py:190} INFO - [2024-12-01T02:26:30.081+0000] {dag.py:4180} INFO - Setting next_dagrun for tutorial_taskflow_api to None, run_after=None
[2024-12-01T02:26:30.098+0000] {processor.py:208} INFO - Processing /home/airflow/.local/lib/python3.12/site-packages/airflow/example_dags/tutorial_taskflow_api.py took 0.063 seconds
[2024-12-01T02:27:00.654+0000] {processor.py:186} INFO - Started process (PID=52609) to work on /home/airflow/.local/lib/python3.12/site-packages/airflow/example_dags/tutorial_taskflow_api.py
[2024-12-01T02:27:00.655+0000] {processor.py:914} INFO - Processing file /home/airflow/.local/lib/python3.12/site-packages/airflow/example_dags/tutorial_taskflow_api.py for tasks to queue
[2024-12-01T02:27:00.657+0000] {logging_mixin.py:190} INFO - [2024-12-01T02:27:00.657+0000] {dagbag.py:588} INFO - Filling up the DagBag from /home/airflow/.local/lib/python3.12/site-packages/airflow/example_dags/tutorial_taskflow_api.py
[2024-12-01T02:27:00.666+0000] {processor.py:925} INFO - DAG(s) 'tutorial_taskflow_api' retrieved from /home/airflow/.local/lib/python3.12/site-packages/airflow/example_dags/tutorial_taskflow_api.py
[2024-12-01T02:27:00.685+0000] {logging_mixin.py:190} INFO - [2024-12-01T02:27:00.685+0000] {dag.py:3239} INFO - Sync 1 DAGs
[2024-12-01T02:27:00.698+0000] {logging_mixin.py:190} INFO - [2024-12-01T02:27:00.698+0000] {dag.py:4180} INFO - Setting next_dagrun for tutorial_taskflow_api to None, run_after=None
[2024-12-01T02:27:00.719+0000] {processor.py:208} INFO - Processing /home/airflow/.local/lib/python3.12/site-packages/airflow/example_dags/tutorial_taskflow_api.py took 0.069 seconds
[2024-12-01T02:27:31.197+0000] {processor.py:186} INFO - Started process (PID=52675) to work on /home/airflow/.local/lib/python3.12/site-packages/airflow/example_dags/tutorial_taskflow_api.py
[2024-12-01T02:27:31.198+0000] {processor.py:914} INFO - Processing file /home/airflow/.local/lib/python3.12/site-packages/airflow/example_dags/tutorial_taskflow_api.py for tasks to queue
[2024-12-01T02:27:31.200+0000] {logging_mixin.py:190} INFO - [2024-12-01T02:27:31.200+0000] {dagbag.py:588} INFO - Filling up the DagBag from /home/airflow/.local/lib/python3.12/site-packages/airflow/example_dags/tutorial_taskflow_api.py
[2024-12-01T02:27:31.207+0000] {processor.py:925} INFO - DAG(s) 'tutorial_taskflow_api' retrieved from /home/airflow/.local/lib/python3.12/site-packages/airflow/example_dags/tutorial_taskflow_api.py
[2024-12-01T02:27:31.225+0000] {logging_mixin.py:190} INFO - [2024-12-01T02:27:31.225+0000] {dag.py:3239} INFO - Sync 1 DAGs
[2024-12-01T02:27:31.238+0000] {logging_mixin.py:190} INFO - [2024-12-01T02:27:31.237+0000] {dag.py:4180} INFO - Setting next_dagrun for tutorial_taskflow_api to None, run_after=None
[2024-12-01T02:27:31.256+0000] {processor.py:208} INFO - Processing /home/airflow/.local/lib/python3.12/site-packages/airflow/example_dags/tutorial_taskflow_api.py took 0.065 seconds
[2024-12-01T02:28:02.624+0000] {processor.py:186} INFO - Started process (PID=52741) to work on /home/airflow/.local/lib/python3.12/site-packages/airflow/example_dags/tutorial_taskflow_api.py
[2024-12-01T02:28:02.625+0000] {processor.py:914} INFO - Processing file /home/airflow/.local/lib/python3.12/site-packages/airflow/example_dags/tutorial_taskflow_api.py for tasks to queue
[2024-12-01T02:28:02.627+0000] {logging_mixin.py:190} INFO - [2024-12-01T02:28:02.627+0000] {dagbag.py:588} INFO - Filling up the DagBag from /home/airflow/.local/lib/python3.12/site-packages/airflow/example_dags/tutorial_taskflow_api.py
[2024-12-01T02:28:02.635+0000] {processor.py:925} INFO - DAG(s) 'tutorial_taskflow_api' retrieved from /home/airflow/.local/lib/python3.12/site-packages/airflow/example_dags/tutorial_taskflow_api.py
[2024-12-01T02:28:02.652+0000] {logging_mixin.py:190} INFO - [2024-12-01T02:28:02.651+0000] {dag.py:3239} INFO - Sync 1 DAGs
[2024-12-01T02:28:02.667+0000] {logging_mixin.py:190} INFO - [2024-12-01T02:28:02.667+0000] {dag.py:4180} INFO - Setting next_dagrun for tutorial_taskflow_api to None, run_after=None
[2024-12-01T02:28:02.685+0000] {processor.py:208} INFO - Processing /home/airflow/.local/lib/python3.12/site-packages/airflow/example_dags/tutorial_taskflow_api.py took 0.067 seconds
[2024-12-01T02:28:33.128+0000] {processor.py:186} INFO - Started process (PID=52807) to work on /home/airflow/.local/lib/python3.12/site-packages/airflow/example_dags/tutorial_taskflow_api.py
[2024-12-01T02:28:33.129+0000] {processor.py:914} INFO - Processing file /home/airflow/.local/lib/python3.12/site-packages/airflow/example_dags/tutorial_taskflow_api.py for tasks to queue
[2024-12-01T02:28:33.131+0000] {logging_mixin.py:190} INFO - [2024-12-01T02:28:33.131+0000] {dagbag.py:588} INFO - Filling up the DagBag from /home/airflow/.local/lib/python3.12/site-packages/airflow/example_dags/tutorial_taskflow_api.py
[2024-12-01T02:28:33.139+0000] {processor.py:925} INFO - DAG(s) 'tutorial_taskflow_api' retrieved from /home/airflow/.local/lib/python3.12/site-packages/airflow/example_dags/tutorial_taskflow_api.py
[2024-12-01T02:28:33.156+0000] {logging_mixin.py:190} INFO - [2024-12-01T02:28:33.156+0000] {dag.py:3239} INFO - Sync 1 DAGs
[2024-12-01T02:28:33.172+0000] {logging_mixin.py:190} INFO - [2024-12-01T02:28:33.171+0000] {dag.py:4180} INFO - Setting next_dagrun for tutorial_taskflow_api to None, run_after=None
[2024-12-01T02:28:33.191+0000] {processor.py:208} INFO - Processing /home/airflow/.local/lib/python3.12/site-packages/airflow/example_dags/tutorial_taskflow_api.py took 0.069 seconds
[2024-12-01T02:29:03.607+0000] {processor.py:186} INFO - Started process (PID=52873) to work on /home/airflow/.local/lib/python3.12/site-packages/airflow/example_dags/tutorial_taskflow_api.py
[2024-12-01T02:29:03.608+0000] {processor.py:914} INFO - Processing file /home/airflow/.local/lib/python3.12/site-packages/airflow/example_dags/tutorial_taskflow_api.py for tasks to queue
[2024-12-01T02:29:03.610+0000] {logging_mixin.py:190} INFO - [2024-12-01T02:29:03.610+0000] {dagbag.py:588} INFO - Filling up the DagBag from /home/airflow/.local/lib/python3.12/site-packages/airflow/example_dags/tutorial_taskflow_api.py
[2024-12-01T02:29:03.618+0000] {processor.py:925} INFO - DAG(s) 'tutorial_taskflow_api' retrieved from /home/airflow/.local/lib/python3.12/site-packages/airflow/example_dags/tutorial_taskflow_api.py
[2024-12-01T02:29:03.635+0000] {logging_mixin.py:190} INFO - [2024-12-01T02:29:03.635+0000] {dag.py:3239} INFO - Sync 1 DAGs
[2024-12-01T02:29:03.648+0000] {logging_mixin.py:190} INFO - [2024-12-01T02:29:03.648+0000] {dag.py:4180} INFO - Setting next_dagrun for tutorial_taskflow_api to None, run_after=None
[2024-12-01T02:29:03.664+0000] {processor.py:208} INFO - Processing /home/airflow/.local/lib/python3.12/site-packages/airflow/example_dags/tutorial_taskflow_api.py took 0.063 seconds
[2024-12-01T02:29:34.277+0000] {processor.py:186} INFO - Started process (PID=52939) to work on /home/airflow/.local/lib/python3.12/site-packages/airflow/example_dags/tutorial_taskflow_api.py
[2024-12-01T02:29:34.277+0000] {processor.py:914} INFO - Processing file /home/airflow/.local/lib/python3.12/site-packages/airflow/example_dags/tutorial_taskflow_api.py for tasks to queue
[2024-12-01T02:29:34.280+0000] {logging_mixin.py:190} INFO - [2024-12-01T02:29:34.279+0000] {dagbag.py:588} INFO - Filling up the DagBag from /home/airflow/.local/lib/python3.12/site-packages/airflow/example_dags/tutorial_taskflow_api.py
[2024-12-01T02:29:34.287+0000] {processor.py:925} INFO - DAG(s) 'tutorial_taskflow_api' retrieved from /home/airflow/.local/lib/python3.12/site-packages/airflow/example_dags/tutorial_taskflow_api.py
[2024-12-01T02:29:34.304+0000] {logging_mixin.py:190} INFO - [2024-12-01T02:29:34.304+0000] {dag.py:3239} INFO - Sync 1 DAGs
[2024-12-01T02:29:34.317+0000] {logging_mixin.py:190} INFO - [2024-12-01T02:29:34.317+0000] {dag.py:4180} INFO - Setting next_dagrun for tutorial_taskflow_api to None, run_after=None
[2024-12-01T02:29:34.335+0000] {processor.py:208} INFO - Processing /home/airflow/.local/lib/python3.12/site-packages/airflow/example_dags/tutorial_taskflow_api.py took 0.064 seconds
[2024-12-01T02:30:05.646+0000] {processor.py:186} INFO - Started process (PID=53005) to work on /home/airflow/.local/lib/python3.12/site-packages/airflow/example_dags/tutorial_taskflow_api.py
[2024-12-01T02:30:05.647+0000] {processor.py:914} INFO - Processing file /home/airflow/.local/lib/python3.12/site-packages/airflow/example_dags/tutorial_taskflow_api.py for tasks to queue
[2024-12-01T02:30:05.649+0000] {logging_mixin.py:190} INFO - [2024-12-01T02:30:05.648+0000] {dagbag.py:588} INFO - Filling up the DagBag from /home/airflow/.local/lib/python3.12/site-packages/airflow/example_dags/tutorial_taskflow_api.py
[2024-12-01T02:30:05.656+0000] {processor.py:925} INFO - DAG(s) 'tutorial_taskflow_api' retrieved from /home/airflow/.local/lib/python3.12/site-packages/airflow/example_dags/tutorial_taskflow_api.py
[2024-12-01T02:30:05.674+0000] {logging_mixin.py:190} INFO - [2024-12-01T02:30:05.674+0000] {dag.py:3239} INFO - Sync 1 DAGs
[2024-12-01T02:30:05.687+0000] {logging_mixin.py:190} INFO - [2024-12-01T02:30:05.687+0000] {dag.py:4180} INFO - Setting next_dagrun for tutorial_taskflow_api to None, run_after=None
[2024-12-01T02:30:05.703+0000] {processor.py:208} INFO - Processing /home/airflow/.local/lib/python3.12/site-packages/airflow/example_dags/tutorial_taskflow_api.py took 0.063 seconds
[2024-12-01T02:30:36.203+0000] {processor.py:186} INFO - Started process (PID=53071) to work on /home/airflow/.local/lib/python3.12/site-packages/airflow/example_dags/tutorial_taskflow_api.py
[2024-12-01T02:30:36.204+0000] {processor.py:914} INFO - Processing file /home/airflow/.local/lib/python3.12/site-packages/airflow/example_dags/tutorial_taskflow_api.py for tasks to queue
[2024-12-01T02:30:36.207+0000] {logging_mixin.py:190} INFO - [2024-12-01T02:30:36.207+0000] {dagbag.py:588} INFO - Filling up the DagBag from /home/airflow/.local/lib/python3.12/site-packages/airflow/example_dags/tutorial_taskflow_api.py
[2024-12-01T02:30:36.215+0000] {processor.py:925} INFO - DAG(s) 'tutorial_taskflow_api' retrieved from /home/airflow/.local/lib/python3.12/site-packages/airflow/example_dags/tutorial_taskflow_api.py
[2024-12-01T02:30:36.233+0000] {logging_mixin.py:190} INFO - [2024-12-01T02:30:36.233+0000] {dag.py:3239} INFO - Sync 1 DAGs
[2024-12-01T02:30:36.247+0000] {logging_mixin.py:190} INFO - [2024-12-01T02:30:36.247+0000] {dag.py:4180} INFO - Setting next_dagrun for tutorial_taskflow_api to None, run_after=None
[2024-12-01T02:30:36.264+0000] {processor.py:208} INFO - Processing /home/airflow/.local/lib/python3.12/site-packages/airflow/example_dags/tutorial_taskflow_api.py took 0.066 seconds
[2024-12-01T02:31:06.836+0000] {processor.py:186} INFO - Started process (PID=53137) to work on /home/airflow/.local/lib/python3.12/site-packages/airflow/example_dags/tutorial_taskflow_api.py
[2024-12-01T02:31:06.836+0000] {processor.py:914} INFO - Processing file /home/airflow/.local/lib/python3.12/site-packages/airflow/example_dags/tutorial_taskflow_api.py for tasks to queue
[2024-12-01T02:31:06.839+0000] {logging_mixin.py:190} INFO - [2024-12-01T02:31:06.838+0000] {dagbag.py:588} INFO - Filling up the DagBag from /home/airflow/.local/lib/python3.12/site-packages/airflow/example_dags/tutorial_taskflow_api.py
[2024-12-01T02:31:06.846+0000] {processor.py:925} INFO - DAG(s) 'tutorial_taskflow_api' retrieved from /home/airflow/.local/lib/python3.12/site-packages/airflow/example_dags/tutorial_taskflow_api.py
[2024-12-01T02:31:06.863+0000] {logging_mixin.py:190} INFO - [2024-12-01T02:31:06.863+0000] {dag.py:3239} INFO - Sync 1 DAGs
[2024-12-01T02:31:06.876+0000] {logging_mixin.py:190} INFO - [2024-12-01T02:31:06.876+0000] {dag.py:4180} INFO - Setting next_dagrun for tutorial_taskflow_api to None, run_after=None
[2024-12-01T02:31:06.893+0000] {processor.py:208} INFO - Processing /home/airflow/.local/lib/python3.12/site-packages/airflow/example_dags/tutorial_taskflow_api.py took 0.063 seconds
[2024-12-01T02:31:38.144+0000] {processor.py:186} INFO - Started process (PID=53203) to work on /home/airflow/.local/lib/python3.12/site-packages/airflow/example_dags/tutorial_taskflow_api.py
[2024-12-01T02:31:38.144+0000] {processor.py:914} INFO - Processing file /home/airflow/.local/lib/python3.12/site-packages/airflow/example_dags/tutorial_taskflow_api.py for tasks to queue
[2024-12-01T02:31:38.147+0000] {logging_mixin.py:190} INFO - [2024-12-01T02:31:38.146+0000] {dagbag.py:588} INFO - Filling up the DagBag from /home/airflow/.local/lib/python3.12/site-packages/airflow/example_dags/tutorial_taskflow_api.py
[2024-12-01T02:31:38.155+0000] {processor.py:925} INFO - DAG(s) 'tutorial_taskflow_api' retrieved from /home/airflow/.local/lib/python3.12/site-packages/airflow/example_dags/tutorial_taskflow_api.py
[2024-12-01T02:31:38.175+0000] {logging_mixin.py:190} INFO - [2024-12-01T02:31:38.175+0000] {dag.py:3239} INFO - Sync 1 DAGs
[2024-12-01T02:31:38.189+0000] {logging_mixin.py:190} INFO - [2024-12-01T02:31:38.189+0000] {dag.py:4180} INFO - Setting next_dagrun for tutorial_taskflow_api to None, run_after=None
[2024-12-01T02:31:38.210+0000] {processor.py:208} INFO - Processing /home/airflow/.local/lib/python3.12/site-packages/airflow/example_dags/tutorial_taskflow_api.py took 0.073 seconds
[2024-12-01T02:32:08.699+0000] {processor.py:186} INFO - Started process (PID=53269) to work on /home/airflow/.local/lib/python3.12/site-packages/airflow/example_dags/tutorial_taskflow_api.py
[2024-12-01T02:32:08.700+0000] {processor.py:914} INFO - Processing file /home/airflow/.local/lib/python3.12/site-packages/airflow/example_dags/tutorial_taskflow_api.py for tasks to queue
[2024-12-01T02:32:08.702+0000] {logging_mixin.py:190} INFO - [2024-12-01T02:32:08.701+0000] {dagbag.py:588} INFO - Filling up the DagBag from /home/airflow/.local/lib/python3.12/site-packages/airflow/example_dags/tutorial_taskflow_api.py
[2024-12-01T02:32:08.709+0000] {processor.py:925} INFO - DAG(s) 'tutorial_taskflow_api' retrieved from /home/airflow/.local/lib/python3.12/site-packages/airflow/example_dags/tutorial_taskflow_api.py
[2024-12-01T02:32:08.726+0000] {logging_mixin.py:190} INFO - [2024-12-01T02:32:08.726+0000] {dag.py:3239} INFO - Sync 1 DAGs
[2024-12-01T02:32:08.741+0000] {logging_mixin.py:190} INFO - [2024-12-01T02:32:08.741+0000] {dag.py:4180} INFO - Setting next_dagrun for tutorial_taskflow_api to None, run_after=None
[2024-12-01T02:32:08.757+0000] {processor.py:208} INFO - Processing /home/airflow/.local/lib/python3.12/site-packages/airflow/example_dags/tutorial_taskflow_api.py took 0.064 seconds
[2024-12-01T02:32:39.300+0000] {processor.py:186} INFO - Started process (PID=53335) to work on /home/airflow/.local/lib/python3.12/site-packages/airflow/example_dags/tutorial_taskflow_api.py
[2024-12-01T02:32:39.301+0000] {processor.py:914} INFO - Processing file /home/airflow/.local/lib/python3.12/site-packages/airflow/example_dags/tutorial_taskflow_api.py for tasks to queue
[2024-12-01T02:32:39.303+0000] {logging_mixin.py:190} INFO - [2024-12-01T02:32:39.303+0000] {dagbag.py:588} INFO - Filling up the DagBag from /home/airflow/.local/lib/python3.12/site-packages/airflow/example_dags/tutorial_taskflow_api.py
[2024-12-01T02:32:39.317+0000] {processor.py:925} INFO - DAG(s) 'tutorial_taskflow_api' retrieved from /home/airflow/.local/lib/python3.12/site-packages/airflow/example_dags/tutorial_taskflow_api.py
[2024-12-01T02:32:39.354+0000] {logging_mixin.py:190} INFO - [2024-12-01T02:32:39.354+0000] {dag.py:3239} INFO - Sync 1 DAGs
[2024-12-01T02:32:39.416+0000] {logging_mixin.py:190} INFO - [2024-12-01T02:32:39.416+0000] {dag.py:4180} INFO - Setting next_dagrun for tutorial_taskflow_api to None, run_after=None
[2024-12-01T02:32:39.669+0000] {processor.py:208} INFO - Processing /home/airflow/.local/lib/python3.12/site-packages/airflow/example_dags/tutorial_taskflow_api.py took 0.374 seconds
[2024-12-01T02:33:09.757+0000] {processor.py:186} INFO - Started process (PID=53401) to work on /home/airflow/.local/lib/python3.12/site-packages/airflow/example_dags/tutorial_taskflow_api.py
[2024-12-01T02:33:09.758+0000] {processor.py:914} INFO - Processing file /home/airflow/.local/lib/python3.12/site-packages/airflow/example_dags/tutorial_taskflow_api.py for tasks to queue
[2024-12-01T02:33:09.761+0000] {logging_mixin.py:190} INFO - [2024-12-01T02:33:09.760+0000] {dagbag.py:588} INFO - Filling up the DagBag from /home/airflow/.local/lib/python3.12/site-packages/airflow/example_dags/tutorial_taskflow_api.py
[2024-12-01T02:33:09.770+0000] {processor.py:925} INFO - DAG(s) 'tutorial_taskflow_api' retrieved from /home/airflow/.local/lib/python3.12/site-packages/airflow/example_dags/tutorial_taskflow_api.py
[2024-12-01T02:33:09.789+0000] {logging_mixin.py:190} INFO - [2024-12-01T02:33:09.789+0000] {dag.py:3239} INFO - Sync 1 DAGs
[2024-12-01T02:33:09.805+0000] {logging_mixin.py:190} INFO - [2024-12-01T02:33:09.805+0000] {dag.py:4180} INFO - Setting next_dagrun for tutorial_taskflow_api to None, run_after=None
[2024-12-01T02:33:09.826+0000] {processor.py:208} INFO - Processing /home/airflow/.local/lib/python3.12/site-packages/airflow/example_dags/tutorial_taskflow_api.py took 0.074 seconds
[2024-12-01T02:33:40.587+0000] {processor.py:186} INFO - Started process (PID=53467) to work on /home/airflow/.local/lib/python3.12/site-packages/airflow/example_dags/tutorial_taskflow_api.py
[2024-12-01T02:33:40.588+0000] {processor.py:914} INFO - Processing file /home/airflow/.local/lib/python3.12/site-packages/airflow/example_dags/tutorial_taskflow_api.py for tasks to queue
[2024-12-01T02:33:40.591+0000] {logging_mixin.py:190} INFO - [2024-12-01T02:33:40.590+0000] {dagbag.py:588} INFO - Filling up the DagBag from /home/airflow/.local/lib/python3.12/site-packages/airflow/example_dags/tutorial_taskflow_api.py
[2024-12-01T02:33:40.598+0000] {processor.py:925} INFO - DAG(s) 'tutorial_taskflow_api' retrieved from /home/airflow/.local/lib/python3.12/site-packages/airflow/example_dags/tutorial_taskflow_api.py
[2024-12-01T02:33:40.615+0000] {logging_mixin.py:190} INFO - [2024-12-01T02:33:40.615+0000] {dag.py:3239} INFO - Sync 1 DAGs
[2024-12-01T02:33:40.628+0000] {logging_mixin.py:190} INFO - [2024-12-01T02:33:40.628+0000] {dag.py:4180} INFO - Setting next_dagrun for tutorial_taskflow_api to None, run_after=None
[2024-12-01T02:33:40.646+0000] {processor.py:208} INFO - Processing /home/airflow/.local/lib/python3.12/site-packages/airflow/example_dags/tutorial_taskflow_api.py took 0.064 seconds
