[2024-12-01T02:11:01.299+0000] {processor.py:186} INFO - Started process (PID=50549) to work on /home/airflow/.local/lib/python3.12/site-packages/airflow/example_dags/tutorial_taskflow_templates.py
[2024-12-01T02:11:01.300+0000] {processor.py:914} INFO - Processing file /home/airflow/.local/lib/python3.12/site-packages/airflow/example_dags/tutorial_taskflow_templates.py for tasks to queue
[2024-12-01T02:11:01.302+0000] {logging_mixin.py:190} INFO - [2024-12-01T02:11:01.302+0000] {dagbag.py:588} INFO - Filling up the DagBag from /home/airflow/.local/lib/python3.12/site-packages/airflow/example_dags/tutorial_taskflow_templates.py
[2024-12-01T02:11:01.318+0000] {processor.py:925} INFO - DAG(s) 'tutorial_taskflow_templates' retrieved from /home/airflow/.local/lib/python3.12/site-packages/airflow/example_dags/tutorial_taskflow_templates.py
[2024-12-01T02:11:01.343+0000] {logging_mixin.py:190} INFO - [2024-12-01T02:11:01.343+0000] {dag.py:3239} INFO - Sync 1 DAGs
[2024-12-01T02:11:01.374+0000] {logging_mixin.py:190} INFO - [2024-12-01T02:11:01.373+0000] {dag.py:4180} INFO - Setting next_dagrun for tutorial_taskflow_templates to 2024-11-30 00:00:00+00:00, run_after=2024-12-01 00:00:00+00:00
[2024-12-01T02:11:01.395+0000] {processor.py:208} INFO - Processing /home/airflow/.local/lib/python3.12/site-packages/airflow/example_dags/tutorial_taskflow_templates.py took 0.102 seconds
[2024-12-01T02:11:32.008+0000] {processor.py:186} INFO - Started process (PID=50616) to work on /home/airflow/.local/lib/python3.12/site-packages/airflow/example_dags/tutorial_taskflow_templates.py
[2024-12-01T02:11:32.009+0000] {processor.py:914} INFO - Processing file /home/airflow/.local/lib/python3.12/site-packages/airflow/example_dags/tutorial_taskflow_templates.py for tasks to queue
[2024-12-01T02:11:32.011+0000] {logging_mixin.py:190} INFO - [2024-12-01T02:11:32.011+0000] {dagbag.py:588} INFO - Filling up the DagBag from /home/airflow/.local/lib/python3.12/site-packages/airflow/example_dags/tutorial_taskflow_templates.py
[2024-12-01T02:11:32.027+0000] {processor.py:925} INFO - DAG(s) 'tutorial_taskflow_templates' retrieved from /home/airflow/.local/lib/python3.12/site-packages/airflow/example_dags/tutorial_taskflow_templates.py
[2024-12-01T02:11:32.047+0000] {logging_mixin.py:190} INFO - [2024-12-01T02:11:32.047+0000] {dag.py:3239} INFO - Sync 1 DAGs
[2024-12-01T02:11:32.074+0000] {logging_mixin.py:190} INFO - [2024-12-01T02:11:32.074+0000] {dag.py:4180} INFO - Setting next_dagrun for tutorial_taskflow_templates to 2024-11-30 00:00:00+00:00, run_after=2024-12-01 00:00:00+00:00
[2024-12-01T02:11:32.092+0000] {processor.py:208} INFO - Processing /home/airflow/.local/lib/python3.12/site-packages/airflow/example_dags/tutorial_taskflow_templates.py took 0.090 seconds
[2024-12-01T02:12:02.654+0000] {processor.py:186} INFO - Started process (PID=50682) to work on /home/airflow/.local/lib/python3.12/site-packages/airflow/example_dags/tutorial_taskflow_templates.py
[2024-12-01T02:12:02.655+0000] {processor.py:914} INFO - Processing file /home/airflow/.local/lib/python3.12/site-packages/airflow/example_dags/tutorial_taskflow_templates.py for tasks to queue
[2024-12-01T02:12:02.657+0000] {logging_mixin.py:190} INFO - [2024-12-01T02:12:02.657+0000] {dagbag.py:588} INFO - Filling up the DagBag from /home/airflow/.local/lib/python3.12/site-packages/airflow/example_dags/tutorial_taskflow_templates.py
[2024-12-01T02:12:02.673+0000] {processor.py:925} INFO - DAG(s) 'tutorial_taskflow_templates' retrieved from /home/airflow/.local/lib/python3.12/site-packages/airflow/example_dags/tutorial_taskflow_templates.py
[2024-12-01T02:12:02.693+0000] {logging_mixin.py:190} INFO - [2024-12-01T02:12:02.692+0000] {dag.py:3239} INFO - Sync 1 DAGs
[2024-12-01T02:12:02.717+0000] {logging_mixin.py:190} INFO - [2024-12-01T02:12:02.716+0000] {dag.py:4180} INFO - Setting next_dagrun for tutorial_taskflow_templates to 2024-11-30 00:00:00+00:00, run_after=2024-12-01 00:00:00+00:00
[2024-12-01T02:12:02.736+0000] {processor.py:208} INFO - Processing /home/airflow/.local/lib/python3.12/site-packages/airflow/example_dags/tutorial_taskflow_templates.py took 0.089 seconds
[2024-12-01T02:12:33.352+0000] {processor.py:186} INFO - Started process (PID=50748) to work on /home/airflow/.local/lib/python3.12/site-packages/airflow/example_dags/tutorial_taskflow_templates.py
[2024-12-01T02:12:33.353+0000] {processor.py:914} INFO - Processing file /home/airflow/.local/lib/python3.12/site-packages/airflow/example_dags/tutorial_taskflow_templates.py for tasks to queue
[2024-12-01T02:12:33.356+0000] {logging_mixin.py:190} INFO - [2024-12-01T02:12:33.355+0000] {dagbag.py:588} INFO - Filling up the DagBag from /home/airflow/.local/lib/python3.12/site-packages/airflow/example_dags/tutorial_taskflow_templates.py
[2024-12-01T02:12:33.370+0000] {processor.py:925} INFO - DAG(s) 'tutorial_taskflow_templates' retrieved from /home/airflow/.local/lib/python3.12/site-packages/airflow/example_dags/tutorial_taskflow_templates.py
[2024-12-01T02:12:33.389+0000] {logging_mixin.py:190} INFO - [2024-12-01T02:12:33.389+0000] {dag.py:3239} INFO - Sync 1 DAGs
[2024-12-01T02:12:33.412+0000] {logging_mixin.py:190} INFO - [2024-12-01T02:12:33.412+0000] {dag.py:4180} INFO - Setting next_dagrun for tutorial_taskflow_templates to 2024-11-30 00:00:00+00:00, run_after=2024-12-01 00:00:00+00:00
[2024-12-01T02:12:33.432+0000] {processor.py:208} INFO - Processing /home/airflow/.local/lib/python3.12/site-packages/airflow/example_dags/tutorial_taskflow_templates.py took 0.087 seconds
[2024-12-01T02:13:04.316+0000] {processor.py:186} INFO - Started process (PID=50814) to work on /home/airflow/.local/lib/python3.12/site-packages/airflow/example_dags/tutorial_taskflow_templates.py
[2024-12-01T02:13:04.317+0000] {processor.py:914} INFO - Processing file /home/airflow/.local/lib/python3.12/site-packages/airflow/example_dags/tutorial_taskflow_templates.py for tasks to queue
[2024-12-01T02:13:04.319+0000] {logging_mixin.py:190} INFO - [2024-12-01T02:13:04.319+0000] {dagbag.py:588} INFO - Filling up the DagBag from /home/airflow/.local/lib/python3.12/site-packages/airflow/example_dags/tutorial_taskflow_templates.py
[2024-12-01T02:13:04.337+0000] {processor.py:925} INFO - DAG(s) 'tutorial_taskflow_templates' retrieved from /home/airflow/.local/lib/python3.12/site-packages/airflow/example_dags/tutorial_taskflow_templates.py
[2024-12-01T02:13:04.355+0000] {logging_mixin.py:190} INFO - [2024-12-01T02:13:04.355+0000] {dag.py:3239} INFO - Sync 1 DAGs
[2024-12-01T02:13:04.377+0000] {logging_mixin.py:190} INFO - [2024-12-01T02:13:04.376+0000] {dag.py:4180} INFO - Setting next_dagrun for tutorial_taskflow_templates to 2024-11-30 00:00:00+00:00, run_after=2024-12-01 00:00:00+00:00
[2024-12-01T02:13:04.395+0000] {processor.py:208} INFO - Processing /home/airflow/.local/lib/python3.12/site-packages/airflow/example_dags/tutorial_taskflow_templates.py took 0.085 seconds
[2024-12-01T02:13:34.848+0000] {processor.py:186} INFO - Started process (PID=50879) to work on /home/airflow/.local/lib/python3.12/site-packages/airflow/example_dags/tutorial_taskflow_templates.py
[2024-12-01T02:13:34.849+0000] {processor.py:914} INFO - Processing file /home/airflow/.local/lib/python3.12/site-packages/airflow/example_dags/tutorial_taskflow_templates.py for tasks to queue
[2024-12-01T02:13:34.851+0000] {logging_mixin.py:190} INFO - [2024-12-01T02:13:34.851+0000] {dagbag.py:588} INFO - Filling up the DagBag from /home/airflow/.local/lib/python3.12/site-packages/airflow/example_dags/tutorial_taskflow_templates.py
[2024-12-01T02:13:34.863+0000] {processor.py:925} INFO - DAG(s) 'tutorial_taskflow_templates' retrieved from /home/airflow/.local/lib/python3.12/site-packages/airflow/example_dags/tutorial_taskflow_templates.py
[2024-12-01T02:13:34.883+0000] {logging_mixin.py:190} INFO - [2024-12-01T02:13:34.882+0000] {dag.py:3239} INFO - Sync 1 DAGs
[2024-12-01T02:13:34.904+0000] {logging_mixin.py:190} INFO - [2024-12-01T02:13:34.903+0000] {dag.py:4180} INFO - Setting next_dagrun for tutorial_taskflow_templates to 2024-11-30 00:00:00+00:00, run_after=2024-12-01 00:00:00+00:00
[2024-12-01T02:13:34.929+0000] {processor.py:208} INFO - Processing /home/airflow/.local/lib/python3.12/site-packages/airflow/example_dags/tutorial_taskflow_templates.py took 0.086 seconds
[2024-12-01T02:14:05.685+0000] {processor.py:186} INFO - Started process (PID=50945) to work on /home/airflow/.local/lib/python3.12/site-packages/airflow/example_dags/tutorial_taskflow_templates.py
[2024-12-01T02:14:05.686+0000] {processor.py:914} INFO - Processing file /home/airflow/.local/lib/python3.12/site-packages/airflow/example_dags/tutorial_taskflow_templates.py for tasks to queue
[2024-12-01T02:14:05.689+0000] {logging_mixin.py:190} INFO - [2024-12-01T02:14:05.688+0000] {dagbag.py:588} INFO - Filling up the DagBag from /home/airflow/.local/lib/python3.12/site-packages/airflow/example_dags/tutorial_taskflow_templates.py
[2024-12-01T02:14:05.701+0000] {processor.py:925} INFO - DAG(s) 'tutorial_taskflow_templates' retrieved from /home/airflow/.local/lib/python3.12/site-packages/airflow/example_dags/tutorial_taskflow_templates.py
[2024-12-01T02:14:05.718+0000] {logging_mixin.py:190} INFO - [2024-12-01T02:14:05.718+0000] {dag.py:3239} INFO - Sync 1 DAGs
[2024-12-01T02:14:05.739+0000] {logging_mixin.py:190} INFO - [2024-12-01T02:14:05.739+0000] {dag.py:4180} INFO - Setting next_dagrun for tutorial_taskflow_templates to 2024-11-30 00:00:00+00:00, run_after=2024-12-01 00:00:00+00:00
[2024-12-01T02:14:05.754+0000] {processor.py:208} INFO - Processing /home/airflow/.local/lib/python3.12/site-packages/airflow/example_dags/tutorial_taskflow_templates.py took 0.075 seconds
[2024-12-01T02:14:37.002+0000] {processor.py:186} INFO - Started process (PID=51011) to work on /home/airflow/.local/lib/python3.12/site-packages/airflow/example_dags/tutorial_taskflow_templates.py
[2024-12-01T02:14:37.003+0000] {processor.py:914} INFO - Processing file /home/airflow/.local/lib/python3.12/site-packages/airflow/example_dags/tutorial_taskflow_templates.py for tasks to queue
[2024-12-01T02:14:37.005+0000] {logging_mixin.py:190} INFO - [2024-12-01T02:14:37.005+0000] {dagbag.py:588} INFO - Filling up the DagBag from /home/airflow/.local/lib/python3.12/site-packages/airflow/example_dags/tutorial_taskflow_templates.py
[2024-12-01T02:14:37.018+0000] {processor.py:925} INFO - DAG(s) 'tutorial_taskflow_templates' retrieved from /home/airflow/.local/lib/python3.12/site-packages/airflow/example_dags/tutorial_taskflow_templates.py
[2024-12-01T02:14:37.036+0000] {logging_mixin.py:190} INFO - [2024-12-01T02:14:37.036+0000] {dag.py:3239} INFO - Sync 1 DAGs
[2024-12-01T02:14:37.058+0000] {logging_mixin.py:190} INFO - [2024-12-01T02:14:37.057+0000] {dag.py:4180} INFO - Setting next_dagrun for tutorial_taskflow_templates to 2024-11-30 00:00:00+00:00, run_after=2024-12-01 00:00:00+00:00
[2024-12-01T02:14:37.075+0000] {processor.py:208} INFO - Processing /home/airflow/.local/lib/python3.12/site-packages/airflow/example_dags/tutorial_taskflow_templates.py took 0.079 seconds
[2024-12-01T02:15:07.849+0000] {processor.py:186} INFO - Started process (PID=51077) to work on /home/airflow/.local/lib/python3.12/site-packages/airflow/example_dags/tutorial_taskflow_templates.py
[2024-12-01T02:15:07.850+0000] {processor.py:914} INFO - Processing file /home/airflow/.local/lib/python3.12/site-packages/airflow/example_dags/tutorial_taskflow_templates.py for tasks to queue
[2024-12-01T02:15:07.852+0000] {logging_mixin.py:190} INFO - [2024-12-01T02:15:07.852+0000] {dagbag.py:588} INFO - Filling up the DagBag from /home/airflow/.local/lib/python3.12/site-packages/airflow/example_dags/tutorial_taskflow_templates.py
[2024-12-01T02:15:07.864+0000] {processor.py:925} INFO - DAG(s) 'tutorial_taskflow_templates' retrieved from /home/airflow/.local/lib/python3.12/site-packages/airflow/example_dags/tutorial_taskflow_templates.py
[2024-12-01T02:15:07.883+0000] {logging_mixin.py:190} INFO - [2024-12-01T02:15:07.883+0000] {dag.py:3239} INFO - Sync 1 DAGs
[2024-12-01T02:15:07.908+0000] {logging_mixin.py:190} INFO - [2024-12-01T02:15:07.908+0000] {dag.py:4180} INFO - Setting next_dagrun for tutorial_taskflow_templates to 2024-11-30 00:00:00+00:00, run_after=2024-12-01 00:00:00+00:00
[2024-12-01T02:15:07.925+0000] {processor.py:208} INFO - Processing /home/airflow/.local/lib/python3.12/site-packages/airflow/example_dags/tutorial_taskflow_templates.py took 0.081 seconds
[2024-12-01T02:15:38.530+0000] {processor.py:186} INFO - Started process (PID=51143) to work on /home/airflow/.local/lib/python3.12/site-packages/airflow/example_dags/tutorial_taskflow_templates.py
[2024-12-01T02:15:38.531+0000] {processor.py:914} INFO - Processing file /home/airflow/.local/lib/python3.12/site-packages/airflow/example_dags/tutorial_taskflow_templates.py for tasks to queue
[2024-12-01T02:15:38.533+0000] {logging_mixin.py:190} INFO - [2024-12-01T02:15:38.533+0000] {dagbag.py:588} INFO - Filling up the DagBag from /home/airflow/.local/lib/python3.12/site-packages/airflow/example_dags/tutorial_taskflow_templates.py
[2024-12-01T02:15:38.545+0000] {processor.py:925} INFO - DAG(s) 'tutorial_taskflow_templates' retrieved from /home/airflow/.local/lib/python3.12/site-packages/airflow/example_dags/tutorial_taskflow_templates.py
[2024-12-01T02:15:38.563+0000] {logging_mixin.py:190} INFO - [2024-12-01T02:15:38.563+0000] {dag.py:3239} INFO - Sync 1 DAGs
[2024-12-01T02:15:38.584+0000] {logging_mixin.py:190} INFO - [2024-12-01T02:15:38.584+0000] {dag.py:4180} INFO - Setting next_dagrun for tutorial_taskflow_templates to 2024-11-30 00:00:00+00:00, run_after=2024-12-01 00:00:00+00:00
[2024-12-01T02:15:38.599+0000] {processor.py:208} INFO - Processing /home/airflow/.local/lib/python3.12/site-packages/airflow/example_dags/tutorial_taskflow_templates.py took 0.074 seconds
[2024-12-01T02:16:09.194+0000] {processor.py:186} INFO - Started process (PID=51209) to work on /home/airflow/.local/lib/python3.12/site-packages/airflow/example_dags/tutorial_taskflow_templates.py
[2024-12-01T02:16:09.195+0000] {processor.py:914} INFO - Processing file /home/airflow/.local/lib/python3.12/site-packages/airflow/example_dags/tutorial_taskflow_templates.py for tasks to queue
[2024-12-01T02:16:09.198+0000] {logging_mixin.py:190} INFO - [2024-12-01T02:16:09.197+0000] {dagbag.py:588} INFO - Filling up the DagBag from /home/airflow/.local/lib/python3.12/site-packages/airflow/example_dags/tutorial_taskflow_templates.py
[2024-12-01T02:16:09.215+0000] {processor.py:925} INFO - DAG(s) 'tutorial_taskflow_templates' retrieved from /home/airflow/.local/lib/python3.12/site-packages/airflow/example_dags/tutorial_taskflow_templates.py
[2024-12-01T02:16:09.234+0000] {logging_mixin.py:190} INFO - [2024-12-01T02:16:09.234+0000] {dag.py:3239} INFO - Sync 1 DAGs
[2024-12-01T02:16:09.255+0000] {logging_mixin.py:190} INFO - [2024-12-01T02:16:09.255+0000] {dag.py:4180} INFO - Setting next_dagrun for tutorial_taskflow_templates to 2024-11-30 00:00:00+00:00, run_after=2024-12-01 00:00:00+00:00
[2024-12-01T02:16:09.271+0000] {processor.py:208} INFO - Processing /home/airflow/.local/lib/python3.12/site-packages/airflow/example_dags/tutorial_taskflow_templates.py took 0.083 seconds
[2024-12-01T02:16:40.470+0000] {processor.py:186} INFO - Started process (PID=51275) to work on /home/airflow/.local/lib/python3.12/site-packages/airflow/example_dags/tutorial_taskflow_templates.py
[2024-12-01T02:16:40.472+0000] {processor.py:914} INFO - Processing file /home/airflow/.local/lib/python3.12/site-packages/airflow/example_dags/tutorial_taskflow_templates.py for tasks to queue
[2024-12-01T02:16:40.475+0000] {logging_mixin.py:190} INFO - [2024-12-01T02:16:40.474+0000] {dagbag.py:588} INFO - Filling up the DagBag from /home/airflow/.local/lib/python3.12/site-packages/airflow/example_dags/tutorial_taskflow_templates.py
[2024-12-01T02:16:40.504+0000] {processor.py:925} INFO - DAG(s) 'tutorial_taskflow_templates' retrieved from /home/airflow/.local/lib/python3.12/site-packages/airflow/example_dags/tutorial_taskflow_templates.py
[2024-12-01T02:16:40.540+0000] {logging_mixin.py:190} INFO - [2024-12-01T02:16:40.540+0000] {dag.py:3239} INFO - Sync 1 DAGs
[2024-12-01T02:16:40.567+0000] {logging_mixin.py:190} INFO - [2024-12-01T02:16:40.567+0000] {dag.py:4180} INFO - Setting next_dagrun for tutorial_taskflow_templates to 2024-11-30 00:00:00+00:00, run_after=2024-12-01 00:00:00+00:00
[2024-12-01T02:16:40.583+0000] {processor.py:208} INFO - Processing /home/airflow/.local/lib/python3.12/site-packages/airflow/example_dags/tutorial_taskflow_templates.py took 0.127 seconds
[2024-12-01T02:17:11.497+0000] {processor.py:186} INFO - Started process (PID=51341) to work on /home/airflow/.local/lib/python3.12/site-packages/airflow/example_dags/tutorial_taskflow_templates.py
[2024-12-01T02:17:11.498+0000] {processor.py:914} INFO - Processing file /home/airflow/.local/lib/python3.12/site-packages/airflow/example_dags/tutorial_taskflow_templates.py for tasks to queue
[2024-12-01T02:17:11.500+0000] {logging_mixin.py:190} INFO - [2024-12-01T02:17:11.500+0000] {dagbag.py:588} INFO - Filling up the DagBag from /home/airflow/.local/lib/python3.12/site-packages/airflow/example_dags/tutorial_taskflow_templates.py
[2024-12-01T02:17:11.513+0000] {processor.py:925} INFO - DAG(s) 'tutorial_taskflow_templates' retrieved from /home/airflow/.local/lib/python3.12/site-packages/airflow/example_dags/tutorial_taskflow_templates.py
[2024-12-01T02:17:11.532+0000] {logging_mixin.py:190} INFO - [2024-12-01T02:17:11.532+0000] {dag.py:3239} INFO - Sync 1 DAGs
[2024-12-01T02:17:11.555+0000] {logging_mixin.py:190} INFO - [2024-12-01T02:17:11.555+0000] {dag.py:4180} INFO - Setting next_dagrun for tutorial_taskflow_templates to 2024-11-30 00:00:00+00:00, run_after=2024-12-01 00:00:00+00:00
[2024-12-01T02:17:11.573+0000] {processor.py:208} INFO - Processing /home/airflow/.local/lib/python3.12/site-packages/airflow/example_dags/tutorial_taskflow_templates.py took 0.081 seconds
[2024-12-01T02:17:42.462+0000] {processor.py:186} INFO - Started process (PID=51407) to work on /home/airflow/.local/lib/python3.12/site-packages/airflow/example_dags/tutorial_taskflow_templates.py
[2024-12-01T02:17:42.463+0000] {processor.py:914} INFO - Processing file /home/airflow/.local/lib/python3.12/site-packages/airflow/example_dags/tutorial_taskflow_templates.py for tasks to queue
[2024-12-01T02:17:42.465+0000] {logging_mixin.py:190} INFO - [2024-12-01T02:17:42.465+0000] {dagbag.py:588} INFO - Filling up the DagBag from /home/airflow/.local/lib/python3.12/site-packages/airflow/example_dags/tutorial_taskflow_templates.py
[2024-12-01T02:17:42.477+0000] {processor.py:925} INFO - DAG(s) 'tutorial_taskflow_templates' retrieved from /home/airflow/.local/lib/python3.12/site-packages/airflow/example_dags/tutorial_taskflow_templates.py
[2024-12-01T02:17:42.499+0000] {logging_mixin.py:190} INFO - [2024-12-01T02:17:42.499+0000] {dag.py:3239} INFO - Sync 1 DAGs
[2024-12-01T02:17:42.522+0000] {logging_mixin.py:190} INFO - [2024-12-01T02:17:42.522+0000] {dag.py:4180} INFO - Setting next_dagrun for tutorial_taskflow_templates to 2024-11-30 00:00:00+00:00, run_after=2024-12-01 00:00:00+00:00
[2024-12-01T02:17:42.549+0000] {processor.py:208} INFO - Processing /home/airflow/.local/lib/python3.12/site-packages/airflow/example_dags/tutorial_taskflow_templates.py took 0.092 seconds
[2024-12-01T02:18:13.594+0000] {processor.py:186} INFO - Started process (PID=51473) to work on /home/airflow/.local/lib/python3.12/site-packages/airflow/example_dags/tutorial_taskflow_templates.py
[2024-12-01T02:18:13.595+0000] {processor.py:914} INFO - Processing file /home/airflow/.local/lib/python3.12/site-packages/airflow/example_dags/tutorial_taskflow_templates.py for tasks to queue
[2024-12-01T02:18:13.597+0000] {logging_mixin.py:190} INFO - [2024-12-01T02:18:13.596+0000] {dagbag.py:588} INFO - Filling up the DagBag from /home/airflow/.local/lib/python3.12/site-packages/airflow/example_dags/tutorial_taskflow_templates.py
[2024-12-01T02:18:13.609+0000] {processor.py:925} INFO - DAG(s) 'tutorial_taskflow_templates' retrieved from /home/airflow/.local/lib/python3.12/site-packages/airflow/example_dags/tutorial_taskflow_templates.py
[2024-12-01T02:18:13.629+0000] {logging_mixin.py:190} INFO - [2024-12-01T02:18:13.628+0000] {dag.py:3239} INFO - Sync 1 DAGs
[2024-12-01T02:18:13.656+0000] {logging_mixin.py:190} INFO - [2024-12-01T02:18:13.655+0000] {dag.py:4180} INFO - Setting next_dagrun for tutorial_taskflow_templates to 2024-11-30 00:00:00+00:00, run_after=2024-12-01 00:00:00+00:00
[2024-12-01T02:18:13.671+0000] {processor.py:208} INFO - Processing /home/airflow/.local/lib/python3.12/site-packages/airflow/example_dags/tutorial_taskflow_templates.py took 0.084 seconds
[2024-12-01T02:18:44.273+0000] {processor.py:186} INFO - Started process (PID=51539) to work on /home/airflow/.local/lib/python3.12/site-packages/airflow/example_dags/tutorial_taskflow_templates.py
[2024-12-01T02:18:44.274+0000] {processor.py:914} INFO - Processing file /home/airflow/.local/lib/python3.12/site-packages/airflow/example_dags/tutorial_taskflow_templates.py for tasks to queue
[2024-12-01T02:18:44.276+0000] {logging_mixin.py:190} INFO - [2024-12-01T02:18:44.276+0000] {dagbag.py:588} INFO - Filling up the DagBag from /home/airflow/.local/lib/python3.12/site-packages/airflow/example_dags/tutorial_taskflow_templates.py
[2024-12-01T02:18:44.289+0000] {processor.py:925} INFO - DAG(s) 'tutorial_taskflow_templates' retrieved from /home/airflow/.local/lib/python3.12/site-packages/airflow/example_dags/tutorial_taskflow_templates.py
[2024-12-01T02:18:44.306+0000] {logging_mixin.py:190} INFO - [2024-12-01T02:18:44.306+0000] {dag.py:3239} INFO - Sync 1 DAGs
[2024-12-01T02:18:44.328+0000] {logging_mixin.py:190} INFO - [2024-12-01T02:18:44.328+0000] {dag.py:4180} INFO - Setting next_dagrun for tutorial_taskflow_templates to 2024-11-30 00:00:00+00:00, run_after=2024-12-01 00:00:00+00:00
[2024-12-01T02:18:44.344+0000] {processor.py:208} INFO - Processing /home/airflow/.local/lib/python3.12/site-packages/airflow/example_dags/tutorial_taskflow_templates.py took 0.078 seconds
[2024-12-01T02:19:15.354+0000] {processor.py:186} INFO - Started process (PID=51606) to work on /home/airflow/.local/lib/python3.12/site-packages/airflow/example_dags/tutorial_taskflow_templates.py
[2024-12-01T02:19:15.355+0000] {processor.py:914} INFO - Processing file /home/airflow/.local/lib/python3.12/site-packages/airflow/example_dags/tutorial_taskflow_templates.py for tasks to queue
[2024-12-01T02:19:15.358+0000] {logging_mixin.py:190} INFO - [2024-12-01T02:19:15.358+0000] {dagbag.py:588} INFO - Filling up the DagBag from /home/airflow/.local/lib/python3.12/site-packages/airflow/example_dags/tutorial_taskflow_templates.py
[2024-12-01T02:19:15.370+0000] {processor.py:925} INFO - DAG(s) 'tutorial_taskflow_templates' retrieved from /home/airflow/.local/lib/python3.12/site-packages/airflow/example_dags/tutorial_taskflow_templates.py
[2024-12-01T02:19:15.390+0000] {logging_mixin.py:190} INFO - [2024-12-01T02:19:15.389+0000] {dag.py:3239} INFO - Sync 1 DAGs
[2024-12-01T02:19:15.413+0000] {logging_mixin.py:190} INFO - [2024-12-01T02:19:15.413+0000] {dag.py:4180} INFO - Setting next_dagrun for tutorial_taskflow_templates to 2024-11-30 00:00:00+00:00, run_after=2024-12-01 00:00:00+00:00
[2024-12-01T02:19:15.430+0000] {processor.py:208} INFO - Processing /home/airflow/.local/lib/python3.12/site-packages/airflow/example_dags/tutorial_taskflow_templates.py took 0.081 seconds
[2024-12-01T02:19:46.443+0000] {processor.py:186} INFO - Started process (PID=51672) to work on /home/airflow/.local/lib/python3.12/site-packages/airflow/example_dags/tutorial_taskflow_templates.py
[2024-12-01T02:19:46.444+0000] {processor.py:914} INFO - Processing file /home/airflow/.local/lib/python3.12/site-packages/airflow/example_dags/tutorial_taskflow_templates.py for tasks to queue
[2024-12-01T02:19:46.446+0000] {logging_mixin.py:190} INFO - [2024-12-01T02:19:46.446+0000] {dagbag.py:588} INFO - Filling up the DagBag from /home/airflow/.local/lib/python3.12/site-packages/airflow/example_dags/tutorial_taskflow_templates.py
[2024-12-01T02:19:46.458+0000] {processor.py:925} INFO - DAG(s) 'tutorial_taskflow_templates' retrieved from /home/airflow/.local/lib/python3.12/site-packages/airflow/example_dags/tutorial_taskflow_templates.py
[2024-12-01T02:19:46.477+0000] {logging_mixin.py:190} INFO - [2024-12-01T02:19:46.477+0000] {dag.py:3239} INFO - Sync 1 DAGs
[2024-12-01T02:19:46.498+0000] {logging_mixin.py:190} INFO - [2024-12-01T02:19:46.498+0000] {dag.py:4180} INFO - Setting next_dagrun for tutorial_taskflow_templates to 2024-11-30 00:00:00+00:00, run_after=2024-12-01 00:00:00+00:00
[2024-12-01T02:19:46.516+0000] {processor.py:208} INFO - Processing /home/airflow/.local/lib/python3.12/site-packages/airflow/example_dags/tutorial_taskflow_templates.py took 0.078 seconds
[2024-12-01T02:20:17.531+0000] {processor.py:186} INFO - Started process (PID=51738) to work on /home/airflow/.local/lib/python3.12/site-packages/airflow/example_dags/tutorial_taskflow_templates.py
[2024-12-01T02:20:17.532+0000] {processor.py:914} INFO - Processing file /home/airflow/.local/lib/python3.12/site-packages/airflow/example_dags/tutorial_taskflow_templates.py for tasks to queue
[2024-12-01T02:20:17.534+0000] {logging_mixin.py:190} INFO - [2024-12-01T02:20:17.534+0000] {dagbag.py:588} INFO - Filling up the DagBag from /home/airflow/.local/lib/python3.12/site-packages/airflow/example_dags/tutorial_taskflow_templates.py
[2024-12-01T02:20:17.547+0000] {processor.py:925} INFO - DAG(s) 'tutorial_taskflow_templates' retrieved from /home/airflow/.local/lib/python3.12/site-packages/airflow/example_dags/tutorial_taskflow_templates.py
[2024-12-01T02:20:17.565+0000] {logging_mixin.py:190} INFO - [2024-12-01T02:20:17.564+0000] {dag.py:3239} INFO - Sync 1 DAGs
[2024-12-01T02:20:17.586+0000] {logging_mixin.py:190} INFO - [2024-12-01T02:20:17.586+0000] {dag.py:4180} INFO - Setting next_dagrun for tutorial_taskflow_templates to 2024-11-30 00:00:00+00:00, run_after=2024-12-01 00:00:00+00:00
[2024-12-01T02:20:17.604+0000] {processor.py:208} INFO - Processing /home/airflow/.local/lib/python3.12/site-packages/airflow/example_dags/tutorial_taskflow_templates.py took 0.078 seconds
[2024-12-01T02:20:48.924+0000] {processor.py:186} INFO - Started process (PID=51804) to work on /home/airflow/.local/lib/python3.12/site-packages/airflow/example_dags/tutorial_taskflow_templates.py
[2024-12-01T02:20:48.925+0000] {processor.py:914} INFO - Processing file /home/airflow/.local/lib/python3.12/site-packages/airflow/example_dags/tutorial_taskflow_templates.py for tasks to queue
[2024-12-01T02:20:48.928+0000] {logging_mixin.py:190} INFO - [2024-12-01T02:20:48.928+0000] {dagbag.py:588} INFO - Filling up the DagBag from /home/airflow/.local/lib/python3.12/site-packages/airflow/example_dags/tutorial_taskflow_templates.py
[2024-12-01T02:20:48.945+0000] {processor.py:925} INFO - DAG(s) 'tutorial_taskflow_templates' retrieved from /home/airflow/.local/lib/python3.12/site-packages/airflow/example_dags/tutorial_taskflow_templates.py
[2024-12-01T02:20:48.963+0000] {logging_mixin.py:190} INFO - [2024-12-01T02:20:48.963+0000] {dag.py:3239} INFO - Sync 1 DAGs
[2024-12-01T02:20:48.984+0000] {logging_mixin.py:190} INFO - [2024-12-01T02:20:48.984+0000] {dag.py:4180} INFO - Setting next_dagrun for tutorial_taskflow_templates to 2024-11-30 00:00:00+00:00, run_after=2024-12-01 00:00:00+00:00
[2024-12-01T02:20:49.000+0000] {processor.py:208} INFO - Processing /home/airflow/.local/lib/python3.12/site-packages/airflow/example_dags/tutorial_taskflow_templates.py took 0.082 seconds
[2024-12-01T02:21:20.414+0000] {processor.py:186} INFO - Started process (PID=51870) to work on /home/airflow/.local/lib/python3.12/site-packages/airflow/example_dags/tutorial_taskflow_templates.py
[2024-12-01T02:21:20.415+0000] {processor.py:914} INFO - Processing file /home/airflow/.local/lib/python3.12/site-packages/airflow/example_dags/tutorial_taskflow_templates.py for tasks to queue
[2024-12-01T02:21:20.417+0000] {logging_mixin.py:190} INFO - [2024-12-01T02:21:20.417+0000] {dagbag.py:588} INFO - Filling up the DagBag from /home/airflow/.local/lib/python3.12/site-packages/airflow/example_dags/tutorial_taskflow_templates.py
[2024-12-01T02:21:20.431+0000] {processor.py:925} INFO - DAG(s) 'tutorial_taskflow_templates' retrieved from /home/airflow/.local/lib/python3.12/site-packages/airflow/example_dags/tutorial_taskflow_templates.py
[2024-12-01T02:21:20.451+0000] {logging_mixin.py:190} INFO - [2024-12-01T02:21:20.451+0000] {dag.py:3239} INFO - Sync 1 DAGs
[2024-12-01T02:21:20.641+0000] {logging_mixin.py:190} INFO - [2024-12-01T02:21:20.640+0000] {dag.py:4180} INFO - Setting next_dagrun for tutorial_taskflow_templates to 2024-11-30 00:00:00+00:00, run_after=2024-12-01 00:00:00+00:00
[2024-12-01T02:21:20.656+0000] {processor.py:208} INFO - Processing /home/airflow/.local/lib/python3.12/site-packages/airflow/example_dags/tutorial_taskflow_templates.py took 0.249 seconds
[2024-12-01T02:21:51.272+0000] {processor.py:186} INFO - Started process (PID=51936) to work on /home/airflow/.local/lib/python3.12/site-packages/airflow/example_dags/tutorial_taskflow_templates.py
[2024-12-01T02:21:51.273+0000] {processor.py:914} INFO - Processing file /home/airflow/.local/lib/python3.12/site-packages/airflow/example_dags/tutorial_taskflow_templates.py for tasks to queue
[2024-12-01T02:21:51.275+0000] {logging_mixin.py:190} INFO - [2024-12-01T02:21:51.275+0000] {dagbag.py:588} INFO - Filling up the DagBag from /home/airflow/.local/lib/python3.12/site-packages/airflow/example_dags/tutorial_taskflow_templates.py
[2024-12-01T02:21:51.287+0000] {processor.py:925} INFO - DAG(s) 'tutorial_taskflow_templates' retrieved from /home/airflow/.local/lib/python3.12/site-packages/airflow/example_dags/tutorial_taskflow_templates.py
[2024-12-01T02:21:51.306+0000] {logging_mixin.py:190} INFO - [2024-12-01T02:21:51.306+0000] {dag.py:3239} INFO - Sync 1 DAGs
[2024-12-01T02:21:51.546+0000] {logging_mixin.py:190} INFO - [2024-12-01T02:21:51.545+0000] {dag.py:4180} INFO - Setting next_dagrun for tutorial_taskflow_templates to 2024-11-30 00:00:00+00:00, run_after=2024-12-01 00:00:00+00:00
[2024-12-01T02:21:51.567+0000] {processor.py:208} INFO - Processing /home/airflow/.local/lib/python3.12/site-packages/airflow/example_dags/tutorial_taskflow_templates.py took 0.300 seconds
[2024-12-01T02:22:22.323+0000] {processor.py:186} INFO - Started process (PID=52002) to work on /home/airflow/.local/lib/python3.12/site-packages/airflow/example_dags/tutorial_taskflow_templates.py
[2024-12-01T02:22:22.324+0000] {processor.py:914} INFO - Processing file /home/airflow/.local/lib/python3.12/site-packages/airflow/example_dags/tutorial_taskflow_templates.py for tasks to queue
[2024-12-01T02:22:22.328+0000] {logging_mixin.py:190} INFO - [2024-12-01T02:22:22.327+0000] {dagbag.py:588} INFO - Filling up the DagBag from /home/airflow/.local/lib/python3.12/site-packages/airflow/example_dags/tutorial_taskflow_templates.py
[2024-12-01T02:22:22.344+0000] {processor.py:925} INFO - DAG(s) 'tutorial_taskflow_templates' retrieved from /home/airflow/.local/lib/python3.12/site-packages/airflow/example_dags/tutorial_taskflow_templates.py
[2024-12-01T02:22:22.361+0000] {logging_mixin.py:190} INFO - [2024-12-01T02:22:22.361+0000] {dag.py:3239} INFO - Sync 1 DAGs
[2024-12-01T02:22:22.385+0000] {logging_mixin.py:190} INFO - [2024-12-01T02:22:22.384+0000] {dag.py:4180} INFO - Setting next_dagrun for tutorial_taskflow_templates to 2024-11-30 00:00:00+00:00, run_after=2024-12-01 00:00:00+00:00
[2024-12-01T02:22:22.545+0000] {processor.py:208} INFO - Processing /home/airflow/.local/lib/python3.12/site-packages/airflow/example_dags/tutorial_taskflow_templates.py took 0.229 seconds
[2024-12-01T02:22:52.967+0000] {processor.py:186} INFO - Started process (PID=52068) to work on /home/airflow/.local/lib/python3.12/site-packages/airflow/example_dags/tutorial_taskflow_templates.py
[2024-12-01T02:22:52.968+0000] {processor.py:914} INFO - Processing file /home/airflow/.local/lib/python3.12/site-packages/airflow/example_dags/tutorial_taskflow_templates.py for tasks to queue
[2024-12-01T02:22:52.971+0000] {logging_mixin.py:190} INFO - [2024-12-01T02:22:52.970+0000] {dagbag.py:588} INFO - Filling up the DagBag from /home/airflow/.local/lib/python3.12/site-packages/airflow/example_dags/tutorial_taskflow_templates.py
[2024-12-01T02:22:52.983+0000] {processor.py:925} INFO - DAG(s) 'tutorial_taskflow_templates' retrieved from /home/airflow/.local/lib/python3.12/site-packages/airflow/example_dags/tutorial_taskflow_templates.py
[2024-12-01T02:22:53.001+0000] {logging_mixin.py:190} INFO - [2024-12-01T02:22:53.001+0000] {dag.py:3239} INFO - Sync 1 DAGs
[2024-12-01T02:22:53.023+0000] {logging_mixin.py:190} INFO - [2024-12-01T02:22:53.023+0000] {dag.py:4180} INFO - Setting next_dagrun for tutorial_taskflow_templates to 2024-11-30 00:00:00+00:00, run_after=2024-12-01 00:00:00+00:00
[2024-12-01T02:22:53.040+0000] {processor.py:208} INFO - Processing /home/airflow/.local/lib/python3.12/site-packages/airflow/example_dags/tutorial_taskflow_templates.py took 0.079 seconds
[2024-12-01T02:23:23.781+0000] {processor.py:186} INFO - Started process (PID=52134) to work on /home/airflow/.local/lib/python3.12/site-packages/airflow/example_dags/tutorial_taskflow_templates.py
[2024-12-01T02:23:23.783+0000] {processor.py:914} INFO - Processing file /home/airflow/.local/lib/python3.12/site-packages/airflow/example_dags/tutorial_taskflow_templates.py for tasks to queue
[2024-12-01T02:23:23.786+0000] {logging_mixin.py:190} INFO - [2024-12-01T02:23:23.786+0000] {dagbag.py:588} INFO - Filling up the DagBag from /home/airflow/.local/lib/python3.12/site-packages/airflow/example_dags/tutorial_taskflow_templates.py
[2024-12-01T02:23:23.962+0000] {processor.py:925} INFO - DAG(s) 'tutorial_taskflow_templates' retrieved from /home/airflow/.local/lib/python3.12/site-packages/airflow/example_dags/tutorial_taskflow_templates.py
[2024-12-01T02:23:23.977+0000] {logging_mixin.py:190} INFO - [2024-12-01T02:23:23.976+0000] {dag.py:3239} INFO - Sync 1 DAGs
[2024-12-01T02:23:23.999+0000] {logging_mixin.py:190} INFO - [2024-12-01T02:23:23.999+0000] {dag.py:4180} INFO - Setting next_dagrun for tutorial_taskflow_templates to 2024-11-30 00:00:00+00:00, run_after=2024-12-01 00:00:00+00:00
[2024-12-01T02:23:24.015+0000] {processor.py:208} INFO - Processing /home/airflow/.local/lib/python3.12/site-packages/airflow/example_dags/tutorial_taskflow_templates.py took 0.247 seconds
[2024-12-01T02:23:55.086+0000] {processor.py:186} INFO - Started process (PID=52200) to work on /home/airflow/.local/lib/python3.12/site-packages/airflow/example_dags/tutorial_taskflow_templates.py
[2024-12-01T02:23:55.087+0000] {processor.py:914} INFO - Processing file /home/airflow/.local/lib/python3.12/site-packages/airflow/example_dags/tutorial_taskflow_templates.py for tasks to queue
[2024-12-01T02:23:55.089+0000] {logging_mixin.py:190} INFO - [2024-12-01T02:23:55.089+0000] {dagbag.py:588} INFO - Filling up the DagBag from /home/airflow/.local/lib/python3.12/site-packages/airflow/example_dags/tutorial_taskflow_templates.py
[2024-12-01T02:23:55.101+0000] {processor.py:925} INFO - DAG(s) 'tutorial_taskflow_templates' retrieved from /home/airflow/.local/lib/python3.12/site-packages/airflow/example_dags/tutorial_taskflow_templates.py
[2024-12-01T02:23:55.121+0000] {logging_mixin.py:190} INFO - [2024-12-01T02:23:55.120+0000] {dag.py:3239} INFO - Sync 1 DAGs
[2024-12-01T02:23:55.142+0000] {logging_mixin.py:190} INFO - [2024-12-01T02:23:55.142+0000] {dag.py:4180} INFO - Setting next_dagrun for tutorial_taskflow_templates to 2024-11-30 00:00:00+00:00, run_after=2024-12-01 00:00:00+00:00
[2024-12-01T02:23:55.157+0000] {processor.py:208} INFO - Processing /home/airflow/.local/lib/python3.12/site-packages/airflow/example_dags/tutorial_taskflow_templates.py took 0.077 seconds
[2024-12-01T02:24:26.487+0000] {processor.py:186} INFO - Started process (PID=52266) to work on /home/airflow/.local/lib/python3.12/site-packages/airflow/example_dags/tutorial_taskflow_templates.py
[2024-12-01T02:24:26.488+0000] {processor.py:914} INFO - Processing file /home/airflow/.local/lib/python3.12/site-packages/airflow/example_dags/tutorial_taskflow_templates.py for tasks to queue
[2024-12-01T02:24:26.490+0000] {logging_mixin.py:190} INFO - [2024-12-01T02:24:26.490+0000] {dagbag.py:588} INFO - Filling up the DagBag from /home/airflow/.local/lib/python3.12/site-packages/airflow/example_dags/tutorial_taskflow_templates.py
[2024-12-01T02:24:26.502+0000] {processor.py:925} INFO - DAG(s) 'tutorial_taskflow_templates' retrieved from /home/airflow/.local/lib/python3.12/site-packages/airflow/example_dags/tutorial_taskflow_templates.py
[2024-12-01T02:24:26.522+0000] {logging_mixin.py:190} INFO - [2024-12-01T02:24:26.522+0000] {dag.py:3239} INFO - Sync 1 DAGs
[2024-12-01T02:24:26.544+0000] {logging_mixin.py:190} INFO - [2024-12-01T02:24:26.544+0000] {dag.py:4180} INFO - Setting next_dagrun for tutorial_taskflow_templates to 2024-11-30 00:00:00+00:00, run_after=2024-12-01 00:00:00+00:00
[2024-12-01T02:24:26.560+0000] {processor.py:208} INFO - Processing /home/airflow/.local/lib/python3.12/site-packages/airflow/example_dags/tutorial_taskflow_templates.py took 0.078 seconds
[2024-12-01T02:24:57.894+0000] {processor.py:186} INFO - Started process (PID=52332) to work on /home/airflow/.local/lib/python3.12/site-packages/airflow/example_dags/tutorial_taskflow_templates.py
[2024-12-01T02:24:57.895+0000] {processor.py:914} INFO - Processing file /home/airflow/.local/lib/python3.12/site-packages/airflow/example_dags/tutorial_taskflow_templates.py for tasks to queue
[2024-12-01T02:24:57.898+0000] {logging_mixin.py:190} INFO - [2024-12-01T02:24:57.897+0000] {dagbag.py:588} INFO - Filling up the DagBag from /home/airflow/.local/lib/python3.12/site-packages/airflow/example_dags/tutorial_taskflow_templates.py
[2024-12-01T02:24:57.910+0000] {processor.py:925} INFO - DAG(s) 'tutorial_taskflow_templates' retrieved from /home/airflow/.local/lib/python3.12/site-packages/airflow/example_dags/tutorial_taskflow_templates.py
[2024-12-01T02:24:57.929+0000] {logging_mixin.py:190} INFO - [2024-12-01T02:24:57.928+0000] {dag.py:3239} INFO - Sync 1 DAGs
[2024-12-01T02:24:57.951+0000] {logging_mixin.py:190} INFO - [2024-12-01T02:24:57.951+0000] {dag.py:4180} INFO - Setting next_dagrun for tutorial_taskflow_templates to 2024-11-30 00:00:00+00:00, run_after=2024-12-01 00:00:00+00:00
[2024-12-01T02:24:57.968+0000] {processor.py:208} INFO - Processing /home/airflow/.local/lib/python3.12/site-packages/airflow/example_dags/tutorial_taskflow_templates.py took 0.079 seconds
[2024-12-01T02:25:28.479+0000] {processor.py:186} INFO - Started process (PID=52398) to work on /home/airflow/.local/lib/python3.12/site-packages/airflow/example_dags/tutorial_taskflow_templates.py
[2024-12-01T02:25:28.479+0000] {processor.py:914} INFO - Processing file /home/airflow/.local/lib/python3.12/site-packages/airflow/example_dags/tutorial_taskflow_templates.py for tasks to queue
[2024-12-01T02:25:28.482+0000] {logging_mixin.py:190} INFO - [2024-12-01T02:25:28.481+0000] {dagbag.py:588} INFO - Filling up the DagBag from /home/airflow/.local/lib/python3.12/site-packages/airflow/example_dags/tutorial_taskflow_templates.py
[2024-12-01T02:25:28.493+0000] {processor.py:925} INFO - DAG(s) 'tutorial_taskflow_templates' retrieved from /home/airflow/.local/lib/python3.12/site-packages/airflow/example_dags/tutorial_taskflow_templates.py
[2024-12-01T02:25:28.511+0000] {logging_mixin.py:190} INFO - [2024-12-01T02:25:28.511+0000] {dag.py:3239} INFO - Sync 1 DAGs
[2024-12-01T02:25:28.533+0000] {logging_mixin.py:190} INFO - [2024-12-01T02:25:28.533+0000] {dag.py:4180} INFO - Setting next_dagrun for tutorial_taskflow_templates to 2024-11-30 00:00:00+00:00, run_after=2024-12-01 00:00:00+00:00
[2024-12-01T02:25:28.550+0000] {processor.py:208} INFO - Processing /home/airflow/.local/lib/python3.12/site-packages/airflow/example_dags/tutorial_taskflow_templates.py took 0.077 seconds
[2024-12-01T02:25:59.125+0000] {processor.py:186} INFO - Started process (PID=52464) to work on /home/airflow/.local/lib/python3.12/site-packages/airflow/example_dags/tutorial_taskflow_templates.py
[2024-12-01T02:25:59.126+0000] {processor.py:914} INFO - Processing file /home/airflow/.local/lib/python3.12/site-packages/airflow/example_dags/tutorial_taskflow_templates.py for tasks to queue
[2024-12-01T02:25:59.128+0000] {logging_mixin.py:190} INFO - [2024-12-01T02:25:59.128+0000] {dagbag.py:588} INFO - Filling up the DagBag from /home/airflow/.local/lib/python3.12/site-packages/airflow/example_dags/tutorial_taskflow_templates.py
[2024-12-01T02:25:59.142+0000] {processor.py:925} INFO - DAG(s) 'tutorial_taskflow_templates' retrieved from /home/airflow/.local/lib/python3.12/site-packages/airflow/example_dags/tutorial_taskflow_templates.py
[2024-12-01T02:25:59.161+0000] {logging_mixin.py:190} INFO - [2024-12-01T02:25:59.161+0000] {dag.py:3239} INFO - Sync 1 DAGs
[2024-12-01T02:25:59.183+0000] {logging_mixin.py:190} INFO - [2024-12-01T02:25:59.183+0000] {dag.py:4180} INFO - Setting next_dagrun for tutorial_taskflow_templates to 2024-11-30 00:00:00+00:00, run_after=2024-12-01 00:00:00+00:00
[2024-12-01T02:25:59.199+0000] {processor.py:208} INFO - Processing /home/airflow/.local/lib/python3.12/site-packages/airflow/example_dags/tutorial_taskflow_templates.py took 0.080 seconds
[2024-12-01T02:26:29.698+0000] {processor.py:186} INFO - Started process (PID=52530) to work on /home/airflow/.local/lib/python3.12/site-packages/airflow/example_dags/tutorial_taskflow_templates.py
[2024-12-01T02:26:29.699+0000] {processor.py:914} INFO - Processing file /home/airflow/.local/lib/python3.12/site-packages/airflow/example_dags/tutorial_taskflow_templates.py for tasks to queue
[2024-12-01T02:26:29.701+0000] {logging_mixin.py:190} INFO - [2024-12-01T02:26:29.701+0000] {dagbag.py:588} INFO - Filling up the DagBag from /home/airflow/.local/lib/python3.12/site-packages/airflow/example_dags/tutorial_taskflow_templates.py
[2024-12-01T02:26:29.714+0000] {processor.py:925} INFO - DAG(s) 'tutorial_taskflow_templates' retrieved from /home/airflow/.local/lib/python3.12/site-packages/airflow/example_dags/tutorial_taskflow_templates.py
[2024-12-01T02:26:29.734+0000] {logging_mixin.py:190} INFO - [2024-12-01T02:26:29.734+0000] {dag.py:3239} INFO - Sync 1 DAGs
[2024-12-01T02:26:29.761+0000] {logging_mixin.py:190} INFO - [2024-12-01T02:26:29.760+0000] {dag.py:4180} INFO - Setting next_dagrun for tutorial_taskflow_templates to 2024-11-30 00:00:00+00:00, run_after=2024-12-01 00:00:00+00:00
[2024-12-01T02:26:29.779+0000] {processor.py:208} INFO - Processing /home/airflow/.local/lib/python3.12/site-packages/airflow/example_dags/tutorial_taskflow_templates.py took 0.086 seconds
[2024-12-01T02:27:00.176+0000] {processor.py:186} INFO - Started process (PID=52602) to work on /home/airflow/.local/lib/python3.12/site-packages/airflow/example_dags/tutorial_taskflow_templates.py
[2024-12-01T02:27:00.177+0000] {processor.py:914} INFO - Processing file /home/airflow/.local/lib/python3.12/site-packages/airflow/example_dags/tutorial_taskflow_templates.py for tasks to queue
[2024-12-01T02:27:00.180+0000] {logging_mixin.py:190} INFO - [2024-12-01T02:27:00.180+0000] {dagbag.py:588} INFO - Filling up the DagBag from /home/airflow/.local/lib/python3.12/site-packages/airflow/example_dags/tutorial_taskflow_templates.py
[2024-12-01T02:27:00.199+0000] {processor.py:925} INFO - DAG(s) 'tutorial_taskflow_templates' retrieved from /home/airflow/.local/lib/python3.12/site-packages/airflow/example_dags/tutorial_taskflow_templates.py
[2024-12-01T02:27:00.217+0000] {logging_mixin.py:190} INFO - [2024-12-01T02:27:00.217+0000] {dag.py:3239} INFO - Sync 1 DAGs
[2024-12-01T02:27:00.238+0000] {logging_mixin.py:190} INFO - [2024-12-01T02:27:00.238+0000] {dag.py:4180} INFO - Setting next_dagrun for tutorial_taskflow_templates to 2024-11-30 00:00:00+00:00, run_after=2024-12-01 00:00:00+00:00
[2024-12-01T02:27:00.257+0000] {processor.py:208} INFO - Processing /home/airflow/.local/lib/python3.12/site-packages/airflow/example_dags/tutorial_taskflow_templates.py took 0.086 seconds
[2024-12-01T02:27:30.833+0000] {processor.py:186} INFO - Started process (PID=52668) to work on /home/airflow/.local/lib/python3.12/site-packages/airflow/example_dags/tutorial_taskflow_templates.py
[2024-12-01T02:27:30.834+0000] {processor.py:914} INFO - Processing file /home/airflow/.local/lib/python3.12/site-packages/airflow/example_dags/tutorial_taskflow_templates.py for tasks to queue
[2024-12-01T02:27:30.837+0000] {logging_mixin.py:190} INFO - [2024-12-01T02:27:30.836+0000] {dagbag.py:588} INFO - Filling up the DagBag from /home/airflow/.local/lib/python3.12/site-packages/airflow/example_dags/tutorial_taskflow_templates.py
[2024-12-01T02:27:30.854+0000] {processor.py:925} INFO - DAG(s) 'tutorial_taskflow_templates' retrieved from /home/airflow/.local/lib/python3.12/site-packages/airflow/example_dags/tutorial_taskflow_templates.py
[2024-12-01T02:27:30.878+0000] {logging_mixin.py:190} INFO - [2024-12-01T02:27:30.877+0000] {dag.py:3239} INFO - Sync 1 DAGs
[2024-12-01T02:27:30.909+0000] {logging_mixin.py:190} INFO - [2024-12-01T02:27:30.908+0000] {dag.py:4180} INFO - Setting next_dagrun for tutorial_taskflow_templates to 2024-11-30 00:00:00+00:00, run_after=2024-12-01 00:00:00+00:00
[2024-12-01T02:27:30.926+0000] {processor.py:208} INFO - Processing /home/airflow/.local/lib/python3.12/site-packages/airflow/example_dags/tutorial_taskflow_templates.py took 0.100 seconds
[2024-12-01T02:28:02.198+0000] {processor.py:186} INFO - Started process (PID=52734) to work on /home/airflow/.local/lib/python3.12/site-packages/airflow/example_dags/tutorial_taskflow_templates.py
[2024-12-01T02:28:02.199+0000] {processor.py:914} INFO - Processing file /home/airflow/.local/lib/python3.12/site-packages/airflow/example_dags/tutorial_taskflow_templates.py for tasks to queue
[2024-12-01T02:28:02.201+0000] {logging_mixin.py:190} INFO - [2024-12-01T02:28:02.201+0000] {dagbag.py:588} INFO - Filling up the DagBag from /home/airflow/.local/lib/python3.12/site-packages/airflow/example_dags/tutorial_taskflow_templates.py
[2024-12-01T02:28:02.213+0000] {processor.py:925} INFO - DAG(s) 'tutorial_taskflow_templates' retrieved from /home/airflow/.local/lib/python3.12/site-packages/airflow/example_dags/tutorial_taskflow_templates.py
[2024-12-01T02:28:02.235+0000] {logging_mixin.py:190} INFO - [2024-12-01T02:28:02.234+0000] {dag.py:3239} INFO - Sync 1 DAGs
[2024-12-01T02:28:02.257+0000] {logging_mixin.py:190} INFO - [2024-12-01T02:28:02.256+0000] {dag.py:4180} INFO - Setting next_dagrun for tutorial_taskflow_templates to 2024-11-30 00:00:00+00:00, run_after=2024-12-01 00:00:00+00:00
[2024-12-01T02:28:02.273+0000] {processor.py:208} INFO - Processing /home/airflow/.local/lib/python3.12/site-packages/airflow/example_dags/tutorial_taskflow_templates.py took 0.080 seconds
[2024-12-01T02:28:32.795+0000] {processor.py:186} INFO - Started process (PID=52800) to work on /home/airflow/.local/lib/python3.12/site-packages/airflow/example_dags/tutorial_taskflow_templates.py
[2024-12-01T02:28:32.796+0000] {processor.py:914} INFO - Processing file /home/airflow/.local/lib/python3.12/site-packages/airflow/example_dags/tutorial_taskflow_templates.py for tasks to queue
[2024-12-01T02:28:32.800+0000] {logging_mixin.py:190} INFO - [2024-12-01T02:28:32.800+0000] {dagbag.py:588} INFO - Filling up the DagBag from /home/airflow/.local/lib/python3.12/site-packages/airflow/example_dags/tutorial_taskflow_templates.py
[2024-12-01T02:28:32.818+0000] {processor.py:925} INFO - DAG(s) 'tutorial_taskflow_templates' retrieved from /home/airflow/.local/lib/python3.12/site-packages/airflow/example_dags/tutorial_taskflow_templates.py
[2024-12-01T02:28:32.837+0000] {logging_mixin.py:190} INFO - [2024-12-01T02:28:32.836+0000] {dag.py:3239} INFO - Sync 1 DAGs
[2024-12-01T02:28:32.862+0000] {logging_mixin.py:190} INFO - [2024-12-01T02:28:32.862+0000] {dag.py:4180} INFO - Setting next_dagrun for tutorial_taskflow_templates to 2024-11-30 00:00:00+00:00, run_after=2024-12-01 00:00:00+00:00
[2024-12-01T02:28:32.879+0000] {processor.py:208} INFO - Processing /home/airflow/.local/lib/python3.12/site-packages/airflow/example_dags/tutorial_taskflow_templates.py took 0.092 seconds
[2024-12-01T02:29:03.264+0000] {processor.py:186} INFO - Started process (PID=52866) to work on /home/airflow/.local/lib/python3.12/site-packages/airflow/example_dags/tutorial_taskflow_templates.py
[2024-12-01T02:29:03.265+0000] {processor.py:914} INFO - Processing file /home/airflow/.local/lib/python3.12/site-packages/airflow/example_dags/tutorial_taskflow_templates.py for tasks to queue
[2024-12-01T02:29:03.268+0000] {logging_mixin.py:190} INFO - [2024-12-01T02:29:03.267+0000] {dagbag.py:588} INFO - Filling up the DagBag from /home/airflow/.local/lib/python3.12/site-packages/airflow/example_dags/tutorial_taskflow_templates.py
[2024-12-01T02:29:03.282+0000] {processor.py:925} INFO - DAG(s) 'tutorial_taskflow_templates' retrieved from /home/airflow/.local/lib/python3.12/site-packages/airflow/example_dags/tutorial_taskflow_templates.py
[2024-12-01T02:29:03.299+0000] {logging_mixin.py:190} INFO - [2024-12-01T02:29:03.299+0000] {dag.py:3239} INFO - Sync 1 DAGs
[2024-12-01T02:29:03.326+0000] {logging_mixin.py:190} INFO - [2024-12-01T02:29:03.326+0000] {dag.py:4180} INFO - Setting next_dagrun for tutorial_taskflow_templates to 2024-11-30 00:00:00+00:00, run_after=2024-12-01 00:00:00+00:00
[2024-12-01T02:29:03.345+0000] {processor.py:208} INFO - Processing /home/airflow/.local/lib/python3.12/site-packages/airflow/example_dags/tutorial_taskflow_templates.py took 0.086 seconds
[2024-12-01T02:29:33.953+0000] {processor.py:186} INFO - Started process (PID=52932) to work on /home/airflow/.local/lib/python3.12/site-packages/airflow/example_dags/tutorial_taskflow_templates.py
[2024-12-01T02:29:33.954+0000] {processor.py:914} INFO - Processing file /home/airflow/.local/lib/python3.12/site-packages/airflow/example_dags/tutorial_taskflow_templates.py for tasks to queue
[2024-12-01T02:29:33.957+0000] {logging_mixin.py:190} INFO - [2024-12-01T02:29:33.956+0000] {dagbag.py:588} INFO - Filling up the DagBag from /home/airflow/.local/lib/python3.12/site-packages/airflow/example_dags/tutorial_taskflow_templates.py
[2024-12-01T02:29:33.969+0000] {processor.py:925} INFO - DAG(s) 'tutorial_taskflow_templates' retrieved from /home/airflow/.local/lib/python3.12/site-packages/airflow/example_dags/tutorial_taskflow_templates.py
[2024-12-01T02:29:33.988+0000] {logging_mixin.py:190} INFO - [2024-12-01T02:29:33.988+0000] {dag.py:3239} INFO - Sync 1 DAGs
[2024-12-01T02:29:34.010+0000] {logging_mixin.py:190} INFO - [2024-12-01T02:29:34.010+0000] {dag.py:4180} INFO - Setting next_dagrun for tutorial_taskflow_templates to 2024-11-30 00:00:00+00:00, run_after=2024-12-01 00:00:00+00:00
[2024-12-01T02:29:34.027+0000] {processor.py:208} INFO - Processing /home/airflow/.local/lib/python3.12/site-packages/airflow/example_dags/tutorial_taskflow_templates.py took 0.079 seconds
[2024-12-01T02:30:05.313+0000] {processor.py:186} INFO - Started process (PID=52998) to work on /home/airflow/.local/lib/python3.12/site-packages/airflow/example_dags/tutorial_taskflow_templates.py
[2024-12-01T02:30:05.314+0000] {processor.py:914} INFO - Processing file /home/airflow/.local/lib/python3.12/site-packages/airflow/example_dags/tutorial_taskflow_templates.py for tasks to queue
[2024-12-01T02:30:05.316+0000] {logging_mixin.py:190} INFO - [2024-12-01T02:30:05.316+0000] {dagbag.py:588} INFO - Filling up the DagBag from /home/airflow/.local/lib/python3.12/site-packages/airflow/example_dags/tutorial_taskflow_templates.py
[2024-12-01T02:30:05.329+0000] {processor.py:925} INFO - DAG(s) 'tutorial_taskflow_templates' retrieved from /home/airflow/.local/lib/python3.12/site-packages/airflow/example_dags/tutorial_taskflow_templates.py
[2024-12-01T02:30:05.348+0000] {logging_mixin.py:190} INFO - [2024-12-01T02:30:05.348+0000] {dag.py:3239} INFO - Sync 1 DAGs
[2024-12-01T02:30:05.370+0000] {logging_mixin.py:190} INFO - [2024-12-01T02:30:05.370+0000] {dag.py:4180} INFO - Setting next_dagrun for tutorial_taskflow_templates to 2024-11-30 00:00:00+00:00, run_after=2024-12-01 00:00:00+00:00
[2024-12-01T02:30:05.387+0000] {processor.py:208} INFO - Processing /home/airflow/.local/lib/python3.12/site-packages/airflow/example_dags/tutorial_taskflow_templates.py took 0.080 seconds
[2024-12-01T02:30:35.771+0000] {processor.py:186} INFO - Started process (PID=53064) to work on /home/airflow/.local/lib/python3.12/site-packages/airflow/example_dags/tutorial_taskflow_templates.py
[2024-12-01T02:30:35.772+0000] {processor.py:914} INFO - Processing file /home/airflow/.local/lib/python3.12/site-packages/airflow/example_dags/tutorial_taskflow_templates.py for tasks to queue
[2024-12-01T02:30:35.774+0000] {logging_mixin.py:190} INFO - [2024-12-01T02:30:35.774+0000] {dagbag.py:588} INFO - Filling up the DagBag from /home/airflow/.local/lib/python3.12/site-packages/airflow/example_dags/tutorial_taskflow_templates.py
[2024-12-01T02:30:35.786+0000] {processor.py:925} INFO - DAG(s) 'tutorial_taskflow_templates' retrieved from /home/airflow/.local/lib/python3.12/site-packages/airflow/example_dags/tutorial_taskflow_templates.py
[2024-12-01T02:30:35.805+0000] {logging_mixin.py:190} INFO - [2024-12-01T02:30:35.805+0000] {dag.py:3239} INFO - Sync 1 DAGs
[2024-12-01T02:30:35.827+0000] {logging_mixin.py:190} INFO - [2024-12-01T02:30:35.827+0000] {dag.py:4180} INFO - Setting next_dagrun for tutorial_taskflow_templates to 2024-11-30 00:00:00+00:00, run_after=2024-12-01 00:00:00+00:00
[2024-12-01T02:30:35.844+0000] {processor.py:208} INFO - Processing /home/airflow/.local/lib/python3.12/site-packages/airflow/example_dags/tutorial_taskflow_templates.py took 0.078 seconds
[2024-12-01T02:31:06.501+0000] {processor.py:186} INFO - Started process (PID=53130) to work on /home/airflow/.local/lib/python3.12/site-packages/airflow/example_dags/tutorial_taskflow_templates.py
[2024-12-01T02:31:06.502+0000] {processor.py:914} INFO - Processing file /home/airflow/.local/lib/python3.12/site-packages/airflow/example_dags/tutorial_taskflow_templates.py for tasks to queue
[2024-12-01T02:31:06.504+0000] {logging_mixin.py:190} INFO - [2024-12-01T02:31:06.503+0000] {dagbag.py:588} INFO - Filling up the DagBag from /home/airflow/.local/lib/python3.12/site-packages/airflow/example_dags/tutorial_taskflow_templates.py
[2024-12-01T02:31:06.517+0000] {processor.py:925} INFO - DAG(s) 'tutorial_taskflow_templates' retrieved from /home/airflow/.local/lib/python3.12/site-packages/airflow/example_dags/tutorial_taskflow_templates.py
[2024-12-01T02:31:06.536+0000] {logging_mixin.py:190} INFO - [2024-12-01T02:31:06.535+0000] {dag.py:3239} INFO - Sync 1 DAGs
[2024-12-01T02:31:06.561+0000] {logging_mixin.py:190} INFO - [2024-12-01T02:31:06.561+0000] {dag.py:4180} INFO - Setting next_dagrun for tutorial_taskflow_templates to 2024-11-30 00:00:00+00:00, run_after=2024-12-01 00:00:00+00:00
[2024-12-01T02:31:06.576+0000] {processor.py:208} INFO - Processing /home/airflow/.local/lib/python3.12/site-packages/airflow/example_dags/tutorial_taskflow_templates.py took 0.081 seconds
[2024-12-01T02:31:37.818+0000] {processor.py:186} INFO - Started process (PID=53196) to work on /home/airflow/.local/lib/python3.12/site-packages/airflow/example_dags/tutorial_taskflow_templates.py
[2024-12-01T02:31:37.819+0000] {processor.py:914} INFO - Processing file /home/airflow/.local/lib/python3.12/site-packages/airflow/example_dags/tutorial_taskflow_templates.py for tasks to queue
[2024-12-01T02:31:37.821+0000] {logging_mixin.py:190} INFO - [2024-12-01T02:31:37.821+0000] {dagbag.py:588} INFO - Filling up the DagBag from /home/airflow/.local/lib/python3.12/site-packages/airflow/example_dags/tutorial_taskflow_templates.py
[2024-12-01T02:31:37.833+0000] {processor.py:925} INFO - DAG(s) 'tutorial_taskflow_templates' retrieved from /home/airflow/.local/lib/python3.12/site-packages/airflow/example_dags/tutorial_taskflow_templates.py
[2024-12-01T02:31:37.851+0000] {logging_mixin.py:190} INFO - [2024-12-01T02:31:37.851+0000] {dag.py:3239} INFO - Sync 1 DAGs
[2024-12-01T02:31:37.873+0000] {logging_mixin.py:190} INFO - [2024-12-01T02:31:37.873+0000] {dag.py:4180} INFO - Setting next_dagrun for tutorial_taskflow_templates to 2024-11-30 00:00:00+00:00, run_after=2024-12-01 00:00:00+00:00
[2024-12-01T02:31:37.890+0000] {processor.py:208} INFO - Processing /home/airflow/.local/lib/python3.12/site-packages/airflow/example_dags/tutorial_taskflow_templates.py took 0.077 seconds
[2024-12-01T02:32:08.369+0000] {processor.py:186} INFO - Started process (PID=53262) to work on /home/airflow/.local/lib/python3.12/site-packages/airflow/example_dags/tutorial_taskflow_templates.py
[2024-12-01T02:32:08.370+0000] {processor.py:914} INFO - Processing file /home/airflow/.local/lib/python3.12/site-packages/airflow/example_dags/tutorial_taskflow_templates.py for tasks to queue
[2024-12-01T02:32:08.372+0000] {logging_mixin.py:190} INFO - [2024-12-01T02:32:08.372+0000] {dagbag.py:588} INFO - Filling up the DagBag from /home/airflow/.local/lib/python3.12/site-packages/airflow/example_dags/tutorial_taskflow_templates.py
[2024-12-01T02:32:08.384+0000] {processor.py:925} INFO - DAG(s) 'tutorial_taskflow_templates' retrieved from /home/airflow/.local/lib/python3.12/site-packages/airflow/example_dags/tutorial_taskflow_templates.py
[2024-12-01T02:32:08.403+0000] {logging_mixin.py:190} INFO - [2024-12-01T02:32:08.403+0000] {dag.py:3239} INFO - Sync 1 DAGs
[2024-12-01T02:32:08.428+0000] {logging_mixin.py:190} INFO - [2024-12-01T02:32:08.427+0000] {dag.py:4180} INFO - Setting next_dagrun for tutorial_taskflow_templates to 2024-11-30 00:00:00+00:00, run_after=2024-12-01 00:00:00+00:00
[2024-12-01T02:32:08.444+0000] {processor.py:208} INFO - Processing /home/airflow/.local/lib/python3.12/site-packages/airflow/example_dags/tutorial_taskflow_templates.py took 0.080 seconds
[2024-12-01T02:32:38.916+0000] {processor.py:186} INFO - Started process (PID=53328) to work on /home/airflow/.local/lib/python3.12/site-packages/airflow/example_dags/tutorial_taskflow_templates.py
[2024-12-01T02:32:38.917+0000] {processor.py:914} INFO - Processing file /home/airflow/.local/lib/python3.12/site-packages/airflow/example_dags/tutorial_taskflow_templates.py for tasks to queue
[2024-12-01T02:32:38.919+0000] {logging_mixin.py:190} INFO - [2024-12-01T02:32:38.919+0000] {dagbag.py:588} INFO - Filling up the DagBag from /home/airflow/.local/lib/python3.12/site-packages/airflow/example_dags/tutorial_taskflow_templates.py
[2024-12-01T02:32:38.932+0000] {processor.py:925} INFO - DAG(s) 'tutorial_taskflow_templates' retrieved from /home/airflow/.local/lib/python3.12/site-packages/airflow/example_dags/tutorial_taskflow_templates.py
[2024-12-01T02:32:38.953+0000] {logging_mixin.py:190} INFO - [2024-12-01T02:32:38.952+0000] {dag.py:3239} INFO - Sync 1 DAGs
[2024-12-01T02:32:38.980+0000] {logging_mixin.py:190} INFO - [2024-12-01T02:32:38.980+0000] {dag.py:4180} INFO - Setting next_dagrun for tutorial_taskflow_templates to 2024-11-30 00:00:00+00:00, run_after=2024-12-01 00:00:00+00:00
[2024-12-01T02:32:38.997+0000] {processor.py:208} INFO - Processing /home/airflow/.local/lib/python3.12/site-packages/airflow/example_dags/tutorial_taskflow_templates.py took 0.087 seconds
[2024-12-01T02:33:09.424+0000] {processor.py:186} INFO - Started process (PID=53394) to work on /home/airflow/.local/lib/python3.12/site-packages/airflow/example_dags/tutorial_taskflow_templates.py
[2024-12-01T02:33:09.425+0000] {processor.py:914} INFO - Processing file /home/airflow/.local/lib/python3.12/site-packages/airflow/example_dags/tutorial_taskflow_templates.py for tasks to queue
[2024-12-01T02:33:09.427+0000] {logging_mixin.py:190} INFO - [2024-12-01T02:33:09.427+0000] {dagbag.py:588} INFO - Filling up the DagBag from /home/airflow/.local/lib/python3.12/site-packages/airflow/example_dags/tutorial_taskflow_templates.py
[2024-12-01T02:33:09.439+0000] {processor.py:925} INFO - DAG(s) 'tutorial_taskflow_templates' retrieved from /home/airflow/.local/lib/python3.12/site-packages/airflow/example_dags/tutorial_taskflow_templates.py
[2024-12-01T02:33:09.458+0000] {logging_mixin.py:190} INFO - [2024-12-01T02:33:09.457+0000] {dag.py:3239} INFO - Sync 1 DAGs
[2024-12-01T02:33:09.479+0000] {logging_mixin.py:190} INFO - [2024-12-01T02:33:09.479+0000] {dag.py:4180} INFO - Setting next_dagrun for tutorial_taskflow_templates to 2024-11-30 00:00:00+00:00, run_after=2024-12-01 00:00:00+00:00
[2024-12-01T02:33:09.496+0000] {processor.py:208} INFO - Processing /home/airflow/.local/lib/python3.12/site-packages/airflow/example_dags/tutorial_taskflow_templates.py took 0.077 seconds
[2024-12-01T02:33:40.274+0000] {processor.py:186} INFO - Started process (PID=53460) to work on /home/airflow/.local/lib/python3.12/site-packages/airflow/example_dags/tutorial_taskflow_templates.py
[2024-12-01T02:33:40.275+0000] {processor.py:914} INFO - Processing file /home/airflow/.local/lib/python3.12/site-packages/airflow/example_dags/tutorial_taskflow_templates.py for tasks to queue
[2024-12-01T02:33:40.277+0000] {logging_mixin.py:190} INFO - [2024-12-01T02:33:40.277+0000] {dagbag.py:588} INFO - Filling up the DagBag from /home/airflow/.local/lib/python3.12/site-packages/airflow/example_dags/tutorial_taskflow_templates.py
[2024-12-01T02:33:40.294+0000] {processor.py:925} INFO - DAG(s) 'tutorial_taskflow_templates' retrieved from /home/airflow/.local/lib/python3.12/site-packages/airflow/example_dags/tutorial_taskflow_templates.py
[2024-12-01T02:33:40.312+0000] {logging_mixin.py:190} INFO - [2024-12-01T02:33:40.312+0000] {dag.py:3239} INFO - Sync 1 DAGs
[2024-12-01T02:33:40.333+0000] {logging_mixin.py:190} INFO - [2024-12-01T02:33:40.333+0000] {dag.py:4180} INFO - Setting next_dagrun for tutorial_taskflow_templates to 2024-11-30 00:00:00+00:00, run_after=2024-12-01 00:00:00+00:00
[2024-12-01T02:33:40.350+0000] {processor.py:208} INFO - Processing /home/airflow/.local/lib/python3.12/site-packages/airflow/example_dags/tutorial_taskflow_templates.py took 0.081 seconds
[2024-12-01T02:34:10.785+0000] {processor.py:186} INFO - Started process (PID=53526) to work on /home/airflow/.local/lib/python3.12/site-packages/airflow/example_dags/tutorial_taskflow_templates.py
[2024-12-01T02:34:10.786+0000] {processor.py:914} INFO - Processing file /home/airflow/.local/lib/python3.12/site-packages/airflow/example_dags/tutorial_taskflow_templates.py for tasks to queue
[2024-12-01T02:34:10.788+0000] {logging_mixin.py:190} INFO - [2024-12-01T02:34:10.788+0000] {dagbag.py:588} INFO - Filling up the DagBag from /home/airflow/.local/lib/python3.12/site-packages/airflow/example_dags/tutorial_taskflow_templates.py
[2024-12-01T02:34:10.801+0000] {processor.py:925} INFO - DAG(s) 'tutorial_taskflow_templates' retrieved from /home/airflow/.local/lib/python3.12/site-packages/airflow/example_dags/tutorial_taskflow_templates.py
[2024-12-01T02:34:10.819+0000] {logging_mixin.py:190} INFO - [2024-12-01T02:34:10.819+0000] {dag.py:3239} INFO - Sync 1 DAGs
[2024-12-01T02:34:10.841+0000] {logging_mixin.py:190} INFO - [2024-12-01T02:34:10.841+0000] {dag.py:4180} INFO - Setting next_dagrun for tutorial_taskflow_templates to 2024-11-30 00:00:00+00:00, run_after=2024-12-01 00:00:00+00:00
[2024-12-01T02:34:10.859+0000] {processor.py:208} INFO - Processing /home/airflow/.local/lib/python3.12/site-packages/airflow/example_dags/tutorial_taskflow_templates.py took 0.079 seconds
