[2024-12-01T02:10:57.624+0000] {processor.py:186} INFO - Started process (PID=50528) to work on /home/airflow/.local/lib/python3.12/site-packages/airflow/example_dags/tutorial_objectstorage.py
[2024-12-01T02:10:57.625+0000] {processor.py:914} INFO - Processing file /home/airflow/.local/lib/python3.12/site-packages/airflow/example_dags/tutorial_objectstorage.py for tasks to queue
[2024-12-01T02:10:57.629+0000] {logging_mixin.py:190} INFO - [2024-12-01T02:10:57.629+0000] {dagbag.py:588} INFO - Filling up the DagBag from /home/airflow/.local/lib/python3.12/site-packages/airflow/example_dags/tutorial_objectstorage.py
[2024-12-01T02:10:57.658+0000] {processor.py:925} INFO - DAG(s) 'tutorial_objectstorage' retrieved from /home/airflow/.local/lib/python3.12/site-packages/airflow/example_dags/tutorial_objectstorage.py
[2024-12-01T02:10:57.694+0000] {logging_mixin.py:190} INFO - [2024-12-01T02:10:57.694+0000] {dag.py:3239} INFO - Sync 1 DAGs
[2024-12-01T02:10:57.755+0000] {logging_mixin.py:190} INFO - [2024-12-01T02:10:57.755+0000] {dag.py:4180} INFO - Setting next_dagrun for tutorial_objectstorage to None, run_after=None
[2024-12-01T02:10:57.809+0000] {processor.py:208} INFO - Processing /home/airflow/.local/lib/python3.12/site-packages/airflow/example_dags/tutorial_objectstorage.py took 0.198 seconds
[2024-12-01T02:11:28.716+0000] {processor.py:186} INFO - Started process (PID=50601) to work on /home/airflow/.local/lib/python3.12/site-packages/airflow/example_dags/tutorial_objectstorage.py
[2024-12-01T02:11:28.717+0000] {processor.py:914} INFO - Processing file /home/airflow/.local/lib/python3.12/site-packages/airflow/example_dags/tutorial_objectstorage.py for tasks to queue
[2024-12-01T02:11:28.719+0000] {logging_mixin.py:190} INFO - [2024-12-01T02:11:28.719+0000] {dagbag.py:588} INFO - Filling up the DagBag from /home/airflow/.local/lib/python3.12/site-packages/airflow/example_dags/tutorial_objectstorage.py
[2024-12-01T02:11:28.728+0000] {processor.py:925} INFO - DAG(s) 'tutorial_objectstorage' retrieved from /home/airflow/.local/lib/python3.12/site-packages/airflow/example_dags/tutorial_objectstorage.py
[2024-12-01T02:11:28.748+0000] {logging_mixin.py:190} INFO - [2024-12-01T02:11:28.748+0000] {dag.py:3239} INFO - Sync 1 DAGs
[2024-12-01T02:11:28.768+0000] {logging_mixin.py:190} INFO - [2024-12-01T02:11:28.768+0000] {dag.py:4180} INFO - Setting next_dagrun for tutorial_objectstorage to None, run_after=None
[2024-12-01T02:11:28.790+0000] {processor.py:208} INFO - Processing /home/airflow/.local/lib/python3.12/site-packages/airflow/example_dags/tutorial_objectstorage.py took 0.081 seconds
[2024-12-01T02:11:59.575+0000] {processor.py:186} INFO - Started process (PID=50667) to work on /home/airflow/.local/lib/python3.12/site-packages/airflow/example_dags/tutorial_objectstorage.py
[2024-12-01T02:11:59.576+0000] {processor.py:914} INFO - Processing file /home/airflow/.local/lib/python3.12/site-packages/airflow/example_dags/tutorial_objectstorage.py for tasks to queue
[2024-12-01T02:11:59.579+0000] {logging_mixin.py:190} INFO - [2024-12-01T02:11:59.578+0000] {dagbag.py:588} INFO - Filling up the DagBag from /home/airflow/.local/lib/python3.12/site-packages/airflow/example_dags/tutorial_objectstorage.py
[2024-12-01T02:11:59.587+0000] {processor.py:925} INFO - DAG(s) 'tutorial_objectstorage' retrieved from /home/airflow/.local/lib/python3.12/site-packages/airflow/example_dags/tutorial_objectstorage.py
[2024-12-01T02:11:59.604+0000] {logging_mixin.py:190} INFO - [2024-12-01T02:11:59.604+0000] {dag.py:3239} INFO - Sync 1 DAGs
[2024-12-01T02:11:59.617+0000] {logging_mixin.py:190} INFO - [2024-12-01T02:11:59.617+0000] {dag.py:4180} INFO - Setting next_dagrun for tutorial_objectstorage to None, run_after=None
[2024-12-01T02:11:59.634+0000] {processor.py:208} INFO - Processing /home/airflow/.local/lib/python3.12/site-packages/airflow/example_dags/tutorial_objectstorage.py took 0.064 seconds
[2024-12-01T02:12:31.048+0000] {processor.py:186} INFO - Started process (PID=50733) to work on /home/airflow/.local/lib/python3.12/site-packages/airflow/example_dags/tutorial_objectstorage.py
[2024-12-01T02:12:31.049+0000] {processor.py:914} INFO - Processing file /home/airflow/.local/lib/python3.12/site-packages/airflow/example_dags/tutorial_objectstorage.py for tasks to queue
[2024-12-01T02:12:31.051+0000] {logging_mixin.py:190} INFO - [2024-12-01T02:12:31.051+0000] {dagbag.py:588} INFO - Filling up the DagBag from /home/airflow/.local/lib/python3.12/site-packages/airflow/example_dags/tutorial_objectstorage.py
[2024-12-01T02:12:31.059+0000] {processor.py:925} INFO - DAG(s) 'tutorial_objectstorage' retrieved from /home/airflow/.local/lib/python3.12/site-packages/airflow/example_dags/tutorial_objectstorage.py
[2024-12-01T02:12:31.077+0000] {logging_mixin.py:190} INFO - [2024-12-01T02:12:31.076+0000] {dag.py:3239} INFO - Sync 1 DAGs
[2024-12-01T02:12:31.090+0000] {logging_mixin.py:190} INFO - [2024-12-01T02:12:31.090+0000] {dag.py:4180} INFO - Setting next_dagrun for tutorial_objectstorage to None, run_after=None
[2024-12-01T02:12:31.106+0000] {processor.py:208} INFO - Processing /home/airflow/.local/lib/python3.12/site-packages/airflow/example_dags/tutorial_objectstorage.py took 0.064 seconds
[2024-12-01T02:13:01.854+0000] {processor.py:186} INFO - Started process (PID=50799) to work on /home/airflow/.local/lib/python3.12/site-packages/airflow/example_dags/tutorial_objectstorage.py
[2024-12-01T02:13:01.854+0000] {processor.py:914} INFO - Processing file /home/airflow/.local/lib/python3.12/site-packages/airflow/example_dags/tutorial_objectstorage.py for tasks to queue
[2024-12-01T02:13:01.856+0000] {logging_mixin.py:190} INFO - [2024-12-01T02:13:01.856+0000] {dagbag.py:588} INFO - Filling up the DagBag from /home/airflow/.local/lib/python3.12/site-packages/airflow/example_dags/tutorial_objectstorage.py
[2024-12-01T02:13:01.865+0000] {processor.py:925} INFO - DAG(s) 'tutorial_objectstorage' retrieved from /home/airflow/.local/lib/python3.12/site-packages/airflow/example_dags/tutorial_objectstorage.py
[2024-12-01T02:13:01.889+0000] {logging_mixin.py:190} INFO - [2024-12-01T02:13:01.889+0000] {dag.py:3239} INFO - Sync 1 DAGs
[2024-12-01T02:13:01.911+0000] {logging_mixin.py:190} INFO - [2024-12-01T02:13:01.911+0000] {dag.py:4180} INFO - Setting next_dagrun for tutorial_objectstorage to None, run_after=None
[2024-12-01T02:13:01.938+0000] {processor.py:208} INFO - Processing /home/airflow/.local/lib/python3.12/site-packages/airflow/example_dags/tutorial_objectstorage.py took 0.090 seconds
[2024-12-01T02:13:32.577+0000] {processor.py:186} INFO - Started process (PID=50865) to work on /home/airflow/.local/lib/python3.12/site-packages/airflow/example_dags/tutorial_objectstorage.py
[2024-12-01T02:13:32.578+0000] {processor.py:914} INFO - Processing file /home/airflow/.local/lib/python3.12/site-packages/airflow/example_dags/tutorial_objectstorage.py for tasks to queue
[2024-12-01T02:13:32.581+0000] {logging_mixin.py:190} INFO - [2024-12-01T02:13:32.580+0000] {dagbag.py:588} INFO - Filling up the DagBag from /home/airflow/.local/lib/python3.12/site-packages/airflow/example_dags/tutorial_objectstorage.py
[2024-12-01T02:13:32.589+0000] {processor.py:925} INFO - DAG(s) 'tutorial_objectstorage' retrieved from /home/airflow/.local/lib/python3.12/site-packages/airflow/example_dags/tutorial_objectstorage.py
[2024-12-01T02:13:32.607+0000] {logging_mixin.py:190} INFO - [2024-12-01T02:13:32.607+0000] {dag.py:3239} INFO - Sync 1 DAGs
[2024-12-01T02:13:32.620+0000] {logging_mixin.py:190} INFO - [2024-12-01T02:13:32.620+0000] {dag.py:4180} INFO - Setting next_dagrun for tutorial_objectstorage to None, run_after=None
[2024-12-01T02:13:32.647+0000] {processor.py:208} INFO - Processing /home/airflow/.local/lib/python3.12/site-packages/airflow/example_dags/tutorial_objectstorage.py took 0.075 seconds
[2024-12-01T02:14:03.358+0000] {processor.py:186} INFO - Started process (PID=50931) to work on /home/airflow/.local/lib/python3.12/site-packages/airflow/example_dags/tutorial_objectstorage.py
[2024-12-01T02:14:03.359+0000] {processor.py:914} INFO - Processing file /home/airflow/.local/lib/python3.12/site-packages/airflow/example_dags/tutorial_objectstorage.py for tasks to queue
[2024-12-01T02:14:03.361+0000] {logging_mixin.py:190} INFO - [2024-12-01T02:14:03.361+0000] {dagbag.py:588} INFO - Filling up the DagBag from /home/airflow/.local/lib/python3.12/site-packages/airflow/example_dags/tutorial_objectstorage.py
[2024-12-01T02:14:03.369+0000] {processor.py:925} INFO - DAG(s) 'tutorial_objectstorage' retrieved from /home/airflow/.local/lib/python3.12/site-packages/airflow/example_dags/tutorial_objectstorage.py
[2024-12-01T02:14:03.385+0000] {logging_mixin.py:190} INFO - [2024-12-01T02:14:03.385+0000] {dag.py:3239} INFO - Sync 1 DAGs
[2024-12-01T02:14:03.399+0000] {logging_mixin.py:190} INFO - [2024-12-01T02:14:03.399+0000] {dag.py:4180} INFO - Setting next_dagrun for tutorial_objectstorage to None, run_after=None
[2024-12-01T02:14:03.414+0000] {processor.py:208} INFO - Processing /home/airflow/.local/lib/python3.12/site-packages/airflow/example_dags/tutorial_objectstorage.py took 0.062 seconds
[2024-12-01T02:14:34.605+0000] {processor.py:186} INFO - Started process (PID=50997) to work on /home/airflow/.local/lib/python3.12/site-packages/airflow/example_dags/tutorial_objectstorage.py
[2024-12-01T02:14:34.606+0000] {processor.py:914} INFO - Processing file /home/airflow/.local/lib/python3.12/site-packages/airflow/example_dags/tutorial_objectstorage.py for tasks to queue
[2024-12-01T02:14:34.608+0000] {logging_mixin.py:190} INFO - [2024-12-01T02:14:34.608+0000] {dagbag.py:588} INFO - Filling up the DagBag from /home/airflow/.local/lib/python3.12/site-packages/airflow/example_dags/tutorial_objectstorage.py
[2024-12-01T02:14:34.617+0000] {processor.py:925} INFO - DAG(s) 'tutorial_objectstorage' retrieved from /home/airflow/.local/lib/python3.12/site-packages/airflow/example_dags/tutorial_objectstorage.py
[2024-12-01T02:14:34.634+0000] {logging_mixin.py:190} INFO - [2024-12-01T02:14:34.634+0000] {dag.py:3239} INFO - Sync 1 DAGs
[2024-12-01T02:14:34.649+0000] {logging_mixin.py:190} INFO - [2024-12-01T02:14:34.649+0000] {dag.py:4180} INFO - Setting next_dagrun for tutorial_objectstorage to None, run_after=None
[2024-12-01T02:14:34.666+0000] {processor.py:208} INFO - Processing /home/airflow/.local/lib/python3.12/site-packages/airflow/example_dags/tutorial_objectstorage.py took 0.066 seconds
[2024-12-01T02:15:05.335+0000] {processor.py:186} INFO - Started process (PID=51063) to work on /home/airflow/.local/lib/python3.12/site-packages/airflow/example_dags/tutorial_objectstorage.py
[2024-12-01T02:15:05.335+0000] {processor.py:914} INFO - Processing file /home/airflow/.local/lib/python3.12/site-packages/airflow/example_dags/tutorial_objectstorage.py for tasks to queue
[2024-12-01T02:15:05.338+0000] {logging_mixin.py:190} INFO - [2024-12-01T02:15:05.337+0000] {dagbag.py:588} INFO - Filling up the DagBag from /home/airflow/.local/lib/python3.12/site-packages/airflow/example_dags/tutorial_objectstorage.py
[2024-12-01T02:15:05.347+0000] {processor.py:925} INFO - DAG(s) 'tutorial_objectstorage' retrieved from /home/airflow/.local/lib/python3.12/site-packages/airflow/example_dags/tutorial_objectstorage.py
[2024-12-01T02:15:05.364+0000] {logging_mixin.py:190} INFO - [2024-12-01T02:15:05.364+0000] {dag.py:3239} INFO - Sync 1 DAGs
[2024-12-01T02:15:05.378+0000] {logging_mixin.py:190} INFO - [2024-12-01T02:15:05.378+0000] {dag.py:4180} INFO - Setting next_dagrun for tutorial_objectstorage to None, run_after=None
[2024-12-01T02:15:05.396+0000] {processor.py:208} INFO - Processing /home/airflow/.local/lib/python3.12/site-packages/airflow/example_dags/tutorial_objectstorage.py took 0.067 seconds
[2024-12-01T02:15:36.285+0000] {processor.py:186} INFO - Started process (PID=51129) to work on /home/airflow/.local/lib/python3.12/site-packages/airflow/example_dags/tutorial_objectstorage.py
[2024-12-01T02:15:36.286+0000] {processor.py:914} INFO - Processing file /home/airflow/.local/lib/python3.12/site-packages/airflow/example_dags/tutorial_objectstorage.py for tasks to queue
[2024-12-01T02:15:36.288+0000] {logging_mixin.py:190} INFO - [2024-12-01T02:15:36.288+0000] {dagbag.py:588} INFO - Filling up the DagBag from /home/airflow/.local/lib/python3.12/site-packages/airflow/example_dags/tutorial_objectstorage.py
[2024-12-01T02:15:36.296+0000] {processor.py:925} INFO - DAG(s) 'tutorial_objectstorage' retrieved from /home/airflow/.local/lib/python3.12/site-packages/airflow/example_dags/tutorial_objectstorage.py
[2024-12-01T02:15:36.312+0000] {logging_mixin.py:190} INFO - [2024-12-01T02:15:36.312+0000] {dag.py:3239} INFO - Sync 1 DAGs
[2024-12-01T02:15:36.325+0000] {logging_mixin.py:190} INFO - [2024-12-01T02:15:36.325+0000] {dag.py:4180} INFO - Setting next_dagrun for tutorial_objectstorage to None, run_after=None
[2024-12-01T02:15:36.340+0000] {processor.py:208} INFO - Processing /home/airflow/.local/lib/python3.12/site-packages/airflow/example_dags/tutorial_objectstorage.py took 0.060 seconds
[2024-12-01T02:16:07.349+0000] {processor.py:186} INFO - Started process (PID=51195) to work on /home/airflow/.local/lib/python3.12/site-packages/airflow/example_dags/tutorial_objectstorage.py
[2024-12-01T02:16:07.350+0000] {processor.py:914} INFO - Processing file /home/airflow/.local/lib/python3.12/site-packages/airflow/example_dags/tutorial_objectstorage.py for tasks to queue
[2024-12-01T02:16:07.352+0000] {logging_mixin.py:190} INFO - [2024-12-01T02:16:07.352+0000] {dagbag.py:588} INFO - Filling up the DagBag from /home/airflow/.local/lib/python3.12/site-packages/airflow/example_dags/tutorial_objectstorage.py
[2024-12-01T02:16:07.361+0000] {processor.py:925} INFO - DAG(s) 'tutorial_objectstorage' retrieved from /home/airflow/.local/lib/python3.12/site-packages/airflow/example_dags/tutorial_objectstorage.py
[2024-12-01T02:16:07.378+0000] {logging_mixin.py:190} INFO - [2024-12-01T02:16:07.377+0000] {dag.py:3239} INFO - Sync 1 DAGs
[2024-12-01T02:16:07.391+0000] {logging_mixin.py:190} INFO - [2024-12-01T02:16:07.390+0000] {dag.py:4180} INFO - Setting next_dagrun for tutorial_objectstorage to None, run_after=None
[2024-12-01T02:16:07.407+0000] {processor.py:208} INFO - Processing /home/airflow/.local/lib/python3.12/site-packages/airflow/example_dags/tutorial_objectstorage.py took 0.063 seconds
[2024-12-01T02:16:37.881+0000] {processor.py:186} INFO - Started process (PID=51261) to work on /home/airflow/.local/lib/python3.12/site-packages/airflow/example_dags/tutorial_objectstorage.py
[2024-12-01T02:16:37.882+0000] {processor.py:914} INFO - Processing file /home/airflow/.local/lib/python3.12/site-packages/airflow/example_dags/tutorial_objectstorage.py for tasks to queue
[2024-12-01T02:16:37.885+0000] {logging_mixin.py:190} INFO - [2024-12-01T02:16:37.884+0000] {dagbag.py:588} INFO - Filling up the DagBag from /home/airflow/.local/lib/python3.12/site-packages/airflow/example_dags/tutorial_objectstorage.py
[2024-12-01T02:16:37.893+0000] {processor.py:925} INFO - DAG(s) 'tutorial_objectstorage' retrieved from /home/airflow/.local/lib/python3.12/site-packages/airflow/example_dags/tutorial_objectstorage.py
[2024-12-01T02:16:37.911+0000] {logging_mixin.py:190} INFO - [2024-12-01T02:16:37.911+0000] {dag.py:3239} INFO - Sync 1 DAGs
[2024-12-01T02:16:37.928+0000] {logging_mixin.py:190} INFO - [2024-12-01T02:16:37.927+0000] {dag.py:4180} INFO - Setting next_dagrun for tutorial_objectstorage to None, run_after=None
[2024-12-01T02:16:37.946+0000] {processor.py:208} INFO - Processing /home/airflow/.local/lib/python3.12/site-packages/airflow/example_dags/tutorial_objectstorage.py took 0.070 seconds
[2024-12-01T02:17:09.118+0000] {processor.py:186} INFO - Started process (PID=51327) to work on /home/airflow/.local/lib/python3.12/site-packages/airflow/example_dags/tutorial_objectstorage.py
[2024-12-01T02:17:09.120+0000] {processor.py:914} INFO - Processing file /home/airflow/.local/lib/python3.12/site-packages/airflow/example_dags/tutorial_objectstorage.py for tasks to queue
[2024-12-01T02:17:09.123+0000] {logging_mixin.py:190} INFO - [2024-12-01T02:17:09.122+0000] {dagbag.py:588} INFO - Filling up the DagBag from /home/airflow/.local/lib/python3.12/site-packages/airflow/example_dags/tutorial_objectstorage.py
[2024-12-01T02:17:09.134+0000] {processor.py:925} INFO - DAG(s) 'tutorial_objectstorage' retrieved from /home/airflow/.local/lib/python3.12/site-packages/airflow/example_dags/tutorial_objectstorage.py
[2024-12-01T02:17:09.152+0000] {logging_mixin.py:190} INFO - [2024-12-01T02:17:09.151+0000] {dag.py:3239} INFO - Sync 1 DAGs
[2024-12-01T02:17:09.169+0000] {logging_mixin.py:190} INFO - [2024-12-01T02:17:09.169+0000] {dag.py:4180} INFO - Setting next_dagrun for tutorial_objectstorage to None, run_after=None
[2024-12-01T02:17:09.184+0000] {processor.py:208} INFO - Processing /home/airflow/.local/lib/python3.12/site-packages/airflow/example_dags/tutorial_objectstorage.py took 0.072 seconds
[2024-12-01T02:17:40.119+0000] {processor.py:186} INFO - Started process (PID=51393) to work on /home/airflow/.local/lib/python3.12/site-packages/airflow/example_dags/tutorial_objectstorage.py
[2024-12-01T02:17:40.120+0000] {processor.py:914} INFO - Processing file /home/airflow/.local/lib/python3.12/site-packages/airflow/example_dags/tutorial_objectstorage.py for tasks to queue
[2024-12-01T02:17:40.122+0000] {logging_mixin.py:190} INFO - [2024-12-01T02:17:40.122+0000] {dagbag.py:588} INFO - Filling up the DagBag from /home/airflow/.local/lib/python3.12/site-packages/airflow/example_dags/tutorial_objectstorage.py
[2024-12-01T02:17:40.131+0000] {processor.py:925} INFO - DAG(s) 'tutorial_objectstorage' retrieved from /home/airflow/.local/lib/python3.12/site-packages/airflow/example_dags/tutorial_objectstorage.py
[2024-12-01T02:17:40.151+0000] {logging_mixin.py:190} INFO - [2024-12-01T02:17:40.151+0000] {dag.py:3239} INFO - Sync 1 DAGs
[2024-12-01T02:17:40.165+0000] {logging_mixin.py:190} INFO - [2024-12-01T02:17:40.164+0000] {dag.py:4180} INFO - Setting next_dagrun for tutorial_objectstorage to None, run_after=None
[2024-12-01T02:17:40.180+0000] {processor.py:208} INFO - Processing /home/airflow/.local/lib/python3.12/site-packages/airflow/example_dags/tutorial_objectstorage.py took 0.066 seconds
[2024-12-01T02:18:11.201+0000] {processor.py:186} INFO - Started process (PID=51459) to work on /home/airflow/.local/lib/python3.12/site-packages/airflow/example_dags/tutorial_objectstorage.py
[2024-12-01T02:18:11.202+0000] {processor.py:914} INFO - Processing file /home/airflow/.local/lib/python3.12/site-packages/airflow/example_dags/tutorial_objectstorage.py for tasks to queue
[2024-12-01T02:18:11.204+0000] {logging_mixin.py:190} INFO - [2024-12-01T02:18:11.204+0000] {dagbag.py:588} INFO - Filling up the DagBag from /home/airflow/.local/lib/python3.12/site-packages/airflow/example_dags/tutorial_objectstorage.py
[2024-12-01T02:18:11.213+0000] {processor.py:925} INFO - DAG(s) 'tutorial_objectstorage' retrieved from /home/airflow/.local/lib/python3.12/site-packages/airflow/example_dags/tutorial_objectstorage.py
[2024-12-01T02:18:11.229+0000] {logging_mixin.py:190} INFO - [2024-12-01T02:18:11.229+0000] {dag.py:3239} INFO - Sync 1 DAGs
[2024-12-01T02:18:11.242+0000] {logging_mixin.py:190} INFO - [2024-12-01T02:18:11.242+0000] {dag.py:4180} INFO - Setting next_dagrun for tutorial_objectstorage to None, run_after=None
[2024-12-01T02:18:11.259+0000] {processor.py:208} INFO - Processing /home/airflow/.local/lib/python3.12/site-packages/airflow/example_dags/tutorial_objectstorage.py took 0.063 seconds
[2024-12-01T02:18:42.024+0000] {processor.py:186} INFO - Started process (PID=51525) to work on /home/airflow/.local/lib/python3.12/site-packages/airflow/example_dags/tutorial_objectstorage.py
[2024-12-01T02:18:42.025+0000] {processor.py:914} INFO - Processing file /home/airflow/.local/lib/python3.12/site-packages/airflow/example_dags/tutorial_objectstorage.py for tasks to queue
[2024-12-01T02:18:42.027+0000] {logging_mixin.py:190} INFO - [2024-12-01T02:18:42.027+0000] {dagbag.py:588} INFO - Filling up the DagBag from /home/airflow/.local/lib/python3.12/site-packages/airflow/example_dags/tutorial_objectstorage.py
[2024-12-01T02:18:42.036+0000] {processor.py:925} INFO - DAG(s) 'tutorial_objectstorage' retrieved from /home/airflow/.local/lib/python3.12/site-packages/airflow/example_dags/tutorial_objectstorage.py
[2024-12-01T02:18:42.054+0000] {logging_mixin.py:190} INFO - [2024-12-01T02:18:42.053+0000] {dag.py:3239} INFO - Sync 1 DAGs
[2024-12-01T02:18:42.067+0000] {logging_mixin.py:190} INFO - [2024-12-01T02:18:42.067+0000] {dag.py:4180} INFO - Setting next_dagrun for tutorial_objectstorage to None, run_after=None
[2024-12-01T02:18:42.084+0000] {processor.py:208} INFO - Processing /home/airflow/.local/lib/python3.12/site-packages/airflow/example_dags/tutorial_objectstorage.py took 0.065 seconds
[2024-12-01T02:19:12.935+0000] {processor.py:186} INFO - Started process (PID=51592) to work on /home/airflow/.local/lib/python3.12/site-packages/airflow/example_dags/tutorial_objectstorage.py
[2024-12-01T02:19:12.936+0000] {processor.py:914} INFO - Processing file /home/airflow/.local/lib/python3.12/site-packages/airflow/example_dags/tutorial_objectstorage.py for tasks to queue
[2024-12-01T02:19:12.938+0000] {logging_mixin.py:190} INFO - [2024-12-01T02:19:12.938+0000] {dagbag.py:588} INFO - Filling up the DagBag from /home/airflow/.local/lib/python3.12/site-packages/airflow/example_dags/tutorial_objectstorage.py
[2024-12-01T02:19:12.953+0000] {processor.py:925} INFO - DAG(s) 'tutorial_objectstorage' retrieved from /home/airflow/.local/lib/python3.12/site-packages/airflow/example_dags/tutorial_objectstorage.py
[2024-12-01T02:19:12.971+0000] {logging_mixin.py:190} INFO - [2024-12-01T02:19:12.970+0000] {dag.py:3239} INFO - Sync 1 DAGs
[2024-12-01T02:19:12.984+0000] {logging_mixin.py:190} INFO - [2024-12-01T02:19:12.983+0000] {dag.py:4180} INFO - Setting next_dagrun for tutorial_objectstorage to None, run_after=None
[2024-12-01T02:19:13.002+0000] {processor.py:208} INFO - Processing /home/airflow/.local/lib/python3.12/site-packages/airflow/example_dags/tutorial_objectstorage.py took 0.072 seconds
[2024-12-01T02:19:44.167+0000] {processor.py:186} INFO - Started process (PID=51658) to work on /home/airflow/.local/lib/python3.12/site-packages/airflow/example_dags/tutorial_objectstorage.py
[2024-12-01T02:19:44.168+0000] {processor.py:914} INFO - Processing file /home/airflow/.local/lib/python3.12/site-packages/airflow/example_dags/tutorial_objectstorage.py for tasks to queue
[2024-12-01T02:19:44.170+0000] {logging_mixin.py:190} INFO - [2024-12-01T02:19:44.170+0000] {dagbag.py:588} INFO - Filling up the DagBag from /home/airflow/.local/lib/python3.12/site-packages/airflow/example_dags/tutorial_objectstorage.py
[2024-12-01T02:19:44.178+0000] {processor.py:925} INFO - DAG(s) 'tutorial_objectstorage' retrieved from /home/airflow/.local/lib/python3.12/site-packages/airflow/example_dags/tutorial_objectstorage.py
[2024-12-01T02:19:44.197+0000] {logging_mixin.py:190} INFO - [2024-12-01T02:19:44.197+0000] {dag.py:3239} INFO - Sync 1 DAGs
[2024-12-01T02:19:44.210+0000] {logging_mixin.py:190} INFO - [2024-12-01T02:19:44.210+0000] {dag.py:4180} INFO - Setting next_dagrun for tutorial_objectstorage to None, run_after=None
[2024-12-01T02:19:44.227+0000] {processor.py:208} INFO - Processing /home/airflow/.local/lib/python3.12/site-packages/airflow/example_dags/tutorial_objectstorage.py took 0.065 seconds
[2024-12-01T02:20:15.097+0000] {processor.py:186} INFO - Started process (PID=51724) to work on /home/airflow/.local/lib/python3.12/site-packages/airflow/example_dags/tutorial_objectstorage.py
[2024-12-01T02:20:15.099+0000] {processor.py:914} INFO - Processing file /home/airflow/.local/lib/python3.12/site-packages/airflow/example_dags/tutorial_objectstorage.py for tasks to queue
[2024-12-01T02:20:15.107+0000] {logging_mixin.py:190} INFO - [2024-12-01T02:20:15.106+0000] {dagbag.py:588} INFO - Filling up the DagBag from /home/airflow/.local/lib/python3.12/site-packages/airflow/example_dags/tutorial_objectstorage.py
[2024-12-01T02:20:15.126+0000] {processor.py:925} INFO - DAG(s) 'tutorial_objectstorage' retrieved from /home/airflow/.local/lib/python3.12/site-packages/airflow/example_dags/tutorial_objectstorage.py
[2024-12-01T02:20:15.160+0000] {logging_mixin.py:190} INFO - [2024-12-01T02:20:15.160+0000] {dag.py:3239} INFO - Sync 1 DAGs
[2024-12-01T02:20:15.177+0000] {logging_mixin.py:190} INFO - [2024-12-01T02:20:15.177+0000] {dag.py:4180} INFO - Setting next_dagrun for tutorial_objectstorage to None, run_after=None
[2024-12-01T02:20:15.194+0000] {processor.py:208} INFO - Processing /home/airflow/.local/lib/python3.12/site-packages/airflow/example_dags/tutorial_objectstorage.py took 0.105 seconds
[2024-12-01T02:20:46.054+0000] {processor.py:186} INFO - Started process (PID=51790) to work on /home/airflow/.local/lib/python3.12/site-packages/airflow/example_dags/tutorial_objectstorage.py
[2024-12-01T02:20:46.055+0000] {processor.py:914} INFO - Processing file /home/airflow/.local/lib/python3.12/site-packages/airflow/example_dags/tutorial_objectstorage.py for tasks to queue
[2024-12-01T02:20:46.057+0000] {logging_mixin.py:190} INFO - [2024-12-01T02:20:46.057+0000] {dagbag.py:588} INFO - Filling up the DagBag from /home/airflow/.local/lib/python3.12/site-packages/airflow/example_dags/tutorial_objectstorage.py
[2024-12-01T02:20:46.066+0000] {processor.py:925} INFO - DAG(s) 'tutorial_objectstorage' retrieved from /home/airflow/.local/lib/python3.12/site-packages/airflow/example_dags/tutorial_objectstorage.py
[2024-12-01T02:20:46.082+0000] {logging_mixin.py:190} INFO - [2024-12-01T02:20:46.082+0000] {dag.py:3239} INFO - Sync 1 DAGs
[2024-12-01T02:20:46.095+0000] {logging_mixin.py:190} INFO - [2024-12-01T02:20:46.095+0000] {dag.py:4180} INFO - Setting next_dagrun for tutorial_objectstorage to None, run_after=None
[2024-12-01T02:20:46.112+0000] {processor.py:208} INFO - Processing /home/airflow/.local/lib/python3.12/site-packages/airflow/example_dags/tutorial_objectstorage.py took 0.063 seconds
[2024-12-01T02:21:16.558+0000] {processor.py:186} INFO - Started process (PID=51856) to work on /home/airflow/.local/lib/python3.12/site-packages/airflow/example_dags/tutorial_objectstorage.py
[2024-12-01T02:21:16.559+0000] {processor.py:914} INFO - Processing file /home/airflow/.local/lib/python3.12/site-packages/airflow/example_dags/tutorial_objectstorage.py for tasks to queue
[2024-12-01T02:21:16.562+0000] {logging_mixin.py:190} INFO - [2024-12-01T02:21:16.561+0000] {dagbag.py:588} INFO - Filling up the DagBag from /home/airflow/.local/lib/python3.12/site-packages/airflow/example_dags/tutorial_objectstorage.py
[2024-12-01T02:21:16.570+0000] {processor.py:925} INFO - DAG(s) 'tutorial_objectstorage' retrieved from /home/airflow/.local/lib/python3.12/site-packages/airflow/example_dags/tutorial_objectstorage.py
[2024-12-01T02:21:16.586+0000] {logging_mixin.py:190} INFO - [2024-12-01T02:21:16.586+0000] {dag.py:3239} INFO - Sync 1 DAGs
[2024-12-01T02:21:16.599+0000] {logging_mixin.py:190} INFO - [2024-12-01T02:21:16.599+0000] {dag.py:4180} INFO - Setting next_dagrun for tutorial_objectstorage to None, run_after=None
[2024-12-01T02:21:16.614+0000] {processor.py:208} INFO - Processing /home/airflow/.local/lib/python3.12/site-packages/airflow/example_dags/tutorial_objectstorage.py took 0.062 seconds
[2024-12-01T02:21:47.768+0000] {processor.py:186} INFO - Started process (PID=51922) to work on /home/airflow/.local/lib/python3.12/site-packages/airflow/example_dags/tutorial_objectstorage.py
[2024-12-01T02:21:47.769+0000] {processor.py:914} INFO - Processing file /home/airflow/.local/lib/python3.12/site-packages/airflow/example_dags/tutorial_objectstorage.py for tasks to queue
[2024-12-01T02:21:47.771+0000] {logging_mixin.py:190} INFO - [2024-12-01T02:21:47.771+0000] {dagbag.py:588} INFO - Filling up the DagBag from /home/airflow/.local/lib/python3.12/site-packages/airflow/example_dags/tutorial_objectstorage.py
[2024-12-01T02:21:47.780+0000] {processor.py:925} INFO - DAG(s) 'tutorial_objectstorage' retrieved from /home/airflow/.local/lib/python3.12/site-packages/airflow/example_dags/tutorial_objectstorage.py
[2024-12-01T02:21:47.797+0000] {logging_mixin.py:190} INFO - [2024-12-01T02:21:47.797+0000] {dag.py:3239} INFO - Sync 1 DAGs
[2024-12-01T02:21:47.814+0000] {logging_mixin.py:190} INFO - [2024-12-01T02:21:47.814+0000] {dag.py:4180} INFO - Setting next_dagrun for tutorial_objectstorage to None, run_after=None
[2024-12-01T02:21:47.832+0000] {processor.py:208} INFO - Processing /home/airflow/.local/lib/python3.12/site-packages/airflow/example_dags/tutorial_objectstorage.py took 0.069 seconds
[2024-12-01T02:22:18.896+0000] {processor.py:186} INFO - Started process (PID=51988) to work on /home/airflow/.local/lib/python3.12/site-packages/airflow/example_dags/tutorial_objectstorage.py
[2024-12-01T02:22:18.897+0000] {processor.py:914} INFO - Processing file /home/airflow/.local/lib/python3.12/site-packages/airflow/example_dags/tutorial_objectstorage.py for tasks to queue
[2024-12-01T02:22:18.900+0000] {logging_mixin.py:190} INFO - [2024-12-01T02:22:18.900+0000] {dagbag.py:588} INFO - Filling up the DagBag from /home/airflow/.local/lib/python3.12/site-packages/airflow/example_dags/tutorial_objectstorage.py
[2024-12-01T02:22:18.908+0000] {processor.py:925} INFO - DAG(s) 'tutorial_objectstorage' retrieved from /home/airflow/.local/lib/python3.12/site-packages/airflow/example_dags/tutorial_objectstorage.py
[2024-12-01T02:22:18.925+0000] {logging_mixin.py:190} INFO - [2024-12-01T02:22:18.925+0000] {dag.py:3239} INFO - Sync 1 DAGs
[2024-12-01T02:22:18.938+0000] {logging_mixin.py:190} INFO - [2024-12-01T02:22:18.938+0000] {dag.py:4180} INFO - Setting next_dagrun for tutorial_objectstorage to None, run_after=None
[2024-12-01T02:22:18.954+0000] {processor.py:208} INFO - Processing /home/airflow/.local/lib/python3.12/site-packages/airflow/example_dags/tutorial_objectstorage.py took 0.063 seconds
[2024-12-01T02:22:49.692+0000] {processor.py:186} INFO - Started process (PID=52054) to work on /home/airflow/.local/lib/python3.12/site-packages/airflow/example_dags/tutorial_objectstorage.py
[2024-12-01T02:22:49.693+0000] {processor.py:914} INFO - Processing file /home/airflow/.local/lib/python3.12/site-packages/airflow/example_dags/tutorial_objectstorage.py for tasks to queue
[2024-12-01T02:22:49.695+0000] {logging_mixin.py:190} INFO - [2024-12-01T02:22:49.695+0000] {dagbag.py:588} INFO - Filling up the DagBag from /home/airflow/.local/lib/python3.12/site-packages/airflow/example_dags/tutorial_objectstorage.py
[2024-12-01T02:22:49.704+0000] {processor.py:925} INFO - DAG(s) 'tutorial_objectstorage' retrieved from /home/airflow/.local/lib/python3.12/site-packages/airflow/example_dags/tutorial_objectstorage.py
[2024-12-01T02:22:49.723+0000] {logging_mixin.py:190} INFO - [2024-12-01T02:22:49.722+0000] {dag.py:3239} INFO - Sync 1 DAGs
[2024-12-01T02:22:49.736+0000] {logging_mixin.py:190} INFO - [2024-12-01T02:22:49.736+0000] {dag.py:4180} INFO - Setting next_dagrun for tutorial_objectstorage to None, run_after=None
[2024-12-01T02:22:49.754+0000] {processor.py:208} INFO - Processing /home/airflow/.local/lib/python3.12/site-packages/airflow/example_dags/tutorial_objectstorage.py took 0.067 seconds
[2024-12-01T02:23:20.614+0000] {processor.py:186} INFO - Started process (PID=52120) to work on /home/airflow/.local/lib/python3.12/site-packages/airflow/example_dags/tutorial_objectstorage.py
[2024-12-01T02:23:20.615+0000] {processor.py:914} INFO - Processing file /home/airflow/.local/lib/python3.12/site-packages/airflow/example_dags/tutorial_objectstorage.py for tasks to queue
[2024-12-01T02:23:20.617+0000] {logging_mixin.py:190} INFO - [2024-12-01T02:23:20.617+0000] {dagbag.py:588} INFO - Filling up the DagBag from /home/airflow/.local/lib/python3.12/site-packages/airflow/example_dags/tutorial_objectstorage.py
[2024-12-01T02:23:20.627+0000] {processor.py:925} INFO - DAG(s) 'tutorial_objectstorage' retrieved from /home/airflow/.local/lib/python3.12/site-packages/airflow/example_dags/tutorial_objectstorage.py
[2024-12-01T02:23:20.647+0000] {logging_mixin.py:190} INFO - [2024-12-01T02:23:20.647+0000] {dag.py:3239} INFO - Sync 1 DAGs
[2024-12-01T02:23:20.800+0000] {logging_mixin.py:190} INFO - [2024-12-01T02:23:20.800+0000] {dag.py:4180} INFO - Setting next_dagrun for tutorial_objectstorage to None, run_after=None
[2024-12-01T02:23:20.815+0000] {processor.py:208} INFO - Processing /home/airflow/.local/lib/python3.12/site-packages/airflow/example_dags/tutorial_objectstorage.py took 0.207 seconds
[2024-12-01T02:23:50.993+0000] {processor.py:186} INFO - Started process (PID=52186) to work on /home/airflow/.local/lib/python3.12/site-packages/airflow/example_dags/tutorial_objectstorage.py
[2024-12-01T02:23:50.994+0000] {processor.py:914} INFO - Processing file /home/airflow/.local/lib/python3.12/site-packages/airflow/example_dags/tutorial_objectstorage.py for tasks to queue
[2024-12-01T02:23:50.997+0000] {logging_mixin.py:190} INFO - [2024-12-01T02:23:50.996+0000] {dagbag.py:588} INFO - Filling up the DagBag from /home/airflow/.local/lib/python3.12/site-packages/airflow/example_dags/tutorial_objectstorage.py
[2024-12-01T02:23:51.005+0000] {processor.py:925} INFO - DAG(s) 'tutorial_objectstorage' retrieved from /home/airflow/.local/lib/python3.12/site-packages/airflow/example_dags/tutorial_objectstorage.py
[2024-12-01T02:23:51.022+0000] {logging_mixin.py:190} INFO - [2024-12-01T02:23:51.022+0000] {dag.py:3239} INFO - Sync 1 DAGs
[2024-12-01T02:23:51.035+0000] {logging_mixin.py:190} INFO - [2024-12-01T02:23:51.035+0000] {dag.py:4180} INFO - Setting next_dagrun for tutorial_objectstorage to None, run_after=None
[2024-12-01T02:23:51.053+0000] {processor.py:208} INFO - Processing /home/airflow/.local/lib/python3.12/site-packages/airflow/example_dags/tutorial_objectstorage.py took 0.065 seconds
[2024-12-01T02:24:22.234+0000] {processor.py:186} INFO - Started process (PID=52252) to work on /home/airflow/.local/lib/python3.12/site-packages/airflow/example_dags/tutorial_objectstorage.py
[2024-12-01T02:24:22.235+0000] {processor.py:914} INFO - Processing file /home/airflow/.local/lib/python3.12/site-packages/airflow/example_dags/tutorial_objectstorage.py for tasks to queue
[2024-12-01T02:24:22.238+0000] {logging_mixin.py:190} INFO - [2024-12-01T02:24:22.237+0000] {dagbag.py:588} INFO - Filling up the DagBag from /home/airflow/.local/lib/python3.12/site-packages/airflow/example_dags/tutorial_objectstorage.py
[2024-12-01T02:24:22.246+0000] {processor.py:925} INFO - DAG(s) 'tutorial_objectstorage' retrieved from /home/airflow/.local/lib/python3.12/site-packages/airflow/example_dags/tutorial_objectstorage.py
[2024-12-01T02:24:22.264+0000] {logging_mixin.py:190} INFO - [2024-12-01T02:24:22.264+0000] {dag.py:3239} INFO - Sync 1 DAGs
[2024-12-01T02:24:22.277+0000] {logging_mixin.py:190} INFO - [2024-12-01T02:24:22.277+0000] {dag.py:4180} INFO - Setting next_dagrun for tutorial_objectstorage to None, run_after=None
[2024-12-01T02:24:22.294+0000] {processor.py:208} INFO - Processing /home/airflow/.local/lib/python3.12/site-packages/airflow/example_dags/tutorial_objectstorage.py took 0.065 seconds
[2024-12-01T02:24:52.696+0000] {processor.py:186} INFO - Started process (PID=52318) to work on /home/airflow/.local/lib/python3.12/site-packages/airflow/example_dags/tutorial_objectstorage.py
[2024-12-01T02:24:52.697+0000] {processor.py:914} INFO - Processing file /home/airflow/.local/lib/python3.12/site-packages/airflow/example_dags/tutorial_objectstorage.py for tasks to queue
[2024-12-01T02:24:52.699+0000] {logging_mixin.py:190} INFO - [2024-12-01T02:24:52.699+0000] {dagbag.py:588} INFO - Filling up the DagBag from /home/airflow/.local/lib/python3.12/site-packages/airflow/example_dags/tutorial_objectstorage.py
[2024-12-01T02:24:52.707+0000] {processor.py:925} INFO - DAG(s) 'tutorial_objectstorage' retrieved from /home/airflow/.local/lib/python3.12/site-packages/airflow/example_dags/tutorial_objectstorage.py
[2024-12-01T02:24:52.725+0000] {logging_mixin.py:190} INFO - [2024-12-01T02:24:52.724+0000] {dag.py:3239} INFO - Sync 1 DAGs
[2024-12-01T02:24:52.738+0000] {logging_mixin.py:190} INFO - [2024-12-01T02:24:52.738+0000] {dag.py:4180} INFO - Setting next_dagrun for tutorial_objectstorage to None, run_after=None
[2024-12-01T02:24:52.755+0000] {processor.py:208} INFO - Processing /home/airflow/.local/lib/python3.12/site-packages/airflow/example_dags/tutorial_objectstorage.py took 0.065 seconds
[2024-12-01T02:25:23.193+0000] {processor.py:186} INFO - Started process (PID=52384) to work on /home/airflow/.local/lib/python3.12/site-packages/airflow/example_dags/tutorial_objectstorage.py
[2024-12-01T02:25:23.194+0000] {processor.py:914} INFO - Processing file /home/airflow/.local/lib/python3.12/site-packages/airflow/example_dags/tutorial_objectstorage.py for tasks to queue
[2024-12-01T02:25:23.196+0000] {logging_mixin.py:190} INFO - [2024-12-01T02:25:23.196+0000] {dagbag.py:588} INFO - Filling up the DagBag from /home/airflow/.local/lib/python3.12/site-packages/airflow/example_dags/tutorial_objectstorage.py
[2024-12-01T02:25:23.205+0000] {processor.py:925} INFO - DAG(s) 'tutorial_objectstorage' retrieved from /home/airflow/.local/lib/python3.12/site-packages/airflow/example_dags/tutorial_objectstorage.py
[2024-12-01T02:25:23.226+0000] {logging_mixin.py:190} INFO - [2024-12-01T02:25:23.225+0000] {dag.py:3239} INFO - Sync 1 DAGs
[2024-12-01T02:25:23.246+0000] {logging_mixin.py:190} INFO - [2024-12-01T02:25:23.246+0000] {dag.py:4180} INFO - Setting next_dagrun for tutorial_objectstorage to None, run_after=None
[2024-12-01T02:25:23.274+0000] {processor.py:208} INFO - Processing /home/airflow/.local/lib/python3.12/site-packages/airflow/example_dags/tutorial_objectstorage.py took 0.088 seconds
[2024-12-01T02:25:53.676+0000] {processor.py:186} INFO - Started process (PID=52450) to work on /home/airflow/.local/lib/python3.12/site-packages/airflow/example_dags/tutorial_objectstorage.py
[2024-12-01T02:25:53.677+0000] {processor.py:914} INFO - Processing file /home/airflow/.local/lib/python3.12/site-packages/airflow/example_dags/tutorial_objectstorage.py for tasks to queue
[2024-12-01T02:25:53.679+0000] {logging_mixin.py:190} INFO - [2024-12-01T02:25:53.679+0000] {dagbag.py:588} INFO - Filling up the DagBag from /home/airflow/.local/lib/python3.12/site-packages/airflow/example_dags/tutorial_objectstorage.py
[2024-12-01T02:25:53.687+0000] {processor.py:925} INFO - DAG(s) 'tutorial_objectstorage' retrieved from /home/airflow/.local/lib/python3.12/site-packages/airflow/example_dags/tutorial_objectstorage.py
[2024-12-01T02:25:53.704+0000] {logging_mixin.py:190} INFO - [2024-12-01T02:25:53.704+0000] {dag.py:3239} INFO - Sync 1 DAGs
[2024-12-01T02:25:53.716+0000] {logging_mixin.py:190} INFO - [2024-12-01T02:25:53.716+0000] {dag.py:4180} INFO - Setting next_dagrun for tutorial_objectstorage to None, run_after=None
[2024-12-01T02:25:53.731+0000] {processor.py:208} INFO - Processing /home/airflow/.local/lib/python3.12/site-packages/airflow/example_dags/tutorial_objectstorage.py took 0.061 seconds
[2024-12-01T02:26:24.470+0000] {processor.py:186} INFO - Started process (PID=52516) to work on /home/airflow/.local/lib/python3.12/site-packages/airflow/example_dags/tutorial_objectstorage.py
[2024-12-01T02:26:24.471+0000] {processor.py:914} INFO - Processing file /home/airflow/.local/lib/python3.12/site-packages/airflow/example_dags/tutorial_objectstorage.py for tasks to queue
[2024-12-01T02:26:24.473+0000] {logging_mixin.py:190} INFO - [2024-12-01T02:26:24.473+0000] {dagbag.py:588} INFO - Filling up the DagBag from /home/airflow/.local/lib/python3.12/site-packages/airflow/example_dags/tutorial_objectstorage.py
[2024-12-01T02:26:24.481+0000] {processor.py:925} INFO - DAG(s) 'tutorial_objectstorage' retrieved from /home/airflow/.local/lib/python3.12/site-packages/airflow/example_dags/tutorial_objectstorage.py
[2024-12-01T02:26:24.499+0000] {logging_mixin.py:190} INFO - [2024-12-01T02:26:24.498+0000] {dag.py:3239} INFO - Sync 1 DAGs
[2024-12-01T02:26:24.511+0000] {logging_mixin.py:190} INFO - [2024-12-01T02:26:24.511+0000] {dag.py:4180} INFO - Setting next_dagrun for tutorial_objectstorage to None, run_after=None
[2024-12-01T02:26:24.529+0000] {processor.py:208} INFO - Processing /home/airflow/.local/lib/python3.12/site-packages/airflow/example_dags/tutorial_objectstorage.py took 0.065 seconds
[2024-12-01T02:26:55.017+0000] {processor.py:186} INFO - Started process (PID=52582) to work on /home/airflow/.local/lib/python3.12/site-packages/airflow/example_dags/tutorial_objectstorage.py
[2024-12-01T02:26:55.018+0000] {processor.py:914} INFO - Processing file /home/airflow/.local/lib/python3.12/site-packages/airflow/example_dags/tutorial_objectstorage.py for tasks to queue
[2024-12-01T02:26:55.020+0000] {logging_mixin.py:190} INFO - [2024-12-01T02:26:55.020+0000] {dagbag.py:588} INFO - Filling up the DagBag from /home/airflow/.local/lib/python3.12/site-packages/airflow/example_dags/tutorial_objectstorage.py
[2024-12-01T02:26:55.030+0000] {processor.py:925} INFO - DAG(s) 'tutorial_objectstorage' retrieved from /home/airflow/.local/lib/python3.12/site-packages/airflow/example_dags/tutorial_objectstorage.py
[2024-12-01T02:26:55.047+0000] {logging_mixin.py:190} INFO - [2024-12-01T02:26:55.047+0000] {dag.py:3239} INFO - Sync 1 DAGs
[2024-12-01T02:26:55.061+0000] {logging_mixin.py:190} INFO - [2024-12-01T02:26:55.060+0000] {dag.py:4180} INFO - Setting next_dagrun for tutorial_objectstorage to None, run_after=None
[2024-12-01T02:26:55.080+0000] {processor.py:208} INFO - Processing /home/airflow/.local/lib/python3.12/site-packages/airflow/example_dags/tutorial_objectstorage.py took 0.068 seconds
[2024-12-01T02:27:25.559+0000] {processor.py:186} INFO - Started process (PID=52648) to work on /home/airflow/.local/lib/python3.12/site-packages/airflow/example_dags/tutorial_objectstorage.py
[2024-12-01T02:27:25.560+0000] {processor.py:914} INFO - Processing file /home/airflow/.local/lib/python3.12/site-packages/airflow/example_dags/tutorial_objectstorage.py for tasks to queue
[2024-12-01T02:27:25.562+0000] {logging_mixin.py:190} INFO - [2024-12-01T02:27:25.562+0000] {dagbag.py:588} INFO - Filling up the DagBag from /home/airflow/.local/lib/python3.12/site-packages/airflow/example_dags/tutorial_objectstorage.py
[2024-12-01T02:27:25.571+0000] {processor.py:925} INFO - DAG(s) 'tutorial_objectstorage' retrieved from /home/airflow/.local/lib/python3.12/site-packages/airflow/example_dags/tutorial_objectstorage.py
[2024-12-01T02:27:25.588+0000] {logging_mixin.py:190} INFO - [2024-12-01T02:27:25.588+0000] {dag.py:3239} INFO - Sync 1 DAGs
[2024-12-01T02:27:25.601+0000] {logging_mixin.py:190} INFO - [2024-12-01T02:27:25.601+0000] {dag.py:4180} INFO - Setting next_dagrun for tutorial_objectstorage to None, run_after=None
[2024-12-01T02:27:25.618+0000] {processor.py:208} INFO - Processing /home/airflow/.local/lib/python3.12/site-packages/airflow/example_dags/tutorial_objectstorage.py took 0.064 seconds
[2024-12-01T02:27:55.999+0000] {processor.py:186} INFO - Started process (PID=52714) to work on /home/airflow/.local/lib/python3.12/site-packages/airflow/example_dags/tutorial_objectstorage.py
[2024-12-01T02:27:56.000+0000] {processor.py:914} INFO - Processing file /home/airflow/.local/lib/python3.12/site-packages/airflow/example_dags/tutorial_objectstorage.py for tasks to queue
[2024-12-01T02:27:56.004+0000] {logging_mixin.py:190} INFO - [2024-12-01T02:27:56.003+0000] {dagbag.py:588} INFO - Filling up the DagBag from /home/airflow/.local/lib/python3.12/site-packages/airflow/example_dags/tutorial_objectstorage.py
[2024-12-01T02:27:56.020+0000] {processor.py:925} INFO - DAG(s) 'tutorial_objectstorage' retrieved from /home/airflow/.local/lib/python3.12/site-packages/airflow/example_dags/tutorial_objectstorage.py
[2024-12-01T02:27:56.057+0000] {logging_mixin.py:190} INFO - [2024-12-01T02:27:56.057+0000] {dag.py:3239} INFO - Sync 1 DAGs
[2024-12-01T02:27:56.088+0000] {logging_mixin.py:190} INFO - [2024-12-01T02:27:56.087+0000] {dag.py:4180} INFO - Setting next_dagrun for tutorial_objectstorage to None, run_after=None
[2024-12-01T02:27:56.126+0000] {processor.py:208} INFO - Processing /home/airflow/.local/lib/python3.12/site-packages/airflow/example_dags/tutorial_objectstorage.py took 0.132 seconds
[2024-12-01T02:28:26.504+0000] {processor.py:186} INFO - Started process (PID=52780) to work on /home/airflow/.local/lib/python3.12/site-packages/airflow/example_dags/tutorial_objectstorage.py
[2024-12-01T02:28:26.505+0000] {processor.py:914} INFO - Processing file /home/airflow/.local/lib/python3.12/site-packages/airflow/example_dags/tutorial_objectstorage.py for tasks to queue
[2024-12-01T02:28:26.508+0000] {logging_mixin.py:190} INFO - [2024-12-01T02:28:26.507+0000] {dagbag.py:588} INFO - Filling up the DagBag from /home/airflow/.local/lib/python3.12/site-packages/airflow/example_dags/tutorial_objectstorage.py
[2024-12-01T02:28:26.516+0000] {processor.py:925} INFO - DAG(s) 'tutorial_objectstorage' retrieved from /home/airflow/.local/lib/python3.12/site-packages/airflow/example_dags/tutorial_objectstorage.py
[2024-12-01T02:28:26.535+0000] {logging_mixin.py:190} INFO - [2024-12-01T02:28:26.535+0000] {dag.py:3239} INFO - Sync 1 DAGs
[2024-12-01T02:28:26.548+0000] {logging_mixin.py:190} INFO - [2024-12-01T02:28:26.547+0000] {dag.py:4180} INFO - Setting next_dagrun for tutorial_objectstorage to None, run_after=None
[2024-12-01T02:28:26.565+0000] {processor.py:208} INFO - Processing /home/airflow/.local/lib/python3.12/site-packages/airflow/example_dags/tutorial_objectstorage.py took 0.066 seconds
[2024-12-01T02:28:57.048+0000] {processor.py:186} INFO - Started process (PID=52846) to work on /home/airflow/.local/lib/python3.12/site-packages/airflow/example_dags/tutorial_objectstorage.py
[2024-12-01T02:28:57.050+0000] {processor.py:914} INFO - Processing file /home/airflow/.local/lib/python3.12/site-packages/airflow/example_dags/tutorial_objectstorage.py for tasks to queue
[2024-12-01T02:28:57.052+0000] {logging_mixin.py:190} INFO - [2024-12-01T02:28:57.052+0000] {dagbag.py:588} INFO - Filling up the DagBag from /home/airflow/.local/lib/python3.12/site-packages/airflow/example_dags/tutorial_objectstorage.py
[2024-12-01T02:28:57.062+0000] {processor.py:925} INFO - DAG(s) 'tutorial_objectstorage' retrieved from /home/airflow/.local/lib/python3.12/site-packages/airflow/example_dags/tutorial_objectstorage.py
[2024-12-01T02:28:57.080+0000] {logging_mixin.py:190} INFO - [2024-12-01T02:28:57.080+0000] {dag.py:3239} INFO - Sync 1 DAGs
[2024-12-01T02:28:57.095+0000] {logging_mixin.py:190} INFO - [2024-12-01T02:28:57.095+0000] {dag.py:4180} INFO - Setting next_dagrun for tutorial_objectstorage to None, run_after=None
[2024-12-01T02:28:57.112+0000] {processor.py:208} INFO - Processing /home/airflow/.local/lib/python3.12/site-packages/airflow/example_dags/tutorial_objectstorage.py took 0.073 seconds
[2024-12-01T02:29:27.478+0000] {processor.py:186} INFO - Started process (PID=52912) to work on /home/airflow/.local/lib/python3.12/site-packages/airflow/example_dags/tutorial_objectstorage.py
[2024-12-01T02:29:27.479+0000] {processor.py:914} INFO - Processing file /home/airflow/.local/lib/python3.12/site-packages/airflow/example_dags/tutorial_objectstorage.py for tasks to queue
[2024-12-01T02:29:27.481+0000] {logging_mixin.py:190} INFO - [2024-12-01T02:29:27.481+0000] {dagbag.py:588} INFO - Filling up the DagBag from /home/airflow/.local/lib/python3.12/site-packages/airflow/example_dags/tutorial_objectstorage.py
[2024-12-01T02:29:27.490+0000] {processor.py:925} INFO - DAG(s) 'tutorial_objectstorage' retrieved from /home/airflow/.local/lib/python3.12/site-packages/airflow/example_dags/tutorial_objectstorage.py
[2024-12-01T02:29:27.507+0000] {logging_mixin.py:190} INFO - [2024-12-01T02:29:27.507+0000] {dag.py:3239} INFO - Sync 1 DAGs
[2024-12-01T02:29:27.520+0000] {logging_mixin.py:190} INFO - [2024-12-01T02:29:27.520+0000] {dag.py:4180} INFO - Setting next_dagrun for tutorial_objectstorage to None, run_after=None
[2024-12-01T02:29:27.536+0000] {processor.py:208} INFO - Processing /home/airflow/.local/lib/python3.12/site-packages/airflow/example_dags/tutorial_objectstorage.py took 0.063 seconds
[2024-12-01T02:29:57.978+0000] {processor.py:186} INFO - Started process (PID=52978) to work on /home/airflow/.local/lib/python3.12/site-packages/airflow/example_dags/tutorial_objectstorage.py
[2024-12-01T02:29:57.979+0000] {processor.py:914} INFO - Processing file /home/airflow/.local/lib/python3.12/site-packages/airflow/example_dags/tutorial_objectstorage.py for tasks to queue
[2024-12-01T02:29:57.981+0000] {logging_mixin.py:190} INFO - [2024-12-01T02:29:57.981+0000] {dagbag.py:588} INFO - Filling up the DagBag from /home/airflow/.local/lib/python3.12/site-packages/airflow/example_dags/tutorial_objectstorage.py
[2024-12-01T02:29:57.990+0000] {processor.py:925} INFO - DAG(s) 'tutorial_objectstorage' retrieved from /home/airflow/.local/lib/python3.12/site-packages/airflow/example_dags/tutorial_objectstorage.py
[2024-12-01T02:29:58.007+0000] {logging_mixin.py:190} INFO - [2024-12-01T02:29:58.006+0000] {dag.py:3239} INFO - Sync 1 DAGs
[2024-12-01T02:29:58.021+0000] {logging_mixin.py:190} INFO - [2024-12-01T02:29:58.021+0000] {dag.py:4180} INFO - Setting next_dagrun for tutorial_objectstorage to None, run_after=None
[2024-12-01T02:29:58.040+0000] {processor.py:208} INFO - Processing /home/airflow/.local/lib/python3.12/site-packages/airflow/example_dags/tutorial_objectstorage.py took 0.068 seconds
[2024-12-01T02:30:28.643+0000] {processor.py:186} INFO - Started process (PID=53044) to work on /home/airflow/.local/lib/python3.12/site-packages/airflow/example_dags/tutorial_objectstorage.py
[2024-12-01T02:30:28.644+0000] {processor.py:914} INFO - Processing file /home/airflow/.local/lib/python3.12/site-packages/airflow/example_dags/tutorial_objectstorage.py for tasks to queue
[2024-12-01T02:30:28.646+0000] {logging_mixin.py:190} INFO - [2024-12-01T02:30:28.645+0000] {dagbag.py:588} INFO - Filling up the DagBag from /home/airflow/.local/lib/python3.12/site-packages/airflow/example_dags/tutorial_objectstorage.py
[2024-12-01T02:30:28.654+0000] {processor.py:925} INFO - DAG(s) 'tutorial_objectstorage' retrieved from /home/airflow/.local/lib/python3.12/site-packages/airflow/example_dags/tutorial_objectstorage.py
[2024-12-01T02:30:28.671+0000] {logging_mixin.py:190} INFO - [2024-12-01T02:30:28.671+0000] {dag.py:3239} INFO - Sync 1 DAGs
[2024-12-01T02:30:28.685+0000] {logging_mixin.py:190} INFO - [2024-12-01T02:30:28.684+0000] {dag.py:4180} INFO - Setting next_dagrun for tutorial_objectstorage to None, run_after=None
[2024-12-01T02:30:28.702+0000] {processor.py:208} INFO - Processing /home/airflow/.local/lib/python3.12/site-packages/airflow/example_dags/tutorial_objectstorage.py took 0.065 seconds
[2024-12-01T02:30:59.400+0000] {processor.py:186} INFO - Started process (PID=53110) to work on /home/airflow/.local/lib/python3.12/site-packages/airflow/example_dags/tutorial_objectstorage.py
[2024-12-01T02:30:59.401+0000] {processor.py:914} INFO - Processing file /home/airflow/.local/lib/python3.12/site-packages/airflow/example_dags/tutorial_objectstorage.py for tasks to queue
[2024-12-01T02:30:59.403+0000] {logging_mixin.py:190} INFO - [2024-12-01T02:30:59.403+0000] {dagbag.py:588} INFO - Filling up the DagBag from /home/airflow/.local/lib/python3.12/site-packages/airflow/example_dags/tutorial_objectstorage.py
[2024-12-01T02:30:59.411+0000] {processor.py:925} INFO - DAG(s) 'tutorial_objectstorage' retrieved from /home/airflow/.local/lib/python3.12/site-packages/airflow/example_dags/tutorial_objectstorage.py
[2024-12-01T02:30:59.429+0000] {logging_mixin.py:190} INFO - [2024-12-01T02:30:59.429+0000] {dag.py:3239} INFO - Sync 1 DAGs
[2024-12-01T02:30:59.442+0000] {logging_mixin.py:190} INFO - [2024-12-01T02:30:59.442+0000] {dag.py:4180} INFO - Setting next_dagrun for tutorial_objectstorage to None, run_after=None
[2024-12-01T02:30:59.460+0000] {processor.py:208} INFO - Processing /home/airflow/.local/lib/python3.12/site-packages/airflow/example_dags/tutorial_objectstorage.py took 0.066 seconds
[2024-12-01T02:31:30.465+0000] {processor.py:186} INFO - Started process (PID=53182) to work on /home/airflow/.local/lib/python3.12/site-packages/airflow/example_dags/tutorial_objectstorage.py
[2024-12-01T02:31:30.466+0000] {processor.py:914} INFO - Processing file /home/airflow/.local/lib/python3.12/site-packages/airflow/example_dags/tutorial_objectstorage.py for tasks to queue
[2024-12-01T02:31:30.468+0000] {logging_mixin.py:190} INFO - [2024-12-01T02:31:30.468+0000] {dagbag.py:588} INFO - Filling up the DagBag from /home/airflow/.local/lib/python3.12/site-packages/airflow/example_dags/tutorial_objectstorage.py
[2024-12-01T02:31:30.477+0000] {processor.py:925} INFO - DAG(s) 'tutorial_objectstorage' retrieved from /home/airflow/.local/lib/python3.12/site-packages/airflow/example_dags/tutorial_objectstorage.py
[2024-12-01T02:31:30.497+0000] {logging_mixin.py:190} INFO - [2024-12-01T02:31:30.496+0000] {dag.py:3239} INFO - Sync 1 DAGs
[2024-12-01T02:31:30.535+0000] {logging_mixin.py:190} INFO - [2024-12-01T02:31:30.535+0000] {dag.py:4180} INFO - Setting next_dagrun for tutorial_objectstorage to None, run_after=None
[2024-12-01T02:31:30.576+0000] {processor.py:208} INFO - Processing /home/airflow/.local/lib/python3.12/site-packages/airflow/example_dags/tutorial_objectstorage.py took 0.116 seconds
[2024-12-01T02:32:01.096+0000] {processor.py:186} INFO - Started process (PID=53248) to work on /home/airflow/.local/lib/python3.12/site-packages/airflow/example_dags/tutorial_objectstorage.py
[2024-12-01T02:32:01.097+0000] {processor.py:914} INFO - Processing file /home/airflow/.local/lib/python3.12/site-packages/airflow/example_dags/tutorial_objectstorage.py for tasks to queue
[2024-12-01T02:32:01.100+0000] {logging_mixin.py:190} INFO - [2024-12-01T02:32:01.100+0000] {dagbag.py:588} INFO - Filling up the DagBag from /home/airflow/.local/lib/python3.12/site-packages/airflow/example_dags/tutorial_objectstorage.py
[2024-12-01T02:32:01.112+0000] {processor.py:925} INFO - DAG(s) 'tutorial_objectstorage' retrieved from /home/airflow/.local/lib/python3.12/site-packages/airflow/example_dags/tutorial_objectstorage.py
[2024-12-01T02:32:01.132+0000] {logging_mixin.py:190} INFO - [2024-12-01T02:32:01.131+0000] {dag.py:3239} INFO - Sync 1 DAGs
[2024-12-01T02:32:01.150+0000] {logging_mixin.py:190} INFO - [2024-12-01T02:32:01.149+0000] {dag.py:4180} INFO - Setting next_dagrun for tutorial_objectstorage to None, run_after=None
[2024-12-01T02:32:01.170+0000] {processor.py:208} INFO - Processing /home/airflow/.local/lib/python3.12/site-packages/airflow/example_dags/tutorial_objectstorage.py took 0.082 seconds
[2024-12-01T02:32:32.378+0000] {processor.py:186} INFO - Started process (PID=53314) to work on /home/airflow/.local/lib/python3.12/site-packages/airflow/example_dags/tutorial_objectstorage.py
[2024-12-01T02:32:32.379+0000] {processor.py:914} INFO - Processing file /home/airflow/.local/lib/python3.12/site-packages/airflow/example_dags/tutorial_objectstorage.py for tasks to queue
[2024-12-01T02:32:32.381+0000] {logging_mixin.py:190} INFO - [2024-12-01T02:32:32.381+0000] {dagbag.py:588} INFO - Filling up the DagBag from /home/airflow/.local/lib/python3.12/site-packages/airflow/example_dags/tutorial_objectstorage.py
[2024-12-01T02:32:32.390+0000] {processor.py:925} INFO - DAG(s) 'tutorial_objectstorage' retrieved from /home/airflow/.local/lib/python3.12/site-packages/airflow/example_dags/tutorial_objectstorage.py
[2024-12-01T02:32:32.407+0000] {logging_mixin.py:190} INFO - [2024-12-01T02:32:32.407+0000] {dag.py:3239} INFO - Sync 1 DAGs
[2024-12-01T02:32:32.420+0000] {logging_mixin.py:190} INFO - [2024-12-01T02:32:32.419+0000] {dag.py:4180} INFO - Setting next_dagrun for tutorial_objectstorage to None, run_after=None
[2024-12-01T02:32:32.440+0000] {processor.py:208} INFO - Processing /home/airflow/.local/lib/python3.12/site-packages/airflow/example_dags/tutorial_objectstorage.py took 0.067 seconds
[2024-12-01T02:33:02.994+0000] {processor.py:186} INFO - Started process (PID=53380) to work on /home/airflow/.local/lib/python3.12/site-packages/airflow/example_dags/tutorial_objectstorage.py
[2024-12-01T02:33:02.995+0000] {processor.py:914} INFO - Processing file /home/airflow/.local/lib/python3.12/site-packages/airflow/example_dags/tutorial_objectstorage.py for tasks to queue
[2024-12-01T02:33:02.997+0000] {logging_mixin.py:190} INFO - [2024-12-01T02:33:02.997+0000] {dagbag.py:588} INFO - Filling up the DagBag from /home/airflow/.local/lib/python3.12/site-packages/airflow/example_dags/tutorial_objectstorage.py
[2024-12-01T02:33:03.005+0000] {processor.py:925} INFO - DAG(s) 'tutorial_objectstorage' retrieved from /home/airflow/.local/lib/python3.12/site-packages/airflow/example_dags/tutorial_objectstorage.py
[2024-12-01T02:33:03.022+0000] {logging_mixin.py:190} INFO - [2024-12-01T02:33:03.022+0000] {dag.py:3239} INFO - Sync 1 DAGs
[2024-12-01T02:33:03.037+0000] {logging_mixin.py:190} INFO - [2024-12-01T02:33:03.037+0000] {dag.py:4180} INFO - Setting next_dagrun for tutorial_objectstorage to None, run_after=None
[2024-12-01T02:33:03.058+0000] {processor.py:208} INFO - Processing /home/airflow/.local/lib/python3.12/site-packages/airflow/example_dags/tutorial_objectstorage.py took 0.070 seconds
[2024-12-01T02:33:33.920+0000] {processor.py:186} INFO - Started process (PID=53446) to work on /home/airflow/.local/lib/python3.12/site-packages/airflow/example_dags/tutorial_objectstorage.py
[2024-12-01T02:33:33.921+0000] {processor.py:914} INFO - Processing file /home/airflow/.local/lib/python3.12/site-packages/airflow/example_dags/tutorial_objectstorage.py for tasks to queue
[2024-12-01T02:33:33.923+0000] {logging_mixin.py:190} INFO - [2024-12-01T02:33:33.923+0000] {dagbag.py:588} INFO - Filling up the DagBag from /home/airflow/.local/lib/python3.12/site-packages/airflow/example_dags/tutorial_objectstorage.py
[2024-12-01T02:33:33.933+0000] {processor.py:925} INFO - DAG(s) 'tutorial_objectstorage' retrieved from /home/airflow/.local/lib/python3.12/site-packages/airflow/example_dags/tutorial_objectstorage.py
[2024-12-01T02:33:33.950+0000] {logging_mixin.py:190} INFO - [2024-12-01T02:33:33.950+0000] {dag.py:3239} INFO - Sync 1 DAGs
[2024-12-01T02:33:33.964+0000] {logging_mixin.py:190} INFO - [2024-12-01T02:33:33.964+0000] {dag.py:4180} INFO - Setting next_dagrun for tutorial_objectstorage to None, run_after=None
[2024-12-01T02:33:33.980+0000] {processor.py:208} INFO - Processing /home/airflow/.local/lib/python3.12/site-packages/airflow/example_dags/tutorial_objectstorage.py took 0.066 seconds
