[2024-12-01T02:11:01.501+0000] {processor.py:186} INFO - Started process (PID=50552) to work on /home/airflow/.local/lib/python3.12/site-packages/airflow/example_dags/tutorial_dag.py
[2024-12-01T02:11:01.502+0000] {processor.py:914} INFO - Processing file /home/airflow/.local/lib/python3.12/site-packages/airflow/example_dags/tutorial_dag.py for tasks to queue
[2024-12-01T02:11:01.505+0000] {logging_mixin.py:190} INFO - [2024-12-01T02:11:01.505+0000] {dagbag.py:588} INFO - Filling up the DagBag from /home/airflow/.local/lib/python3.12/site-packages/airflow/example_dags/tutorial_dag.py
[2024-12-01T02:11:01.514+0000] {processor.py:925} INFO - DAG(s) 'tutorial_dag' retrieved from /home/airflow/.local/lib/python3.12/site-packages/airflow/example_dags/tutorial_dag.py
[2024-12-01T02:11:01.539+0000] {logging_mixin.py:190} INFO - [2024-12-01T02:11:01.538+0000] {dag.py:3239} INFO - Sync 1 DAGs
[2024-12-01T02:11:01.558+0000] {logging_mixin.py:190} INFO - [2024-12-01T02:11:01.557+0000] {dag.py:4180} INFO - Setting next_dagrun for tutorial_dag to None, run_after=None
[2024-12-01T02:11:01.577+0000] {processor.py:208} INFO - Processing /home/airflow/.local/lib/python3.12/site-packages/airflow/example_dags/tutorial_dag.py took 0.084 seconds
[2024-12-01T02:11:32.126+0000] {processor.py:186} INFO - Started process (PID=50619) to work on /home/airflow/.local/lib/python3.12/site-packages/airflow/example_dags/tutorial_dag.py
[2024-12-01T02:11:32.127+0000] {processor.py:914} INFO - Processing file /home/airflow/.local/lib/python3.12/site-packages/airflow/example_dags/tutorial_dag.py for tasks to queue
[2024-12-01T02:11:32.129+0000] {logging_mixin.py:190} INFO - [2024-12-01T02:11:32.129+0000] {dagbag.py:588} INFO - Filling up the DagBag from /home/airflow/.local/lib/python3.12/site-packages/airflow/example_dags/tutorial_dag.py
[2024-12-01T02:11:32.137+0000] {processor.py:925} INFO - DAG(s) 'tutorial_dag' retrieved from /home/airflow/.local/lib/python3.12/site-packages/airflow/example_dags/tutorial_dag.py
[2024-12-01T02:11:32.155+0000] {logging_mixin.py:190} INFO - [2024-12-01T02:11:32.155+0000] {dag.py:3239} INFO - Sync 1 DAGs
[2024-12-01T02:11:32.178+0000] {logging_mixin.py:190} INFO - [2024-12-01T02:11:32.178+0000] {dag.py:4180} INFO - Setting next_dagrun for tutorial_dag to None, run_after=None
[2024-12-01T02:11:32.201+0000] {processor.py:208} INFO - Processing /home/airflow/.local/lib/python3.12/site-packages/airflow/example_dags/tutorial_dag.py took 0.081 seconds
[2024-12-01T02:12:02.765+0000] {processor.py:186} INFO - Started process (PID=50685) to work on /home/airflow/.local/lib/python3.12/site-packages/airflow/example_dags/tutorial_dag.py
[2024-12-01T02:12:02.766+0000] {processor.py:914} INFO - Processing file /home/airflow/.local/lib/python3.12/site-packages/airflow/example_dags/tutorial_dag.py for tasks to queue
[2024-12-01T02:12:02.768+0000] {logging_mixin.py:190} INFO - [2024-12-01T02:12:02.768+0000] {dagbag.py:588} INFO - Filling up the DagBag from /home/airflow/.local/lib/python3.12/site-packages/airflow/example_dags/tutorial_dag.py
[2024-12-01T02:12:02.780+0000] {processor.py:925} INFO - DAG(s) 'tutorial_dag' retrieved from /home/airflow/.local/lib/python3.12/site-packages/airflow/example_dags/tutorial_dag.py
[2024-12-01T02:12:02.800+0000] {logging_mixin.py:190} INFO - [2024-12-01T02:12:02.800+0000] {dag.py:3239} INFO - Sync 1 DAGs
[2024-12-01T02:12:02.818+0000] {logging_mixin.py:190} INFO - [2024-12-01T02:12:02.817+0000] {dag.py:4180} INFO - Setting next_dagrun for tutorial_dag to None, run_after=None
[2024-12-01T02:12:02.837+0000] {processor.py:208} INFO - Processing /home/airflow/.local/lib/python3.12/site-packages/airflow/example_dags/tutorial_dag.py took 0.077 seconds
[2024-12-01T02:12:33.652+0000] {processor.py:186} INFO - Started process (PID=50751) to work on /home/airflow/.local/lib/python3.12/site-packages/airflow/example_dags/tutorial_dag.py
[2024-12-01T02:12:33.653+0000] {processor.py:914} INFO - Processing file /home/airflow/.local/lib/python3.12/site-packages/airflow/example_dags/tutorial_dag.py for tasks to queue
[2024-12-01T02:12:33.655+0000] {logging_mixin.py:190} INFO - [2024-12-01T02:12:33.655+0000] {dagbag.py:588} INFO - Filling up the DagBag from /home/airflow/.local/lib/python3.12/site-packages/airflow/example_dags/tutorial_dag.py
[2024-12-01T02:12:33.662+0000] {processor.py:925} INFO - DAG(s) 'tutorial_dag' retrieved from /home/airflow/.local/lib/python3.12/site-packages/airflow/example_dags/tutorial_dag.py
[2024-12-01T02:12:33.679+0000] {logging_mixin.py:190} INFO - [2024-12-01T02:12:33.679+0000] {dag.py:3239} INFO - Sync 1 DAGs
[2024-12-01T02:12:33.692+0000] {logging_mixin.py:190} INFO - [2024-12-01T02:12:33.692+0000] {dag.py:4180} INFO - Setting next_dagrun for tutorial_dag to None, run_after=None
[2024-12-01T02:12:33.708+0000] {processor.py:208} INFO - Processing /home/airflow/.local/lib/python3.12/site-packages/airflow/example_dags/tutorial_dag.py took 0.062 seconds
[2024-12-01T02:13:04.611+0000] {processor.py:186} INFO - Started process (PID=50817) to work on /home/airflow/.local/lib/python3.12/site-packages/airflow/example_dags/tutorial_dag.py
[2024-12-01T02:13:04.612+0000] {processor.py:914} INFO - Processing file /home/airflow/.local/lib/python3.12/site-packages/airflow/example_dags/tutorial_dag.py for tasks to queue
[2024-12-01T02:13:04.614+0000] {logging_mixin.py:190} INFO - [2024-12-01T02:13:04.614+0000] {dagbag.py:588} INFO - Filling up the DagBag from /home/airflow/.local/lib/python3.12/site-packages/airflow/example_dags/tutorial_dag.py
[2024-12-01T02:13:04.621+0000] {processor.py:925} INFO - DAG(s) 'tutorial_dag' retrieved from /home/airflow/.local/lib/python3.12/site-packages/airflow/example_dags/tutorial_dag.py
[2024-12-01T02:13:04.638+0000] {logging_mixin.py:190} INFO - [2024-12-01T02:13:04.638+0000] {dag.py:3239} INFO - Sync 1 DAGs
[2024-12-01T02:13:04.654+0000] {logging_mixin.py:190} INFO - [2024-12-01T02:13:04.654+0000] {dag.py:4180} INFO - Setting next_dagrun for tutorial_dag to None, run_after=None
[2024-12-01T02:13:04.680+0000] {processor.py:208} INFO - Processing /home/airflow/.local/lib/python3.12/site-packages/airflow/example_dags/tutorial_dag.py took 0.075 seconds
[2024-12-01T02:13:35.061+0000] {processor.py:186} INFO - Started process (PID=50883) to work on /home/airflow/.local/lib/python3.12/site-packages/airflow/example_dags/tutorial_dag.py
[2024-12-01T02:13:35.062+0000] {processor.py:914} INFO - Processing file /home/airflow/.local/lib/python3.12/site-packages/airflow/example_dags/tutorial_dag.py for tasks to queue
[2024-12-01T02:13:35.064+0000] {logging_mixin.py:190} INFO - [2024-12-01T02:13:35.064+0000] {dagbag.py:588} INFO - Filling up the DagBag from /home/airflow/.local/lib/python3.12/site-packages/airflow/example_dags/tutorial_dag.py
[2024-12-01T02:13:35.071+0000] {processor.py:925} INFO - DAG(s) 'tutorial_dag' retrieved from /home/airflow/.local/lib/python3.12/site-packages/airflow/example_dags/tutorial_dag.py
[2024-12-01T02:13:35.088+0000] {logging_mixin.py:190} INFO - [2024-12-01T02:13:35.088+0000] {dag.py:3239} INFO - Sync 1 DAGs
[2024-12-01T02:13:35.102+0000] {logging_mixin.py:190} INFO - [2024-12-01T02:13:35.102+0000] {dag.py:4180} INFO - Setting next_dagrun for tutorial_dag to None, run_after=None
[2024-12-01T02:13:35.120+0000] {processor.py:208} INFO - Processing /home/airflow/.local/lib/python3.12/site-packages/airflow/example_dags/tutorial_dag.py took 0.064 seconds
[2024-12-01T02:14:05.793+0000] {processor.py:186} INFO - Started process (PID=50948) to work on /home/airflow/.local/lib/python3.12/site-packages/airflow/example_dags/tutorial_dag.py
[2024-12-01T02:14:05.794+0000] {processor.py:914} INFO - Processing file /home/airflow/.local/lib/python3.12/site-packages/airflow/example_dags/tutorial_dag.py for tasks to queue
[2024-12-01T02:14:05.796+0000] {logging_mixin.py:190} INFO - [2024-12-01T02:14:05.795+0000] {dagbag.py:588} INFO - Filling up the DagBag from /home/airflow/.local/lib/python3.12/site-packages/airflow/example_dags/tutorial_dag.py
[2024-12-01T02:14:05.802+0000] {processor.py:925} INFO - DAG(s) 'tutorial_dag' retrieved from /home/airflow/.local/lib/python3.12/site-packages/airflow/example_dags/tutorial_dag.py
[2024-12-01T02:14:05.819+0000] {logging_mixin.py:190} INFO - [2024-12-01T02:14:05.819+0000] {dag.py:3239} INFO - Sync 1 DAGs
[2024-12-01T02:14:05.832+0000] {logging_mixin.py:190} INFO - [2024-12-01T02:14:05.832+0000] {dag.py:4180} INFO - Setting next_dagrun for tutorial_dag to None, run_after=None
[2024-12-01T02:14:05.849+0000] {processor.py:208} INFO - Processing /home/airflow/.local/lib/python3.12/site-packages/airflow/example_dags/tutorial_dag.py took 0.062 seconds
[2024-12-01T02:14:37.137+0000] {processor.py:186} INFO - Started process (PID=51014) to work on /home/airflow/.local/lib/python3.12/site-packages/airflow/example_dags/tutorial_dag.py
[2024-12-01T02:14:37.138+0000] {processor.py:914} INFO - Processing file /home/airflow/.local/lib/python3.12/site-packages/airflow/example_dags/tutorial_dag.py for tasks to queue
[2024-12-01T02:14:37.141+0000] {logging_mixin.py:190} INFO - [2024-12-01T02:14:37.140+0000] {dagbag.py:588} INFO - Filling up the DagBag from /home/airflow/.local/lib/python3.12/site-packages/airflow/example_dags/tutorial_dag.py
[2024-12-01T02:14:37.148+0000] {processor.py:925} INFO - DAG(s) 'tutorial_dag' retrieved from /home/airflow/.local/lib/python3.12/site-packages/airflow/example_dags/tutorial_dag.py
[2024-12-01T02:14:37.166+0000] {logging_mixin.py:190} INFO - [2024-12-01T02:14:37.165+0000] {dag.py:3239} INFO - Sync 1 DAGs
[2024-12-01T02:14:37.181+0000] {logging_mixin.py:190} INFO - [2024-12-01T02:14:37.181+0000] {dag.py:4180} INFO - Setting next_dagrun for tutorial_dag to None, run_after=None
[2024-12-01T02:14:37.198+0000] {processor.py:208} INFO - Processing /home/airflow/.local/lib/python3.12/site-packages/airflow/example_dags/tutorial_dag.py took 0.065 seconds
[2024-12-01T02:15:08.000+0000] {processor.py:186} INFO - Started process (PID=51080) to work on /home/airflow/.local/lib/python3.12/site-packages/airflow/example_dags/tutorial_dag.py
[2024-12-01T02:15:08.001+0000] {processor.py:914} INFO - Processing file /home/airflow/.local/lib/python3.12/site-packages/airflow/example_dags/tutorial_dag.py for tasks to queue
[2024-12-01T02:15:08.003+0000] {logging_mixin.py:190} INFO - [2024-12-01T02:15:08.003+0000] {dagbag.py:588} INFO - Filling up the DagBag from /home/airflow/.local/lib/python3.12/site-packages/airflow/example_dags/tutorial_dag.py
[2024-12-01T02:15:08.010+0000] {processor.py:925} INFO - DAG(s) 'tutorial_dag' retrieved from /home/airflow/.local/lib/python3.12/site-packages/airflow/example_dags/tutorial_dag.py
[2024-12-01T02:15:08.028+0000] {logging_mixin.py:190} INFO - [2024-12-01T02:15:08.028+0000] {dag.py:3239} INFO - Sync 1 DAGs
[2024-12-01T02:15:08.045+0000] {logging_mixin.py:190} INFO - [2024-12-01T02:15:08.044+0000] {dag.py:4180} INFO - Setting next_dagrun for tutorial_dag to None, run_after=None
[2024-12-01T02:15:08.061+0000] {processor.py:208} INFO - Processing /home/airflow/.local/lib/python3.12/site-packages/airflow/example_dags/tutorial_dag.py took 0.066 seconds
[2024-12-01T02:15:38.810+0000] {processor.py:186} INFO - Started process (PID=51146) to work on /home/airflow/.local/lib/python3.12/site-packages/airflow/example_dags/tutorial_dag.py
[2024-12-01T02:15:38.811+0000] {processor.py:914} INFO - Processing file /home/airflow/.local/lib/python3.12/site-packages/airflow/example_dags/tutorial_dag.py for tasks to queue
[2024-12-01T02:15:38.813+0000] {logging_mixin.py:190} INFO - [2024-12-01T02:15:38.813+0000] {dagbag.py:588} INFO - Filling up the DagBag from /home/airflow/.local/lib/python3.12/site-packages/airflow/example_dags/tutorial_dag.py
[2024-12-01T02:15:38.820+0000] {processor.py:925} INFO - DAG(s) 'tutorial_dag' retrieved from /home/airflow/.local/lib/python3.12/site-packages/airflow/example_dags/tutorial_dag.py
[2024-12-01T02:15:38.837+0000] {logging_mixin.py:190} INFO - [2024-12-01T02:15:38.837+0000] {dag.py:3239} INFO - Sync 1 DAGs
[2024-12-01T02:15:38.850+0000] {logging_mixin.py:190} INFO - [2024-12-01T02:15:38.849+0000] {dag.py:4180} INFO - Setting next_dagrun for tutorial_dag to None, run_after=None
[2024-12-01T02:15:38.866+0000] {processor.py:208} INFO - Processing /home/airflow/.local/lib/python3.12/site-packages/airflow/example_dags/tutorial_dag.py took 0.063 seconds
[2024-12-01T02:16:09.484+0000] {processor.py:186} INFO - Started process (PID=51212) to work on /home/airflow/.local/lib/python3.12/site-packages/airflow/example_dags/tutorial_dag.py
[2024-12-01T02:16:09.485+0000] {processor.py:914} INFO - Processing file /home/airflow/.local/lib/python3.12/site-packages/airflow/example_dags/tutorial_dag.py for tasks to queue
[2024-12-01T02:16:09.488+0000] {logging_mixin.py:190} INFO - [2024-12-01T02:16:09.488+0000] {dagbag.py:588} INFO - Filling up the DagBag from /home/airflow/.local/lib/python3.12/site-packages/airflow/example_dags/tutorial_dag.py
[2024-12-01T02:16:09.497+0000] {processor.py:925} INFO - DAG(s) 'tutorial_dag' retrieved from /home/airflow/.local/lib/python3.12/site-packages/airflow/example_dags/tutorial_dag.py
[2024-12-01T02:16:09.525+0000] {logging_mixin.py:190} INFO - [2024-12-01T02:16:09.524+0000] {dag.py:3239} INFO - Sync 1 DAGs
[2024-12-01T02:16:09.542+0000] {logging_mixin.py:190} INFO - [2024-12-01T02:16:09.542+0000] {dag.py:4180} INFO - Setting next_dagrun for tutorial_dag to None, run_after=None
[2024-12-01T02:16:09.563+0000] {processor.py:208} INFO - Processing /home/airflow/.local/lib/python3.12/site-packages/airflow/example_dags/tutorial_dag.py took 0.086 seconds
[2024-12-01T02:16:40.636+0000] {processor.py:186} INFO - Started process (PID=51278) to work on /home/airflow/.local/lib/python3.12/site-packages/airflow/example_dags/tutorial_dag.py
[2024-12-01T02:16:40.637+0000] {processor.py:914} INFO - Processing file /home/airflow/.local/lib/python3.12/site-packages/airflow/example_dags/tutorial_dag.py for tasks to queue
[2024-12-01T02:16:40.639+0000] {logging_mixin.py:190} INFO - [2024-12-01T02:16:40.639+0000] {dagbag.py:588} INFO - Filling up the DagBag from /home/airflow/.local/lib/python3.12/site-packages/airflow/example_dags/tutorial_dag.py
[2024-12-01T02:16:40.646+0000] {processor.py:925} INFO - DAG(s) 'tutorial_dag' retrieved from /home/airflow/.local/lib/python3.12/site-packages/airflow/example_dags/tutorial_dag.py
[2024-12-01T02:16:40.662+0000] {logging_mixin.py:190} INFO - [2024-12-01T02:16:40.662+0000] {dag.py:3239} INFO - Sync 1 DAGs
[2024-12-01T02:16:40.676+0000] {logging_mixin.py:190} INFO - [2024-12-01T02:16:40.675+0000] {dag.py:4180} INFO - Setting next_dagrun for tutorial_dag to None, run_after=None
[2024-12-01T02:16:40.691+0000] {processor.py:208} INFO - Processing /home/airflow/.local/lib/python3.12/site-packages/airflow/example_dags/tutorial_dag.py took 0.060 seconds
[2024-12-01T02:17:11.648+0000] {processor.py:186} INFO - Started process (PID=51344) to work on /home/airflow/.local/lib/python3.12/site-packages/airflow/example_dags/tutorial_dag.py
[2024-12-01T02:17:11.649+0000] {processor.py:914} INFO - Processing file /home/airflow/.local/lib/python3.12/site-packages/airflow/example_dags/tutorial_dag.py for tasks to queue
[2024-12-01T02:17:11.651+0000] {logging_mixin.py:190} INFO - [2024-12-01T02:17:11.651+0000] {dagbag.py:588} INFO - Filling up the DagBag from /home/airflow/.local/lib/python3.12/site-packages/airflow/example_dags/tutorial_dag.py
[2024-12-01T02:17:11.658+0000] {processor.py:925} INFO - DAG(s) 'tutorial_dag' retrieved from /home/airflow/.local/lib/python3.12/site-packages/airflow/example_dags/tutorial_dag.py
[2024-12-01T02:17:11.676+0000] {logging_mixin.py:190} INFO - [2024-12-01T02:17:11.675+0000] {dag.py:3239} INFO - Sync 1 DAGs
[2024-12-01T02:17:11.691+0000] {logging_mixin.py:190} INFO - [2024-12-01T02:17:11.691+0000] {dag.py:4180} INFO - Setting next_dagrun for tutorial_dag to None, run_after=None
[2024-12-01T02:17:11.711+0000] {processor.py:208} INFO - Processing /home/airflow/.local/lib/python3.12/site-packages/airflow/example_dags/tutorial_dag.py took 0.069 seconds
[2024-12-01T02:17:42.692+0000] {processor.py:186} INFO - Started process (PID=51410) to work on /home/airflow/.local/lib/python3.12/site-packages/airflow/example_dags/tutorial_dag.py
[2024-12-01T02:17:42.693+0000] {processor.py:914} INFO - Processing file /home/airflow/.local/lib/python3.12/site-packages/airflow/example_dags/tutorial_dag.py for tasks to queue
[2024-12-01T02:17:42.696+0000] {logging_mixin.py:190} INFO - [2024-12-01T02:17:42.695+0000] {dagbag.py:588} INFO - Filling up the DagBag from /home/airflow/.local/lib/python3.12/site-packages/airflow/example_dags/tutorial_dag.py
[2024-12-01T02:17:42.704+0000] {processor.py:925} INFO - DAG(s) 'tutorial_dag' retrieved from /home/airflow/.local/lib/python3.12/site-packages/airflow/example_dags/tutorial_dag.py
[2024-12-01T02:17:42.725+0000] {logging_mixin.py:190} INFO - [2024-12-01T02:17:42.725+0000] {dag.py:3239} INFO - Sync 1 DAGs
[2024-12-01T02:17:42.742+0000] {logging_mixin.py:190} INFO - [2024-12-01T02:17:42.742+0000] {dag.py:4180} INFO - Setting next_dagrun for tutorial_dag to None, run_after=None
[2024-12-01T02:17:42.762+0000] {processor.py:208} INFO - Processing /home/airflow/.local/lib/python3.12/site-packages/airflow/example_dags/tutorial_dag.py took 0.080 seconds
[2024-12-01T02:18:13.733+0000] {processor.py:186} INFO - Started process (PID=51476) to work on /home/airflow/.local/lib/python3.12/site-packages/airflow/example_dags/tutorial_dag.py
[2024-12-01T02:18:13.734+0000] {processor.py:914} INFO - Processing file /home/airflow/.local/lib/python3.12/site-packages/airflow/example_dags/tutorial_dag.py for tasks to queue
[2024-12-01T02:18:13.737+0000] {logging_mixin.py:190} INFO - [2024-12-01T02:18:13.736+0000] {dagbag.py:588} INFO - Filling up the DagBag from /home/airflow/.local/lib/python3.12/site-packages/airflow/example_dags/tutorial_dag.py
[2024-12-01T02:18:13.745+0000] {processor.py:925} INFO - DAG(s) 'tutorial_dag' retrieved from /home/airflow/.local/lib/python3.12/site-packages/airflow/example_dags/tutorial_dag.py
[2024-12-01T02:18:13.762+0000] {logging_mixin.py:190} INFO - [2024-12-01T02:18:13.762+0000] {dag.py:3239} INFO - Sync 1 DAGs
[2024-12-01T02:18:13.776+0000] {logging_mixin.py:190} INFO - [2024-12-01T02:18:13.775+0000] {dag.py:4180} INFO - Setting next_dagrun for tutorial_dag to None, run_after=None
[2024-12-01T02:18:13.795+0000] {processor.py:208} INFO - Processing /home/airflow/.local/lib/python3.12/site-packages/airflow/example_dags/tutorial_dag.py took 0.066 seconds
[2024-12-01T02:18:44.390+0000] {processor.py:186} INFO - Started process (PID=51542) to work on /home/airflow/.local/lib/python3.12/site-packages/airflow/example_dags/tutorial_dag.py
[2024-12-01T02:18:44.391+0000] {processor.py:914} INFO - Processing file /home/airflow/.local/lib/python3.12/site-packages/airflow/example_dags/tutorial_dag.py for tasks to queue
[2024-12-01T02:18:44.393+0000] {logging_mixin.py:190} INFO - [2024-12-01T02:18:44.393+0000] {dagbag.py:588} INFO - Filling up the DagBag from /home/airflow/.local/lib/python3.12/site-packages/airflow/example_dags/tutorial_dag.py
[2024-12-01T02:18:44.400+0000] {processor.py:925} INFO - DAG(s) 'tutorial_dag' retrieved from /home/airflow/.local/lib/python3.12/site-packages/airflow/example_dags/tutorial_dag.py
[2024-12-01T02:18:44.417+0000] {logging_mixin.py:190} INFO - [2024-12-01T02:18:44.417+0000] {dag.py:3239} INFO - Sync 1 DAGs
[2024-12-01T02:18:44.430+0000] {logging_mixin.py:190} INFO - [2024-12-01T02:18:44.430+0000] {dag.py:4180} INFO - Setting next_dagrun for tutorial_dag to None, run_after=None
[2024-12-01T02:18:44.447+0000] {processor.py:208} INFO - Processing /home/airflow/.local/lib/python3.12/site-packages/airflow/example_dags/tutorial_dag.py took 0.063 seconds
[2024-12-01T02:19:15.494+0000] {processor.py:186} INFO - Started process (PID=51609) to work on /home/airflow/.local/lib/python3.12/site-packages/airflow/example_dags/tutorial_dag.py
[2024-12-01T02:19:15.495+0000] {processor.py:914} INFO - Processing file /home/airflow/.local/lib/python3.12/site-packages/airflow/example_dags/tutorial_dag.py for tasks to queue
[2024-12-01T02:19:15.497+0000] {logging_mixin.py:190} INFO - [2024-12-01T02:19:15.497+0000] {dagbag.py:588} INFO - Filling up the DagBag from /home/airflow/.local/lib/python3.12/site-packages/airflow/example_dags/tutorial_dag.py
[2024-12-01T02:19:15.504+0000] {processor.py:925} INFO - DAG(s) 'tutorial_dag' retrieved from /home/airflow/.local/lib/python3.12/site-packages/airflow/example_dags/tutorial_dag.py
[2024-12-01T02:19:15.521+0000] {logging_mixin.py:190} INFO - [2024-12-01T02:19:15.521+0000] {dag.py:3239} INFO - Sync 1 DAGs
[2024-12-01T02:19:15.534+0000] {logging_mixin.py:190} INFO - [2024-12-01T02:19:15.534+0000] {dag.py:4180} INFO - Setting next_dagrun for tutorial_dag to None, run_after=None
[2024-12-01T02:19:15.551+0000] {processor.py:208} INFO - Processing /home/airflow/.local/lib/python3.12/site-packages/airflow/example_dags/tutorial_dag.py took 0.062 seconds
[2024-12-01T02:19:46.583+0000] {processor.py:186} INFO - Started process (PID=51675) to work on /home/airflow/.local/lib/python3.12/site-packages/airflow/example_dags/tutorial_dag.py
[2024-12-01T02:19:46.583+0000] {processor.py:914} INFO - Processing file /home/airflow/.local/lib/python3.12/site-packages/airflow/example_dags/tutorial_dag.py for tasks to queue
[2024-12-01T02:19:46.586+0000] {logging_mixin.py:190} INFO - [2024-12-01T02:19:46.585+0000] {dagbag.py:588} INFO - Filling up the DagBag from /home/airflow/.local/lib/python3.12/site-packages/airflow/example_dags/tutorial_dag.py
[2024-12-01T02:19:46.592+0000] {processor.py:925} INFO - DAG(s) 'tutorial_dag' retrieved from /home/airflow/.local/lib/python3.12/site-packages/airflow/example_dags/tutorial_dag.py
[2024-12-01T02:19:46.610+0000] {logging_mixin.py:190} INFO - [2024-12-01T02:19:46.610+0000] {dag.py:3239} INFO - Sync 1 DAGs
[2024-12-01T02:19:46.623+0000] {logging_mixin.py:190} INFO - [2024-12-01T02:19:46.623+0000] {dag.py:4180} INFO - Setting next_dagrun for tutorial_dag to None, run_after=None
[2024-12-01T02:19:46.639+0000] {processor.py:208} INFO - Processing /home/airflow/.local/lib/python3.12/site-packages/airflow/example_dags/tutorial_dag.py took 0.062 seconds
[2024-12-01T02:20:17.752+0000] {processor.py:186} INFO - Started process (PID=51741) to work on /home/airflow/.local/lib/python3.12/site-packages/airflow/example_dags/tutorial_dag.py
[2024-12-01T02:20:17.753+0000] {processor.py:914} INFO - Processing file /home/airflow/.local/lib/python3.12/site-packages/airflow/example_dags/tutorial_dag.py for tasks to queue
[2024-12-01T02:20:17.755+0000] {logging_mixin.py:190} INFO - [2024-12-01T02:20:17.755+0000] {dagbag.py:588} INFO - Filling up the DagBag from /home/airflow/.local/lib/python3.12/site-packages/airflow/example_dags/tutorial_dag.py
[2024-12-01T02:20:17.762+0000] {processor.py:925} INFO - DAG(s) 'tutorial_dag' retrieved from /home/airflow/.local/lib/python3.12/site-packages/airflow/example_dags/tutorial_dag.py
[2024-12-01T02:20:17.780+0000] {logging_mixin.py:190} INFO - [2024-12-01T02:20:17.780+0000] {dag.py:3239} INFO - Sync 1 DAGs
[2024-12-01T02:20:17.795+0000] {logging_mixin.py:190} INFO - [2024-12-01T02:20:17.795+0000] {dag.py:4180} INFO - Setting next_dagrun for tutorial_dag to None, run_after=None
[2024-12-01T02:20:17.812+0000] {processor.py:208} INFO - Processing /home/airflow/.local/lib/python3.12/site-packages/airflow/example_dags/tutorial_dag.py took 0.065 seconds
[2024-12-01T02:20:49.063+0000] {processor.py:186} INFO - Started process (PID=51807) to work on /home/airflow/.local/lib/python3.12/site-packages/airflow/example_dags/tutorial_dag.py
[2024-12-01T02:20:49.064+0000] {processor.py:914} INFO - Processing file /home/airflow/.local/lib/python3.12/site-packages/airflow/example_dags/tutorial_dag.py for tasks to queue
[2024-12-01T02:20:49.066+0000] {logging_mixin.py:190} INFO - [2024-12-01T02:20:49.066+0000] {dagbag.py:588} INFO - Filling up the DagBag from /home/airflow/.local/lib/python3.12/site-packages/airflow/example_dags/tutorial_dag.py
[2024-12-01T02:20:49.073+0000] {processor.py:925} INFO - DAG(s) 'tutorial_dag' retrieved from /home/airflow/.local/lib/python3.12/site-packages/airflow/example_dags/tutorial_dag.py
[2024-12-01T02:20:49.090+0000] {logging_mixin.py:190} INFO - [2024-12-01T02:20:49.090+0000] {dag.py:3239} INFO - Sync 1 DAGs
[2024-12-01T02:20:49.104+0000] {logging_mixin.py:190} INFO - [2024-12-01T02:20:49.104+0000] {dag.py:4180} INFO - Setting next_dagrun for tutorial_dag to None, run_after=None
[2024-12-01T02:20:49.122+0000] {processor.py:208} INFO - Processing /home/airflow/.local/lib/python3.12/site-packages/airflow/example_dags/tutorial_dag.py took 0.064 seconds
[2024-12-01T02:21:20.872+0000] {processor.py:186} INFO - Started process (PID=51873) to work on /home/airflow/.local/lib/python3.12/site-packages/airflow/example_dags/tutorial_dag.py
[2024-12-01T02:21:20.873+0000] {processor.py:914} INFO - Processing file /home/airflow/.local/lib/python3.12/site-packages/airflow/example_dags/tutorial_dag.py for tasks to queue
[2024-12-01T02:21:20.875+0000] {logging_mixin.py:190} INFO - [2024-12-01T02:21:20.875+0000] {dagbag.py:588} INFO - Filling up the DagBag from /home/airflow/.local/lib/python3.12/site-packages/airflow/example_dags/tutorial_dag.py
[2024-12-01T02:21:20.882+0000] {processor.py:925} INFO - DAG(s) 'tutorial_dag' retrieved from /home/airflow/.local/lib/python3.12/site-packages/airflow/example_dags/tutorial_dag.py
[2024-12-01T02:21:20.901+0000] {logging_mixin.py:190} INFO - [2024-12-01T02:21:20.900+0000] {dag.py:3239} INFO - Sync 1 DAGs
[2024-12-01T02:21:21.070+0000] {logging_mixin.py:190} INFO - [2024-12-01T02:21:21.070+0000] {dag.py:4180} INFO - Setting next_dagrun for tutorial_dag to None, run_after=None
[2024-12-01T02:21:21.087+0000] {processor.py:208} INFO - Processing /home/airflow/.local/lib/python3.12/site-packages/airflow/example_dags/tutorial_dag.py took 0.220 seconds
[2024-12-01T02:21:51.793+0000] {processor.py:186} INFO - Started process (PID=51939) to work on /home/airflow/.local/lib/python3.12/site-packages/airflow/example_dags/tutorial_dag.py
[2024-12-01T02:21:51.794+0000] {processor.py:914} INFO - Processing file /home/airflow/.local/lib/python3.12/site-packages/airflow/example_dags/tutorial_dag.py for tasks to queue
[2024-12-01T02:21:51.796+0000] {logging_mixin.py:190} INFO - [2024-12-01T02:21:51.796+0000] {dagbag.py:588} INFO - Filling up the DagBag from /home/airflow/.local/lib/python3.12/site-packages/airflow/example_dags/tutorial_dag.py
[2024-12-01T02:21:51.803+0000] {processor.py:925} INFO - DAG(s) 'tutorial_dag' retrieved from /home/airflow/.local/lib/python3.12/site-packages/airflow/example_dags/tutorial_dag.py
[2024-12-01T02:21:51.821+0000] {logging_mixin.py:190} INFO - [2024-12-01T02:21:51.821+0000] {dag.py:3239} INFO - Sync 1 DAGs
[2024-12-01T02:21:51.835+0000] {logging_mixin.py:190} INFO - [2024-12-01T02:21:51.835+0000] {dag.py:4180} INFO - Setting next_dagrun for tutorial_dag to None, run_after=None
[2024-12-01T02:21:52.009+0000] {processor.py:208} INFO - Processing /home/airflow/.local/lib/python3.12/site-packages/airflow/example_dags/tutorial_dag.py took 0.222 seconds
[2024-12-01T02:22:22.586+0000] {processor.py:186} INFO - Started process (PID=52005) to work on /home/airflow/.local/lib/python3.12/site-packages/airflow/example_dags/tutorial_dag.py
[2024-12-01T02:22:22.587+0000] {processor.py:914} INFO - Processing file /home/airflow/.local/lib/python3.12/site-packages/airflow/example_dags/tutorial_dag.py for tasks to queue
[2024-12-01T02:22:22.589+0000] {logging_mixin.py:190} INFO - [2024-12-01T02:22:22.589+0000] {dagbag.py:588} INFO - Filling up the DagBag from /home/airflow/.local/lib/python3.12/site-packages/airflow/example_dags/tutorial_dag.py
[2024-12-01T02:22:22.596+0000] {processor.py:925} INFO - DAG(s) 'tutorial_dag' retrieved from /home/airflow/.local/lib/python3.12/site-packages/airflow/example_dags/tutorial_dag.py
[2024-12-01T02:22:22.614+0000] {logging_mixin.py:190} INFO - [2024-12-01T02:22:22.614+0000] {dag.py:3239} INFO - Sync 1 DAGs
[2024-12-01T02:22:22.627+0000] {logging_mixin.py:190} INFO - [2024-12-01T02:22:22.627+0000] {dag.py:4180} INFO - Setting next_dagrun for tutorial_dag to None, run_after=None
[2024-12-01T02:22:22.646+0000] {processor.py:208} INFO - Processing /home/airflow/.local/lib/python3.12/site-packages/airflow/example_dags/tutorial_dag.py took 0.065 seconds
[2024-12-01T02:22:53.098+0000] {processor.py:186} INFO - Started process (PID=52071) to work on /home/airflow/.local/lib/python3.12/site-packages/airflow/example_dags/tutorial_dag.py
[2024-12-01T02:22:53.099+0000] {processor.py:914} INFO - Processing file /home/airflow/.local/lib/python3.12/site-packages/airflow/example_dags/tutorial_dag.py for tasks to queue
[2024-12-01T02:22:53.102+0000] {logging_mixin.py:190} INFO - [2024-12-01T02:22:53.101+0000] {dagbag.py:588} INFO - Filling up the DagBag from /home/airflow/.local/lib/python3.12/site-packages/airflow/example_dags/tutorial_dag.py
[2024-12-01T02:22:53.109+0000] {processor.py:925} INFO - DAG(s) 'tutorial_dag' retrieved from /home/airflow/.local/lib/python3.12/site-packages/airflow/example_dags/tutorial_dag.py
[2024-12-01T02:22:53.128+0000] {logging_mixin.py:190} INFO - [2024-12-01T02:22:53.127+0000] {dag.py:3239} INFO - Sync 1 DAGs
[2024-12-01T02:22:53.146+0000] {logging_mixin.py:190} INFO - [2024-12-01T02:22:53.145+0000] {dag.py:4180} INFO - Setting next_dagrun for tutorial_dag to None, run_after=None
[2024-12-01T02:22:53.164+0000] {processor.py:208} INFO - Processing /home/airflow/.local/lib/python3.12/site-packages/airflow/example_dags/tutorial_dag.py took 0.071 seconds
[2024-12-01T02:23:24.229+0000] {processor.py:186} INFO - Started process (PID=52137) to work on /home/airflow/.local/lib/python3.12/site-packages/airflow/example_dags/tutorial_dag.py
[2024-12-01T02:23:24.230+0000] {processor.py:914} INFO - Processing file /home/airflow/.local/lib/python3.12/site-packages/airflow/example_dags/tutorial_dag.py for tasks to queue
[2024-12-01T02:23:24.232+0000] {logging_mixin.py:190} INFO - [2024-12-01T02:23:24.231+0000] {dagbag.py:588} INFO - Filling up the DagBag from /home/airflow/.local/lib/python3.12/site-packages/airflow/example_dags/tutorial_dag.py
[2024-12-01T02:23:24.389+0000] {processor.py:925} INFO - DAG(s) 'tutorial_dag' retrieved from /home/airflow/.local/lib/python3.12/site-packages/airflow/example_dags/tutorial_dag.py
[2024-12-01T02:23:24.405+0000] {logging_mixin.py:190} INFO - [2024-12-01T02:23:24.404+0000] {dag.py:3239} INFO - Sync 1 DAGs
[2024-12-01T02:23:24.416+0000] {logging_mixin.py:190} INFO - [2024-12-01T02:23:24.416+0000] {dag.py:4180} INFO - Setting next_dagrun for tutorial_dag to None, run_after=None
[2024-12-01T02:23:24.432+0000] {processor.py:208} INFO - Processing /home/airflow/.local/lib/python3.12/site-packages/airflow/example_dags/tutorial_dag.py took 0.209 seconds
[2024-12-01T02:23:55.230+0000] {processor.py:186} INFO - Started process (PID=52203) to work on /home/airflow/.local/lib/python3.12/site-packages/airflow/example_dags/tutorial_dag.py
[2024-12-01T02:23:55.231+0000] {processor.py:914} INFO - Processing file /home/airflow/.local/lib/python3.12/site-packages/airflow/example_dags/tutorial_dag.py for tasks to queue
[2024-12-01T02:23:55.233+0000] {logging_mixin.py:190} INFO - [2024-12-01T02:23:55.233+0000] {dagbag.py:588} INFO - Filling up the DagBag from /home/airflow/.local/lib/python3.12/site-packages/airflow/example_dags/tutorial_dag.py
[2024-12-01T02:23:55.240+0000] {processor.py:925} INFO - DAG(s) 'tutorial_dag' retrieved from /home/airflow/.local/lib/python3.12/site-packages/airflow/example_dags/tutorial_dag.py
[2024-12-01T02:23:55.258+0000] {logging_mixin.py:190} INFO - [2024-12-01T02:23:55.257+0000] {dag.py:3239} INFO - Sync 1 DAGs
[2024-12-01T02:23:55.271+0000] {logging_mixin.py:190} INFO - [2024-12-01T02:23:55.271+0000] {dag.py:4180} INFO - Setting next_dagrun for tutorial_dag to None, run_after=None
[2024-12-01T02:23:55.288+0000] {processor.py:208} INFO - Processing /home/airflow/.local/lib/python3.12/site-packages/airflow/example_dags/tutorial_dag.py took 0.063 seconds
[2024-12-01T02:24:26.627+0000] {processor.py:186} INFO - Started process (PID=52269) to work on /home/airflow/.local/lib/python3.12/site-packages/airflow/example_dags/tutorial_dag.py
[2024-12-01T02:24:26.628+0000] {processor.py:914} INFO - Processing file /home/airflow/.local/lib/python3.12/site-packages/airflow/example_dags/tutorial_dag.py for tasks to queue
[2024-12-01T02:24:26.631+0000] {logging_mixin.py:190} INFO - [2024-12-01T02:24:26.630+0000] {dagbag.py:588} INFO - Filling up the DagBag from /home/airflow/.local/lib/python3.12/site-packages/airflow/example_dags/tutorial_dag.py
[2024-12-01T02:24:26.638+0000] {processor.py:925} INFO - DAG(s) 'tutorial_dag' retrieved from /home/airflow/.local/lib/python3.12/site-packages/airflow/example_dags/tutorial_dag.py
[2024-12-01T02:24:26.655+0000] {logging_mixin.py:190} INFO - [2024-12-01T02:24:26.655+0000] {dag.py:3239} INFO - Sync 1 DAGs
[2024-12-01T02:24:26.668+0000] {logging_mixin.py:190} INFO - [2024-12-01T02:24:26.668+0000] {dag.py:4180} INFO - Setting next_dagrun for tutorial_dag to None, run_after=None
[2024-12-01T02:24:26.685+0000] {processor.py:208} INFO - Processing /home/airflow/.local/lib/python3.12/site-packages/airflow/example_dags/tutorial_dag.py took 0.063 seconds
[2024-12-01T02:24:58.042+0000] {processor.py:186} INFO - Started process (PID=52335) to work on /home/airflow/.local/lib/python3.12/site-packages/airflow/example_dags/tutorial_dag.py
[2024-12-01T02:24:58.043+0000] {processor.py:914} INFO - Processing file /home/airflow/.local/lib/python3.12/site-packages/airflow/example_dags/tutorial_dag.py for tasks to queue
[2024-12-01T02:24:58.046+0000] {logging_mixin.py:190} INFO - [2024-12-01T02:24:58.045+0000] {dagbag.py:588} INFO - Filling up the DagBag from /home/airflow/.local/lib/python3.12/site-packages/airflow/example_dags/tutorial_dag.py
[2024-12-01T02:24:58.052+0000] {processor.py:925} INFO - DAG(s) 'tutorial_dag' retrieved from /home/airflow/.local/lib/python3.12/site-packages/airflow/example_dags/tutorial_dag.py
[2024-12-01T02:24:58.070+0000] {logging_mixin.py:190} INFO - [2024-12-01T02:24:58.070+0000] {dag.py:3239} INFO - Sync 1 DAGs
[2024-12-01T02:24:58.085+0000] {logging_mixin.py:190} INFO - [2024-12-01T02:24:58.085+0000] {dag.py:4180} INFO - Setting next_dagrun for tutorial_dag to None, run_after=None
[2024-12-01T02:24:58.103+0000] {processor.py:208} INFO - Processing /home/airflow/.local/lib/python3.12/site-packages/airflow/example_dags/tutorial_dag.py took 0.066 seconds
[2024-12-01T02:25:28.611+0000] {processor.py:186} INFO - Started process (PID=52401) to work on /home/airflow/.local/lib/python3.12/site-packages/airflow/example_dags/tutorial_dag.py
[2024-12-01T02:25:28.612+0000] {processor.py:914} INFO - Processing file /home/airflow/.local/lib/python3.12/site-packages/airflow/example_dags/tutorial_dag.py for tasks to queue
[2024-12-01T02:25:28.614+0000] {logging_mixin.py:190} INFO - [2024-12-01T02:25:28.614+0000] {dagbag.py:588} INFO - Filling up the DagBag from /home/airflow/.local/lib/python3.12/site-packages/airflow/example_dags/tutorial_dag.py
[2024-12-01T02:25:28.621+0000] {processor.py:925} INFO - DAG(s) 'tutorial_dag' retrieved from /home/airflow/.local/lib/python3.12/site-packages/airflow/example_dags/tutorial_dag.py
[2024-12-01T02:25:28.637+0000] {logging_mixin.py:190} INFO - [2024-12-01T02:25:28.637+0000] {dag.py:3239} INFO - Sync 1 DAGs
[2024-12-01T02:25:28.650+0000] {logging_mixin.py:190} INFO - [2024-12-01T02:25:28.650+0000] {dag.py:4180} INFO - Setting next_dagrun for tutorial_dag to None, run_after=None
[2024-12-01T02:25:28.667+0000] {processor.py:208} INFO - Processing /home/airflow/.local/lib/python3.12/site-packages/airflow/example_dags/tutorial_dag.py took 0.061 seconds
[2024-12-01T02:25:59.283+0000] {processor.py:186} INFO - Started process (PID=52467) to work on /home/airflow/.local/lib/python3.12/site-packages/airflow/example_dags/tutorial_dag.py
[2024-12-01T02:25:59.284+0000] {processor.py:914} INFO - Processing file /home/airflow/.local/lib/python3.12/site-packages/airflow/example_dags/tutorial_dag.py for tasks to queue
[2024-12-01T02:25:59.286+0000] {logging_mixin.py:190} INFO - [2024-12-01T02:25:59.286+0000] {dagbag.py:588} INFO - Filling up the DagBag from /home/airflow/.local/lib/python3.12/site-packages/airflow/example_dags/tutorial_dag.py
[2024-12-01T02:25:59.293+0000] {processor.py:925} INFO - DAG(s) 'tutorial_dag' retrieved from /home/airflow/.local/lib/python3.12/site-packages/airflow/example_dags/tutorial_dag.py
[2024-12-01T02:25:59.311+0000] {logging_mixin.py:190} INFO - [2024-12-01T02:25:59.311+0000] {dag.py:3239} INFO - Sync 1 DAGs
[2024-12-01T02:25:59.326+0000] {logging_mixin.py:190} INFO - [2024-12-01T02:25:59.325+0000] {dag.py:4180} INFO - Setting next_dagrun for tutorial_dag to None, run_after=None
[2024-12-01T02:25:59.342+0000] {processor.py:208} INFO - Processing /home/airflow/.local/lib/python3.12/site-packages/airflow/example_dags/tutorial_dag.py took 0.064 seconds
[2024-12-01T02:26:29.863+0000] {processor.py:186} INFO - Started process (PID=52539) to work on /home/airflow/.local/lib/python3.12/site-packages/airflow/example_dags/tutorial_dag.py
[2024-12-01T02:26:29.864+0000] {processor.py:914} INFO - Processing file /home/airflow/.local/lib/python3.12/site-packages/airflow/example_dags/tutorial_dag.py for tasks to queue
[2024-12-01T02:26:29.866+0000] {logging_mixin.py:190} INFO - [2024-12-01T02:26:29.866+0000] {dagbag.py:588} INFO - Filling up the DagBag from /home/airflow/.local/lib/python3.12/site-packages/airflow/example_dags/tutorial_dag.py
[2024-12-01T02:26:29.873+0000] {processor.py:925} INFO - DAG(s) 'tutorial_dag' retrieved from /home/airflow/.local/lib/python3.12/site-packages/airflow/example_dags/tutorial_dag.py
[2024-12-01T02:26:29.889+0000] {logging_mixin.py:190} INFO - [2024-12-01T02:26:29.889+0000] {dag.py:3239} INFO - Sync 1 DAGs
[2024-12-01T02:26:29.902+0000] {logging_mixin.py:190} INFO - [2024-12-01T02:26:29.902+0000] {dag.py:4180} INFO - Setting next_dagrun for tutorial_dag to None, run_after=None
[2024-12-01T02:26:29.920+0000] {processor.py:208} INFO - Processing /home/airflow/.local/lib/python3.12/site-packages/airflow/example_dags/tutorial_dag.py took 0.062 seconds
[2024-12-01T02:27:00.458+0000] {processor.py:186} INFO - Started process (PID=52605) to work on /home/airflow/.local/lib/python3.12/site-packages/airflow/example_dags/tutorial_dag.py
[2024-12-01T02:27:00.459+0000] {processor.py:914} INFO - Processing file /home/airflow/.local/lib/python3.12/site-packages/airflow/example_dags/tutorial_dag.py for tasks to queue
[2024-12-01T02:27:00.461+0000] {logging_mixin.py:190} INFO - [2024-12-01T02:27:00.461+0000] {dagbag.py:588} INFO - Filling up the DagBag from /home/airflow/.local/lib/python3.12/site-packages/airflow/example_dags/tutorial_dag.py
[2024-12-01T02:27:00.468+0000] {processor.py:925} INFO - DAG(s) 'tutorial_dag' retrieved from /home/airflow/.local/lib/python3.12/site-packages/airflow/example_dags/tutorial_dag.py
[2024-12-01T02:27:00.484+0000] {logging_mixin.py:190} INFO - [2024-12-01T02:27:00.484+0000] {dag.py:3239} INFO - Sync 1 DAGs
[2024-12-01T02:27:00.496+0000] {logging_mixin.py:190} INFO - [2024-12-01T02:27:00.496+0000] {dag.py:4180} INFO - Setting next_dagrun for tutorial_dag to None, run_after=None
[2024-12-01T02:27:00.512+0000] {processor.py:208} INFO - Processing /home/airflow/.local/lib/python3.12/site-packages/airflow/example_dags/tutorial_dag.py took 0.059 seconds
[2024-12-01T02:27:31.008+0000] {processor.py:186} INFO - Started process (PID=52671) to work on /home/airflow/.local/lib/python3.12/site-packages/airflow/example_dags/tutorial_dag.py
[2024-12-01T02:27:31.008+0000] {processor.py:914} INFO - Processing file /home/airflow/.local/lib/python3.12/site-packages/airflow/example_dags/tutorial_dag.py for tasks to queue
[2024-12-01T02:27:31.011+0000] {logging_mixin.py:190} INFO - [2024-12-01T02:27:31.010+0000] {dagbag.py:588} INFO - Filling up the DagBag from /home/airflow/.local/lib/python3.12/site-packages/airflow/example_dags/tutorial_dag.py
[2024-12-01T02:27:31.019+0000] {processor.py:925} INFO - DAG(s) 'tutorial_dag' retrieved from /home/airflow/.local/lib/python3.12/site-packages/airflow/example_dags/tutorial_dag.py
[2024-12-01T02:27:31.036+0000] {logging_mixin.py:190} INFO - [2024-12-01T02:27:31.035+0000] {dag.py:3239} INFO - Sync 1 DAGs
[2024-12-01T02:27:31.049+0000] {logging_mixin.py:190} INFO - [2024-12-01T02:27:31.048+0000] {dag.py:4180} INFO - Setting next_dagrun for tutorial_dag to None, run_after=None
[2024-12-01T02:27:31.066+0000] {processor.py:208} INFO - Processing /home/airflow/.local/lib/python3.12/site-packages/airflow/example_dags/tutorial_dag.py took 0.068 seconds
[2024-12-01T02:28:02.353+0000] {processor.py:186} INFO - Started process (PID=52737) to work on /home/airflow/.local/lib/python3.12/site-packages/airflow/example_dags/tutorial_dag.py
[2024-12-01T02:28:02.354+0000] {processor.py:914} INFO - Processing file /home/airflow/.local/lib/python3.12/site-packages/airflow/example_dags/tutorial_dag.py for tasks to queue
[2024-12-01T02:28:02.356+0000] {logging_mixin.py:190} INFO - [2024-12-01T02:28:02.356+0000] {dagbag.py:588} INFO - Filling up the DagBag from /home/airflow/.local/lib/python3.12/site-packages/airflow/example_dags/tutorial_dag.py
[2024-12-01T02:28:02.364+0000] {processor.py:925} INFO - DAG(s) 'tutorial_dag' retrieved from /home/airflow/.local/lib/python3.12/site-packages/airflow/example_dags/tutorial_dag.py
[2024-12-01T02:28:02.381+0000] {logging_mixin.py:190} INFO - [2024-12-01T02:28:02.381+0000] {dag.py:3239} INFO - Sync 1 DAGs
[2024-12-01T02:28:02.397+0000] {logging_mixin.py:190} INFO - [2024-12-01T02:28:02.397+0000] {dag.py:4180} INFO - Setting next_dagrun for tutorial_dag to None, run_after=None
[2024-12-01T02:28:02.421+0000] {processor.py:208} INFO - Processing /home/airflow/.local/lib/python3.12/site-packages/airflow/example_dags/tutorial_dag.py took 0.076 seconds
[2024-12-01T02:28:32.940+0000] {processor.py:186} INFO - Started process (PID=52803) to work on /home/airflow/.local/lib/python3.12/site-packages/airflow/example_dags/tutorial_dag.py
[2024-12-01T02:28:32.941+0000] {processor.py:914} INFO - Processing file /home/airflow/.local/lib/python3.12/site-packages/airflow/example_dags/tutorial_dag.py for tasks to queue
[2024-12-01T02:28:32.943+0000] {logging_mixin.py:190} INFO - [2024-12-01T02:28:32.943+0000] {dagbag.py:588} INFO - Filling up the DagBag from /home/airflow/.local/lib/python3.12/site-packages/airflow/example_dags/tutorial_dag.py
[2024-12-01T02:28:32.951+0000] {processor.py:925} INFO - DAG(s) 'tutorial_dag' retrieved from /home/airflow/.local/lib/python3.12/site-packages/airflow/example_dags/tutorial_dag.py
[2024-12-01T02:28:32.968+0000] {logging_mixin.py:190} INFO - [2024-12-01T02:28:32.968+0000] {dag.py:3239} INFO - Sync 1 DAGs
[2024-12-01T02:28:32.982+0000] {logging_mixin.py:190} INFO - [2024-12-01T02:28:32.982+0000] {dag.py:4180} INFO - Setting next_dagrun for tutorial_dag to None, run_after=None
[2024-12-01T02:28:32.999+0000] {processor.py:208} INFO - Processing /home/airflow/.local/lib/python3.12/site-packages/airflow/example_dags/tutorial_dag.py took 0.064 seconds
[2024-12-01T02:29:03.406+0000] {processor.py:186} INFO - Started process (PID=52869) to work on /home/airflow/.local/lib/python3.12/site-packages/airflow/example_dags/tutorial_dag.py
[2024-12-01T02:29:03.421+0000] {processor.py:914} INFO - Processing file /home/airflow/.local/lib/python3.12/site-packages/airflow/example_dags/tutorial_dag.py for tasks to queue
[2024-12-01T02:29:03.423+0000] {logging_mixin.py:190} INFO - [2024-12-01T02:29:03.423+0000] {dagbag.py:588} INFO - Filling up the DagBag from /home/airflow/.local/lib/python3.12/site-packages/airflow/example_dags/tutorial_dag.py
[2024-12-01T02:29:03.431+0000] {processor.py:925} INFO - DAG(s) 'tutorial_dag' retrieved from /home/airflow/.local/lib/python3.12/site-packages/airflow/example_dags/tutorial_dag.py
[2024-12-01T02:29:03.449+0000] {logging_mixin.py:190} INFO - [2024-12-01T02:29:03.449+0000] {dag.py:3239} INFO - Sync 1 DAGs
[2024-12-01T02:29:03.463+0000] {logging_mixin.py:190} INFO - [2024-12-01T02:29:03.463+0000] {dag.py:4180} INFO - Setting next_dagrun for tutorial_dag to None, run_after=None
[2024-12-01T02:29:03.483+0000] {processor.py:208} INFO - Processing /home/airflow/.local/lib/python3.12/site-packages/airflow/example_dags/tutorial_dag.py took 0.084 seconds
[2024-12-01T02:29:34.088+0000] {processor.py:186} INFO - Started process (PID=52935) to work on /home/airflow/.local/lib/python3.12/site-packages/airflow/example_dags/tutorial_dag.py
[2024-12-01T02:29:34.089+0000] {processor.py:914} INFO - Processing file /home/airflow/.local/lib/python3.12/site-packages/airflow/example_dags/tutorial_dag.py for tasks to queue
[2024-12-01T02:29:34.091+0000] {logging_mixin.py:190} INFO - [2024-12-01T02:29:34.091+0000] {dagbag.py:588} INFO - Filling up the DagBag from /home/airflow/.local/lib/python3.12/site-packages/airflow/example_dags/tutorial_dag.py
[2024-12-01T02:29:34.098+0000] {processor.py:925} INFO - DAG(s) 'tutorial_dag' retrieved from /home/airflow/.local/lib/python3.12/site-packages/airflow/example_dags/tutorial_dag.py
[2024-12-01T02:29:34.116+0000] {logging_mixin.py:190} INFO - [2024-12-01T02:29:34.115+0000] {dag.py:3239} INFO - Sync 1 DAGs
[2024-12-01T02:29:34.129+0000] {logging_mixin.py:190} INFO - [2024-12-01T02:29:34.129+0000] {dag.py:4180} INFO - Setting next_dagrun for tutorial_dag to None, run_after=None
[2024-12-01T02:29:34.148+0000] {processor.py:208} INFO - Processing /home/airflow/.local/lib/python3.12/site-packages/airflow/example_dags/tutorial_dag.py took 0.065 seconds
[2024-12-01T02:30:05.459+0000] {processor.py:186} INFO - Started process (PID=53001) to work on /home/airflow/.local/lib/python3.12/site-packages/airflow/example_dags/tutorial_dag.py
[2024-12-01T02:30:05.460+0000] {processor.py:914} INFO - Processing file /home/airflow/.local/lib/python3.12/site-packages/airflow/example_dags/tutorial_dag.py for tasks to queue
[2024-12-01T02:30:05.462+0000] {logging_mixin.py:190} INFO - [2024-12-01T02:30:05.462+0000] {dagbag.py:588} INFO - Filling up the DagBag from /home/airflow/.local/lib/python3.12/site-packages/airflow/example_dags/tutorial_dag.py
[2024-12-01T02:30:05.469+0000] {processor.py:925} INFO - DAG(s) 'tutorial_dag' retrieved from /home/airflow/.local/lib/python3.12/site-packages/airflow/example_dags/tutorial_dag.py
[2024-12-01T02:30:05.486+0000] {logging_mixin.py:190} INFO - [2024-12-01T02:30:05.486+0000] {dag.py:3239} INFO - Sync 1 DAGs
[2024-12-01T02:30:05.500+0000] {logging_mixin.py:190} INFO - [2024-12-01T02:30:05.500+0000] {dag.py:4180} INFO - Setting next_dagrun for tutorial_dag to None, run_after=None
[2024-12-01T02:30:05.516+0000] {processor.py:208} INFO - Processing /home/airflow/.local/lib/python3.12/site-packages/airflow/example_dags/tutorial_dag.py took 0.062 seconds
[2024-12-01T02:30:35.887+0000] {processor.py:186} INFO - Started process (PID=53067) to work on /home/airflow/.local/lib/python3.12/site-packages/airflow/example_dags/tutorial_dag.py
[2024-12-01T02:30:35.888+0000] {processor.py:914} INFO - Processing file /home/airflow/.local/lib/python3.12/site-packages/airflow/example_dags/tutorial_dag.py for tasks to queue
[2024-12-01T02:30:35.891+0000] {logging_mixin.py:190} INFO - [2024-12-01T02:30:35.890+0000] {dagbag.py:588} INFO - Filling up the DagBag from /home/airflow/.local/lib/python3.12/site-packages/airflow/example_dags/tutorial_dag.py
[2024-12-01T02:30:35.898+0000] {processor.py:925} INFO - DAG(s) 'tutorial_dag' retrieved from /home/airflow/.local/lib/python3.12/site-packages/airflow/example_dags/tutorial_dag.py
[2024-12-01T02:30:35.915+0000] {logging_mixin.py:190} INFO - [2024-12-01T02:30:35.915+0000] {dag.py:3239} INFO - Sync 1 DAGs
[2024-12-01T02:30:35.928+0000] {logging_mixin.py:190} INFO - [2024-12-01T02:30:35.928+0000] {dag.py:4180} INFO - Setting next_dagrun for tutorial_dag to None, run_after=None
[2024-12-01T02:30:35.946+0000] {processor.py:208} INFO - Processing /home/airflow/.local/lib/python3.12/site-packages/airflow/example_dags/tutorial_dag.py took 0.064 seconds
[2024-12-01T02:31:06.653+0000] {processor.py:186} INFO - Started process (PID=53133) to work on /home/airflow/.local/lib/python3.12/site-packages/airflow/example_dags/tutorial_dag.py
[2024-12-01T02:31:06.654+0000] {processor.py:914} INFO - Processing file /home/airflow/.local/lib/python3.12/site-packages/airflow/example_dags/tutorial_dag.py for tasks to queue
[2024-12-01T02:31:06.656+0000] {logging_mixin.py:190} INFO - [2024-12-01T02:31:06.655+0000] {dagbag.py:588} INFO - Filling up the DagBag from /home/airflow/.local/lib/python3.12/site-packages/airflow/example_dags/tutorial_dag.py
[2024-12-01T02:31:06.662+0000] {processor.py:925} INFO - DAG(s) 'tutorial_dag' retrieved from /home/airflow/.local/lib/python3.12/site-packages/airflow/example_dags/tutorial_dag.py
[2024-12-01T02:31:06.680+0000] {logging_mixin.py:190} INFO - [2024-12-01T02:31:06.680+0000] {dag.py:3239} INFO - Sync 1 DAGs
[2024-12-01T02:31:06.695+0000] {logging_mixin.py:190} INFO - [2024-12-01T02:31:06.695+0000] {dag.py:4180} INFO - Setting next_dagrun for tutorial_dag to None, run_after=None
[2024-12-01T02:31:06.710+0000] {processor.py:208} INFO - Processing /home/airflow/.local/lib/python3.12/site-packages/airflow/example_dags/tutorial_dag.py took 0.063 seconds
[2024-12-01T02:31:37.954+0000] {processor.py:186} INFO - Started process (PID=53199) to work on /home/airflow/.local/lib/python3.12/site-packages/airflow/example_dags/tutorial_dag.py
[2024-12-01T02:31:37.955+0000] {processor.py:914} INFO - Processing file /home/airflow/.local/lib/python3.12/site-packages/airflow/example_dags/tutorial_dag.py for tasks to queue
[2024-12-01T02:31:37.957+0000] {logging_mixin.py:190} INFO - [2024-12-01T02:31:37.957+0000] {dagbag.py:588} INFO - Filling up the DagBag from /home/airflow/.local/lib/python3.12/site-packages/airflow/example_dags/tutorial_dag.py
[2024-12-01T02:31:37.964+0000] {processor.py:925} INFO - DAG(s) 'tutorial_dag' retrieved from /home/airflow/.local/lib/python3.12/site-packages/airflow/example_dags/tutorial_dag.py
[2024-12-01T02:31:37.981+0000] {logging_mixin.py:190} INFO - [2024-12-01T02:31:37.981+0000] {dag.py:3239} INFO - Sync 1 DAGs
[2024-12-01T02:31:37.995+0000] {logging_mixin.py:190} INFO - [2024-12-01T02:31:37.995+0000] {dag.py:4180} INFO - Setting next_dagrun for tutorial_dag to None, run_after=None
[2024-12-01T02:31:38.015+0000] {processor.py:208} INFO - Processing /home/airflow/.local/lib/python3.12/site-packages/airflow/example_dags/tutorial_dag.py took 0.066 seconds
[2024-12-01T02:32:08.520+0000] {processor.py:186} INFO - Started process (PID=53265) to work on /home/airflow/.local/lib/python3.12/site-packages/airflow/example_dags/tutorial_dag.py
[2024-12-01T02:32:08.521+0000] {processor.py:914} INFO - Processing file /home/airflow/.local/lib/python3.12/site-packages/airflow/example_dags/tutorial_dag.py for tasks to queue
[2024-12-01T02:32:08.523+0000] {logging_mixin.py:190} INFO - [2024-12-01T02:32:08.523+0000] {dagbag.py:588} INFO - Filling up the DagBag from /home/airflow/.local/lib/python3.12/site-packages/airflow/example_dags/tutorial_dag.py
[2024-12-01T02:32:08.530+0000] {processor.py:925} INFO - DAG(s) 'tutorial_dag' retrieved from /home/airflow/.local/lib/python3.12/site-packages/airflow/example_dags/tutorial_dag.py
[2024-12-01T02:32:08.548+0000] {logging_mixin.py:190} INFO - [2024-12-01T02:32:08.548+0000] {dag.py:3239} INFO - Sync 1 DAGs
[2024-12-01T02:32:08.562+0000] {logging_mixin.py:190} INFO - [2024-12-01T02:32:08.561+0000] {dag.py:4180} INFO - Setting next_dagrun for tutorial_dag to None, run_after=None
[2024-12-01T02:32:08.576+0000] {processor.py:208} INFO - Processing /home/airflow/.local/lib/python3.12/site-packages/airflow/example_dags/tutorial_dag.py took 0.062 seconds
[2024-12-01T02:32:39.062+0000] {processor.py:186} INFO - Started process (PID=53331) to work on /home/airflow/.local/lib/python3.12/site-packages/airflow/example_dags/tutorial_dag.py
[2024-12-01T02:32:39.063+0000] {processor.py:914} INFO - Processing file /home/airflow/.local/lib/python3.12/site-packages/airflow/example_dags/tutorial_dag.py for tasks to queue
[2024-12-01T02:32:39.065+0000] {logging_mixin.py:190} INFO - [2024-12-01T02:32:39.065+0000] {dagbag.py:588} INFO - Filling up the DagBag from /home/airflow/.local/lib/python3.12/site-packages/airflow/example_dags/tutorial_dag.py
[2024-12-01T02:32:39.072+0000] {processor.py:925} INFO - DAG(s) 'tutorial_dag' retrieved from /home/airflow/.local/lib/python3.12/site-packages/airflow/example_dags/tutorial_dag.py
[2024-12-01T02:32:39.096+0000] {logging_mixin.py:190} INFO - [2024-12-01T02:32:39.096+0000] {dag.py:3239} INFO - Sync 1 DAGs
[2024-12-01T02:32:39.114+0000] {logging_mixin.py:190} INFO - [2024-12-01T02:32:39.114+0000] {dag.py:4180} INFO - Setting next_dagrun for tutorial_dag to None, run_after=None
[2024-12-01T02:32:39.143+0000] {processor.py:208} INFO - Processing /home/airflow/.local/lib/python3.12/site-packages/airflow/example_dags/tutorial_dag.py took 0.087 seconds
[2024-12-01T02:33:09.562+0000] {processor.py:186} INFO - Started process (PID=53397) to work on /home/airflow/.local/lib/python3.12/site-packages/airflow/example_dags/tutorial_dag.py
[2024-12-01T02:33:09.563+0000] {processor.py:914} INFO - Processing file /home/airflow/.local/lib/python3.12/site-packages/airflow/example_dags/tutorial_dag.py for tasks to queue
[2024-12-01T02:33:09.565+0000] {logging_mixin.py:190} INFO - [2024-12-01T02:33:09.565+0000] {dagbag.py:588} INFO - Filling up the DagBag from /home/airflow/.local/lib/python3.12/site-packages/airflow/example_dags/tutorial_dag.py
[2024-12-01T02:33:09.572+0000] {processor.py:925} INFO - DAG(s) 'tutorial_dag' retrieved from /home/airflow/.local/lib/python3.12/site-packages/airflow/example_dags/tutorial_dag.py
[2024-12-01T02:33:09.591+0000] {logging_mixin.py:190} INFO - [2024-12-01T02:33:09.591+0000] {dag.py:3239} INFO - Sync 1 DAGs
[2024-12-01T02:33:09.605+0000] {logging_mixin.py:190} INFO - [2024-12-01T02:33:09.604+0000] {dag.py:4180} INFO - Setting next_dagrun for tutorial_dag to None, run_after=None
[2024-12-01T02:33:09.622+0000] {processor.py:208} INFO - Processing /home/airflow/.local/lib/python3.12/site-packages/airflow/example_dags/tutorial_dag.py took 0.066 seconds
[2024-12-01T02:33:40.402+0000] {processor.py:186} INFO - Started process (PID=53463) to work on /home/airflow/.local/lib/python3.12/site-packages/airflow/example_dags/tutorial_dag.py
[2024-12-01T02:33:40.403+0000] {processor.py:914} INFO - Processing file /home/airflow/.local/lib/python3.12/site-packages/airflow/example_dags/tutorial_dag.py for tasks to queue
[2024-12-01T02:33:40.405+0000] {logging_mixin.py:190} INFO - [2024-12-01T02:33:40.404+0000] {dagbag.py:588} INFO - Filling up the DagBag from /home/airflow/.local/lib/python3.12/site-packages/airflow/example_dags/tutorial_dag.py
[2024-12-01T02:33:40.412+0000] {processor.py:925} INFO - DAG(s) 'tutorial_dag' retrieved from /home/airflow/.local/lib/python3.12/site-packages/airflow/example_dags/tutorial_dag.py
[2024-12-01T02:33:40.429+0000] {logging_mixin.py:190} INFO - [2024-12-01T02:33:40.429+0000] {dag.py:3239} INFO - Sync 1 DAGs
[2024-12-01T02:33:40.442+0000] {logging_mixin.py:190} INFO - [2024-12-01T02:33:40.442+0000] {dag.py:4180} INFO - Setting next_dagrun for tutorial_dag to None, run_after=None
[2024-12-01T02:33:40.460+0000] {processor.py:208} INFO - Processing /home/airflow/.local/lib/python3.12/site-packages/airflow/example_dags/tutorial_dag.py took 0.065 seconds
