[2024-12-06T00:11:29.805+0000] {local_task_job_runner.py:123} INFO - ::group::Pre task execution logs
[2024-12-06T00:11:29.826+0000] {taskinstance.py:2613} INFO - Dependencies all met for dep_context=non-requeueable deps ti=<TaskInstance: firestore_to_s3_to_rd.fetch_firestore_data scheduled__2024-12-05T00:00:00+00:00 [queued]>
[2024-12-06T00:11:29.834+0000] {taskinstance.py:2613} INFO - Dependencies all met for dep_context=requeueable deps ti=<TaskInstance: firestore_to_s3_to_rd.fetch_firestore_data scheduled__2024-12-05T00:00:00+00:00 [queued]>
[2024-12-06T00:11:29.835+0000] {taskinstance.py:2866} INFO - Starting attempt 1 of 1
[2024-12-06T00:11:29.851+0000] {taskinstance.py:2889} INFO - Executing <Task(PythonOperator): fetch_firestore_data> on 2024-12-05 00:00:00+00:00
[2024-12-06T00:11:29.858+0000] {warnings.py:112} WARNING - /home/***/.local/lib/python3.12/site-packages/***/task/task_runner/standard_task_runner.py:70: DeprecationWarning: This process (pid=2287) is multi-threaded, use of fork() may lead to deadlocks in the child.
  pid = os.fork()

[2024-12-06T00:11:29.860+0000] {standard_task_runner.py:72} INFO - Started process 2290 to run task
[2024-12-06T00:11:29.861+0000] {standard_task_runner.py:104} INFO - Running: ['***', 'tasks', 'run', 'firestore_to_s3_to_rd', 'fetch_firestore_data', 'scheduled__2024-12-05T00:00:00+00:00', '--job-id', '207', '--raw', '--subdir', 'DAGS_FOLDER/firebase_to_s3_to_rds.py', '--cfg-path', '/tmp/tmpwxqwrfk2']
[2024-12-06T00:11:29.863+0000] {standard_task_runner.py:105} INFO - Job 207: Subtask fetch_firestore_data
[2024-12-06T00:11:29.919+0000] {task_command.py:467} INFO - Running <TaskInstance: firestore_to_s3_to_rd.fetch_firestore_data scheduled__2024-12-05T00:00:00+00:00 [running]> on host 4b3a7f9b2751
[2024-12-06T00:11:30.010+0000] {taskinstance.py:3132} INFO - Exporting env vars: AIRFLOW_CTX_DAG_OWNER='***' AIRFLOW_CTX_DAG_ID='firestore_to_s3_to_rd' AIRFLOW_CTX_TASK_ID='fetch_firestore_data' AIRFLOW_CTX_EXECUTION_DATE='2024-12-05T00:00:00+00:00' AIRFLOW_CTX_TRY_NUMBER='1' AIRFLOW_CTX_DAG_RUN_ID='scheduled__2024-12-05T00:00:00+00:00'
[2024-12-06T00:11:30.012+0000] {logging_mixin.py:190} INFO - Task instance is in running state
[2024-12-06T00:11:30.012+0000] {logging_mixin.py:190} INFO -  Previous state of the Task instance: queued
[2024-12-06T00:11:30.013+0000] {logging_mixin.py:190} INFO - Current task name:fetch_firestore_data state:running start_date:2024-12-06 00:11:29.826965+00:00
[2024-12-06T00:11:30.013+0000] {logging_mixin.py:190} INFO - Dag name:firestore_to_s3_to_rd and current dag run status:running
[2024-12-06T00:11:30.013+0000] {taskinstance.py:731} INFO - ::endgroup::
[2024-12-06T00:11:30.532+0000] {python.py:240} INFO - Done. Returned value was: None
[2024-12-06T00:11:30.778+0000] {taskinstance.py:340} INFO - ::group::Post task execution logs
[2024-12-06T00:11:30.779+0000] {taskinstance.py:352} INFO - Marking task as SUCCESS. dag_id=firestore_to_s3_to_rd, task_id=fetch_firestore_data, run_id=scheduled__2024-12-05T00:00:00+00:00, execution_date=20241205T000000, start_date=20241206T001129, end_date=20241206T001130
[2024-12-06T00:11:30.789+0000] {logging_mixin.py:190} INFO - Task instance in success state
[2024-12-06T00:11:30.790+0000] {logging_mixin.py:190} INFO -  Previous state of the Task instance: running
[2024-12-06T00:11:30.790+0000] {logging_mixin.py:190} INFO - Dag name:firestore_to_s3_to_rd queued_at:2024-12-06 00:11:28.115507+00:00
[2024-12-06T00:11:30.791+0000] {logging_mixin.py:190} INFO - Task hostname:4b3a7f9b2751 operator:PythonOperator
[2024-12-06T00:11:30.839+0000] {local_task_job_runner.py:266} INFO - Task exited with return code 0
[2024-12-06T00:11:30.870+0000] {taskinstance.py:3895} INFO - 1 downstream tasks scheduled from follow-on schedule check
[2024-12-06T00:11:30.874+0000] {local_task_job_runner.py:245} INFO - ::endgroup::
