[2024-12-06T03:34:59.892+0000] {local_task_job_runner.py:123} INFO - ::group::Pre task execution logs
[2024-12-06T03:34:59.910+0000] {taskinstance.py:2613} INFO - Dependencies all met for dep_context=non-requeueable deps ti=<TaskInstance: firestore_to_s3_to_rds.upload_to_s3 manual__2024-12-06T03:34:51.558062+00:00 [queued]>
[2024-12-06T03:34:59.918+0000] {taskinstance.py:2613} INFO - Dependencies all met for dep_context=requeueable deps ti=<TaskInstance: firestore_to_s3_to_rds.upload_to_s3 manual__2024-12-06T03:34:51.558062+00:00 [queued]>
[2024-12-06T03:34:59.919+0000] {taskinstance.py:2866} INFO - Starting attempt 1 of 1
[2024-12-06T03:34:59.933+0000] {taskinstance.py:2889} INFO - Executing <Task(S3CreateObjectOperator): upload_to_s3> on 2024-12-06 03:34:51.558062+00:00
[2024-12-06T03:34:59.940+0000] {warnings.py:112} WARNING - /home/***/.local/lib/python3.12/site-packages/***/task/task_runner/standard_task_runner.py:70: DeprecationWarning: This process (pid=5102) is multi-threaded, use of fork() may lead to deadlocks in the child.
  pid = os.fork()

[2024-12-06T03:34:59.941+0000] {standard_task_runner.py:72} INFO - Started process 5104 to run task
[2024-12-06T03:34:59.942+0000] {standard_task_runner.py:104} INFO - Running: ['***', 'tasks', 'run', 'firestore_to_s3_to_rds', 'upload_to_s3', 'manual__2024-12-06T03:34:51.558062+00:00', '--job-id', '254', '--raw', '--subdir', 'DAGS_FOLDER/firebase_to_s3_to_rds.py', '--cfg-path', '/tmp/tmp6xgc8f57']
[2024-12-06T03:34:59.943+0000] {standard_task_runner.py:105} INFO - Job 254: Subtask upload_to_s3
[2024-12-06T03:34:59.991+0000] {task_command.py:467} INFO - Running <TaskInstance: firestore_to_s3_to_rds.upload_to_s3 manual__2024-12-06T03:34:51.558062+00:00 [running]> on host 4b3a7f9b2751
[2024-12-06T03:35:00.272+0000] {taskinstance.py:3132} INFO - Exporting env vars: AIRFLOW_CTX_DAG_OWNER='***' AIRFLOW_CTX_DAG_ID='firestore_to_s3_to_rds' AIRFLOW_CTX_TASK_ID='upload_to_s3' AIRFLOW_CTX_EXECUTION_DATE='2024-12-06T03:34:51.558062+00:00' AIRFLOW_CTX_TRY_NUMBER='1' AIRFLOW_CTX_DAG_RUN_ID='manual__2024-12-06T03:34:51.558062+00:00'
[2024-12-06T03:35:00.273+0000] {logging_mixin.py:190} INFO - Task instance is in running state
[2024-12-06T03:35:00.274+0000] {logging_mixin.py:190} INFO -  Previous state of the Task instance: queued
[2024-12-06T03:35:00.275+0000] {logging_mixin.py:190} INFO - Current task name:upload_to_s3 state:running start_date:2024-12-06 03:34:59.911263+00:00
[2024-12-06T03:35:00.275+0000] {logging_mixin.py:190} INFO - Dag name:firestore_to_s3_to_rds and current dag run status:running
[2024-12-06T03:35:00.276+0000] {taskinstance.py:731} INFO - ::endgroup::
[2024-12-06T03:35:00.284+0000] {base.py:84} INFO - Retrieving connection 's3_conn'
[2024-12-06T03:35:00.285+0000] {connection_wrapper.py:325} INFO - AWS Connection (conn_id='s3_conn', conn_type='aws') credentials retrieved from login and password.
[2024-12-06T03:35:01.631+0000] {taskinstance.py:340} INFO - ::group::Post task execution logs
[2024-12-06T03:35:01.632+0000] {taskinstance.py:352} INFO - Marking task as SUCCESS. dag_id=firestore_to_s3_to_rds, task_id=upload_to_s3, run_id=manual__2024-12-06T03:34:51.558062+00:00, execution_date=20241206T033451, start_date=20241206T033459, end_date=20241206T033501
[2024-12-06T03:35:01.645+0000] {logging_mixin.py:190} INFO - Task instance in success state
[2024-12-06T03:35:01.646+0000] {logging_mixin.py:190} INFO -  Previous state of the Task instance: running
[2024-12-06T03:35:01.646+0000] {logging_mixin.py:190} INFO - Dag name:firestore_to_s3_to_rds queued_at:2024-12-06 03:34:51.571958+00:00
[2024-12-06T03:35:01.646+0000] {logging_mixin.py:190} INFO - Task hostname:4b3a7f9b2751 operator:S3CreateObjectOperator
[2024-12-06T03:35:01.681+0000] {local_task_job_runner.py:266} INFO - Task exited with return code 0
[2024-12-06T03:35:01.711+0000] {taskinstance.py:3895} INFO - 1 downstream tasks scheduled from follow-on schedule check
[2024-12-06T03:35:01.713+0000] {local_task_job_runner.py:245} INFO - ::endgroup::
