[2024-12-06T03:56:45.573+0000] {local_task_job_runner.py:123} INFO - ::group::Pre task execution logs
[2024-12-06T03:56:45.601+0000] {taskinstance.py:2613} INFO - Dependencies all met for dep_context=non-requeueable deps ti=<TaskInstance: firestore_to_s3_to_rds.stage_user_profile manual__2024-12-06T03:56:24.957927+00:00 [queued]>
[2024-12-06T03:56:45.622+0000] {taskinstance.py:2613} INFO - Dependencies all met for dep_context=requeueable deps ti=<TaskInstance: firestore_to_s3_to_rds.stage_user_profile manual__2024-12-06T03:56:24.957927+00:00 [queued]>
[2024-12-06T03:56:45.627+0000] {taskinstance.py:2866} INFO - Starting attempt 1 of 1
[2024-12-06T03:56:45.648+0000] {taskinstance.py:2889} INFO - Executing <Task(SQLExecuteQueryOperator): stage_user_profile> on 2024-12-06 03:56:24.957927+00:00
[2024-12-06T03:56:45.654+0000] {warnings.py:112} WARNING - /home/***/.local/lib/python3.12/site-packages/***/task/task_runner/standard_task_runner.py:70: DeprecationWarning: This process (pid=5580) is multi-threaded, use of fork() may lead to deadlocks in the child.
  pid = os.fork()

[2024-12-06T03:56:45.655+0000] {standard_task_runner.py:72} INFO - Started process 5582 to run task
[2024-12-06T03:56:45.656+0000] {standard_task_runner.py:104} INFO - Running: ['***', 'tasks', 'run', 'firestore_to_s3_to_rds', 'stage_user_profile', 'manual__2024-12-06T03:56:24.957927+00:00', '--job-id', '299', '--raw', '--subdir', 'DAGS_FOLDER/firebase_to_s3_to_rds.py', '--cfg-path', '/tmp/tmpblc5lgdp']
[2024-12-06T03:56:45.657+0000] {standard_task_runner.py:105} INFO - Job 299: Subtask stage_user_profile
[2024-12-06T03:56:45.700+0000] {task_command.py:467} INFO - Running <TaskInstance: firestore_to_s3_to_rds.stage_user_profile manual__2024-12-06T03:56:24.957927+00:00 [running]> on host 4b3a7f9b2751
[2024-12-06T03:56:45.998+0000] {taskinstance.py:3132} INFO - Exporting env vars: AIRFLOW_CTX_DAG_OWNER='***' AIRFLOW_CTX_DAG_ID='firestore_to_s3_to_rds' AIRFLOW_CTX_TASK_ID='stage_user_profile' AIRFLOW_CTX_EXECUTION_DATE='2024-12-06T03:56:24.957927+00:00' AIRFLOW_CTX_TRY_NUMBER='1' AIRFLOW_CTX_DAG_RUN_ID='manual__2024-12-06T03:56:24.957927+00:00'
[2024-12-06T03:56:45.999+0000] {logging_mixin.py:190} INFO - Task instance is in running state
[2024-12-06T03:56:46.000+0000] {logging_mixin.py:190} INFO -  Previous state of the Task instance: queued
[2024-12-06T03:56:46.000+0000] {logging_mixin.py:190} INFO - Current task name:stage_user_profile state:running start_date:2024-12-06 03:56:45.602159+00:00
[2024-12-06T03:56:46.001+0000] {logging_mixin.py:190} INFO - Dag name:firestore_to_s3_to_rds and current dag run status:running
[2024-12-06T03:56:46.002+0000] {taskinstance.py:731} INFO - ::endgroup::
[2024-12-06T03:56:46.002+0000] {sql.py:278} INFO - Executing: 
            INSERT INTO stage.user_profile (
                companyName, companyIndustry, createdTs, uid, firstName, lastName, modifiedTs
            ) VALUES (
                "HowAgile", "Software", "2024-11-27T03:32:35.673Z", "SXlsF8PaDXRrqhbYR0FHYwABoJz2", "Andrew", "Pierson", "2024-11-27T03:32:13.699Z"
            );
         
            INSERT INTO stage.user_profile (
                companyName, companyIndustry, createdTs, uid, firstName, lastName, modifiedTs
            ) VALUES (
                "test", "test", "2024-11-27T03:32:52.345Z", "123", "test", "test", "2024-11-27T03:33:04.180Z"
            );
        
[2024-12-06T03:56:46.010+0000] {base.py:84} INFO - Retrieving connection 'mysql_conn'
[2024-12-06T03:56:46.019+0000] {base.py:84} INFO - Retrieving connection 'mysql_conn'
[2024-12-06T03:56:46.322+0000] {sql.py:544} INFO - Running statement: 
            INSERT INTO stage.user_profile (
                companyName, companyIndustry, createdTs, uid, firstName, lastName, modifiedTs
            ) VALUES (
                "HowAgile", "Software", "2024-11-27T03:32:35.673Z", "SXlsF8PaDXRrqhbYR0FHYwABoJz2", "Andrew", "Pierson", "2024-11-27T03:32:13.699Z"
            );
         
            INSERT INTO stage.user_profile (
                companyName, companyIndustry, createdTs, uid, firstName, lastName, modifiedTs
            ) VALUES (
                "test", "test", "2024-11-27T03:32:52.345Z", "123", "test", "test", "2024-11-27T03:33:04.180Z"
            );
        , parameters: None
[2024-12-06T03:56:46.366+0000] {sql.py:553} INFO - Rows affected: 1
[2024-12-06T03:56:46.422+0000] {taskinstance.py:340} INFO - ::group::Post task execution logs
[2024-12-06T03:56:46.423+0000] {taskinstance.py:352} INFO - Marking task as SUCCESS. dag_id=firestore_to_s3_to_rds, task_id=stage_user_profile, run_id=manual__2024-12-06T03:56:24.957927+00:00, execution_date=20241206T035624, start_date=20241206T035645, end_date=20241206T035646
[2024-12-06T03:56:46.433+0000] {logging_mixin.py:190} INFO - Task instance in success state
[2024-12-06T03:56:46.433+0000] {logging_mixin.py:190} INFO -  Previous state of the Task instance: running
[2024-12-06T03:56:46.434+0000] {logging_mixin.py:190} INFO - Dag name:firestore_to_s3_to_rds queued_at:2024-12-06 03:56:24.967919+00:00
[2024-12-06T03:56:46.434+0000] {logging_mixin.py:190} INFO - Task hostname:4b3a7f9b2751 operator:SQLExecuteQueryOperator
[2024-12-06T03:56:46.472+0000] {local_task_job_runner.py:266} INFO - Task exited with return code 0
[2024-12-06T03:56:46.692+0000] {taskinstance.py:3895} INFO - 1 downstream tasks scheduled from follow-on schedule check
[2024-12-06T03:56:46.694+0000] {local_task_job_runner.py:245} INFO - ::endgroup::
