[2024-11-25T16:11:54.835+0000] {processor.py:186} INFO - Started process (PID=4957) to work on /opt/airflow/dags/google_firebase_s3.py
[2024-11-25T16:11:54.836+0000] {processor.py:914} INFO - Processing file /opt/airflow/dags/google_firebase_s3.py for tasks to queue
[2024-11-25T16:11:54.839+0000] {logging_mixin.py:190} INFO - [2024-11-25T16:11:54.839+0000] {dagbag.py:588} INFO - Filling up the DagBag from /opt/airflow/dags/google_firebase_s3.py
[2024-11-25T16:11:54.872+0000] {processor.py:925} INFO - DAG(s) 'google_firebase_s3' retrieved from /opt/airflow/dags/google_firebase_s3.py
[2024-11-25T16:11:55.079+0000] {logging_mixin.py:190} INFO - [2024-11-25T16:11:55.078+0000] {override.py:1911} INFO - Created Permission View: can delete on DAG:google_firebase_s3
[2024-11-25T16:11:55.092+0000] {logging_mixin.py:190} INFO - [2024-11-25T16:11:55.092+0000] {override.py:1911} INFO - Created Permission View: can edit on DAG:google_firebase_s3
[2024-11-25T16:11:55.098+0000] {logging_mixin.py:190} INFO - [2024-11-25T16:11:55.098+0000] {override.py:1911} INFO - Created Permission View: can read on DAG:google_firebase_s3
[2024-11-25T16:11:55.106+0000] {logging_mixin.py:190} INFO - [2024-11-25T16:11:55.105+0000] {override.py:1911} INFO - Created Permission View: can delete on DAG Run:google_firebase_s3
[2024-11-25T16:11:55.113+0000] {logging_mixin.py:190} INFO - [2024-11-25T16:11:55.112+0000] {override.py:1911} INFO - Created Permission View: can create on DAG Run:google_firebase_s3
[2024-11-25T16:11:55.118+0000] {logging_mixin.py:190} INFO - [2024-11-25T16:11:55.118+0000] {override.py:1911} INFO - Created Permission View: can read on DAG Run:google_firebase_s3
[2024-11-25T16:11:55.129+0000] {logging_mixin.py:190} INFO - [2024-11-25T16:11:55.128+0000] {override.py:1911} INFO - Created Permission View: menu access on DAG Run:google_firebase_s3
[2024-11-25T16:11:55.130+0000] {logging_mixin.py:190} INFO - [2024-11-25T16:11:55.129+0000] {dag.py:3239} INFO - Sync 1 DAGs
[2024-11-25T16:11:55.143+0000] {logging_mixin.py:190} INFO - [2024-11-25T16:11:55.143+0000] {dag.py:3262} INFO - Creating ORM DAG for google_firebase_s3
[2024-11-25T16:11:55.154+0000] {logging_mixin.py:190} INFO - [2024-11-25T16:11:55.154+0000] {dag.py:4180} INFO - Setting next_dagrun for google_firebase_s3 to 2024-11-25 00:00:00+00:00, run_after=2024-11-26 00:00:00+00:00
[2024-11-25T16:11:55.172+0000] {processor.py:208} INFO - Processing /opt/airflow/dags/google_firebase_s3.py took 0.343 seconds
[2024-11-25T16:12:25.663+0000] {processor.py:186} INFO - Started process (PID=5021) to work on /opt/airflow/dags/google_firebase_s3.py
[2024-11-25T16:12:25.664+0000] {processor.py:914} INFO - Processing file /opt/airflow/dags/google_firebase_s3.py for tasks to queue
[2024-11-25T16:12:25.667+0000] {logging_mixin.py:190} INFO - [2024-11-25T16:12:25.667+0000] {dagbag.py:588} INFO - Filling up the DagBag from /opt/airflow/dags/google_firebase_s3.py
[2024-11-25T16:12:25.689+0000] {processor.py:925} INFO - DAG(s) 'google_firebase_s3' retrieved from /opt/airflow/dags/google_firebase_s3.py
[2024-11-25T16:12:25.711+0000] {logging_mixin.py:190} INFO - [2024-11-25T16:12:25.710+0000] {dag.py:3239} INFO - Sync 1 DAGs
[2024-11-25T16:12:25.737+0000] {logging_mixin.py:190} INFO - [2024-11-25T16:12:25.737+0000] {dag.py:4180} INFO - Setting next_dagrun for google_firebase_s3 to 2024-11-25 00:00:00+00:00, run_after=2024-11-26 00:00:00+00:00
[2024-11-25T16:12:25.757+0000] {processor.py:208} INFO - Processing /opt/airflow/dags/google_firebase_s3.py took 0.100 seconds
[2024-11-25T16:12:55.817+0000] {processor.py:186} INFO - Started process (PID=5085) to work on /opt/airflow/dags/google_firebase_s3.py
[2024-11-25T16:12:55.818+0000] {processor.py:914} INFO - Processing file /opt/airflow/dags/google_firebase_s3.py for tasks to queue
[2024-11-25T16:12:55.821+0000] {logging_mixin.py:190} INFO - [2024-11-25T16:12:55.821+0000] {dagbag.py:588} INFO - Filling up the DagBag from /opt/airflow/dags/google_firebase_s3.py
[2024-11-25T16:12:55.843+0000] {processor.py:925} INFO - DAG(s) 'google_firebase_s3' retrieved from /opt/airflow/dags/google_firebase_s3.py
[2024-11-25T16:12:55.864+0000] {logging_mixin.py:190} INFO - [2024-11-25T16:12:55.863+0000] {dag.py:3239} INFO - Sync 1 DAGs
[2024-11-25T16:12:55.889+0000] {logging_mixin.py:190} INFO - [2024-11-25T16:12:55.889+0000] {dag.py:4180} INFO - Setting next_dagrun for google_firebase_s3 to 2024-11-25 00:00:00+00:00, run_after=2024-11-26 00:00:00+00:00
[2024-11-25T16:12:55.915+0000] {processor.py:208} INFO - Processing /opt/airflow/dags/google_firebase_s3.py took 0.104 seconds
[2024-11-25T16:13:26.841+0000] {processor.py:186} INFO - Started process (PID=5149) to work on /opt/airflow/dags/google_firebase_s3.py
[2024-11-25T16:13:26.843+0000] {processor.py:914} INFO - Processing file /opt/airflow/dags/google_firebase_s3.py for tasks to queue
[2024-11-25T16:13:26.846+0000] {logging_mixin.py:190} INFO - [2024-11-25T16:13:26.846+0000] {dagbag.py:588} INFO - Filling up the DagBag from /opt/airflow/dags/google_firebase_s3.py
[2024-11-25T16:13:26.871+0000] {processor.py:925} INFO - DAG(s) 'google_firebase_s3' retrieved from /opt/airflow/dags/google_firebase_s3.py
[2024-11-25T16:13:26.893+0000] {logging_mixin.py:190} INFO - [2024-11-25T16:13:26.893+0000] {dag.py:3239} INFO - Sync 1 DAGs
[2024-11-25T16:13:26.922+0000] {logging_mixin.py:190} INFO - [2024-11-25T16:13:26.922+0000] {dag.py:4180} INFO - Setting next_dagrun for google_firebase_s3 to 2024-11-25 00:00:00+00:00, run_after=2024-11-26 00:00:00+00:00
[2024-11-25T16:13:26.942+0000] {processor.py:208} INFO - Processing /opt/airflow/dags/google_firebase_s3.py took 0.108 seconds
[2024-11-25T16:13:57.032+0000] {processor.py:186} INFO - Started process (PID=5213) to work on /opt/airflow/dags/google_firebase_s3.py
[2024-11-25T16:13:57.033+0000] {processor.py:914} INFO - Processing file /opt/airflow/dags/google_firebase_s3.py for tasks to queue
[2024-11-25T16:13:57.036+0000] {logging_mixin.py:190} INFO - [2024-11-25T16:13:57.036+0000] {dagbag.py:588} INFO - Filling up the DagBag from /opt/airflow/dags/google_firebase_s3.py
[2024-11-25T16:13:57.057+0000] {processor.py:925} INFO - DAG(s) 'google_firebase_s3' retrieved from /opt/airflow/dags/google_firebase_s3.py
[2024-11-25T16:13:57.078+0000] {logging_mixin.py:190} INFO - [2024-11-25T16:13:57.078+0000] {dag.py:3239} INFO - Sync 1 DAGs
[2024-11-25T16:13:57.106+0000] {logging_mixin.py:190} INFO - [2024-11-25T16:13:57.105+0000] {dag.py:4180} INFO - Setting next_dagrun for google_firebase_s3 to 2024-11-25 00:00:00+00:00, run_after=2024-11-26 00:00:00+00:00
[2024-11-25T16:13:57.126+0000] {processor.py:208} INFO - Processing /opt/airflow/dags/google_firebase_s3.py took 0.101 seconds
[2024-11-25T16:14:27.286+0000] {processor.py:186} INFO - Started process (PID=5277) to work on /opt/airflow/dags/google_firebase_s3.py
[2024-11-25T16:14:27.287+0000] {processor.py:914} INFO - Processing file /opt/airflow/dags/google_firebase_s3.py for tasks to queue
[2024-11-25T16:14:27.290+0000] {logging_mixin.py:190} INFO - [2024-11-25T16:14:27.290+0000] {dagbag.py:588} INFO - Filling up the DagBag from /opt/airflow/dags/google_firebase_s3.py
[2024-11-25T16:14:27.311+0000] {processor.py:925} INFO - DAG(s) 'google_firebase_s3' retrieved from /opt/airflow/dags/google_firebase_s3.py
[2024-11-25T16:14:27.332+0000] {logging_mixin.py:190} INFO - [2024-11-25T16:14:27.331+0000] {dag.py:3239} INFO - Sync 1 DAGs
[2024-11-25T16:14:27.361+0000] {logging_mixin.py:190} INFO - [2024-11-25T16:14:27.361+0000] {dag.py:4180} INFO - Setting next_dagrun for google_firebase_s3 to 2024-11-25 00:00:00+00:00, run_after=2024-11-26 00:00:00+00:00
[2024-11-25T16:14:27.384+0000] {processor.py:208} INFO - Processing /opt/airflow/dags/google_firebase_s3.py took 0.105 seconds
[2024-11-25T16:14:57.482+0000] {processor.py:186} INFO - Started process (PID=5341) to work on /opt/airflow/dags/google_firebase_s3.py
[2024-11-25T16:14:57.483+0000] {processor.py:914} INFO - Processing file /opt/airflow/dags/google_firebase_s3.py for tasks to queue
[2024-11-25T16:14:57.485+0000] {logging_mixin.py:190} INFO - [2024-11-25T16:14:57.485+0000] {dagbag.py:588} INFO - Filling up the DagBag from /opt/airflow/dags/google_firebase_s3.py
[2024-11-25T16:14:57.506+0000] {processor.py:925} INFO - DAG(s) 'google_firebase_s3' retrieved from /opt/airflow/dags/google_firebase_s3.py
[2024-11-25T16:14:57.529+0000] {logging_mixin.py:190} INFO - [2024-11-25T16:14:57.528+0000] {dag.py:3239} INFO - Sync 1 DAGs
[2024-11-25T16:14:57.554+0000] {logging_mixin.py:190} INFO - [2024-11-25T16:14:57.554+0000] {dag.py:4180} INFO - Setting next_dagrun for google_firebase_s3 to 2024-11-25 00:00:00+00:00, run_after=2024-11-26 00:00:00+00:00
[2024-11-25T16:14:57.577+0000] {processor.py:208} INFO - Processing /opt/airflow/dags/google_firebase_s3.py took 0.101 seconds
[2024-11-25T16:15:27.722+0000] {processor.py:186} INFO - Started process (PID=5405) to work on /opt/airflow/dags/google_firebase_s3.py
[2024-11-25T16:15:27.724+0000] {processor.py:914} INFO - Processing file /opt/airflow/dags/google_firebase_s3.py for tasks to queue
[2024-11-25T16:15:27.727+0000] {logging_mixin.py:190} INFO - [2024-11-25T16:15:27.726+0000] {dagbag.py:588} INFO - Filling up the DagBag from /opt/airflow/dags/google_firebase_s3.py
[2024-11-25T16:15:27.748+0000] {processor.py:925} INFO - DAG(s) 'google_firebase_s3' retrieved from /opt/airflow/dags/google_firebase_s3.py
[2024-11-25T16:15:27.769+0000] {logging_mixin.py:190} INFO - [2024-11-25T16:15:27.768+0000] {dag.py:3239} INFO - Sync 1 DAGs
[2024-11-25T16:15:27.794+0000] {logging_mixin.py:190} INFO - [2024-11-25T16:15:27.794+0000] {dag.py:4180} INFO - Setting next_dagrun for google_firebase_s3 to 2024-11-25 00:00:00+00:00, run_after=2024-11-26 00:00:00+00:00
[2024-11-25T16:15:27.815+0000] {processor.py:208} INFO - Processing /opt/airflow/dags/google_firebase_s3.py took 0.103 seconds
[2024-11-25T16:15:58.495+0000] {processor.py:186} INFO - Started process (PID=5476) to work on /opt/airflow/dags/google_firebase_s3.py
[2024-11-25T16:15:58.496+0000] {processor.py:914} INFO - Processing file /opt/airflow/dags/google_firebase_s3.py for tasks to queue
[2024-11-25T16:15:58.499+0000] {logging_mixin.py:190} INFO - [2024-11-25T16:15:58.499+0000] {dagbag.py:588} INFO - Filling up the DagBag from /opt/airflow/dags/google_firebase_s3.py
[2024-11-25T16:15:58.527+0000] {processor.py:925} INFO - DAG(s) 'google_firebase_s3' retrieved from /opt/airflow/dags/google_firebase_s3.py
[2024-11-25T16:15:58.547+0000] {logging_mixin.py:190} INFO - [2024-11-25T16:15:58.546+0000] {dag.py:3239} INFO - Sync 1 DAGs
[2024-11-25T16:15:58.576+0000] {logging_mixin.py:190} INFO - [2024-11-25T16:15:58.575+0000] {dag.py:4180} INFO - Setting next_dagrun for google_firebase_s3 to 2024-11-25 00:00:00+00:00, run_after=2024-11-26 00:00:00+00:00
[2024-11-25T16:15:58.600+0000] {processor.py:208} INFO - Processing /opt/airflow/dags/google_firebase_s3.py took 0.117 seconds
