[2024-12-06T02:57:05.690+0000] {local_task_job_runner.py:123} INFO - ::group::Pre task execution logs
[2024-12-06T02:57:05.709+0000] {taskinstance.py:2613} INFO - Dependencies all met for dep_context=non-requeueable deps ti=<TaskInstance: firestore_to_s3_to_rds.transform_and_upload_to_s3 manual__2024-12-06T02:56:58.829691+00:00 [queued]>
[2024-12-06T02:57:05.717+0000] {taskinstance.py:2613} INFO - Dependencies all met for dep_context=requeueable deps ti=<TaskInstance: firestore_to_s3_to_rds.transform_and_upload_to_s3 manual__2024-12-06T02:56:58.829691+00:00 [queued]>
[2024-12-06T02:57:05.717+0000] {taskinstance.py:2866} INFO - Starting attempt 1 of 1
[2024-12-06T02:57:05.731+0000] {taskinstance.py:2889} INFO - Executing <Task(PythonOperator): transform_and_upload_to_s3> on 2024-12-06 02:56:58.829691+00:00
[2024-12-06T02:57:05.736+0000] {warnings.py:112} WARNING - /home/***/.local/lib/python3.12/site-packages/***/task/task_runner/standard_task_runner.py:70: DeprecationWarning: This process (pid=4504) is multi-threaded, use of fork() may lead to deadlocks in the child.
  pid = os.fork()

[2024-12-06T02:57:05.738+0000] {standard_task_runner.py:72} INFO - Started process 4508 to run task
[2024-12-06T02:57:05.739+0000] {standard_task_runner.py:104} INFO - Running: ['***', 'tasks', 'run', 'firestore_to_s3_to_rds', 'transform_and_upload_to_s3', 'manual__2024-12-06T02:56:58.829691+00:00', '--job-id', '228', '--raw', '--subdir', 'DAGS_FOLDER/firebase_to_s3_to_rds.py', '--cfg-path', '/tmp/tmp5wg_42cw']
[2024-12-06T02:57:05.740+0000] {standard_task_runner.py:105} INFO - Job 228: Subtask transform_and_upload_to_s3
[2024-12-06T02:57:05.792+0000] {task_command.py:467} INFO - Running <TaskInstance: firestore_to_s3_to_rds.transform_and_upload_to_s3 manual__2024-12-06T02:56:58.829691+00:00 [running]> on host 4b3a7f9b2751
[2024-12-06T02:57:06.076+0000] {taskinstance.py:3132} INFO - Exporting env vars: AIRFLOW_CTX_DAG_OWNER='***' AIRFLOW_CTX_DAG_ID='firestore_to_s3_to_rds' AIRFLOW_CTX_TASK_ID='transform_and_upload_to_s3' AIRFLOW_CTX_EXECUTION_DATE='2024-12-06T02:56:58.829691+00:00' AIRFLOW_CTX_TRY_NUMBER='1' AIRFLOW_CTX_DAG_RUN_ID='manual__2024-12-06T02:56:58.829691+00:00'
[2024-12-06T02:57:06.076+0000] {logging_mixin.py:190} INFO - Task instance is in running state
[2024-12-06T02:57:06.077+0000] {logging_mixin.py:190} INFO -  Previous state of the Task instance: queued
[2024-12-06T02:57:06.077+0000] {logging_mixin.py:190} INFO - Current task name:transform_and_upload_to_s3 state:running start_date:2024-12-06 02:57:05.709591+00:00
[2024-12-06T02:57:06.078+0000] {logging_mixin.py:190} INFO - Dag name:firestore_to_s3_to_rds and current dag run status:running
[2024-12-06T02:57:06.078+0000] {taskinstance.py:731} INFO - ::endgroup::
[2024-12-06T02:57:06.099+0000] {python.py:240} INFO - Done. Returned value was: None
[2024-12-06T02:57:06.110+0000] {taskinstance.py:340} INFO - ::group::Post task execution logs
[2024-12-06T02:57:06.110+0000] {taskinstance.py:352} INFO - Marking task as SUCCESS. dag_id=firestore_to_s3_to_rds, task_id=transform_and_upload_to_s3, run_id=manual__2024-12-06T02:56:58.829691+00:00, execution_date=20241206T025658, start_date=20241206T025705, end_date=20241206T025706
[2024-12-06T02:57:06.122+0000] {logging_mixin.py:190} INFO - Task instance in success state
[2024-12-06T02:57:06.122+0000] {logging_mixin.py:190} INFO -  Previous state of the Task instance: running
[2024-12-06T02:57:06.122+0000] {logging_mixin.py:190} INFO - Dag name:firestore_to_s3_to_rds queued_at:2024-12-06 02:56:58.883311+00:00
[2024-12-06T02:57:06.123+0000] {logging_mixin.py:190} INFO - Task hostname:4b3a7f9b2751 operator:PythonOperator
[2024-12-06T02:57:06.157+0000] {local_task_job_runner.py:266} INFO - Task exited with return code 0
[2024-12-06T02:57:06.186+0000] {taskinstance.py:3895} INFO - 1 downstream tasks scheduled from follow-on schedule check
[2024-12-06T02:57:06.188+0000] {local_task_job_runner.py:245} INFO - ::endgroup::
