[2024-12-06T03:34:54.190+0000] {local_task_job_runner.py:123} INFO - ::group::Pre task execution logs
[2024-12-06T03:34:54.209+0000] {taskinstance.py:2613} INFO - Dependencies all met for dep_context=non-requeueable deps ti=<TaskInstance: firestore_to_s3_to_rds.delete_s3_file manual__2024-12-06T03:34:51.558062+00:00 [queued]>
[2024-12-06T03:34:54.216+0000] {taskinstance.py:2613} INFO - Dependencies all met for dep_context=requeueable deps ti=<TaskInstance: firestore_to_s3_to_rds.delete_s3_file manual__2024-12-06T03:34:51.558062+00:00 [queued]>
[2024-12-06T03:34:54.217+0000] {taskinstance.py:2866} INFO - Starting attempt 1 of 1
[2024-12-06T03:34:54.232+0000] {taskinstance.py:2889} INFO - Executing <Task(S3DeleteObjectsOperator): delete_s3_file> on 2024-12-06 03:34:51.558062+00:00
[2024-12-06T03:34:54.240+0000] {warnings.py:112} WARNING - /home/***/.local/lib/python3.12/site-packages/***/task/task_runner/standard_task_runner.py:70: DeprecationWarning: This process (pid=5086) is multi-threaded, use of fork() may lead to deadlocks in the child.
  pid = os.fork()

[2024-12-06T03:34:54.243+0000] {standard_task_runner.py:72} INFO - Started process 5095 to run task
[2024-12-06T03:34:54.242+0000] {standard_task_runner.py:104} INFO - Running: ['***', 'tasks', 'run', 'firestore_to_s3_to_rds', 'delete_s3_file', 'manual__2024-12-06T03:34:51.558062+00:00', '--job-id', '252', '--raw', '--subdir', 'DAGS_FOLDER/firebase_to_s3_to_rds.py', '--cfg-path', '/tmp/tmpjlc6qvd6']
[2024-12-06T03:34:54.244+0000] {standard_task_runner.py:105} INFO - Job 252: Subtask delete_s3_file
[2024-12-06T03:34:54.296+0000] {task_command.py:467} INFO - Running <TaskInstance: firestore_to_s3_to_rds.delete_s3_file manual__2024-12-06T03:34:51.558062+00:00 [running]> on host 4b3a7f9b2751
[2024-12-06T03:34:54.652+0000] {taskinstance.py:3132} INFO - Exporting env vars: AIRFLOW_CTX_DAG_OWNER='***' AIRFLOW_CTX_DAG_ID='firestore_to_s3_to_rds' AIRFLOW_CTX_TASK_ID='delete_s3_file' AIRFLOW_CTX_EXECUTION_DATE='2024-12-06T03:34:51.558062+00:00' AIRFLOW_CTX_TRY_NUMBER='1' AIRFLOW_CTX_DAG_RUN_ID='manual__2024-12-06T03:34:51.558062+00:00'
[2024-12-06T03:34:54.655+0000] {logging_mixin.py:190} INFO - Task instance is in running state
[2024-12-06T03:34:54.656+0000] {logging_mixin.py:190} INFO -  Previous state of the Task instance: queued
[2024-12-06T03:34:54.656+0000] {logging_mixin.py:190} INFO - Current task name:delete_s3_file state:running start_date:2024-12-06 03:34:54.210315+00:00
[2024-12-06T03:34:54.657+0000] {logging_mixin.py:190} INFO - Dag name:firestore_to_s3_to_rds and current dag run status:running
[2024-12-06T03:34:54.657+0000] {taskinstance.py:731} INFO - ::endgroup::
[2024-12-06T03:34:54.666+0000] {base.py:84} INFO - Retrieving connection 's3_conn'
[2024-12-06T03:34:54.666+0000] {connection_wrapper.py:325} INFO - AWS Connection (conn_id='s3_conn', conn_type='aws') credentials retrieved from login and password.
[2024-12-06T03:34:55.470+0000] {s3.py:1380} INFO - Deleted: ['userProfile_2024-12-06.csv']
[2024-12-06T03:34:55.482+0000] {taskinstance.py:340} INFO - ::group::Post task execution logs
[2024-12-06T03:34:55.483+0000] {taskinstance.py:352} INFO - Marking task as SUCCESS. dag_id=firestore_to_s3_to_rds, task_id=delete_s3_file, run_id=manual__2024-12-06T03:34:51.558062+00:00, execution_date=20241206T033451, start_date=20241206T033454, end_date=20241206T033455
[2024-12-06T03:34:55.494+0000] {logging_mixin.py:190} INFO - Task instance in success state
[2024-12-06T03:34:55.494+0000] {logging_mixin.py:190} INFO -  Previous state of the Task instance: running
[2024-12-06T03:34:55.495+0000] {logging_mixin.py:190} INFO - Dag name:firestore_to_s3_to_rds queued_at:2024-12-06 03:34:51.571958+00:00
[2024-12-06T03:34:55.495+0000] {logging_mixin.py:190} INFO - Task hostname:4b3a7f9b2751 operator:S3DeleteObjectsOperator
[2024-12-06T03:34:55.541+0000] {local_task_job_runner.py:266} INFO - Task exited with return code 0
[2024-12-06T03:34:55.577+0000] {taskinstance.py:3895} INFO - 0 downstream tasks scheduled from follow-on schedule check
[2024-12-06T03:34:55.580+0000] {local_task_job_runner.py:245} INFO - ::endgroup::
