[2024-12-01T02:10:53.468+0000] {processor.py:186} INFO - Started process (PID=50516) to work on /opt/airflow/dags/gsheet_to_s3_to_rds.py
[2024-12-01T02:10:53.470+0000] {processor.py:914} INFO - Processing file /opt/airflow/dags/gsheet_to_s3_to_rds.py for tasks to queue
[2024-12-01T02:10:53.474+0000] {logging_mixin.py:190} INFO - [2024-12-01T02:10:53.473+0000] {dagbag.py:588} INFO - Filling up the DagBag from /opt/airflow/dags/gsheet_to_s3_to_rds.py
[2024-12-01T02:10:53.986+0000] {processor.py:925} INFO - DAG(s) 'gsheet_to_s3_to_rds' retrieved from /opt/airflow/dags/gsheet_to_s3_to_rds.py
[2024-12-01T02:10:54.049+0000] {logging_mixin.py:190} INFO - [2024-12-01T02:10:54.049+0000] {dag.py:3239} INFO - Sync 1 DAGs
[2024-12-01T02:10:54.166+0000] {logging_mixin.py:190} INFO - [2024-12-01T02:10:54.166+0000] {dag.py:4180} INFO - Setting next_dagrun for gsheet_to_s3_to_rds to 2024-11-30 00:00:00+00:00, run_after=2024-12-01 00:00:00+00:00
[2024-12-01T02:10:54.250+0000] {processor.py:208} INFO - Processing /opt/airflow/dags/gsheet_to_s3_to_rds.py took 0.791 seconds
[2024-12-01T02:11:24.433+0000] {processor.py:186} INFO - Started process (PID=50582) to work on /opt/airflow/dags/gsheet_to_s3_to_rds.py
[2024-12-01T02:11:24.434+0000] {processor.py:914} INFO - Processing file /opt/airflow/dags/gsheet_to_s3_to_rds.py for tasks to queue
[2024-12-01T02:11:24.436+0000] {logging_mixin.py:190} INFO - [2024-12-01T02:11:24.436+0000] {dagbag.py:588} INFO - Filling up the DagBag from /opt/airflow/dags/gsheet_to_s3_to_rds.py
[2024-12-01T02:11:24.455+0000] {processor.py:925} INFO - DAG(s) 'gsheet_to_s3_to_rds' retrieved from /opt/airflow/dags/gsheet_to_s3_to_rds.py
[2024-12-01T02:11:24.475+0000] {logging_mixin.py:190} INFO - [2024-12-01T02:11:24.475+0000] {dag.py:3239} INFO - Sync 1 DAGs
[2024-12-01T02:11:24.496+0000] {logging_mixin.py:190} INFO - [2024-12-01T02:11:24.496+0000] {dag.py:4180} INFO - Setting next_dagrun for gsheet_to_s3_to_rds to 2024-11-30 00:00:00+00:00, run_after=2024-12-01 00:00:00+00:00
[2024-12-01T02:11:24.513+0000] {processor.py:208} INFO - Processing /opt/airflow/dags/gsheet_to_s3_to_rds.py took 0.086 seconds
[2024-12-01T02:11:55.290+0000] {processor.py:186} INFO - Started process (PID=50649) to work on /opt/airflow/dags/gsheet_to_s3_to_rds.py
[2024-12-01T02:11:55.290+0000] {processor.py:914} INFO - Processing file /opt/airflow/dags/gsheet_to_s3_to_rds.py for tasks to queue
[2024-12-01T02:11:55.293+0000] {logging_mixin.py:190} INFO - [2024-12-01T02:11:55.292+0000] {dagbag.py:588} INFO - Filling up the DagBag from /opt/airflow/dags/gsheet_to_s3_to_rds.py
[2024-12-01T02:11:55.311+0000] {processor.py:925} INFO - DAG(s) 'gsheet_to_s3_to_rds' retrieved from /opt/airflow/dags/gsheet_to_s3_to_rds.py
[2024-12-01T02:11:55.331+0000] {logging_mixin.py:190} INFO - [2024-12-01T02:11:55.331+0000] {dag.py:3239} INFO - Sync 1 DAGs
[2024-12-01T02:11:55.354+0000] {logging_mixin.py:190} INFO - [2024-12-01T02:11:55.354+0000] {dag.py:4180} INFO - Setting next_dagrun for gsheet_to_s3_to_rds to 2024-11-30 00:00:00+00:00, run_after=2024-12-01 00:00:00+00:00
[2024-12-01T02:11:55.371+0000] {processor.py:208} INFO - Processing /opt/airflow/dags/gsheet_to_s3_to_rds.py took 0.087 seconds
[2024-12-01T02:12:25.840+0000] {processor.py:186} INFO - Started process (PID=50715) to work on /opt/airflow/dags/gsheet_to_s3_to_rds.py
[2024-12-01T02:12:25.841+0000] {processor.py:914} INFO - Processing file /opt/airflow/dags/gsheet_to_s3_to_rds.py for tasks to queue
[2024-12-01T02:12:25.844+0000] {logging_mixin.py:190} INFO - [2024-12-01T02:12:25.844+0000] {dagbag.py:588} INFO - Filling up the DagBag from /opt/airflow/dags/gsheet_to_s3_to_rds.py
[2024-12-01T02:12:25.861+0000] {processor.py:925} INFO - DAG(s) 'gsheet_to_s3_to_rds' retrieved from /opt/airflow/dags/gsheet_to_s3_to_rds.py
[2024-12-01T02:12:25.881+0000] {logging_mixin.py:190} INFO - [2024-12-01T02:12:25.881+0000] {dag.py:3239} INFO - Sync 1 DAGs
[2024-12-01T02:12:25.905+0000] {logging_mixin.py:190} INFO - [2024-12-01T02:12:25.905+0000] {dag.py:4180} INFO - Setting next_dagrun for gsheet_to_s3_to_rds to 2024-11-30 00:00:00+00:00, run_after=2024-12-01 00:00:00+00:00
[2024-12-01T02:12:25.921+0000] {processor.py:208} INFO - Processing /opt/airflow/dags/gsheet_to_s3_to_rds.py took 0.090 seconds
[2024-12-01T02:12:56.444+0000] {processor.py:186} INFO - Started process (PID=50781) to work on /opt/airflow/dags/gsheet_to_s3_to_rds.py
[2024-12-01T02:12:56.445+0000] {processor.py:914} INFO - Processing file /opt/airflow/dags/gsheet_to_s3_to_rds.py for tasks to queue
[2024-12-01T02:12:56.449+0000] {logging_mixin.py:190} INFO - [2024-12-01T02:12:56.448+0000] {dagbag.py:588} INFO - Filling up the DagBag from /opt/airflow/dags/gsheet_to_s3_to_rds.py
[2024-12-01T02:12:56.475+0000] {processor.py:925} INFO - DAG(s) 'gsheet_to_s3_to_rds' retrieved from /opt/airflow/dags/gsheet_to_s3_to_rds.py
[2024-12-01T02:12:56.511+0000] {logging_mixin.py:190} INFO - [2024-12-01T02:12:56.510+0000] {dag.py:3239} INFO - Sync 1 DAGs
[2024-12-01T02:12:56.552+0000] {logging_mixin.py:190} INFO - [2024-12-01T02:12:56.551+0000] {dag.py:4180} INFO - Setting next_dagrun for gsheet_to_s3_to_rds to 2024-11-30 00:00:00+00:00, run_after=2024-12-01 00:00:00+00:00
[2024-12-01T02:12:56.582+0000] {processor.py:208} INFO - Processing /opt/airflow/dags/gsheet_to_s3_to_rds.py took 0.145 seconds
[2024-12-01T02:13:27.322+0000] {processor.py:186} INFO - Started process (PID=50847) to work on /opt/airflow/dags/gsheet_to_s3_to_rds.py
[2024-12-01T02:13:27.322+0000] {processor.py:914} INFO - Processing file /opt/airflow/dags/gsheet_to_s3_to_rds.py for tasks to queue
[2024-12-01T02:13:27.325+0000] {logging_mixin.py:190} INFO - [2024-12-01T02:13:27.324+0000] {dagbag.py:588} INFO - Filling up the DagBag from /opt/airflow/dags/gsheet_to_s3_to_rds.py
[2024-12-01T02:13:27.343+0000] {processor.py:925} INFO - DAG(s) 'gsheet_to_s3_to_rds' retrieved from /opt/airflow/dags/gsheet_to_s3_to_rds.py
[2024-12-01T02:13:27.364+0000] {logging_mixin.py:190} INFO - [2024-12-01T02:13:27.364+0000] {dag.py:3239} INFO - Sync 1 DAGs
[2024-12-01T02:13:27.386+0000] {logging_mixin.py:190} INFO - [2024-12-01T02:13:27.386+0000] {dag.py:4180} INFO - Setting next_dagrun for gsheet_to_s3_to_rds to 2024-11-30 00:00:00+00:00, run_after=2024-12-01 00:00:00+00:00
[2024-12-01T02:13:27.403+0000] {processor.py:208} INFO - Processing /opt/airflow/dags/gsheet_to_s3_to_rds.py took 0.086 seconds
[2024-12-01T02:13:58.029+0000] {processor.py:186} INFO - Started process (PID=50913) to work on /opt/airflow/dags/gsheet_to_s3_to_rds.py
[2024-12-01T02:13:58.030+0000] {processor.py:914} INFO - Processing file /opt/airflow/dags/gsheet_to_s3_to_rds.py for tasks to queue
[2024-12-01T02:13:58.032+0000] {logging_mixin.py:190} INFO - [2024-12-01T02:13:58.032+0000] {dagbag.py:588} INFO - Filling up the DagBag from /opt/airflow/dags/gsheet_to_s3_to_rds.py
[2024-12-01T02:13:58.051+0000] {processor.py:925} INFO - DAG(s) 'gsheet_to_s3_to_rds' retrieved from /opt/airflow/dags/gsheet_to_s3_to_rds.py
[2024-12-01T02:13:58.071+0000] {logging_mixin.py:190} INFO - [2024-12-01T02:13:58.070+0000] {dag.py:3239} INFO - Sync 1 DAGs
[2024-12-01T02:13:58.095+0000] {logging_mixin.py:190} INFO - [2024-12-01T02:13:58.094+0000] {dag.py:4180} INFO - Setting next_dagrun for gsheet_to_s3_to_rds to 2024-11-30 00:00:00+00:00, run_after=2024-12-01 00:00:00+00:00
[2024-12-01T02:13:58.113+0000] {processor.py:208} INFO - Processing /opt/airflow/dags/gsheet_to_s3_to_rds.py took 0.091 seconds
[2024-12-01T02:14:28.333+0000] {processor.py:186} INFO - Started process (PID=50979) to work on /opt/airflow/dags/gsheet_to_s3_to_rds.py
[2024-12-01T02:14:28.333+0000] {processor.py:914} INFO - Processing file /opt/airflow/dags/gsheet_to_s3_to_rds.py for tasks to queue
[2024-12-01T02:14:28.336+0000] {logging_mixin.py:190} INFO - [2024-12-01T02:14:28.335+0000] {dagbag.py:588} INFO - Filling up the DagBag from /opt/airflow/dags/gsheet_to_s3_to_rds.py
[2024-12-01T02:14:28.354+0000] {processor.py:925} INFO - DAG(s) 'gsheet_to_s3_to_rds' retrieved from /opt/airflow/dags/gsheet_to_s3_to_rds.py
[2024-12-01T02:14:28.375+0000] {logging_mixin.py:190} INFO - [2024-12-01T02:14:28.375+0000] {dag.py:3239} INFO - Sync 1 DAGs
[2024-12-01T02:14:28.400+0000] {logging_mixin.py:190} INFO - [2024-12-01T02:14:28.400+0000] {dag.py:4180} INFO - Setting next_dagrun for gsheet_to_s3_to_rds to 2024-11-30 00:00:00+00:00, run_after=2024-12-01 00:00:00+00:00
[2024-12-01T02:14:28.419+0000] {processor.py:208} INFO - Processing /opt/airflow/dags/gsheet_to_s3_to_rds.py took 0.093 seconds
[2024-12-01T02:14:59.114+0000] {processor.py:186} INFO - Started process (PID=51051) to work on /opt/airflow/dags/gsheet_to_s3_to_rds.py
[2024-12-01T02:14:59.115+0000] {processor.py:914} INFO - Processing file /opt/airflow/dags/gsheet_to_s3_to_rds.py for tasks to queue
[2024-12-01T02:14:59.117+0000] {logging_mixin.py:190} INFO - [2024-12-01T02:14:59.117+0000] {dagbag.py:588} INFO - Filling up the DagBag from /opt/airflow/dags/gsheet_to_s3_to_rds.py
[2024-12-01T02:14:59.136+0000] {processor.py:925} INFO - DAG(s) 'gsheet_to_s3_to_rds' retrieved from /opt/airflow/dags/gsheet_to_s3_to_rds.py
[2024-12-01T02:14:59.155+0000] {logging_mixin.py:190} INFO - [2024-12-01T02:14:59.155+0000] {dag.py:3239} INFO - Sync 1 DAGs
[2024-12-01T02:14:59.177+0000] {logging_mixin.py:190} INFO - [2024-12-01T02:14:59.177+0000] {dag.py:4180} INFO - Setting next_dagrun for gsheet_to_s3_to_rds to 2024-11-30 00:00:00+00:00, run_after=2024-12-01 00:00:00+00:00
[2024-12-01T02:14:59.194+0000] {processor.py:208} INFO - Processing /opt/airflow/dags/gsheet_to_s3_to_rds.py took 0.085 seconds
[2024-12-01T02:15:30.086+0000] {processor.py:186} INFO - Started process (PID=51117) to work on /opt/airflow/dags/gsheet_to_s3_to_rds.py
[2024-12-01T02:15:30.087+0000] {processor.py:914} INFO - Processing file /opt/airflow/dags/gsheet_to_s3_to_rds.py for tasks to queue
[2024-12-01T02:15:30.091+0000] {logging_mixin.py:190} INFO - [2024-12-01T02:15:30.090+0000] {dagbag.py:588} INFO - Filling up the DagBag from /opt/airflow/dags/gsheet_to_s3_to_rds.py
[2024-12-01T02:15:30.117+0000] {processor.py:925} INFO - DAG(s) 'gsheet_to_s3_to_rds' retrieved from /opt/airflow/dags/gsheet_to_s3_to_rds.py
[2024-12-01T02:15:30.146+0000] {logging_mixin.py:190} INFO - [2024-12-01T02:15:30.146+0000] {dag.py:3239} INFO - Sync 1 DAGs
[2024-12-01T02:15:30.179+0000] {logging_mixin.py:190} INFO - [2024-12-01T02:15:30.179+0000] {dag.py:4180} INFO - Setting next_dagrun for gsheet_to_s3_to_rds to 2024-11-30 00:00:00+00:00, run_after=2024-12-01 00:00:00+00:00
[2024-12-01T02:15:30.206+0000] {processor.py:208} INFO - Processing /opt/airflow/dags/gsheet_to_s3_to_rds.py took 0.127 seconds
[2024-12-01T02:16:01.098+0000] {processor.py:186} INFO - Started process (PID=51183) to work on /opt/airflow/dags/gsheet_to_s3_to_rds.py
[2024-12-01T02:16:01.099+0000] {processor.py:914} INFO - Processing file /opt/airflow/dags/gsheet_to_s3_to_rds.py for tasks to queue
[2024-12-01T02:16:01.102+0000] {logging_mixin.py:190} INFO - [2024-12-01T02:16:01.102+0000] {dagbag.py:588} INFO - Filling up the DagBag from /opt/airflow/dags/gsheet_to_s3_to_rds.py
[2024-12-01T02:16:01.120+0000] {processor.py:925} INFO - DAG(s) 'gsheet_to_s3_to_rds' retrieved from /opt/airflow/dags/gsheet_to_s3_to_rds.py
[2024-12-01T02:16:01.143+0000] {logging_mixin.py:190} INFO - [2024-12-01T02:16:01.143+0000] {dag.py:3239} INFO - Sync 1 DAGs
[2024-12-01T02:16:01.165+0000] {logging_mixin.py:190} INFO - [2024-12-01T02:16:01.165+0000] {dag.py:4180} INFO - Setting next_dagrun for gsheet_to_s3_to_rds to 2024-11-30 00:00:00+00:00, run_after=2024-12-01 00:00:00+00:00
[2024-12-01T02:16:01.181+0000] {processor.py:208} INFO - Processing /opt/airflow/dags/gsheet_to_s3_to_rds.py took 0.092 seconds
[2024-12-01T02:16:31.723+0000] {processor.py:186} INFO - Started process (PID=51249) to work on /opt/airflow/dags/gsheet_to_s3_to_rds.py
[2024-12-01T02:16:31.724+0000] {processor.py:914} INFO - Processing file /opt/airflow/dags/gsheet_to_s3_to_rds.py for tasks to queue
[2024-12-01T02:16:31.726+0000] {logging_mixin.py:190} INFO - [2024-12-01T02:16:31.725+0000] {dagbag.py:588} INFO - Filling up the DagBag from /opt/airflow/dags/gsheet_to_s3_to_rds.py
[2024-12-01T02:16:31.745+0000] {processor.py:925} INFO - DAG(s) 'gsheet_to_s3_to_rds' retrieved from /opt/airflow/dags/gsheet_to_s3_to_rds.py
[2024-12-01T02:16:31.766+0000] {logging_mixin.py:190} INFO - [2024-12-01T02:16:31.766+0000] {dag.py:3239} INFO - Sync 1 DAGs
[2024-12-01T02:16:31.791+0000] {logging_mixin.py:190} INFO - [2024-12-01T02:16:31.790+0000] {dag.py:4180} INFO - Setting next_dagrun for gsheet_to_s3_to_rds to 2024-11-30 00:00:00+00:00, run_after=2024-12-01 00:00:00+00:00
[2024-12-01T02:16:31.806+0000] {processor.py:208} INFO - Processing /opt/airflow/dags/gsheet_to_s3_to_rds.py took 0.089 seconds
[2024-12-01T02:17:02.777+0000] {processor.py:186} INFO - Started process (PID=51315) to work on /opt/airflow/dags/gsheet_to_s3_to_rds.py
[2024-12-01T02:17:02.778+0000] {processor.py:914} INFO - Processing file /opt/airflow/dags/gsheet_to_s3_to_rds.py for tasks to queue
[2024-12-01T02:17:02.780+0000] {logging_mixin.py:190} INFO - [2024-12-01T02:17:02.780+0000] {dagbag.py:588} INFO - Filling up the DagBag from /opt/airflow/dags/gsheet_to_s3_to_rds.py
[2024-12-01T02:17:02.801+0000] {processor.py:925} INFO - DAG(s) 'gsheet_to_s3_to_rds' retrieved from /opt/airflow/dags/gsheet_to_s3_to_rds.py
[2024-12-01T02:17:02.822+0000] {logging_mixin.py:190} INFO - [2024-12-01T02:17:02.822+0000] {dag.py:3239} INFO - Sync 1 DAGs
[2024-12-01T02:17:02.858+0000] {logging_mixin.py:190} INFO - [2024-12-01T02:17:02.858+0000] {dag.py:4180} INFO - Setting next_dagrun for gsheet_to_s3_to_rds to 2024-11-30 00:00:00+00:00, run_after=2024-12-01 00:00:00+00:00
[2024-12-01T02:17:02.876+0000] {processor.py:208} INFO - Processing /opt/airflow/dags/gsheet_to_s3_to_rds.py took 0.105 seconds
[2024-12-01T02:17:33.759+0000] {processor.py:186} INFO - Started process (PID=51381) to work on /opt/airflow/dags/gsheet_to_s3_to_rds.py
[2024-12-01T02:17:33.760+0000] {processor.py:914} INFO - Processing file /opt/airflow/dags/gsheet_to_s3_to_rds.py for tasks to queue
[2024-12-01T02:17:33.762+0000] {logging_mixin.py:190} INFO - [2024-12-01T02:17:33.762+0000] {dagbag.py:588} INFO - Filling up the DagBag from /opt/airflow/dags/gsheet_to_s3_to_rds.py
[2024-12-01T02:17:33.780+0000] {processor.py:925} INFO - DAG(s) 'gsheet_to_s3_to_rds' retrieved from /opt/airflow/dags/gsheet_to_s3_to_rds.py
[2024-12-01T02:17:33.800+0000] {logging_mixin.py:190} INFO - [2024-12-01T02:17:33.799+0000] {dag.py:3239} INFO - Sync 1 DAGs
[2024-12-01T02:17:33.822+0000] {logging_mixin.py:190} INFO - [2024-12-01T02:17:33.822+0000] {dag.py:4180} INFO - Setting next_dagrun for gsheet_to_s3_to_rds to 2024-11-30 00:00:00+00:00, run_after=2024-12-01 00:00:00+00:00
[2024-12-01T02:17:33.839+0000] {processor.py:208} INFO - Processing /opt/airflow/dags/gsheet_to_s3_to_rds.py took 0.089 seconds
[2024-12-01T02:18:03.903+0000] {processor.py:186} INFO - Started process (PID=51447) to work on /opt/airflow/dags/gsheet_to_s3_to_rds.py
[2024-12-01T02:18:03.904+0000] {processor.py:914} INFO - Processing file /opt/airflow/dags/gsheet_to_s3_to_rds.py for tasks to queue
[2024-12-01T02:18:03.907+0000] {logging_mixin.py:190} INFO - [2024-12-01T02:18:03.907+0000] {dagbag.py:588} INFO - Filling up the DagBag from /opt/airflow/dags/gsheet_to_s3_to_rds.py
[2024-12-01T02:18:03.925+0000] {processor.py:925} INFO - DAG(s) 'gsheet_to_s3_to_rds' retrieved from /opt/airflow/dags/gsheet_to_s3_to_rds.py
[2024-12-01T02:18:03.948+0000] {logging_mixin.py:190} INFO - [2024-12-01T02:18:03.948+0000] {dag.py:3239} INFO - Sync 1 DAGs
[2024-12-01T02:18:03.969+0000] {logging_mixin.py:190} INFO - [2024-12-01T02:18:03.969+0000] {dag.py:4180} INFO - Setting next_dagrun for gsheet_to_s3_to_rds to 2024-11-30 00:00:00+00:00, run_after=2024-12-01 00:00:00+00:00
[2024-12-01T02:18:03.987+0000] {processor.py:208} INFO - Processing /opt/airflow/dags/gsheet_to_s3_to_rds.py took 0.089 seconds
[2024-12-01T02:18:34.797+0000] {processor.py:186} INFO - Started process (PID=51513) to work on /opt/airflow/dags/gsheet_to_s3_to_rds.py
[2024-12-01T02:18:34.798+0000] {processor.py:914} INFO - Processing file /opt/airflow/dags/gsheet_to_s3_to_rds.py for tasks to queue
[2024-12-01T02:18:34.801+0000] {logging_mixin.py:190} INFO - [2024-12-01T02:18:34.800+0000] {dagbag.py:588} INFO - Filling up the DagBag from /opt/airflow/dags/gsheet_to_s3_to_rds.py
[2024-12-01T02:18:34.822+0000] {processor.py:925} INFO - DAG(s) 'gsheet_to_s3_to_rds' retrieved from /opt/airflow/dags/gsheet_to_s3_to_rds.py
[2024-12-01T02:18:34.842+0000] {logging_mixin.py:190} INFO - [2024-12-01T02:18:34.842+0000] {dag.py:3239} INFO - Sync 1 DAGs
[2024-12-01T02:18:34.863+0000] {logging_mixin.py:190} INFO - [2024-12-01T02:18:34.863+0000] {dag.py:4180} INFO - Setting next_dagrun for gsheet_to_s3_to_rds to 2024-11-30 00:00:00+00:00, run_after=2024-12-01 00:00:00+00:00
[2024-12-01T02:18:34.880+0000] {processor.py:208} INFO - Processing /opt/airflow/dags/gsheet_to_s3_to_rds.py took 0.090 seconds
[2024-12-01T02:19:05.602+0000] {processor.py:186} INFO - Started process (PID=51580) to work on /opt/airflow/dags/gsheet_to_s3_to_rds.py
[2024-12-01T02:19:05.603+0000] {processor.py:914} INFO - Processing file /opt/airflow/dags/gsheet_to_s3_to_rds.py for tasks to queue
[2024-12-01T02:19:05.605+0000] {logging_mixin.py:190} INFO - [2024-12-01T02:19:05.605+0000] {dagbag.py:588} INFO - Filling up the DagBag from /opt/airflow/dags/gsheet_to_s3_to_rds.py
[2024-12-01T02:19:05.626+0000] {processor.py:925} INFO - DAG(s) 'gsheet_to_s3_to_rds' retrieved from /opt/airflow/dags/gsheet_to_s3_to_rds.py
[2024-12-01T02:19:05.647+0000] {logging_mixin.py:190} INFO - [2024-12-01T02:19:05.647+0000] {dag.py:3239} INFO - Sync 1 DAGs
[2024-12-01T02:19:05.669+0000] {logging_mixin.py:190} INFO - [2024-12-01T02:19:05.669+0000] {dag.py:4180} INFO - Setting next_dagrun for gsheet_to_s3_to_rds to 2024-11-30 00:00:00+00:00, run_after=2024-12-01 00:00:00+00:00
[2024-12-01T02:19:05.686+0000] {processor.py:208} INFO - Processing /opt/airflow/dags/gsheet_to_s3_to_rds.py took 0.090 seconds
[2024-12-01T02:19:35.890+0000] {processor.py:186} INFO - Started process (PID=51646) to work on /opt/airflow/dags/gsheet_to_s3_to_rds.py
[2024-12-01T02:19:35.891+0000] {processor.py:914} INFO - Processing file /opt/airflow/dags/gsheet_to_s3_to_rds.py for tasks to queue
[2024-12-01T02:19:35.893+0000] {logging_mixin.py:190} INFO - [2024-12-01T02:19:35.893+0000] {dagbag.py:588} INFO - Filling up the DagBag from /opt/airflow/dags/gsheet_to_s3_to_rds.py
[2024-12-01T02:19:35.912+0000] {processor.py:925} INFO - DAG(s) 'gsheet_to_s3_to_rds' retrieved from /opt/airflow/dags/gsheet_to_s3_to_rds.py
[2024-12-01T02:19:35.933+0000] {logging_mixin.py:190} INFO - [2024-12-01T02:19:35.932+0000] {dag.py:3239} INFO - Sync 1 DAGs
[2024-12-01T02:19:35.954+0000] {logging_mixin.py:190} INFO - [2024-12-01T02:19:35.954+0000] {dag.py:4180} INFO - Setting next_dagrun for gsheet_to_s3_to_rds to 2024-11-30 00:00:00+00:00, run_after=2024-12-01 00:00:00+00:00
[2024-12-01T02:19:35.970+0000] {processor.py:208} INFO - Processing /opt/airflow/dags/gsheet_to_s3_to_rds.py took 0.087 seconds
[2024-12-01T02:20:06.591+0000] {processor.py:186} INFO - Started process (PID=51712) to work on /opt/airflow/dags/gsheet_to_s3_to_rds.py
[2024-12-01T02:20:06.592+0000] {processor.py:914} INFO - Processing file /opt/airflow/dags/gsheet_to_s3_to_rds.py for tasks to queue
[2024-12-01T02:20:06.594+0000] {logging_mixin.py:190} INFO - [2024-12-01T02:20:06.594+0000] {dagbag.py:588} INFO - Filling up the DagBag from /opt/airflow/dags/gsheet_to_s3_to_rds.py
[2024-12-01T02:20:06.612+0000] {processor.py:925} INFO - DAG(s) 'gsheet_to_s3_to_rds' retrieved from /opt/airflow/dags/gsheet_to_s3_to_rds.py
[2024-12-01T02:20:06.631+0000] {logging_mixin.py:190} INFO - [2024-12-01T02:20:06.630+0000] {dag.py:3239} INFO - Sync 1 DAGs
[2024-12-01T02:20:06.653+0000] {logging_mixin.py:190} INFO - [2024-12-01T02:20:06.653+0000] {dag.py:4180} INFO - Setting next_dagrun for gsheet_to_s3_to_rds to 2024-11-30 00:00:00+00:00, run_after=2024-12-01 00:00:00+00:00
[2024-12-01T02:20:06.818+0000] {processor.py:208} INFO - Processing /opt/airflow/dags/gsheet_to_s3_to_rds.py took 0.234 seconds
[2024-12-01T02:20:36.918+0000] {processor.py:186} INFO - Started process (PID=51778) to work on /opt/airflow/dags/gsheet_to_s3_to_rds.py
[2024-12-01T02:20:36.919+0000] {processor.py:914} INFO - Processing file /opt/airflow/dags/gsheet_to_s3_to_rds.py for tasks to queue
[2024-12-01T02:20:36.922+0000] {logging_mixin.py:190} INFO - [2024-12-01T02:20:36.921+0000] {dagbag.py:588} INFO - Filling up the DagBag from /opt/airflow/dags/gsheet_to_s3_to_rds.py
[2024-12-01T02:20:36.941+0000] {processor.py:925} INFO - DAG(s) 'gsheet_to_s3_to_rds' retrieved from /opt/airflow/dags/gsheet_to_s3_to_rds.py
[2024-12-01T02:20:36.961+0000] {logging_mixin.py:190} INFO - [2024-12-01T02:20:36.961+0000] {dag.py:3239} INFO - Sync 1 DAGs
[2024-12-01T02:20:36.983+0000] {logging_mixin.py:190} INFO - [2024-12-01T02:20:36.982+0000] {dag.py:4180} INFO - Setting next_dagrun for gsheet_to_s3_to_rds to 2024-11-30 00:00:00+00:00, run_after=2024-12-01 00:00:00+00:00
[2024-12-01T02:20:37.002+0000] {processor.py:208} INFO - Processing /opt/airflow/dags/gsheet_to_s3_to_rds.py took 0.088 seconds
[2024-12-01T02:21:07.276+0000] {processor.py:186} INFO - Started process (PID=51844) to work on /opt/airflow/dags/gsheet_to_s3_to_rds.py
[2024-12-01T02:21:07.277+0000] {processor.py:914} INFO - Processing file /opt/airflow/dags/gsheet_to_s3_to_rds.py for tasks to queue
[2024-12-01T02:21:07.279+0000] {logging_mixin.py:190} INFO - [2024-12-01T02:21:07.279+0000] {dagbag.py:588} INFO - Filling up the DagBag from /opt/airflow/dags/gsheet_to_s3_to_rds.py
[2024-12-01T02:21:07.297+0000] {processor.py:925} INFO - DAG(s) 'gsheet_to_s3_to_rds' retrieved from /opt/airflow/dags/gsheet_to_s3_to_rds.py
[2024-12-01T02:21:07.319+0000] {logging_mixin.py:190} INFO - [2024-12-01T02:21:07.319+0000] {dag.py:3239} INFO - Sync 1 DAGs
[2024-12-01T02:21:07.341+0000] {logging_mixin.py:190} INFO - [2024-12-01T02:21:07.341+0000] {dag.py:4180} INFO - Setting next_dagrun for gsheet_to_s3_to_rds to 2024-11-30 00:00:00+00:00, run_after=2024-12-01 00:00:00+00:00
[2024-12-01T02:21:07.357+0000] {processor.py:208} INFO - Processing /opt/airflow/dags/gsheet_to_s3_to_rds.py took 0.087 seconds
[2024-12-01T02:21:37.429+0000] {processor.py:186} INFO - Started process (PID=51910) to work on /opt/airflow/dags/gsheet_to_s3_to_rds.py
[2024-12-01T02:21:37.430+0000] {processor.py:914} INFO - Processing file /opt/airflow/dags/gsheet_to_s3_to_rds.py for tasks to queue
[2024-12-01T02:21:37.432+0000] {logging_mixin.py:190} INFO - [2024-12-01T02:21:37.431+0000] {dagbag.py:588} INFO - Filling up the DagBag from /opt/airflow/dags/gsheet_to_s3_to_rds.py
[2024-12-01T02:21:37.450+0000] {processor.py:925} INFO - DAG(s) 'gsheet_to_s3_to_rds' retrieved from /opt/airflow/dags/gsheet_to_s3_to_rds.py
[2024-12-01T02:21:37.470+0000] {logging_mixin.py:190} INFO - [2024-12-01T02:21:37.470+0000] {dag.py:3239} INFO - Sync 1 DAGs
[2024-12-01T02:21:37.491+0000] {logging_mixin.py:190} INFO - [2024-12-01T02:21:37.491+0000] {dag.py:4180} INFO - Setting next_dagrun for gsheet_to_s3_to_rds to 2024-11-30 00:00:00+00:00, run_after=2024-12-01 00:00:00+00:00
[2024-12-01T02:21:37.507+0000] {processor.py:208} INFO - Processing /opt/airflow/dags/gsheet_to_s3_to_rds.py took 0.084 seconds
[2024-12-01T02:22:08.501+0000] {processor.py:186} INFO - Started process (PID=51976) to work on /opt/airflow/dags/gsheet_to_s3_to_rds.py
[2024-12-01T02:22:08.502+0000] {processor.py:914} INFO - Processing file /opt/airflow/dags/gsheet_to_s3_to_rds.py for tasks to queue
[2024-12-01T02:22:08.504+0000] {logging_mixin.py:190} INFO - [2024-12-01T02:22:08.503+0000] {dagbag.py:588} INFO - Filling up the DagBag from /opt/airflow/dags/gsheet_to_s3_to_rds.py
[2024-12-01T02:22:08.522+0000] {processor.py:925} INFO - DAG(s) 'gsheet_to_s3_to_rds' retrieved from /opt/airflow/dags/gsheet_to_s3_to_rds.py
[2024-12-01T02:22:08.545+0000] {logging_mixin.py:190} INFO - [2024-12-01T02:22:08.544+0000] {dag.py:3239} INFO - Sync 1 DAGs
[2024-12-01T02:22:08.586+0000] {logging_mixin.py:190} INFO - [2024-12-01T02:22:08.586+0000] {dag.py:4180} INFO - Setting next_dagrun for gsheet_to_s3_to_rds to 2024-11-30 00:00:00+00:00, run_after=2024-12-01 00:00:00+00:00
[2024-12-01T02:22:08.628+0000] {processor.py:208} INFO - Processing /opt/airflow/dags/gsheet_to_s3_to_rds.py took 0.133 seconds
[2024-12-01T02:22:38.924+0000] {processor.py:186} INFO - Started process (PID=52042) to work on /opt/airflow/dags/gsheet_to_s3_to_rds.py
[2024-12-01T02:22:38.925+0000] {processor.py:914} INFO - Processing file /opt/airflow/dags/gsheet_to_s3_to_rds.py for tasks to queue
[2024-12-01T02:22:38.927+0000] {logging_mixin.py:190} INFO - [2024-12-01T02:22:38.927+0000] {dagbag.py:588} INFO - Filling up the DagBag from /opt/airflow/dags/gsheet_to_s3_to_rds.py
[2024-12-01T02:22:38.952+0000] {processor.py:925} INFO - DAG(s) 'gsheet_to_s3_to_rds' retrieved from /opt/airflow/dags/gsheet_to_s3_to_rds.py
[2024-12-01T02:22:38.977+0000] {logging_mixin.py:190} INFO - [2024-12-01T02:22:38.977+0000] {dag.py:3239} INFO - Sync 1 DAGs
[2024-12-01T02:22:39.157+0000] {logging_mixin.py:190} INFO - [2024-12-01T02:22:39.156+0000] {dag.py:4180} INFO - Setting next_dagrun for gsheet_to_s3_to_rds to 2024-11-30 00:00:00+00:00, run_after=2024-12-01 00:00:00+00:00
[2024-12-01T02:22:39.174+0000] {processor.py:208} INFO - Processing /opt/airflow/dags/gsheet_to_s3_to_rds.py took 0.257 seconds
[2024-12-01T02:23:09.518+0000] {processor.py:186} INFO - Started process (PID=52108) to work on /opt/airflow/dags/gsheet_to_s3_to_rds.py
[2024-12-01T02:23:09.519+0000] {processor.py:914} INFO - Processing file /opt/airflow/dags/gsheet_to_s3_to_rds.py for tasks to queue
[2024-12-01T02:23:09.522+0000] {logging_mixin.py:190} INFO - [2024-12-01T02:23:09.522+0000] {dagbag.py:588} INFO - Filling up the DagBag from /opt/airflow/dags/gsheet_to_s3_to_rds.py
[2024-12-01T02:23:09.544+0000] {processor.py:925} INFO - DAG(s) 'gsheet_to_s3_to_rds' retrieved from /opt/airflow/dags/gsheet_to_s3_to_rds.py
[2024-12-01T02:23:09.566+0000] {logging_mixin.py:190} INFO - [2024-12-01T02:23:09.566+0000] {dag.py:3239} INFO - Sync 1 DAGs
[2024-12-01T02:23:09.728+0000] {logging_mixin.py:190} INFO - [2024-12-01T02:23:09.728+0000] {dag.py:4180} INFO - Setting next_dagrun for gsheet_to_s3_to_rds to 2024-11-30 00:00:00+00:00, run_after=2024-12-01 00:00:00+00:00
[2024-12-01T02:23:09.750+0000] {processor.py:208} INFO - Processing /opt/airflow/dags/gsheet_to_s3_to_rds.py took 0.237 seconds
[2024-12-01T02:23:39.792+0000] {processor.py:186} INFO - Started process (PID=52174) to work on /opt/airflow/dags/gsheet_to_s3_to_rds.py
[2024-12-01T02:23:39.793+0000] {processor.py:914} INFO - Processing file /opt/airflow/dags/gsheet_to_s3_to_rds.py for tasks to queue
[2024-12-01T02:23:39.796+0000] {logging_mixin.py:190} INFO - [2024-12-01T02:23:39.795+0000] {dagbag.py:588} INFO - Filling up the DagBag from /opt/airflow/dags/gsheet_to_s3_to_rds.py
[2024-12-01T02:23:39.816+0000] {processor.py:925} INFO - DAG(s) 'gsheet_to_s3_to_rds' retrieved from /opt/airflow/dags/gsheet_to_s3_to_rds.py
[2024-12-01T02:23:39.836+0000] {logging_mixin.py:190} INFO - [2024-12-01T02:23:39.836+0000] {dag.py:3239} INFO - Sync 1 DAGs
[2024-12-01T02:23:39.859+0000] {logging_mixin.py:190} INFO - [2024-12-01T02:23:39.859+0000] {dag.py:4180} INFO - Setting next_dagrun for gsheet_to_s3_to_rds to 2024-11-30 00:00:00+00:00, run_after=2024-12-01 00:00:00+00:00
[2024-12-01T02:23:39.877+0000] {processor.py:208} INFO - Processing /opt/airflow/dags/gsheet_to_s3_to_rds.py took 0.092 seconds
[2024-12-01T02:24:10.044+0000] {processor.py:186} INFO - Started process (PID=52240) to work on /opt/airflow/dags/gsheet_to_s3_to_rds.py
[2024-12-01T02:24:10.045+0000] {processor.py:914} INFO - Processing file /opt/airflow/dags/gsheet_to_s3_to_rds.py for tasks to queue
[2024-12-01T02:24:10.047+0000] {logging_mixin.py:190} INFO - [2024-12-01T02:24:10.047+0000] {dagbag.py:588} INFO - Filling up the DagBag from /opt/airflow/dags/gsheet_to_s3_to_rds.py
[2024-12-01T02:24:10.066+0000] {processor.py:925} INFO - DAG(s) 'gsheet_to_s3_to_rds' retrieved from /opt/airflow/dags/gsheet_to_s3_to_rds.py
[2024-12-01T02:24:10.086+0000] {logging_mixin.py:190} INFO - [2024-12-01T02:24:10.086+0000] {dag.py:3239} INFO - Sync 1 DAGs
[2024-12-01T02:24:10.107+0000] {logging_mixin.py:190} INFO - [2024-12-01T02:24:10.107+0000] {dag.py:4180} INFO - Setting next_dagrun for gsheet_to_s3_to_rds to 2024-11-30 00:00:00+00:00, run_after=2024-12-01 00:00:00+00:00
[2024-12-01T02:24:10.123+0000] {processor.py:208} INFO - Processing /opt/airflow/dags/gsheet_to_s3_to_rds.py took 0.084 seconds
[2024-12-01T02:24:40.590+0000] {processor.py:186} INFO - Started process (PID=52306) to work on /opt/airflow/dags/gsheet_to_s3_to_rds.py
[2024-12-01T02:24:40.591+0000] {processor.py:914} INFO - Processing file /opt/airflow/dags/gsheet_to_s3_to_rds.py for tasks to queue
[2024-12-01T02:24:40.593+0000] {logging_mixin.py:190} INFO - [2024-12-01T02:24:40.593+0000] {dagbag.py:588} INFO - Filling up the DagBag from /opt/airflow/dags/gsheet_to_s3_to_rds.py
[2024-12-01T02:24:40.617+0000] {processor.py:925} INFO - DAG(s) 'gsheet_to_s3_to_rds' retrieved from /opt/airflow/dags/gsheet_to_s3_to_rds.py
[2024-12-01T02:24:40.644+0000] {logging_mixin.py:190} INFO - [2024-12-01T02:24:40.643+0000] {dag.py:3239} INFO - Sync 1 DAGs
[2024-12-01T02:24:40.676+0000] {logging_mixin.py:190} INFO - [2024-12-01T02:24:40.676+0000] {dag.py:4180} INFO - Setting next_dagrun for gsheet_to_s3_to_rds to 2024-11-30 00:00:00+00:00, run_after=2024-12-01 00:00:00+00:00
[2024-12-01T02:24:40.699+0000] {processor.py:208} INFO - Processing /opt/airflow/dags/gsheet_to_s3_to_rds.py took 0.115 seconds
[2024-12-01T02:25:11.023+0000] {processor.py:186} INFO - Started process (PID=52372) to work on /opt/airflow/dags/gsheet_to_s3_to_rds.py
[2024-12-01T02:25:11.024+0000] {processor.py:914} INFO - Processing file /opt/airflow/dags/gsheet_to_s3_to_rds.py for tasks to queue
[2024-12-01T02:25:11.026+0000] {logging_mixin.py:190} INFO - [2024-12-01T02:25:11.026+0000] {dagbag.py:588} INFO - Filling up the DagBag from /opt/airflow/dags/gsheet_to_s3_to_rds.py
[2024-12-01T02:25:11.045+0000] {processor.py:925} INFO - DAG(s) 'gsheet_to_s3_to_rds' retrieved from /opt/airflow/dags/gsheet_to_s3_to_rds.py
[2024-12-01T02:25:11.066+0000] {logging_mixin.py:190} INFO - [2024-12-01T02:25:11.066+0000] {dag.py:3239} INFO - Sync 1 DAGs
[2024-12-01T02:25:11.088+0000] {logging_mixin.py:190} INFO - [2024-12-01T02:25:11.087+0000] {dag.py:4180} INFO - Setting next_dagrun for gsheet_to_s3_to_rds to 2024-11-30 00:00:00+00:00, run_after=2024-12-01 00:00:00+00:00
[2024-12-01T02:25:11.110+0000] {processor.py:208} INFO - Processing /opt/airflow/dags/gsheet_to_s3_to_rds.py took 0.095 seconds
[2024-12-01T02:25:41.562+0000] {processor.py:186} INFO - Started process (PID=52438) to work on /opt/airflow/dags/gsheet_to_s3_to_rds.py
[2024-12-01T02:25:41.563+0000] {processor.py:914} INFO - Processing file /opt/airflow/dags/gsheet_to_s3_to_rds.py for tasks to queue
[2024-12-01T02:25:41.565+0000] {logging_mixin.py:190} INFO - [2024-12-01T02:25:41.565+0000] {dagbag.py:588} INFO - Filling up the DagBag from /opt/airflow/dags/gsheet_to_s3_to_rds.py
[2024-12-01T02:25:41.583+0000] {processor.py:925} INFO - DAG(s) 'gsheet_to_s3_to_rds' retrieved from /opt/airflow/dags/gsheet_to_s3_to_rds.py
[2024-12-01T02:25:41.606+0000] {logging_mixin.py:190} INFO - [2024-12-01T02:25:41.606+0000] {dag.py:3239} INFO - Sync 1 DAGs
[2024-12-01T02:25:41.627+0000] {logging_mixin.py:190} INFO - [2024-12-01T02:25:41.627+0000] {dag.py:4180} INFO - Setting next_dagrun for gsheet_to_s3_to_rds to 2024-11-30 00:00:00+00:00, run_after=2024-12-01 00:00:00+00:00
[2024-12-01T02:25:41.649+0000] {processor.py:208} INFO - Processing /opt/airflow/dags/gsheet_to_s3_to_rds.py took 0.094 seconds
[2024-12-01T02:26:12.255+0000] {processor.py:186} INFO - Started process (PID=52504) to work on /opt/airflow/dags/gsheet_to_s3_to_rds.py
[2024-12-01T02:26:12.255+0000] {processor.py:914} INFO - Processing file /opt/airflow/dags/gsheet_to_s3_to_rds.py for tasks to queue
[2024-12-01T02:26:12.258+0000] {logging_mixin.py:190} INFO - [2024-12-01T02:26:12.257+0000] {dagbag.py:588} INFO - Filling up the DagBag from /opt/airflow/dags/gsheet_to_s3_to_rds.py
[2024-12-01T02:26:12.278+0000] {processor.py:925} INFO - DAG(s) 'gsheet_to_s3_to_rds' retrieved from /opt/airflow/dags/gsheet_to_s3_to_rds.py
[2024-12-01T02:26:12.302+0000] {logging_mixin.py:190} INFO - [2024-12-01T02:26:12.302+0000] {dag.py:3239} INFO - Sync 1 DAGs
[2024-12-01T02:26:12.327+0000] {logging_mixin.py:190} INFO - [2024-12-01T02:26:12.327+0000] {dag.py:4180} INFO - Setting next_dagrun for gsheet_to_s3_to_rds to 2024-11-30 00:00:00+00:00, run_after=2024-12-01 00:00:00+00:00
[2024-12-01T02:26:12.345+0000] {processor.py:208} INFO - Processing /opt/airflow/dags/gsheet_to_s3_to_rds.py took 0.097 seconds
[2024-12-01T02:26:42.872+0000] {processor.py:186} INFO - Started process (PID=52570) to work on /opt/airflow/dags/gsheet_to_s3_to_rds.py
[2024-12-01T02:26:42.872+0000] {processor.py:914} INFO - Processing file /opt/airflow/dags/gsheet_to_s3_to_rds.py for tasks to queue
[2024-12-01T02:26:42.875+0000] {logging_mixin.py:190} INFO - [2024-12-01T02:26:42.874+0000] {dagbag.py:588} INFO - Filling up the DagBag from /opt/airflow/dags/gsheet_to_s3_to_rds.py
[2024-12-01T02:26:42.893+0000] {processor.py:925} INFO - DAG(s) 'gsheet_to_s3_to_rds' retrieved from /opt/airflow/dags/gsheet_to_s3_to_rds.py
[2024-12-01T02:26:42.913+0000] {logging_mixin.py:190} INFO - [2024-12-01T02:26:42.912+0000] {dag.py:3239} INFO - Sync 1 DAGs
[2024-12-01T02:26:42.935+0000] {logging_mixin.py:190} INFO - [2024-12-01T02:26:42.935+0000] {dag.py:4180} INFO - Setting next_dagrun for gsheet_to_s3_to_rds to 2024-11-30 00:00:00+00:00, run_after=2024-12-01 00:00:00+00:00
[2024-12-01T02:26:42.952+0000] {processor.py:208} INFO - Processing /opt/airflow/dags/gsheet_to_s3_to_rds.py took 0.088 seconds
[2024-12-01T02:27:13.379+0000] {processor.py:186} INFO - Started process (PID=52636) to work on /opt/airflow/dags/gsheet_to_s3_to_rds.py
[2024-12-01T02:27:13.381+0000] {processor.py:914} INFO - Processing file /opt/airflow/dags/gsheet_to_s3_to_rds.py for tasks to queue
[2024-12-01T02:27:13.384+0000] {logging_mixin.py:190} INFO - [2024-12-01T02:27:13.384+0000] {dagbag.py:588} INFO - Filling up the DagBag from /opt/airflow/dags/gsheet_to_s3_to_rds.py
[2024-12-01T02:27:13.414+0000] {processor.py:925} INFO - DAG(s) 'gsheet_to_s3_to_rds' retrieved from /opt/airflow/dags/gsheet_to_s3_to_rds.py
[2024-12-01T02:27:13.434+0000] {logging_mixin.py:190} INFO - [2024-12-01T02:27:13.434+0000] {dag.py:3239} INFO - Sync 1 DAGs
[2024-12-01T02:27:13.455+0000] {logging_mixin.py:190} INFO - [2024-12-01T02:27:13.455+0000] {dag.py:4180} INFO - Setting next_dagrun for gsheet_to_s3_to_rds to 2024-11-30 00:00:00+00:00, run_after=2024-12-01 00:00:00+00:00
[2024-12-01T02:27:13.470+0000] {processor.py:208} INFO - Processing /opt/airflow/dags/gsheet_to_s3_to_rds.py took 0.098 seconds
[2024-12-01T02:27:43.845+0000] {processor.py:186} INFO - Started process (PID=52702) to work on /opt/airflow/dags/gsheet_to_s3_to_rds.py
[2024-12-01T02:27:43.846+0000] {processor.py:914} INFO - Processing file /opt/airflow/dags/gsheet_to_s3_to_rds.py for tasks to queue
[2024-12-01T02:27:43.849+0000] {logging_mixin.py:190} INFO - [2024-12-01T02:27:43.849+0000] {dagbag.py:588} INFO - Filling up the DagBag from /opt/airflow/dags/gsheet_to_s3_to_rds.py
[2024-12-01T02:27:43.870+0000] {processor.py:925} INFO - DAG(s) 'gsheet_to_s3_to_rds' retrieved from /opt/airflow/dags/gsheet_to_s3_to_rds.py
[2024-12-01T02:27:43.891+0000] {logging_mixin.py:190} INFO - [2024-12-01T02:27:43.891+0000] {dag.py:3239} INFO - Sync 1 DAGs
[2024-12-01T02:27:43.912+0000] {logging_mixin.py:190} INFO - [2024-12-01T02:27:43.912+0000] {dag.py:4180} INFO - Setting next_dagrun for gsheet_to_s3_to_rds to 2024-11-30 00:00:00+00:00, run_after=2024-12-01 00:00:00+00:00
[2024-12-01T02:27:43.931+0000] {processor.py:208} INFO - Processing /opt/airflow/dags/gsheet_to_s3_to_rds.py took 0.092 seconds
[2024-12-01T02:28:14.260+0000] {processor.py:186} INFO - Started process (PID=52768) to work on /opt/airflow/dags/gsheet_to_s3_to_rds.py
[2024-12-01T02:28:14.260+0000] {processor.py:914} INFO - Processing file /opt/airflow/dags/gsheet_to_s3_to_rds.py for tasks to queue
[2024-12-01T02:28:14.263+0000] {logging_mixin.py:190} INFO - [2024-12-01T02:28:14.262+0000] {dagbag.py:588} INFO - Filling up the DagBag from /opt/airflow/dags/gsheet_to_s3_to_rds.py
[2024-12-01T02:28:14.281+0000] {processor.py:925} INFO - DAG(s) 'gsheet_to_s3_to_rds' retrieved from /opt/airflow/dags/gsheet_to_s3_to_rds.py
[2024-12-01T02:28:14.303+0000] {logging_mixin.py:190} INFO - [2024-12-01T02:28:14.303+0000] {dag.py:3239} INFO - Sync 1 DAGs
[2024-12-01T02:28:14.324+0000] {logging_mixin.py:190} INFO - [2024-12-01T02:28:14.324+0000] {dag.py:4180} INFO - Setting next_dagrun for gsheet_to_s3_to_rds to 2024-11-30 00:00:00+00:00, run_after=2024-12-01 00:00:00+00:00
[2024-12-01T02:28:14.339+0000] {processor.py:208} INFO - Processing /opt/airflow/dags/gsheet_to_s3_to_rds.py took 0.086 seconds
[2024-12-01T02:28:44.833+0000] {processor.py:186} INFO - Started process (PID=52834) to work on /opt/airflow/dags/gsheet_to_s3_to_rds.py
[2024-12-01T02:28:44.834+0000] {processor.py:914} INFO - Processing file /opt/airflow/dags/gsheet_to_s3_to_rds.py for tasks to queue
[2024-12-01T02:28:44.837+0000] {logging_mixin.py:190} INFO - [2024-12-01T02:28:44.836+0000] {dagbag.py:588} INFO - Filling up the DagBag from /opt/airflow/dags/gsheet_to_s3_to_rds.py
[2024-12-01T02:28:44.857+0000] {processor.py:925} INFO - DAG(s) 'gsheet_to_s3_to_rds' retrieved from /opt/airflow/dags/gsheet_to_s3_to_rds.py
[2024-12-01T02:28:44.877+0000] {logging_mixin.py:190} INFO - [2024-12-01T02:28:44.876+0000] {dag.py:3239} INFO - Sync 1 DAGs
[2024-12-01T02:28:44.900+0000] {logging_mixin.py:190} INFO - [2024-12-01T02:28:44.900+0000] {dag.py:4180} INFO - Setting next_dagrun for gsheet_to_s3_to_rds to 2024-11-30 00:00:00+00:00, run_after=2024-12-01 00:00:00+00:00
[2024-12-01T02:28:44.917+0000] {processor.py:208} INFO - Processing /opt/airflow/dags/gsheet_to_s3_to_rds.py took 0.090 seconds
[2024-12-01T02:29:15.309+0000] {processor.py:186} INFO - Started process (PID=52900) to work on /opt/airflow/dags/gsheet_to_s3_to_rds.py
[2024-12-01T02:29:15.310+0000] {processor.py:914} INFO - Processing file /opt/airflow/dags/gsheet_to_s3_to_rds.py for tasks to queue
[2024-12-01T02:29:15.313+0000] {logging_mixin.py:190} INFO - [2024-12-01T02:29:15.313+0000] {dagbag.py:588} INFO - Filling up the DagBag from /opt/airflow/dags/gsheet_to_s3_to_rds.py
[2024-12-01T02:29:15.354+0000] {processor.py:925} INFO - DAG(s) 'gsheet_to_s3_to_rds' retrieved from /opt/airflow/dags/gsheet_to_s3_to_rds.py
[2024-12-01T02:29:15.402+0000] {logging_mixin.py:190} INFO - [2024-12-01T02:29:15.402+0000] {dag.py:3239} INFO - Sync 1 DAGs
[2024-12-01T02:29:15.447+0000] {logging_mixin.py:190} INFO - [2024-12-01T02:29:15.447+0000] {dag.py:4180} INFO - Setting next_dagrun for gsheet_to_s3_to_rds to 2024-11-30 00:00:00+00:00, run_after=2024-12-01 00:00:00+00:00
[2024-12-01T02:29:15.466+0000] {processor.py:208} INFO - Processing /opt/airflow/dags/gsheet_to_s3_to_rds.py took 0.168 seconds
[2024-12-01T02:29:45.915+0000] {processor.py:186} INFO - Started process (PID=52966) to work on /opt/airflow/dags/gsheet_to_s3_to_rds.py
[2024-12-01T02:29:45.916+0000] {processor.py:914} INFO - Processing file /opt/airflow/dags/gsheet_to_s3_to_rds.py for tasks to queue
[2024-12-01T02:29:45.918+0000] {logging_mixin.py:190} INFO - [2024-12-01T02:29:45.918+0000] {dagbag.py:588} INFO - Filling up the DagBag from /opt/airflow/dags/gsheet_to_s3_to_rds.py
[2024-12-01T02:29:45.937+0000] {processor.py:925} INFO - DAG(s) 'gsheet_to_s3_to_rds' retrieved from /opt/airflow/dags/gsheet_to_s3_to_rds.py
[2024-12-01T02:29:45.959+0000] {logging_mixin.py:190} INFO - [2024-12-01T02:29:45.959+0000] {dag.py:3239} INFO - Sync 1 DAGs
[2024-12-01T02:29:45.985+0000] {logging_mixin.py:190} INFO - [2024-12-01T02:29:45.985+0000] {dag.py:4180} INFO - Setting next_dagrun for gsheet_to_s3_to_rds to 2024-11-30 00:00:00+00:00, run_after=2024-12-01 00:00:00+00:00
[2024-12-01T02:29:46.003+0000] {processor.py:208} INFO - Processing /opt/airflow/dags/gsheet_to_s3_to_rds.py took 0.094 seconds
[2024-12-01T02:30:16.285+0000] {processor.py:186} INFO - Started process (PID=53032) to work on /opt/airflow/dags/gsheet_to_s3_to_rds.py
[2024-12-01T02:30:16.286+0000] {processor.py:914} INFO - Processing file /opt/airflow/dags/gsheet_to_s3_to_rds.py for tasks to queue
[2024-12-01T02:30:16.288+0000] {logging_mixin.py:190} INFO - [2024-12-01T02:30:16.287+0000] {dagbag.py:588} INFO - Filling up the DagBag from /opt/airflow/dags/gsheet_to_s3_to_rds.py
[2024-12-01T02:30:16.306+0000] {processor.py:925} INFO - DAG(s) 'gsheet_to_s3_to_rds' retrieved from /opt/airflow/dags/gsheet_to_s3_to_rds.py
[2024-12-01T02:30:16.328+0000] {logging_mixin.py:190} INFO - [2024-12-01T02:30:16.327+0000] {dag.py:3239} INFO - Sync 1 DAGs
[2024-12-01T02:30:16.350+0000] {logging_mixin.py:190} INFO - [2024-12-01T02:30:16.350+0000] {dag.py:4180} INFO - Setting next_dagrun for gsheet_to_s3_to_rds to 2024-11-30 00:00:00+00:00, run_after=2024-12-01 00:00:00+00:00
[2024-12-01T02:30:16.368+0000] {processor.py:208} INFO - Processing /opt/airflow/dags/gsheet_to_s3_to_rds.py took 0.088 seconds
[2024-12-01T02:30:47.082+0000] {processor.py:186} INFO - Started process (PID=53098) to work on /opt/airflow/dags/gsheet_to_s3_to_rds.py
[2024-12-01T02:30:47.083+0000] {processor.py:914} INFO - Processing file /opt/airflow/dags/gsheet_to_s3_to_rds.py for tasks to queue
[2024-12-01T02:30:47.085+0000] {logging_mixin.py:190} INFO - [2024-12-01T02:30:47.085+0000] {dagbag.py:588} INFO - Filling up the DagBag from /opt/airflow/dags/gsheet_to_s3_to_rds.py
[2024-12-01T02:30:47.104+0000] {processor.py:925} INFO - DAG(s) 'gsheet_to_s3_to_rds' retrieved from /opt/airflow/dags/gsheet_to_s3_to_rds.py
[2024-12-01T02:30:47.123+0000] {logging_mixin.py:190} INFO - [2024-12-01T02:30:47.123+0000] {dag.py:3239} INFO - Sync 1 DAGs
[2024-12-01T02:30:47.148+0000] {logging_mixin.py:190} INFO - [2024-12-01T02:30:47.148+0000] {dag.py:4180} INFO - Setting next_dagrun for gsheet_to_s3_to_rds to 2024-11-30 00:00:00+00:00, run_after=2024-12-01 00:00:00+00:00
[2024-12-01T02:30:47.166+0000] {processor.py:208} INFO - Processing /opt/airflow/dags/gsheet_to_s3_to_rds.py took 0.089 seconds
[2024-12-01T02:31:17.404+0000] {processor.py:186} INFO - Started process (PID=53164) to work on /opt/airflow/dags/gsheet_to_s3_to_rds.py
[2024-12-01T02:31:17.405+0000] {processor.py:914} INFO - Processing file /opt/airflow/dags/gsheet_to_s3_to_rds.py for tasks to queue
[2024-12-01T02:31:17.408+0000] {logging_mixin.py:190} INFO - [2024-12-01T02:31:17.407+0000] {dagbag.py:588} INFO - Filling up the DagBag from /opt/airflow/dags/gsheet_to_s3_to_rds.py
[2024-12-01T02:31:17.429+0000] {processor.py:925} INFO - DAG(s) 'gsheet_to_s3_to_rds' retrieved from /opt/airflow/dags/gsheet_to_s3_to_rds.py
[2024-12-01T02:31:17.456+0000] {logging_mixin.py:190} INFO - [2024-12-01T02:31:17.456+0000] {dag.py:3239} INFO - Sync 1 DAGs
[2024-12-01T02:31:17.483+0000] {logging_mixin.py:190} INFO - [2024-12-01T02:31:17.483+0000] {dag.py:4180} INFO - Setting next_dagrun for gsheet_to_s3_to_rds to 2024-11-30 00:00:00+00:00, run_after=2024-12-01 00:00:00+00:00
[2024-12-01T02:31:17.502+0000] {processor.py:208} INFO - Processing /opt/airflow/dags/gsheet_to_s3_to_rds.py took 0.103 seconds
[2024-12-01T02:31:47.818+0000] {processor.py:186} INFO - Started process (PID=53230) to work on /opt/airflow/dags/gsheet_to_s3_to_rds.py
[2024-12-01T02:31:47.819+0000] {processor.py:914} INFO - Processing file /opt/airflow/dags/gsheet_to_s3_to_rds.py for tasks to queue
[2024-12-01T02:31:47.821+0000] {logging_mixin.py:190} INFO - [2024-12-01T02:31:47.821+0000] {dagbag.py:588} INFO - Filling up the DagBag from /opt/airflow/dags/gsheet_to_s3_to_rds.py
[2024-12-01T02:31:47.839+0000] {processor.py:925} INFO - DAG(s) 'gsheet_to_s3_to_rds' retrieved from /opt/airflow/dags/gsheet_to_s3_to_rds.py
[2024-12-01T02:31:47.857+0000] {logging_mixin.py:190} INFO - [2024-12-01T02:31:47.857+0000] {dag.py:3239} INFO - Sync 1 DAGs
[2024-12-01T02:31:47.880+0000] {logging_mixin.py:190} INFO - [2024-12-01T02:31:47.880+0000] {dag.py:4180} INFO - Setting next_dagrun for gsheet_to_s3_to_rds to 2024-11-30 00:00:00+00:00, run_after=2024-12-01 00:00:00+00:00
[2024-12-01T02:31:47.896+0000] {processor.py:208} INFO - Processing /opt/airflow/dags/gsheet_to_s3_to_rds.py took 0.084 seconds
[2024-12-01T02:32:18.266+0000] {processor.py:186} INFO - Started process (PID=53296) to work on /opt/airflow/dags/gsheet_to_s3_to_rds.py
[2024-12-01T02:32:18.268+0000] {processor.py:914} INFO - Processing file /opt/airflow/dags/gsheet_to_s3_to_rds.py for tasks to queue
[2024-12-01T02:32:18.270+0000] {logging_mixin.py:190} INFO - [2024-12-01T02:32:18.270+0000] {dagbag.py:588} INFO - Filling up the DagBag from /opt/airflow/dags/gsheet_to_s3_to_rds.py
[2024-12-01T02:32:18.302+0000] {processor.py:925} INFO - DAG(s) 'gsheet_to_s3_to_rds' retrieved from /opt/airflow/dags/gsheet_to_s3_to_rds.py
[2024-12-01T02:32:18.326+0000] {logging_mixin.py:190} INFO - [2024-12-01T02:32:18.326+0000] {dag.py:3239} INFO - Sync 1 DAGs
[2024-12-01T02:32:18.353+0000] {logging_mixin.py:190} INFO - [2024-12-01T02:32:18.352+0000] {dag.py:4180} INFO - Setting next_dagrun for gsheet_to_s3_to_rds to 2024-11-30 00:00:00+00:00, run_after=2024-12-01 00:00:00+00:00
[2024-12-01T02:32:18.373+0000] {processor.py:208} INFO - Processing /opt/airflow/dags/gsheet_to_s3_to_rds.py took 0.113 seconds
[2024-12-01T02:32:48.488+0000] {processor.py:186} INFO - Started process (PID=53362) to work on /opt/airflow/dags/gsheet_to_s3_to_rds.py
[2024-12-01T02:32:48.489+0000] {processor.py:914} INFO - Processing file /opt/airflow/dags/gsheet_to_s3_to_rds.py for tasks to queue
[2024-12-01T02:32:48.493+0000] {logging_mixin.py:190} INFO - [2024-12-01T02:32:48.492+0000] {dagbag.py:588} INFO - Filling up the DagBag from /opt/airflow/dags/gsheet_to_s3_to_rds.py
[2024-12-01T02:32:48.531+0000] {processor.py:925} INFO - DAG(s) 'gsheet_to_s3_to_rds' retrieved from /opt/airflow/dags/gsheet_to_s3_to_rds.py
[2024-12-01T02:32:48.577+0000] {logging_mixin.py:190} INFO - [2024-12-01T02:32:48.577+0000] {dag.py:3239} INFO - Sync 1 DAGs
[2024-12-01T02:32:48.636+0000] {logging_mixin.py:190} INFO - [2024-12-01T02:32:48.636+0000] {dag.py:4180} INFO - Setting next_dagrun for gsheet_to_s3_to_rds to 2024-11-30 00:00:00+00:00, run_after=2024-12-01 00:00:00+00:00
[2024-12-01T02:32:48.697+0000] {processor.py:208} INFO - Processing /opt/airflow/dags/gsheet_to_s3_to_rds.py took 0.217 seconds
[2024-12-01T02:33:19.644+0000] {processor.py:186} INFO - Started process (PID=53428) to work on /opt/airflow/dags/gsheet_to_s3_to_rds.py
[2024-12-01T02:33:19.646+0000] {processor.py:914} INFO - Processing file /opt/airflow/dags/gsheet_to_s3_to_rds.py for tasks to queue
[2024-12-01T02:33:19.649+0000] {logging_mixin.py:190} INFO - [2024-12-01T02:33:19.648+0000] {dagbag.py:588} INFO - Filling up the DagBag from /opt/airflow/dags/gsheet_to_s3_to_rds.py
[2024-12-01T02:33:19.674+0000] {processor.py:925} INFO - DAG(s) 'gsheet_to_s3_to_rds' retrieved from /opt/airflow/dags/gsheet_to_s3_to_rds.py
[2024-12-01T02:33:19.695+0000] {logging_mixin.py:190} INFO - [2024-12-01T02:33:19.694+0000] {dag.py:3239} INFO - Sync 1 DAGs
[2024-12-01T02:33:19.715+0000] {logging_mixin.py:190} INFO - [2024-12-01T02:33:19.715+0000] {dag.py:4180} INFO - Setting next_dagrun for gsheet_to_s3_to_rds to 2024-11-30 00:00:00+00:00, run_after=2024-12-01 00:00:00+00:00
[2024-12-01T02:33:19.734+0000] {processor.py:208} INFO - Processing /opt/airflow/dags/gsheet_to_s3_to_rds.py took 0.097 seconds
[2024-12-01T02:33:50.469+0000] {processor.py:186} INFO - Started process (PID=53494) to work on /opt/airflow/dags/gsheet_to_s3_to_rds.py
[2024-12-01T02:33:50.470+0000] {processor.py:914} INFO - Processing file /opt/airflow/dags/gsheet_to_s3_to_rds.py for tasks to queue
[2024-12-01T02:33:50.472+0000] {logging_mixin.py:190} INFO - [2024-12-01T02:33:50.472+0000] {dagbag.py:588} INFO - Filling up the DagBag from /opt/airflow/dags/gsheet_to_s3_to_rds.py
[2024-12-01T02:33:50.491+0000] {processor.py:925} INFO - DAG(s) 'gsheet_to_s3_to_rds' retrieved from /opt/airflow/dags/gsheet_to_s3_to_rds.py
[2024-12-01T02:33:50.511+0000] {logging_mixin.py:190} INFO - [2024-12-01T02:33:50.511+0000] {dag.py:3239} INFO - Sync 1 DAGs
[2024-12-01T02:33:50.533+0000] {logging_mixin.py:190} INFO - [2024-12-01T02:33:50.533+0000] {dag.py:4180} INFO - Setting next_dagrun for gsheet_to_s3_to_rds to 2024-11-30 00:00:00+00:00, run_after=2024-12-01 00:00:00+00:00
[2024-12-01T02:33:50.550+0000] {processor.py:208} INFO - Processing /opt/airflow/dags/gsheet_to_s3_to_rds.py took 0.089 seconds
[2024-12-01T02:34:21.245+0000] {processor.py:186} INFO - Started process (PID=53560) to work on /opt/airflow/dags/gsheet_to_s3_to_rds.py
[2024-12-01T02:34:21.246+0000] {processor.py:914} INFO - Processing file /opt/airflow/dags/gsheet_to_s3_to_rds.py for tasks to queue
[2024-12-01T02:34:21.250+0000] {logging_mixin.py:190} INFO - [2024-12-01T02:34:21.249+0000] {dagbag.py:588} INFO - Filling up the DagBag from /opt/airflow/dags/gsheet_to_s3_to_rds.py
[2024-12-01T02:34:21.278+0000] {processor.py:925} INFO - DAG(s) 'gsheet_to_s3_to_rds' retrieved from /opt/airflow/dags/gsheet_to_s3_to_rds.py
[2024-12-01T02:34:21.304+0000] {logging_mixin.py:190} INFO - [2024-12-01T02:34:21.304+0000] {dag.py:3239} INFO - Sync 1 DAGs
[2024-12-01T02:34:21.330+0000] {logging_mixin.py:190} INFO - [2024-12-01T02:34:21.330+0000] {dag.py:4180} INFO - Setting next_dagrun for gsheet_to_s3_to_rds to 2024-11-30 00:00:00+00:00, run_after=2024-12-01 00:00:00+00:00
[2024-12-01T02:34:21.348+0000] {processor.py:208} INFO - Processing /opt/airflow/dags/gsheet_to_s3_to_rds.py took 0.113 seconds
[2024-12-01T02:34:51.962+0000] {processor.py:186} INFO - Started process (PID=53626) to work on /opt/airflow/dags/gsheet_to_s3_to_rds.py
[2024-12-01T02:34:51.963+0000] {processor.py:914} INFO - Processing file /opt/airflow/dags/gsheet_to_s3_to_rds.py for tasks to queue
[2024-12-01T02:34:51.966+0000] {logging_mixin.py:190} INFO - [2024-12-01T02:34:51.965+0000] {dagbag.py:588} INFO - Filling up the DagBag from /opt/airflow/dags/gsheet_to_s3_to_rds.py
[2024-12-01T02:34:51.987+0000] {processor.py:925} INFO - DAG(s) 'gsheet_to_s3_to_rds' retrieved from /opt/airflow/dags/gsheet_to_s3_to_rds.py
[2024-12-01T02:34:52.006+0000] {logging_mixin.py:190} INFO - [2024-12-01T02:34:52.006+0000] {dag.py:3239} INFO - Sync 1 DAGs
[2024-12-01T02:34:52.033+0000] {logging_mixin.py:190} INFO - [2024-12-01T02:34:52.032+0000] {dag.py:4180} INFO - Setting next_dagrun for gsheet_to_s3_to_rds to 2024-11-30 00:00:00+00:00, run_after=2024-12-01 00:00:00+00:00
[2024-12-01T02:34:52.051+0000] {processor.py:208} INFO - Processing /opt/airflow/dags/gsheet_to_s3_to_rds.py took 0.096 seconds
[2024-12-01T02:35:22.857+0000] {processor.py:186} INFO - Started process (PID=53692) to work on /opt/airflow/dags/gsheet_to_s3_to_rds.py
[2024-12-01T02:35:22.858+0000] {processor.py:914} INFO - Processing file /opt/airflow/dags/gsheet_to_s3_to_rds.py for tasks to queue
[2024-12-01T02:35:22.860+0000] {logging_mixin.py:190} INFO - [2024-12-01T02:35:22.860+0000] {dagbag.py:588} INFO - Filling up the DagBag from /opt/airflow/dags/gsheet_to_s3_to_rds.py
[2024-12-01T02:35:22.880+0000] {processor.py:925} INFO - DAG(s) 'gsheet_to_s3_to_rds' retrieved from /opt/airflow/dags/gsheet_to_s3_to_rds.py
[2024-12-01T02:35:22.900+0000] {logging_mixin.py:190} INFO - [2024-12-01T02:35:22.899+0000] {dag.py:3239} INFO - Sync 1 DAGs
[2024-12-01T02:35:22.922+0000] {logging_mixin.py:190} INFO - [2024-12-01T02:35:22.922+0000] {dag.py:4180} INFO - Setting next_dagrun for gsheet_to_s3_to_rds to 2024-11-30 00:00:00+00:00, run_after=2024-12-01 00:00:00+00:00
[2024-12-01T02:35:22.940+0000] {processor.py:208} INFO - Processing /opt/airflow/dags/gsheet_to_s3_to_rds.py took 0.089 seconds
