[2024-12-01T02:10:53.840+0000] {processor.py:186} INFO - Started process (PID=50517) to work on /opt/airflow/dags/s3_upload.py
[2024-12-01T02:10:53.848+0000] {processor.py:914} INFO - Processing file /opt/airflow/dags/s3_upload.py for tasks to queue
[2024-12-01T02:10:53.876+0000] {logging_mixin.py:190} INFO - [2024-12-01T02:10:53.875+0000] {dagbag.py:588} INFO - Filling up the DagBag from /opt/airflow/dags/s3_upload.py
[2024-12-01T02:10:54.192+0000] {processor.py:925} INFO - DAG(s) 's3_dag' retrieved from /opt/airflow/dags/s3_upload.py
[2024-12-01T02:10:54.258+0000] {logging_mixin.py:190} INFO - [2024-12-01T02:10:54.258+0000] {dag.py:3239} INFO - Sync 1 DAGs
[2024-12-01T02:10:54.371+0000] {logging_mixin.py:190} INFO - [2024-12-01T02:10:54.370+0000] {dag.py:4180} INFO - Setting next_dagrun for s3_dag to 2024-12-01 00:00:00+00:00, run_after=2024-12-02 00:00:00+00:00
[2024-12-01T02:10:54.435+0000] {processor.py:208} INFO - Processing /opt/airflow/dags/s3_upload.py took 0.611 seconds
[2024-12-01T02:11:24.552+0000] {processor.py:186} INFO - Started process (PID=50583) to work on /opt/airflow/dags/s3_upload.py
[2024-12-01T02:11:24.553+0000] {processor.py:914} INFO - Processing file /opt/airflow/dags/s3_upload.py for tasks to queue
[2024-12-01T02:11:24.555+0000] {logging_mixin.py:190} INFO - [2024-12-01T02:11:24.555+0000] {dagbag.py:588} INFO - Filling up the DagBag from /opt/airflow/dags/s3_upload.py
[2024-12-01T02:11:24.574+0000] {processor.py:925} INFO - DAG(s) 's3_dag' retrieved from /opt/airflow/dags/s3_upload.py
[2024-12-01T02:11:24.591+0000] {logging_mixin.py:190} INFO - [2024-12-01T02:11:24.591+0000] {dag.py:3239} INFO - Sync 1 DAGs
[2024-12-01T02:11:24.613+0000] {logging_mixin.py:190} INFO - [2024-12-01T02:11:24.613+0000] {dag.py:4180} INFO - Setting next_dagrun for s3_dag to 2024-12-01 00:00:00+00:00, run_after=2024-12-02 00:00:00+00:00
[2024-12-01T02:11:24.633+0000] {processor.py:208} INFO - Processing /opt/airflow/dags/s3_upload.py took 0.087 seconds
[2024-12-01T02:11:55.347+0000] {processor.py:186} INFO - Started process (PID=50650) to work on /opt/airflow/dags/s3_upload.py
[2024-12-01T02:11:55.348+0000] {processor.py:914} INFO - Processing file /opt/airflow/dags/s3_upload.py for tasks to queue
[2024-12-01T02:11:55.350+0000] {logging_mixin.py:190} INFO - [2024-12-01T02:11:55.350+0000] {dagbag.py:588} INFO - Filling up the DagBag from /opt/airflow/dags/s3_upload.py
[2024-12-01T02:11:55.369+0000] {processor.py:925} INFO - DAG(s) 's3_dag' retrieved from /opt/airflow/dags/s3_upload.py
[2024-12-01T02:11:55.388+0000] {logging_mixin.py:190} INFO - [2024-12-01T02:11:55.387+0000] {dag.py:3239} INFO - Sync 1 DAGs
[2024-12-01T02:11:55.410+0000] {logging_mixin.py:190} INFO - [2024-12-01T02:11:55.410+0000] {dag.py:4180} INFO - Setting next_dagrun for s3_dag to 2024-12-01 00:00:00+00:00, run_after=2024-12-02 00:00:00+00:00
[2024-12-01T02:11:55.429+0000] {processor.py:208} INFO - Processing /opt/airflow/dags/s3_upload.py took 0.087 seconds
[2024-12-01T02:12:25.890+0000] {processor.py:186} INFO - Started process (PID=50716) to work on /opt/airflow/dags/s3_upload.py
[2024-12-01T02:12:25.891+0000] {processor.py:914} INFO - Processing file /opt/airflow/dags/s3_upload.py for tasks to queue
[2024-12-01T02:12:25.893+0000] {logging_mixin.py:190} INFO - [2024-12-01T02:12:25.892+0000] {dagbag.py:588} INFO - Filling up the DagBag from /opt/airflow/dags/s3_upload.py
[2024-12-01T02:12:25.909+0000] {processor.py:925} INFO - DAG(s) 's3_dag' retrieved from /opt/airflow/dags/s3_upload.py
[2024-12-01T02:12:25.926+0000] {logging_mixin.py:190} INFO - [2024-12-01T02:12:25.925+0000] {dag.py:3239} INFO - Sync 1 DAGs
[2024-12-01T02:12:25.949+0000] {logging_mixin.py:190} INFO - [2024-12-01T02:12:25.949+0000] {dag.py:4180} INFO - Setting next_dagrun for s3_dag to 2024-12-01 00:00:00+00:00, run_after=2024-12-02 00:00:00+00:00
[2024-12-01T02:12:25.965+0000] {processor.py:208} INFO - Processing /opt/airflow/dags/s3_upload.py took 0.081 seconds
[2024-12-01T02:12:56.535+0000] {processor.py:186} INFO - Started process (PID=50782) to work on /opt/airflow/dags/s3_upload.py
[2024-12-01T02:12:56.537+0000] {processor.py:914} INFO - Processing file /opt/airflow/dags/s3_upload.py for tasks to queue
[2024-12-01T02:12:56.541+0000] {logging_mixin.py:190} INFO - [2024-12-01T02:12:56.540+0000] {dagbag.py:588} INFO - Filling up the DagBag from /opt/airflow/dags/s3_upload.py
[2024-12-01T02:12:56.566+0000] {processor.py:925} INFO - DAG(s) 's3_dag' retrieved from /opt/airflow/dags/s3_upload.py
[2024-12-01T02:12:56.594+0000] {logging_mixin.py:190} INFO - [2024-12-01T02:12:56.594+0000] {dag.py:3239} INFO - Sync 1 DAGs
[2024-12-01T02:12:56.636+0000] {logging_mixin.py:190} INFO - [2024-12-01T02:12:56.635+0000] {dag.py:4180} INFO - Setting next_dagrun for s3_dag to 2024-12-01 00:00:00+00:00, run_after=2024-12-02 00:00:00+00:00
[2024-12-01T02:12:56.673+0000] {processor.py:208} INFO - Processing /opt/airflow/dags/s3_upload.py took 0.147 seconds
[2024-12-01T02:13:27.384+0000] {processor.py:186} INFO - Started process (PID=50848) to work on /opt/airflow/dags/s3_upload.py
[2024-12-01T02:13:27.385+0000] {processor.py:914} INFO - Processing file /opt/airflow/dags/s3_upload.py for tasks to queue
[2024-12-01T02:13:27.387+0000] {logging_mixin.py:190} INFO - [2024-12-01T02:13:27.387+0000] {dagbag.py:588} INFO - Filling up the DagBag from /opt/airflow/dags/s3_upload.py
[2024-12-01T02:13:27.405+0000] {processor.py:925} INFO - DAG(s) 's3_dag' retrieved from /opt/airflow/dags/s3_upload.py
[2024-12-01T02:13:27.423+0000] {logging_mixin.py:190} INFO - [2024-12-01T02:13:27.422+0000] {dag.py:3239} INFO - Sync 1 DAGs
[2024-12-01T02:13:27.444+0000] {logging_mixin.py:190} INFO - [2024-12-01T02:13:27.444+0000] {dag.py:4180} INFO - Setting next_dagrun for s3_dag to 2024-12-01 00:00:00+00:00, run_after=2024-12-02 00:00:00+00:00
[2024-12-01T02:13:27.462+0000] {processor.py:208} INFO - Processing /opt/airflow/dags/s3_upload.py took 0.084 seconds
[2024-12-01T02:13:58.088+0000] {processor.py:186} INFO - Started process (PID=50914) to work on /opt/airflow/dags/s3_upload.py
[2024-12-01T02:13:58.089+0000] {processor.py:914} INFO - Processing file /opt/airflow/dags/s3_upload.py for tasks to queue
[2024-12-01T02:13:58.091+0000] {logging_mixin.py:190} INFO - [2024-12-01T02:13:58.091+0000] {dagbag.py:588} INFO - Filling up the DagBag from /opt/airflow/dags/s3_upload.py
[2024-12-01T02:13:58.112+0000] {processor.py:925} INFO - DAG(s) 's3_dag' retrieved from /opt/airflow/dags/s3_upload.py
[2024-12-01T02:13:58.130+0000] {logging_mixin.py:190} INFO - [2024-12-01T02:13:58.130+0000] {dag.py:3239} INFO - Sync 1 DAGs
[2024-12-01T02:13:58.152+0000] {logging_mixin.py:190} INFO - [2024-12-01T02:13:58.151+0000] {dag.py:4180} INFO - Setting next_dagrun for s3_dag to 2024-12-01 00:00:00+00:00, run_after=2024-12-02 00:00:00+00:00
[2024-12-01T02:13:58.168+0000] {processor.py:208} INFO - Processing /opt/airflow/dags/s3_upload.py took 0.085 seconds
[2024-12-01T02:14:28.392+0000] {processor.py:186} INFO - Started process (PID=50980) to work on /opt/airflow/dags/s3_upload.py
[2024-12-01T02:14:28.393+0000] {processor.py:914} INFO - Processing file /opt/airflow/dags/s3_upload.py for tasks to queue
[2024-12-01T02:14:28.395+0000] {logging_mixin.py:190} INFO - [2024-12-01T02:14:28.395+0000] {dagbag.py:588} INFO - Filling up the DagBag from /opt/airflow/dags/s3_upload.py
[2024-12-01T02:14:28.414+0000] {processor.py:925} INFO - DAG(s) 's3_dag' retrieved from /opt/airflow/dags/s3_upload.py
[2024-12-01T02:14:28.434+0000] {logging_mixin.py:190} INFO - [2024-12-01T02:14:28.434+0000] {dag.py:3239} INFO - Sync 1 DAGs
[2024-12-01T02:14:28.457+0000] {logging_mixin.py:190} INFO - [2024-12-01T02:14:28.457+0000] {dag.py:4180} INFO - Setting next_dagrun for s3_dag to 2024-12-01 00:00:00+00:00, run_after=2024-12-02 00:00:00+00:00
[2024-12-01T02:14:28.475+0000] {processor.py:208} INFO - Processing /opt/airflow/dags/s3_upload.py took 0.089 seconds
[2024-12-01T02:14:59.169+0000] {processor.py:186} INFO - Started process (PID=51052) to work on /opt/airflow/dags/s3_upload.py
[2024-12-01T02:14:59.170+0000] {processor.py:914} INFO - Processing file /opt/airflow/dags/s3_upload.py for tasks to queue
[2024-12-01T02:14:59.173+0000] {logging_mixin.py:190} INFO - [2024-12-01T02:14:59.172+0000] {dagbag.py:588} INFO - Filling up the DagBag from /opt/airflow/dags/s3_upload.py
[2024-12-01T02:14:59.190+0000] {processor.py:925} INFO - DAG(s) 's3_dag' retrieved from /opt/airflow/dags/s3_upload.py
[2024-12-01T02:14:59.210+0000] {logging_mixin.py:190} INFO - [2024-12-01T02:14:59.210+0000] {dag.py:3239} INFO - Sync 1 DAGs
[2024-12-01T02:14:59.233+0000] {logging_mixin.py:190} INFO - [2024-12-01T02:14:59.232+0000] {dag.py:4180} INFO - Setting next_dagrun for s3_dag to 2024-12-01 00:00:00+00:00, run_after=2024-12-02 00:00:00+00:00
[2024-12-01T02:14:59.250+0000] {processor.py:208} INFO - Processing /opt/airflow/dags/s3_upload.py took 0.086 seconds
[2024-12-01T02:15:30.170+0000] {processor.py:186} INFO - Started process (PID=51118) to work on /opt/airflow/dags/s3_upload.py
[2024-12-01T02:15:30.171+0000] {processor.py:914} INFO - Processing file /opt/airflow/dags/s3_upload.py for tasks to queue
[2024-12-01T02:15:30.174+0000] {logging_mixin.py:190} INFO - [2024-12-01T02:15:30.173+0000] {dagbag.py:588} INFO - Filling up the DagBag from /opt/airflow/dags/s3_upload.py
[2024-12-01T02:15:30.197+0000] {processor.py:925} INFO - DAG(s) 's3_dag' retrieved from /opt/airflow/dags/s3_upload.py
[2024-12-01T02:15:30.220+0000] {logging_mixin.py:190} INFO - [2024-12-01T02:15:30.220+0000] {dag.py:3239} INFO - Sync 1 DAGs
[2024-12-01T02:15:30.252+0000] {logging_mixin.py:190} INFO - [2024-12-01T02:15:30.251+0000] {dag.py:4180} INFO - Setting next_dagrun for s3_dag to 2024-12-01 00:00:00+00:00, run_after=2024-12-02 00:00:00+00:00
[2024-12-01T02:15:30.269+0000] {processor.py:208} INFO - Processing /opt/airflow/dags/s3_upload.py took 0.107 seconds
[2024-12-01T02:16:01.152+0000] {processor.py:186} INFO - Started process (PID=51184) to work on /opt/airflow/dags/s3_upload.py
[2024-12-01T02:16:01.153+0000] {processor.py:914} INFO - Processing file /opt/airflow/dags/s3_upload.py for tasks to queue
[2024-12-01T02:16:01.156+0000] {logging_mixin.py:190} INFO - [2024-12-01T02:16:01.155+0000] {dagbag.py:588} INFO - Filling up the DagBag from /opt/airflow/dags/s3_upload.py
[2024-12-01T02:16:01.173+0000] {processor.py:925} INFO - DAG(s) 's3_dag' retrieved from /opt/airflow/dags/s3_upload.py
[2024-12-01T02:16:01.191+0000] {logging_mixin.py:190} INFO - [2024-12-01T02:16:01.191+0000] {dag.py:3239} INFO - Sync 1 DAGs
[2024-12-01T02:16:01.212+0000] {logging_mixin.py:190} INFO - [2024-12-01T02:16:01.212+0000] {dag.py:4180} INFO - Setting next_dagrun for s3_dag to 2024-12-01 00:00:00+00:00, run_after=2024-12-02 00:00:00+00:00
[2024-12-01T02:16:01.229+0000] {processor.py:208} INFO - Processing /opt/airflow/dags/s3_upload.py took 0.082 seconds
[2024-12-01T02:16:31.787+0000] {processor.py:186} INFO - Started process (PID=51250) to work on /opt/airflow/dags/s3_upload.py
[2024-12-01T02:16:31.788+0000] {processor.py:914} INFO - Processing file /opt/airflow/dags/s3_upload.py for tasks to queue
[2024-12-01T02:16:31.790+0000] {logging_mixin.py:190} INFO - [2024-12-01T02:16:31.790+0000] {dagbag.py:588} INFO - Filling up the DagBag from /opt/airflow/dags/s3_upload.py
[2024-12-01T02:16:31.806+0000] {processor.py:925} INFO - DAG(s) 's3_dag' retrieved from /opt/airflow/dags/s3_upload.py
[2024-12-01T02:16:31.824+0000] {logging_mixin.py:190} INFO - [2024-12-01T02:16:31.824+0000] {dag.py:3239} INFO - Sync 1 DAGs
[2024-12-01T02:16:31.845+0000] {logging_mixin.py:190} INFO - [2024-12-01T02:16:31.845+0000] {dag.py:4180} INFO - Setting next_dagrun for s3_dag to 2024-12-01 00:00:00+00:00, run_after=2024-12-02 00:00:00+00:00
[2024-12-01T02:16:31.863+0000] {processor.py:208} INFO - Processing /opt/airflow/dags/s3_upload.py took 0.083 seconds
[2024-12-01T02:17:02.845+0000] {processor.py:186} INFO - Started process (PID=51316) to work on /opt/airflow/dags/s3_upload.py
[2024-12-01T02:17:02.850+0000] {processor.py:914} INFO - Processing file /opt/airflow/dags/s3_upload.py for tasks to queue
[2024-12-01T02:17:02.854+0000] {logging_mixin.py:190} INFO - [2024-12-01T02:17:02.854+0000] {dagbag.py:588} INFO - Filling up the DagBag from /opt/airflow/dags/s3_upload.py
[2024-12-01T02:17:02.873+0000] {processor.py:925} INFO - DAG(s) 's3_dag' retrieved from /opt/airflow/dags/s3_upload.py
[2024-12-01T02:17:02.893+0000] {logging_mixin.py:190} INFO - [2024-12-01T02:17:02.893+0000] {dag.py:3239} INFO - Sync 1 DAGs
[2024-12-01T02:17:02.919+0000] {logging_mixin.py:190} INFO - [2024-12-01T02:17:02.919+0000] {dag.py:4180} INFO - Setting next_dagrun for s3_dag to 2024-12-01 00:00:00+00:00, run_after=2024-12-02 00:00:00+00:00
[2024-12-01T02:17:02.934+0000] {processor.py:208} INFO - Processing /opt/airflow/dags/s3_upload.py took 0.099 seconds
[2024-12-01T02:17:33.817+0000] {processor.py:186} INFO - Started process (PID=51382) to work on /opt/airflow/dags/s3_upload.py
[2024-12-01T02:17:33.818+0000] {processor.py:914} INFO - Processing file /opt/airflow/dags/s3_upload.py for tasks to queue
[2024-12-01T02:17:33.821+0000] {logging_mixin.py:190} INFO - [2024-12-01T02:17:33.820+0000] {dagbag.py:588} INFO - Filling up the DagBag from /opt/airflow/dags/s3_upload.py
[2024-12-01T02:17:33.840+0000] {processor.py:925} INFO - DAG(s) 's3_dag' retrieved from /opt/airflow/dags/s3_upload.py
[2024-12-01T02:17:33.858+0000] {logging_mixin.py:190} INFO - [2024-12-01T02:17:33.857+0000] {dag.py:3239} INFO - Sync 1 DAGs
[2024-12-01T02:17:33.880+0000] {logging_mixin.py:190} INFO - [2024-12-01T02:17:33.880+0000] {dag.py:4180} INFO - Setting next_dagrun for s3_dag to 2024-12-01 00:00:00+00:00, run_after=2024-12-02 00:00:00+00:00
[2024-12-01T02:17:33.897+0000] {processor.py:208} INFO - Processing /opt/airflow/dags/s3_upload.py took 0.085 seconds
[2024-12-01T02:18:03.970+0000] {processor.py:186} INFO - Started process (PID=51448) to work on /opt/airflow/dags/s3_upload.py
[2024-12-01T02:18:03.971+0000] {processor.py:914} INFO - Processing file /opt/airflow/dags/s3_upload.py for tasks to queue
[2024-12-01T02:18:03.974+0000] {logging_mixin.py:190} INFO - [2024-12-01T02:18:03.973+0000] {dagbag.py:588} INFO - Filling up the DagBag from /opt/airflow/dags/s3_upload.py
[2024-12-01T02:18:03.992+0000] {processor.py:925} INFO - DAG(s) 's3_dag' retrieved from /opt/airflow/dags/s3_upload.py
[2024-12-01T02:18:04.015+0000] {logging_mixin.py:190} INFO - [2024-12-01T02:18:04.014+0000] {dag.py:3239} INFO - Sync 1 DAGs
[2024-12-01T02:18:04.061+0000] {logging_mixin.py:190} INFO - [2024-12-01T02:18:04.061+0000] {dag.py:4180} INFO - Setting next_dagrun for s3_dag to 2024-12-01 00:00:00+00:00, run_after=2024-12-02 00:00:00+00:00
[2024-12-01T02:18:04.098+0000] {processor.py:208} INFO - Processing /opt/airflow/dags/s3_upload.py took 0.132 seconds
[2024-12-01T02:18:34.862+0000] {processor.py:186} INFO - Started process (PID=51514) to work on /opt/airflow/dags/s3_upload.py
[2024-12-01T02:18:34.863+0000] {processor.py:914} INFO - Processing file /opt/airflow/dags/s3_upload.py for tasks to queue
[2024-12-01T02:18:34.866+0000] {logging_mixin.py:190} INFO - [2024-12-01T02:18:34.865+0000] {dagbag.py:588} INFO - Filling up the DagBag from /opt/airflow/dags/s3_upload.py
[2024-12-01T02:18:34.884+0000] {processor.py:925} INFO - DAG(s) 's3_dag' retrieved from /opt/airflow/dags/s3_upload.py
[2024-12-01T02:18:34.902+0000] {logging_mixin.py:190} INFO - [2024-12-01T02:18:34.902+0000] {dag.py:3239} INFO - Sync 1 DAGs
[2024-12-01T02:18:34.924+0000] {logging_mixin.py:190} INFO - [2024-12-01T02:18:34.923+0000] {dag.py:4180} INFO - Setting next_dagrun for s3_dag to 2024-12-01 00:00:00+00:00, run_after=2024-12-02 00:00:00+00:00
[2024-12-01T02:18:34.942+0000] {processor.py:208} INFO - Processing /opt/airflow/dags/s3_upload.py took 0.085 seconds
[2024-12-01T02:19:05.667+0000] {processor.py:186} INFO - Started process (PID=51581) to work on /opt/airflow/dags/s3_upload.py
[2024-12-01T02:19:05.668+0000] {processor.py:914} INFO - Processing file /opt/airflow/dags/s3_upload.py for tasks to queue
[2024-12-01T02:19:05.670+0000] {logging_mixin.py:190} INFO - [2024-12-01T02:19:05.670+0000] {dagbag.py:588} INFO - Filling up the DagBag from /opt/airflow/dags/s3_upload.py
[2024-12-01T02:19:05.688+0000] {processor.py:925} INFO - DAG(s) 's3_dag' retrieved from /opt/airflow/dags/s3_upload.py
[2024-12-01T02:19:05.706+0000] {logging_mixin.py:190} INFO - [2024-12-01T02:19:05.706+0000] {dag.py:3239} INFO - Sync 1 DAGs
[2024-12-01T02:19:05.728+0000] {logging_mixin.py:190} INFO - [2024-12-01T02:19:05.728+0000] {dag.py:4180} INFO - Setting next_dagrun for s3_dag to 2024-12-01 00:00:00+00:00, run_after=2024-12-02 00:00:00+00:00
[2024-12-01T02:19:05.745+0000] {processor.py:208} INFO - Processing /opt/airflow/dags/s3_upload.py took 0.084 seconds
[2024-12-01T02:19:35.952+0000] {processor.py:186} INFO - Started process (PID=51647) to work on /opt/airflow/dags/s3_upload.py
[2024-12-01T02:19:35.953+0000] {processor.py:914} INFO - Processing file /opt/airflow/dags/s3_upload.py for tasks to queue
[2024-12-01T02:19:35.955+0000] {logging_mixin.py:190} INFO - [2024-12-01T02:19:35.955+0000] {dagbag.py:588} INFO - Filling up the DagBag from /opt/airflow/dags/s3_upload.py
[2024-12-01T02:19:35.974+0000] {processor.py:925} INFO - DAG(s) 's3_dag' retrieved from /opt/airflow/dags/s3_upload.py
[2024-12-01T02:19:35.991+0000] {logging_mixin.py:190} INFO - [2024-12-01T02:19:35.991+0000] {dag.py:3239} INFO - Sync 1 DAGs
[2024-12-01T02:19:36.014+0000] {logging_mixin.py:190} INFO - [2024-12-01T02:19:36.014+0000] {dag.py:4180} INFO - Setting next_dagrun for s3_dag to 2024-12-01 00:00:00+00:00, run_after=2024-12-02 00:00:00+00:00
[2024-12-01T02:19:36.032+0000] {processor.py:208} INFO - Processing /opt/airflow/dags/s3_upload.py took 0.086 seconds
[2024-12-01T02:20:06.645+0000] {processor.py:186} INFO - Started process (PID=51713) to work on /opt/airflow/dags/s3_upload.py
[2024-12-01T02:20:06.645+0000] {processor.py:914} INFO - Processing file /opt/airflow/dags/s3_upload.py for tasks to queue
[2024-12-01T02:20:06.648+0000] {logging_mixin.py:190} INFO - [2024-12-01T02:20:06.647+0000] {dagbag.py:588} INFO - Filling up the DagBag from /opt/airflow/dags/s3_upload.py
[2024-12-01T02:20:06.663+0000] {processor.py:925} INFO - DAG(s) 's3_dag' retrieved from /opt/airflow/dags/s3_upload.py
[2024-12-01T02:20:06.680+0000] {logging_mixin.py:190} INFO - [2024-12-01T02:20:06.679+0000] {dag.py:3239} INFO - Sync 1 DAGs
[2024-12-01T02:20:06.703+0000] {logging_mixin.py:190} INFO - [2024-12-01T02:20:06.702+0000] {dag.py:4180} INFO - Setting next_dagrun for s3_dag to 2024-12-01 00:00:00+00:00, run_after=2024-12-02 00:00:00+00:00
[2024-12-01T02:20:06.869+0000] {processor.py:208} INFO - Processing /opt/airflow/dags/s3_upload.py took 0.231 seconds
[2024-12-01T02:20:36.928+0000] {processor.py:186} INFO - Started process (PID=51779) to work on /opt/airflow/dags/s3_upload.py
[2024-12-01T02:20:36.929+0000] {processor.py:914} INFO - Processing file /opt/airflow/dags/s3_upload.py for tasks to queue
[2024-12-01T02:20:36.931+0000] {logging_mixin.py:190} INFO - [2024-12-01T02:20:36.931+0000] {dagbag.py:588} INFO - Filling up the DagBag from /opt/airflow/dags/s3_upload.py
[2024-12-01T02:20:36.946+0000] {processor.py:925} INFO - DAG(s) 's3_dag' retrieved from /opt/airflow/dags/s3_upload.py
[2024-12-01T02:20:36.964+0000] {logging_mixin.py:190} INFO - [2024-12-01T02:20:36.964+0000] {dag.py:3239} INFO - Sync 1 DAGs
[2024-12-01T02:20:36.986+0000] {logging_mixin.py:190} INFO - [2024-12-01T02:20:36.986+0000] {dag.py:4180} INFO - Setting next_dagrun for s3_dag to 2024-12-01 00:00:00+00:00, run_after=2024-12-02 00:00:00+00:00
[2024-12-01T02:20:37.004+0000] {processor.py:208} INFO - Processing /opt/airflow/dags/s3_upload.py took 0.081 seconds
[2024-12-01T02:21:07.332+0000] {processor.py:186} INFO - Started process (PID=51845) to work on /opt/airflow/dags/s3_upload.py
[2024-12-01T02:21:07.332+0000] {processor.py:914} INFO - Processing file /opt/airflow/dags/s3_upload.py for tasks to queue
[2024-12-01T02:21:07.335+0000] {logging_mixin.py:190} INFO - [2024-12-01T02:21:07.334+0000] {dagbag.py:588} INFO - Filling up the DagBag from /opt/airflow/dags/s3_upload.py
[2024-12-01T02:21:07.353+0000] {processor.py:925} INFO - DAG(s) 's3_dag' retrieved from /opt/airflow/dags/s3_upload.py
[2024-12-01T02:21:07.371+0000] {logging_mixin.py:190} INFO - [2024-12-01T02:21:07.370+0000] {dag.py:3239} INFO - Sync 1 DAGs
[2024-12-01T02:21:07.393+0000] {logging_mixin.py:190} INFO - [2024-12-01T02:21:07.392+0000] {dag.py:4180} INFO - Setting next_dagrun for s3_dag to 2024-12-01 00:00:00+00:00, run_after=2024-12-02 00:00:00+00:00
[2024-12-01T02:21:07.410+0000] {processor.py:208} INFO - Processing /opt/airflow/dags/s3_upload.py took 0.084 seconds
[2024-12-01T02:21:37.490+0000] {processor.py:186} INFO - Started process (PID=51911) to work on /opt/airflow/dags/s3_upload.py
[2024-12-01T02:21:37.491+0000] {processor.py:914} INFO - Processing file /opt/airflow/dags/s3_upload.py for tasks to queue
[2024-12-01T02:21:37.494+0000] {logging_mixin.py:190} INFO - [2024-12-01T02:21:37.493+0000] {dagbag.py:588} INFO - Filling up the DagBag from /opt/airflow/dags/s3_upload.py
[2024-12-01T02:21:37.513+0000] {processor.py:925} INFO - DAG(s) 's3_dag' retrieved from /opt/airflow/dags/s3_upload.py
[2024-12-01T02:21:37.530+0000] {logging_mixin.py:190} INFO - [2024-12-01T02:21:37.530+0000] {dag.py:3239} INFO - Sync 1 DAGs
[2024-12-01T02:21:37.551+0000] {logging_mixin.py:190} INFO - [2024-12-01T02:21:37.551+0000] {dag.py:4180} INFO - Setting next_dagrun for s3_dag to 2024-12-01 00:00:00+00:00, run_after=2024-12-02 00:00:00+00:00
[2024-12-01T02:21:37.570+0000] {processor.py:208} INFO - Processing /opt/airflow/dags/s3_upload.py took 0.084 seconds
[2024-12-01T02:22:08.563+0000] {processor.py:186} INFO - Started process (PID=51977) to work on /opt/airflow/dags/s3_upload.py
[2024-12-01T02:22:08.564+0000] {processor.py:914} INFO - Processing file /opt/airflow/dags/s3_upload.py for tasks to queue
[2024-12-01T02:22:08.568+0000] {logging_mixin.py:190} INFO - [2024-12-01T02:22:08.568+0000] {dagbag.py:588} INFO - Filling up the DagBag from /opt/airflow/dags/s3_upload.py
[2024-12-01T02:22:08.622+0000] {processor.py:925} INFO - DAG(s) 's3_dag' retrieved from /opt/airflow/dags/s3_upload.py
[2024-12-01T02:22:08.650+0000] {logging_mixin.py:190} INFO - [2024-12-01T02:22:08.650+0000] {dag.py:3239} INFO - Sync 1 DAGs
[2024-12-01T02:22:08.710+0000] {logging_mixin.py:190} INFO - [2024-12-01T02:22:08.710+0000] {dag.py:4180} INFO - Setting next_dagrun for s3_dag to 2024-12-01 00:00:00+00:00, run_after=2024-12-02 00:00:00+00:00
[2024-12-01T02:22:08.729+0000] {processor.py:208} INFO - Processing /opt/airflow/dags/s3_upload.py took 0.173 seconds
[2024-12-01T02:22:38.989+0000] {processor.py:186} INFO - Started process (PID=52043) to work on /opt/airflow/dags/s3_upload.py
[2024-12-01T02:22:38.990+0000] {processor.py:914} INFO - Processing file /opt/airflow/dags/s3_upload.py for tasks to queue
[2024-12-01T02:22:38.992+0000] {logging_mixin.py:190} INFO - [2024-12-01T02:22:38.991+0000] {dagbag.py:588} INFO - Filling up the DagBag from /opt/airflow/dags/s3_upload.py
[2024-12-01T02:22:39.008+0000] {processor.py:925} INFO - DAG(s) 's3_dag' retrieved from /opt/airflow/dags/s3_upload.py
[2024-12-01T02:22:39.025+0000] {logging_mixin.py:190} INFO - [2024-12-01T02:22:39.025+0000] {dag.py:3239} INFO - Sync 1 DAGs
[2024-12-01T02:22:39.200+0000] {logging_mixin.py:190} INFO - [2024-12-01T02:22:39.200+0000] {dag.py:4180} INFO - Setting next_dagrun for s3_dag to 2024-12-01 00:00:00+00:00, run_after=2024-12-02 00:00:00+00:00
[2024-12-01T02:22:39.216+0000] {processor.py:208} INFO - Processing /opt/airflow/dags/s3_upload.py took 0.233 seconds
[2024-12-01T02:23:09.580+0000] {processor.py:186} INFO - Started process (PID=52109) to work on /opt/airflow/dags/s3_upload.py
[2024-12-01T02:23:09.580+0000] {processor.py:914} INFO - Processing file /opt/airflow/dags/s3_upload.py for tasks to queue
[2024-12-01T02:23:09.583+0000] {logging_mixin.py:190} INFO - [2024-12-01T02:23:09.582+0000] {dagbag.py:588} INFO - Filling up the DagBag from /opt/airflow/dags/s3_upload.py
[2024-12-01T02:23:09.599+0000] {processor.py:925} INFO - DAG(s) 's3_dag' retrieved from /opt/airflow/dags/s3_upload.py
[2024-12-01T02:23:09.616+0000] {logging_mixin.py:190} INFO - [2024-12-01T02:23:09.616+0000] {dag.py:3239} INFO - Sync 1 DAGs
[2024-12-01T02:23:09.778+0000] {logging_mixin.py:190} INFO - [2024-12-01T02:23:09.777+0000] {dag.py:4180} INFO - Setting next_dagrun for s3_dag to 2024-12-01 00:00:00+00:00, run_after=2024-12-02 00:00:00+00:00
[2024-12-01T02:23:09.794+0000] {processor.py:208} INFO - Processing /opt/airflow/dags/s3_upload.py took 0.220 seconds
[2024-12-01T02:23:39.844+0000] {processor.py:186} INFO - Started process (PID=52175) to work on /opt/airflow/dags/s3_upload.py
[2024-12-01T02:23:39.844+0000] {processor.py:914} INFO - Processing file /opt/airflow/dags/s3_upload.py for tasks to queue
[2024-12-01T02:23:39.847+0000] {logging_mixin.py:190} INFO - [2024-12-01T02:23:39.847+0000] {dagbag.py:588} INFO - Filling up the DagBag from /opt/airflow/dags/s3_upload.py
[2024-12-01T02:23:39.865+0000] {processor.py:925} INFO - DAG(s) 's3_dag' retrieved from /opt/airflow/dags/s3_upload.py
[2024-12-01T02:23:39.883+0000] {logging_mixin.py:190} INFO - [2024-12-01T02:23:39.883+0000] {dag.py:3239} INFO - Sync 1 DAGs
[2024-12-01T02:23:39.909+0000] {logging_mixin.py:190} INFO - [2024-12-01T02:23:39.909+0000] {dag.py:4180} INFO - Setting next_dagrun for s3_dag to 2024-12-01 00:00:00+00:00, run_after=2024-12-02 00:00:00+00:00
[2024-12-01T02:23:39.925+0000] {processor.py:208} INFO - Processing /opt/airflow/dags/s3_upload.py took 0.087 seconds
[2024-12-01T02:24:10.102+0000] {processor.py:186} INFO - Started process (PID=52241) to work on /opt/airflow/dags/s3_upload.py
[2024-12-01T02:24:10.103+0000] {processor.py:914} INFO - Processing file /opt/airflow/dags/s3_upload.py for tasks to queue
[2024-12-01T02:24:10.106+0000] {logging_mixin.py:190} INFO - [2024-12-01T02:24:10.105+0000] {dagbag.py:588} INFO - Filling up the DagBag from /opt/airflow/dags/s3_upload.py
[2024-12-01T02:24:10.123+0000] {processor.py:925} INFO - DAG(s) 's3_dag' retrieved from /opt/airflow/dags/s3_upload.py
[2024-12-01T02:24:10.140+0000] {logging_mixin.py:190} INFO - [2024-12-01T02:24:10.140+0000] {dag.py:3239} INFO - Sync 1 DAGs
[2024-12-01T02:24:10.161+0000] {logging_mixin.py:190} INFO - [2024-12-01T02:24:10.161+0000] {dag.py:4180} INFO - Setting next_dagrun for s3_dag to 2024-12-01 00:00:00+00:00, run_after=2024-12-02 00:00:00+00:00
[2024-12-01T02:24:10.181+0000] {processor.py:208} INFO - Processing /opt/airflow/dags/s3_upload.py took 0.084 seconds
[2024-12-01T02:24:40.658+0000] {processor.py:186} INFO - Started process (PID=52307) to work on /opt/airflow/dags/s3_upload.py
[2024-12-01T02:24:40.660+0000] {processor.py:914} INFO - Processing file /opt/airflow/dags/s3_upload.py for tasks to queue
[2024-12-01T02:24:40.662+0000] {logging_mixin.py:190} INFO - [2024-12-01T02:24:40.662+0000] {dagbag.py:588} INFO - Filling up the DagBag from /opt/airflow/dags/s3_upload.py
[2024-12-01T02:24:40.684+0000] {processor.py:925} INFO - DAG(s) 's3_dag' retrieved from /opt/airflow/dags/s3_upload.py
[2024-12-01T02:24:40.705+0000] {logging_mixin.py:190} INFO - [2024-12-01T02:24:40.705+0000] {dag.py:3239} INFO - Sync 1 DAGs
[2024-12-01T02:24:40.736+0000] {logging_mixin.py:190} INFO - [2024-12-01T02:24:40.736+0000] {dag.py:4180} INFO - Setting next_dagrun for s3_dag to 2024-12-01 00:00:00+00:00, run_after=2024-12-02 00:00:00+00:00
[2024-12-01T02:24:40.750+0000] {processor.py:208} INFO - Processing /opt/airflow/dags/s3_upload.py took 0.099 seconds
[2024-12-01T02:25:11.084+0000] {processor.py:186} INFO - Started process (PID=52373) to work on /opt/airflow/dags/s3_upload.py
[2024-12-01T02:25:11.085+0000] {processor.py:914} INFO - Processing file /opt/airflow/dags/s3_upload.py for tasks to queue
[2024-12-01T02:25:11.088+0000] {logging_mixin.py:190} INFO - [2024-12-01T02:25:11.087+0000] {dagbag.py:588} INFO - Filling up the DagBag from /opt/airflow/dags/s3_upload.py
[2024-12-01T02:25:11.116+0000] {processor.py:925} INFO - DAG(s) 's3_dag' retrieved from /opt/airflow/dags/s3_upload.py
[2024-12-01T02:25:11.150+0000] {logging_mixin.py:190} INFO - [2024-12-01T02:25:11.150+0000] {dag.py:3239} INFO - Sync 1 DAGs
[2024-12-01T02:25:11.203+0000] {logging_mixin.py:190} INFO - [2024-12-01T02:25:11.203+0000] {dag.py:4180} INFO - Setting next_dagrun for s3_dag to 2024-12-01 00:00:00+00:00, run_after=2024-12-02 00:00:00+00:00
[2024-12-01T02:25:11.234+0000] {processor.py:208} INFO - Processing /opt/airflow/dags/s3_upload.py took 0.155 seconds
[2024-12-01T02:25:41.621+0000] {processor.py:186} INFO - Started process (PID=52439) to work on /opt/airflow/dags/s3_upload.py
[2024-12-01T02:25:41.622+0000] {processor.py:914} INFO - Processing file /opt/airflow/dags/s3_upload.py for tasks to queue
[2024-12-01T02:25:41.624+0000] {logging_mixin.py:190} INFO - [2024-12-01T02:25:41.623+0000] {dagbag.py:588} INFO - Filling up the DagBag from /opt/airflow/dags/s3_upload.py
[2024-12-01T02:25:41.649+0000] {processor.py:925} INFO - DAG(s) 's3_dag' retrieved from /opt/airflow/dags/s3_upload.py
[2024-12-01T02:25:41.667+0000] {logging_mixin.py:190} INFO - [2024-12-01T02:25:41.667+0000] {dag.py:3239} INFO - Sync 1 DAGs
[2024-12-01T02:25:41.689+0000] {logging_mixin.py:190} INFO - [2024-12-01T02:25:41.688+0000] {dag.py:4180} INFO - Setting next_dagrun for s3_dag to 2024-12-01 00:00:00+00:00, run_after=2024-12-02 00:00:00+00:00
[2024-12-01T02:25:41.707+0000] {processor.py:208} INFO - Processing /opt/airflow/dags/s3_upload.py took 0.092 seconds
[2024-12-01T02:26:12.315+0000] {processor.py:186} INFO - Started process (PID=52505) to work on /opt/airflow/dags/s3_upload.py
[2024-12-01T02:26:12.316+0000] {processor.py:914} INFO - Processing file /opt/airflow/dags/s3_upload.py for tasks to queue
[2024-12-01T02:26:12.318+0000] {logging_mixin.py:190} INFO - [2024-12-01T02:26:12.318+0000] {dagbag.py:588} INFO - Filling up the DagBag from /opt/airflow/dags/s3_upload.py
[2024-12-01T02:26:12.336+0000] {processor.py:925} INFO - DAG(s) 's3_dag' retrieved from /opt/airflow/dags/s3_upload.py
[2024-12-01T02:26:12.355+0000] {logging_mixin.py:190} INFO - [2024-12-01T02:26:12.355+0000] {dag.py:3239} INFO - Sync 1 DAGs
[2024-12-01T02:26:12.379+0000] {logging_mixin.py:190} INFO - [2024-12-01T02:26:12.379+0000] {dag.py:4180} INFO - Setting next_dagrun for s3_dag to 2024-12-01 00:00:00+00:00, run_after=2024-12-02 00:00:00+00:00
[2024-12-01T02:26:12.396+0000] {processor.py:208} INFO - Processing /opt/airflow/dags/s3_upload.py took 0.088 seconds
[2024-12-01T02:26:42.927+0000] {processor.py:186} INFO - Started process (PID=52571) to work on /opt/airflow/dags/s3_upload.py
[2024-12-01T02:26:42.928+0000] {processor.py:914} INFO - Processing file /opt/airflow/dags/s3_upload.py for tasks to queue
[2024-12-01T02:26:42.930+0000] {logging_mixin.py:190} INFO - [2024-12-01T02:26:42.929+0000] {dagbag.py:588} INFO - Filling up the DagBag from /opt/airflow/dags/s3_upload.py
[2024-12-01T02:26:42.948+0000] {processor.py:925} INFO - DAG(s) 's3_dag' retrieved from /opt/airflow/dags/s3_upload.py
[2024-12-01T02:26:42.967+0000] {logging_mixin.py:190} INFO - [2024-12-01T02:26:42.967+0000] {dag.py:3239} INFO - Sync 1 DAGs
[2024-12-01T02:26:42.988+0000] {logging_mixin.py:190} INFO - [2024-12-01T02:26:42.988+0000] {dag.py:4180} INFO - Setting next_dagrun for s3_dag to 2024-12-01 00:00:00+00:00, run_after=2024-12-02 00:00:00+00:00
[2024-12-01T02:26:43.004+0000] {processor.py:208} INFO - Processing /opt/airflow/dags/s3_upload.py took 0.083 seconds
[2024-12-01T02:27:13.452+0000] {processor.py:186} INFO - Started process (PID=52637) to work on /opt/airflow/dags/s3_upload.py
[2024-12-01T02:27:13.453+0000] {processor.py:914} INFO - Processing file /opt/airflow/dags/s3_upload.py for tasks to queue
[2024-12-01T02:27:13.455+0000] {logging_mixin.py:190} INFO - [2024-12-01T02:27:13.455+0000] {dagbag.py:588} INFO - Filling up the DagBag from /opt/airflow/dags/s3_upload.py
[2024-12-01T02:27:13.471+0000] {processor.py:925} INFO - DAG(s) 's3_dag' retrieved from /opt/airflow/dags/s3_upload.py
[2024-12-01T02:27:13.488+0000] {logging_mixin.py:190} INFO - [2024-12-01T02:27:13.488+0000] {dag.py:3239} INFO - Sync 1 DAGs
[2024-12-01T02:27:13.509+0000] {logging_mixin.py:190} INFO - [2024-12-01T02:27:13.508+0000] {dag.py:4180} INFO - Setting next_dagrun for s3_dag to 2024-12-01 00:00:00+00:00, run_after=2024-12-02 00:00:00+00:00
[2024-12-01T02:27:13.525+0000] {processor.py:208} INFO - Processing /opt/airflow/dags/s3_upload.py took 0.078 seconds
[2024-12-01T02:27:43.912+0000] {processor.py:186} INFO - Started process (PID=52703) to work on /opt/airflow/dags/s3_upload.py
[2024-12-01T02:27:43.913+0000] {processor.py:914} INFO - Processing file /opt/airflow/dags/s3_upload.py for tasks to queue
[2024-12-01T02:27:43.916+0000] {logging_mixin.py:190} INFO - [2024-12-01T02:27:43.915+0000] {dagbag.py:588} INFO - Filling up the DagBag from /opt/airflow/dags/s3_upload.py
[2024-12-01T02:27:43.936+0000] {processor.py:925} INFO - DAG(s) 's3_dag' retrieved from /opt/airflow/dags/s3_upload.py
[2024-12-01T02:27:43.955+0000] {logging_mixin.py:190} INFO - [2024-12-01T02:27:43.955+0000] {dag.py:3239} INFO - Sync 1 DAGs
[2024-12-01T02:27:43.977+0000] {logging_mixin.py:190} INFO - [2024-12-01T02:27:43.977+0000] {dag.py:4180} INFO - Setting next_dagrun for s3_dag to 2024-12-01 00:00:00+00:00, run_after=2024-12-02 00:00:00+00:00
[2024-12-01T02:27:43.995+0000] {processor.py:208} INFO - Processing /opt/airflow/dags/s3_upload.py took 0.088 seconds
[2024-12-01T02:28:14.319+0000] {processor.py:186} INFO - Started process (PID=52769) to work on /opt/airflow/dags/s3_upload.py
[2024-12-01T02:28:14.320+0000] {processor.py:914} INFO - Processing file /opt/airflow/dags/s3_upload.py for tasks to queue
[2024-12-01T02:28:14.322+0000] {logging_mixin.py:190} INFO - [2024-12-01T02:28:14.322+0000] {dagbag.py:588} INFO - Filling up the DagBag from /opt/airflow/dags/s3_upload.py
[2024-12-01T02:28:14.338+0000] {processor.py:925} INFO - DAG(s) 's3_dag' retrieved from /opt/airflow/dags/s3_upload.py
[2024-12-01T02:28:14.357+0000] {logging_mixin.py:190} INFO - [2024-12-01T02:28:14.357+0000] {dag.py:3239} INFO - Sync 1 DAGs
[2024-12-01T02:28:14.379+0000] {logging_mixin.py:190} INFO - [2024-12-01T02:28:14.379+0000] {dag.py:4180} INFO - Setting next_dagrun for s3_dag to 2024-12-01 00:00:00+00:00, run_after=2024-12-02 00:00:00+00:00
[2024-12-01T02:28:14.397+0000] {processor.py:208} INFO - Processing /opt/airflow/dags/s3_upload.py took 0.084 seconds
[2024-12-01T02:28:44.891+0000] {processor.py:186} INFO - Started process (PID=52835) to work on /opt/airflow/dags/s3_upload.py
[2024-12-01T02:28:44.892+0000] {processor.py:914} INFO - Processing file /opt/airflow/dags/s3_upload.py for tasks to queue
[2024-12-01T02:28:44.894+0000] {logging_mixin.py:190} INFO - [2024-12-01T02:28:44.894+0000] {dagbag.py:588} INFO - Filling up the DagBag from /opt/airflow/dags/s3_upload.py
[2024-12-01T02:28:44.914+0000] {processor.py:925} INFO - DAG(s) 's3_dag' retrieved from /opt/airflow/dags/s3_upload.py
[2024-12-01T02:28:44.931+0000] {logging_mixin.py:190} INFO - [2024-12-01T02:28:44.931+0000] {dag.py:3239} INFO - Sync 1 DAGs
[2024-12-01T02:28:44.953+0000] {logging_mixin.py:190} INFO - [2024-12-01T02:28:44.953+0000] {dag.py:4180} INFO - Setting next_dagrun for s3_dag to 2024-12-01 00:00:00+00:00, run_after=2024-12-02 00:00:00+00:00
[2024-12-01T02:28:44.972+0000] {processor.py:208} INFO - Processing /opt/airflow/dags/s3_upload.py took 0.087 seconds
[2024-12-01T02:29:15.448+0000] {processor.py:186} INFO - Started process (PID=52901) to work on /opt/airflow/dags/s3_upload.py
[2024-12-01T02:29:15.449+0000] {processor.py:914} INFO - Processing file /opt/airflow/dags/s3_upload.py for tasks to queue
[2024-12-01T02:29:15.453+0000] {logging_mixin.py:190} INFO - [2024-12-01T02:29:15.452+0000] {dagbag.py:588} INFO - Filling up the DagBag from /opt/airflow/dags/s3_upload.py
[2024-12-01T02:29:15.469+0000] {processor.py:925} INFO - DAG(s) 's3_dag' retrieved from /opt/airflow/dags/s3_upload.py
[2024-12-01T02:29:15.487+0000] {logging_mixin.py:190} INFO - [2024-12-01T02:29:15.487+0000] {dag.py:3239} INFO - Sync 1 DAGs
[2024-12-01T02:29:15.510+0000] {logging_mixin.py:190} INFO - [2024-12-01T02:29:15.510+0000] {dag.py:4180} INFO - Setting next_dagrun for s3_dag to 2024-12-01 00:00:00+00:00, run_after=2024-12-02 00:00:00+00:00
[2024-12-01T02:29:15.525+0000] {processor.py:208} INFO - Processing /opt/airflow/dags/s3_upload.py took 0.086 seconds
[2024-12-01T02:29:45.976+0000] {processor.py:186} INFO - Started process (PID=52967) to work on /opt/airflow/dags/s3_upload.py
[2024-12-01T02:29:45.977+0000] {processor.py:914} INFO - Processing file /opt/airflow/dags/s3_upload.py for tasks to queue
[2024-12-01T02:29:45.980+0000] {logging_mixin.py:190} INFO - [2024-12-01T02:29:45.979+0000] {dagbag.py:588} INFO - Filling up the DagBag from /opt/airflow/dags/s3_upload.py
[2024-12-01T02:29:45.998+0000] {processor.py:925} INFO - DAG(s) 's3_dag' retrieved from /opt/airflow/dags/s3_upload.py
[2024-12-01T02:29:46.015+0000] {logging_mixin.py:190} INFO - [2024-12-01T02:29:46.015+0000] {dag.py:3239} INFO - Sync 1 DAGs
[2024-12-01T02:29:46.038+0000] {logging_mixin.py:190} INFO - [2024-12-01T02:29:46.038+0000] {dag.py:4180} INFO - Setting next_dagrun for s3_dag to 2024-12-01 00:00:00+00:00, run_after=2024-12-02 00:00:00+00:00
[2024-12-01T02:29:46.057+0000] {processor.py:208} INFO - Processing /opt/airflow/dags/s3_upload.py took 0.086 seconds
[2024-12-01T02:30:16.347+0000] {processor.py:186} INFO - Started process (PID=53033) to work on /opt/airflow/dags/s3_upload.py
[2024-12-01T02:30:16.348+0000] {processor.py:914} INFO - Processing file /opt/airflow/dags/s3_upload.py for tasks to queue
[2024-12-01T02:30:16.350+0000] {logging_mixin.py:190} INFO - [2024-12-01T02:30:16.350+0000] {dagbag.py:588} INFO - Filling up the DagBag from /opt/airflow/dags/s3_upload.py
[2024-12-01T02:30:16.368+0000] {processor.py:925} INFO - DAG(s) 's3_dag' retrieved from /opt/airflow/dags/s3_upload.py
[2024-12-01T02:30:16.386+0000] {logging_mixin.py:190} INFO - [2024-12-01T02:30:16.385+0000] {dag.py:3239} INFO - Sync 1 DAGs
[2024-12-01T02:30:16.407+0000] {logging_mixin.py:190} INFO - [2024-12-01T02:30:16.407+0000] {dag.py:4180} INFO - Setting next_dagrun for s3_dag to 2024-12-01 00:00:00+00:00, run_after=2024-12-02 00:00:00+00:00
[2024-12-01T02:30:16.425+0000] {processor.py:208} INFO - Processing /opt/airflow/dags/s3_upload.py took 0.083 seconds
[2024-12-01T02:30:47.149+0000] {processor.py:186} INFO - Started process (PID=53099) to work on /opt/airflow/dags/s3_upload.py
[2024-12-01T02:30:47.150+0000] {processor.py:914} INFO - Processing file /opt/airflow/dags/s3_upload.py for tasks to queue
[2024-12-01T02:30:47.152+0000] {logging_mixin.py:190} INFO - [2024-12-01T02:30:47.152+0000] {dagbag.py:588} INFO - Filling up the DagBag from /opt/airflow/dags/s3_upload.py
[2024-12-01T02:30:47.172+0000] {processor.py:925} INFO - DAG(s) 's3_dag' retrieved from /opt/airflow/dags/s3_upload.py
[2024-12-01T02:30:47.188+0000] {logging_mixin.py:190} INFO - [2024-12-01T02:30:47.188+0000] {dag.py:3239} INFO - Sync 1 DAGs
[2024-12-01T02:30:47.209+0000] {logging_mixin.py:190} INFO - [2024-12-01T02:30:47.209+0000] {dag.py:4180} INFO - Setting next_dagrun for s3_dag to 2024-12-01 00:00:00+00:00, run_after=2024-12-02 00:00:00+00:00
[2024-12-01T02:30:47.228+0000] {processor.py:208} INFO - Processing /opt/airflow/dags/s3_upload.py took 0.085 seconds
[2024-12-01T02:31:17.468+0000] {processor.py:186} INFO - Started process (PID=53165) to work on /opt/airflow/dags/s3_upload.py
[2024-12-01T02:31:17.469+0000] {processor.py:914} INFO - Processing file /opt/airflow/dags/s3_upload.py for tasks to queue
[2024-12-01T02:31:17.472+0000] {logging_mixin.py:190} INFO - [2024-12-01T02:31:17.472+0000] {dagbag.py:588} INFO - Filling up the DagBag from /opt/airflow/dags/s3_upload.py
[2024-12-01T02:31:17.490+0000] {processor.py:925} INFO - DAG(s) 's3_dag' retrieved from /opt/airflow/dags/s3_upload.py
[2024-12-01T02:31:17.509+0000] {logging_mixin.py:190} INFO - [2024-12-01T02:31:17.509+0000] {dag.py:3239} INFO - Sync 1 DAGs
[2024-12-01T02:31:17.535+0000] {logging_mixin.py:190} INFO - [2024-12-01T02:31:17.534+0000] {dag.py:4180} INFO - Setting next_dagrun for s3_dag to 2024-12-01 00:00:00+00:00, run_after=2024-12-02 00:00:00+00:00
[2024-12-01T02:31:17.552+0000] {processor.py:208} INFO - Processing /opt/airflow/dags/s3_upload.py took 0.089 seconds
[2024-12-01T02:31:47.876+0000] {processor.py:186} INFO - Started process (PID=53231) to work on /opt/airflow/dags/s3_upload.py
[2024-12-01T02:31:47.877+0000] {processor.py:914} INFO - Processing file /opt/airflow/dags/s3_upload.py for tasks to queue
[2024-12-01T02:31:47.879+0000] {logging_mixin.py:190} INFO - [2024-12-01T02:31:47.879+0000] {dagbag.py:588} INFO - Filling up the DagBag from /opt/airflow/dags/s3_upload.py
[2024-12-01T02:31:47.896+0000] {processor.py:925} INFO - DAG(s) 's3_dag' retrieved from /opt/airflow/dags/s3_upload.py
[2024-12-01T02:31:47.913+0000] {logging_mixin.py:190} INFO - [2024-12-01T02:31:47.913+0000] {dag.py:3239} INFO - Sync 1 DAGs
[2024-12-01T02:31:47.933+0000] {logging_mixin.py:190} INFO - [2024-12-01T02:31:47.933+0000] {dag.py:4180} INFO - Setting next_dagrun for s3_dag to 2024-12-01 00:00:00+00:00, run_after=2024-12-02 00:00:00+00:00
[2024-12-01T02:31:47.947+0000] {processor.py:208} INFO - Processing /opt/airflow/dags/s3_upload.py took 0.076 seconds
[2024-12-01T02:32:18.339+0000] {processor.py:186} INFO - Started process (PID=53297) to work on /opt/airflow/dags/s3_upload.py
[2024-12-01T02:32:18.340+0000] {processor.py:914} INFO - Processing file /opt/airflow/dags/s3_upload.py for tasks to queue
[2024-12-01T02:32:18.343+0000] {logging_mixin.py:190} INFO - [2024-12-01T02:32:18.343+0000] {dagbag.py:588} INFO - Filling up the DagBag from /opt/airflow/dags/s3_upload.py
[2024-12-01T02:32:18.361+0000] {processor.py:925} INFO - DAG(s) 's3_dag' retrieved from /opt/airflow/dags/s3_upload.py
[2024-12-01T02:32:18.381+0000] {logging_mixin.py:190} INFO - [2024-12-01T02:32:18.381+0000] {dag.py:3239} INFO - Sync 1 DAGs
[2024-12-01T02:32:18.409+0000] {logging_mixin.py:190} INFO - [2024-12-01T02:32:18.409+0000] {dag.py:4180} INFO - Setting next_dagrun for s3_dag to 2024-12-01 00:00:00+00:00, run_after=2024-12-02 00:00:00+00:00
[2024-12-01T02:32:18.436+0000] {processor.py:208} INFO - Processing /opt/airflow/dags/s3_upload.py took 0.104 seconds
[2024-12-01T02:32:48.506+0000] {processor.py:186} INFO - Started process (PID=53363) to work on /opt/airflow/dags/s3_upload.py
[2024-12-01T02:32:48.507+0000] {processor.py:914} INFO - Processing file /opt/airflow/dags/s3_upload.py for tasks to queue
[2024-12-01T02:32:48.510+0000] {logging_mixin.py:190} INFO - [2024-12-01T02:32:48.510+0000] {dagbag.py:588} INFO - Filling up the DagBag from /opt/airflow/dags/s3_upload.py
[2024-12-01T02:32:48.565+0000] {processor.py:925} INFO - DAG(s) 's3_dag' retrieved from /opt/airflow/dags/s3_upload.py
[2024-12-01T02:32:48.599+0000] {logging_mixin.py:190} INFO - [2024-12-01T02:32:48.599+0000] {dag.py:3239} INFO - Sync 1 DAGs
[2024-12-01T02:32:48.647+0000] {logging_mixin.py:190} INFO - [2024-12-01T02:32:48.647+0000] {dag.py:4180} INFO - Setting next_dagrun for s3_dag to 2024-12-01 00:00:00+00:00, run_after=2024-12-02 00:00:00+00:00
[2024-12-01T02:32:48.715+0000] {processor.py:208} INFO - Processing /opt/airflow/dags/s3_upload.py took 0.226 seconds
[2024-12-01T02:33:19.653+0000] {processor.py:186} INFO - Started process (PID=53429) to work on /opt/airflow/dags/s3_upload.py
[2024-12-01T02:33:19.655+0000] {processor.py:914} INFO - Processing file /opt/airflow/dags/s3_upload.py for tasks to queue
[2024-12-01T02:33:19.658+0000] {logging_mixin.py:190} INFO - [2024-12-01T02:33:19.657+0000] {dagbag.py:588} INFO - Filling up the DagBag from /opt/airflow/dags/s3_upload.py
[2024-12-01T02:33:19.675+0000] {processor.py:925} INFO - DAG(s) 's3_dag' retrieved from /opt/airflow/dags/s3_upload.py
[2024-12-01T02:33:19.693+0000] {logging_mixin.py:190} INFO - [2024-12-01T02:33:19.693+0000] {dag.py:3239} INFO - Sync 1 DAGs
[2024-12-01T02:33:19.715+0000] {logging_mixin.py:190} INFO - [2024-12-01T02:33:19.715+0000] {dag.py:4180} INFO - Setting next_dagrun for s3_dag to 2024-12-01 00:00:00+00:00, run_after=2024-12-02 00:00:00+00:00
[2024-12-01T02:33:19.733+0000] {processor.py:208} INFO - Processing /opt/airflow/dags/s3_upload.py took 0.087 seconds
[2024-12-01T02:33:50.478+0000] {processor.py:186} INFO - Started process (PID=53495) to work on /opt/airflow/dags/s3_upload.py
[2024-12-01T02:33:50.479+0000] {processor.py:914} INFO - Processing file /opt/airflow/dags/s3_upload.py for tasks to queue
[2024-12-01T02:33:50.481+0000] {logging_mixin.py:190} INFO - [2024-12-01T02:33:50.481+0000] {dagbag.py:588} INFO - Filling up the DagBag from /opt/airflow/dags/s3_upload.py
[2024-12-01T02:33:50.499+0000] {processor.py:925} INFO - DAG(s) 's3_dag' retrieved from /opt/airflow/dags/s3_upload.py
[2024-12-01T02:33:50.516+0000] {logging_mixin.py:190} INFO - [2024-12-01T02:33:50.515+0000] {dag.py:3239} INFO - Sync 1 DAGs
[2024-12-01T02:33:50.538+0000] {logging_mixin.py:190} INFO - [2024-12-01T02:33:50.537+0000] {dag.py:4180} INFO - Setting next_dagrun for s3_dag to 2024-12-01 00:00:00+00:00, run_after=2024-12-02 00:00:00+00:00
[2024-12-01T02:33:50.556+0000] {processor.py:208} INFO - Processing /opt/airflow/dags/s3_upload.py took 0.084 seconds
[2024-12-01T02:34:21.250+0000] {processor.py:186} INFO - Started process (PID=53561) to work on /opt/airflow/dags/s3_upload.py
[2024-12-01T02:34:21.251+0000] {processor.py:914} INFO - Processing file /opt/airflow/dags/s3_upload.py for tasks to queue
[2024-12-01T02:34:21.254+0000] {logging_mixin.py:190} INFO - [2024-12-01T02:34:21.254+0000] {dagbag.py:588} INFO - Filling up the DagBag from /opt/airflow/dags/s3_upload.py
[2024-12-01T02:34:21.280+0000] {processor.py:925} INFO - DAG(s) 's3_dag' retrieved from /opt/airflow/dags/s3_upload.py
[2024-12-01T02:34:21.302+0000] {logging_mixin.py:190} INFO - [2024-12-01T02:34:21.302+0000] {dag.py:3239} INFO - Sync 1 DAGs
[2024-12-01T02:34:21.328+0000] {logging_mixin.py:190} INFO - [2024-12-01T02:34:21.328+0000] {dag.py:4180} INFO - Setting next_dagrun for s3_dag to 2024-12-01 00:00:00+00:00, run_after=2024-12-02 00:00:00+00:00
[2024-12-01T02:34:21.347+0000] {processor.py:208} INFO - Processing /opt/airflow/dags/s3_upload.py took 0.105 seconds
