[2024-12-06T01:10:10.997+0000] {local_task_job_runner.py:123} INFO - ::group::Pre task execution logs
[2024-12-06T01:10:11.014+0000] {taskinstance.py:2613} INFO - Dependencies all met for dep_context=non-requeueable deps ti=<TaskInstance: firestore_to_s3.upload_to_s3 scheduled__2024-12-05T00:00:00+00:00 [queued]>
[2024-12-06T01:10:11.023+0000] {taskinstance.py:2613} INFO - Dependencies all met for dep_context=requeueable deps ti=<TaskInstance: firestore_to_s3.upload_to_s3 scheduled__2024-12-05T00:00:00+00:00 [queued]>
[2024-12-06T01:10:11.023+0000] {taskinstance.py:2866} INFO - Starting attempt 1 of 1
[2024-12-06T01:10:11.036+0000] {taskinstance.py:2889} INFO - Executing <Task(S3CreateObjectOperator): upload_to_s3> on 2024-12-05 00:00:00+00:00
[2024-12-06T01:10:11.043+0000] {warnings.py:112} WARNING - /home/***/.local/lib/python3.12/site-packages/***/task/task_runner/standard_task_runner.py:70: DeprecationWarning: This process (pid=3101) is multi-threaded, use of fork() may lead to deadlocks in the child.
  pid = os.fork()

[2024-12-06T01:10:11.044+0000] {standard_task_runner.py:72} INFO - Started process 3105 to run task
[2024-12-06T01:10:11.045+0000] {standard_task_runner.py:104} INFO - Running: ['***', 'tasks', 'run', 'firestore_to_s3', 'upload_to_s3', 'scheduled__2024-12-05T00:00:00+00:00', '--job-id', '222', '--raw', '--subdir', 'DAGS_FOLDER/firebase_to_s3_to_rds.py', '--cfg-path', '/tmp/tmphznwt7ul']
[2024-12-06T01:10:11.046+0000] {standard_task_runner.py:105} INFO - Job 222: Subtask upload_to_s3
[2024-12-06T01:10:11.092+0000] {task_command.py:467} INFO - Running <TaskInstance: firestore_to_s3.upload_to_s3 scheduled__2024-12-05T00:00:00+00:00 [running]> on host 4b3a7f9b2751
[2024-12-06T01:10:11.364+0000] {taskinstance.py:3132} INFO - Exporting env vars: AIRFLOW_CTX_DAG_OWNER='***' AIRFLOW_CTX_DAG_ID='firestore_to_s3' AIRFLOW_CTX_TASK_ID='upload_to_s3' AIRFLOW_CTX_EXECUTION_DATE='2024-12-05T00:00:00+00:00' AIRFLOW_CTX_TRY_NUMBER='1' AIRFLOW_CTX_DAG_RUN_ID='scheduled__2024-12-05T00:00:00+00:00'
[2024-12-06T01:10:11.365+0000] {logging_mixin.py:190} INFO - Task instance is in running state
[2024-12-06T01:10:11.365+0000] {logging_mixin.py:190} INFO -  Previous state of the Task instance: queued
[2024-12-06T01:10:11.366+0000] {logging_mixin.py:190} INFO - Current task name:upload_to_s3 state:running start_date:2024-12-06 01:10:11.015458+00:00
[2024-12-06T01:10:11.366+0000] {logging_mixin.py:190} INFO - Dag name:firestore_to_s3 and current dag run status:running
[2024-12-06T01:10:11.366+0000] {taskinstance.py:731} INFO - ::endgroup::
[2024-12-06T01:10:11.375+0000] {base.py:84} INFO - Retrieving connection 's3_conn'
[2024-12-06T01:10:11.375+0000] {connection_wrapper.py:325} INFO - AWS Connection (conn_id='s3_conn', conn_type='aws') credentials retrieved from login and password.
[2024-12-06T01:10:12.733+0000] {taskinstance.py:340} INFO - ::group::Post task execution logs
[2024-12-06T01:10:12.733+0000] {taskinstance.py:352} INFO - Marking task as SUCCESS. dag_id=firestore_to_s3, task_id=upload_to_s3, run_id=scheduled__2024-12-05T00:00:00+00:00, execution_date=20241205T000000, start_date=20241206T011011, end_date=20241206T011012
[2024-12-06T01:10:12.745+0000] {logging_mixin.py:190} INFO - Task instance in success state
[2024-12-06T01:10:12.745+0000] {logging_mixin.py:190} INFO -  Previous state of the Task instance: running
[2024-12-06T01:10:12.746+0000] {logging_mixin.py:190} INFO - Dag name:firestore_to_s3 queued_at:2024-12-06 01:10:03.058542+00:00
[2024-12-06T01:10:12.747+0000] {logging_mixin.py:190} INFO - Task hostname:4b3a7f9b2751 operator:S3CreateObjectOperator
[2024-12-06T01:10:12.784+0000] {local_task_job_runner.py:266} INFO - Task exited with return code 0
[2024-12-06T01:10:12.801+0000] {taskinstance.py:3895} INFO - 0 downstream tasks scheduled from follow-on schedule check
[2024-12-06T01:10:12.803+0000] {local_task_job_runner.py:245} INFO - ::endgroup::
