[2024-11-26T22:04:57.887+0000] {local_task_job_runner.py:123} INFO - ::group::Pre task execution logs
[2024-11-26T22:04:57.904+0000] {taskinstance.py:2613} INFO - Dependencies all met for dep_context=non-requeueable deps ti=<TaskInstance: google_sheet_to_s3_to_rds.download_s3_file manual__2024-11-26T22:04:44.408489+00:00 [queued]>
[2024-11-26T22:04:57.912+0000] {taskinstance.py:2613} INFO - Dependencies all met for dep_context=requeueable deps ti=<TaskInstance: google_sheet_to_s3_to_rds.download_s3_file manual__2024-11-26T22:04:44.408489+00:00 [queued]>
[2024-11-26T22:04:57.913+0000] {taskinstance.py:2866} INFO - Starting attempt 1 of 1
[2024-11-26T22:04:57.926+0000] {taskinstance.py:2889} INFO - Executing <Task(PythonOperator): download_s3_file> on 2024-11-26 22:04:44.408489+00:00
[2024-11-26T22:04:57.931+0000] {warnings.py:112} WARNING - /home/***/.local/lib/python3.12/site-packages/***/task/task_runner/standard_task_runner.py:70: DeprecationWarning: This process (pid=4974) is multi-threaded, use of fork() may lead to deadlocks in the child.
  pid = os.fork()

[2024-11-26T22:04:57.933+0000] {standard_task_runner.py:72} INFO - Started process 4976 to run task
[2024-11-26T22:04:57.933+0000] {standard_task_runner.py:104} INFO - Running: ['***', 'tasks', 'run', 'google_sheet_to_s3_to_rds', 'download_s3_file', 'manual__2024-11-26T22:04:44.408489+00:00', '--job-id', '164', '--raw', '--subdir', 'DAGS_FOLDER/google_sheet_to_s3_to_rds.py', '--cfg-path', '/tmp/tmp7z9k13af']
[2024-11-26T22:04:57.935+0000] {standard_task_runner.py:105} INFO - Job 164: Subtask download_s3_file
[2024-11-26T22:04:57.979+0000] {task_command.py:467} INFO - Running <TaskInstance: google_sheet_to_s3_to_rds.download_s3_file manual__2024-11-26T22:04:44.408489+00:00 [running]> on host 4b3a7f9b2751
[2024-11-26T22:04:58.231+0000] {taskinstance.py:3132} INFO - Exporting env vars: AIRFLOW_CTX_DAG_OWNER='***' AIRFLOW_CTX_DAG_ID='google_sheet_to_s3_to_rds' AIRFLOW_CTX_TASK_ID='download_s3_file' AIRFLOW_CTX_EXECUTION_DATE='2024-11-26T22:04:44.408489+00:00' AIRFLOW_CTX_TRY_NUMBER='1' AIRFLOW_CTX_DAG_RUN_ID='manual__2024-11-26T22:04:44.408489+00:00'
[2024-11-26T22:04:58.232+0000] {logging_mixin.py:190} INFO - Task instance is in running state
[2024-11-26T22:04:58.233+0000] {logging_mixin.py:190} INFO -  Previous state of the Task instance: queued
[2024-11-26T22:04:58.233+0000] {logging_mixin.py:190} INFO - Current task name:download_s3_file state:running start_date:2024-11-26 22:04:57.904987+00:00
[2024-11-26T22:04:58.234+0000] {logging_mixin.py:190} INFO - Dag name:google_sheet_to_s3_to_rds and current dag run status:running
[2024-11-26T22:04:58.235+0000] {taskinstance.py:731} INFO - ::endgroup::
[2024-11-26T22:04:58.243+0000] {base.py:84} INFO - Retrieving connection 's3_conn'
[2024-11-26T22:04:58.690+0000] {python.py:240} INFO - Done. Returned value was: None
[2024-11-26T22:04:58.700+0000] {taskinstance.py:340} INFO - ::group::Post task execution logs
[2024-11-26T22:04:58.700+0000] {taskinstance.py:352} INFO - Marking task as SUCCESS. dag_id=google_sheet_to_s3_to_rds, task_id=download_s3_file, run_id=manual__2024-11-26T22:04:44.408489+00:00, execution_date=20241126T220444, start_date=20241126T220457, end_date=20241126T220458
[2024-11-26T22:04:58.711+0000] {logging_mixin.py:190} INFO - Task instance in success state
[2024-11-26T22:04:58.712+0000] {logging_mixin.py:190} INFO -  Previous state of the Task instance: running
[2024-11-26T22:04:58.712+0000] {logging_mixin.py:190} INFO - Dag name:google_sheet_to_s3_to_rds queued_at:2024-11-26 22:04:44.417025+00:00
[2024-11-26T22:04:58.712+0000] {logging_mixin.py:190} INFO - Task hostname:4b3a7f9b2751 operator:PythonOperator
[2024-11-26T22:04:58.751+0000] {local_task_job_runner.py:266} INFO - Task exited with return code 0
[2024-11-26T22:04:58.776+0000] {taskinstance.py:3895} INFO - 1 downstream tasks scheduled from follow-on schedule check
[2024-11-26T22:04:58.780+0000] {local_task_job_runner.py:245} INFO - ::endgroup::
