[2024-11-26T20:58:51.213+0000] {local_task_job_runner.py:123} INFO - ::group::Pre task execution logs
[2024-11-26T20:58:51.230+0000] {taskinstance.py:2613} INFO - Dependencies all met for dep_context=non-requeueable deps ti=<TaskInstance: google_sheet_to_s3_to_rds.truncate_mysql manual__2024-11-26T20:58:42.074751+00:00 [queued]>
[2024-11-26T20:58:51.237+0000] {taskinstance.py:2613} INFO - Dependencies all met for dep_context=requeueable deps ti=<TaskInstance: google_sheet_to_s3_to_rds.truncate_mysql manual__2024-11-26T20:58:42.074751+00:00 [queued]>
[2024-11-26T20:58:51.238+0000] {taskinstance.py:2866} INFO - Starting attempt 1 of 1
[2024-11-26T20:58:51.253+0000] {taskinstance.py:2889} INFO - Executing <Task(SQLExecuteQueryOperator): truncate_mysql> on 2024-11-26 20:58:42.074751+00:00
[2024-11-26T20:58:51.258+0000] {warnings.py:112} WARNING - /home/***/.local/lib/python3.12/site-packages/***/task/task_runner/standard_task_runner.py:70: DeprecationWarning: This process (pid=3955) is multi-threaded, use of fork() may lead to deadlocks in the child.
  pid = os.fork()

[2024-11-26T20:58:51.260+0000] {standard_task_runner.py:72} INFO - Started process 3957 to run task
[2024-11-26T20:58:51.261+0000] {standard_task_runner.py:104} INFO - Running: ['***', 'tasks', 'run', 'google_sheet_to_s3_to_rds', 'truncate_mysql', 'manual__2024-11-26T20:58:42.074751+00:00', '--job-id', '128', '--raw', '--subdir', 'DAGS_FOLDER/google_sheet_to_s3_to_rds.py', '--cfg-path', '/tmp/tmpmbi917xk']
[2024-11-26T20:58:51.262+0000] {standard_task_runner.py:105} INFO - Job 128: Subtask truncate_mysql
[2024-11-26T20:58:51.307+0000] {task_command.py:467} INFO - Running <TaskInstance: google_sheet_to_s3_to_rds.truncate_mysql manual__2024-11-26T20:58:42.074751+00:00 [running]> on host 4b3a7f9b2751
[2024-11-26T20:58:51.564+0000] {taskinstance.py:3132} INFO - Exporting env vars: AIRFLOW_CTX_DAG_OWNER='***' AIRFLOW_CTX_DAG_ID='google_sheet_to_s3_to_rds' AIRFLOW_CTX_TASK_ID='truncate_mysql' AIRFLOW_CTX_EXECUTION_DATE='2024-11-26T20:58:42.074751+00:00' AIRFLOW_CTX_TRY_NUMBER='1' AIRFLOW_CTX_DAG_RUN_ID='manual__2024-11-26T20:58:42.074751+00:00'
[2024-11-26T20:58:51.565+0000] {logging_mixin.py:190} INFO - Task instance is in running state
[2024-11-26T20:58:51.565+0000] {logging_mixin.py:190} INFO -  Previous state of the Task instance: queued
[2024-11-26T20:58:51.566+0000] {logging_mixin.py:190} INFO - Current task name:truncate_mysql state:running start_date:2024-11-26 20:58:51.230862+00:00
[2024-11-26T20:58:51.566+0000] {logging_mixin.py:190} INFO - Dag name:google_sheet_to_s3_to_rds and current dag run status:running
[2024-11-26T20:58:51.567+0000] {taskinstance.py:731} INFO - ::endgroup::
[2024-11-26T20:58:51.568+0000] {sql.py:278} INFO - Executing: TRUNCATE TABLE stage.dmm_lookup;
[2024-11-26T20:58:51.576+0000] {base.py:84} INFO - Retrieving connection 'mysql_conn'
[2024-11-26T20:58:51.583+0000] {base.py:84} INFO - Retrieving connection 'mysql_conn'
[2024-11-26T20:58:51.915+0000] {sql.py:544} INFO - Running statement: TRUNCATE TABLE stage.dmm_lookup;, parameters: None
[2024-11-26T20:58:52.000+0000] {sql.py:553} INFO - Rows affected: 0
[2024-11-26T20:58:52.051+0000] {taskinstance.py:340} INFO - ::group::Post task execution logs
[2024-11-26T20:58:52.052+0000] {taskinstance.py:352} INFO - Marking task as SUCCESS. dag_id=google_sheet_to_s3_to_rds, task_id=truncate_mysql, run_id=manual__2024-11-26T20:58:42.074751+00:00, execution_date=20241126T205842, start_date=20241126T205851, end_date=20241126T205852
[2024-11-26T20:58:52.062+0000] {logging_mixin.py:190} INFO - Task instance in success state
[2024-11-26T20:58:52.063+0000] {logging_mixin.py:190} INFO -  Previous state of the Task instance: running
[2024-11-26T20:58:52.063+0000] {logging_mixin.py:190} INFO - Dag name:google_sheet_to_s3_to_rds queued_at:2024-11-26 20:58:42.086013+00:00
[2024-11-26T20:58:52.063+0000] {logging_mixin.py:190} INFO - Task hostname:4b3a7f9b2751 operator:SQLExecuteQueryOperator
[2024-11-26T20:58:52.078+0000] {local_task_job_runner.py:266} INFO - Task exited with return code 0
[2024-11-26T20:58:52.098+0000] {taskinstance.py:3895} INFO - 1 downstream tasks scheduled from follow-on schedule check
[2024-11-26T20:58:52.102+0000] {local_task_job_runner.py:245} INFO - ::endgroup::
