[2024-12-06T03:52:56.488+0000] {local_task_job_runner.py:123} INFO - ::group::Pre task execution logs
[2024-12-06T03:52:56.504+0000] {taskinstance.py:2613} INFO - Dependencies all met for dep_context=non-requeueable deps ti=<TaskInstance: firestore_to_s3_to_rds.truncate_mysql manual__2024-12-06T03:52:45.316966+00:00 [queued]>
[2024-12-06T03:52:56.513+0000] {taskinstance.py:2613} INFO - Dependencies all met for dep_context=requeueable deps ti=<TaskInstance: firestore_to_s3_to_rds.truncate_mysql manual__2024-12-06T03:52:45.316966+00:00 [queued]>
[2024-12-06T03:52:56.514+0000] {taskinstance.py:2866} INFO - Starting attempt 1 of 1
[2024-12-06T03:52:56.527+0000] {taskinstance.py:2889} INFO - Executing <Task(SQLExecuteQueryOperator): truncate_mysql> on 2024-12-06 03:52:45.316966+00:00
[2024-12-06T03:52:56.533+0000] {warnings.py:112} WARNING - /home/***/.local/lib/python3.12/site-packages/***/task/task_runner/standard_task_runner.py:70: DeprecationWarning: This process (pid=5463) is multi-threaded, use of fork() may lead to deadlocks in the child.
  pid = os.fork()

[2024-12-06T03:52:56.534+0000] {standard_task_runner.py:72} INFO - Started process 5465 to run task
[2024-12-06T03:52:56.535+0000] {standard_task_runner.py:104} INFO - Running: ['***', 'tasks', 'run', 'firestore_to_s3_to_rds', 'truncate_mysql', 'manual__2024-12-06T03:52:45.316966+00:00', '--job-id', '283', '--raw', '--subdir', 'DAGS_FOLDER/firebase_to_s3_to_rds.py', '--cfg-path', '/tmp/tmpo8knz4xb']
[2024-12-06T03:52:56.536+0000] {standard_task_runner.py:105} INFO - Job 283: Subtask truncate_mysql
[2024-12-06T03:52:56.579+0000] {task_command.py:467} INFO - Running <TaskInstance: firestore_to_s3_to_rds.truncate_mysql manual__2024-12-06T03:52:45.316966+00:00 [running]> on host 4b3a7f9b2751
[2024-12-06T03:52:56.838+0000] {taskinstance.py:3132} INFO - Exporting env vars: AIRFLOW_CTX_DAG_OWNER='***' AIRFLOW_CTX_DAG_ID='firestore_to_s3_to_rds' AIRFLOW_CTX_TASK_ID='truncate_mysql' AIRFLOW_CTX_EXECUTION_DATE='2024-12-06T03:52:45.316966+00:00' AIRFLOW_CTX_TRY_NUMBER='1' AIRFLOW_CTX_DAG_RUN_ID='manual__2024-12-06T03:52:45.316966+00:00'
[2024-12-06T03:52:56.839+0000] {logging_mixin.py:190} INFO - Task instance is in running state
[2024-12-06T03:52:56.840+0000] {logging_mixin.py:190} INFO -  Previous state of the Task instance: queued
[2024-12-06T03:52:56.840+0000] {logging_mixin.py:190} INFO - Current task name:truncate_mysql state:running start_date:2024-12-06 03:52:56.505713+00:00
[2024-12-06T03:52:56.841+0000] {logging_mixin.py:190} INFO - Dag name:firestore_to_s3_to_rds and current dag run status:running
[2024-12-06T03:52:56.842+0000] {taskinstance.py:731} INFO - ::endgroup::
[2024-12-06T03:52:56.842+0000] {sql.py:278} INFO - Executing: TRUNCATE TABLE stage.user_profile;
[2024-12-06T03:52:56.851+0000] {base.py:84} INFO - Retrieving connection 'mysql_conn'
[2024-12-06T03:52:56.860+0000] {base.py:84} INFO - Retrieving connection 'mysql_conn'
[2024-12-06T03:52:57.191+0000] {sql.py:544} INFO - Running statement: TRUNCATE TABLE stage.user_profile;, parameters: None
[2024-12-06T03:52:57.279+0000] {sql.py:553} INFO - Rows affected: 0
[2024-12-06T03:52:57.345+0000] {taskinstance.py:340} INFO - ::group::Post task execution logs
[2024-12-06T03:52:57.346+0000] {taskinstance.py:352} INFO - Marking task as SUCCESS. dag_id=firestore_to_s3_to_rds, task_id=truncate_mysql, run_id=manual__2024-12-06T03:52:45.316966+00:00, execution_date=20241206T035245, start_date=20241206T035256, end_date=20241206T035257
[2024-12-06T03:52:57.364+0000] {logging_mixin.py:190} INFO - Task instance in success state
[2024-12-06T03:52:57.364+0000] {logging_mixin.py:190} INFO -  Previous state of the Task instance: running
[2024-12-06T03:52:57.365+0000] {logging_mixin.py:190} INFO - Dag name:firestore_to_s3_to_rds queued_at:2024-12-06 03:52:45.324702+00:00
[2024-12-06T03:52:57.366+0000] {logging_mixin.py:190} INFO - Task hostname:4b3a7f9b2751 operator:SQLExecuteQueryOperator
[2024-12-06T03:52:57.393+0000] {local_task_job_runner.py:266} INFO - Task exited with return code 0
[2024-12-06T03:52:57.565+0000] {taskinstance.py:3895} INFO - 1 downstream tasks scheduled from follow-on schedule check
[2024-12-06T03:52:57.569+0000] {local_task_job_runner.py:245} INFO - ::endgroup::
