[2024-11-27T02:01:33.941+0000] {local_task_job_runner.py:123} INFO - ::group::Pre task execution logs
[2024-11-27T02:01:33.957+0000] {taskinstance.py:2613} INFO - Dependencies all met for dep_context=non-requeueable deps ti=<TaskInstance: google_sheet_to_s3_to_rds.download_s3_file scheduled__2024-11-26T00:00:00+00:00 [queued]>
[2024-11-27T02:01:33.964+0000] {taskinstance.py:2613} INFO - Dependencies all met for dep_context=requeueable deps ti=<TaskInstance: google_sheet_to_s3_to_rds.download_s3_file scheduled__2024-11-26T00:00:00+00:00 [queued]>
[2024-11-27T02:01:33.965+0000] {taskinstance.py:2866} INFO - Starting attempt 1 of 1
[2024-11-27T02:01:33.977+0000] {taskinstance.py:2889} INFO - Executing <Task(PythonOperator): download_s3_file> on 2024-11-26 00:00:00+00:00
[2024-11-27T02:01:33.982+0000] {warnings.py:112} WARNING - /home/***/.local/lib/python3.12/site-packages/***/task/task_runner/standard_task_runner.py:70: DeprecationWarning: This process (pid=5634) is multi-threaded, use of fork() may lead to deadlocks in the child.
  pid = os.fork()

[2024-11-27T02:01:33.983+0000] {standard_task_runner.py:72} INFO - Started process 5636 to run task
[2024-11-27T02:01:33.984+0000] {standard_task_runner.py:104} INFO - Running: ['***', 'tasks', 'run', 'google_sheet_to_s3_to_rds', 'download_s3_file', 'scheduled__2024-11-26T00:00:00+00:00', '--job-id', '176', '--raw', '--subdir', 'DAGS_FOLDER/google_sheet_to_s3_to_rds.py', '--cfg-path', '/tmp/tmpz395yhai']
[2024-11-27T02:01:33.985+0000] {standard_task_runner.py:105} INFO - Job 176: Subtask download_s3_file
[2024-11-27T02:01:34.029+0000] {task_command.py:467} INFO - Running <TaskInstance: google_sheet_to_s3_to_rds.download_s3_file scheduled__2024-11-26T00:00:00+00:00 [running]> on host 4b3a7f9b2751
[2024-11-27T02:01:34.275+0000] {taskinstance.py:3132} INFO - Exporting env vars: AIRFLOW_CTX_DAG_OWNER='***' AIRFLOW_CTX_DAG_ID='google_sheet_to_s3_to_rds' AIRFLOW_CTX_TASK_ID='download_s3_file' AIRFLOW_CTX_EXECUTION_DATE='2024-11-26T00:00:00+00:00' AIRFLOW_CTX_TRY_NUMBER='1' AIRFLOW_CTX_DAG_RUN_ID='scheduled__2024-11-26T00:00:00+00:00'
[2024-11-27T02:01:34.276+0000] {logging_mixin.py:190} INFO - Task instance is in running state
[2024-11-27T02:01:34.276+0000] {logging_mixin.py:190} INFO -  Previous state of the Task instance: queued
[2024-11-27T02:01:34.277+0000] {logging_mixin.py:190} INFO - Current task name:download_s3_file state:running start_date:2024-11-27 02:01:33.958099+00:00
[2024-11-27T02:01:34.277+0000] {logging_mixin.py:190} INFO - Dag name:google_sheet_to_s3_to_rds and current dag run status:running
[2024-11-27T02:01:34.278+0000] {taskinstance.py:731} INFO - ::endgroup::
[2024-11-27T02:01:34.287+0000] {base.py:84} INFO - Retrieving connection 's3_conn'
[2024-11-27T02:01:34.771+0000] {python.py:240} INFO - Done. Returned value was: None
[2024-11-27T02:01:34.782+0000] {taskinstance.py:340} INFO - ::group::Post task execution logs
[2024-11-27T02:01:34.783+0000] {taskinstance.py:352} INFO - Marking task as SUCCESS. dag_id=google_sheet_to_s3_to_rds, task_id=download_s3_file, run_id=scheduled__2024-11-26T00:00:00+00:00, execution_date=20241126T000000, start_date=20241127T020133, end_date=20241127T020134
[2024-11-27T02:01:34.795+0000] {logging_mixin.py:190} INFO - Task instance in success state
[2024-11-27T02:01:34.795+0000] {logging_mixin.py:190} INFO -  Previous state of the Task instance: running
[2024-11-27T02:01:34.796+0000] {logging_mixin.py:190} INFO - Dag name:google_sheet_to_s3_to_rds queued_at:2024-11-27 02:01:17.048963+00:00
[2024-11-27T02:01:34.796+0000] {logging_mixin.py:190} INFO - Task hostname:4b3a7f9b2751 operator:PythonOperator
[2024-11-27T02:01:34.840+0000] {local_task_job_runner.py:266} INFO - Task exited with return code 0
[2024-11-27T02:01:34.864+0000] {taskinstance.py:3895} INFO - 1 downstream tasks scheduled from follow-on schedule check
[2024-11-27T02:01:34.866+0000] {local_task_job_runner.py:245} INFO - ::endgroup::
