[2024-12-06T03:52:59.148+0000] {local_task_job_runner.py:123} INFO - ::group::Pre task execution logs
[2024-12-06T03:52:59.163+0000] {taskinstance.py:2613} INFO - Dependencies all met for dep_context=non-requeueable deps ti=<TaskInstance: firestore_to_s3_to_rds.read_s3_file_into_string manual__2024-12-06T03:52:45.316966+00:00 [queued]>
[2024-12-06T03:52:59.171+0000] {taskinstance.py:2613} INFO - Dependencies all met for dep_context=requeueable deps ti=<TaskInstance: firestore_to_s3_to_rds.read_s3_file_into_string manual__2024-12-06T03:52:45.316966+00:00 [queued]>
[2024-12-06T03:52:59.172+0000] {taskinstance.py:2866} INFO - Starting attempt 1 of 1
[2024-12-06T03:52:59.184+0000] {taskinstance.py:2889} INFO - Executing <Task(PythonOperator): read_s3_file_into_string> on 2024-12-06 03:52:45.316966+00:00
[2024-12-06T03:52:59.190+0000] {warnings.py:112} WARNING - /home/***/.local/lib/python3.12/site-packages/***/task/task_runner/standard_task_runner.py:70: DeprecationWarning: This process (pid=5467) is multi-threaded, use of fork() may lead to deadlocks in the child.
  pid = os.fork()

[2024-12-06T03:52:59.192+0000] {standard_task_runner.py:72} INFO - Started process 5469 to run task
[2024-12-06T03:52:59.192+0000] {standard_task_runner.py:104} INFO - Running: ['***', 'tasks', 'run', 'firestore_to_s3_to_rds', 'read_s3_file_into_string', 'manual__2024-12-06T03:52:45.316966+00:00', '--job-id', '284', '--raw', '--subdir', 'DAGS_FOLDER/firebase_to_s3_to_rds.py', '--cfg-path', '/tmp/tmp1d_z6ltq']
[2024-12-06T03:52:59.194+0000] {standard_task_runner.py:105} INFO - Job 284: Subtask read_s3_file_into_string
[2024-12-06T03:52:59.237+0000] {task_command.py:467} INFO - Running <TaskInstance: firestore_to_s3_to_rds.read_s3_file_into_string manual__2024-12-06T03:52:45.316966+00:00 [running]> on host 4b3a7f9b2751
[2024-12-06T03:52:59.490+0000] {taskinstance.py:3132} INFO - Exporting env vars: AIRFLOW_CTX_DAG_OWNER='***' AIRFLOW_CTX_DAG_ID='firestore_to_s3_to_rds' AIRFLOW_CTX_TASK_ID='read_s3_file_into_string' AIRFLOW_CTX_EXECUTION_DATE='2024-12-06T03:52:45.316966+00:00' AIRFLOW_CTX_TRY_NUMBER='1' AIRFLOW_CTX_DAG_RUN_ID='manual__2024-12-06T03:52:45.316966+00:00'
[2024-12-06T03:52:59.491+0000] {logging_mixin.py:190} INFO - Task instance is in running state
[2024-12-06T03:52:59.492+0000] {logging_mixin.py:190} INFO -  Previous state of the Task instance: queued
[2024-12-06T03:52:59.492+0000] {logging_mixin.py:190} INFO - Current task name:read_s3_file_into_string state:running start_date:2024-12-06 03:52:59.164356+00:00
[2024-12-06T03:52:59.493+0000] {logging_mixin.py:190} INFO - Dag name:firestore_to_s3_to_rds and current dag run status:running
[2024-12-06T03:52:59.493+0000] {taskinstance.py:731} INFO - ::endgroup::
[2024-12-06T03:52:59.502+0000] {base.py:84} INFO - Retrieving connection 's3_conn'
[2024-12-06T03:52:59.991+0000] {logging_mixin.py:190} INFO - firstName,createdTs,uid,lastName,companyIndustry,companyName,modifiedTs
Andrew,2024-11-27T03:32:35.673Z,SXlsF8PaDXRrqhbYR0FHYwABoJz2,Pierson,Software,HowAgile,2024-11-27T03:32:13.699Z
test,2024-11-27T03:32:52.345Z,123,test,test,test,2024-11-27T03:33:04.180Z
[2024-12-06T03:52:59.992+0000] {logging_mixin.py:190} INFO - 
            INSERT INTO stage.user_profile (
                companyName, companyIndustry, createdTs, uid, firstName, lastName, modifiedTs
            ) VALUES (
                "Andrew", "SXlsF8PaDXRrqhbYR0FHYwABoJz2", "2024-11-27T03:32:13.699Z", "Software", "Pierson", "2024-11-27T03:32:35.673Z", "HowAgile"
            );
         
            INSERT INTO stage.user_profile (
                companyName, companyIndustry, createdTs, uid, firstName, lastName, modifiedTs
            ) VALUES (
                "test", "123", "2024-11-27T03:33:04.180Z", "test", "test", "2024-11-27T03:32:52.345Z", "test"
            );
        
[2024-12-06T03:52:59.997+0000] {python.py:240} INFO - Done. Returned value was: None
[2024-12-06T03:53:00.015+0000] {taskinstance.py:340} INFO - ::group::Post task execution logs
[2024-12-06T03:53:00.015+0000] {taskinstance.py:352} INFO - Marking task as SUCCESS. dag_id=firestore_to_s3_to_rds, task_id=read_s3_file_into_string, run_id=manual__2024-12-06T03:52:45.316966+00:00, execution_date=20241206T035245, start_date=20241206T035259, end_date=20241206T035300
[2024-12-06T03:53:00.033+0000] {logging_mixin.py:190} INFO - Task instance in success state
[2024-12-06T03:53:00.034+0000] {logging_mixin.py:190} INFO -  Previous state of the Task instance: running
[2024-12-06T03:53:00.034+0000] {logging_mixin.py:190} INFO - Dag name:firestore_to_s3_to_rds queued_at:2024-12-06 03:52:45.324702+00:00
[2024-12-06T03:53:00.035+0000] {logging_mixin.py:190} INFO - Task hostname:4b3a7f9b2751 operator:PythonOperator
[2024-12-06T03:53:00.090+0000] {local_task_job_runner.py:266} INFO - Task exited with return code 0
[2024-12-06T03:53:00.264+0000] {taskinstance.py:3895} INFO - 1 downstream tasks scheduled from follow-on schedule check
[2024-12-06T03:53:00.267+0000] {local_task_job_runner.py:245} INFO - ::endgroup::
