[2024-12-06T03:16:18.881+0000] {local_task_job_runner.py:123} INFO - ::group::Pre task execution logs
[2024-12-06T03:16:18.900+0000] {taskinstance.py:2613} INFO - Dependencies all met for dep_context=non-requeueable deps ti=<TaskInstance: firestore_to_s3_to_rds.fetch_firestore_data manual__2024-12-06T03:16:16.647813+00:00 [queued]>
[2024-12-06T03:16:18.909+0000] {taskinstance.py:2613} INFO - Dependencies all met for dep_context=requeueable deps ti=<TaskInstance: firestore_to_s3_to_rds.fetch_firestore_data manual__2024-12-06T03:16:16.647813+00:00 [queued]>
[2024-12-06T03:16:18.915+0000] {taskinstance.py:2866} INFO - Starting attempt 1 of 1
[2024-12-06T03:16:18.930+0000] {taskinstance.py:2889} INFO - Executing <Task(PythonOperator): fetch_firestore_data> on 2024-12-06 03:16:16.647813+00:00
[2024-12-06T03:16:18.936+0000] {warnings.py:112} WARNING - /home/***/.local/lib/python3.12/site-packages/***/task/task_runner/standard_task_runner.py:70: DeprecationWarning: This process (pid=4817) is multi-threaded, use of fork() may lead to deadlocks in the child.
  pid = os.fork()

[2024-12-06T03:16:18.937+0000] {standard_task_runner.py:72} INFO - Started process 4819 to run task
[2024-12-06T03:16:18.938+0000] {standard_task_runner.py:104} INFO - Running: ['***', 'tasks', 'run', 'firestore_to_s3_to_rds', 'fetch_firestore_data', 'manual__2024-12-06T03:16:16.647813+00:00', '--job-id', '243', '--raw', '--subdir', 'DAGS_FOLDER/firebase_to_s3_to_rds.py', '--cfg-path', '/tmp/tmpmkj4iv3i']
[2024-12-06T03:16:18.939+0000] {standard_task_runner.py:105} INFO - Job 243: Subtask fetch_firestore_data
[2024-12-06T03:16:19.001+0000] {task_command.py:467} INFO - Running <TaskInstance: firestore_to_s3_to_rds.fetch_firestore_data manual__2024-12-06T03:16:16.647813+00:00 [running]> on host 4b3a7f9b2751
[2024-12-06T03:16:19.367+0000] {taskinstance.py:3132} INFO - Exporting env vars: AIRFLOW_CTX_DAG_OWNER='***' AIRFLOW_CTX_DAG_ID='firestore_to_s3_to_rds' AIRFLOW_CTX_TASK_ID='fetch_firestore_data' AIRFLOW_CTX_EXECUTION_DATE='2024-12-06T03:16:16.647813+00:00' AIRFLOW_CTX_TRY_NUMBER='1' AIRFLOW_CTX_DAG_RUN_ID='manual__2024-12-06T03:16:16.647813+00:00'
[2024-12-06T03:16:19.368+0000] {logging_mixin.py:190} INFO - Task instance is in running state
[2024-12-06T03:16:19.369+0000] {logging_mixin.py:190} INFO -  Previous state of the Task instance: queued
[2024-12-06T03:16:19.369+0000] {logging_mixin.py:190} INFO - Current task name:fetch_firestore_data state:running start_date:2024-12-06 03:16:18.901234+00:00
[2024-12-06T03:16:19.369+0000] {logging_mixin.py:190} INFO - Dag name:firestore_to_s3_to_rds and current dag run status:running
[2024-12-06T03:16:19.370+0000] {taskinstance.py:731} INFO - ::endgroup::
[2024-12-06T03:16:19.774+0000] {python.py:240} INFO - Done. Returned value was: None
[2024-12-06T03:16:19.785+0000] {taskinstance.py:340} INFO - ::group::Post task execution logs
[2024-12-06T03:16:19.786+0000] {taskinstance.py:352} INFO - Marking task as SUCCESS. dag_id=firestore_to_s3_to_rds, task_id=fetch_firestore_data, run_id=manual__2024-12-06T03:16:16.647813+00:00, execution_date=20241206T031616, start_date=20241206T031618, end_date=20241206T031619
[2024-12-06T03:16:19.801+0000] {logging_mixin.py:190} INFO - Task instance in success state
[2024-12-06T03:16:19.801+0000] {logging_mixin.py:190} INFO -  Previous state of the Task instance: running
[2024-12-06T03:16:19.801+0000] {logging_mixin.py:190} INFO - Dag name:firestore_to_s3_to_rds queued_at:2024-12-06 03:16:16.663635+00:00
[2024-12-06T03:16:19.802+0000] {logging_mixin.py:190} INFO - Task hostname:4b3a7f9b2751 operator:PythonOperator
[2024-12-06T03:16:19.834+0000] {local_task_job_runner.py:266} INFO - Task exited with return code 0
[2024-12-06T03:16:19.865+0000] {taskinstance.py:3895} INFO - 0 downstream tasks scheduled from follow-on schedule check
[2024-12-06T03:16:19.873+0000] {local_task_job_runner.py:245} INFO - ::endgroup::
