[2024-12-06T00:11:33.276+0000] {local_task_job_runner.py:123} INFO - ::group::Pre task execution logs
[2024-12-06T00:11:33.300+0000] {taskinstance.py:2613} INFO - Dependencies all met for dep_context=non-requeueable deps ti=<TaskInstance: firestore_to_s3_to_rd.transform_and_upload_to_s3 manual__2024-12-06T00:11:27.119840+00:00 [queued]>
[2024-12-06T00:11:33.309+0000] {taskinstance.py:2613} INFO - Dependencies all met for dep_context=requeueable deps ti=<TaskInstance: firestore_to_s3_to_rd.transform_and_upload_to_s3 manual__2024-12-06T00:11:27.119840+00:00 [queued]>
[2024-12-06T00:11:33.310+0000] {taskinstance.py:2866} INFO - Starting attempt 1 of 1
[2024-12-06T00:11:33.326+0000] {taskinstance.py:2889} INFO - Executing <Task(PythonOperator): transform_and_upload_to_s3> on 2024-12-06 00:11:27.119840+00:00
[2024-12-06T00:11:33.332+0000] {warnings.py:112} WARNING - /home/***/.local/lib/python3.12/site-packages/***/task/task_runner/standard_task_runner.py:70: DeprecationWarning: This process (pid=2294) is multi-threaded, use of fork() may lead to deadlocks in the child.
  pid = os.fork()

[2024-12-06T00:11:33.334+0000] {standard_task_runner.py:72} INFO - Started process 2298 to run task
[2024-12-06T00:11:33.335+0000] {standard_task_runner.py:104} INFO - Running: ['***', 'tasks', 'run', 'firestore_to_s3_to_rd', 'transform_and_upload_to_s3', 'manual__2024-12-06T00:11:27.119840+00:00', '--job-id', '209', '--raw', '--subdir', 'DAGS_FOLDER/firebase_to_s3_to_rds.py', '--cfg-path', '/tmp/tmp0j0l2kc7']
[2024-12-06T00:11:33.337+0000] {standard_task_runner.py:105} INFO - Job 209: Subtask transform_and_upload_to_s3
[2024-12-06T00:11:33.392+0000] {task_command.py:467} INFO - Running <TaskInstance: firestore_to_s3_to_rd.transform_and_upload_to_s3 manual__2024-12-06T00:11:27.119840+00:00 [running]> on host 4b3a7f9b2751
[2024-12-06T00:11:33.491+0000] {taskinstance.py:3132} INFO - Exporting env vars: AIRFLOW_CTX_DAG_OWNER='***' AIRFLOW_CTX_DAG_ID='firestore_to_s3_to_rd' AIRFLOW_CTX_TASK_ID='transform_and_upload_to_s3' AIRFLOW_CTX_EXECUTION_DATE='2024-12-06T00:11:27.119840+00:00' AIRFLOW_CTX_TRY_NUMBER='1' AIRFLOW_CTX_DAG_RUN_ID='manual__2024-12-06T00:11:27.119840+00:00'
[2024-12-06T00:11:33.493+0000] {logging_mixin.py:190} INFO - Task instance is in running state
[2024-12-06T00:11:33.493+0000] {logging_mixin.py:190} INFO -  Previous state of the Task instance: queued
[2024-12-06T00:11:33.494+0000] {logging_mixin.py:190} INFO - Current task name:transform_and_upload_to_s3 state:running start_date:2024-12-06 00:11:33.300696+00:00
[2024-12-06T00:11:33.494+0000] {logging_mixin.py:190} INFO - Dag name:firestore_to_s3_to_rd and current dag run status:running
[2024-12-06T00:11:33.495+0000] {taskinstance.py:731} INFO - ::endgroup::
[2024-12-06T00:11:33.521+0000] {python.py:240} INFO - Done. Returned value was: None
[2024-12-06T00:11:33.779+0000] {taskinstance.py:340} INFO - ::group::Post task execution logs
[2024-12-06T00:11:33.779+0000] {taskinstance.py:352} INFO - Marking task as SUCCESS. dag_id=firestore_to_s3_to_rd, task_id=transform_and_upload_to_s3, run_id=manual__2024-12-06T00:11:27.119840+00:00, execution_date=20241206T001127, start_date=20241206T001133, end_date=20241206T001133
[2024-12-06T00:11:33.791+0000] {logging_mixin.py:190} INFO - Task instance in success state
[2024-12-06T00:11:33.791+0000] {logging_mixin.py:190} INFO -  Previous state of the Task instance: running
[2024-12-06T00:11:33.792+0000] {logging_mixin.py:190} INFO - Dag name:firestore_to_s3_to_rd queued_at:2024-12-06 00:11:27.140845+00:00
[2024-12-06T00:11:33.792+0000] {logging_mixin.py:190} INFO - Task hostname:4b3a7f9b2751 operator:PythonOperator
[2024-12-06T00:11:33.830+0000] {local_task_job_runner.py:266} INFO - Task exited with return code 0
[2024-12-06T00:11:33.859+0000] {taskinstance.py:3895} INFO - 1 downstream tasks scheduled from follow-on schedule check
[2024-12-06T00:11:33.862+0000] {local_task_job_runner.py:245} INFO - ::endgroup::
