[2024-11-26T21:11:36.657+0000] {local_task_job_runner.py:123} INFO - ::group::Pre task execution logs
[2024-11-26T21:11:36.674+0000] {taskinstance.py:2613} INFO - Dependencies all met for dep_context=non-requeueable deps ti=<TaskInstance: google_sheet_to_s3_to_rds.fetch_google_sheet_data manual__2024-11-26T21:11:34.744620+00:00 [queued]>
[2024-11-26T21:11:36.682+0000] {taskinstance.py:2613} INFO - Dependencies all met for dep_context=requeueable deps ti=<TaskInstance: google_sheet_to_s3_to_rds.fetch_google_sheet_data manual__2024-11-26T21:11:34.744620+00:00 [queued]>
[2024-11-26T21:11:36.683+0000] {taskinstance.py:2866} INFO - Starting attempt 1 of 1
[2024-11-26T21:11:36.696+0000] {taskinstance.py:2889} INFO - Executing <Task(PythonOperator): fetch_google_sheet_data> on 2024-11-26 21:11:34.744620+00:00
[2024-11-26T21:11:36.701+0000] {warnings.py:112} WARNING - /home/***/.local/lib/python3.12/site-packages/***/task/task_runner/standard_task_runner.py:70: DeprecationWarning: This process (pid=4125) is multi-threaded, use of fork() may lead to deadlocks in the child.
  pid = os.fork()

[2024-11-26T21:11:36.702+0000] {standard_task_runner.py:72} INFO - Started process 4127 to run task
[2024-11-26T21:11:36.703+0000] {standard_task_runner.py:104} INFO - Running: ['***', 'tasks', 'run', 'google_sheet_to_s3_to_rds', 'fetch_google_sheet_data', 'manual__2024-11-26T21:11:34.744620+00:00', '--job-id', '130', '--raw', '--subdir', 'DAGS_FOLDER/google_sheet_to_s3_to_rds.py', '--cfg-path', '/tmp/tmp4gzvostv']
[2024-11-26T21:11:36.704+0000] {standard_task_runner.py:105} INFO - Job 130: Subtask fetch_google_sheet_data
[2024-11-26T21:11:36.749+0000] {task_command.py:467} INFO - Running <TaskInstance: google_sheet_to_s3_to_rds.fetch_google_sheet_data manual__2024-11-26T21:11:34.744620+00:00 [running]> on host 4b3a7f9b2751
[2024-11-26T21:11:37.018+0000] {taskinstance.py:3132} INFO - Exporting env vars: AIRFLOW_CTX_DAG_OWNER='***' AIRFLOW_CTX_DAG_ID='google_sheet_to_s3_to_rds' AIRFLOW_CTX_TASK_ID='fetch_google_sheet_data' AIRFLOW_CTX_EXECUTION_DATE='2024-11-26T21:11:34.744620+00:00' AIRFLOW_CTX_TRY_NUMBER='1' AIRFLOW_CTX_DAG_RUN_ID='manual__2024-11-26T21:11:34.744620+00:00'
[2024-11-26T21:11:37.019+0000] {logging_mixin.py:190} INFO - Task instance is in running state
[2024-11-26T21:11:37.020+0000] {logging_mixin.py:190} INFO -  Previous state of the Task instance: queued
[2024-11-26T21:11:37.020+0000] {logging_mixin.py:190} INFO - Current task name:fetch_google_sheet_data state:running start_date:2024-11-26 21:11:36.674844+00:00
[2024-11-26T21:11:37.020+0000] {logging_mixin.py:190} INFO - Dag name:google_sheet_to_s3_to_rds and current dag run status:running
[2024-11-26T21:11:37.021+0000] {taskinstance.py:731} INFO - ::endgroup::
[2024-11-26T21:11:37.702+0000] {python.py:240} INFO - Done. Returned value was: Score,Stage,Data,Enterprise,Leadership,Targets,Technology,Analytics
1,Analytically Impaired ,"Inconsistent, poor quality, poorly organized",N/a,No awareness or interest,N/a,,"Few skills, and these attached to specific functions"
2,Localized Analytics,"Data useable, but in functional or process silos","Islands of data, technology, and expertise",Only at the function or process level,Multiple disconnected targets that may not be strategically important,,Isolated pockets of analysts with no communication
3,Analytical Aspirations,Organization beginning to create centralized data repository,Early stages of an enterprise‐wide approach,Leaders beginning to recognize importance of analytics,Analytical efforts coalescing behind a small set of targets,,Influx of analysts in key target areas
4,Analytical Companies,"Integrated, accurate, common data in central warehouse","Key data, technology and analysts are centralized or networked",Leadership support for analytical competence,Analytical activity centered on a few key domains,,Highly capable analysts in central or networked organization
5,Analytical Competitors,Relentless search for new data and metrics,All key analytical resources centrally managed,Strong leadership passion for analytical competition,Analytics support the firm’s distinctive capability and strategy,,World‐class professional analysts and attention to analytical amateurs 

[2024-11-26T21:11:37.723+0000] {taskinstance.py:340} INFO - ::group::Post task execution logs
[2024-11-26T21:11:37.724+0000] {taskinstance.py:352} INFO - Marking task as SUCCESS. dag_id=google_sheet_to_s3_to_rds, task_id=fetch_google_sheet_data, run_id=manual__2024-11-26T21:11:34.744620+00:00, execution_date=20241126T211134, start_date=20241126T211136, end_date=20241126T211137
[2024-11-26T21:11:37.736+0000] {logging_mixin.py:190} INFO - Task instance in success state
[2024-11-26T21:11:37.736+0000] {logging_mixin.py:190} INFO -  Previous state of the Task instance: running
[2024-11-26T21:11:37.737+0000] {logging_mixin.py:190} INFO - Dag name:google_sheet_to_s3_to_rds queued_at:2024-11-26 21:11:34.755688+00:00
[2024-11-26T21:11:37.737+0000] {logging_mixin.py:190} INFO - Task hostname:4b3a7f9b2751 operator:PythonOperator
[2024-11-26T21:11:37.760+0000] {local_task_job_runner.py:266} INFO - Task exited with return code 0
[2024-11-26T21:11:37.785+0000] {taskinstance.py:3895} INFO - 1 downstream tasks scheduled from follow-on schedule check
[2024-11-26T21:11:37.787+0000] {local_task_job_runner.py:245} INFO - ::endgroup::
