[2024-12-06T03:35:06.781+0000] {local_task_job_runner.py:123} INFO - ::group::Pre task execution logs
[2024-12-06T03:35:06.798+0000] {taskinstance.py:2613} INFO - Dependencies all met for dep_context=non-requeueable deps ti=<TaskInstance: firestore_to_s3_to_rds.read_s3_file_into_string manual__2024-12-06T03:34:51.558062+00:00 [queued]>
[2024-12-06T03:35:06.808+0000] {taskinstance.py:2613} INFO - Dependencies all met for dep_context=requeueable deps ti=<TaskInstance: firestore_to_s3_to_rds.read_s3_file_into_string manual__2024-12-06T03:34:51.558062+00:00 [queued]>
[2024-12-06T03:35:06.810+0000] {taskinstance.py:2866} INFO - Starting attempt 1 of 1
[2024-12-06T03:35:06.824+0000] {taskinstance.py:2889} INFO - Executing <Task(PythonOperator): read_s3_file_into_string> on 2024-12-06 03:34:51.558062+00:00
[2024-12-06T03:35:06.829+0000] {warnings.py:112} WARNING - /home/***/.local/lib/python3.12/site-packages/***/task/task_runner/standard_task_runner.py:70: DeprecationWarning: This process (pid=5112) is multi-threaded, use of fork() may lead to deadlocks in the child.
  pid = os.fork()

[2024-12-06T03:35:06.831+0000] {standard_task_runner.py:72} INFO - Started process 5114 to run task
[2024-12-06T03:35:06.832+0000] {standard_task_runner.py:104} INFO - Running: ['***', 'tasks', 'run', 'firestore_to_s3_to_rds', 'read_s3_file_into_string', 'manual__2024-12-06T03:34:51.558062+00:00', '--job-id', '256', '--raw', '--subdir', 'DAGS_FOLDER/firebase_to_s3_to_rds.py', '--cfg-path', '/tmp/tmppie67wic']
[2024-12-06T03:35:06.833+0000] {standard_task_runner.py:105} INFO - Job 256: Subtask read_s3_file_into_string
[2024-12-06T03:35:06.878+0000] {task_command.py:467} INFO - Running <TaskInstance: firestore_to_s3_to_rds.read_s3_file_into_string manual__2024-12-06T03:34:51.558062+00:00 [running]> on host 4b3a7f9b2751
[2024-12-06T03:35:07.183+0000] {taskinstance.py:3132} INFO - Exporting env vars: AIRFLOW_CTX_DAG_OWNER='***' AIRFLOW_CTX_DAG_ID='firestore_to_s3_to_rds' AIRFLOW_CTX_TASK_ID='read_s3_file_into_string' AIRFLOW_CTX_EXECUTION_DATE='2024-12-06T03:34:51.558062+00:00' AIRFLOW_CTX_TRY_NUMBER='1' AIRFLOW_CTX_DAG_RUN_ID='manual__2024-12-06T03:34:51.558062+00:00'
[2024-12-06T03:35:07.184+0000] {logging_mixin.py:190} INFO - Task instance is in running state
[2024-12-06T03:35:07.185+0000] {logging_mixin.py:190} INFO -  Previous state of the Task instance: queued
[2024-12-06T03:35:07.185+0000] {logging_mixin.py:190} INFO - Current task name:read_s3_file_into_string state:running start_date:2024-12-06 03:35:06.799539+00:00
[2024-12-06T03:35:07.186+0000] {logging_mixin.py:190} INFO - Dag name:firestore_to_s3_to_rds and current dag run status:running
[2024-12-06T03:35:07.186+0000] {taskinstance.py:731} INFO - ::endgroup::
[2024-12-06T03:35:07.194+0000] {base.py:84} INFO - Retrieving connection 's3_conn'
[2024-12-06T03:35:07.617+0000] {logging_mixin.py:190} INFO - companyName,createdTs,companyIndustry,uid,firstName,lastName,modifiedTs
HowAgile,2024-11-27T03:32:35.673Z,Software,SXlsF8PaDXRrqhbYR0FHYwABoJz2,Andrew,Pierson,2024-11-27T03:32:13.699Z
test,2024-11-27T03:32:52.345Z,test,123,test,test,2024-11-27T03:33:04.180Z
[2024-12-06T03:35:07.618+0000] {logging_mixin.py:190} INFO - INSERT INTO stage.user_profile (companyName, createdTs, companyIndustry, modifiedTs, uid, firstName, lastName) VALUES ("HowAgile", "2024-11-27T03:32:35.673Z", "Software", "SXlsF8PaDXRrqhbYR0FHYwABoJz2", "Andrew", "Pierson", "2024-11-27T03:32:13.699Z"); INSERT INTO stage.user_profile (companyName, createdTs, companyIndustry, modifiedTs, uid, firstName, lastName) VALUES ("test", "2024-11-27T03:32:52.345Z", "test", "123", "test", "test", "2024-11-27T03:33:04.180Z");
[2024-12-06T03:35:07.620+0000] {python.py:240} INFO - Done. Returned value was: None
[2024-12-06T03:35:07.631+0000] {taskinstance.py:340} INFO - ::group::Post task execution logs
[2024-12-06T03:35:07.632+0000] {taskinstance.py:352} INFO - Marking task as SUCCESS. dag_id=firestore_to_s3_to_rds, task_id=read_s3_file_into_string, run_id=manual__2024-12-06T03:34:51.558062+00:00, execution_date=20241206T033451, start_date=20241206T033506, end_date=20241206T033507
[2024-12-06T03:35:07.643+0000] {logging_mixin.py:190} INFO - Task instance in success state
[2024-12-06T03:35:07.643+0000] {logging_mixin.py:190} INFO -  Previous state of the Task instance: running
[2024-12-06T03:35:07.643+0000] {logging_mixin.py:190} INFO - Dag name:firestore_to_s3_to_rds queued_at:2024-12-06 03:34:51.571958+00:00
[2024-12-06T03:35:07.644+0000] {logging_mixin.py:190} INFO - Task hostname:4b3a7f9b2751 operator:PythonOperator
[2024-12-06T03:35:07.688+0000] {local_task_job_runner.py:266} INFO - Task exited with return code 0
[2024-12-06T03:35:07.709+0000] {taskinstance.py:3895} INFO - 0 downstream tasks scheduled from follow-on schedule check
[2024-12-06T03:35:07.712+0000] {local_task_job_runner.py:245} INFO - ::endgroup::
