[2024-12-06T01:10:08.194+0000] {local_task_job_runner.py:123} INFO - ::group::Pre task execution logs
[2024-12-06T01:10:08.217+0000] {taskinstance.py:2613} INFO - Dependencies all met for dep_context=non-requeueable deps ti=<TaskInstance: firestore_to_s3.transform_and_upload_to_s3 manual__2024-12-06T01:10:02.704045+00:00 [queued]>
[2024-12-06T01:10:08.228+0000] {taskinstance.py:2613} INFO - Dependencies all met for dep_context=requeueable deps ti=<TaskInstance: firestore_to_s3.transform_and_upload_to_s3 manual__2024-12-06T01:10:02.704045+00:00 [queued]>
[2024-12-06T01:10:08.229+0000] {taskinstance.py:2866} INFO - Starting attempt 1 of 1
[2024-12-06T01:10:08.259+0000] {taskinstance.py:2889} INFO - Executing <Task(PythonOperator): transform_and_upload_to_s3> on 2024-12-06 01:10:02.704045+00:00
[2024-12-06T01:10:08.266+0000] {warnings.py:112} WARNING - /home/***/.local/lib/python3.12/site-packages/***/task/task_runner/standard_task_runner.py:70: DeprecationWarning: This process (pid=3094) is multi-threaded, use of fork() may lead to deadlocks in the child.
  pid = os.fork()

[2024-12-06T01:10:08.268+0000] {standard_task_runner.py:72} INFO - Started process 3097 to run task
[2024-12-06T01:10:08.270+0000] {standard_task_runner.py:104} INFO - Running: ['***', 'tasks', 'run', 'firestore_to_s3', 'transform_and_upload_to_s3', 'manual__2024-12-06T01:10:02.704045+00:00', '--job-id', '219', '--raw', '--subdir', 'DAGS_FOLDER/firebase_to_s3_to_rds.py', '--cfg-path', '/tmp/tmpc8nbzht9']
[2024-12-06T01:10:08.272+0000] {standard_task_runner.py:105} INFO - Job 219: Subtask transform_and_upload_to_s3
[2024-12-06T01:10:08.332+0000] {task_command.py:467} INFO - Running <TaskInstance: firestore_to_s3.transform_and_upload_to_s3 manual__2024-12-06T01:10:02.704045+00:00 [running]> on host 4b3a7f9b2751
[2024-12-06T01:10:08.447+0000] {taskinstance.py:3132} INFO - Exporting env vars: AIRFLOW_CTX_DAG_OWNER='***' AIRFLOW_CTX_DAG_ID='firestore_to_s3' AIRFLOW_CTX_TASK_ID='transform_and_upload_to_s3' AIRFLOW_CTX_EXECUTION_DATE='2024-12-06T01:10:02.704045+00:00' AIRFLOW_CTX_TRY_NUMBER='1' AIRFLOW_CTX_DAG_RUN_ID='manual__2024-12-06T01:10:02.704045+00:00'
[2024-12-06T01:10:08.449+0000] {logging_mixin.py:190} INFO - Task instance is in running state
[2024-12-06T01:10:08.449+0000] {logging_mixin.py:190} INFO -  Previous state of the Task instance: queued
[2024-12-06T01:10:08.450+0000] {logging_mixin.py:190} INFO - Current task name:transform_and_upload_to_s3 state:running start_date:2024-12-06 01:10:08.218386+00:00
[2024-12-06T01:10:08.450+0000] {logging_mixin.py:190} INFO - Dag name:firestore_to_s3 and current dag run status:running
[2024-12-06T01:10:08.450+0000] {taskinstance.py:731} INFO - ::endgroup::
[2024-12-06T01:10:08.475+0000] {python.py:240} INFO - Done. Returned value was: None
[2024-12-06T01:10:08.785+0000] {taskinstance.py:340} INFO - ::group::Post task execution logs
[2024-12-06T01:10:08.786+0000] {taskinstance.py:352} INFO - Marking task as SUCCESS. dag_id=firestore_to_s3, task_id=transform_and_upload_to_s3, run_id=manual__2024-12-06T01:10:02.704045+00:00, execution_date=20241206T011002, start_date=20241206T011008, end_date=20241206T011008
[2024-12-06T01:10:08.798+0000] {logging_mixin.py:190} INFO - Task instance in success state
[2024-12-06T01:10:08.798+0000] {logging_mixin.py:190} INFO -  Previous state of the Task instance: running
[2024-12-06T01:10:08.799+0000] {logging_mixin.py:190} INFO - Dag name:firestore_to_s3 queued_at:2024-12-06 01:10:02.721355+00:00
[2024-12-06T01:10:08.799+0000] {logging_mixin.py:190} INFO - Task hostname:4b3a7f9b2751 operator:PythonOperator
[2024-12-06T01:10:08.846+0000] {local_task_job_runner.py:266} INFO - Task exited with return code 0
[2024-12-06T01:10:08.869+0000] {taskinstance.py:3895} INFO - 1 downstream tasks scheduled from follow-on schedule check
[2024-12-06T01:10:08.871+0000] {local_task_job_runner.py:245} INFO - ::endgroup::
