[2024-12-06T03:42:57.491+0000] {local_task_job_runner.py:123} INFO - ::group::Pre task execution logs
[2024-12-06T03:42:57.512+0000] {taskinstance.py:2613} INFO - Dependencies all met for dep_context=non-requeueable deps ti=<TaskInstance: firestore_to_s3_to_rds.read_s3_file_into_string manual__2024-12-06T03:42:40.753944+00:00 [queued]>
[2024-12-06T03:42:57.522+0000] {taskinstance.py:2613} INFO - Dependencies all met for dep_context=requeueable deps ti=<TaskInstance: firestore_to_s3_to_rds.read_s3_file_into_string manual__2024-12-06T03:42:40.753944+00:00 [queued]>
[2024-12-06T03:42:57.522+0000] {taskinstance.py:2866} INFO - Starting attempt 1 of 1
[2024-12-06T03:42:57.536+0000] {taskinstance.py:2889} INFO - Executing <Task(PythonOperator): read_s3_file_into_string> on 2024-12-06 03:42:40.753944+00:00
[2024-12-06T03:42:57.541+0000] {warnings.py:112} WARNING - /home/***/.local/lib/python3.12/site-packages/***/task/task_runner/standard_task_runner.py:70: DeprecationWarning: This process (pid=5279) is multi-threaded, use of fork() may lead to deadlocks in the child.
  pid = os.fork()

[2024-12-06T03:42:57.543+0000] {standard_task_runner.py:72} INFO - Started process 5281 to run task
[2024-12-06T03:42:57.544+0000] {standard_task_runner.py:104} INFO - Running: ['***', 'tasks', 'run', 'firestore_to_s3_to_rds', 'read_s3_file_into_string', 'manual__2024-12-06T03:42:40.753944+00:00', '--job-id', '270', '--raw', '--subdir', 'DAGS_FOLDER/firebase_to_s3_to_rds.py', '--cfg-path', '/tmp/tmprlqv_rwo']
[2024-12-06T03:42:57.546+0000] {standard_task_runner.py:105} INFO - Job 270: Subtask read_s3_file_into_string
[2024-12-06T03:42:57.594+0000] {task_command.py:467} INFO - Running <TaskInstance: firestore_to_s3_to_rds.read_s3_file_into_string manual__2024-12-06T03:42:40.753944+00:00 [running]> on host 4b3a7f9b2751
[2024-12-06T03:42:57.881+0000] {taskinstance.py:3132} INFO - Exporting env vars: AIRFLOW_CTX_DAG_OWNER='***' AIRFLOW_CTX_DAG_ID='firestore_to_s3_to_rds' AIRFLOW_CTX_TASK_ID='read_s3_file_into_string' AIRFLOW_CTX_EXECUTION_DATE='2024-12-06T03:42:40.753944+00:00' AIRFLOW_CTX_TRY_NUMBER='1' AIRFLOW_CTX_DAG_RUN_ID='manual__2024-12-06T03:42:40.753944+00:00'
[2024-12-06T03:42:57.882+0000] {logging_mixin.py:190} INFO - Task instance is in running state
[2024-12-06T03:42:57.883+0000] {logging_mixin.py:190} INFO -  Previous state of the Task instance: queued
[2024-12-06T03:42:57.884+0000] {logging_mixin.py:190} INFO - Current task name:read_s3_file_into_string state:running start_date:2024-12-06 03:42:57.513297+00:00
[2024-12-06T03:42:57.884+0000] {logging_mixin.py:190} INFO - Dag name:firestore_to_s3_to_rds and current dag run status:running
[2024-12-06T03:42:57.884+0000] {taskinstance.py:731} INFO - ::endgroup::
[2024-12-06T03:42:57.894+0000] {base.py:84} INFO - Retrieving connection 's3_conn'
[2024-12-06T03:42:58.311+0000] {logging_mixin.py:190} INFO - modifiedTs,createdTs,uid,lastName,firstName,companyIndustry,companyName
2024-11-27T03:32:13.699Z,2024-11-27T03:32:35.673Z,SXlsF8PaDXRrqhbYR0FHYwABoJz2,Pierson,Andrew,Software,HowAgile
2024-11-27T03:33:04.180Z,2024-11-27T03:32:52.345Z,123,test,test,test,test
[2024-12-06T03:42:58.312+0000] {logging_mixin.py:190} INFO - INSERT INTO stage.user_profile (companyName, companyIndustry, createdTs, uid, firstName, lastName, modifiedTs) VALUES ("2024-11-27T03:32:13.699Z", "2024-11-27T03:32:35.673Z", "SXlsF8PaDXRrqhbYR0FHYwABoJz2", "Pierson", "Andrew", "Software", "HowAgile"); INSERT INTO stage.user_profile (companyName, companyIndustry, createdTs, uid, firstName, lastName, modifiedTs) VALUES ("2024-11-27T03:33:04.180Z", "2024-11-27T03:32:52.345Z", "123", "test", "test", "test", "test");
[2024-12-06T03:42:58.314+0000] {python.py:240} INFO - Done. Returned value was: None
[2024-12-06T03:42:58.324+0000] {taskinstance.py:340} INFO - ::group::Post task execution logs
[2024-12-06T03:42:58.325+0000] {taskinstance.py:352} INFO - Marking task as SUCCESS. dag_id=firestore_to_s3_to_rds, task_id=read_s3_file_into_string, run_id=manual__2024-12-06T03:42:40.753944+00:00, execution_date=20241206T034240, start_date=20241206T034257, end_date=20241206T034258
[2024-12-06T03:42:58.336+0000] {logging_mixin.py:190} INFO - Task instance in success state
[2024-12-06T03:42:58.337+0000] {logging_mixin.py:190} INFO -  Previous state of the Task instance: running
[2024-12-06T03:42:58.337+0000] {logging_mixin.py:190} INFO - Dag name:firestore_to_s3_to_rds queued_at:2024-12-06 03:42:40.768081+00:00
[2024-12-06T03:42:58.338+0000] {logging_mixin.py:190} INFO - Task hostname:4b3a7f9b2751 operator:PythonOperator
[2024-12-06T03:42:58.359+0000] {local_task_job_runner.py:266} INFO - Task exited with return code 0
[2024-12-06T03:42:58.389+0000] {taskinstance.py:3895} INFO - 1 downstream tasks scheduled from follow-on schedule check
[2024-12-06T03:42:58.391+0000] {local_task_job_runner.py:245} INFO - ::endgroup::
