[2024-12-06T03:16:28.852+0000] {local_task_job_runner.py:123} INFO - ::group::Pre task execution logs
[2024-12-06T03:16:28.869+0000] {taskinstance.py:2613} INFO - Dependencies all met for dep_context=non-requeueable deps ti=<TaskInstance: firestore_to_s3_to_rds.truncate_mysql manual__2024-12-06T03:16:16.647813+00:00 [queued]>
[2024-12-06T03:16:28.877+0000] {taskinstance.py:2613} INFO - Dependencies all met for dep_context=requeueable deps ti=<TaskInstance: firestore_to_s3_to_rds.truncate_mysql manual__2024-12-06T03:16:16.647813+00:00 [queued]>
[2024-12-06T03:16:28.879+0000] {taskinstance.py:2866} INFO - Starting attempt 1 of 1
[2024-12-06T03:16:28.892+0000] {taskinstance.py:2889} INFO - Executing <Task(SQLExecuteQueryOperator): truncate_mysql> on 2024-12-06 03:16:16.647813+00:00
[2024-12-06T03:16:28.899+0000] {warnings.py:112} WARNING - /home/***/.local/lib/python3.12/site-packages/***/task/task_runner/standard_task_runner.py:70: DeprecationWarning: This process (pid=4838) is multi-threaded, use of fork() may lead to deadlocks in the child.
  pid = os.fork()

[2024-12-06T03:16:28.900+0000] {standard_task_runner.py:72} INFO - Started process 4840 to run task
[2024-12-06T03:16:28.901+0000] {standard_task_runner.py:104} INFO - Running: ['***', 'tasks', 'run', 'firestore_to_s3_to_rds', 'truncate_mysql', 'manual__2024-12-06T03:16:16.647813+00:00', '--job-id', '246', '--raw', '--subdir', 'DAGS_FOLDER/firebase_to_s3_to_rds.py', '--cfg-path', '/tmp/tmpx6kvos67']
[2024-12-06T03:16:28.902+0000] {standard_task_runner.py:105} INFO - Job 246: Subtask truncate_mysql
[2024-12-06T03:16:28.948+0000] {task_command.py:467} INFO - Running <TaskInstance: firestore_to_s3_to_rds.truncate_mysql manual__2024-12-06T03:16:16.647813+00:00 [running]> on host 4b3a7f9b2751
[2024-12-06T03:16:29.205+0000] {taskinstance.py:3132} INFO - Exporting env vars: AIRFLOW_CTX_DAG_OWNER='***' AIRFLOW_CTX_DAG_ID='firestore_to_s3_to_rds' AIRFLOW_CTX_TASK_ID='truncate_mysql' AIRFLOW_CTX_EXECUTION_DATE='2024-12-06T03:16:16.647813+00:00' AIRFLOW_CTX_TRY_NUMBER='1' AIRFLOW_CTX_DAG_RUN_ID='manual__2024-12-06T03:16:16.647813+00:00'
[2024-12-06T03:16:29.206+0000] {logging_mixin.py:190} INFO - Task instance is in running state
[2024-12-06T03:16:29.206+0000] {logging_mixin.py:190} INFO -  Previous state of the Task instance: queued
[2024-12-06T03:16:29.207+0000] {logging_mixin.py:190} INFO - Current task name:truncate_mysql state:running start_date:2024-12-06 03:16:28.870076+00:00
[2024-12-06T03:16:29.207+0000] {logging_mixin.py:190} INFO - Dag name:firestore_to_s3_to_rds and current dag run status:running
[2024-12-06T03:16:29.208+0000] {taskinstance.py:731} INFO - ::endgroup::
[2024-12-06T03:16:29.208+0000] {sql.py:278} INFO - Executing: TRUNCATE TABLE stage.user_profile;
[2024-12-06T03:16:29.217+0000] {base.py:84} INFO - Retrieving connection 'mysql_conn'
[2024-12-06T03:16:29.225+0000] {base.py:84} INFO - Retrieving connection 'mysql_conn'
[2024-12-06T03:16:29.551+0000] {sql.py:544} INFO - Running statement: TRUNCATE TABLE stage.user_profile;, parameters: None
[2024-12-06T03:16:29.626+0000] {sql.py:553} INFO - Rows affected: 0
[2024-12-06T03:16:29.681+0000] {taskinstance.py:340} INFO - ::group::Post task execution logs
[2024-12-06T03:16:29.681+0000] {taskinstance.py:352} INFO - Marking task as SUCCESS. dag_id=firestore_to_s3_to_rds, task_id=truncate_mysql, run_id=manual__2024-12-06T03:16:16.647813+00:00, execution_date=20241206T031616, start_date=20241206T031628, end_date=20241206T031629
[2024-12-06T03:16:29.698+0000] {logging_mixin.py:190} INFO - Task instance in success state
[2024-12-06T03:16:29.698+0000] {logging_mixin.py:190} INFO -  Previous state of the Task instance: running
[2024-12-06T03:16:29.699+0000] {logging_mixin.py:190} INFO - Dag name:firestore_to_s3_to_rds queued_at:2024-12-06 03:16:16.663635+00:00
[2024-12-06T03:16:29.699+0000] {logging_mixin.py:190} INFO - Task hostname:4b3a7f9b2751 operator:SQLExecuteQueryOperator
[2024-12-06T03:16:29.757+0000] {local_task_job_runner.py:266} INFO - Task exited with return code 0
[2024-12-06T03:16:29.784+0000] {taskinstance.py:3895} INFO - 1 downstream tasks scheduled from follow-on schedule check
[2024-12-06T03:16:29.787+0000] {local_task_job_runner.py:245} INFO - ::endgroup::
