[2024-12-06T03:37:37.933+0000] {local_task_job_runner.py:123} INFO - ::group::Pre task execution logs
[2024-12-06T03:37:37.950+0000] {taskinstance.py:2613} INFO - Dependencies all met for dep_context=non-requeueable deps ti=<TaskInstance: firestore_to_s3_to_rds.upload_to_s3 manual__2024-12-06T03:37:29.718862+00:00 [queued]>
[2024-12-06T03:37:37.958+0000] {taskinstance.py:2613} INFO - Dependencies all met for dep_context=requeueable deps ti=<TaskInstance: firestore_to_s3_to_rds.upload_to_s3 manual__2024-12-06T03:37:29.718862+00:00 [queued]>
[2024-12-06T03:37:37.960+0000] {taskinstance.py:2866} INFO - Starting attempt 1 of 1
[2024-12-06T03:37:37.975+0000] {taskinstance.py:2889} INFO - Executing <Task(S3CreateObjectOperator): upload_to_s3> on 2024-12-06 03:37:29.718862+00:00
[2024-12-06T03:37:37.981+0000] {warnings.py:112} WARNING - /home/***/.local/lib/python3.12/site-packages/***/task/task_runner/standard_task_runner.py:70: DeprecationWarning: This process (pid=5163) is multi-threaded, use of fork() may lead to deadlocks in the child.
  pid = os.fork()

[2024-12-06T03:37:37.983+0000] {standard_task_runner.py:72} INFO - Started process 5165 to run task
[2024-12-06T03:37:37.983+0000] {standard_task_runner.py:104} INFO - Running: ['***', 'tasks', 'run', 'firestore_to_s3_to_rds', 'upload_to_s3', 'manual__2024-12-06T03:37:29.718862+00:00', '--job-id', '260', '--raw', '--subdir', 'DAGS_FOLDER/firebase_to_s3_to_rds.py', '--cfg-path', '/tmp/tmpmejxv698']
[2024-12-06T03:37:37.984+0000] {standard_task_runner.py:105} INFO - Job 260: Subtask upload_to_s3
[2024-12-06T03:37:38.030+0000] {task_command.py:467} INFO - Running <TaskInstance: firestore_to_s3_to_rds.upload_to_s3 manual__2024-12-06T03:37:29.718862+00:00 [running]> on host 4b3a7f9b2751
[2024-12-06T03:37:38.307+0000] {taskinstance.py:3132} INFO - Exporting env vars: AIRFLOW_CTX_DAG_OWNER='***' AIRFLOW_CTX_DAG_ID='firestore_to_s3_to_rds' AIRFLOW_CTX_TASK_ID='upload_to_s3' AIRFLOW_CTX_EXECUTION_DATE='2024-12-06T03:37:29.718862+00:00' AIRFLOW_CTX_TRY_NUMBER='1' AIRFLOW_CTX_DAG_RUN_ID='manual__2024-12-06T03:37:29.718862+00:00'
[2024-12-06T03:37:38.308+0000] {logging_mixin.py:190} INFO - Task instance is in running state
[2024-12-06T03:37:38.309+0000] {logging_mixin.py:190} INFO -  Previous state of the Task instance: queued
[2024-12-06T03:37:38.309+0000] {logging_mixin.py:190} INFO - Current task name:upload_to_s3 state:running start_date:2024-12-06 03:37:37.950947+00:00
[2024-12-06T03:37:38.310+0000] {logging_mixin.py:190} INFO - Dag name:firestore_to_s3_to_rds and current dag run status:running
[2024-12-06T03:37:38.310+0000] {taskinstance.py:731} INFO - ::endgroup::
[2024-12-06T03:37:38.319+0000] {base.py:84} INFO - Retrieving connection 's3_conn'
[2024-12-06T03:37:38.319+0000] {connection_wrapper.py:325} INFO - AWS Connection (conn_id='s3_conn', conn_type='aws') credentials retrieved from login and password.
[2024-12-06T03:37:39.490+0000] {taskinstance.py:340} INFO - ::group::Post task execution logs
[2024-12-06T03:37:39.491+0000] {taskinstance.py:352} INFO - Marking task as SUCCESS. dag_id=firestore_to_s3_to_rds, task_id=upload_to_s3, run_id=manual__2024-12-06T03:37:29.718862+00:00, execution_date=20241206T033729, start_date=20241206T033737, end_date=20241206T033739
[2024-12-06T03:37:39.502+0000] {logging_mixin.py:190} INFO - Task instance in success state
[2024-12-06T03:37:39.503+0000] {logging_mixin.py:190} INFO -  Previous state of the Task instance: running
[2024-12-06T03:37:39.504+0000] {logging_mixin.py:190} INFO - Dag name:firestore_to_s3_to_rds queued_at:2024-12-06 03:37:29.732070+00:00
[2024-12-06T03:37:39.504+0000] {logging_mixin.py:190} INFO - Task hostname:4b3a7f9b2751 operator:S3CreateObjectOperator
[2024-12-06T03:37:39.523+0000] {local_task_job_runner.py:266} INFO - Task exited with return code 0
[2024-12-06T03:37:39.696+0000] {taskinstance.py:3895} INFO - 1 downstream tasks scheduled from follow-on schedule check
[2024-12-06T03:37:39.699+0000] {local_task_job_runner.py:245} INFO - ::endgroup::
