[2024-12-06T00:49:55.057+0000] {local_task_job_runner.py:123} INFO - ::group::Pre task execution logs
[2024-12-06T00:49:55.073+0000] {taskinstance.py:2613} INFO - Dependencies all met for dep_context=non-requeueable deps ti=<TaskInstance: firestore_to_s3_to_rd.fetch_firestore_data manual__2024-12-06T00:49:53.165788+00:00 [queued]>
[2024-12-06T00:49:55.082+0000] {taskinstance.py:2613} INFO - Dependencies all met for dep_context=requeueable deps ti=<TaskInstance: firestore_to_s3_to_rd.fetch_firestore_data manual__2024-12-06T00:49:53.165788+00:00 [queued]>
[2024-12-06T00:49:55.083+0000] {taskinstance.py:2866} INFO - Starting attempt 1 of 1
[2024-12-06T00:49:55.097+0000] {taskinstance.py:2889} INFO - Executing <Task(PythonOperator): fetch_firestore_data> on 2024-12-06 00:49:53.165788+00:00
[2024-12-06T00:49:55.101+0000] {warnings.py:112} WARNING - /home/***/.local/lib/python3.12/site-packages/***/task/task_runner/standard_task_runner.py:70: DeprecationWarning: This process (pid=2805) is multi-threaded, use of fork() may lead to deadlocks in the child.
  pid = os.fork()

[2024-12-06T00:49:55.103+0000] {standard_task_runner.py:72} INFO - Started process 2807 to run task
[2024-12-06T00:49:55.104+0000] {standard_task_runner.py:104} INFO - Running: ['***', 'tasks', 'run', 'firestore_to_s3_to_rd', 'fetch_firestore_data', 'manual__2024-12-06T00:49:53.165788+00:00', '--job-id', '213', '--raw', '--subdir', 'DAGS_FOLDER/firebase_to_s3_to_rds.py', '--cfg-path', '/tmp/tmp65o3yu8t']
[2024-12-06T00:49:55.105+0000] {standard_task_runner.py:105} INFO - Job 213: Subtask fetch_firestore_data
[2024-12-06T00:49:55.150+0000] {task_command.py:467} INFO - Running <TaskInstance: firestore_to_s3_to_rd.fetch_firestore_data manual__2024-12-06T00:49:53.165788+00:00 [running]> on host 4b3a7f9b2751
[2024-12-06T00:49:55.251+0000] {taskinstance.py:3132} INFO - Exporting env vars: AIRFLOW_CTX_DAG_OWNER='***' AIRFLOW_CTX_DAG_ID='firestore_to_s3_to_rd' AIRFLOW_CTX_TASK_ID='fetch_firestore_data' AIRFLOW_CTX_EXECUTION_DATE='2024-12-06T00:49:53.165788+00:00' AIRFLOW_CTX_TRY_NUMBER='1' AIRFLOW_CTX_DAG_RUN_ID='manual__2024-12-06T00:49:53.165788+00:00'
[2024-12-06T00:49:55.252+0000] {logging_mixin.py:190} INFO - Task instance is in running state
[2024-12-06T00:49:55.253+0000] {logging_mixin.py:190} INFO -  Previous state of the Task instance: queued
[2024-12-06T00:49:55.253+0000] {logging_mixin.py:190} INFO - Current task name:fetch_firestore_data state:running start_date:2024-12-06 00:49:55.074303+00:00
[2024-12-06T00:49:55.254+0000] {logging_mixin.py:190} INFO - Dag name:firestore_to_s3_to_rd and current dag run status:running
[2024-12-06T00:49:55.254+0000] {taskinstance.py:731} INFO - ::endgroup::
[2024-12-06T00:49:55.861+0000] {python.py:240} INFO - Done. Returned value was: None
[2024-12-06T00:49:55.869+0000] {taskinstance.py:340} INFO - ::group::Post task execution logs
[2024-12-06T00:49:55.870+0000] {taskinstance.py:352} INFO - Marking task as SUCCESS. dag_id=firestore_to_s3_to_rd, task_id=fetch_firestore_data, run_id=manual__2024-12-06T00:49:53.165788+00:00, execution_date=20241206T004953, start_date=20241206T004955, end_date=20241206T004955
[2024-12-06T00:49:55.882+0000] {logging_mixin.py:190} INFO - Task instance in success state
[2024-12-06T00:49:55.883+0000] {logging_mixin.py:190} INFO -  Previous state of the Task instance: running
[2024-12-06T00:49:55.883+0000] {logging_mixin.py:190} INFO - Dag name:firestore_to_s3_to_rd queued_at:2024-12-06 00:49:53.175532+00:00
[2024-12-06T00:49:55.884+0000] {logging_mixin.py:190} INFO - Task hostname:4b3a7f9b2751 operator:PythonOperator
[2024-12-06T00:49:55.919+0000] {local_task_job_runner.py:266} INFO - Task exited with return code 0
[2024-12-06T00:49:55.945+0000] {taskinstance.py:3895} INFO - 1 downstream tasks scheduled from follow-on schedule check
[2024-12-06T00:49:55.947+0000] {local_task_job_runner.py:245} INFO - ::endgroup::
